<?xml version="1.0" encoding="utf-8"?>
<assemblies>
  <assembly name="NLog.UnitTests.dll" environment="32-bit .NET (unknown version) [collection-per-class, parallel (4 threads)]" test-framework="xUnit.net 2.1.0.3179" run-date="2016-01-03" run-time="21:20:26" total="829" passed="825" failed="0" skipped="4" time="79.965" errors="0">
    <errors />
    <collection total="820" passed="816" failed="0" skipped="4" name="dont run in parallel" time="79.537">
      <test name="NLog.UnitTests.AsyncHelperTests.ContinuationErrorTimeoutNotHitTest" type="NLog.UnitTests.AsyncHelperTests" method="ContinuationErrorTimeoutNotHitTest" time="1.00684" result="Pass" />
      <test name="NLog.UnitTests.AsyncHelperTests.ForEachItemSequentiallyTest2" type="NLog.UnitTests.AsyncHelperTests" method="ForEachItemSequentiallyTest2" time="0.0041621" result="Pass" />
      <test name="NLog.UnitTests.AsyncHelperTests.ForEachItemInParallelEmptyTest" type="NLog.UnitTests.AsyncHelperTests" method="ForEachItemInParallelEmptyTest" time="0.004534" result="Pass" />
      <test name="NLog.UnitTests.AsyncHelperTests.OneTimeOnlyExceptionInHandlerTest_RethrowExceptionEnabled" type="NLog.UnitTests.AsyncHelperTests" method="OneTimeOnlyExceptionInHandlerTest_RethrowExceptionEnabled" time="0.0018671" result="Pass" />
      <test name="NLog.UnitTests.AsyncHelperTests.OneTimeOnlyTest2" type="NLog.UnitTests.AsyncHelperTests" method="OneTimeOnlyTest2" time="0.0004413" result="Pass" />
      <test name="NLog.UnitTests.AsyncHelperTests.ContinuationTimeoutTest" type="NLog.UnitTests.AsyncHelperTests" method="ContinuationTimeoutTest" time="0.0136284" result="Pass" />
      <test name="NLog.UnitTests.AsyncHelperTests.ContinuationTimeoutNotHitTest" type="NLog.UnitTests.AsyncHelperTests" method="ContinuationTimeoutNotHitTest" time="1.0011511" result="Pass" />
      <test name="NLog.UnitTests.AsyncHelperTests.RepeatTest2" type="NLog.UnitTests.AsyncHelperTests" method="RepeatTest2" time="0.0041337" result="Pass" />
      <test name="NLog.UnitTests.AsyncHelperTests.OneTimeOnlyTest1" type="NLog.UnitTests.AsyncHelperTests" method="OneTimeOnlyTest1" time="0.0007603" result="Pass" />
      <test name="NLog.UnitTests.AsyncHelperTests.RepeatTest1" type="NLog.UnitTests.AsyncHelperTests" method="RepeatTest1" time="0.0016491" result="Pass" />
      <test name="NLog.UnitTests.AsyncHelperTests.OneTimeOnlyExceptionInHandlerTest" type="NLog.UnitTests.AsyncHelperTests" method="OneTimeOnlyExceptionInHandlerTest" time="0.0020637" result="Pass" />
      <test name="NLog.UnitTests.AsyncHelperTests.RepeatTest3" type="NLog.UnitTests.AsyncHelperTests" method="RepeatTest3" time="0.0016142" result="Pass" />
      <test name="NLog.UnitTests.AsyncHelperTests.PrecededByTest1" type="NLog.UnitTests.AsyncHelperTests" method="PrecededByTest1" time="0.0028167" result="Pass" />
      <test name="NLog.UnitTests.AsyncHelperTests.ForEachItemInParallelMultipleFailuresTest" type="NLog.UnitTests.AsyncHelperTests" method="ForEachItemInParallelMultipleFailuresTest" time="0.0142537" result="Pass" />
      <test name="NLog.UnitTests.AsyncHelperTests.ForEachItemInParallelSingleFailureTest" type="NLog.UnitTests.AsyncHelperTests" method="ForEachItemInParallelSingleFailureTest" time="0.1417436" result="Pass" />
      <test name="NLog.UnitTests.AsyncHelperTests.ForEachItemSequentiallyTest1" type="NLog.UnitTests.AsyncHelperTests" method="ForEachItemSequentiallyTest1" time="0.0005254" result="Pass" />
      <test name="NLog.UnitTests.AsyncHelperTests.ForEachItemInParallelTest" type="NLog.UnitTests.AsyncHelperTests" method="ForEachItemInParallelTest" time="0.0009721" result="Pass" />
      <test name="NLog.UnitTests.AsyncHelperTests.ForEachItemSequentiallyTest3" type="NLog.UnitTests.AsyncHelperTests" method="ForEachItemSequentiallyTest3" time="0.0006469" result="Pass" />
      <test name="NLog.UnitTests.AsyncHelperTests.PrecededByTest2" type="NLog.UnitTests.AsyncHelperTests" method="PrecededByTest2" time="0.000472" result="Pass" />
      <test name="NLog.UnitTests.GetLoggerTests.GenericGetLoggerTest" type="NLog.UnitTests.GetLoggerTests" method="GenericGetLoggerTest" time="0.0070494" result="Pass" />
      <test name="NLog.UnitTests.GetLoggerTests.TypedGetLoggerTest" type="NLog.UnitTests.GetLoggerTests" method="TypedGetLoggerTest" time="0.0007426" result="Pass" />
      <test name="NLog.UnitTests.GetLoggerTests.GenericGetCurrentClassLoggerTest" type="NLog.UnitTests.GetLoggerTests" method="GenericGetCurrentClassLoggerTest" time="0.0014545" result="Pass" />
      <test name="NLog.UnitTests.GetLoggerTests.InvalidLoggerConfiguration_ThrowsConfigurationException_IfThrowExceptionsFlagIsSet" type="NLog.UnitTests.GetLoggerTests" method="InvalidLoggerConfiguration_ThrowsConfigurationException_IfThrowExceptionsFlagIsSet" time="0.0010849" result="Pass" />
      <test name="NLog.UnitTests.GetLoggerTests.TypedGetCurrentClassLoggerTest" type="NLog.UnitTests.GetLoggerTests" method="TypedGetCurrentClassLoggerTest" time="0.0013021" result="Pass" />
      <test name="NLog.UnitTests.GetLoggerTests.InvalidLoggerConfiguration_ThrowsConfigurationException_IfThrowExceptionsFlagIsNotSet" type="NLog.UnitTests.GetLoggerTests" method="InvalidLoggerConfiguration_ThrowsConfigurationException_IfThrowExceptionsFlagIsNotSet" time="0.0005188" result="Pass" />
      <test name="NLog.UnitTests.GetLoggerTests.GetCurrentClassLoggerTest" type="NLog.UnitTests.GetLoggerTests" method="GetCurrentClassLoggerTest" time="0.0004621" result="Pass" />
      <test name="NLog.UnitTests.LogFactoryTests.ReloadConfigOnTimer_When_No_Exception_Raises_ConfigurationReloadedEvent_With_Correct_Sender" type="NLog.UnitTests.LogFactoryTests" method="ReloadConfigOnTimer_When_No_Exception_Raises_ConfigurationReloadedEvent_With_Correct_Sender" time="0.0107201" result="Pass" />
      <test name="NLog.UnitTests.LogFactoryTests.InvalidXMLConfiguration_DoesNotThrowErrorWhen_ThrowExceptionFlagIsNotSet" type="NLog.UnitTests.LogFactoryTests" method="InvalidXMLConfiguration_DoesNotThrowErrorWhen_ThrowExceptionFlagIsNotSet" time="0.0094257" result="Pass" />
      <test name="NLog.UnitTests.LogFactoryTests.ReloadConfigOnTimer_DoesNotThrowConfigException_IfConfigReloadReturnsNull" type="NLog.UnitTests.LogFactoryTests" method="ReloadConfigOnTimer_DoesNotThrowConfigException_IfConfigReloadReturnsNull" time="0.0004605" result="Pass" />
      <test name="NLog.UnitTests.LogFactoryTests.EnableAndDisableLogging" type="NLog.UnitTests.LogFactoryTests" method="EnableAndDisableLogging" time="0.000647" result="Pass" />
      <test name="NLog.UnitTests.LogFactoryTests.SuspendAndResumeLogging_InOrder" type="NLog.UnitTests.LogFactoryTests" method="SuspendAndResumeLogging_InOrder" time="0.0004376" result="Pass" />
      <test name="NLog.UnitTests.LogFactoryTests.SuspendAndResumeLogging_OutOfOrder" type="NLog.UnitTests.LogFactoryTests" method="SuspendAndResumeLogging_OutOfOrder" time="0.0001412" result="Pass" />
      <test name="NLog.UnitTests.LogFactoryTests.ReloadConfigOnTimer_When_No_Exception_Raises_ConfigurationReloadedEvent_With_Argument_Indicating_Success" type="NLog.UnitTests.LogFactoryTests" method="ReloadConfigOnTimer_When_No_Exception_Raises_ConfigurationReloadedEvent_With_Argument_Indicating_Success" time="0.0003915" result="Pass" />
      <test name="NLog.UnitTests.LogFactoryTests.ReloadConfigOnTimer_DoesNotThrowConfigException_IfConfigChangedInBetween" type="NLog.UnitTests.LogFactoryTests" method="ReloadConfigOnTimer_DoesNotThrowConfigException_IfConfigChangedInBetween" time="0.0002081" result="Pass" />
      <test name="NLog.UnitTests.LogFactoryTests.Flush_DoNotThrowExceptionsAndTimeout_DoesNotThrow" type="NLog.UnitTests.LogFactoryTests" method="Flush_DoNotThrowExceptionsAndTimeout_DoesNotThrow" time="0.0597482" result="Pass" />
      <test name="NLog.UnitTests.LogFactoryTests.ReloadConfigOnTimer_Raises_ConfigurationReloadedEvent" type="NLog.UnitTests.LogFactoryTests" method="ReloadConfigOnTimer_Raises_ConfigurationReloadedEvent" time="0.001516" result="Pass" />
      <test name="NLog.UnitTests.LogFactoryTests.InvalidXMLConfiguration_ThrowErrorWhen_ThrowExceptionFlagIsSet" type="NLog.UnitTests.LogFactoryTests" method="InvalidXMLConfiguration_ThrowErrorWhen_ThrowExceptionFlagIsSet" time="0.0003784" result="Pass" />
      <test name="NLog.UnitTests.LogFactoryTests.NewAttrOnNLogLevelShouldNotThrowError" type="NLog.UnitTests.LogFactoryTests" method="NewAttrOnNLogLevelShouldNotThrowError" time="0.0189392" result="Pass" />
      <test name="NLog.UnitTests.LoggerTests.DebugTest" type="NLog.UnitTests.LoggerTests" method="DebugTest" time="0.0194886" result="Pass" />
      <test name="NLog.UnitTests.LoggerTests.StringFormatWillNotCauseExceptions" type="NLog.UnitTests.LoggerTests" method="StringFormatWillNotCauseExceptions" time="0.0019681" result="Pass" />
      <test name="NLog.UnitTests.LoggerTests.ConditionalDebugTest" type="NLog.UnitTests.LoggerTests" method="ConditionalDebugTest" time="0.0076645" result="Pass" />
      <test name="NLog.UnitTests.LoggerTests.SwallowTest" type="NLog.UnitTests.LoggerTests" method="SwallowTest" time="0.0047064" result="Pass" />
      <test name="NLog.UnitTests.LoggerTests.TraceTest" type="NLog.UnitTests.LoggerTests" method="TraceTest" time="0.0092032" result="Pass" />
      <test name="NLog.UnitTests.LoggerTests.ErrorTest" type="NLog.UnitTests.LoggerTests" method="ErrorTest" time="0.0092623" result="Pass" />
      <test name="NLog.UnitTests.LoggerTests.InfoTest" type="NLog.UnitTests.LoggerTests" method="InfoTest" time="0.0113609" result="Pass" />
      <test name="NLog.UnitTests.LoggerTests.LogTest" type="NLog.UnitTests.LoggerTests" method="LogTest" time="0.0156233" result="Pass" />
      <test name="NLog.UnitTests.LoggerTests.MultipleLoggersWithSameNameShouldBothReceiveMessages" type="NLog.UnitTests.LoggerTests" method="MultipleLoggersWithSameNameShouldBothReceiveMessages" time="0.0039264" result="Pass" />
      <test name="NLog.UnitTests.LoggerTests.ConditionalTraceTest" type="NLog.UnitTests.LoggerTests" method="ConditionalTraceTest" time="0.0102747" result="Pass" />
      <test name="NLog.UnitTests.LoggerTests.FatalTest" type="NLog.UnitTests.LoggerTests" method="FatalTest" time="0.0089355" result="Pass" />
      <test name="NLog.UnitTests.LoggerTests.When_Logging_LogEvent_Without_Level_Defined_No_Exception_Should_Be_Thrown" type="NLog.UnitTests.LoggerTests" method="When_Logging_LogEvent_Without_Level_Defined_No_Exception_Should_Be_Thrown" time="0.0039116" result="Pass" />
      <test name="NLog.UnitTests.LoggerTests.WarnTest" type="NLog.UnitTests.LoggerTests" method="WarnTest" time="0.0102833" result="Pass" />
      <test name="NLog.UnitTests.LogLevelTests.LogLevelCompareTo_ValidLevels_ExpectIntValues" type="NLog.UnitTests.LogLevelTests" method="LogLevelCompareTo_ValidLevels_ExpectIntValues" time="0.0009856" result="Pass">
        <traits>
          <trait name="Component" value="Core" />
        </traits>
      </test>
      <test name="NLog.UnitTests.LogLevelTests.LogLevelGetHashCode" type="NLog.UnitTests.LogLevelTests" method="LogLevelGetHashCode" time="0.0002816" result="Pass">
        <traits>
          <trait name="Component" value="Core" />
        </traits>
      </test>
      <test name="NLog.UnitTests.LogLevelTests.OrdinalTest" type="NLog.UnitTests.LogLevelTests" method="OrdinalTest" time="0.0004905" result="Pass">
        <traits>
          <trait name="Component" value="Core" />
        </traits>
      </test>
      <test name="NLog.UnitTests.LogLevelTests.LogLevelEqualityTest" type="NLog.UnitTests.LogLevelTests" method="LogLevelEqualityTest" time="0.0002766" result="Pass">
        <traits>
          <trait name="Component" value="Core" />
        </traits>
      </test>
      <test name="NLog.UnitTests.LogLevelTests.LogLevelFromOrdinal_InputOutOfRange_ExpectException" type="NLog.UnitTests.LogLevelTests" method="LogLevelFromOrdinal_InputOutOfRange_ExpectException" time="0.0012964" result="Pass">
        <traits>
          <trait name="Component" value="Core" />
        </traits>
      </test>
      <test name="NLog.UnitTests.LogLevelTests.ToStringTest" type="NLog.UnitTests.LogLevelTests" method="ToStringTest" time="0.000174" result="Pass">
        <traits>
          <trait name="Component" value="Core" />
        </traits>
      </test>
      <test name="NLog.UnitTests.LogLevelTests.FromStringTest" type="NLog.UnitTests.LogLevelTests" method="FromStringTest" time="0.0004659" result="Pass">
        <traits>
          <trait name="Component" value="Core" />
        </traits>
      </test>
      <test name="NLog.UnitTests.LogLevelTests.FromStringFailingTest" type="NLog.UnitTests.LogLevelTests" method="FromStringFailingTest" time="0.0006432" result="Pass">
        <traits>
          <trait name="Component" value="Core" />
        </traits>
      </test>
      <test name="NLog.UnitTests.LogLevelTests.LogLevelFromOrdinal_InputInRange_ExpectValidLevel" type="NLog.UnitTests.LogLevelTests" method="LogLevelFromOrdinal_InputInRange_ExpectValidLevel" time="0.000149" result="Pass">
        <traits>
          <trait name="Component" value="Core" />
        </traits>
      </test>
      <test name="NLog.UnitTests.LogLevelTests.LogLevelCompareTo_Null_ExpectException" type="NLog.UnitTests.LogLevelTests" method="LogLevelCompareTo_Null_ExpectException" time="0.0006982" result="Pass">
        <traits>
          <trait name="Component" value="Core" />
        </traits>
      </test>
      <test name="NLog.UnitTests.LogLevelTests.LogLevel_MinMaxLevels_ExpectConstantValues" type="NLog.UnitTests.LogLevelTests" method="LogLevel_MinMaxLevels_ExpectConstantValues" time="0.0001099" result="Pass">
        <traits>
          <trait name="Component" value="Core" />
        </traits>
      </test>
      <test name="NLog.UnitTests.LogLevelTests.LogLevelEqual_TypeOfLogLevel" type="NLog.UnitTests.LogLevelTests" method="LogLevelEqual_TypeOfLogLevel" time="0.0002606" result="Pass" />
      <test name="NLog.UnitTests.LogLevelTests.LogLevelNullComparison" type="NLog.UnitTests.LogLevelTests" method="LogLevelNullComparison" time="0.0001498" result="Pass">
        <traits>
          <trait name="Component" value="Core" />
        </traits>
      </test>
      <test name="NLog.UnitTests.LogLevelTests.LogLevelEqual_TypeOfObject" type="NLog.UnitTests.LogLevelTests" method="LogLevelEqual_TypeOfObject" time="0.0003213" result="Pass" />
      <test name="NLog.UnitTests.LogLevelTests.LogLevelEquals_Null_ExpectFalse" type="NLog.UnitTests.LogLevelTests" method="LogLevelEquals_Null_ExpectFalse" time="0.0001227" result="Pass">
        <traits>
          <trait name="Component" value="Core" />
        </traits>
      </test>
      <test name="NLog.UnitTests.LogManagerTests.DisableLoggingTest_WithoutUsingStatement" type="NLog.UnitTests.LogManagerTests" method="DisableLoggingTest_WithoutUsingStatement" time="0.0029518" result="Pass" />
      <test name="NLog.UnitTests.LogManagerTests.GetLoggerTest" type="NLog.UnitTests.LogManagerTests" method="GetLoggerTest" time="0.00019" result="Pass" />
      <test name="NLog.UnitTests.LogManagerTests.DisableLoggingTest_UsingStatement" type="NLog.UnitTests.LogManagerTests" method="DisableLoggingTest_UsingStatement" time="0.001369" result="Pass" />
      <test name="NLog.UnitTests.LogManagerTests.GetLogger_wrong_loggertype_should_continue" type="NLog.UnitTests.LogManagerTests" method="GetLogger_wrong_loggertype_should_continue" time="0.0005103" result="Pass" />
      <test name="NLog.UnitTests.LogManagerTests.ThrowExceptionsTest" type="NLog.UnitTests.LogManagerTests" method="ThrowExceptionsTest" time="0.0101852" result="Pass" />
      <test name="NLog.UnitTests.LogManagerTests.GetLogger_wrong_loggertype_should_continue_even_if_class_is_static" type="NLog.UnitTests.LogManagerTests" method="GetLogger_wrong_loggertype_should_continue_even_if_class_is_static" time="0.0010825" result="Pass" />
      <test name="NLog.UnitTests.LogManagerTests.GetCurrentClassLogger_abstract_class" type="NLog.UnitTests.LogManagerTests" method="GetCurrentClassLogger_abstract_class" time="0.0012423" result="Pass" />
      <test name="NLog.UnitTests.LogManagerTests.GarbageCollection2Test" type="NLog.UnitTests.LogManagerTests" method="GarbageCollection2Test" time="0.0717349" result="Pass" />
      <test name="NLog.UnitTests.LogManagerTests.NullLoggerTest" type="NLog.UnitTests.LogManagerTests" method="NullLoggerTest" time="0.0005496" result="Pass" />
      <test name="NLog.UnitTests.LogManagerTests.AutoReloadTest" type="NLog.UnitTests.LogManagerTests" method="AutoReloadTest" time="3.2287899" result="Pass" />
      <test name="NLog.UnitTests.LogManagerTests.GetCurrentClassLogger_static_class" type="NLog.UnitTests.LogManagerTests" method="GetCurrentClassLogger_static_class" time="0.0013481" result="Pass" />
      <test name="NLog.UnitTests.LogManagerTests.GarbageCollectionTest" type="NLog.UnitTests.LogManagerTests" method="GarbageCollectionTest" time="0.061025" result="Pass" />
      <test name="NLog.UnitTests.LogManagerTests.GivenCurrentClass_WhenGetCurrentClassLogger_ThenLoggerShouldBeCurrentClass" type="NLog.UnitTests.LogManagerTests" method="GivenCurrentClass_WhenGetCurrentClassLogger_ThenLoggerShouldBeCurrentClass" time="0.0003592" result="Pass" />
      <test name="NLog.UnitTests.NLogTraceListenerTests.TraceWriteNonDefaultLevelTest" type="NLog.UnitTests.NLogTraceListenerTests" method="TraceWriteNonDefaultLevelTest" time="0.0071779" result="Pass" />
      <test name="NLog.UnitTests.NLogTraceListenerTests.TraceWriteTest" type="NLog.UnitTests.NLogTraceListenerTests" method="TraceWriteTest" time="0.0051564" result="Pass" />
      <test name="NLog.UnitTests.NLogTraceListenerTests.TraceEventTests" type="NLog.UnitTests.NLogTraceListenerTests" method="TraceEventTests" time="0.0089646" result="Pass" />
      <test name="NLog.UnitTests.NLogTraceListenerTests.TraceConfiguration" type="NLog.UnitTests.NLogTraceListenerTests" method="TraceConfiguration" time="0.0018211" result="Pass" />
      <test name="NLog.UnitTests.NLogTraceListenerTests.ForceLogLevelTest" type="NLog.UnitTests.NLogTraceListenerTests" method="ForceLogLevelTest" time="0.007866" result="Pass" />
      <test name="NLog.UnitTests.NLogTraceListenerTests.LogInformationTest" type="NLog.UnitTests.NLogTraceListenerTests" method="LogInformationTest" time="0.008341" result="Pass" />
      <test name="NLog.UnitTests.NLogTraceListenerTests.TraceFailTest" type="NLog.UnitTests.NLogTraceListenerTests" method="TraceFailTest" time="0.0076669" result="Pass" />
      <test name="NLog.UnitTests.NLogTraceListenerTests.TraceDataTests" type="NLog.UnitTests.NLogTraceListenerTests" method="TraceDataTests" time="0.0077272" result="Pass" />
      <test name="NLog.UnitTests.NLogTraceListenerTests.AutoLoggerNameTest" type="NLog.UnitTests.NLogTraceListenerTests" method="AutoLoggerNameTest" time="0.0083365" result="Pass" />
      <test name="NLog.UnitTests.NLogTraceListenerTests.TraceWriteLineTest" type="NLog.UnitTests.NLogTraceListenerTests" method="TraceWriteLineTest" time="0.0071413" result="Pass" />
      <test name="NLog.UnitTests.RegressionTests.Bug3990StackOverflowWhenUsingNLogViewerTarget" type="NLog.UnitTests.RegressionTests" method="Bug3990StackOverflowWhenUsingNLogViewerTarget" time="0.0072839" result="Pass" />
      <test name="NLog.UnitTests.RegressionTests.Bug4655UnableToReconfigureExistingLoggers" type="NLog.UnitTests.RegressionTests" method="Bug4655UnableToReconfigureExistingLoggers" time="0.021591" result="Pass" />
      <test name="NLog.UnitTests.RegressionTests.Bug5965StackOverflow" type="NLog.UnitTests.RegressionTests" method="Bug5965StackOverflow" time="0.0877738" result="Pass" />
      <test name="NLog.UnitTests.RoutingTests.LogThresholdTest" type="NLog.UnitTests.RoutingTests" method="LogThresholdTest" time="0.0026943" result="Pass" />
      <test name="NLog.UnitTests.RoutingTests.MultiAppenderTest" type="NLog.UnitTests.RoutingTests" method="MultiAppenderTest" time="0.0063428" result="Pass" />
      <test name="NLog.UnitTests.RoutingTests.LoggerNameMatchTest" type="NLog.UnitTests.RoutingTests" method="LoggerNameMatchTest" time="0.007712" result="Pass" />
      <test name="NLog.UnitTests.RoutingTests.LogThresholdTest2" type="NLog.UnitTests.RoutingTests" method="LogThresholdTest2" time="0.0319836" result="Pass" />
      <test name="NLog.UnitTests.TimeSourceTests.FastLocalTest" type="NLog.UnitTests.TimeSourceTests" method="FastLocalTest" time="0.007019" result="Pass" />
      <test name="NLog.UnitTests.TimeSourceTests.AccurateLocalTest" type="NLog.UnitTests.TimeSourceTests" method="AccurateLocalTest" time="0.0006937" result="Pass" />
      <test name="NLog.UnitTests.TimeSourceTests.CustomTimeSourceTest" type="NLog.UnitTests.TimeSourceTests" method="CustomTimeSourceTest" time="0.0009482" result="Pass" />
      <test name="NLog.UnitTests.TimeSourceTests.AccurateUtcTest" type="NLog.UnitTests.TimeSourceTests" method="AccurateUtcTest" time="0.0009568" result="Pass" />
      <test name="NLog.UnitTests.TimeSourceTests.FastUtcTest" type="NLog.UnitTests.TimeSourceTests" method="FastUtcTest" time="0.012981" result="Pass" />
      <test name="NLog.UnitTests.Targets.ColoredConsoleTargetTests.WordHighlightingTextWholeWords" type="NLog.UnitTests.Targets.ColoredConsoleTargetTests" method="WordHighlightingTextWholeWords" time="0.0210733" result="Pass" />
      <test name="NLog.UnitTests.Targets.ColoredConsoleTargetTests.WordHighlightingRegex" type="NLog.UnitTests.Targets.ColoredConsoleTargetTests" method="WordHighlightingRegex" time="0.0034481" result="Pass" />
      <test name="NLog.UnitTests.Targets.ColoredConsoleTargetTests.WordHighlightingTextTest" type="NLog.UnitTests.Targets.ColoredConsoleTargetTests" method="WordHighlightingTextTest" time="0.0023532" result="Pass" />
      <test name="NLog.UnitTests.Targets.ColoredConsoleTargetTests.WordHighlightingTextIgnoreCase" type="NLog.UnitTests.Targets.ColoredConsoleTargetTests" method="WordHighlightingTextIgnoreCase" time="0.0025564" result="Pass" />
      <test name="NLog.UnitTests.Targets.ConsoleTargetTests.ConsoleOutTest" type="NLog.UnitTests.Targets.ConsoleTargetTests" method="ConsoleOutTest" time="0.0020875" result="Pass" />
      <test name="NLog.UnitTests.Targets.ConsoleTargetTests.ConsoleErrorTest" type="NLog.UnitTests.Targets.ConsoleTargetTests" method="ConsoleErrorTest" time="0.0010825" result="Pass" />
      <test name="NLog.UnitTests.Targets.DatabaseTargetTests.ConnectionStringNameNegativeTest" type="NLog.UnitTests.Targets.DatabaseTargetTests" method="ConnectionStringNameNegativeTest" time="0.0063712" result="Pass" />
      <test name="NLog.UnitTests.Targets.DatabaseTargetTests.SimpleDatabaseTest" type="NLog.UnitTests.Targets.DatabaseTargetTests" method="SimpleDatabaseTest" time="0.0182881" result="Pass" />
      <test name="NLog.UnitTests.Targets.DatabaseTargetTests.ConnectionStringNameInitTest" type="NLog.UnitTests.Targets.DatabaseTargetTests" method="ConnectionStringNameInitTest" time="0.0008534" result="Pass" />
      <test name="NLog.UnitTests.Targets.DatabaseTargetTests.OleDbShorthandNotationTest" type="NLog.UnitTests.Targets.DatabaseTargetTests" method="OleDbShorthandNotationTest" time="0.0004852" result="Pass" />
      <test name="NLog.UnitTests.Targets.DatabaseTargetTests.KeepConnectionOpenBatchedTest2" type="NLog.UnitTests.Targets.DatabaseTargetTests" method="KeepConnectionOpenBatchedTest2" time="0.0049955" result="Pass" />
      <test name="NLog.UnitTests.Targets.DatabaseTargetTests.OdbcShorthandNotationTest" type="NLog.UnitTests.Targets.DatabaseTargetTests" method="OdbcShorthandNotationTest" time="0.000385" result="Pass" />
      <test name="NLog.UnitTests.Targets.DatabaseTargetTests.KeepConnectionOpenTest2" type="NLog.UnitTests.Targets.DatabaseTargetTests" method="KeepConnectionOpenTest2" time="0.0008621" result="Pass" />
      <test name="NLog.UnitTests.Targets.DatabaseTargetTests.ConnectionStringBuilderTest1" type="NLog.UnitTests.Targets.DatabaseTargetTests" method="ConnectionStringBuilderTest1" time="0.0017312" result="Pass" />
      <test name="NLog.UnitTests.Targets.DatabaseTargetTests.DatabaseExceptionTest1" type="NLog.UnitTests.Targets.DatabaseTargetTests" method="DatabaseExceptionTest1" time="0.0006383" result="Pass" />
      <test name="NLog.UnitTests.Targets.DatabaseTargetTests.DatabaseExceptionTest2" type="NLog.UnitTests.Targets.DatabaseTargetTests" method="DatabaseExceptionTest2" time="0.0009996" result="Pass" />
      <test name="NLog.UnitTests.Targets.DatabaseTargetTests.SqlServerShorthandNotationTest" type="NLog.UnitTests.Targets.DatabaseTargetTests" method="SqlServerShorthandNotationTest" time="0.0008243" result="Pass" />
      <test name="NLog.UnitTests.Targets.DatabaseTargetTests.ParameterFacetTest" type="NLog.UnitTests.Targets.DatabaseTargetTests" method="ParameterFacetTest" time="0.0032153" result="Pass" />
      <test name="NLog.UnitTests.Targets.DatabaseTargetTests.ParameterTest" type="NLog.UnitTests.Targets.DatabaseTargetTests" method="ParameterTest" time="0.00089" result="Pass" />
      <test name="NLog.UnitTests.Targets.DatabaseTargetTests.SimpleBatchedDatabaseTest" type="NLog.UnitTests.Targets.DatabaseTargetTests" method="SimpleBatchedDatabaseTest" time="0.0008005" result="Pass" />
      <test name="NLog.UnitTests.Targets.DatabaseTargetTests.WarningForObsoleteUseTransactions(property: &quot;usetransactions='false'&quot;, printWarning: True)" type="NLog.UnitTests.Targets.DatabaseTargetTests" method="WarningForObsoleteUseTransactions" time="0.0272804" result="Pass" />
      <test name="NLog.UnitTests.Targets.DatabaseTargetTests.WarningForObsoleteUseTransactions(property: &quot;usetransactions='true'&quot;, printWarning: True)" type="NLog.UnitTests.Targets.DatabaseTargetTests" method="WarningForObsoleteUseTransactions" time="0.0269076" result="Pass" />
      <test name="NLog.UnitTests.Targets.DatabaseTargetTests.WarningForObsoleteUseTransactions(property: &quot;&quot;, printWarning: False)" type="NLog.UnitTests.Targets.DatabaseTargetTests" method="WarningForObsoleteUseTransactions" time="0.0269573" result="Pass" />
      <test name="NLog.UnitTests.Targets.DatabaseTargetTests.ProviderFactoryInitTest" type="NLog.UnitTests.Targets.DatabaseTargetTests" method="ProviderFactoryInitTest" time="0.001064" result="Pass" />
      <test name="NLog.UnitTests.Targets.DatabaseTargetTests.KeepConnectionOpenBatchedTest" type="NLog.UnitTests.Targets.DatabaseTargetTests" method="KeepConnectionOpenBatchedTest" time="0.0008075" result="Pass" />
      <test name="NLog.UnitTests.Targets.DatabaseTargetTests.DatabaseExceptionTest3" type="NLog.UnitTests.Targets.DatabaseTargetTests" method="DatabaseExceptionTest3" time="0.0016971" result="Pass" />
      <test name="NLog.UnitTests.Targets.DatabaseTargetTests.KeepConnectionOpenTest" type="NLog.UnitTests.Targets.DatabaseTargetTests" method="KeepConnectionOpenTest" time="0.0007336" result="Pass" />
      <test name="NLog.UnitTests.Targets.FileTargetTests.DeleteArchiveFilesByDate_MaxArchiveFiles_0" type="NLog.UnitTests.Targets.FileTargetTests" method="DeleteArchiveFilesByDate_MaxArchiveFiles_0" time="0.3420868" result="Pass" />
      <test name="NLog.UnitTests.Targets.FileTargetTests.RollingArchiveTest(specifyArchiveFileName: False)" type="NLog.UnitTests.Targets.FileTargetTests" method="RollingArchiveTest" time="0.8729805" result="Pass" />
      <test name="NLog.UnitTests.Targets.FileTargetTests.RollingArchiveTest(specifyArchiveFileName: True)" type="NLog.UnitTests.Targets.FileTargetTests" method="RollingArchiveTest" time="0.8378902" result="Pass" />
      <test name="NLog.UnitTests.Targets.FileTargetTests.RollingArchiveTest_MaxArchiveFiles_0(slash: &quot;/&quot;)" type="NLog.UnitTests.Targets.FileTargetTests" method="RollingArchiveTest_MaxArchiveFiles_0" time="0.8747064" result="Pass" />
      <test name="NLog.UnitTests.Targets.FileTargetTests.RollingArchiveTest_MaxArchiveFiles_0(slash: &quot;\&quot;)" type="NLog.UnitTests.Targets.FileTargetTests" method="RollingArchiveTest_MaxArchiveFiles_0" time="0.8711733" result="Pass" />
      <test name="NLog.UnitTests.Targets.FileTargetTests.Dont_throw_Exception_when_archiving_is_enabled_with_async" type="NLog.UnitTests.Targets.FileTargetTests" method="Dont_throw_Exception_when_archiving_is_enabled_with_async" time="0.010519" result="Pass" />
      <test name="NLog.UnitTests.Targets.FileTargetTests.Dont_throw_Exception_when_archiving_is_enabled" type="NLog.UnitTests.Targets.FileTargetTests" method="Dont_throw_Exception_when_archiving_is_enabled" time="0.063136" result="Pass" />
      <test name="NLog.UnitTests.Targets.FileTargetTests.RelativeSequentialArchiveTest_MaxArchiveFiles_0" type="NLog.UnitTests.Targets.FileTargetTests" method="RelativeSequentialArchiveTest_MaxArchiveFiles_0" time="1.1394109" result="Pass" />
      <test name="NLog.UnitTests.Targets.FileTargetTests.MaxArchiveFilesWithDate_in_sameDir(changeCreationAndWriteTime: True)" type="NLog.UnitTests.Targets.FileTargetTests" method="MaxArchiveFilesWithDate_in_sameDir" time="0.0541959" result="Pass" />
      <test name="NLog.UnitTests.Targets.FileTargetTests.MaxArchiveFilesWithDate_in_sameDir(changeCreationAndWriteTime: False)" type="NLog.UnitTests.Targets.FileTargetTests" method="MaxArchiveFilesWithDate_in_sameDir" time="0.0370773" result="Pass" />
      <test name="NLog.UnitTests.Targets.FileTargetTests.FileTarget_LogAndArchiveFilesWithSameName_ShouldArchive" type="NLog.UnitTests.Targets.FileTargetTests" method="FileTarget_LogAndArchiveFilesWithSameName_ShouldArchive" time="0.038772" result="Pass" />
      <test name="NLog.UnitTests.Targets.FileTargetTests.SequentialArchiveTest_MaxArchiveFiles_0" type="NLog.UnitTests.Targets.FileTargetTests" method="SequentialArchiveTest_MaxArchiveFiles_0" time="0.8261608" result="Pass" />
      <test name="NLog.UnitTests.Targets.FileTargetTests.CreateDirsTest" type="NLog.UnitTests.Targets.FileTargetTests" method="CreateDirsTest" time="0.0076152" result="Pass" />
      <test name="NLog.UnitTests.Targets.FileTargetTests.FileTarget_InvalidFileNameCorrection" type="NLog.UnitTests.Targets.FileTargetTests" method="FileTarget_InvalidFileNameCorrection" time="0.0042474" result="Pass" />
      <test name="NLog.UnitTests.Targets.FileTargetTests.FileTarget_ArchiveNumbering_remove_correct_order" type="NLog.UnitTests.Targets.FileTargetTests" method="FileTarget_ArchiveNumbering_remove_correct_order" time="16.3210971" result="Pass" />
      <test name="NLog.UnitTests.Targets.FileTargetTests.DeleteArchiveFilesByDate_AlteredMaxArchive" type="NLog.UnitTests.Targets.FileTargetTests" method="DeleteArchiveFilesByDate_AlteredMaxArchive" time="0.430334" result="Pass" />
      <test name="NLog.UnitTests.Targets.FileTargetTests.RelativeFileNaming_ShouldSuccess" type="NLog.UnitTests.Targets.FileTargetTests" method="RelativeFileNaming_ShouldSuccess" time="0.0276084" result="Pass" />
      <test name="NLog.UnitTests.Targets.FileTargetTests.DeleteArchiveFilesByDateWithDateName" type="NLog.UnitTests.Targets.FileTargetTests" method="DeleteArchiveFilesByDateWithDateName" time="0.3060567" result="Pass" />
      <test name="NLog.UnitTests.Targets.FileTargetTests.ArchiveFileRollsCorrectly" type="NLog.UnitTests.Targets.FileTargetTests" method="ArchiveFileRollsCorrectly" time="0.6639751" result="Pass" />
      <test name="NLog.UnitTests.Targets.FileTargetTests.RelativeFileNaming_DirectoryNavigation_ShouldSuccess" type="NLog.UnitTests.Targets.FileTargetTests" method="RelativeFileNaming_DirectoryNavigation_ShouldSuccess" time="0.0075458" result="Pass" />
      <test name="NLog.UnitTests.Targets.FileTargetTests.MaxArchiveFilesWithDate(changeCreationAndWriteTime: True)" type="NLog.UnitTests.Targets.FileTargetTests" method="MaxArchiveFilesWithDate" time="0.0501208" result="Pass" />
      <test name="NLog.UnitTests.Targets.FileTargetTests.MaxArchiveFilesWithDate(changeCreationAndWriteTime: False)" type="NLog.UnitTests.Targets.FileTargetTests" method="MaxArchiveFilesWithDate" time="0.0338874" result="Pass" />
      <test name="NLog.UnitTests.Targets.FileTargetTests.DisposingFileTarget_WhenNotIntialized_ShouldNotThrow" type="NLog.UnitTests.Targets.FileTargetTests" method="DisposingFileTarget_WhenNotIntialized_ShouldNotThrow" time="0.00052" result="Pass" />
      <test name="NLog.UnitTests.Targets.FileTargetTests.DeleteArchiveFilesByDate" type="NLog.UnitTests.Targets.FileTargetTests" method="DeleteArchiveFilesByDate" time="0.2570603" result="Pass" />
      <test name="NLog.UnitTests.Targets.FileTargetTests.BatchErrorHandlingTest" type="NLog.UnitTests.Targets.FileTargetTests" method="BatchErrorHandlingTest" time="0.0114587" result="Pass" />
      <test name="NLog.UnitTests.Targets.FileTargetTests.RepeatingHeaderTest" type="NLog.UnitTests.Targets.FileTargetTests" method="RepeatingHeaderTest" time="0.0398797" result="Pass" />
      <test name="NLog.UnitTests.Targets.FileTargetTests.SingleArchiveFileRollsCorrectly" type="NLog.UnitTests.Targets.FileTargetTests" method="SingleArchiveFileRollsCorrectly" time="0.4725823" result="Pass" />
      <test name="NLog.UnitTests.Targets.FileTargetTests.BufferedMultiFileWrite" type="NLog.UnitTests.Targets.FileTargetTests" method="BufferedMultiFileWrite" time="0.3688258" result="Pass" />
      <test name="NLog.UnitTests.Targets.FileTargetTests.ArchiveFileOnStartTest" type="NLog.UnitTests.Targets.FileTargetTests" method="ArchiveFileOnStartTest" time="0.020166" result="Pass" />
      <test name="NLog.UnitTests.Targets.FileTargetTests.FileTarget_WithDateAndSequenceArchiveNumbering_ShouldRespectArchiveDateFormat(archiveDateFormat: &quot;yyyy-MM-dd HHmm&quot;)" type="NLog.UnitTests.Targets.FileTargetTests" method="FileTarget_WithDateAndSequenceArchiveNumbering_ShouldRespectArchiveDateFormat" time="0.0114657" result="Pass" />
      <test name="NLog.UnitTests.Targets.FileTargetTests.FileTarget_WithDateAndSequenceArchiveNumbering_ShouldRespectArchiveDateFormat(archiveDateFormat: &quot;y&quot;)" type="NLog.UnitTests.Targets.FileTargetTests" method="FileTarget_WithDateAndSequenceArchiveNumbering_ShouldRespectArchiveDateFormat" time="0.0144787" result="Pass" />
      <test name="NLog.UnitTests.Targets.FileTargetTests.FileTarget_WithDateAndSequenceArchiveNumbering_ShouldRespectArchiveDateFormat(archiveDateFormat: &quot;D&quot;)" type="NLog.UnitTests.Targets.FileTargetTests" method="FileTarget_WithDateAndSequenceArchiveNumbering_ShouldRespectArchiveDateFormat" time="0.0121948" result="Pass" />
      <test name="NLog.UnitTests.Targets.FileTargetTests.FileTarget_WithDateAndSequenceArchiveNumbering_ShouldPadSequenceNumberInArchiveFileName(placeHolderSharps: &quot;##&quot;, sequenceNumber: 0, expectedSequenceInArchiveFileName: &quot;00&quot;)" type="NLog.UnitTests.Targets.FileTargetTests" method="FileTarget_WithDateAndSequenceArchiveNumbering_ShouldPadSequenceNumberInArchiveFileName" time="0.008077" result="Pass" />
      <test name="NLog.UnitTests.Targets.FileTargetTests.FileTarget_WithDateAndSequenceArchiveNumbering_ShouldPadSequenceNumberInArchiveFileName(placeHolderSharps: &quot;###&quot;, sequenceNumber: 1, expectedSequenceInArchiveFileName: &quot;001&quot;)" type="NLog.UnitTests.Targets.FileTargetTests" method="FileTarget_WithDateAndSequenceArchiveNumbering_ShouldPadSequenceNumberInArchiveFileName" time="0.0117149" result="Pass" />
      <test name="NLog.UnitTests.Targets.FileTargetTests.FileTarget_WithDateAndSequenceArchiveNumbering_ShouldPadSequenceNumberInArchiveFileName(placeHolderSharps: &quot;#&quot;, sequenceNumber: 20, expectedSequenceInArchiveFileName: &quot;20&quot;)" type="NLog.UnitTests.Targets.FileTargetTests" method="FileTarget_WithDateAndSequenceArchiveNumbering_ShouldPadSequenceNumberInArchiveFileName" time="0.0715933" result="Pass" />
      <test name="NLog.UnitTests.Targets.FileTargetTests.DeleteFileOnStartTest" type="NLog.UnitTests.Targets.FileTargetTests" method="DeleteFileOnStartTest" time="0.0176534" result="Pass" />
      <test name="NLog.UnitTests.Targets.FileTargetTests.FileTarget_ArchiveNumbering_DateAndSequence" type="NLog.UnitTests.Targets.FileTargetTests" method="FileTarget_ArchiveNumbering_DateAndSequence" time="0.8973104" result="Pass" />
      <test name="NLog.UnitTests.Targets.FileTargetTests.DateArchive_UsesDateFromCurrentTimeSource(timeKind: Utc, concurrentWrites: True, keepFileOpen: True, networkWrites: True, includeSequenceInArchive: True)" type="NLog.UnitTests.Targets.FileTargetTests" method="DateArchive_UsesDateFromCurrentTimeSource" time="0.1265319" result="Pass" />
      <test name="NLog.UnitTests.Targets.FileTargetTests.DateArchive_UsesDateFromCurrentTimeSource(timeKind: Utc, concurrentWrites: True, keepFileOpen: True, networkWrites: True, includeSequenceInArchive: False)" type="NLog.UnitTests.Targets.FileTargetTests" method="DateArchive_UsesDateFromCurrentTimeSource" time="0.1108491" result="Pass" />
      <test name="NLog.UnitTests.Targets.FileTargetTests.DateArchive_UsesDateFromCurrentTimeSource(timeKind: Local, concurrentWrites: True, keepFileOpen: True, networkWrites: True, includeSequenceInArchive: True)" type="NLog.UnitTests.Targets.FileTargetTests" method="DateArchive_UsesDateFromCurrentTimeSource" time="0.1108679" result="Pass" />
      <test name="NLog.UnitTests.Targets.FileTargetTests.DateArchive_UsesDateFromCurrentTimeSource(timeKind: Local, concurrentWrites: True, keepFileOpen: True, networkWrites: True, includeSequenceInArchive: False)" type="NLog.UnitTests.Targets.FileTargetTests" method="DateArchive_UsesDateFromCurrentTimeSource" time="0.1094351" result="Pass" />
      <test name="NLog.UnitTests.Targets.FileTargetTests.DateArchive_UsesDateFromCurrentTimeSource(timeKind: Utc, concurrentWrites: True, keepFileOpen: True, networkWrites: False, includeSequenceInArchive: True)" type="NLog.UnitTests.Targets.FileTargetTests" method="DateArchive_UsesDateFromCurrentTimeSource" time="0.0470084" result="Pass" />
      <test name="NLog.UnitTests.Targets.FileTargetTests.DateArchive_UsesDateFromCurrentTimeSource(timeKind: Utc, concurrentWrites: True, keepFileOpen: True, networkWrites: False, includeSequenceInArchive: False)" type="NLog.UnitTests.Targets.FileTargetTests" method="DateArchive_UsesDateFromCurrentTimeSource" time="0.0441087" result="Pass" />
      <test name="NLog.UnitTests.Targets.FileTargetTests.DateArchive_UsesDateFromCurrentTimeSource(timeKind: Local, concurrentWrites: True, keepFileOpen: True, networkWrites: False, includeSequenceInArchive: True)" type="NLog.UnitTests.Targets.FileTargetTests" method="DateArchive_UsesDateFromCurrentTimeSource" time="0.0446469" result="Pass" />
      <test name="NLog.UnitTests.Targets.FileTargetTests.DateArchive_UsesDateFromCurrentTimeSource(timeKind: Local, concurrentWrites: True, keepFileOpen: True, networkWrites: False, includeSequenceInArchive: False)" type="NLog.UnitTests.Targets.FileTargetTests" method="DateArchive_UsesDateFromCurrentTimeSource" time="0.0445723" result="Pass" />
      <test name="NLog.UnitTests.Targets.FileTargetTests.DateArchive_UsesDateFromCurrentTimeSource(timeKind: Utc, concurrentWrites: True, keepFileOpen: False, networkWrites: True, includeSequenceInArchive: True)" type="NLog.UnitTests.Targets.FileTargetTests" method="DateArchive_UsesDateFromCurrentTimeSource" time="0.1117846" result="Pass" />
      <test name="NLog.UnitTests.Targets.FileTargetTests.DateArchive_UsesDateFromCurrentTimeSource(timeKind: Utc, concurrentWrites: True, keepFileOpen: False, networkWrites: True, includeSequenceInArchive: False)" type="NLog.UnitTests.Targets.FileTargetTests" method="DateArchive_UsesDateFromCurrentTimeSource" time="0.147006" result="Pass" />
      <test name="NLog.UnitTests.Targets.FileTargetTests.DateArchive_UsesDateFromCurrentTimeSource(timeKind: Local, concurrentWrites: True, keepFileOpen: False, networkWrites: True, includeSequenceInArchive: True)" type="NLog.UnitTests.Targets.FileTargetTests" method="DateArchive_UsesDateFromCurrentTimeSource" time="0.112451" result="Pass" />
      <test name="NLog.UnitTests.Targets.FileTargetTests.DateArchive_UsesDateFromCurrentTimeSource(timeKind: Local, concurrentWrites: True, keepFileOpen: False, networkWrites: True, includeSequenceInArchive: False)" type="NLog.UnitTests.Targets.FileTargetTests" method="DateArchive_UsesDateFromCurrentTimeSource" time="0.1370834" result="Pass" />
      <test name="NLog.UnitTests.Targets.FileTargetTests.DateArchive_UsesDateFromCurrentTimeSource(timeKind: Utc, concurrentWrites: True, keepFileOpen: False, networkWrites: False, includeSequenceInArchive: True)" type="NLog.UnitTests.Targets.FileTargetTests" method="DateArchive_UsesDateFromCurrentTimeSource" time="0.1432256" result="Pass" />
      <test name="NLog.UnitTests.Targets.FileTargetTests.DateArchive_UsesDateFromCurrentTimeSource(timeKind: Utc, concurrentWrites: True, keepFileOpen: False, networkWrites: False, includeSequenceInArchive: False)" type="NLog.UnitTests.Targets.FileTargetTests" method="DateArchive_UsesDateFromCurrentTimeSource" time="0.1106872" result="Pass" />
      <test name="NLog.UnitTests.Targets.FileTargetTests.DateArchive_UsesDateFromCurrentTimeSource(timeKind: Local, concurrentWrites: True, keepFileOpen: False, networkWrites: False, includeSequenceInArchive: True)" type="NLog.UnitTests.Targets.FileTargetTests" method="DateArchive_UsesDateFromCurrentTimeSource" time="0.1282685" result="Pass" />
      <test name="NLog.UnitTests.Targets.FileTargetTests.DateArchive_UsesDateFromCurrentTimeSource(timeKind: Local, concurrentWrites: True, keepFileOpen: False, networkWrites: False, includeSequenceInArchive: False)" type="NLog.UnitTests.Targets.FileTargetTests" method="DateArchive_UsesDateFromCurrentTimeSource" time="0.1112255" result="Pass" />
      <test name="NLog.UnitTests.Targets.FileTargetTests.DateArchive_UsesDateFromCurrentTimeSource(timeKind: Utc, concurrentWrites: False, keepFileOpen: True, networkWrites: True, includeSequenceInArchive: True)" type="NLog.UnitTests.Targets.FileTargetTests" method="DateArchive_UsesDateFromCurrentTimeSource" time="0.1110851" result="Pass" />
      <test name="NLog.UnitTests.Targets.FileTargetTests.DateArchive_UsesDateFromCurrentTimeSource(timeKind: Utc, concurrentWrites: False, keepFileOpen: True, networkWrites: True, includeSequenceInArchive: False)" type="NLog.UnitTests.Targets.FileTargetTests" method="DateArchive_UsesDateFromCurrentTimeSource" time="0.1089975" result="Pass" />
      <test name="NLog.UnitTests.Targets.FileTargetTests.DateArchive_UsesDateFromCurrentTimeSource(timeKind: Local, concurrentWrites: False, keepFileOpen: True, networkWrites: True, includeSequenceInArchive: True)" type="NLog.UnitTests.Targets.FileTargetTests" method="DateArchive_UsesDateFromCurrentTimeSource" time="0.1125886" result="Pass" />
      <test name="NLog.UnitTests.Targets.FileTargetTests.DateArchive_UsesDateFromCurrentTimeSource(timeKind: Local, concurrentWrites: False, keepFileOpen: True, networkWrites: True, includeSequenceInArchive: False)" type="NLog.UnitTests.Targets.FileTargetTests" method="DateArchive_UsesDateFromCurrentTimeSource" time="0.1115617" result="Pass" />
      <test name="NLog.UnitTests.Targets.FileTargetTests.DateArchive_UsesDateFromCurrentTimeSource(timeKind: Utc, concurrentWrites: False, keepFileOpen: True, networkWrites: False, includeSequenceInArchive: True)" type="NLog.UnitTests.Targets.FileTargetTests" method="DateArchive_UsesDateFromCurrentTimeSource" time="0.0426279" result="Pass" />
      <test name="NLog.UnitTests.Targets.FileTargetTests.DateArchive_UsesDateFromCurrentTimeSource(timeKind: Utc, concurrentWrites: False, keepFileOpen: True, networkWrites: False, includeSequenceInArchive: False)" type="NLog.UnitTests.Targets.FileTargetTests" method="DateArchive_UsesDateFromCurrentTimeSource" time="0.0413264" result="Pass" />
      <test name="NLog.UnitTests.Targets.FileTargetTests.DateArchive_UsesDateFromCurrentTimeSource(timeKind: Local, concurrentWrites: False, keepFileOpen: True, networkWrites: False, includeSequenceInArchive: True)" type="NLog.UnitTests.Targets.FileTargetTests" method="DateArchive_UsesDateFromCurrentTimeSource" time="0.0715527" result="Pass" />
      <test name="NLog.UnitTests.Targets.FileTargetTests.DateArchive_UsesDateFromCurrentTimeSource(timeKind: Local, concurrentWrites: False, keepFileOpen: True, networkWrites: False, includeSequenceInArchive: False)" type="NLog.UnitTests.Targets.FileTargetTests" method="DateArchive_UsesDateFromCurrentTimeSource" time="0.0427999" result="Pass" />
      <test name="NLog.UnitTests.Targets.FileTargetTests.DateArchive_UsesDateFromCurrentTimeSource(timeKind: Utc, concurrentWrites: False, keepFileOpen: False, networkWrites: True, includeSequenceInArchive: True)" type="NLog.UnitTests.Targets.FileTargetTests" method="DateArchive_UsesDateFromCurrentTimeSource" time="0.1116965" result="Pass" />
      <test name="NLog.UnitTests.Targets.FileTargetTests.DateArchive_UsesDateFromCurrentTimeSource(timeKind: Utc, concurrentWrites: False, keepFileOpen: False, networkWrites: True, includeSequenceInArchive: False)" type="NLog.UnitTests.Targets.FileTargetTests" method="DateArchive_UsesDateFromCurrentTimeSource" time="0.1102357" result="Pass" />
      <test name="NLog.UnitTests.Targets.FileTargetTests.DateArchive_UsesDateFromCurrentTimeSource(timeKind: Local, concurrentWrites: False, keepFileOpen: False, networkWrites: True, includeSequenceInArchive: True)" type="NLog.UnitTests.Targets.FileTargetTests" method="DateArchive_UsesDateFromCurrentTimeSource" time="0.1112506" result="Pass" />
      <test name="NLog.UnitTests.Targets.FileTargetTests.DateArchive_UsesDateFromCurrentTimeSource(timeKind: Local, concurrentWrites: False, keepFileOpen: False, networkWrites: True, includeSequenceInArchive: False)" type="NLog.UnitTests.Targets.FileTargetTests" method="DateArchive_UsesDateFromCurrentTimeSource" time="0.1367592" result="Pass" />
      <test name="NLog.UnitTests.Targets.FileTargetTests.DateArchive_UsesDateFromCurrentTimeSource(timeKind: Utc, concurrentWrites: False, keepFileOpen: False, networkWrites: False, includeSequenceInArchive: True)" type="NLog.UnitTests.Targets.FileTargetTests" method="DateArchive_UsesDateFromCurrentTimeSource" time="0.1233765" result="Pass" />
      <test name="NLog.UnitTests.Targets.FileTargetTests.DateArchive_UsesDateFromCurrentTimeSource(timeKind: Utc, concurrentWrites: False, keepFileOpen: False, networkWrites: False, includeSequenceInArchive: False)" type="NLog.UnitTests.Targets.FileTargetTests" method="DateArchive_UsesDateFromCurrentTimeSource" time="0.1093932" result="Pass" />
      <test name="NLog.UnitTests.Targets.FileTargetTests.DateArchive_UsesDateFromCurrentTimeSource(timeKind: Local, concurrentWrites: False, keepFileOpen: False, networkWrites: False, includeSequenceInArchive: True)" type="NLog.UnitTests.Targets.FileTargetTests" method="DateArchive_UsesDateFromCurrentTimeSource" time="0.1140053" result="Pass" />
      <test name="NLog.UnitTests.Targets.FileTargetTests.DateArchive_UsesDateFromCurrentTimeSource(timeKind: Local, concurrentWrites: False, keepFileOpen: False, networkWrites: False, includeSequenceInArchive: False)" type="NLog.UnitTests.Targets.FileTargetTests" method="DateArchive_UsesDateFromCurrentTimeSource" time="0.1103178" result="Pass" />
      <test name="NLog.UnitTests.Targets.FileTargetTests.MultiFileWrite" type="NLog.UnitTests.Targets.FileTargetTests" method="MultiFileWrite" time="0.6809977" result="Pass" />
      <test name="NLog.UnitTests.Targets.FileTargetTests.MaxArchiveFilesWithDate_only_date2(changeCreationAndWriteTime: True)" type="NLog.UnitTests.Targets.FileTargetTests" method="MaxArchiveFilesWithDate_only_date2" time="0.0522975" result="Pass" />
      <test name="NLog.UnitTests.Targets.FileTargetTests.MaxArchiveFilesWithDate_only_date2(changeCreationAndWriteTime: False)" type="NLog.UnitTests.Targets.FileTargetTests" method="MaxArchiveFilesWithDate_only_date2" time="0.0334534" result="Pass" />
      <test name="NLog.UnitTests.Targets.FileTargetTests.MaxArchiveFilesWithDate_only_date(changeCreationAndWriteTime: True)" type="NLog.UnitTests.Targets.FileTargetTests" method="MaxArchiveFilesWithDate_only_date" time="0.0482946" result="Pass" />
      <test name="NLog.UnitTests.Targets.FileTargetTests.MaxArchiveFilesWithDate_only_date(changeCreationAndWriteTime: False)" type="NLog.UnitTests.Targets.FileTargetTests" method="MaxArchiveFilesWithDate_only_date" time="0.0406363" result="Pass" />
      <test name="NLog.UnitTests.Targets.FileTargetTests.AsyncMultiFileWrite" type="NLog.UnitTests.Targets.FileTargetTests" method="AsyncMultiFileWrite" time="0.0766032" result="Pass" />
      <test name="NLog.UnitTests.Targets.FileTargetTests.ArchiveFileRollsCorrectly_ExistingArchives" type="NLog.UnitTests.Targets.FileTargetTests" method="ArchiveFileRollsCorrectly_ExistingArchives" time="0.3144964" result="Pass" />
      <test name="NLog.UnitTests.Targets.FileTargetTests.DateArchive_ArchiveOnceOnly(concurrentWrites: True, keepFileOpen: True, networkWrites: True, includeSequenceInArchive: True)" type="NLog.UnitTests.Targets.FileTargetTests" method="DateArchive_ArchiveOnceOnly" time="0.0110691" result="Pass" />
      <test name="NLog.UnitTests.Targets.FileTargetTests.DateArchive_ArchiveOnceOnly(concurrentWrites: True, keepFileOpen: True, networkWrites: True, includeSequenceInArchive: False)" type="NLog.UnitTests.Targets.FileTargetTests" method="DateArchive_ArchiveOnceOnly" time="0.0093822" result="Pass" />
      <test name="NLog.UnitTests.Targets.FileTargetTests.DateArchive_ArchiveOnceOnly(concurrentWrites: True, keepFileOpen: True, networkWrites: False, includeSequenceInArchive: True)" type="NLog.UnitTests.Targets.FileTargetTests" method="DateArchive_ArchiveOnceOnly" time="0.010553" result="Pass" />
      <test name="NLog.UnitTests.Targets.FileTargetTests.DateArchive_ArchiveOnceOnly(concurrentWrites: True, keepFileOpen: True, networkWrites: False, includeSequenceInArchive: False)" type="NLog.UnitTests.Targets.FileTargetTests" method="DateArchive_ArchiveOnceOnly" time="0.0094351" result="Pass" />
      <test name="NLog.UnitTests.Targets.FileTargetTests.DateArchive_ArchiveOnceOnly(concurrentWrites: True, keepFileOpen: False, networkWrites: True, includeSequenceInArchive: True)" type="NLog.UnitTests.Targets.FileTargetTests" method="DateArchive_ArchiveOnceOnly" time="0.0105407" result="Pass" />
      <test name="NLog.UnitTests.Targets.FileTargetTests.DateArchive_ArchiveOnceOnly(concurrentWrites: True, keepFileOpen: False, networkWrites: True, includeSequenceInArchive: False)" type="NLog.UnitTests.Targets.FileTargetTests" method="DateArchive_ArchiveOnceOnly" time="0.0092775" result="Pass" />
      <test name="NLog.UnitTests.Targets.FileTargetTests.DateArchive_ArchiveOnceOnly(concurrentWrites: True, keepFileOpen: False, networkWrites: False, includeSequenceInArchive: True)" type="NLog.UnitTests.Targets.FileTargetTests" method="DateArchive_ArchiveOnceOnly" time="0.0097841" result="Pass" />
      <test name="NLog.UnitTests.Targets.FileTargetTests.DateArchive_ArchiveOnceOnly(concurrentWrites: True, keepFileOpen: False, networkWrites: False, includeSequenceInArchive: False)" type="NLog.UnitTests.Targets.FileTargetTests" method="DateArchive_ArchiveOnceOnly" time="0.0097676" result="Pass" />
      <test name="NLog.UnitTests.Targets.FileTargetTests.DateArchive_ArchiveOnceOnly(concurrentWrites: False, keepFileOpen: True, networkWrites: True, includeSequenceInArchive: True)" type="NLog.UnitTests.Targets.FileTargetTests" method="DateArchive_ArchiveOnceOnly" time="0.0106852" result="Pass" />
      <test name="NLog.UnitTests.Targets.FileTargetTests.DateArchive_ArchiveOnceOnly(concurrentWrites: False, keepFileOpen: True, networkWrites: True, includeSequenceInArchive: False)" type="NLog.UnitTests.Targets.FileTargetTests" method="DateArchive_ArchiveOnceOnly" time="0.0101843" result="Pass" />
      <test name="NLog.UnitTests.Targets.FileTargetTests.DateArchive_ArchiveOnceOnly(concurrentWrites: False, keepFileOpen: False, networkWrites: True, includeSequenceInArchive: True)" type="NLog.UnitTests.Targets.FileTargetTests" method="DateArchive_ArchiveOnceOnly" time="0.0110321" result="Pass" />
      <test name="NLog.UnitTests.Targets.FileTargetTests.DateArchive_ArchiveOnceOnly(concurrentWrites: False, keepFileOpen: False, networkWrites: True, includeSequenceInArchive: False)" type="NLog.UnitTests.Targets.FileTargetTests" method="DateArchive_ArchiveOnceOnly" time="0.010556" result="Pass" />
      <test name="NLog.UnitTests.Targets.FileTargetTests.DateArchive_ArchiveOnceOnly(concurrentWrites: False, keepFileOpen: False, networkWrites: False, includeSequenceInArchive: True)" type="NLog.UnitTests.Targets.FileTargetTests" method="DateArchive_ArchiveOnceOnly" time="0.0107078" result="Pass" />
      <test name="NLog.UnitTests.Targets.FileTargetTests.DateArchive_ArchiveOnceOnly(concurrentWrites: False, keepFileOpen: False, networkWrites: False, includeSequenceInArchive: False)" type="NLog.UnitTests.Targets.FileTargetTests" method="DateArchive_ArchiveOnceOnly" time="0.0099807" result="Pass" />
      <test name="NLog.UnitTests.Targets.FileTargetTests.SimpleFileTest(concurrentWrites: True, keepFileOpen: True, networkWrites: True)" type="NLog.UnitTests.Targets.FileTargetTests" method="SimpleFileTest" time="0.0057459" result="Pass" />
      <test name="NLog.UnitTests.Targets.FileTargetTests.SimpleFileTest(concurrentWrites: True, keepFileOpen: True, networkWrites: False)" type="NLog.UnitTests.Targets.FileTargetTests" method="SimpleFileTest" time="0.0043546" result="Pass" />
      <test name="NLog.UnitTests.Targets.FileTargetTests.SimpleFileTest(concurrentWrites: True, keepFileOpen: False, networkWrites: True)" type="NLog.UnitTests.Targets.FileTargetTests" method="SimpleFileTest" time="0.0051305" result="Pass" />
      <test name="NLog.UnitTests.Targets.FileTargetTests.SimpleFileTest(concurrentWrites: True, keepFileOpen: False, networkWrites: False)" type="NLog.UnitTests.Targets.FileTargetTests" method="SimpleFileTest" time="0.0052915" result="Pass" />
      <test name="NLog.UnitTests.Targets.FileTargetTests.SimpleFileTest(concurrentWrites: False, keepFileOpen: True, networkWrites: True)" type="NLog.UnitTests.Targets.FileTargetTests" method="SimpleFileTest" time="0.005415" result="Pass" />
      <test name="NLog.UnitTests.Targets.FileTargetTests.SimpleFileTest(concurrentWrites: False, keepFileOpen: True, networkWrites: False)" type="NLog.UnitTests.Targets.FileTargetTests" method="SimpleFileTest" time="0.0052221" result="Pass" />
      <test name="NLog.UnitTests.Targets.FileTargetTests.SimpleFileTest(concurrentWrites: False, keepFileOpen: False, networkWrites: True)" type="NLog.UnitTests.Targets.FileTargetTests" method="SimpleFileTest" time="0.0053313" result="Pass" />
      <test name="NLog.UnitTests.Targets.FileTargetTests.SimpleFileTest(concurrentWrites: False, keepFileOpen: False, networkWrites: False)" type="NLog.UnitTests.Targets.FileTargetTests" method="SimpleFileTest" time="0.0054819" result="Pass" />
      <test name="NLog.UnitTests.Targets.FileTargetTests.CsvHeaderTest" type="NLog.UnitTests.Targets.FileTargetTests" method="CsvHeaderTest" time="0.0135033" result="Pass" />
      <test name="NLog.UnitTests.Targets.FileTargetTests.FileTarget_WithArchiveFileNameEndingInNumberPlaceholder_ShouldArchiveFile(slash: &quot;/&quot;)" type="NLog.UnitTests.Targets.FileTargetTests" method="FileTarget_WithArchiveFileNameEndingInNumberPlaceholder_ShouldArchiveFile" time="0.0842726" result="Pass" />
      <test name="NLog.UnitTests.Targets.FileTargetTests.FileTarget_WithArchiveFileNameEndingInNumberPlaceholder_ShouldArchiveFile(slash: &quot;\&quot;)" type="NLog.UnitTests.Targets.FileTargetTests" method="FileTarget_WithArchiveFileNameEndingInNumberPlaceholder_ShouldArchiveFile" time="0.0853039" result="Pass" />
      <test name="NLog.UnitTests.Targets.FileTargetTests.ArchiveAboveSizeWithArchiveNumberingModeDate_maxfiles_o" type="NLog.UnitTests.Targets.FileTargetTests" method="ArchiveAboveSizeWithArchiveNumberingModeDate_maxfiles_o" time="0" result="Skip">
        <reason><![CDATA[this is not supported, because we cannot create multiple archive files with  ArchiveNumberingMode.Date (for one day)]]></reason>
      </test>
      <test name="NLog.UnitTests.Targets.FileTargetTests.SequentialArchiveTest" type="NLog.UnitTests.Targets.FileTargetTests" method="SequentialArchiveTest" time="0.8133952" result="Pass" />
      <test name="NLog.UnitTests.Targets.LineEndingModeTests.LineEndingModeInequalityTest" type="NLog.UnitTests.Targets.LineEndingModeTests" method="LineEndingModeInequalityTest" time="0.0006223" result="Pass" />
      <test name="NLog.UnitTests.Targets.LineEndingModeTests.LineEndingModeToStringTest" type="NLog.UnitTests.Targets.LineEndingModeTests" method="LineEndingModeToStringTest" time="0.0003041" result="Pass" />
      <test name="NLog.UnitTests.Targets.LineEndingModeTests.LineEndingModeNullComparison" type="NLog.UnitTests.Targets.LineEndingModeTests" method="LineEndingModeNullComparison" time="0.0002737" result="Pass" />
      <test name="NLog.UnitTests.Targets.LineEndingModeTests.LineEndingModeEqualityTest" type="NLog.UnitTests.Targets.LineEndingModeTests" method="LineEndingModeEqualityTest" time="0.0002697" result="Pass" />
      <test name="NLog.UnitTests.Targets.LogReceiverWebServiceTargetTests.LogReceiverWebServiceTargetMultipleEventTest" type="NLog.UnitTests.Targets.LogReceiverWebServiceTargetTests" method="LogReceiverWebServiceTargetMultipleEventTest" time="0.0058909" result="Pass" />
      <test name="NLog.UnitTests.Targets.LogReceiverWebServiceTargetTests.NoEmptyEventLists" type="NLog.UnitTests.Targets.LogReceiverWebServiceTargetTests" method="NoEmptyEventLists" time="1.0016668" result="Pass" />
      <test name="NLog.UnitTests.Targets.LogReceiverWebServiceTargetTests.LogReceiverWebServiceTargetSingleEventTest" type="NLog.UnitTests.Targets.LogReceiverWebServiceTargetTests" method="LogReceiverWebServiceTargetSingleEventTest" time="0.0105522" result="Pass" />
      <test name="NLog.UnitTests.Targets.LogReceiverWebServiceTargetTests.LogReceiverWebServiceTargetMultipleEventWithPerEventPropertiesTest" type="NLog.UnitTests.Targets.LogReceiverWebServiceTargetTests" method="LogReceiverWebServiceTargetMultipleEventWithPerEventPropertiesTest" time="0.0056379" result="Pass" />
      <test name="NLog.UnitTests.Targets.MailTargetTests.DefaultSmtpClientTest" type="NLog.UnitTests.Targets.MailTargetTests" method="DefaultSmtpClientTest" time="0.0232529" result="Pass" />
      <test name="NLog.UnitTests.Targets.MailTargetTests.PerMessageAddress" type="NLog.UnitTests.Targets.MailTargetTests" method="PerMessageAddress" time="0.0087314" result="Pass" />
      <test name="NLog.UnitTests.Targets.MailTargetTests.MailTarget_WithNewlineInSubject_SendsMail" type="NLog.UnitTests.Targets.MailTargetTests" method="MailTarget_WithNewlineInSubject_SendsMail" time="0.0011051" result="Pass" />
      <test name="NLog.UnitTests.Targets.MailTargetTests.MailTargetInitialize_WithoutSpecifiedSmtpServer_should_not_ThrowsConfigException" type="NLog.UnitTests.Targets.MailTargetTests" method="MailTargetInitialize_WithoutSpecifiedSmtpServer_should_not_ThrowsConfigException" time="0.000415" result="Pass" />
      <test name="NLog.UnitTests.Targets.MailTargetTests.MailTarget_WithInvalidPriority_SendsMailWithNormalPriority" type="NLog.UnitTests.Targets.MailTargetTests" method="MailTarget_WithInvalidPriority_SendsMailWithNormalPriority" time="0.002964" result="Pass" />
      <test name="NLog.UnitTests.Targets.MailTargetTests.MailTarget_UseSystemNetMailSettings_False_Override_DeliveryMethod_SpecifiedDeliveryMethod" type="NLog.UnitTests.Targets.MailTargetTests" method="MailTarget_UseSystemNetMailSettings_False_Override_DeliveryMethod_SpecifiedDeliveryMethod" time="0.0015087" result="Pass" />
      <test name="NLog.UnitTests.Targets.MailTargetTests.MailTarget_WithEmptyTo_ThrowsNLogRuntimeException" type="NLog.UnitTests.Targets.MailTargetTests" method="MailTarget_WithEmptyTo_ThrowsNLogRuntimeException" time="0.0014459" result="Pass" />
      <test name="NLog.UnitTests.Targets.MailTargetTests.MailTarget_UseSystemNetMailSettings_True" type="NLog.UnitTests.Targets.MailTargetTests" method="MailTarget_UseSystemNetMailSettings_True" time="0.0005156" result="Pass" />
      <test name="NLog.UnitTests.Targets.MailTargetTests.PerMessageServer" type="NLog.UnitTests.Targets.MailTargetTests" method="PerMessageServer" time="0.0009959" result="Pass" />
      <test name="NLog.UnitTests.Targets.MailTargetTests.MailTarget_WithValidToAndEmptyBcc_SendsMail" type="NLog.UnitTests.Targets.MailTargetTests" method="MailTarget_WithValidToAndEmptyBcc_SendsMail" time="0.000775" result="Pass" />
      <test name="NLog.UnitTests.Targets.MailTargetTests.MailTarget_WithValidToAndEmptyCC_SendsMail" type="NLog.UnitTests.Targets.MailTargetTests" method="MailTarget_WithValidToAndEmptyCC_SendsMail" time="0.0006975" result="Pass" />
      <test name="NLog.UnitTests.Targets.MailTargetTests.CsvLayoutTest" type="NLog.UnitTests.Targets.MailTargetTests" method="CsvLayoutTest" time="0.001243" result="Pass" />
      <test name="NLog.UnitTests.Targets.MailTargetTests.MailTarget_WithoutSubject_SendsMessageWithDefaultSubject" type="NLog.UnitTests.Targets.MailTargetTests" method="MailTarget_WithoutSubject_SendsMessageWithDefaultSubject" time="0.0007319" result="Pass" />
      <test name="NLog.UnitTests.Targets.MailTargetTests.ErrorHandlingTest" type="NLog.UnitTests.Targets.MailTargetTests" method="ErrorHandlingTest" time="0.0013239" result="Pass" />
      <test name="NLog.UnitTests.Targets.MailTargetTests.NtlmEmailTest" type="NLog.UnitTests.Targets.MailTargetTests" method="NtlmEmailTest" time="0.0013092" result="Pass" />
      <test name="NLog.UnitTests.Targets.MailTargetTests.BasicAuthEmailTest" type="NLog.UnitTests.Targets.MailTargetTests" method="BasicAuthEmailTest" time="0.0015025" result="Pass" />
      <test name="NLog.UnitTests.Targets.MailTargetTests.SimpleEmailTest" type="NLog.UnitTests.Targets.MailTargetTests" method="SimpleEmailTest" time="0.0011901" result="Pass" />
      <test name="NLog.UnitTests.Targets.MailTargetTests.MailTarget_WithEmptyFrom_ThrowsNLogRuntimeException" type="NLog.UnitTests.Targets.MailTargetTests" method="MailTarget_WithEmptyFrom_ThrowsNLogRuntimeException" time="0.0008449" result="Pass" />
      <test name="NLog.UnitTests.Targets.MailTargetTests.ReplaceNewlinesWithBreakInHtmlMail" type="NLog.UnitTests.Targets.MailTargetTests" method="ReplaceNewlinesWithBreakInHtmlMail" time="0.0009393" result="Pass" />
      <test name="NLog.UnitTests.Targets.MailTargetTests.MailTargetInitialize_WithoutSpecifiedFrom_ThrowsConfigException" type="NLog.UnitTests.Targets.MailTargetTests" method="MailTargetInitialize_WithoutSpecifiedFrom_ThrowsConfigException" time="0.0007237" result="Pass" />
      <test name="NLog.UnitTests.Targets.MailTargetTests.MailTarget_WithEmptySmtpServer_ThrowsNLogRuntimeException" type="NLog.UnitTests.Targets.MailTargetTests" method="MailTarget_WithEmptySmtpServer_ThrowsNLogRuntimeException" time="0.0009803" result="Pass" />
      <test name="NLog.UnitTests.Targets.MailTargetTests.CustomHeaderAndFooter" type="NLog.UnitTests.Targets.MailTargetTests" method="CustomHeaderAndFooter" time="0.0009252" result="Pass" />
      <test name="NLog.UnitTests.Targets.MailTargetTests.MailTarget_WithoutPriority_SendsMailWithNormalPriority" type="NLog.UnitTests.Targets.MailTargetTests" method="MailTarget_WithoutPriority_SendsMailWithNormalPriority" time="0.000702" result="Pass" />
      <test name="NLog.UnitTests.Targets.MailTargetTests.MailTargetInitialize_WithoutSpecifiedSmtpServer_ThrowsConfigException_if_UseSystemNetMailSettings" type="NLog.UnitTests.Targets.MailTargetTests" method="MailTargetInitialize_WithoutSpecifiedSmtpServer_ThrowsConfigException_if_UseSystemNetMailSettings" time="0.0006958" result="Pass" />
      <test name="NLog.UnitTests.Targets.MailTargetTests.MailTarget_WithPriority_SendsMailWithPrioritySet" type="NLog.UnitTests.Targets.MailTargetTests" method="MailTarget_WithPriority_SendsMailWithPrioritySet" time="0.000709" result="Pass" />
      <test name="NLog.UnitTests.Targets.MailTargetTests.MailTarget_UseSystemNetMailSettings_False_Override_ThrowsNLogRuntimeException_if_DeliveryMethodNotSpecified" type="NLog.UnitTests.Targets.MailTargetTests" method="MailTarget_UseSystemNetMailSettings_False_Override_ThrowsNLogRuntimeException_if_DeliveryMethodNotSpecified" time="0.0006396" result="Pass" />
      <test name="NLog.UnitTests.Targets.MailTargetTests.NoReplaceNewlinesWithBreakInHtmlMail" type="NLog.UnitTests.Targets.MailTargetTests" method="NoReplaceNewlinesWithBreakInHtmlMail" time="0.0007003" result="Pass" />
      <test name="NLog.UnitTests.Targets.MailTargetTests.MailTargetInitialize_WithoutSpecifiedTo_ThrowsConfigException" type="NLog.UnitTests.Targets.MailTargetTests" method="MailTargetInitialize_WithoutSpecifiedTo_ThrowsConfigException" time="0.0006744" result="Pass" />
      <test name="NLog.UnitTests.Targets.MemoryTargetTests.MemoryTarget_ClearLogsTest" type="NLog.UnitTests.Targets.MemoryTargetTests" method="MemoryTarget_ClearLogsTest" time="0.0062177" result="Pass" />
      <test name="NLog.UnitTests.Targets.MemoryTargetTests.MemoryTarget_EmptyMessageTest" type="NLog.UnitTests.Targets.MemoryTargetTests" method="MemoryTarget_EmptyMessageTest" time="0.002751" result="Pass" />
      <test name="NLog.UnitTests.Targets.MemoryTargetTests.MemoryTarget_ReconfigureTest_SameTarget_ExpectLogsEmptied" type="NLog.UnitTests.Targets.MemoryTargetTests" method="MemoryTarget_ReconfigureTest_SameTarget_ExpectLogsEmptied" time="0.0042939" result="Pass" />
      <test name="NLog.UnitTests.Targets.MemoryTargetTests.MemoryTarget_LogLevelTest" type="NLog.UnitTests.Targets.MemoryTargetTests" method="MemoryTarget_LogLevelTest" time="0.0025055" result="Pass" />
      <test name="NLog.UnitTests.Targets.MemoryTargetTests.MemoryTarget_NullMessageTest" type="NLog.UnitTests.Targets.MemoryTargetTests" method="MemoryTarget_NullMessageTest" time="0.0023589" result="Pass" />
      <test name="NLog.UnitTests.Targets.MessageQueueTargetTests.QueueExists_Write_MessageIsWritten" type="NLog.UnitTests.Targets.MessageQueueTargetTests" method="QueueExists_Write_MessageIsWritten" time="0.0040474" result="Pass" />
      <test name="NLog.UnitTests.Targets.MessageQueueTargetTests.FormatQueueName_Write_DoesNotCheckIfQueueExists" type="NLog.UnitTests.Targets.MessageQueueTargetTests" method="FormatQueueName_Write_DoesNotCheckIfQueueExists" time="0.0007401" result="Pass" />
      <test name="NLog.UnitTests.Targets.MessageQueueTargetTests.DoNotCheckIfQueueExists_Write_DoesNotCheckIfQueueExists" type="NLog.UnitTests.Targets.MessageQueueTargetTests" method="DoNotCheckIfQueueExists_Write_DoesNotCheckIfQueueExists" time="0.0006868" result="Pass" />
      <test name="NLog.UnitTests.Targets.MessageQueueTargetTests.QueueDoesNotExistsAndDoNotCreate_Write_NothingIsWritten" type="NLog.UnitTests.Targets.MessageQueueTargetTests" method="QueueDoesNotExistsAndDoNotCreate_Write_NothingIsWritten" time="0.0006092" result="Pass" />
      <test name="NLog.UnitTests.Targets.MessageQueueTargetTests.MessageQueueTarget_CheckIfQueueExists_setting_should_work" type="NLog.UnitTests.Targets.MessageQueueTargetTests" method="MessageQueueTarget_CheckIfQueueExists_setting_should_work" time="0.0052315" result="Pass" />
      <test name="NLog.UnitTests.Targets.MessageQueueTargetTests.QueueDoesNotExistsAndCreatedQueue_Write_MessageIsWritten" type="NLog.UnitTests.Targets.MessageQueueTargetTests" method="QueueDoesNotExistsAndCreatedQueue_Write_MessageIsWritten" time="0.0009063" result="Pass" />
      <test name="NLog.UnitTests.Targets.MessageQueueTargetTests.QueueDoesNotExistsAndCreatedQueue_Write_QueueIsCreated" type="NLog.UnitTests.Targets.MessageQueueTargetTests" method="QueueDoesNotExistsAndCreatedQueue_Write_QueueIsCreated" time="0.0007992" result="Pass" />
      <test name="NLog.UnitTests.Targets.NetworkTargetTests.NetworkTargetHappyPathTest" type="NLog.UnitTests.Targets.NetworkTargetTests" method="NetworkTargetHappyPathTest" time="0.0062677" result="Pass" />
      <test name="NLog.UnitTests.Targets.NetworkTargetTests.NetworkTargetMultipleConnectionsTest" type="NLog.UnitTests.Targets.NetworkTargetTests" method="NetworkTargetMultipleConnectionsTest" time="0.0019414" result="Pass" />
      <test name="NLog.UnitTests.Targets.NetworkTargetTests.NetworkTargetTcpTest" type="NLog.UnitTests.Targets.NetworkTargetTests" method="NetworkTargetTcpTest" time="0.1833025" result="Pass" />
      <test name="NLog.UnitTests.Targets.NetworkTargetTests.NetworkTargetUdpTest" type="NLog.UnitTests.Targets.NetworkTargetTests" method="NetworkTargetUdpTest" time="0.0123004" result="Pass" />
      <test name="NLog.UnitTests.Targets.NetworkTargetTests.NetworkTargetMultipleConnectionsWithMessageDiscardTest" type="NLog.UnitTests.Targets.NetworkTargetTests" method="NetworkTargetMultipleConnectionsWithMessageDiscardTest" time="0.0015374" result="Pass" />
      <test name="NLog.UnitTests.Targets.NetworkTargetTests.NetworkTargetMultipleConnectionsWithoutKeepAliveTest" type="NLog.UnitTests.Targets.NetworkTargetTests" method="NetworkTargetMultipleConnectionsWithoutKeepAliveTest" time="0.0030663" result="Pass" />
      <test name="NLog.UnitTests.Targets.NetworkTargetTests.NetworkTargetSendFailureTests" type="NLog.UnitTests.Targets.NetworkTargetTests" method="NetworkTargetSendFailureTests" time="0.0017825" result="Pass" />
      <test name="NLog.UnitTests.Targets.NetworkTargetTests.NetworkTargetMultipleConnectionsWithMessageErrorTest" type="NLog.UnitTests.Targets.NetworkTargetTests" method="NetworkTargetMultipleConnectionsWithMessageErrorTest" time="0.0010114" result="Pass" />
      <test name="NLog.UnitTests.Targets.NetworkTargetTests.NetworkTargetSendFailureWithoutKeepAliveTests" type="NLog.UnitTests.Targets.NetworkTargetTests" method="NetworkTargetSendFailureWithoutKeepAliveTests" time="0.0012594" result="Pass" />
      <test name="NLog.UnitTests.Targets.NetworkTargetTests.NetworkTargetMultipleConnectionsWithCacheOverflowTest" type="NLog.UnitTests.Targets.NetworkTargetTests" method="NetworkTargetMultipleConnectionsWithCacheOverflowTest" time="0.0013157" result="Pass" />
      <test name="NLog.UnitTests.Targets.NetworkTargetTests.NetworkTargetMultipleConnectionsWithMessageSplitTest" type="NLog.UnitTests.Targets.NetworkTargetTests" method="NetworkTargetMultipleConnectionsWithMessageSplitTest" time="0.0011983" result="Pass" />
      <test name="NLog.UnitTests.Targets.NetworkTargetTests.NetworkTargetNotConnectedTest" type="NLog.UnitTests.Targets.NetworkTargetTests" method="NetworkTargetNotConnectedTest" time="1.0023252" result="Pass" />
      <test name="NLog.UnitTests.Targets.NetworkTargetTests.NothingToFlushTest" type="NLog.UnitTests.Targets.NetworkTargetTests" method="NothingToFlushTest" time="0.0017681" result="Pass" />
      <test name="NLog.UnitTests.Targets.TargetTests.FlushTest" type="NLog.UnitTests.Targets.TargetTests" method="FlushTest" time="0.003467" result="Pass" />
      <test name="NLog.UnitTests.Targets.TargetTests.FlushOnClosedTargetTest" type="NLog.UnitTests.Targets.TargetTests" method="FlushOnClosedTargetTest" time="0.0012763" result="Pass" />
      <test name="NLog.UnitTests.Targets.TargetTests.WriteOnClosedTargetTest" type="NLog.UnitTests.Targets.TargetTests" method="WriteOnClosedTargetTest" time="0.0012899" result="Pass" />
      <test name="NLog.UnitTests.Targets.TargetTests.WriteFormattedStringEvent_WithNullArgument" type="NLog.UnitTests.Targets.TargetTests" method="WriteFormattedStringEvent_WithNullArgument" time="0.0031722" result="Pass" />
      <test name="NLog.UnitTests.Targets.TargetTests.LockingTest" type="NLog.UnitTests.Targets.TargetTests" method="LockingTest" time="1.0041173" result="Pass" />
      <test name="NLog.UnitTests.Targets.TargetTests.CloseWithoutInitializeTest" type="NLog.UnitTests.Targets.TargetTests" method="CloseWithoutInitializeTest" time="0.0006474" result="Pass" />
      <test name="NLog.UnitTests.Targets.TargetTests.DoubleInitializeTest" type="NLog.UnitTests.Targets.TargetTests" method="DoubleInitializeTest" time="0.0007258" result="Pass" />
      <test name="NLog.UnitTests.Targets.TargetTests.InitializeTest" type="NLog.UnitTests.Targets.TargetTests" method="InitializeTest" time="0.000731" result="Pass" />
      <test name="NLog.UnitTests.Targets.TargetTests.GivenNullEvents_WhenWriteAsyncLogEvents_ThenNoExceptionAreThrown" type="NLog.UnitTests.Targets.TargetTests" method="GivenNullEvents_WhenWriteAsyncLogEvents_ThenNoExceptionAreThrown" time="0.0004724" result="Pass" />
      <test name="NLog.UnitTests.Targets.TargetTests.FlushWithoutInitializeTest" type="NLog.UnitTests.Targets.TargetTests" method="FlushWithoutInitializeTest" time="0.0008469" result="Pass" />
      <test name="NLog.UnitTests.Targets.TargetTests.InitializeFailedTest" type="NLog.UnitTests.Targets.TargetTests" method="InitializeFailedTest" time="0.0034264" result="Pass" />
      <test name="NLog.UnitTests.Targets.TargetTests.DoubleCloseTest" type="NLog.UnitTests.Targets.TargetTests" method="DoubleCloseTest" time="0.0007878" result="Pass" />
      <test name="NLog.UnitTests.Targets.TargetTests.WriteWithoutInitializeTest" type="NLog.UnitTests.Targets.TargetTests" method="WriteWithoutInitializeTest" time="0.0013842" result="Pass" />
      <test name="NLog.UnitTests.Targets.WebServiceTargetTests.WebserviceTest_httppost_utf8_default_no_bom" type="NLog.UnitTests.Targets.WebServiceTargetTests" method="WebserviceTest_httppost_utf8_default_no_bom" time="0.3999523" result="Pass" />
      <test name="NLog.UnitTests.Targets.WebServiceTargetTests.WebserviceTest_httppost_utf8_no_boml" type="NLog.UnitTests.Targets.WebServiceTargetTests" method="WebserviceTest_httppost_utf8_no_boml" time="0.1020173" result="Pass" />
      <test name="NLog.UnitTests.Targets.WebServiceTargetTests.WebserviceTest_httppost_utf8_with_bom" type="NLog.UnitTests.Targets.WebServiceTargetTests" method="WebserviceTest_httppost_utf8_with_bom" time="0.1035273" result="Pass" />
      <test name="NLog.UnitTests.Targets.WebServiceTargetTests.Stream_CopyWithOffset_test" type="NLog.UnitTests.Targets.WebServiceTargetTests" method="Stream_CopyWithOffset_test" time="0.0117995" result="Pass" />
      <test name="NLog.UnitTests.Targets.Wrappers.AsyncRequestQueueTests.AsyncRequestQueueClearTest" type="NLog.UnitTests.Targets.Wrappers.AsyncRequestQueueTests" method="AsyncRequestQueueClearTest" time="0.0098531" result="Pass" />
      <test name="NLog.UnitTests.Targets.Wrappers.AsyncRequestQueueTests.AsyncRequestQueueWithBlockBehavior" type="NLog.UnitTests.Targets.Wrappers.AsyncRequestQueueTests" method="AsyncRequestQueueWithBlockBehavior" time="1.0235272" result="Pass" />
      <test name="NLog.UnitTests.Targets.Wrappers.AsyncRequestQueueTests.AsyncRequestQueueWithGrowBehaviorTest" type="NLog.UnitTests.Targets.Wrappers.AsyncRequestQueueTests" method="AsyncRequestQueueWithGrowBehaviorTest" time="0.0028347" result="Pass" />
      <test name="NLog.UnitTests.Targets.Wrappers.AsyncRequestQueueTests.AsyncRequestQueueWithDiscardBehaviorTest" type="NLog.UnitTests.Targets.Wrappers.AsyncRequestQueueTests" method="AsyncRequestQueueWithDiscardBehaviorTest" time="0.0022928" result="Pass" />
      <test name="NLog.UnitTests.Targets.Wrappers.AsyncTargetWrapperTests.FlushingMultipleTimesSimultaneous" type="NLog.UnitTests.Targets.Wrappers.AsyncTargetWrapperTests" method="FlushingMultipleTimesSimultaneous" time="2.0100469" result="Pass" />
      <test name="NLog.UnitTests.Targets.Wrappers.AsyncTargetWrapperTests.AsyncTargetWrapperInitTest" type="NLog.UnitTests.Targets.Wrappers.AsyncTargetWrapperTests" method="AsyncTargetWrapperInitTest" time="0.002124" result="Pass" />
      <test name="NLog.UnitTests.Targets.Wrappers.AsyncTargetWrapperTests.AsyncTargetWrapperExceptionTest" type="NLog.UnitTests.Targets.Wrappers.AsyncTargetWrapperTests" method="AsyncTargetWrapperExceptionTest" time="0.0048062" result="Pass" />
      <test name="NLog.UnitTests.Targets.Wrappers.AsyncTargetWrapperTests.AsyncTargetWrapperFlushTest" type="NLog.UnitTests.Targets.Wrappers.AsyncTargetWrapperTests" method="AsyncTargetWrapperFlushTest" time="0.0883543" result="Pass" />
      <test name="NLog.UnitTests.Targets.Wrappers.AsyncTargetWrapperTests.AsyncTargetWrapperAsyncTest1" type="NLog.UnitTests.Targets.Wrappers.AsyncTargetWrapperTests" method="AsyncTargetWrapperAsyncTest1" time="0.1238187" result="Pass" />
      <test name="NLog.UnitTests.Targets.Wrappers.AsyncTargetWrapperTests.AsyncTargetWrapperCloseTest" type="NLog.UnitTests.Targets.Wrappers.AsyncTargetWrapperTests" method="AsyncTargetWrapperCloseTest" time="0.0011232" result="Pass" />
      <test name="NLog.UnitTests.Targets.Wrappers.AsyncTargetWrapperTests.AsyncTargetWrapperInitTest2" type="NLog.UnitTests.Targets.Wrappers.AsyncTargetWrapperTests" method="AsyncTargetWrapperInitTest2" time="0.0008674" result="Pass" />
      <test name="NLog.UnitTests.Targets.Wrappers.AsyncTargetWrapperTests.AsyncTargetWrapperAsyncWithExceptionTest1" type="NLog.UnitTests.Targets.Wrappers.AsyncTargetWrapperTests" method="AsyncTargetWrapperAsyncWithExceptionTest1" time="0.1222364" result="Pass" />
      <test name="NLog.UnitTests.Targets.Wrappers.AsyncTargetWrapperTests.AsyncTargetWrapperSyncTest1" type="NLog.UnitTests.Targets.Wrappers.AsyncTargetWrapperTests" method="AsyncTargetWrapperSyncTest1" time="0.122057" result="Pass" />
      <test name="NLog.UnitTests.Targets.Wrappers.AutoFlushTargetWrapperTests.AutoFlushTargetWrapperSyncTest1" type="NLog.UnitTests.Targets.Wrappers.AutoFlushTargetWrapperTests" method="AutoFlushTargetWrapperSyncTest1" time="0.0049905" result="Pass" />
      <test name="NLog.UnitTests.Targets.Wrappers.AutoFlushTargetWrapperTests.AutoFlushTargetWrapperAsyncTest1" type="NLog.UnitTests.Targets.Wrappers.AutoFlushTargetWrapperTests" method="AutoFlushTargetWrapperAsyncTest1" time="0.0051248" result="Pass" />
      <test name="NLog.UnitTests.Targets.Wrappers.AutoFlushTargetWrapperTests.AutoFlushTargetWrapperAsyncWithExceptionTest1" type="NLog.UnitTests.Targets.Wrappers.AutoFlushTargetWrapperTests" method="AutoFlushTargetWrapperAsyncWithExceptionTest1" time="0.0015415" result="Pass" />
      <test name="NLog.UnitTests.Targets.Wrappers.BufferingTargetWrapperTests.BufferingTargetWrapperSyncTest1" type="NLog.UnitTests.Targets.Wrappers.BufferingTargetWrapperTests" method="BufferingTargetWrapperSyncTest1" time="1.00603" result="Pass" />
      <test name="NLog.UnitTests.Targets.Wrappers.BufferingTargetWrapperTests.BufferingTargetWrapperAsyncTest1" type="NLog.UnitTests.Targets.Wrappers.BufferingTargetWrapperTests" method="BufferingTargetWrapperAsyncTest1" time="0.0157136" result="Pass" />
      <test name="NLog.UnitTests.Targets.Wrappers.BufferingTargetWrapperTests.BufferingTargetWrapperSyncWithTimedFlushTest" type="NLog.UnitTests.Targets.Wrappers.BufferingTargetWrapperTests" method="BufferingTargetWrapperSyncWithTimedFlushTest" time="3.0027564" result="Pass" />
      <test name="NLog.UnitTests.Targets.Wrappers.BufferingTargetWrapperTests.BufferingTargetWithFallbackGroupAndFirstTargetFails_Write_SecondTargetWritesEvents" type="NLog.UnitTests.Targets.Wrappers.BufferingTargetWrapperTests" method="BufferingTargetWithFallbackGroupAndFirstTargetFails_Write_SecondTargetWritesEvents" time="0.0051946" result="Pass" />
      <test name="NLog.UnitTests.Targets.Wrappers.BufferingTargetWrapperTests.BufferingTargetWrapperSyncWithTimedFlushNonSlidingTest" type="NLog.UnitTests.Targets.Wrappers.BufferingTargetWrapperTests" method="BufferingTargetWrapperSyncWithTimedFlushNonSlidingTest" time="0.412029" result="Pass" />
      <test name="NLog.UnitTests.Targets.Wrappers.BufferingTargetWrapperTests.BufferingTargetWrapperSyncWithTimedFlushSlidingTest" type="NLog.UnitTests.Targets.Wrappers.BufferingTargetWrapperTests" method="BufferingTargetWrapperSyncWithTimedFlushSlidingTest" time="0.8023104" result="Pass" />
      <test name="NLog.UnitTests.Targets.Wrappers.BufferingTargetWrapperTests.WhenWrappedTargetThrowsExceptionThisIsHandled" type="NLog.UnitTests.Targets.Wrappers.BufferingTargetWrapperTests" method="WhenWrappedTargetThrowsExceptionThisIsHandled" time="0.0033816" result="Pass" />
      <test name="NLog.UnitTests.Targets.Wrappers.FallbackGroupTargetTests.FallbackGroupTargetSyncTest5" type="NLog.UnitTests.Targets.Wrappers.FallbackGroupTargetTests" method="FallbackGroupTargetSyncTest5" time="0.016476" result="Pass" />
      <test name="NLog.UnitTests.Targets.Wrappers.FallbackGroupTargetTests.FirstTargetWorks_Write_AllEventsAreWrittenToFirstTarget" type="NLog.UnitTests.Targets.Wrappers.FallbackGroupTargetTests" method="FirstTargetWorks_Write_AllEventsAreWrittenToFirstTarget" time="0.0023519" result="Pass" />
      <test name="NLog.UnitTests.Targets.Wrappers.FallbackGroupTargetTests.FallbackGroupTargetSyncTest6" type="NLog.UnitTests.Targets.Wrappers.FallbackGroupTargetTests" method="FallbackGroupTargetSyncTest6" time="0.0068667" result="Pass" />
      <test name="NLog.UnitTests.Targets.Wrappers.FallbackGroupTargetTests.ReturnToFirstOnSuccessAndSecondTargetSucceeds_Write_ReturnToFirstTargetOnSuccess" type="NLog.UnitTests.Targets.Wrappers.FallbackGroupTargetTests" method="ReturnToFirstOnSuccessAndSecondTargetSucceeds_Write_ReturnToFirstTargetOnSuccess" time="0.0011515" result="Pass" />
      <test name="NLog.UnitTests.Targets.Wrappers.FallbackGroupTargetTests.FirstTwoTargetsFails_Write_ThirdTargetWritesAllEvents" type="NLog.UnitTests.Targets.Wrappers.FallbackGroupTargetTests" method="FirstTwoTargetsFails_Write_ThirdTargetWritesAllEvents" time="0.0013769" result="Pass" />
      <test name="NLog.UnitTests.Targets.Wrappers.FallbackGroupTargetTests.FirstTargetFails_Write_SecondTargetWritesAllEvents" type="NLog.UnitTests.Targets.Wrappers.FallbackGroupTargetTests" method="FirstTargetFails_Write_SecondTargetWritesAllEvents" time="0.0011166" result="Pass" />
      <test name="NLog.UnitTests.Targets.Wrappers.FilteringTargetWrapperTests.FilteringTargetWrapperAsyncWithExceptionTest2" type="NLog.UnitTests.Targets.Wrappers.FilteringTargetWrapperTests" method="FilteringTargetWrapperAsyncWithExceptionTest2" time="0.0036522" result="Pass" />
      <test name="NLog.UnitTests.Targets.Wrappers.FilteringTargetWrapperTests.FilteringTargetWrapperSyncTest2" type="NLog.UnitTests.Targets.Wrappers.FilteringTargetWrapperTests" method="FilteringTargetWrapperSyncTest2" time="0.0015858" result="Pass" />
      <test name="NLog.UnitTests.Targets.Wrappers.FilteringTargetWrapperTests.FilteringTargetWrapperAsyncTest2" type="NLog.UnitTests.Targets.Wrappers.FilteringTargetWrapperTests" method="FilteringTargetWrapperAsyncTest2" time="0.0011872" result="Pass" />
      <test name="NLog.UnitTests.Targets.Wrappers.FilteringTargetWrapperTests.FilteringTargetWrapperAsyncWithExceptionTest1" type="NLog.UnitTests.Targets.Wrappers.FilteringTargetWrapperTests" method="FilteringTargetWrapperAsyncWithExceptionTest1" time="0.0026123" result="Pass" />
      <test name="NLog.UnitTests.Targets.Wrappers.FilteringTargetWrapperTests.FilteringTargetWrapperSyncTest1" type="NLog.UnitTests.Targets.Wrappers.FilteringTargetWrapperTests" method="FilteringTargetWrapperSyncTest1" time="0.0016794" result="Pass" />
      <test name="NLog.UnitTests.Targets.Wrappers.FilteringTargetWrapperTests.FilteringTargetWrapperAsyncTest1" type="NLog.UnitTests.Targets.Wrappers.FilteringTargetWrapperTests" method="FilteringTargetWrapperAsyncTest1" time="0.0014122" result="Pass" />
      <test name="NLog.UnitTests.Targets.Wrappers.PostFilteringTargetWrapperTests.PostFilteringTargetWrapperUsingDefaultNonFilterTest" type="NLog.UnitTests.Targets.Wrappers.PostFilteringTargetWrapperTests" method="PostFilteringTargetWrapperUsingDefaultNonFilterTest" time="0.0095452" result="Pass" />
      <test name="NLog.UnitTests.Targets.Wrappers.PostFilteringTargetWrapperTests.PostFilteringTargetWrapperNoFiltersDefined" type="NLog.UnitTests.Targets.Wrappers.PostFilteringTargetWrapperTests" method="PostFilteringTargetWrapperNoFiltersDefined" time="0.0018379" result="Pass" />
      <test name="NLog.UnitTests.Targets.Wrappers.PostFilteringTargetWrapperTests.PostFilteringTargetWrapperUsingDefaultNonFilterTest2" type="NLog.UnitTests.Targets.Wrappers.PostFilteringTargetWrapperTests" method="PostFilteringTargetWrapperUsingDefaultNonFilterTest2" time="0.0032191" result="Pass" />
      <test name="NLog.UnitTests.Targets.Wrappers.PostFilteringTargetWrapperTests.PostFilteringTargetWrapperUsingDefaultFilterTest" type="NLog.UnitTests.Targets.Wrappers.PostFilteringTargetWrapperTests" method="PostFilteringTargetWrapperUsingDefaultFilterTest" time="0.0021421" result="Pass" />
      <test name="NLog.UnitTests.Targets.Wrappers.RandomizeGroupTargetTests.RandomizeGroupSyncTest1" type="NLog.UnitTests.Targets.Wrappers.RandomizeGroupTargetTests" method="RandomizeGroupSyncTest1" time="0.0049716" result="Pass" />
      <test name="NLog.UnitTests.Targets.Wrappers.RandomizeGroupTargetTests.RandomizeGroupSyncTest2" type="NLog.UnitTests.Targets.Wrappers.RandomizeGroupTargetTests" method="RandomizeGroupSyncTest2" time="0.0012804" result="Pass" />
      <test name="NLog.UnitTests.Targets.Wrappers.RepeatingTargetWrapperTests.RepeatingTargetWrapperTest1" type="NLog.UnitTests.Targets.Wrappers.RepeatingTargetWrapperTests" method="RepeatingTargetWrapperTest1" time="0.0040384" result="Pass" />
      <test name="NLog.UnitTests.Targets.Wrappers.RepeatingTargetWrapperTests.RepeatingTargetWrapperTest2" type="NLog.UnitTests.Targets.Wrappers.RepeatingTargetWrapperTests" method="RepeatingTargetWrapperTest2" time="0.0019676" result="Pass" />
      <test name="NLog.UnitTests.Targets.Wrappers.RetryingTargetWrapperTests.RetryingTargetWrapperTest1" type="NLog.UnitTests.Targets.Wrappers.RetryingTargetWrapperTests" method="RetryingTargetWrapperTest1" time="0.0040553" result="Pass" />
      <test name="NLog.UnitTests.Targets.Wrappers.RetryingTargetWrapperTests.RetryingTargetWrapperTest2" type="NLog.UnitTests.Targets.Wrappers.RetryingTargetWrapperTests" method="RetryingTargetWrapperTest2" time="0.0103158" result="Pass" />
      <test name="NLog.UnitTests.Targets.Wrappers.RoundRobinGroupTargetTests.RoundRobinGroupTargetSyncTest1" type="NLog.UnitTests.Targets.Wrappers.RoundRobinGroupTargetTests" method="RoundRobinGroupTargetSyncTest1" time="0.0027699" result="Pass" />
      <test name="NLog.UnitTests.Targets.Wrappers.RoundRobinGroupTargetTests.RoundRobinGroupTargetSyncTest2" type="NLog.UnitTests.Targets.Wrappers.RoundRobinGroupTargetTests" method="RoundRobinGroupTargetSyncTest2" time="0.0007278" result="Pass" />
      <test name="NLog.UnitTests.Targets.Wrappers.SplitGroupTargetTests.SplitGroupSyncTest2" type="NLog.UnitTests.Targets.Wrappers.SplitGroupTargetTests" method="SplitGroupSyncTest2" time="0.0016606" result="Pass" />
      <test name="NLog.UnitTests.Targets.Wrappers.SplitGroupTargetTests.SplitGroupSyncTest1" type="NLog.UnitTests.Targets.Wrappers.SplitGroupTargetTests" method="SplitGroupSyncTest1" time="0.0026824" result="Pass" />
      <test name="NLog.UnitTests.Targets.Wrappers.WrapperTargetBaseTests.WrapperTargetFlushTest" type="NLog.UnitTests.Targets.Wrappers.WrapperTargetBaseTests" method="WrapperTargetFlushTest" time="0.0010981" result="Pass" />
      <test name="NLog.UnitTests.Targets.Wrappers.WrapperTargetBaseTests.WrapperTargetDefaultWriteTest" type="NLog.UnitTests.Targets.Wrappers.WrapperTargetBaseTests" method="WrapperTargetDefaultWriteTest" time="0.0005238" result="Pass" />
      <test name="NLog.UnitTests.Targets.Wrappers.WrapperTargetBaseTests.WrapperTargetToStringTest" type="NLog.UnitTests.Targets.Wrappers.WrapperTargetBaseTests" method="WrapperTargetToStringTest" time="0.0005731" result="Pass" />
      <test name="NLog.UnitTests.LogReceiverService.LogReceiverForwardingServiceTests.ToLogEventInfoTest" type="NLog.UnitTests.LogReceiverService.LogReceiverForwardingServiceTests" method="ToLogEventInfoTest" time="0.0059577" result="Pass" />
      <test name="NLog.UnitTests.LogReceiverService.LogReceiverServiceTests.CompareSerializationFormats" type="NLog.UnitTests.LogReceiverService.LogReceiverServiceTests" method="CompareSerializationFormats" time="0.0255282" result="Pass" />
      <test name="NLog.UnitTests.LogReceiverService.LogReceiverServiceTests.RealTestLogReciever_one_way_binary" type="NLog.UnitTests.LogReceiverService.LogReceiverServiceTests" method="RealTestLogReciever_one_way_binary" time="0" result="Skip">
        <reason><![CDATA[unit test should listen to non-http for this]]></reason>
      </test>
      <test name="NLog.UnitTests.LogReceiverService.LogReceiverServiceTests.ToLogEventInfoTest" type="NLog.UnitTests.LogReceiverService.LogReceiverServiceTests" method="ToLogEventInfoTest" time="0.004192" result="Pass" />
      <test name="NLog.UnitTests.LogReceiverService.LogReceiverServiceTests.RealTestLogReciever_two_way_binary" type="NLog.UnitTests.LogReceiverService.LogReceiverServiceTests" method="RealTestLogReciever_two_way_binary" time="0" result="Skip">
        <reason><![CDATA[unit test should listen to non-http for this]]></reason>
      </test>
      <test name="NLog.UnitTests.LogReceiverService.LogReceiverServiceTests.RealTestLogReciever_one_way" type="NLog.UnitTests.LogReceiverService.LogReceiverServiceTests" method="RealTestLogReciever_one_way" time="1.9621774" result="Pass" />
      <test name="NLog.UnitTests.LogReceiverService.LogReceiverServiceTests.RealTestLogReciever_two_way" type="NLog.UnitTests.LogReceiverService.LogReceiverServiceTests" method="RealTestLogReciever_two_way" time="1.0247736" result="Pass" />
      <test name="NLog.UnitTests.LogReceiverService.LogReceiverServiceTests.NoLayoutsTest" type="NLog.UnitTests.LogReceiverService.LogReceiverServiceTests" method="NoLayoutsTest" time="0.0026475" result="Pass" />
      <test name="NLog.UnitTests.Layouts.AllEventPropertiesTests.CustomSeparator" type="NLog.UnitTests.Layouts.AllEventPropertiesTests" method="CustomSeparator" time="0.008437" result="Pass" />
      <test name="NLog.UnitTests.Layouts.AllEventPropertiesTests.AllParametersAreSetToDefault" type="NLog.UnitTests.Layouts.AllEventPropertiesTests" method="AllParametersAreSetToDefault" time="0.000559" result="Pass" />
      <test name="NLog.UnitTests.Layouts.AllEventPropertiesTests.TestInvalidCustomFormatWithoutValuePlaceholder" type="NLog.UnitTests.Layouts.AllEventPropertiesTests" method="TestInvalidCustomFormatWithoutValuePlaceholder" time="0.00142" result="Pass" />
      <test name="NLog.UnitTests.Layouts.AllEventPropertiesTests.TestInvalidCustomFormatWithoutKeyPlaceholder" type="NLog.UnitTests.Layouts.AllEventPropertiesTests" method="TestInvalidCustomFormatWithoutKeyPlaceholder" time="0.0012837" result="Pass" />
      <test name="NLog.UnitTests.Layouts.AllEventPropertiesTests.CustomFormat" type="NLog.UnitTests.Layouts.AllEventPropertiesTests" method="CustomFormat" time="0.0007611" result="Pass" />
      <test name="NLog.UnitTests.Layouts.AllEventPropertiesTests.AllEventWithFluent_without_callerInformation" type="NLog.UnitTests.Layouts.AllEventPropertiesTests" method="AllEventWithFluent_without_callerInformation" time="0.0143683" result="Pass" />
      <test name="NLog.UnitTests.Layouts.AllEventPropertiesTests.NoProperties" type="NLog.UnitTests.Layouts.AllEventPropertiesTests" method="NoProperties" time="0.0006136" result="Pass" />
      <test name="NLog.UnitTests.Layouts.CsvLayoutTests.CsvLayoutRenderingFullQuoting" type="NLog.UnitTests.Layouts.CsvLayoutTests" method="CsvLayoutRenderingFullQuoting" time="0.0124477" result="Pass" />
      <test name="NLog.UnitTests.Layouts.CsvLayoutTests.CsvLayoutRenderingNoQuoting" type="NLog.UnitTests.Layouts.CsvLayoutTests" method="CsvLayoutRenderingNoQuoting" time="0.0017928" result="Pass" />
      <test name="NLog.UnitTests.Layouts.CsvLayoutTests.CsvLayoutCachingTest" type="NLog.UnitTests.Layouts.CsvLayoutTests" method="CsvLayoutCachingTest" time="0.0009704" result="Pass" />
      <test name="NLog.UnitTests.Layouts.CsvLayoutTests.NoHeadersTest" type="NLog.UnitTests.Layouts.CsvLayoutTests" method="NoHeadersTest" time="0.0248717" result="Pass" />
      <test name="NLog.UnitTests.Layouts.CsvLayoutTests.CsvLayoutRenderingAutoQuoting" type="NLog.UnitTests.Layouts.CsvLayoutTests" method="CsvLayoutRenderingAutoQuoting" time="0.0011708" result="Pass" />
      <test name="NLog.UnitTests.Layouts.CsvLayoutTests.EndToEndTest" type="NLog.UnitTests.Layouts.CsvLayoutTests" method="EndToEndTest" time="0.0282485" result="Pass" />
      <test name="NLog.UnitTests.Layouts.JsonLayoutTests.JsonLayoutRenderingAndEncodingSpecialCharacters" type="NLog.UnitTests.Layouts.JsonLayoutTests" method="JsonLayoutRenderingAndEncodingSpecialCharacters" time="0.0041025" result="Pass" />
      <test name="NLog.UnitTests.Layouts.JsonLayoutTests.JsonLayoutRenderingAndEncodingLineBreaks" type="NLog.UnitTests.Layouts.JsonLayoutTests" method="JsonLayoutRenderingAndEncodingLineBreaks" time="0.0006194" result="Pass" />
      <test name="NLog.UnitTests.Layouts.JsonLayoutTests.JsonLayoutRenderingNoSpaces" type="NLog.UnitTests.Layouts.JsonLayoutTests" method="JsonLayoutRenderingNoSpaces" time="0.00069" result="Pass" />
      <test name="NLog.UnitTests.Layouts.JsonLayoutTests.JsonLayoutRenderingAndNotEncodingMessageAttribute" type="NLog.UnitTests.Layouts.JsonLayoutTests" method="JsonLayoutRenderingAndNotEncodingMessageAttribute" time="0.0004002" result="Pass" />
      <test name="NLog.UnitTests.Layouts.JsonLayoutTests.JsonLayoutRendering" type="NLog.UnitTests.Layouts.JsonLayoutTests" method="JsonLayoutRendering" time="0.0004051" result="Pass" />
      <test name="NLog.UnitTests.Layouts.JsonLayoutTests.JsonLayoutRenderingAndEncodingMessageAttribute" type="NLog.UnitTests.Layouts.JsonLayoutTests" method="JsonLayoutRenderingAndEncodingMessageAttribute" time="0.000399" result="Pass" />
      <test name="NLog.UnitTests.Layouts.SimpleLayoutOutputTests.SimpleLayoutToStringTest" type="NLog.UnitTests.Layouts.SimpleLayoutOutputTests" method="SimpleLayoutToStringTest" time="0.0009393" result="Pass" />
      <test name="NLog.UnitTests.Layouts.SimpleLayoutOutputTests.LayoutRendererThrows" type="NLog.UnitTests.Layouts.SimpleLayoutOutputTests" method="LayoutRendererThrows" time="0.001436" result="Pass" />
      <test name="NLog.UnitTests.Layouts.SimpleLayoutOutputTests.LayoutInitTest1" type="NLog.UnitTests.Layouts.SimpleLayoutOutputTests" method="LayoutInitTest1" time="0.0013962" result="Pass" />
      <test name="NLog.UnitTests.Layouts.SimpleLayoutOutputTests.LayoutRendererThrows2" type="NLog.UnitTests.Layouts.SimpleLayoutOutputTests" method="LayoutRendererThrows2" time="0.0021771" result="Pass" />
      <test name="NLog.UnitTests.Layouts.SimpleLayoutOutputTests.VeryLongRendererOutput" type="NLog.UnitTests.Layouts.SimpleLayoutOutputTests" method="VeryLongRendererOutput" time="0.0106282" result="Pass" />
      <test name="NLog.UnitTests.Layouts.SimpleLayoutOutputTests.SimpleLayoutCachingTest" type="NLog.UnitTests.Layouts.SimpleLayoutOutputTests" method="SimpleLayoutCachingTest" time="0.0002926" result="Pass" />
      <test name="NLog.UnitTests.Layouts.SimpleLayoutOutputTests.LayoutInitTest2" type="NLog.UnitTests.Layouts.SimpleLayoutOutputTests" method="LayoutInitTest2" time="0.0004338" result="Pass" />
      <test name="NLog.UnitTests.Layouts.SimpleLayoutParserTests.DoubleNestedLayoutWithDefaultLayoutParametersTest" type="NLog.UnitTests.Layouts.SimpleLayoutParserTests" method="DoubleNestedLayoutWithDefaultLayoutParametersTest" time="0.0016446" result="Pass" />
      <test name="NLog.UnitTests.Layouts.SimpleLayoutParserTests.InnerLayoutWithHashTest_and_layoutrender" type="NLog.UnitTests.Layouts.SimpleLayoutParserTests" method="InnerLayoutWithHashTest_and_layoutrender" time="0.0013017" result="Pass" />
      <test name="NLog.UnitTests.Layouts.SimpleLayoutParserTests.InnerLayoutWithSlashTest" type="NLog.UnitTests.Layouts.SimpleLayoutParserTests" method="InnerLayoutWithSlashTest" time="0.0002709" result="Pass" />
      <test name="NLog.UnitTests.Layouts.SimpleLayoutParserTests.EmptyValueTest" type="NLog.UnitTests.Layouts.SimpleLayoutParserTests" method="EmptyValueTest" time="0.0002623" result="Pass" />
      <test name="NLog.UnitTests.Layouts.SimpleLayoutParserTests.InnerLayoutWithHashTest" type="NLog.UnitTests.Layouts.SimpleLayoutParserTests" method="InnerLayoutWithHashTest" time="0.0002507" result="Pass" />
      <test name="NLog.UnitTests.Layouts.SimpleLayoutParserTests.DefaultValueWithBracketTest" type="NLog.UnitTests.Layouts.SimpleLayoutParserTests" method="DefaultValueWithBracketTest" time="0.000266" result="Pass" />
      <test name="NLog.UnitTests.Layouts.SimpleLayoutParserTests.ReverseDoubleAmbientPropertyTest" type="NLog.UnitTests.Layouts.SimpleLayoutParserTests" method="ReverseDoubleAmbientPropertyTest" time="0.0008645" result="Pass" />
      <test name="NLog.UnitTests.Layouts.SimpleLayoutParserTests.InnerLayoutWithBracketsTest" type="NLog.UnitTests.Layouts.SimpleLayoutParserTests" method="InnerLayoutWithBracketsTest" time="0.0002557" result="Pass" />
      <test name="NLog.UnitTests.Layouts.SimpleLayoutParserTests.UnclosedTest" type="NLog.UnitTests.Layouts.SimpleLayoutParserTests" method="UnclosedTest" time="0.0001321" result="Pass" />
      <test name="NLog.UnitTests.Layouts.SimpleLayoutParserTests.InnerLayoutWithSlashSingleTest" type="NLog.UnitTests.Layouts.SimpleLayoutParserTests" method="InnerLayoutWithSlashSingleTest" time="0.0002557" result="Pass" />
      <test name="NLog.UnitTests.Layouts.SimpleLayoutParserTests.InnerLayoutWithBracketsTest_needEscape" type="NLog.UnitTests.Layouts.SimpleLayoutParserTests" method="InnerLayoutWithBracketsTest_needEscape" time="0.000243" result="Pass" />
      <test name="NLog.UnitTests.Layouts.SimpleLayoutParserTests.InnerLayoutWithColonTest_with_workaround" type="NLog.UnitTests.Layouts.SimpleLayoutParserTests" method="InnerLayoutWithColonTest_with_workaround" time="0.000399" result="Pass" />
      <test name="NLog.UnitTests.Layouts.SimpleLayoutParserTests.InnerLayoutWithBracketsTest_needEscape3" type="NLog.UnitTests.Layouts.SimpleLayoutParserTests" method="InnerLayoutWithBracketsTest_needEscape3" time="0.0002545" result="Pass" />
      <test name="NLog.UnitTests.Layouts.SimpleLayoutParserTests.ValueWithColonTest" type="NLog.UnitTests.Layouts.SimpleLayoutParserTests" method="ValueWithColonTest" time="0.0002516" result="Pass" />
      <test name="NLog.UnitTests.Layouts.SimpleLayoutParserTests.EvaluateTest2" type="NLog.UnitTests.Layouts.SimpleLayoutParserTests" method="EvaluateTest2" time="0.0003953" result="Pass" />
      <test name="NLog.UnitTests.Layouts.SimpleLayoutParserTests.ValueWithBracketTest" type="NLog.UnitTests.Layouts.SimpleLayoutParserTests" method="ValueWithBracketTest" time="0.0002857" result="Pass" />
      <test name="NLog.UnitTests.Layouts.SimpleLayoutParserTests.DefaultValueTest" type="NLog.UnitTests.Layouts.SimpleLayoutParserTests" method="DefaultValueTest" time="0.0002963" result="Pass" />
      <test name="NLog.UnitTests.Layouts.SimpleLayoutParserTests.AmbientPropertyTest" type="NLog.UnitTests.Layouts.SimpleLayoutParserTests" method="AmbientPropertyTest" time="0.0004355" result="Pass" />
      <test name="NLog.UnitTests.Layouts.SimpleLayoutParserTests.InnerLayoutWithBracketsTest2" type="NLog.UnitTests.Layouts.SimpleLayoutParserTests" method="InnerLayoutWithBracketsTest2" time="0.0002824" result="Pass" />
      <test name="NLog.UnitTests.Layouts.SimpleLayoutParserTests.EscapeTest" type="NLog.UnitTests.Layouts.SimpleLayoutParserTests" method="EscapeTest" time="0.0005607" result="Pass" />
      <test name="NLog.UnitTests.Layouts.SimpleLayoutParserTests.DoubleNestedLayoutTest" type="NLog.UnitTests.Layouts.SimpleLayoutParserTests" method="DoubleNestedLayoutTest" time="0.0005796" result="Pass" />
      <test name="NLog.UnitTests.Layouts.SimpleLayoutParserTests.InnerLayoutWithBracketsTest_reverse" type="NLog.UnitTests.Layouts.SimpleLayoutParserTests" method="InnerLayoutWithBracketsTest_reverse" time="0.0002643" result="Pass" />
      <test name="NLog.UnitTests.Layouts.SimpleLayoutParserTests.SimpleTest" type="NLog.UnitTests.Layouts.SimpleLayoutParserTests" method="SimpleTest" time="0.0002298" result="Pass" />
      <test name="NLog.UnitTests.Layouts.SimpleLayoutParserTests.MissingLayoutRendererTest" type="NLog.UnitTests.Layouts.SimpleLayoutParserTests" method="MissingLayoutRendererTest" time="0.0007697" result="Pass" />
      <test name="NLog.UnitTests.Layouts.SimpleLayoutParserTests.DefaultValueWithOtherParametersTest" type="NLog.UnitTests.Layouts.SimpleLayoutParserTests" method="DefaultValueWithOtherParametersTest" time="0.0149611" result="Pass" />
      <test name="NLog.UnitTests.Layouts.SimpleLayoutParserTests.DoubleAmbientPropertyTest" type="NLog.UnitTests.Layouts.SimpleLayoutParserTests" method="DoubleAmbientPropertyTest" time="0.0006876" result="Pass" />
      <test name="NLog.UnitTests.Layouts.SimpleLayoutParserTests.EvaluateTest" type="NLog.UnitTests.Layouts.SimpleLayoutParserTests" method="EvaluateTest" time="0.0002331" result="Pass" />
      <test name="NLog.UnitTests.Layouts.SimpleLayoutParserTests.InnerLayoutWithBracketsTest_needEscape4" type="NLog.UnitTests.Layouts.SimpleLayoutParserTests" method="InnerLayoutWithBracketsTest_needEscape4" time="0.0003456" result="Pass" />
      <test name="NLog.UnitTests.Layouts.SimpleLayoutParserTests.LayoutParserEscapeCodesForRegExTestV2" type="NLog.UnitTests.Layouts.SimpleLayoutParserTests" method="LayoutParserEscapeCodesForRegExTestV2" time="0.0139643" result="Pass" />
      <test name="NLog.UnitTests.Layouts.SimpleLayoutParserTests.InnerLayoutWithHashTest_need_escape" type="NLog.UnitTests.Layouts.SimpleLayoutParserTests" method="InnerLayoutWithHashTest_need_escape" time="0.0003994" result="Pass" />
      <test name="NLog.UnitTests.Layouts.SimpleLayoutParserTests.InnerLayoutWithColonTest" type="NLog.UnitTests.Layouts.SimpleLayoutParserTests" method="InnerLayoutWithColonTest" time="0.0003596" result="Pass" />
      <test name="NLog.UnitTests.Layouts.SimpleLayoutParserTests.InnerLayoutWithBracketsTest_needEscape2" type="NLog.UnitTests.Layouts.SimpleLayoutParserTests" method="InnerLayoutWithBracketsTest_needEscape2" time="0.0003649" result="Pass" />
      <test name="NLog.UnitTests.Layouts.SimpleLayoutParserTests.InnerLayoutWithBracketsTest_needEscape5" type="NLog.UnitTests.Layouts.SimpleLayoutParserTests" method="InnerLayoutWithBracketsTest_needEscape5" time="0.0003522" result="Pass" />
      <test name="NLog.UnitTests.Layouts.SimpleLayoutParserTests.InnerLayoutWithBracketsTest_no_escape" type="NLog.UnitTests.Layouts.SimpleLayoutParserTests" method="InnerLayoutWithBracketsTest_no_escape" time="0.000353" result="Pass" />
      <test name="NLog.UnitTests.Layouts.SimpleLayoutParserTests.LayoutParserEscapeCodesForRegExTestV1" type="NLog.UnitTests.Layouts.SimpleLayoutParserTests" method="LayoutParserEscapeCodesForRegExTestV1" time="0.0129153" result="Pass" />
      <test name="NLog.UnitTests.Layouts.SimpleLayoutParserTests.SingleParamTest" type="NLog.UnitTests.Layouts.SimpleLayoutParserTests" method="SingleParamTest" time="0.0005102" result="Pass" />
      <test name="NLog.UnitTests.Layouts.SimpleLayoutParserTests.NestedLayoutTest" type="NLog.UnitTests.Layouts.SimpleLayoutParserTests" method="NestedLayoutTest" time="0.0007183" result="Pass" />
      <test name="NLog.UnitTests.Layouts.ThreadAgnosticTests.ThreadAgnosticAttributeTest" type="NLog.UnitTests.Layouts.ThreadAgnosticTests" method="ThreadAgnosticAttributeTest" time="0.0016154" result="Pass" />
      <test name="NLog.UnitTests.Layouts.ThreadAgnosticTests.AgnosticPlusAgnostic" type="NLog.UnitTests.Layouts.ThreadAgnosticTests" method="AgnosticPlusAgnostic" time="0.0005582" result="Pass" />
      <test name="NLog.UnitTests.Layouts.ThreadAgnosticTests.DoubleWrapperOverAgnostic" type="NLog.UnitTests.Layouts.ThreadAgnosticTests" method="DoubleWrapperOverAgnostic" time="0.0009269" result="Pass" />
      <test name="NLog.UnitTests.Layouts.ThreadAgnosticTests.TripleWrapperOverAgnostic" type="NLog.UnitTests.Layouts.ThreadAgnosticTests" method="TripleWrapperOverAgnostic" time="0.0005845" result="Pass" />
      <test name="NLog.UnitTests.Layouts.ThreadAgnosticTests.ComplexAgnosticWithCondition" type="NLog.UnitTests.Layouts.ThreadAgnosticTests" method="ComplexAgnosticWithCondition" time="0.0016527" result="Pass" />
      <test name="NLog.UnitTests.Layouts.ThreadAgnosticTests.TripleWrapperOverNonAgnostic" type="NLog.UnitTests.Layouts.ThreadAgnosticTests" method="TripleWrapperOverNonAgnostic" time="0.000608" result="Pass" />
      <test name="NLog.UnitTests.Layouts.ThreadAgnosticTests.CustomNotAgnosticTests" type="NLog.UnitTests.Layouts.ThreadAgnosticTests" method="CustomNotAgnosticTests" time="0.0006547" result="Pass" />
      <test name="NLog.UnitTests.Layouts.ThreadAgnosticTests.CsvNonAgnostic" type="NLog.UnitTests.Layouts.ThreadAgnosticTests" method="CsvNonAgnostic" time="0.000406" result="Pass" />
      <test name="NLog.UnitTests.Layouts.ThreadAgnosticTests.WrapperOverAgnostic" type="NLog.UnitTests.Layouts.ThreadAgnosticTests" method="WrapperOverAgnostic" time="0.0002537" result="Pass" />
      <test name="NLog.UnitTests.Layouts.ThreadAgnosticTests.AgnosticPlusNonAgnostic" type="NLog.UnitTests.Layouts.ThreadAgnosticTests" method="AgnosticPlusNonAgnostic" time="0.0001801" result="Pass" />
      <test name="NLog.UnitTests.Layouts.ThreadAgnosticTests.CustomAgnosticTests" type="NLog.UnitTests.Layouts.ThreadAgnosticTests" method="CustomAgnosticTests" time="0.0003907" result="Pass" />
      <test name="NLog.UnitTests.Layouts.ThreadAgnosticTests.ThreadAgnosticTest" type="NLog.UnitTests.Layouts.ThreadAgnosticTests" method="ThreadAgnosticTest" time="0.0001686" result="Pass" />
      <test name="NLog.UnitTests.Layouts.ThreadAgnosticTests.NonThreadAgnosticTest" type="NLog.UnitTests.Layouts.ThreadAgnosticTests" method="NonThreadAgnosticTest" time="0.0001546" result="Pass" />
      <test name="NLog.UnitTests.Layouts.ThreadAgnosticTests.CsvThreadAgnostic" type="NLog.UnitTests.Layouts.ThreadAgnosticTests" method="CsvThreadAgnostic" time="0.0003776" result="Pass" />
      <test name="NLog.UnitTests.Layouts.ThreadAgnosticTests.ComplexNonAgnosticWithCondition" type="NLog.UnitTests.Layouts.ThreadAgnosticTests" method="ComplexNonAgnosticWithCondition" time="0.0006255" result="Pass" />
      <test name="NLog.UnitTests.LayoutRenderers.AppDomainLayoutRendererTests.AppDomainTestLongFormatTest" type="NLog.UnitTests.LayoutRenderers.AppDomainLayoutRendererTests" method="AppDomainTestLongFormatTest" time="0.0012521" result="Pass" />
      <test name="NLog.UnitTests.LayoutRenderers.AppDomainLayoutRendererTests.AppDomainShortFormatTest" type="NLog.UnitTests.LayoutRenderers.AppDomainLayoutRendererTests" method="AppDomainShortFormatTest" time="0.0002463" result="Pass" />
      <test name="NLog.UnitTests.LayoutRenderers.AppDomainLayoutRendererTests.AppDomainCustomFormatTest" type="NLog.UnitTests.LayoutRenderers.AppDomainLayoutRendererTests" method="AppDomainCustomFormatTest" time="0.0002257" result="Pass" />
      <test name="NLog.UnitTests.LayoutRenderers.AppDomainLayoutRendererTests.AppDomainTest" type="NLog.UnitTests.LayoutRenderers.AppDomainLayoutRendererTests" method="AppDomainTest" time="0.0001982" result="Pass" />
      <test name="NLog.UnitTests.LayoutRenderers.AppSettingTests.UseAppSettingTest" type="NLog.UnitTests.LayoutRenderers.AppSettingTests" method="UseAppSettingTest" time="0.0013247" result="Pass" />
      <test name="NLog.UnitTests.LayoutRenderers.AppSettingTests.NoAppSettingTest" type="NLog.UnitTests.LayoutRenderers.AppSettingTests" method="NoAppSettingTest" time="0.0002343" result="Pass" />
      <test name="NLog.UnitTests.LayoutRenderers.AppSettingTests.FallbackToDefaultTest" type="NLog.UnitTests.LayoutRenderers.AppSettingTests" method="FallbackToDefaultTest" time="0.0002224" result="Pass" />
      <test name="NLog.UnitTests.LayoutRenderers.AppSettingTests.AppSettingOverridesDefaultTest" type="NLog.UnitTests.LayoutRenderers.AppSettingTests" method="AppSettingOverridesDefaultTest" time="0.0001706" result="Pass" />
      <test name="NLog.UnitTests.LayoutRenderers.AssemblyVersionTests.BaseDirTest" type="NLog.UnitTests.LayoutRenderers.AssemblyVersionTests" method="BaseDirTest" time="0.0005931" result="Pass" />
      <test name="NLog.UnitTests.LayoutRenderers.BaseDirTests.BaseDirFileCombineTest" type="NLog.UnitTests.LayoutRenderers.BaseDirTests" method="BaseDirFileCombineTest" time="0.0005049" result="Pass" />
      <test name="NLog.UnitTests.LayoutRenderers.BaseDirTests.BaseDirCombineTest" type="NLog.UnitTests.LayoutRenderers.BaseDirTests" method="BaseDirCombineTest" time="0.0003386" result="Pass" />
      <test name="NLog.UnitTests.LayoutRenderers.BaseDirTests.BaseDirTest" type="NLog.UnitTests.LayoutRenderers.BaseDirTests" method="BaseDirTest" time="0.0001859" result="Pass" />
      <test name="NLog.UnitTests.LayoutRenderers.BaseDirTests.BaseDirDirFileCombineTest" type="NLog.UnitTests.LayoutRenderers.BaseDirTests" method="BaseDirDirFileCombineTest" time="0.0002192" result="Pass" />
      <test name="NLog.UnitTests.LayoutRenderers.CallSiteLineNumberTests.LineNumberOnlyTest" type="NLog.UnitTests.LayoutRenderers.CallSiteLineNumberTests" method="LineNumberOnlyTest" time="0.0224787" result="Pass" />
      <test name="NLog.UnitTests.LayoutRenderers.CallSiteTests.MethodNameWithPaddingTestPadLeftAlignRightTest" type="NLog.UnitTests.LayoutRenderers.CallSiteTests" method="MethodNameWithPaddingTestPadLeftAlignRightTest" time="0.0105198" result="Pass" />
      <test name="NLog.UnitTests.LayoutRenderers.CallSiteTests.When_WrappedInCompsition_Ignore_Wrapper_Methods_In_Callstack" type="NLog.UnitTests.LayoutRenderers.CallSiteTests" method="When_WrappedInCompsition_Ignore_Wrapper_Methods_In_Callstack" time="0.0068532" result="Pass" />
      <test name="NLog.UnitTests.LayoutRenderers.CallSiteTests.ClassNameTest" type="NLog.UnitTests.LayoutRenderers.CallSiteTests" method="ClassNameTest" time="0.0054047" result="Pass" />
      <test name="NLog.UnitTests.LayoutRenderers.CallSiteTests.ClassNameWithPaddingTestPadRightAlignLeftTest" type="NLog.UnitTests.LayoutRenderers.CallSiteTests" method="ClassNameWithPaddingTestPadRightAlignLeftTest" time="0.0094064" result="Pass" />
      <test name="NLog.UnitTests.LayoutRenderers.CallSiteTests.GivenSkipFrameNotDefined_WhenLogging_ThenLogFirstUserStackFrame" type="NLog.UnitTests.LayoutRenderers.CallSiteTests" method="GivenSkipFrameNotDefined_WhenLogging_ThenLogFirstUserStackFrame" time="0.0095164" result="Pass" />
      <test name="NLog.UnitTests.LayoutRenderers.CallSiteTests.When_Wrapped_Ignore_Wrapper_Methods_In_Callstack" type="NLog.UnitTests.LayoutRenderers.CallSiteTests" method="When_Wrapped_Ignore_Wrapper_Methods_In_Callstack" time="0.0060867" result="Pass" />
      <test name="NLog.UnitTests.LayoutRenderers.CallSiteTests.CallsiteBySubclass_interface" type="NLog.UnitTests.LayoutRenderers.CallSiteTests" method="CallsiteBySubclass_interface" time="0.0065166" result="Pass" />
      <test name="NLog.UnitTests.LayoutRenderers.CallSiteTests.ClassNameWithPaddingTestPadLeftAlignLeftTest" type="NLog.UnitTests.LayoutRenderers.CallSiteTests" method="ClassNameWithPaddingTestPadLeftAlignLeftTest" time="0.0102964" result="Pass" />
      <test name="NLog.UnitTests.LayoutRenderers.CallSiteTests.MethodNameWithPaddingTestPadLeftAlignLeftTest" type="NLog.UnitTests.LayoutRenderers.CallSiteTests" method="MethodNameWithPaddingTestPadLeftAlignLeftTest" time="0.0129576" result="Pass" />
      <test name="NLog.UnitTests.LayoutRenderers.CallSiteTests.CleanMethodNamesOfAnonymousDelegatesTest" type="NLog.UnitTests.LayoutRenderers.CallSiteTests" method="CleanMethodNamesOfAnonymousDelegatesTest" time="0.0184602" result="Pass" />
      <test name="NLog.UnitTests.LayoutRenderers.CallSiteTests.MethodNameWithPaddingTestPadRightAlignRightTest" type="NLog.UnitTests.LayoutRenderers.CallSiteTests" method="MethodNameWithPaddingTestPadRightAlignRightTest" time="0.0074177" result="Pass" />
      <test name="NLog.UnitTests.LayoutRenderers.CallSiteTests.ClassNameWithPaddingTestPadRightAlignRightTest" type="NLog.UnitTests.LayoutRenderers.CallSiteTests" method="ClassNameWithPaddingTestPadRightAlignRightTest" time="0.0164768" result="Pass" />
      <test name="NLog.UnitTests.LayoutRenderers.CallSiteTests.DontCleanClassNamesOfAnonymousDelegatesTest" type="NLog.UnitTests.LayoutRenderers.CallSiteTests" method="DontCleanClassNamesOfAnonymousDelegatesTest" time="0.0178144" result="Pass" />
      <test name="NLog.UnitTests.LayoutRenderers.CallSiteTests.ClassNameWithPaddingTestPadLeftAlignRightTest" type="NLog.UnitTests.LayoutRenderers.CallSiteTests" method="ClassNameWithPaddingTestPadLeftAlignRightTest" time="0.007322" result="Pass" />
      <test name="NLog.UnitTests.LayoutRenderers.CallSiteTests.GivenOneSkipFrameDefined_WhenLogging_ShouldSkipOneUserStackFrame" type="NLog.UnitTests.LayoutRenderers.CallSiteTests" method="GivenOneSkipFrameDefined_WhenLogging_ShouldSkipOneUserStackFrame" time="0.0097845" result="Pass" />
      <test name="NLog.UnitTests.LayoutRenderers.CallSiteTests.CleanClassNamesOfAnonymousDelegatesTest" type="NLog.UnitTests.LayoutRenderers.CallSiteTests" method="CleanClassNamesOfAnonymousDelegatesTest" time="0.0153002" result="Pass" />
      <test name="NLog.UnitTests.LayoutRenderers.CallSiteTests.CallsiteBySubclass_mylogger" type="NLog.UnitTests.LayoutRenderers.CallSiteTests" method="CallsiteBySubclass_mylogger" time="0.0062201" result="Pass" />
      <test name="NLog.UnitTests.LayoutRenderers.CallSiteTests.DontCleanMethodNamesOfAnonymousDelegatesTest" type="NLog.UnitTests.LayoutRenderers.CallSiteTests" method="DontCleanMethodNamesOfAnonymousDelegatesTest" time="0.0156479" result="Pass" />
      <test name="NLog.UnitTests.LayoutRenderers.CallSiteTests.MethodNameTest" type="NLog.UnitTests.LayoutRenderers.CallSiteTests" method="MethodNameTest" time="0.0057295" result="Pass" />
      <test name="NLog.UnitTests.LayoutRenderers.CallSiteTests.MethodNameWithPaddingTestPadRightAlignLeftTest" type="NLog.UnitTests.LayoutRenderers.CallSiteTests" method="MethodNameWithPaddingTestPadRightAlignLeftTest" time="0.0095871" result="Pass" />
      <test name="NLog.UnitTests.LayoutRenderers.CallSiteTests.CallsiteBySubclass_logger" type="NLog.UnitTests.LayoutRenderers.CallSiteTests" method="CallsiteBySubclass_logger" time="0.010264" result="Pass" />
      <test name="NLog.UnitTests.LayoutRenderers.CallSiteTests.LineNumberTest" type="NLog.UnitTests.LayoutRenderers.CallSiteTests" method="LineNumberTest" time="0.0090504" result="Pass" />
      <test name="NLog.UnitTests.LayoutRenderers.CounterTests.LayoutCounterTest" type="NLog.UnitTests.LayoutRenderers.CounterTests" method="LayoutCounterTest" time="0.0099421" result="Pass" />
      <test name="NLog.UnitTests.LayoutRenderers.CounterTests.NamedCounterTest" type="NLog.UnitTests.LayoutRenderers.CounterTests" method="NamedCounterTest" time="0.0080413" result="Pass" />
      <test name="NLog.UnitTests.LayoutRenderers.CounterTests.PresetCounterTest" type="NLog.UnitTests.LayoutRenderers.CounterTests" method="PresetCounterTest" time="0.0082864" result="Pass" />
      <test name="NLog.UnitTests.LayoutRenderers.CounterTests.DefaultCounterTest" type="NLog.UnitTests.LayoutRenderers.CounterTests" method="DefaultCounterTest" time="0.0101289" result="Pass" />
      <test name="NLog.UnitTests.LayoutRenderers.DateTests.LocalTimeTest" type="NLog.UnitTests.LayoutRenderers.DateTests" method="LocalTimeTest" time="0.0004195" result="Pass" />
      <test name="NLog.UnitTests.LayoutRenderers.DateTests.FormattedDateTest" type="NLog.UnitTests.LayoutRenderers.DateTests" method="FormattedDateTest" time="0.0101413" result="Pass" />
      <test name="NLog.UnitTests.LayoutRenderers.DateTests.DefaultDateTest" type="NLog.UnitTests.LayoutRenderers.DateTests" method="DefaultDateTest" time="0.0099578" result="Pass" />
      <test name="NLog.UnitTests.LayoutRenderers.DateTests.UniversalTimeTest" type="NLog.UnitTests.LayoutRenderers.DateTests" method="UniversalTimeTest" time="0.0003062" result="Pass" />
      <test name="NLog.UnitTests.LayoutRenderers.EnvironmentTests.Environment_WhenVariableIsLayout_ShouldBeWrittenAsLayout" type="NLog.UnitTests.LayoutRenderers.EnvironmentTests" method="Environment_WhenVariableIsLayout_ShouldBeWrittenAsLayout" time="0.001117" result="Pass" />
      <test name="NLog.UnitTests.LayoutRenderers.EnvironmentTests.EnvironmentSimpleTest" type="NLog.UnitTests.LayoutRenderers.EnvironmentTests" method="EnvironmentSimpleTest" time="0.0002413" result="Pass" />
      <test name="NLog.UnitTests.LayoutRenderers.EnvironmentTests.EnvironmentTest" type="NLog.UnitTests.LayoutRenderers.EnvironmentTests" method="EnvironmentTest" time="0.0002372" result="Pass" />
      <test name="NLog.UnitTests.LayoutRenderers.EnvironmentTests.Environment_WhenDefaultEmpty_EmptyString" type="NLog.UnitTests.LayoutRenderers.EnvironmentTests" method="Environment_WhenDefaultEmpty_EmptyString" time="0.0004662" result="Pass" />
      <test name="NLog.UnitTests.LayoutRenderers.EnvironmentTests.Environment_WhenVariableIsLayoutAndExists_DoNothing" type="NLog.UnitTests.LayoutRenderers.EnvironmentTests" method="Environment_WhenVariableIsLayoutAndExists_DoNothing" time="0.0002072" result="Pass" />
      <test name="NLog.UnitTests.LayoutRenderers.EnvironmentTests.Environment_WhenVariableDoesNotExists_UseDefault" type="NLog.UnitTests.LayoutRenderers.EnvironmentTests" method="Environment_WhenVariableDoesNotExists_UseDefault" time="0.0002926" result="Pass" />
      <test name="NLog.UnitTests.LayoutRenderers.EnvironmentTests.Environment_WhenVariableExists_DoNothing" type="NLog.UnitTests.LayoutRenderers.EnvironmentTests" method="Environment_WhenVariableExists_DoNothing" time="0.000256" result="Pass" />
      <test name="NLog.UnitTests.LayoutRenderers.EventContextTests.Test2" type="NLog.UnitTests.LayoutRenderers.EventContextTests" method="Test2" time="0.0003028" result="Pass" />
      <test name="NLog.UnitTests.LayoutRenderers.EventContextTests.Test1" type="NLog.UnitTests.LayoutRenderers.EventContextTests" method="Test1" time="0.0001822" result="Pass" />
      <test name="NLog.UnitTests.LayoutRenderers.EventPropertiesTests.DateTimeFormat" type="NLog.UnitTests.LayoutRenderers.EventPropertiesTests" method="DateTimeFormat" time="0.0012528" result="Pass" />
      <test name="NLog.UnitTests.LayoutRenderers.EventPropertiesTests.Test2" type="NLog.UnitTests.LayoutRenderers.EventPropertiesTests" method="Test2" time="0.0002174" result="Pass" />
      <test name="NLog.UnitTests.LayoutRenderers.EventPropertiesTests.DateTimeCulture" type="NLog.UnitTests.LayoutRenderers.EventPropertiesTests" method="DateTimeCulture" time="0.0008037" result="Pass" />
      <test name="NLog.UnitTests.LayoutRenderers.EventPropertiesTests.Test1" type="NLog.UnitTests.LayoutRenderers.EventPropertiesTests" method="Test1" time="0.0001949" result="Pass" />
      <test name="NLog.UnitTests.LayoutRenderers.EventPropertiesTests.Null" type="NLog.UnitTests.LayoutRenderers.EventPropertiesTests" method="Null" time="0.0002068" result="Pass" />
      <test name="NLog.UnitTests.LayoutRenderers.EventPropertiesTests.DateTime" type="NLog.UnitTests.LayoutRenderers.EventPropertiesTests" method="DateTime" time="0.0002433" result="Pass" />
      <test name="NLog.UnitTests.LayoutRenderers.EventPropertiesTests.NoSet" type="NLog.UnitTests.LayoutRenderers.EventPropertiesTests" method="NoSet" time="0.0001797" result="Pass" />
      <test name="NLog.UnitTests.LayoutRenderers.ExceptionTests.ExceptionNewLineSeparatorTest" type="NLog.UnitTests.LayoutRenderers.ExceptionTests" method="ExceptionNewLineSeparatorTest" time="0.013745" result="Pass" />
      <test name="NLog.UnitTests.LayoutRenderers.ExceptionTests.ExcpetionTestAPI" type="NLog.UnitTests.LayoutRenderers.ExceptionTests" method="ExcpetionTestAPI" time="0.0086255" result="Pass" />
      <test name="NLog.UnitTests.LayoutRenderers.ExceptionTests.CustomInnerException_ObsoleteMethodTest" type="NLog.UnitTests.LayoutRenderers.ExceptionTests" method="CustomInnerException_ObsoleteMethodTest" time="0.0238614" result="Pass" />
      <test name="NLog.UnitTests.LayoutRenderers.ExceptionTests.ExceptionUsingInfoMethodTest" type="NLog.UnitTests.LayoutRenderers.ExceptionTests" method="ExceptionUsingInfoMethodTest" time="0.0289402" result="Pass" />
      <test name="NLog.UnitTests.LayoutRenderers.ExceptionTests.InnerExceptionTestAPI" type="NLog.UnitTests.LayoutRenderers.ExceptionTests" method="InnerExceptionTestAPI" time="0.0203795" result="Pass" />
      <test name="NLog.UnitTests.LayoutRenderers.ExceptionTests.ExceptionUsingFatalMethodTest" type="NLog.UnitTests.LayoutRenderers.ExceptionTests" method="ExceptionUsingFatalMethodTest" time="0.0191967" result="Pass" />
      <test name="NLog.UnitTests.LayoutRenderers.ExceptionTests.ErrorException_should_not_throw_exception_when_exception_message_property_throw_exception" type="NLog.UnitTests.LayoutRenderers.ExceptionTests" method="ErrorException_should_not_throw_exception_when_exception_message_property_throw_exception" time="0.0177163" result="Pass" />
      <test name="NLog.UnitTests.LayoutRenderers.ExceptionTests.CustomInnerExceptionTest" type="NLog.UnitTests.LayoutRenderers.ExceptionTests" method="CustomInnerExceptionTest" time="0.0216513" result="Pass" />
      <test name="NLog.UnitTests.LayoutRenderers.ExceptionTests.ExceptionUsingTraceMethodTest" type="NLog.UnitTests.LayoutRenderers.ExceptionTests" method="ExceptionUsingTraceMethodTest" time="0.0295237" result="Pass" />
      <test name="NLog.UnitTests.LayoutRenderers.ExceptionTests.ExceptionWithoutStackTrace_ObsoleteMethodTest" type="NLog.UnitTests.LayoutRenderers.ExceptionTests" method="ExceptionWithoutStackTrace_ObsoleteMethodTest" time="0.0515114" result="Pass" />
      <test name="NLog.UnitTests.LayoutRenderers.ExceptionTests.ExceptionWithStackTrace_ObsoleteMethodTest" type="NLog.UnitTests.LayoutRenderers.ExceptionTests" method="ExceptionWithStackTrace_ObsoleteMethodTest" time="0.079062" result="Pass" />
      <test name="NLog.UnitTests.LayoutRenderers.ExceptionTests.ExceptionWithoutMessageParam" type="NLog.UnitTests.LayoutRenderers.ExceptionTests" method="ExceptionWithoutMessageParam" time="0.0788932" result="Pass" />
      <test name="NLog.UnitTests.LayoutRenderers.ExceptionTests.ExceptionWithoutStackTraceTest" type="NLog.UnitTests.LayoutRenderers.ExceptionTests" method="ExceptionWithoutStackTraceTest" time="0.0774715" result="Pass" />
      <test name="NLog.UnitTests.LayoutRenderers.ExceptionTests.CustomExceptionLayoutRendrerInnerExceptionTest" type="NLog.UnitTests.LayoutRenderers.ExceptionTests" method="CustomExceptionLayoutRendrerInnerExceptionTest" time="0.0561501" result="Pass" />
      <test name="NLog.UnitTests.LayoutRenderers.ExceptionTests.InnerExceptionTest" type="NLog.UnitTests.LayoutRenderers.ExceptionTests" method="InnerExceptionTest" time="0.0226831" result="Pass" />
      <test name="NLog.UnitTests.LayoutRenderers.ExceptionTests.ExceptionUsingErrorMethodTest" type="NLog.UnitTests.LayoutRenderers.ExceptionTests" method="ExceptionUsingErrorMethodTest" time="0.0185657" result="Pass" />
      <test name="NLog.UnitTests.LayoutRenderers.ExceptionTests.ExceptionUsingLogMethodTest" type="NLog.UnitTests.LayoutRenderers.ExceptionTests" method="ExceptionUsingLogMethodTest" time="0.025706" result="Pass" />
      <test name="NLog.UnitTests.LayoutRenderers.ExceptionTests.ExceptionWithStackTraceTest" type="NLog.UnitTests.LayoutRenderers.ExceptionTests" method="ExceptionWithStackTraceTest" time="0.0517703" result="Pass" />
      <test name="NLog.UnitTests.LayoutRenderers.ExceptionTests.ExceptionUsingWarnMethodTest" type="NLog.UnitTests.LayoutRenderers.ExceptionTests" method="ExceptionUsingWarnMethodTest" time="0.0605504" result="Pass" />
      <test name="NLog.UnitTests.LayoutRenderers.ExceptionTests.ExceptionUsingDebugMethodTest" type="NLog.UnitTests.LayoutRenderers.ExceptionTests" method="ExceptionUsingDebugMethodTest" time="0.031734" result="Pass" />
      <test name="NLog.UnitTests.LayoutRenderers.FileContentsTests.FileContentUnicodeTest" type="NLog.UnitTests.LayoutRenderers.FileContentsTests" method="FileContentUnicodeTest" time="0.0031545" result="Pass" />
      <test name="NLog.UnitTests.LayoutRenderers.FileContentsTests.FileContentUTF8Test" type="NLog.UnitTests.LayoutRenderers.FileContentsTests" method="FileContentUTF8Test" time="0.0017743" result="Pass" />
      <test name="NLog.UnitTests.LayoutRenderers.FileContentsTests.FileContentTest2" type="NLog.UnitTests.LayoutRenderers.FileContentsTests" method="FileContentTest2" time="0.0011774" result="Pass" />
      <test name="NLog.UnitTests.LayoutRenderers.GDCTests.GDCTest" type="NLog.UnitTests.LayoutRenderers.GDCTests" method="GDCTest" time="0.0304288" result="Pass" />
      <test name="NLog.UnitTests.LayoutRenderers.IdentityTests.IdentityTest1" type="NLog.UnitTests.LayoutRenderers.IdentityTests" method="IdentityTest1" time="0.0041259" result="Pass" />
      <test name="NLog.UnitTests.LayoutRenderers.IdentityTests.IdentityTest2" type="NLog.UnitTests.LayoutRenderers.IdentityTests" method="IdentityTest2" time="0.0007586" result="Pass" />
      <test name="NLog.UnitTests.LayoutRenderers.LiteralTests.LiteralTest" type="NLog.UnitTests.LayoutRenderers.LiteralTests" method="LiteralTest" time="0.0190283" result="Pass" />
      <test name="NLog.UnitTests.LayoutRenderers.Log4JXmlTests.Log4JXmlTest" type="NLog.UnitTests.LayoutRenderers.Log4JXmlTests" method="Log4JXmlTest" time="0.0237284" result="Pass" />
      <test name="NLog.UnitTests.LayoutRenderers.LoggerNameTests.LoggerNameTest" type="NLog.UnitTests.LayoutRenderers.LoggerNameTests" method="LoggerNameTest" time="0.0114025" result="Pass" />
      <test name="NLog.UnitTests.LayoutRenderers.LogLevelTests.LogLevelTest" type="NLog.UnitTests.LayoutRenderers.LogLevelTests" method="LogLevelTest" time="0.0135459" result="Pass" />
      <test name="NLog.UnitTests.LayoutRenderers.LongDateTests.LocalTimeTest" type="NLog.UnitTests.LayoutRenderers.LongDateTests" method="LocalTimeTest" time="0.0004232" result="Pass" />
      <test name="NLog.UnitTests.LayoutRenderers.LongDateTests.LongDateWithPaddingPadRightAlignLeft" type="NLog.UnitTests.LayoutRenderers.LongDateTests" method="LongDateWithPaddingPadRightAlignLeft" time="0.0188185" result="Pass" />
      <test name="NLog.UnitTests.LayoutRenderers.LongDateTests.LongDateWithPaddingPadLeftAlignLeft" type="NLog.UnitTests.LayoutRenderers.LongDateTests" method="LongDateWithPaddingPadLeftAlignLeft" time="0.0139265" result="Pass" />
      <test name="NLog.UnitTests.LayoutRenderers.LongDateTests.UniversalTimeTest" type="NLog.UnitTests.LayoutRenderers.LongDateTests" method="UniversalTimeTest" time="0.0002849" result="Pass" />
      <test name="NLog.UnitTests.LayoutRenderers.LongDateTests.LongDateWithPaddingPadLeftAlignRight" type="NLog.UnitTests.LayoutRenderers.LongDateTests" method="LongDateWithPaddingPadLeftAlignRight" time="0.0130677" result="Pass" />
      <test name="NLog.UnitTests.LayoutRenderers.LongDateTests.LongDateWithPaddingPadRightAlignRight" type="NLog.UnitTests.LayoutRenderers.LongDateTests" method="LongDateWithPaddingPadRightAlignRight" time="0.0135964" result="Pass" />
      <test name="NLog.UnitTests.LayoutRenderers.LongDateTests.LongDateTest" type="NLog.UnitTests.LayoutRenderers.LongDateTests" method="LongDateTest" time="0.0110909" result="Pass" />
      <test name="NLog.UnitTests.LayoutRenderers.MDCTests.MDCTest" type="NLog.UnitTests.LayoutRenderers.MDCTests" method="MDCTest" time="0.014069" result="Pass" />
      <test name="NLog.UnitTests.LayoutRenderers.MessageTests.MessageFixedLengthRightPaddingLeftAlignmentTest" type="NLog.UnitTests.LayoutRenderers.MessageTests" method="MessageFixedLengthRightPaddingLeftAlignmentTest" time="0.0131247" result="Pass" />
      <test name="NLog.UnitTests.LayoutRenderers.MessageTests.MessageWithoutPaddingTest" type="NLog.UnitTests.LayoutRenderers.MessageTests" method="MessageWithoutPaddingTest" time="0.0107509" result="Pass" />
      <test name="NLog.UnitTests.LayoutRenderers.MessageTests.MessageWithExceptionAndCustomSeparatorTest" type="NLog.UnitTests.LayoutRenderers.MessageTests" method="MessageWithExceptionAndCustomSeparatorTest" time="0.0099159" result="Pass" />
      <test name="NLog.UnitTests.LayoutRenderers.MessageTests.MessageWithExceptionTest" type="NLog.UnitTests.LayoutRenderers.MessageTests" method="MessageWithExceptionTest" time="0.0094031" result="Pass" />
      <test name="NLog.UnitTests.LayoutRenderers.MessageTests.MessageFixedLengthLeftPaddingRightAlignmentTest" type="NLog.UnitTests.LayoutRenderers.MessageTests" method="MessageFixedLengthLeftPaddingRightAlignmentTest" time="0.0114645" result="Pass" />
      <test name="NLog.UnitTests.LayoutRenderers.MessageTests.MessageFixedLengthLeftPaddingLeftAlignmentTest" type="NLog.UnitTests.LayoutRenderers.MessageTests" method="MessageFixedLengthLeftPaddingLeftAlignmentTest" time="0.0158052" result="Pass" />
      <test name="NLog.UnitTests.LayoutRenderers.MessageTests.MessageLeftPaddingTest" type="NLog.UnitTests.LayoutRenderers.MessageTests" method="MessageLeftPaddingTest" time="0.0205434" result="Pass" />
      <test name="NLog.UnitTests.LayoutRenderers.MessageTests.MessageFixedLengthRightPaddingRightAlignmentTest" type="NLog.UnitTests.LayoutRenderers.MessageTests" method="MessageFixedLengthRightPaddingRightAlignmentTest" time="0.0227936" result="Pass" />
      <test name="NLog.UnitTests.LayoutRenderers.MessageTests.MessageRightPaddingTest" type="NLog.UnitTests.LayoutRenderers.MessageTests" method="MessageRightPaddingTest" time="0.0252289" result="Pass" />
      <test name="NLog.UnitTests.LayoutRenderers.NDCTests.NDCTopTestTest" type="NLog.UnitTests.LayoutRenderers.NDCTests" method="NDCTopTestTest" time="0.0182812" result="Pass" />
      <test name="NLog.UnitTests.LayoutRenderers.NDCTests.NDCSeparatorTest" type="NLog.UnitTests.LayoutRenderers.NDCTests" method="NDCSeparatorTest" time="0.014046" result="Pass" />
      <test name="NLog.UnitTests.LayoutRenderers.NDCTests.NDCTop1TestTest" type="NLog.UnitTests.LayoutRenderers.NDCTests" method="NDCTop1TestTest" time="0.014831" result="Pass" />
      <test name="NLog.UnitTests.LayoutRenderers.NDCTests.NDCTest" type="NLog.UnitTests.LayoutRenderers.NDCTests" method="NDCTest" time="0.0159115" result="Pass" />
      <test name="NLog.UnitTests.LayoutRenderers.NDCTests.NDCBottomTest" type="NLog.UnitTests.LayoutRenderers.NDCTests" method="NDCBottomTest" time="0.0196561" result="Pass" />
      <test name="NLog.UnitTests.LayoutRenderers.RegistryTests.RegistryKeyNotFoundTest_forward_slash" type="NLog.UnitTests.LayoutRenderers.RegistryTests" method="RegistryKeyNotFoundTest_forward_slash" time="0.0180438" result="Pass" />
      <test name="NLog.UnitTests.LayoutRenderers.RegistryTests.RegistyDefaultValueTest_with_slash" type="NLog.UnitTests.LayoutRenderers.RegistryTests" method="RegistyDefaultValueTest_with_slash" time="0.0007873" result="Pass" />
      <test name="NLog.UnitTests.LayoutRenderers.RegistryTests.RegistryNamedValueTest" type="NLog.UnitTests.LayoutRenderers.RegistryTests" method="RegistryNamedValueTest" time="0.0116537" result="Pass" />
      <test name="NLog.UnitTests.LayoutRenderers.RegistryTests.RegistryUnnamedValueTest_forward_slash" type="NLog.UnitTests.LayoutRenderers.RegistryTests" method="RegistryUnnamedValueTest_forward_slash" time="0.0116291" result="Pass" />
      <test name="NLog.UnitTests.LayoutRenderers.RegistryTests.RegistryValueNotFoundTest" type="NLog.UnitTests.LayoutRenderers.RegistryTests" method="RegistryValueNotFoundTest" time="0.0153584" result="Pass" />
      <test name="NLog.UnitTests.LayoutRenderers.RegistryTests.RegistyDefaultValueTest_with_colon" type="NLog.UnitTests.LayoutRenderers.RegistryTests" method="RegistyDefaultValueTest_with_colon" time="0.0009671" result="Pass" />
      <test name="NLog.UnitTests.LayoutRenderers.RegistryTests.RegistryUnnamedValueTest" type="NLog.UnitTests.LayoutRenderers.RegistryTests" method="RegistryUnnamedValueTest" time="0.0161824" result="Pass" />
      <test name="NLog.UnitTests.LayoutRenderers.RegistryTests.RegistyDefaultValueTest_with_foward_slash" type="NLog.UnitTests.LayoutRenderers.RegistryTests" method="RegistyDefaultValueTest_with_foward_slash" time="0.0006978" result="Pass" />
      <test name="NLog.UnitTests.LayoutRenderers.RegistryTests.RegistryKeyNotFoundTest" type="NLog.UnitTests.LayoutRenderers.RegistryTests" method="RegistryKeyNotFoundTest" time="0.0116869" result="Pass" />
      <test name="NLog.UnitTests.LayoutRenderers.RegistryTests.RegistyDefaultValueTest" type="NLog.UnitTests.LayoutRenderers.RegistryTests" method="RegistyDefaultValueTest" time="0.0006806" result="Pass" />
      <test name="NLog.UnitTests.LayoutRenderers.RegistryTests.RegistryNamedValueTest_forward_slash" type="NLog.UnitTests.LayoutRenderers.RegistryTests" method="RegistryNamedValueTest_forward_slash" time="0.0098107" result="Pass" />
      <test name="NLog.UnitTests.LayoutRenderers.Rot13Tests.Test2" type="NLog.UnitTests.LayoutRenderers.Rot13Tests" method="Test2" time="0.0008337" result="Pass" />
      <test name="NLog.UnitTests.LayoutRenderers.Rot13Tests.Test3" type="NLog.UnitTests.LayoutRenderers.Rot13Tests" method="Test3" time="0.0003431" result="Pass" />
      <test name="NLog.UnitTests.LayoutRenderers.Rot13Tests.Test5" type="NLog.UnitTests.LayoutRenderers.Rot13Tests" method="Test5" time="0.0100238" result="Pass" />
      <test name="NLog.UnitTests.LayoutRenderers.Rot13Tests.Test4" type="NLog.UnitTests.LayoutRenderers.Rot13Tests" method="Test4" time="0.0003046" result="Pass" />
      <test name="NLog.UnitTests.LayoutRenderers.Rot13Tests.Test1" type="NLog.UnitTests.LayoutRenderers.Rot13Tests" method="Test1" time="0.0001535" result="Pass" />
      <test name="NLog.UnitTests.LayoutRenderers.ShortDateTests.ShortDateTest" type="NLog.UnitTests.LayoutRenderers.ShortDateTests" method="ShortDateTest" time="0.009885" result="Pass" />
      <test name="NLog.UnitTests.LayoutRenderers.ShortDateTests.UniversalTimeTest" type="NLog.UnitTests.LayoutRenderers.ShortDateTests" method="UniversalTimeTest" time="0.0003008" result="Pass" />
      <test name="NLog.UnitTests.LayoutRenderers.ShortDateTests.LocalTimeTest" type="NLog.UnitTests.LayoutRenderers.ShortDateTests" method="LocalTimeTest" time="0.0001665" result="Pass" />
      <test name="NLog.UnitTests.LayoutRenderers.SpecialFolderTests.SpecialFolderFileCombineTest" type="NLog.UnitTests.LayoutRenderers.SpecialFolderTests" method="SpecialFolderFileCombineTest" time="0.0011572" result="Pass" />
      <test name="NLog.UnitTests.LayoutRenderers.SpecialFolderTests.SpecialFolderDirCombineTest" type="NLog.UnitTests.LayoutRenderers.SpecialFolderTests" method="SpecialFolderDirCombineTest" time="0.0003595" result="Pass" />
      <test name="NLog.UnitTests.LayoutRenderers.SpecialFolderTests.SpecialFolderDirFileCombineTest" type="NLog.UnitTests.LayoutRenderers.SpecialFolderTests" method="SpecialFolderDirFileCombineTest" time="0.0002577" result="Pass" />
      <test name="NLog.UnitTests.LayoutRenderers.SpecialFolderTests.SpecialFolderTest" type="NLog.UnitTests.LayoutRenderers.SpecialFolderTests" method="SpecialFolderTest" time="0.0153252" result="Pass" />
      <test name="NLog.UnitTests.LayoutRenderers.ThreadNameTests.ThreadNameTest" type="NLog.UnitTests.LayoutRenderers.ThreadNameTests" method="ThreadNameTest" time="0.0131481" result="Pass" />
      <test name="NLog.UnitTests.LayoutRenderers.TimeTests.LongDateWithPaddingPadLeftAlignRight" type="NLog.UnitTests.LayoutRenderers.TimeTests" method="LongDateWithPaddingPadLeftAlignRight" time="0.0160741" result="Pass" />
      <test name="NLog.UnitTests.LayoutRenderers.TimeTests.TimeTest" type="NLog.UnitTests.LayoutRenderers.TimeTests" method="TimeTest" time="0.0132043" result="Pass" />
      <test name="NLog.UnitTests.LayoutRenderers.TimeTests.LongDateWithPaddingPadRightAlignRight" type="NLog.UnitTests.LayoutRenderers.TimeTests" method="LongDateWithPaddingPadRightAlignRight" time="0.0126046" result="Pass" />
      <test name="NLog.UnitTests.LayoutRenderers.TimeTests.LongDateWithPaddingPadLeftAlignLeft" type="NLog.UnitTests.LayoutRenderers.TimeTests" method="LongDateWithPaddingPadLeftAlignLeft" time="0.0152825" result="Pass" />
      <test name="NLog.UnitTests.LayoutRenderers.TimeTests.LongDateWithPaddingPadRightAlignLeft" type="NLog.UnitTests.LayoutRenderers.TimeTests" method="LongDateWithPaddingPadRightAlignLeft" time="0.0149422" result="Pass" />
      <test name="NLog.UnitTests.LayoutRenderers.TimeTests.UniversalTimeTest" type="NLog.UnitTests.LayoutRenderers.TimeTests" method="UniversalTimeTest" time="0.0003472" result="Pass" />
      <test name="NLog.UnitTests.LayoutRenderers.TimeTests.LocalTimeTest" type="NLog.UnitTests.LayoutRenderers.TimeTests" method="LocalTimeTest" time="0.0001694" result="Pass" />
      <test name="NLog.UnitTests.LayoutRenderers.VariableLayoutRendererTests.null_should_not_use_default" type="NLog.UnitTests.LayoutRenderers.VariableLayoutRendererTests" method="null_should_not_use_default" time="0.0021266" result="Pass" />
      <test name="NLog.UnitTests.LayoutRenderers.VariableLayoutRendererTests.Var_default" type="NLog.UnitTests.LayoutRenderers.VariableLayoutRendererTests" method="Var_default" time="0.0082031" result="Pass" />
      <test name="NLog.UnitTests.LayoutRenderers.VariableLayoutRendererTests.Var_default_after_clear" type="NLog.UnitTests.LayoutRenderers.VariableLayoutRendererTests" method="Var_default_after_clear" time="0.0163356" result="Pass" />
      <test name="NLog.UnitTests.LayoutRenderers.VariableLayoutRendererTests.Var_default_after_xml_emptyString" type="NLog.UnitTests.LayoutRenderers.VariableLayoutRendererTests" method="Var_default_after_xml_emptyString" time="0.0172084" result="Pass" />
      <test name="NLog.UnitTests.LayoutRenderers.VariableLayoutRendererTests.Var_from_xml_and_edit" type="NLog.UnitTests.LayoutRenderers.VariableLayoutRendererTests" method="Var_from_xml_and_edit" time="0.0152185" result="Pass" />
      <test name="NLog.UnitTests.LayoutRenderers.VariableLayoutRendererTests.Var_with_layout_renderers" type="NLog.UnitTests.LayoutRenderers.VariableLayoutRendererTests" method="Var_with_layout_renderers" time="0.0153675" result="Pass" />
      <test name="NLog.UnitTests.LayoutRenderers.VariableLayoutRendererTests.Var_from_xml" type="NLog.UnitTests.LayoutRenderers.VariableLayoutRendererTests" method="Var_from_xml" time="0.015216" result="Pass" />
      <test name="NLog.UnitTests.LayoutRenderers.VariableLayoutRendererTests.notset_should_use_default" type="NLog.UnitTests.LayoutRenderers.VariableLayoutRendererTests" method="notset_should_use_default" time="0.0006272" result="Pass" />
      <test name="NLog.UnitTests.LayoutRenderers.VariableLayoutRendererTests.Var_default_after_set_emptyString" type="NLog.UnitTests.LayoutRenderers.VariableLayoutRendererTests" method="Var_default_after_set_emptyString" time="0.0078989" result="Pass" />
      <test name="NLog.UnitTests.LayoutRenderers.VariableLayoutRendererTests.Var_from_api" type="NLog.UnitTests.LayoutRenderers.VariableLayoutRendererTests" method="Var_from_api" time="0.0149697" result="Pass" />
      <test name="NLog.UnitTests.LayoutRenderers.VariableLayoutRendererTests.Var_default_after_set_null" type="NLog.UnitTests.LayoutRenderers.VariableLayoutRendererTests" method="Var_default_after_set_null" time="0.0155474" result="Pass" />
      <test name="NLog.UnitTests.LayoutRenderers.VariableLayoutRendererTests.null_should_be_ok" type="NLog.UnitTests.LayoutRenderers.VariableLayoutRendererTests" method="null_should_be_ok" time="0.0007007" result="Pass" />
      <test name="NLog.UnitTests.LayoutRenderers.VariableLayoutRendererTests.Var_with_other_var" type="NLog.UnitTests.LayoutRenderers.VariableLayoutRendererTests" method="Var_with_other_var" time="0.0081037" result="Pass" />
      <test name="NLog.UnitTests.LayoutRenderers.VariableLayoutRendererTests.test_with_mockLogManager" type="NLog.UnitTests.LayoutRenderers.VariableLayoutRendererTests" method="test_with_mockLogManager" time="0.001115" result="Pass" />
      <test name="NLog.UnitTests.LayoutRenderers.Wrappers.CachedTests.CachedLayoutRendererWrapper" type="NLog.UnitTests.LayoutRenderers.Wrappers.CachedTests" method="CachedLayoutRendererWrapper" time="0.0020428" result="Pass" />
      <test name="NLog.UnitTests.LayoutRenderers.Wrappers.FileSystemNormalizeTests.FSNormalizeTest2" type="NLog.UnitTests.LayoutRenderers.Wrappers.FileSystemNormalizeTests" method="FSNormalizeTest2" time="0.0004995" result="Pass" />
      <test name="NLog.UnitTests.LayoutRenderers.Wrappers.FileSystemNormalizeTests.FSNormalizeTest1" type="NLog.UnitTests.LayoutRenderers.Wrappers.FileSystemNormalizeTests" method="FSNormalizeTest1" time="0.0003575" result="Pass" />
      <test name="NLog.UnitTests.LayoutRenderers.Wrappers.JsonEncodeTests.JsonEncodeTest1" type="NLog.UnitTests.LayoutRenderers.Wrappers.JsonEncodeTests" method="JsonEncodeTest1" time="0.000424" result="Pass" />
      <test name="NLog.UnitTests.LayoutRenderers.Wrappers.OnExceptionTests.OnExceptionTest1" type="NLog.UnitTests.LayoutRenderers.Wrappers.OnExceptionTests" method="OnExceptionTest1" time="0.0007997" result="Pass" />
      <test name="NLog.UnitTests.LayoutRenderers.Wrappers.PaddingTests.PositivePaddingWithLeftAlign" type="NLog.UnitTests.LayoutRenderers.Wrappers.PaddingTests" method="PositivePaddingWithLeftAlign" time="0.0008846" result="Pass" />
      <test name="NLog.UnitTests.LayoutRenderers.Wrappers.PaddingTests.NegativePaddingWithRightAlign" type="NLog.UnitTests.LayoutRenderers.Wrappers.PaddingTests" method="NegativePaddingWithRightAlign" time="0.0007939" result="Pass" />
      <test name="NLog.UnitTests.LayoutRenderers.Wrappers.PaddingTests.DefaultAlignmentIsLeft" type="NLog.UnitTests.LayoutRenderers.Wrappers.PaddingTests" method="DefaultAlignmentIsLeft" time="0.0004211" result="Pass" />
      <test name="NLog.UnitTests.LayoutRenderers.Wrappers.PaddingTests.PositivePaddingWithRightAlign" type="NLog.UnitTests.LayoutRenderers.Wrappers.PaddingTests" method="PositivePaddingWithRightAlign" time="0.0008013" result="Pass" />
      <test name="NLog.UnitTests.LayoutRenderers.Wrappers.PaddingTests.NegativePaddingWithLeftAlign" type="NLog.UnitTests.LayoutRenderers.Wrappers.PaddingTests" method="NegativePaddingWithLeftAlign" time="0.0008264" result="Pass" />
      <test name="NLog.UnitTests.LayoutRenderers.Wrappers.ReplaceNewLinesTests.ReplaceNewLineWithSpecifiedSeparationStringTest" type="NLog.UnitTests.LayoutRenderers.Wrappers.ReplaceNewLinesTests" method="ReplaceNewLineWithSpecifiedSeparationStringTest" time="0.0008034" result="Pass" />
      <test name="NLog.UnitTests.LayoutRenderers.Wrappers.ReplaceNewLinesTests.ReplaceNewLineOneLineTest" type="NLog.UnitTests.LayoutRenderers.Wrappers.ReplaceNewLinesTests" method="ReplaceNewLineOneLineTest" time="0.0002236" result="Pass" />
      <test name="NLog.UnitTests.LayoutRenderers.Wrappers.ReplaceNewLinesTests.ReplaceNewLineWithNoEmptySeparationStringTest" type="NLog.UnitTests.LayoutRenderers.Wrappers.ReplaceNewLinesTests" method="ReplaceNewLineWithNoEmptySeparationStringTest" time="0.0002339" result="Pass" />
      <test name="NLog.UnitTests.LayoutRenderers.Wrappers.ReplaceNewLinesTests.ReplaceNewLineWithDefaultTest" type="NLog.UnitTests.LayoutRenderers.Wrappers.ReplaceNewLinesTests" method="ReplaceNewLineWithDefaultTest" time="0.0002203" result="Pass" />
      <test name="NLog.UnitTests.LayoutRenderers.Wrappers.ReplaceTests.ReplaceTestWithComplexRegEx" type="NLog.UnitTests.LayoutRenderers.Wrappers.ReplaceTests" method="ReplaceTestWithComplexRegEx" time="0.0142504" result="Pass" />
      <test name="NLog.UnitTests.LayoutRenderers.Wrappers.ReplaceTests.ReplaceTestWithSimpleRegExFromConfig" type="NLog.UnitTests.LayoutRenderers.Wrappers.ReplaceTests" method="ReplaceTestWithSimpleRegExFromConfig" time="0.0089383" result="Pass" />
      <test name="NLog.UnitTests.LayoutRenderers.Wrappers.ReplaceTests.ReplaceTestWithSimpleRegEx" type="NLog.UnitTests.LayoutRenderers.Wrappers.ReplaceTests" method="ReplaceTestWithSimpleRegEx" time="0.0012344" result="Pass" />
      <test name="NLog.UnitTests.LayoutRenderers.Wrappers.ReplaceTests.ReplaceNamedGroupTests" type="NLog.UnitTests.LayoutRenderers.Wrappers.ReplaceTests" method="ReplaceNamedGroupTests" time="0.0053711" result="Pass" />
      <test name="NLog.UnitTests.LayoutRenderers.Wrappers.ReplaceTests.ReplaceTestWithSimpleRegExFromConfig2" type="NLog.UnitTests.LayoutRenderers.Wrappers.ReplaceTests" method="ReplaceTestWithSimpleRegExFromConfig2" time="0.0086555" result="Pass" />
      <test name="NLog.UnitTests.LayoutRenderers.Wrappers.TrimWhiteSpaceTests.TrimWhiteSpaceTest1" type="NLog.UnitTests.LayoutRenderers.Wrappers.TrimWhiteSpaceTests" method="TrimWhiteSpaceTest1" time="0.0007861" result="Pass" />
      <test name="NLog.UnitTests.LayoutRenderers.Wrappers.WhenEmptyTests.CoalesceWithANestedLayout" type="NLog.UnitTests.LayoutRenderers.Wrappers.WhenEmptyTests" method="CoalesceWithANestedLayout" time="0.0008637" result="Pass" />
      <test name="NLog.UnitTests.LayoutRenderers.Wrappers.WhenEmptyTests.CoalesceTest" type="NLog.UnitTests.LayoutRenderers.Wrappers.WhenEmptyTests" method="CoalesceTest" time="0.0002454" result="Pass" />
      <test name="NLog.UnitTests.LayoutRenderers.Wrappers.WhenTests.ComplexWhenTest" type="NLog.UnitTests.LayoutRenderers.Wrappers.WhenTests" method="ComplexWhenTest" time="0.0007364" result="Pass" />
      <test name="NLog.UnitTests.LayoutRenderers.Wrappers.WhenTests.PositiveWhenTest" type="NLog.UnitTests.LayoutRenderers.Wrappers.WhenTests" method="PositiveWhenTest" time="0.000408" result="Pass" />
      <test name="NLog.UnitTests.LayoutRenderers.Wrappers.WhenTests.ComplexWhenTest2" type="NLog.UnitTests.LayoutRenderers.Wrappers.WhenTests" method="ComplexWhenTest2" time="0.0004494" result="Pass" />
      <test name="NLog.UnitTests.LayoutRenderers.Wrappers.WhenTests.NegativeWhenTest" type="NLog.UnitTests.LayoutRenderers.Wrappers.WhenTests" method="NegativeWhenTest" time="0.0002482" result="Pass" />
      <test name="NLog.UnitTests.LayoutRenderers.Wrappers.XmlEncodeTests.XmlEncodeTest1" type="NLog.UnitTests.LayoutRenderers.Wrappers.XmlEncodeTests" method="XmlEncodeTest1" time="0.0009236" result="Pass" />
      <test name="NLog.UnitTests.Internal.EnumHelpersTests.EnumParse_whitespace_ignoreCaseTrue" type="NLog.UnitTests.Internal.EnumHelpersTests" method="EnumParse_whitespace_ignoreCaseTrue" time="0.0023852" result="Pass" />
      <test name="NLog.UnitTests.Internal.EnumHelpersTests.EnumParseBar_ignoreCaseTrue" type="NLog.UnitTests.Internal.EnumHelpersTests" method="EnumParseBar_ignoreCaseTrue" time="0.0001272" result="Pass" />
      <test name="NLog.UnitTests.Internal.EnumHelpersTests.EnumParse2_ignoreCaseTrue" type="NLog.UnitTests.Internal.EnumHelpersTests" method="EnumParse2_ignoreCaseTrue" time="0.000091" result="Pass" />
      <test name="NLog.UnitTests.Internal.EnumHelpersTests.EnumParseBar" type="NLog.UnitTests.Internal.EnumHelpersTests" method="EnumParseBar" time="0.0003193" result="Pass" />
      <test name="NLog.UnitTests.Internal.EnumHelpersTests.EnumParse_null_ignoreCaseTrue" type="NLog.UnitTests.Internal.EnumHelpersTests" method="EnumParse_null_ignoreCaseTrue" time="0.0000885" result="Pass" />
      <test name="NLog.UnitTests.Internal.EnumHelpersTests.EnumParseDefault_ignoreCaseTrue" type="NLog.UnitTests.Internal.EnumHelpersTests" method="EnumParseDefault_ignoreCaseTrue" time="0.0000877" result="Pass" />
      <test name="NLog.UnitTests.Internal.EnumHelpersTests.EnumParse_null_ArgumentException_ignoreCaseTrue" type="NLog.UnitTests.Internal.EnumHelpersTests" method="EnumParse_null_ArgumentException_ignoreCaseTrue" time="0.0008071" result="Pass" />
      <test name="NLog.UnitTests.Internal.EnumHelpersTests.EnumParseBar3_ignoreCaseTrue" type="NLog.UnitTests.Internal.EnumHelpersTests" method="EnumParseBar3_ignoreCaseTrue" time="0.0001067" result="Pass" />
      <test name="NLog.UnitTests.Internal.EnumHelpersTests.EnumParse1_ignoreCaseFalse" type="NLog.UnitTests.Internal.EnumHelpersTests" method="EnumParse1_ignoreCaseFalse" time="0.0000881" result="Pass" />
      <test name="NLog.UnitTests.Internal.EnumHelpersTests.EnumParse_ArgumentException_ignoreCaseTrue" type="NLog.UnitTests.Internal.EnumHelpersTests" method="EnumParse_ArgumentException_ignoreCaseTrue" time="0.0003997" result="Pass" />
      <test name="NLog.UnitTests.Internal.EnumHelpersTests.EnumParse_emptystring_ignoreCaseFalse" type="NLog.UnitTests.Internal.EnumHelpersTests" method="EnumParse_emptystring_ignoreCaseFalse" time="0.000096" result="Pass" />
      <test name="NLog.UnitTests.Internal.EnumHelpersTests.EnumParseBar_ignoreCaseFalse" type="NLog.UnitTests.Internal.EnumHelpersTests" method="EnumParseBar_ignoreCaseFalse" time="0.0000857" result="Pass" />
      <test name="NLog.UnitTests.Internal.EnumHelpersTests.EnumParse_null_ArgumentException" type="NLog.UnitTests.Internal.EnumHelpersTests" method="EnumParse_null_ArgumentException" time="0.0005451" result="Pass" />
      <test name="NLog.UnitTests.Internal.EnumHelpersTests.EnumParse2" type="NLog.UnitTests.Internal.EnumHelpersTests" method="EnumParse2" time="0.0000927" result="Pass" />
      <test name="NLog.UnitTests.Internal.EnumHelpersTests.EnumParseDefault2_ignoreCaseFalse" type="NLog.UnitTests.Internal.EnumHelpersTests" method="EnumParseDefault2_ignoreCaseFalse" time="0.0000873" result="Pass" />
      <test name="NLog.UnitTests.Internal.EnumHelpersTests.EnumParseBar2_ignoreCaseTrue" type="NLog.UnitTests.Internal.EnumHelpersTests" method="EnumParseBar2_ignoreCaseTrue" time="0.0000848" result="Pass" />
      <test name="NLog.UnitTests.Internal.EnumHelpersTests.EnumParseDefault2" type="NLog.UnitTests.Internal.EnumHelpersTests" method="EnumParseDefault2" time="0.0000836" result="Pass" />
      <test name="NLog.UnitTests.Internal.EnumHelpersTests.EnumParseBar3" type="NLog.UnitTests.Internal.EnumHelpersTests" method="EnumParseBar3" time="0.0000807" result="Pass" />
      <test name="NLog.UnitTests.Internal.EnumHelpersTests.EnumParseBar3_ignoreCaseFalse" type="NLog.UnitTests.Internal.EnumHelpersTests" method="EnumParseBar3_ignoreCaseFalse" time="0.0000795" result="Pass" />
      <test name="NLog.UnitTests.Internal.EnumHelpersTests.EnumParse_ArgumentException" type="NLog.UnitTests.Internal.EnumHelpersTests" method="EnumParse_ArgumentException" time="0.0003993" result="Pass" />
      <test name="NLog.UnitTests.Internal.EnumHelpersTests.EnumParseBar2" type="NLog.UnitTests.Internal.EnumHelpersTests" method="EnumParseBar2" time="0.0000923" result="Pass" />
      <test name="NLog.UnitTests.Internal.EnumHelpersTests.EnumParse_ArgumentException_ignoreCaseFalse" type="NLog.UnitTests.Internal.EnumHelpersTests" method="EnumParse_ArgumentException_ignoreCaseFalse" time="0.0004047" result="Pass" />
      <test name="NLog.UnitTests.Internal.EnumHelpersTests.EnumParse_null_ignoreCaseFalse" type="NLog.UnitTests.Internal.EnumHelpersTests" method="EnumParse_null_ignoreCaseFalse" time="0.000089" result="Pass" />
      <test name="NLog.UnitTests.Internal.EnumHelpersTests.EnumParseDefault_ignoreCaseFalse" type="NLog.UnitTests.Internal.EnumHelpersTests" method="EnumParseDefault_ignoreCaseFalse" time="0.0000836" result="Pass" />
      <test name="NLog.UnitTests.Internal.EnumHelpersTests.EnumParse2_ignoreCaseFalse" type="NLog.UnitTests.Internal.EnumHelpersTests" method="EnumParse2_ignoreCaseFalse" time="0.0000803" result="Pass" />
      <test name="NLog.UnitTests.Internal.EnumHelpersTests.EnumParse1_ignoreCaseTrue" type="NLog.UnitTests.Internal.EnumHelpersTests" method="EnumParse1_ignoreCaseTrue" time="0.0000783" result="Pass" />
      <test name="NLog.UnitTests.Internal.EnumHelpersTests.EnumParse_whitespace_ignoreCaseFalse" type="NLog.UnitTests.Internal.EnumHelpersTests" method="EnumParse_whitespace_ignoreCaseFalse" time="0.0000832" result="Pass" />
      <test name="NLog.UnitTests.Internal.EnumHelpersTests.EnumParse_emptystring_ignoreCaseTrue" type="NLog.UnitTests.Internal.EnumHelpersTests" method="EnumParse_emptystring_ignoreCaseTrue" time="0.0000803" result="Pass" />
      <test name="NLog.UnitTests.Internal.EnumHelpersTests.EnumParseDefault2_ignoreCaseTrue" type="NLog.UnitTests.Internal.EnumHelpersTests" method="EnumParseDefault2_ignoreCaseTrue" time="0.0000758" result="Pass" />
      <test name="NLog.UnitTests.Internal.EnumHelpersTests.EnumParseDefault" type="NLog.UnitTests.Internal.EnumHelpersTests" method="EnumParseDefault" time="0.0000754" result="Pass" />
      <test name="NLog.UnitTests.Internal.EnumHelpersTests.EnumParse_whitespace" type="NLog.UnitTests.Internal.EnumHelpersTests" method="EnumParse_whitespace" time="0.0000742" result="Pass" />
      <test name="NLog.UnitTests.Internal.EnumHelpersTests.EnumParse_emptystring" type="NLog.UnitTests.Internal.EnumHelpersTests" method="EnumParse_emptystring" time="0.0000779" result="Pass" />
      <test name="NLog.UnitTests.Internal.EnumHelpersTests.EnumParse_null" type="NLog.UnitTests.Internal.EnumHelpersTests" method="EnumParse_null" time="0.0000729" result="Pass" />
      <test name="NLog.UnitTests.Internal.EnumHelpersTests.EnumParse1" type="NLog.UnitTests.Internal.EnumHelpersTests" method="EnumParse1" time="0.0000758" result="Pass" />
      <test name="NLog.UnitTests.Internal.EnumHelpersTests.EnumParseBar2_ignoreCaseFalse" type="NLog.UnitTests.Internal.EnumHelpersTests" method="EnumParseBar2_ignoreCaseFalse" time="0.0000734" result="Pass" />
      <test name="NLog.UnitTests.Internal.EnumHelpersTests.EnumParse_null_ArgumentException_ignoreCaseFalse" type="NLog.UnitTests.Internal.EnumHelpersTests" method="EnumParse_null_ArgumentException_ignoreCaseFalse" time="0.000417" result="Pass" />
      <test name="NLog.UnitTests.Internal.NetworkSenders.TcpNetworkSenderTests.TcpProxyTest" type="NLog.UnitTests.Internal.NetworkSenders.TcpNetworkSenderTests" method="TcpProxyTest" time="0.0003254" result="Pass" />
      <test name="NLog.UnitTests.Internal.NetworkSenders.TcpNetworkSenderTests.TcpHappyPathTest" type="NLog.UnitTests.Internal.NetworkSenders.TcpNetworkSenderTests" method="TcpHappyPathTest" time="0.0794459" result="Pass" />
      <test name="NLog.UnitTests.Internal.NetworkSenders.TcpNetworkSenderTests.TcpSendFailureTest" type="NLog.UnitTests.Internal.NetworkSenders.TcpNetworkSenderTests" method="TcpSendFailureTest" time="0.0471402" result="Pass" />
      <test name="NLog.UnitTests.Internal.NetworkSenders.TcpNetworkSenderTests.TcpConnectFailureTest" type="NLog.UnitTests.Internal.NetworkSenders.TcpNetworkSenderTests" method="TcpConnectFailureTest" time="0.0151171" result="Pass" />
      <test name="NLog.UnitTests.Internal.FileAppenders.FileAppenderCacheTests.FileAppenderCache_InvalidateAppender" type="NLog.UnitTests.Internal.FileAppenders.FileAppenderCacheTests" method="FileAppenderCache_InvalidateAppender" time="0.008256" result="Pass" />
      <test name="NLog.UnitTests.Internal.FileAppenders.FileAppenderCacheTests.FileAppenderCache_Construction" type="NLog.UnitTests.Internal.FileAppenders.FileAppenderCacheTests" method="FileAppenderCache_Construction" time="0.0006526" result="Pass" />
      <test name="NLog.UnitTests.Internal.FileAppenders.FileAppenderCacheTests.FileAppenderCache_GetFileCharacteristics" type="NLog.UnitTests.Internal.FileAppenders.FileAppenderCacheTests" method="FileAppenderCache_GetFileCharacteristics" time="0.0055899" result="Pass" />
      <test name="NLog.UnitTests.Internal.FileAppenders.FileAppenderCacheTests.FileAppenderCache_CloseAppenders" type="NLog.UnitTests.Internal.FileAppenders.FileAppenderCacheTests" method="FileAppenderCache_CloseAppenders" time="0.0059069" result="Pass" />
      <test name="NLog.UnitTests.Internal.FileAppenders.FileAppenderCacheTests.FileAppenderCache_Allocate" type="NLog.UnitTests.Internal.FileAppenders.FileAppenderCacheTests" method="FileAppenderCache_Allocate" time="0.0053748" result="Pass" />
      <test name="NLog.UnitTests.Internal.FileAppenders.FileAppenderCacheTests.FileAppenderCache_Empty" type="NLog.UnitTests.Internal.FileAppenders.FileAppenderCacheTests" method="FileAppenderCache_Empty" time="0.0003005" result="Pass" />
      <test name="NLog.UnitTests.Fluent.LogBuilderTests.ErrorWrite" type="NLog.UnitTests.Fluent.LogBuilderTests" method="ErrorWrite" time="0.0363519" result="Pass" />
      <test name="NLog.UnitTests.Fluent.LogBuilderTests.WarnWriteProperties" type="NLog.UnitTests.Fluent.LogBuilderTests" method="WarnWriteProperties" time="0.0331258" result="Pass" />
      <test name="NLog.UnitTests.Fluent.LogBuilderTests.LogBuilder_null_lead_to_ArgumentNullException" type="NLog.UnitTests.Fluent.LogBuilderTests" method="LogBuilder_null_lead_to_ArgumentNullException" time="0.0370728" result="Pass" />
      <test name="NLog.UnitTests.Fluent.LogBuilderTests.FatalWrite" type="NLog.UnitTests.Fluent.LogBuilderTests" method="FatalWrite" time="0.0340014" result="Pass" />
      <test name="NLog.UnitTests.Fluent.LogBuilderTests.TraceWrite" type="NLog.UnitTests.Fluent.LogBuilderTests" method="TraceWrite" time="0.0347906" result="Pass" />
      <test name="NLog.UnitTests.Fluent.LogBuilderTests.TraceWriteProperties" type="NLog.UnitTests.Fluent.LogBuilderTests" method="TraceWriteProperties" time="0.0279878" result="Pass" />
      <test name="NLog.UnitTests.Fluent.LogBuilderTests.TraceIfWrite" type="NLog.UnitTests.Fluent.LogBuilderTests" method="TraceIfWrite" time="0.0285075" result="Pass" />
      <test name="NLog.UnitTests.Fluent.LogBuilderTests.InfoWrite" type="NLog.UnitTests.Fluent.LogBuilderTests" method="InfoWrite" time="0.0280826" result="Pass" />
      <test name="NLog.UnitTests.Fluent.LogBuilderTests.LogOffWriteProperties" type="NLog.UnitTests.Fluent.LogBuilderTests" method="LogOffWriteProperties" time="0.0286376" result="Pass" />
      <test name="NLog.UnitTests.Fluent.LogBuilderTests.DebugWrite" type="NLog.UnitTests.Fluent.LogBuilderTests" method="DebugWrite" time="0.0354597" result="Pass" />
      <test name="NLog.UnitTests.Fluent.LogBuilderTests.LogBuilder_nLogEventInfo" type="NLog.UnitTests.Fluent.LogBuilderTests" method="LogBuilder_nLogEventInfo" time="0.0306535" result="Pass" />
      <test name="NLog.UnitTests.Fluent.LogBuilderTests.LogWriteProperties" type="NLog.UnitTests.Fluent.LogBuilderTests" method="LogWriteProperties" time="0.0289008" result="Pass" />
      <test name="NLog.UnitTests.Filters.APITests.APITest" type="NLog.UnitTests.Filters.APITests" method="APITest" time="0.0403941" result="Pass" />
      <test name="NLog.UnitTests.Filters.ConditionBasedFilterTests.WhenTest" type="NLog.UnitTests.Filters.ConditionBasedFilterTests" method="WhenTest" time="0.0258053" result="Pass" />
      <test name="NLog.UnitTests.Filters.WhenContainsTests.WhenContainsInsensitiveTest" type="NLog.UnitTests.Filters.WhenContainsTests" method="WhenContainsInsensitiveTest" time="0.0204982" result="Pass" />
      <test name="NLog.UnitTests.Filters.WhenContainsTests.WhenContainsTest" type="NLog.UnitTests.Filters.WhenContainsTests" method="WhenContainsTest" time="0.016414" result="Pass" />
      <test name="NLog.UnitTests.Filters.WhenEqualTests.WhenEqualInsensitiveTest" type="NLog.UnitTests.Filters.WhenEqualTests" method="WhenEqualInsensitiveTest" time="0.0167511" result="Pass" />
      <test name="NLog.UnitTests.Filters.WhenEqualTests.WhenEqualTest" type="NLog.UnitTests.Filters.WhenEqualTests" method="WhenEqualTest" time="0.0165955" result="Pass" />
      <test name="NLog.UnitTests.Filters.WhenNotContainsTests.WhenNotContainsInsensitiveTest" type="NLog.UnitTests.Filters.WhenNotContainsTests" method="WhenNotContainsInsensitiveTest" time="0.0168828" result="Pass" />
      <test name="NLog.UnitTests.Filters.WhenNotContainsTests.WhenNotContainsTest" type="NLog.UnitTests.Filters.WhenNotContainsTests" method="WhenNotContainsTest" time="0.015515" result="Pass" />
      <test name="NLog.UnitTests.Filters.WhenNotEqualTests.WhenNotEqualInsensitiveTest" type="NLog.UnitTests.Filters.WhenNotEqualTests" method="WhenNotEqualInsensitiveTest" time="0.0168373" result="Pass" />
      <test name="NLog.UnitTests.Filters.WhenNotEqualTests.WhenNotEqualTest" type="NLog.UnitTests.Filters.WhenNotEqualTests" method="WhenNotEqualTest" time="0.0165467" result="Pass" />
      <test name="NLog.UnitTests.Config.CaseSensitivityTests.LowerCaseTest" type="NLog.UnitTests.Config.CaseSensitivityTests" method="LowerCaseTest" time="0.014966" result="Pass" />
      <test name="NLog.UnitTests.Config.CaseSensitivityTests.UpperCaseTest" type="NLog.UnitTests.Config.CaseSensitivityTests" method="UpperCaseTest" time="0.0137036" result="Pass" />
      <test name="NLog.UnitTests.Config.ConfigurationItemFactoryTests.ConfigurationItemFactoryUsesSuppliedDelegateToResolveObject" type="NLog.UnitTests.Config.ConfigurationItemFactoryTests" method="ConfigurationItemFactoryUsesSuppliedDelegateToResolveObject" time="0.0009614" result="Pass" />
      <test name="NLog.UnitTests.Config.ConfigurationItemFactoryTests.ConfigurationItemFactoryDefaultTest" type="NLog.UnitTests.Config.ConfigurationItemFactoryTests" method="ConfigurationItemFactoryDefaultTest" time="0.0003184" result="Pass" />
      <test name="NLog.UnitTests.Config.ConfigurationItemFactoryTests.ExtendedLayoutRendererTest" type="NLog.UnitTests.Config.ConfigurationItemFactoryTests" method="ExtendedLayoutRendererTest" time="0.0004412" result="Pass" />
      <test name="NLog.UnitTests.Config.ConfigurationItemFactoryTests.ExtendedTargetTest" type="NLog.UnitTests.Config.ConfigurationItemFactoryTests" method="ExtendedTargetTest" time="0.0002848" result="Pass" />
      <test name="NLog.UnitTests.Config.ConfigurationItemFactoryTests.ConfigurationItemFactorySimpleTest" type="NLog.UnitTests.Config.ConfigurationItemFactoryTests" method="ConfigurationItemFactorySimpleTest" time="0.0003956" result="Pass" />
      <test name="NLog.UnitTests.Config.CultureInfoTests.WhenInvariantCultureDefinedThenDefaultCultureIsInvariantCulture" type="NLog.UnitTests.Config.CultureInfoTests" method="WhenInvariantCultureDefinedThenDefaultCultureIsInvariantCulture" time="0.0066147" result="Pass" />
      <test name="NLog.UnitTests.Config.CultureInfoTests.DifferentConfigurations_UseDifferentDefaultCulture" type="NLog.UnitTests.Config.CultureInfoTests" method="DifferentConfigurations_UseDifferentDefaultCulture" time="0.0151922" result="Pass" />
      <test name="NLog.UnitTests.Config.IncludeTests.IncludeNotExistingTest" type="NLog.UnitTests.Config.IncludeTests" method="IncludeNotExistingTest" time="0.010622" result="Pass" />
      <test name="NLog.UnitTests.Config.IncludeTests.IncludeNotExistingIgnoredTest" type="NLog.UnitTests.Config.IncludeTests" method="IncludeNotExistingIgnoredTest" time="0.0145855" result="Pass" />
      <test name="NLog.UnitTests.Config.IncludeTests.IncludeTest" type="NLog.UnitTests.Config.IncludeTests" method="IncludeTest" time="0.0096551" result="Pass" />
      <test name="NLog.UnitTests.Config.InternalLoggingTests.InternalLoggingConfigTest2" type="NLog.UnitTests.Config.InternalLoggingTests" method="InternalLoggingConfigTest2" time="0.0007167" result="Pass" />
      <test name="NLog.UnitTests.Config.InternalLoggingTests.InternalLoggingConfigTest1" type="NLog.UnitTests.Config.InternalLoggingTests" method="InternalLoggingConfigTest1" time="0.0209736" result="Pass" />
      <test name="NLog.UnitTests.Config.ReloadTests.TestMainConfigReloadIncludedConfigNoReload" type="NLog.UnitTests.Config.ReloadTests" method="TestMainConfigReloadIncludedConfigNoReload" time="3.0640121" result="Pass" />
      <test name="NLog.UnitTests.Config.ReloadTests.TestAutoReloadOnFileCopy" type="NLog.UnitTests.Config.ReloadTests" method="TestAutoReloadOnFileCopy" time="3.0910594" result="Pass" />
      <test name="NLog.UnitTests.Config.ReloadTests.TestNoAutoReload" type="NLog.UnitTests.Config.ReloadTests" method="TestNoAutoReload" time="2.0238112" result="Pass" />
      <test name="NLog.UnitTests.Config.ReloadTests.TestMainConfigReload" type="NLog.UnitTests.Config.ReloadTests" method="TestMainConfigReload" time="2.0970279" result="Pass" />
      <test name="NLog.UnitTests.Config.ReloadTests.TestIncludedConfigReload" type="NLog.UnitTests.Config.ReloadTests" method="TestIncludedConfigReload" time="3.0693" result="Pass" />
      <test name="NLog.UnitTests.Config.ReloadTests.TestIncludedConfigNoReload" type="NLog.UnitTests.Config.ReloadTests" method="TestIncludedConfigNoReload" time="4.0134847" result="Pass" />
      <test name="NLog.UnitTests.Config.ReloadTests.TestAutoReloadOnFileMove" type="NLog.UnitTests.Config.ReloadTests" method="TestAutoReloadOnFileMove" time="3.0643052" result="Pass" />
      <test name="NLog.UnitTests.Config.ReloadTests.TestAutoReloadOnFileChange" type="NLog.UnitTests.Config.ReloadTests" method="TestAutoReloadOnFileChange" time="2.0428763" result="Pass" />
      <test name="NLog.UnitTests.Config.RuleConfigurationTests.LoggingRule_Final_SuppressesOnlyMatchingLevels" type="NLog.UnitTests.Config.RuleConfigurationTests" method="LoggingRule_Final_SuppressesOnlyMatchingLevels" time="0.0054216" result="Pass" />
      <test name="NLog.UnitTests.Config.RuleConfigurationTests.FiltersTest_logFinal" type="NLog.UnitTests.Config.RuleConfigurationTests" method="FiltersTest_logFinal" time="0.0108917" result="Pass" />
      <test name="NLog.UnitTests.Config.RuleConfigurationTests.SimpleRuleTest" type="NLog.UnitTests.Config.RuleConfigurationTests" method="SimpleRuleTest" time="0.0053617" result="Pass" />
      <test name="NLog.UnitTests.Config.RuleConfigurationTests.NoLevelsTest" type="NLog.UnitTests.Config.RuleConfigurationTests" method="NoLevelsTest" time="0.005154" result="Pass" />
      <test name="NLog.UnitTests.Config.RuleConfigurationTests.SingleLevelTest" type="NLog.UnitTests.Config.RuleConfigurationTests" method="SingleLevelTest" time="0.0050525" result="Pass" />
      <test name="NLog.UnitTests.Config.RuleConfigurationTests.ChildRulesTest" type="NLog.UnitTests.Config.RuleConfigurationTests" method="ChildRulesTest" time="0.0055982" result="Pass" />
      <test name="NLog.UnitTests.Config.RuleConfigurationTests.FiltersTest_ignore" type="NLog.UnitTests.Config.RuleConfigurationTests" method="FiltersTest_ignore" time="0.0102948" result="Pass" />
      <test name="NLog.UnitTests.Config.RuleConfigurationTests.UnusedTargetsShouldBeLoggedToInternalLogger" type="NLog.UnitTests.Config.RuleConfigurationTests" method="UnusedTargetsShouldBeLoggedToInternalLogger" time="0.0085168" result="Pass" />
      <test name="NLog.UnitTests.Config.RuleConfigurationTests.MultipleRulesSameTargetTest" type="NLog.UnitTests.Config.RuleConfigurationTests" method="MultipleRulesSameTargetTest" time="0.012056" result="Pass" />
      <test name="NLog.UnitTests.Config.RuleConfigurationTests.MinMaxLevelTest" type="NLog.UnitTests.Config.RuleConfigurationTests" method="MinMaxLevelTest" time="0.0050287" result="Pass" />
      <test name="NLog.UnitTests.Config.RuleConfigurationTests.ExplicitLevelsTest" type="NLog.UnitTests.Config.RuleConfigurationTests" method="ExplicitLevelsTest" time="0.0048715" result="Pass" />
      <test name="NLog.UnitTests.Config.RuleConfigurationTests.FiltersTest_ignoreFinal" type="NLog.UnitTests.Config.RuleConfigurationTests" method="FiltersTest_ignoreFinal" time="0.0101934" result="Pass" />
      <test name="NLog.UnitTests.Config.RuleConfigurationTests.MultipleTargetsTest" type="NLog.UnitTests.Config.RuleConfigurationTests" method="MultipleTargetsTest" time="0.0063068" result="Pass" />
      <test name="NLog.UnitTests.Config.RuleConfigurationTests.FiltersTest" type="NLog.UnitTests.Config.RuleConfigurationTests" method="FiltersTest" time="0.0066011" result="Pass" />
      <test name="NLog.UnitTests.Config.RuleConfigurationTests.NoRulesTest" type="NLog.UnitTests.Config.RuleConfigurationTests" method="NoRulesTest" time="0.0055148" result="Pass" />
      <test name="NLog.UnitTests.Config.TargetConfigurationTests.DefaultWrapperTest" type="NLog.UnitTests.Config.TargetConfigurationTests" method="DefaultWrapperTest" time="0.0067546" result="Pass" />
      <test name="NLog.UnitTests.Config.TargetConfigurationTests.CompoundRefTest" type="NLog.UnitTests.Config.TargetConfigurationTests" method="CompoundRefTest" time="0.0105029" result="Pass" />
      <test name="NLog.UnitTests.Config.TargetConfigurationTests.WrapperRefTest" type="NLog.UnitTests.Config.TargetConfigurationTests" method="WrapperRefTest" time="0.0068532" result="Pass" />
      <test name="NLog.UnitTests.Config.TargetConfigurationTests.SimpleTest" type="NLog.UnitTests.Config.TargetConfigurationTests" method="SimpleTest" time="0.0057332" result="Pass" />
      <test name="NLog.UnitTests.Config.TargetConfigurationTests.SimpleElementSyntaxTest" type="NLog.UnitTests.Config.TargetConfigurationTests" method="SimpleElementSyntaxTest" time="0.0060772" result="Pass" />
      <test name="NLog.UnitTests.Config.TargetConfigurationTests.ArrayElementParameterTest" type="NLog.UnitTests.Config.TargetConfigurationTests" method="ArrayElementParameterTest" time="0.006418" result="Pass" />
      <test name="NLog.UnitTests.Config.TargetConfigurationTests.ArrayParameterTest" type="NLog.UnitTests.Config.TargetConfigurationTests" method="ArrayParameterTest" time="0.0059024" result="Pass" />
      <test name="NLog.UnitTests.Config.TargetConfigurationTests.SimpleTest2" type="NLog.UnitTests.Config.TargetConfigurationTests" method="SimpleTest2" time="0.0058596" result="Pass" />
      <test name="NLog.UnitTests.Config.TargetConfigurationTests.NullableDataTypesTest" type="NLog.UnitTests.Config.TargetConfigurationTests" method="NullableDataTypesTest" time="0.024418" result="Pass" />
      <test name="NLog.UnitTests.Config.TargetConfigurationTests.WrapperTest" type="NLog.UnitTests.Config.TargetConfigurationTests" method="WrapperTest" time="0.0068614" result="Pass" />
      <test name="NLog.UnitTests.Config.TargetConfigurationTests.DefaultTargetParametersTest" type="NLog.UnitTests.Config.TargetConfigurationTests" method="DefaultTargetParametersTest" time="0.0061585" result="Pass" />
      <test name="NLog.UnitTests.Config.TargetConfigurationTests.DataTypesTest" type="NLog.UnitTests.Config.TargetConfigurationTests" method="DataTypesTest" time="0.01822" result="Pass" />
      <test name="NLog.UnitTests.Config.TargetConfigurationTests.AsyncWrappersTest" type="NLog.UnitTests.Config.TargetConfigurationTests" method="AsyncWrappersTest" time="0.0065095" result="Pass" />
      <test name="NLog.UnitTests.Config.TargetConfigurationTests.CompoundTest" type="NLog.UnitTests.Config.TargetConfigurationTests" method="CompoundTest" time="0.0083828" result="Pass" />
      <test name="NLog.UnitTests.Config.TimeConfigurationTests.DefaultTimeSourceTest" type="NLog.UnitTests.Config.TimeConfigurationTests" method="DefaultTimeSourceTest" time="0.0055077" result="Pass" />
      <test name="NLog.UnitTests.Config.TimeConfigurationTests.AccurateUtcTest" type="NLog.UnitTests.Config.TimeConfigurationTests" method="AccurateUtcTest" time="0.0054688" result="Pass" />
      <test name="NLog.UnitTests.Config.TimeConfigurationTests.FastLocalTest" type="NLog.UnitTests.Config.TimeConfigurationTests" method="FastLocalTest" time="0.0056433" result="Pass" />
      <test name="NLog.UnitTests.Config.TimeConfigurationTests.FastUtcTest" type="NLog.UnitTests.Config.TimeConfigurationTests" method="FastUtcTest" time="0.0050998" result="Pass" />
      <test name="NLog.UnitTests.Config.TimeConfigurationTests.AccurateLocalTest" type="NLog.UnitTests.Config.TimeConfigurationTests" method="AccurateLocalTest" time="0.005174" result="Pass" />
      <test name="NLog.UnitTests.Config.VariableTests.VariablesTest1" type="NLog.UnitTests.Config.VariableTests" method="VariablesTest1" time="0.0063745" result="Pass" />
      <test name="NLog.UnitTests.Config.VariableTests.Xml_configuration_returns_defined_variables" type="NLog.UnitTests.Config.VariableTests" method="Xml_configuration_returns_defined_variables" time="0.006592" result="Pass" />
      <test name="NLog.UnitTests.Config.VariableTests.VariablesTest_string_expanding" type="NLog.UnitTests.Config.VariableTests" method="VariablesTest_string_expanding" time="0" result="Skip">
        <reason><![CDATA[It's unclear if this is a bug of a feature. Probably this will a config setting in the feature]]></reason>
      </test>
      <test name="NLog.UnitTests.Conditions.ConditionEvaluatorTests.RelationalOperatorTest" type="NLog.UnitTests.Conditions.ConditionEvaluatorTests" method="RelationalOperatorTest" time="0.0012328" result="Pass" />
      <test name="NLog.UnitTests.Conditions.ConditionEvaluatorTests.LiteralTest" type="NLog.UnitTests.Conditions.ConditionEvaluatorTests" method="LiteralTest" time="0.0002766" result="Pass" />
      <test name="NLog.UnitTests.Conditions.ConditionEvaluatorTests.ConditionMethodNegativeTest1" type="NLog.UnitTests.Conditions.ConditionEvaluatorTests" method="ConditionMethodNegativeTest1" time="0.0013445" result="Pass" />
      <test name="NLog.UnitTests.Conditions.ConditionEvaluatorTests.MethodWithLogEventInfoTest" type="NLog.UnitTests.Conditions.ConditionEvaluatorTests" method="MethodWithLogEventInfoTest" time="0.0010349" result="Pass" />
      <test name="NLog.UnitTests.Conditions.ConditionEvaluatorTests.ExceptionTest4" type="NLog.UnitTests.Conditions.ConditionEvaluatorTests" method="ExceptionTest4" time="0.0013248" result="Pass" />
      <test name="NLog.UnitTests.Conditions.ConditionEvaluatorTests.ExceptionTest11" type="NLog.UnitTests.Conditions.ConditionEvaluatorTests" method="ExceptionTest11" time="0.0002048" result="Pass" />
      <test name="NLog.UnitTests.Conditions.ConditionEvaluatorTests.ExceptionTest3" type="NLog.UnitTests.Conditions.ConditionEvaluatorTests" method="ExceptionTest3" time="0.0001654" result="Pass" />
      <test name="NLog.UnitTests.Conditions.ConditionEvaluatorTests.ExceptionTest1" type="NLog.UnitTests.Conditions.ConditionEvaluatorTests" method="ExceptionTest1" time="0.0001674" result="Pass" />
      <test name="NLog.UnitTests.Conditions.ConditionEvaluatorTests.UnsupportedRelationalOperatorTest2" type="NLog.UnitTests.Conditions.ConditionEvaluatorTests" method="UnsupportedRelationalOperatorTest2" time="0.0004806" result="Pass" />
      <test name="NLog.UnitTests.Conditions.ConditionEvaluatorTests.LogEventInfoPropertiesTest" type="NLog.UnitTests.Conditions.ConditionEvaluatorTests" method="LogEventInfoPropertiesTest" time="0.0001211" result="Pass" />
      <test name="NLog.UnitTests.Conditions.ConditionEvaluatorTests.ExceptionTest14" type="NLog.UnitTests.Conditions.ConditionEvaluatorTests" method="ExceptionTest14" time="0.0006317" result="Pass" />
      <test name="NLog.UnitTests.Conditions.ConditionEvaluatorTests.TypePromotionNegativeTest2" type="NLog.UnitTests.Conditions.ConditionEvaluatorTests" method="TypePromotionNegativeTest2" time="0.0008034" result="Pass" />
      <test name="NLog.UnitTests.Conditions.ConditionEvaluatorTests.BooleanOperatorTest" type="NLog.UnitTests.Conditions.ConditionEvaluatorTests" method="BooleanOperatorTest" time="0.0015879" result="Pass" />
      <test name="NLog.UnitTests.Conditions.ConditionEvaluatorTests.TypePromotionTest" type="NLog.UnitTests.Conditions.ConditionEvaluatorTests" method="TypePromotionTest" time="0.0025576" result="Pass" />
      <test name="NLog.UnitTests.Conditions.ConditionEvaluatorTests.ExceptionTest2" type="NLog.UnitTests.Conditions.ConditionEvaluatorTests" method="ExceptionTest2" time="0.0001445" result="Pass" />
      <test name="NLog.UnitTests.Conditions.ConditionEvaluatorTests.TypePromotionNegativeTest1" type="NLog.UnitTests.Conditions.ConditionEvaluatorTests" method="TypePromotionNegativeTest1" time="0.0005081" result="Pass" />
      <test name="NLog.UnitTests.Conditions.ConditionEvaluatorTests.ExceptionTest12" type="NLog.UnitTests.Conditions.ConditionEvaluatorTests" method="ExceptionTest12" time="0.0001206" result="Pass" />
      <test name="NLog.UnitTests.Conditions.ConditionEvaluatorTests.ExceptionTest13" type="NLog.UnitTests.Conditions.ConditionEvaluatorTests" method="ExceptionTest13" time="0.0001403" result="Pass" />
      <test name="NLog.UnitTests.Conditions.ConditionEvaluatorTests.ConditionMethodsTest" type="NLog.UnitTests.Conditions.ConditionEvaluatorTests" method="ConditionMethodsTest" time="0.000731" result="Pass" />
      <test name="NLog.UnitTests.Conditions.ConditionEvaluatorTests.ConditionMethodNegativeTest2" type="NLog.UnitTests.Conditions.ConditionEvaluatorTests" method="ConditionMethodNegativeTest2" time="0.0010114" result="Pass" />
      <test name="NLog.UnitTests.Conditions.ConditionEvaluatorTests.UnsupportedRelationalOperatorTest" type="NLog.UnitTests.Conditions.ConditionEvaluatorTests" method="UnsupportedRelationalOperatorTest" time="0.0010082" result="Pass" />
      <test name="NLog.UnitTests.Conditions.ConditionParserTests.LevelTest" type="NLog.UnitTests.Conditions.ConditionParserTests" method="LevelTest" time="0.0003661" result="Pass" />
      <test name="NLog.UnitTests.Conditions.ConditionParserTests.OrTest" type="NLog.UnitTests.Conditions.ConditionParserTests" method="OrTest" time="0.0003628" result="Pass" />
      <test name="NLog.UnitTests.Conditions.ConditionParserTests.UnbalancedParenthesis3Test" type="NLog.UnitTests.Conditions.ConditionParserTests" method="UnbalancedParenthesis3Test" time="0.0006506" result="Pass" />
      <test name="NLog.UnitTests.Conditions.ConditionParserTests.CustomNLogFactoriesTest" type="NLog.UnitTests.Conditions.ConditionParserTests" method="CustomNLogFactoriesTest" time="0.0003698" result="Pass" />
      <test name="NLog.UnitTests.Conditions.ConditionParserTests.LogLevelWithoutAName" type="NLog.UnitTests.Conditions.ConditionParserTests" method="LogLevelWithoutAName" time="0.0003049" result="Pass" />
      <test name="NLog.UnitTests.Conditions.ConditionParserTests.ImplicitOperatorTest" type="NLog.UnitTests.Conditions.ConditionParserTests" method="ImplicitOperatorTest" time="0.00016" result="Pass" />
      <test name="NLog.UnitTests.Conditions.ConditionParserTests.NotTest" type="NLog.UnitTests.Conditions.ConditionParserTests" method="NotTest" time="0.0002351" result="Pass" />
      <test name="NLog.UnitTests.Conditions.ConditionParserTests.StringTest" type="NLog.UnitTests.Conditions.ConditionParserTests" method="StringTest" time="0.0004613" result="Pass" />
      <test name="NLog.UnitTests.Conditions.ConditionParserTests.UnrecognizedPunctuation" type="NLog.UnitTests.Conditions.ConditionParserTests" method="UnrecognizedPunctuation" time="0.0003004" result="Pass" />
      <test name="NLog.UnitTests.Conditions.ConditionParserTests.RelationalOperatorTest" type="NLog.UnitTests.Conditions.ConditionParserTests" method="RelationalOperatorTest" time="0.0003164" result="Pass" />
      <test name="NLog.UnitTests.Conditions.ConditionParserTests.MessageTest" type="NLog.UnitTests.Conditions.ConditionParserTests" method="MessageTest" time="0.0001616" result="Pass" />
      <test name="NLog.UnitTests.Conditions.ConditionParserTests.ConditionFunctionTests" type="NLog.UnitTests.Conditions.ConditionParserTests" method="ConditionFunctionTests" time="0.0004445" result="Pass" />
      <test name="NLog.UnitTests.Conditions.ConditionParserTests.UnrecognizedMethod" type="NLog.UnitTests.Conditions.ConditionParserTests" method="UnrecognizedMethod" time="0.0003584" result="Pass" />
      <test name="NLog.UnitTests.Conditions.ConditionParserTests.NullLiteralTest" type="NLog.UnitTests.Conditions.ConditionParserTests" method="NullLiteralTest" time="0.0001453" result="Pass" />
      <test name="NLog.UnitTests.Conditions.ConditionParserTests.TokenizerEOFTest" type="NLog.UnitTests.Conditions.ConditionParserTests" method="TokenizerEOFTest" time="0.0004572" result="Pass" />
      <test name="NLog.UnitTests.Conditions.ConditionParserTests.MethodNameWithUnderscores" type="NLog.UnitTests.Conditions.ConditionParserTests" method="MethodNameWithUnderscores" time="0.000291" result="Pass" />
      <test name="NLog.UnitTests.Conditions.ConditionParserTests.UnrecognizedUnicodeChar2" type="NLog.UnitTests.Conditions.ConditionParserTests" method="UnrecognizedUnicodeChar2" time="0.00033" result="Pass" />
      <test name="NLog.UnitTests.Conditions.ConditionParserTests.AndTest" type="NLog.UnitTests.Conditions.ConditionParserTests" method="AndTest" time="0.000369" result="Pass" />
      <test name="NLog.UnitTests.Conditions.ConditionParserTests.InvalidNumberWithUnaryMinusTest" type="NLog.UnitTests.Conditions.ConditionParserTests" method="InvalidNumberWithUnaryMinusTest" time="0.0003719" result="Pass" />
      <test name="NLog.UnitTests.Conditions.ConditionParserTests.UnrecognizedToken" type="NLog.UnitTests.Conditions.ConditionParserTests" method="UnrecognizedToken" time="0.0003225" result="Pass" />
      <test name="NLog.UnitTests.Conditions.ConditionParserTests.UnbalancedParenthesis1Test" type="NLog.UnitTests.Conditions.ConditionParserTests" method="UnbalancedParenthesis1Test" time="0.0005398" result="Pass" />
      <test name="NLog.UnitTests.Conditions.ConditionParserTests.BooleanLiteralTest" type="NLog.UnitTests.Conditions.ConditionParserTests" method="BooleanLiteralTest" time="0.0003062" result="Pass" />
      <test name="NLog.UnitTests.Conditions.ConditionParserTests.UnbalancedParenthesis2Test" type="NLog.UnitTests.Conditions.ConditionParserTests" method="UnbalancedParenthesis2Test" time="0.0004581" result="Pass" />
      <test name="NLog.UnitTests.Conditions.ConditionParserTests.LogLevelTest" type="NLog.UnitTests.Conditions.ConditionParserTests" method="LogLevelTest" time="0.0002138" result="Pass" />
      <test name="NLog.UnitTests.Conditions.ConditionParserTests.ExtraParenthesisTest" type="NLog.UnitTests.Conditions.ConditionParserTests" method="ExtraParenthesisTest" time="0.0001464" result="Pass" />
      <test name="NLog.UnitTests.Conditions.ConditionParserTests.LoggerTest" type="NLog.UnitTests.Conditions.ConditionParserTests" method="LoggerTest" time="0.0002015" result="Pass" />
      <test name="NLog.UnitTests.Conditions.ConditionParserTests.InvalidNumberTest" type="NLog.UnitTests.Conditions.ConditionParserTests" method="InvalidNumberTest" time="0.0004199" result="Pass" />
      <test name="NLog.UnitTests.Conditions.ConditionParserTests.ParseEmptyText" type="NLog.UnitTests.Conditions.ConditionParserTests" method="ParseEmptyText" time="0.0003423" result="Pass" />
      <test name="NLog.UnitTests.Conditions.ConditionParserTests.UnclosedString" type="NLog.UnitTests.Conditions.ConditionParserTests" method="UnclosedString" time="0.0003743" result="Pass" />
      <test name="NLog.UnitTests.Conditions.ConditionParserTests.ParseNullText" type="NLog.UnitTests.Conditions.ConditionParserTests" method="ParseNullText" time="0.000094" result="Pass" />
      <test name="NLog.UnitTests.Conditions.ConditionParserTests.UnrecognizedUnicodeChar" type="NLog.UnitTests.Conditions.ConditionParserTests" method="UnrecognizedUnicodeChar" time="0.0002901" result="Pass" />
      <test name="NLog.UnitTests.Conditions.ConditionParserTests.NumberTest" type="NLog.UnitTests.Conditions.ConditionParserTests" method="NumberTest" time="0.0001871" result="Pass" />
      <test name="NLog.UnitTests.Common.InternalLoggerTests.WriteToStringWriterTests" type="NLog.UnitTests.Common.InternalLoggerTests" method="WriteToStringWriterTests" time="0.0047446" result="Pass" />
      <test name="NLog.UnitTests.Common.InternalLoggerTests.CreateFileInCurrentDirectoryTests" type="NLog.UnitTests.Common.InternalLoggerTests" method="CreateFileInCurrentDirectoryTests" time="0.0110268" result="Pass" />
      <test name="NLog.UnitTests.Common.InternalLoggerTests.TimestampTests" type="NLog.UnitTests.Common.InternalLoggerTests" method="TimestampTests" time="0.0028438" result="Pass" />
      <test name="NLog.UnitTests.Common.InternalLoggerTests.WriteToConsoleErrorTests" type="NLog.UnitTests.Common.InternalLoggerTests" method="WriteToConsoleErrorTests" time="0.0048936" result="Pass" />
      <test name="NLog.UnitTests.Common.InternalLoggerTests.WriteToFileTests" type="NLog.UnitTests.Common.InternalLoggerTests" method="WriteToFileTests" time="0.005443" result="Pass" />
      <test name="NLog.UnitTests.Common.InternalLoggerTests.WriteToStringWriterWithArgsTests" type="NLog.UnitTests.Common.InternalLoggerTests" method="WriteToStringWriterWithArgsTests" time="0.0056387" result="Pass" />
      <test name="NLog.UnitTests.Common.InternalLoggerTests.CreateDirectoriesIfNeededTests" type="NLog.UnitTests.Common.InternalLoggerTests" method="CreateDirectoriesIfNeededTests" time="0.0068708" result="Pass" />
      <test name="NLog.UnitTests.Common.InternalLoggerTests.IsEnabledTests" type="NLog.UnitTests.Common.InternalLoggerTests" method="IsEnabledTests" time="0.000938" result="Pass" />
      <test name="NLog.UnitTests.Common.InternalLoggerTests.WriteToConsoleOutTests" type="NLog.UnitTests.Common.InternalLoggerTests" method="WriteToConsoleOutTests" time="0.0053551" result="Pass" />
    </collection>
    <collection total="2" passed="2" failed="0" skipped="0" name="Test collection for NLog.UnitTests.Internal.NetworkSenders.UdpNetworkSenderTests" time="0.021">
      <test name="NLog.UnitTests.Internal.NetworkSenders.UdpNetworkSenderTests.CreateSocket_HandlesBroadcast(url: &quot;udp://randomurl:8080&quot;, broadcastEnabled: False)" type="NLog.UnitTests.Internal.NetworkSenders.UdpNetworkSenderTests" method="CreateSocket_HandlesBroadcast" time="0.0207129" result="Pass" />
      <test name="NLog.UnitTests.Internal.NetworkSenders.UdpNetworkSenderTests.CreateSocket_HandlesBroadcast(url: &quot;udp://255.255.255.255:8080&quot;, broadcastEnabled: True)" type="NLog.UnitTests.Internal.NetworkSenders.UdpNetworkSenderTests" method="CreateSocket_HandlesBroadcast" time="0.0002266" result="Pass" />
    </collection>
    <collection total="2" passed="2" failed="0" skipped="0" name="Test collection for NLog.UnitTests.Contexts.NestedDiagnosticsContextTests" time="0.042">
      <test name="NLog.UnitTests.Contexts.NestedDiagnosticsContextTests.NDCTest1" type="NLog.UnitTests.Contexts.NestedDiagnosticsContextTests" method="NDCTest1" time="0.0377473" result="Pass" />
      <test name="NLog.UnitTests.Contexts.NestedDiagnosticsContextTests.NDCTest2" type="NLog.UnitTests.Contexts.NestedDiagnosticsContextTests" method="NDCTest2" time="0.0045365" result="Pass" />
    </collection>
    <collection total="2" passed="2" failed="0" skipped="0" name="Test collection for NLog.UnitTests.Contexts.GlobalDiagnosticsContextTests" time="0.038">
      <test name="NLog.UnitTests.Contexts.GlobalDiagnosticsContextTests.GDCTest1" type="NLog.UnitTests.Contexts.GlobalDiagnosticsContextTests" method="GDCTest1" time="0.0375445" result="Pass" />
      <test name="NLog.UnitTests.Contexts.GlobalDiagnosticsContextTests.GDCTest2" type="NLog.UnitTests.Contexts.GlobalDiagnosticsContextTests" method="GDCTest2" time="0.0009101" result="Pass" />
    </collection>
    <collection total="2" passed="2" failed="0" skipped="0" name="Test collection for NLog.UnitTests.Contexts.MappedDiagnosticsContextTests" time="0.042">
      <test name="NLog.UnitTests.Contexts.MappedDiagnosticsContextTests.MDCTest1" type="NLog.UnitTests.Contexts.MappedDiagnosticsContextTests" method="MDCTest1" time="0.0380167" result="Pass" />
      <test name="NLog.UnitTests.Contexts.MappedDiagnosticsContextTests.MDCTest2" type="NLog.UnitTests.Contexts.MappedDiagnosticsContextTests" method="MDCTest2" time="0.0042577" result="Pass" />
    </collection>
    <collection total="1" passed="1" failed="0" skipped="0" name="Test collection for NLog.UnitTests.Internal.PlatformDetectorTests" time="0.005">
      <test name="NLog.UnitTests.Internal.PlatformDetectorTests.GetCurrentOSTest" type="NLog.UnitTests.Internal.PlatformDetectorTests" method="GetCurrentOSTest" time="0.0046559" result="Pass" />
    </collection>
  </assembly>
</assemblies>