<?xml version="1.0" encoding="utf-8"?>
<assemblies>
  <assembly name="NLog.UnitTests.dll" environment="32-bit .NET (unknown version) [collection-per-class, parallel (4 threads)]" test-framework="xUnit.net 2.1.0.3179" run-date="2016-01-29" run-time="22:59:27" total="858" passed="850" failed="4" skipped="4" time="86.894" errors="0">
    <errors />
    <collection total="2" passed="2" failed="0" skipped="0" name="Test collection for NLog.UnitTests.Contexts.NestedDiagnosticsContextTests" time="0.012">
      <test name="NLog.UnitTests.Contexts.NestedDiagnosticsContextTests.NDCTest1" type="NLog.UnitTests.Contexts.NestedDiagnosticsContextTests" method="NDCTest1" time="0.0087117" result="Pass" />
      <test name="NLog.UnitTests.Contexts.NestedDiagnosticsContextTests.NDCTest2" type="NLog.UnitTests.Contexts.NestedDiagnosticsContextTests" method="NDCTest2" time="0.0036156" result="Pass" />
    </collection>
    <collection total="1" passed="1" failed="0" skipped="0" name="Test collection for NLog.UnitTests.Internal.PlatformDetectorTests" time="0.025">
      <test name="NLog.UnitTests.Internal.PlatformDetectorTests.GetCurrentOSTest" type="NLog.UnitTests.Internal.PlatformDetectorTests" method="GetCurrentOSTest" time="0.0251144" result="Pass" />
    </collection>
    <collection total="849" passed="841" failed="4" skipped="4" name="dont run in parallel" time="86.388">
      <test name="NLog.UnitTests.AsyncHelperTests.ContinuationErrorTimeoutNotHitTest" type="NLog.UnitTests.AsyncHelperTests" method="ContinuationErrorTimeoutNotHitTest" time="1.0124531" result="Pass" />
      <test name="NLog.UnitTests.AsyncHelperTests.ForEachItemSequentiallyTest2" type="NLog.UnitTests.AsyncHelperTests" method="ForEachItemSequentiallyTest2" time="0.0062098" result="Pass" />
      <test name="NLog.UnitTests.AsyncHelperTests.ForEachItemInParallelEmptyTest" type="NLog.UnitTests.AsyncHelperTests" method="ForEachItemInParallelEmptyTest" time="0.0075552" result="Pass" />
      <test name="NLog.UnitTests.AsyncHelperTests.OneTimeOnlyExceptionInHandlerTest_RethrowExceptionEnabled" type="NLog.UnitTests.AsyncHelperTests" method="OneTimeOnlyExceptionInHandlerTest_RethrowExceptionEnabled" time="0.0030708" result="Pass" />
      <test name="NLog.UnitTests.AsyncHelperTests.OneTimeOnlyTest2" type="NLog.UnitTests.AsyncHelperTests" method="OneTimeOnlyTest2" time="0.0007561" result="Pass" />
      <test name="NLog.UnitTests.AsyncHelperTests.ContinuationTimeoutTest" type="NLog.UnitTests.AsyncHelperTests" method="ContinuationTimeoutTest" time="0.0080298" result="Pass" />
      <test name="NLog.UnitTests.AsyncHelperTests.ContinuationTimeoutNotHitTest" type="NLog.UnitTests.AsyncHelperTests" method="ContinuationTimeoutNotHitTest" time="1.0007027" result="Pass" />
      <test name="NLog.UnitTests.AsyncHelperTests.RepeatTest2" type="NLog.UnitTests.AsyncHelperTests" method="RepeatTest2" time="0.0042618" result="Pass" />
      <test name="NLog.UnitTests.AsyncHelperTests.OneTimeOnlyTest1" type="NLog.UnitTests.AsyncHelperTests" method="OneTimeOnlyTest1" time="0.0007742" result="Pass" />
      <test name="NLog.UnitTests.AsyncHelperTests.RepeatTest1" type="NLog.UnitTests.AsyncHelperTests" method="RepeatTest1" time="0.0012661" result="Pass" />
      <test name="NLog.UnitTests.AsyncHelperTests.OneTimeOnlyExceptionInHandlerTest" type="NLog.UnitTests.AsyncHelperTests" method="OneTimeOnlyExceptionInHandlerTest" time="0.0019603" result="Pass" />
      <test name="NLog.UnitTests.AsyncHelperTests.RepeatTest3" type="NLog.UnitTests.AsyncHelperTests" method="RepeatTest3" time="0.0015358" result="Pass" />
      <test name="NLog.UnitTests.AsyncHelperTests.PrecededByTest1" type="NLog.UnitTests.AsyncHelperTests" method="PrecededByTest1" time="0.0029949" result="Pass" />
      <test name="NLog.UnitTests.AsyncHelperTests.ForEachItemInParallelMultipleFailuresTest" type="NLog.UnitTests.AsyncHelperTests" method="ForEachItemInParallelMultipleFailuresTest" time="0.0159313" result="Pass" />
      <test name="NLog.UnitTests.AsyncHelperTests.ForEachItemInParallelSingleFailureTest" type="NLog.UnitTests.AsyncHelperTests" method="ForEachItemInParallelSingleFailureTest" time="0.1026078" result="Pass" />
      <test name="NLog.UnitTests.AsyncHelperTests.ForEachItemSequentiallyTest1" type="NLog.UnitTests.AsyncHelperTests" method="ForEachItemSequentiallyTest1" time="0.0010024" result="Pass" />
      <test name="NLog.UnitTests.AsyncHelperTests.ForEachItemInParallelTest" type="NLog.UnitTests.AsyncHelperTests" method="ForEachItemInParallelTest" time="0.0009836" result="Pass" />
      <test name="NLog.UnitTests.AsyncHelperTests.ForEachItemSequentiallyTest3" type="NLog.UnitTests.AsyncHelperTests" method="ForEachItemSequentiallyTest3" time="0.0006469" result="Pass" />
      <test name="NLog.UnitTests.AsyncHelperTests.PrecededByTest2" type="NLog.UnitTests.AsyncHelperTests" method="PrecededByTest2" time="0.0004519" result="Pass" />
      <test name="NLog.UnitTests.GetLoggerTests.GenericGetLoggerTest" type="NLog.UnitTests.GetLoggerTests" method="GenericGetLoggerTest" time="0.0064607" result="Pass" />
      <test name="NLog.UnitTests.GetLoggerTests.TypedGetLoggerTest" type="NLog.UnitTests.GetLoggerTests" method="TypedGetLoggerTest" time="0.0008809" result="Pass" />
      <test name="NLog.UnitTests.GetLoggerTests.GenericGetCurrentClassLoggerTest" type="NLog.UnitTests.GetLoggerTests" method="GenericGetCurrentClassLoggerTest" time="0.0058699" result="Pass" />
      <test name="NLog.UnitTests.GetLoggerTests.InvalidLoggerConfiguration_ThrowsConfigurationException_IfThrowExceptionsFlagIsSet" type="NLog.UnitTests.GetLoggerTests" method="InvalidLoggerConfiguration_ThrowsConfigurationException_IfThrowExceptionsFlagIsSet" time="0.0014705" result="Pass" />
      <test name="NLog.UnitTests.GetLoggerTests.TypedGetCurrentClassLoggerTest" type="NLog.UnitTests.GetLoggerTests" method="TypedGetCurrentClassLoggerTest" time="0.0013818" result="Pass" />
      <test name="NLog.UnitTests.GetLoggerTests.InvalidLoggerConfiguration_ThrowsConfigurationException_IfThrowExceptionsFlagIsNotSet" type="NLog.UnitTests.GetLoggerTests" method="InvalidLoggerConfiguration_ThrowsConfigurationException_IfThrowExceptionsFlagIsNotSet" time="0.0004109" result="Pass" />
      <test name="NLog.UnitTests.GetLoggerTests.GetCurrentClassLoggerTest" type="NLog.UnitTests.GetLoggerTests" method="GetCurrentClassLoggerTest" time="0.0003251" result="Pass" />
      <test name="NLog.UnitTests.LogFactoryTests.ReloadConfigOnTimer_When_No_Exception_Raises_ConfigurationReloadedEvent_With_Correct_Sender" type="NLog.UnitTests.LogFactoryTests" method="ReloadConfigOnTimer_When_No_Exception_Raises_ConfigurationReloadedEvent_With_Correct_Sender" time="0.0105029" result="Pass" />
      <test name="NLog.UnitTests.LogFactoryTests.InvalidXMLConfiguration_DoesNotThrowErrorWhen_ThrowExceptionFlagIsNotSet" type="NLog.UnitTests.LogFactoryTests" method="InvalidXMLConfiguration_DoesNotThrowErrorWhen_ThrowExceptionFlagIsNotSet" time="0.0093419" result="Pass" />
      <test name="NLog.UnitTests.LogFactoryTests.ReloadConfigOnTimer_DoesNotThrowConfigException_IfConfigReloadReturnsNull" type="NLog.UnitTests.LogFactoryTests" method="ReloadConfigOnTimer_DoesNotThrowConfigException_IfConfigReloadReturnsNull" time="0.0004519" result="Pass" />
      <test name="NLog.UnitTests.LogFactoryTests.EnableAndDisableLogging" type="NLog.UnitTests.LogFactoryTests" method="EnableAndDisableLogging" time="0.0006219" result="Pass" />
      <test name="NLog.UnitTests.LogFactoryTests.SuspendAndResumeLogging_InOrder" type="NLog.UnitTests.LogFactoryTests" method="SuspendAndResumeLogging_InOrder" time="0.000456" result="Pass" />
      <test name="NLog.UnitTests.LogFactoryTests.SuspendAndResumeLogging_OutOfOrder" type="NLog.UnitTests.LogFactoryTests" method="SuspendAndResumeLogging_OutOfOrder" time="0.0001408" result="Pass" />
      <test name="NLog.UnitTests.LogFactoryTests.ReloadConfigOnTimer_When_No_Exception_Raises_ConfigurationReloadedEvent_With_Argument_Indicating_Success" type="NLog.UnitTests.LogFactoryTests" method="ReloadConfigOnTimer_When_No_Exception_Raises_ConfigurationReloadedEvent_With_Argument_Indicating_Success" time="0.0004199" result="Pass" />
      <test name="NLog.UnitTests.LogFactoryTests.ReloadConfigOnTimer_DoesNotThrowConfigException_IfConfigChangedInBetween" type="NLog.UnitTests.LogFactoryTests" method="ReloadConfigOnTimer_DoesNotThrowConfigException_IfConfigChangedInBetween" time="0.0002212" result="Pass" />
      <test name="NLog.UnitTests.LogFactoryTests.Flush_DoNotThrowExceptionsAndTimeout_DoesNotThrow" type="NLog.UnitTests.LogFactoryTests" method="Flush_DoNotThrowExceptionsAndTimeout_DoesNotThrow" time="0.0592852" result="Pass" />
      <test name="NLog.UnitTests.LogFactoryTests.ReloadConfigOnTimer_Raises_ConfigurationReloadedEvent" type="NLog.UnitTests.LogFactoryTests" method="ReloadConfigOnTimer_Raises_ConfigurationReloadedEvent" time="0.0015687" result="Pass" />
      <test name="NLog.UnitTests.LogFactoryTests.InvalidXMLConfiguration_ThrowErrorWhen_ThrowExceptionFlagIsSet" type="NLog.UnitTests.LogFactoryTests" method="InvalidXMLConfiguration_ThrowErrorWhen_ThrowExceptionFlagIsSet" time="0.0004273" result="Pass" />
      <test name="NLog.UnitTests.LogFactoryTests.NewAttrOnNLogLevelShouldNotThrowError" type="NLog.UnitTests.LogFactoryTests" method="NewAttrOnNLogLevelShouldNotThrowError" time="0.0244317" result="Pass" />
      <test name="NLog.UnitTests.LoggerTests.DebugTest" type="NLog.UnitTests.LoggerTests" method="DebugTest" time="0.0214523" result="Pass" />
      <test name="NLog.UnitTests.LoggerTests.StringFormatWillNotCauseExceptions" type="NLog.UnitTests.LoggerTests" method="StringFormatWillNotCauseExceptions" time="0.0019615" result="Pass" />
      <test name="NLog.UnitTests.LoggerTests.ConditionalDebugTest" type="NLog.UnitTests.LoggerTests" method="ConditionalDebugTest" time="0.007816" result="Pass" />
      <test name="NLog.UnitTests.LoggerTests.SwallowTest" type="NLog.UnitTests.LoggerTests" method="SwallowTest" time="0.0046416" result="Pass" />
      <test name="NLog.UnitTests.LoggerTests.TraceTest" type="NLog.UnitTests.LoggerTests" method="TraceTest" time="0.0093542" result="Pass" />
      <test name="NLog.UnitTests.LoggerTests.ErrorTest" type="NLog.UnitTests.LoggerTests" method="ErrorTest" time="0.0090816" result="Pass" />
      <test name="NLog.UnitTests.LoggerTests.InfoTest" type="NLog.UnitTests.LoggerTests" method="InfoTest" time="0.0088792" result="Pass" />
      <test name="NLog.UnitTests.LoggerTests.LogTest" type="NLog.UnitTests.LoggerTests" method="LogTest" time="0.0166472" result="Pass" />
      <test name="NLog.UnitTests.LoggerTests.MultipleLoggersWithSameNameShouldBothReceiveMessages" type="NLog.UnitTests.LoggerTests" method="MultipleLoggersWithSameNameShouldBothReceiveMessages" time="0.0040233" result="Pass" />
      <test name="NLog.UnitTests.LoggerTests.ConditionalTraceTest" type="NLog.UnitTests.LoggerTests" method="ConditionalTraceTest" time="0.0095132" result="Pass" />
      <test name="NLog.UnitTests.LoggerTests.FatalTest" type="NLog.UnitTests.LoggerTests" method="FatalTest" time="0.0087922" result="Pass" />
      <test name="NLog.UnitTests.LoggerTests.When_Logging_LogEvent_Without_Level_Defined_No_Exception_Should_Be_Thrown" type="NLog.UnitTests.LoggerTests" method="When_Logging_LogEvent_Without_Level_Defined_No_Exception_Should_Be_Thrown" time="0.0038197" result="Pass" />
      <test name="NLog.UnitTests.LoggerTests.WarnTest" type="NLog.UnitTests.LoggerTests" method="WarnTest" time="0.0110441" result="Pass" />
      <test name="NLog.UnitTests.LogLevelTests.LogLevelCompareTo_ValidLevels_ExpectIntValues" type="NLog.UnitTests.LogLevelTests" method="LogLevelCompareTo_ValidLevels_ExpectIntValues" time="0.0011536" result="Pass">
        <traits>
          <trait name="Component" value="Core" />
        </traits>
      </test>
      <test name="NLog.UnitTests.LogLevelTests.LogLevelGetHashCode" type="NLog.UnitTests.LogLevelTests" method="LogLevelGetHashCode" time="0.0003172" result="Pass">
        <traits>
          <trait name="Component" value="Core" />
        </traits>
      </test>
      <test name="NLog.UnitTests.LogLevelTests.OrdinalTest" type="NLog.UnitTests.LogLevelTests" method="OrdinalTest" time="0.0005517" result="Pass">
        <traits>
          <trait name="Component" value="Core" />
        </traits>
      </test>
      <test name="NLog.UnitTests.LogLevelTests.LogLevelEqualityTest" type="NLog.UnitTests.LogLevelTests" method="LogLevelEqualityTest" time="0.0003686" result="Pass">
        <traits>
          <trait name="Component" value="Core" />
        </traits>
      </test>
      <test name="NLog.UnitTests.LogLevelTests.LogLevelFromOrdinal_InputOutOfRange_ExpectException" type="NLog.UnitTests.LogLevelTests" method="LogLevelFromOrdinal_InputOutOfRange_ExpectException" time="0.001948" result="Pass">
        <traits>
          <trait name="Component" value="Core" />
        </traits>
      </test>
      <test name="NLog.UnitTests.LogLevelTests.ToStringTest" type="NLog.UnitTests.LogLevelTests" method="ToStringTest" time="0.0001863" result="Pass">
        <traits>
          <trait name="Component" value="Core" />
        </traits>
      </test>
      <test name="NLog.UnitTests.LogLevelTests.FromStringTest" type="NLog.UnitTests.LogLevelTests" method="FromStringTest" time="0.0005685" result="Pass">
        <traits>
          <trait name="Component" value="Core" />
        </traits>
      </test>
      <test name="NLog.UnitTests.LogLevelTests.FromStringFailingTest" type="NLog.UnitTests.LogLevelTests" method="FromStringFailingTest" time="0.0006576" result="Pass">
        <traits>
          <trait name="Component" value="Core" />
        </traits>
      </test>
      <test name="NLog.UnitTests.LogLevelTests.LogLevelFromOrdinal_InputInRange_ExpectValidLevel" type="NLog.UnitTests.LogLevelTests" method="LogLevelFromOrdinal_InputInRange_ExpectValidLevel" time="0.0001674" result="Pass">
        <traits>
          <trait name="Component" value="Core" />
        </traits>
      </test>
      <test name="NLog.UnitTests.LogLevelTests.LogLevelCompareTo_Null_ExpectException" type="NLog.UnitTests.LogLevelTests" method="LogLevelCompareTo_Null_ExpectException" time="0.0008346" result="Pass">
        <traits>
          <trait name="Component" value="Core" />
        </traits>
      </test>
      <test name="NLog.UnitTests.LogLevelTests.LogLevel_MinMaxLevels_ExpectConstantValues" type="NLog.UnitTests.LogLevelTests" method="LogLevel_MinMaxLevels_ExpectConstantValues" time="0.0001354" result="Pass">
        <traits>
          <trait name="Component" value="Core" />
        </traits>
      </test>
      <test name="NLog.UnitTests.LogLevelTests.LogLevelEqual_TypeOfLogLevel" type="NLog.UnitTests.LogLevelTests" method="LogLevelEqual_TypeOfLogLevel" time="0.0003202" result="Pass" />
      <test name="NLog.UnitTests.LogLevelTests.LogLevelNullComparison" type="NLog.UnitTests.LogLevelTests" method="LogLevelNullComparison" time="0.0002364" result="Pass">
        <traits>
          <trait name="Component" value="Core" />
        </traits>
      </test>
      <test name="NLog.UnitTests.LogLevelTests.LogLevelEqual_TypeOfObject" type="NLog.UnitTests.LogLevelTests" method="LogLevelEqual_TypeOfObject" time="0.0005226" result="Pass" />
      <test name="NLog.UnitTests.LogLevelTests.LogLevelEquals_Null_ExpectFalse" type="NLog.UnitTests.LogLevelTests" method="LogLevelEquals_Null_ExpectFalse" time="0.0001871" result="Pass">
        <traits>
          <trait name="Component" value="Core" />
        </traits>
      </test>
      <test name="NLog.UnitTests.LogManagerTests.DisableLoggingTest_WithoutUsingStatement" type="NLog.UnitTests.LogManagerTests" method="DisableLoggingTest_WithoutUsingStatement" time="0.0035766" result="Pass" />
      <test name="NLog.UnitTests.LogManagerTests.GetLoggerTest" type="NLog.UnitTests.LogManagerTests" method="GetLoggerTest" time="0.0002651" result="Pass" />
      <test name="NLog.UnitTests.LogManagerTests.DisableLoggingTest_UsingStatement" type="NLog.UnitTests.LogManagerTests" method="DisableLoggingTest_UsingStatement" time="0.0016676" result="Pass" />
      <test name="NLog.UnitTests.LogManagerTests.GetLogger_wrong_loggertype_should_continue" type="NLog.UnitTests.LogManagerTests" method="GetLogger_wrong_loggertype_should_continue" time="0.0007595" result="Pass" />
      <test name="NLog.UnitTests.LogManagerTests.ThrowExceptionsTest" type="NLog.UnitTests.LogManagerTests" method="ThrowExceptionsTest" time="0.0150769" result="Pass" />
      <test name="NLog.UnitTests.LogManagerTests.GetLogger_wrong_loggertype_should_continue_even_if_class_is_static" type="NLog.UnitTests.LogManagerTests" method="GetLogger_wrong_loggertype_should_continue_even_if_class_is_static" time="0.0018597" result="Pass" />
      <test name="NLog.UnitTests.LogManagerTests.GetCurrentClassLogger_abstract_class" type="NLog.UnitTests.LogManagerTests" method="GetCurrentClassLogger_abstract_class" time="0.001406" result="Pass" />
      <test name="NLog.UnitTests.LogManagerTests.GarbageCollection2Test" type="NLog.UnitTests.LogManagerTests" method="GarbageCollection2Test" time="0.077245" result="Pass" />
      <test name="NLog.UnitTests.LogManagerTests.NullLoggerTest" type="NLog.UnitTests.LogManagerTests" method="NullLoggerTest" time="0.0004355" result="Pass" />
      <test name="NLog.UnitTests.LogManagerTests.AutoReloadTest" type="NLog.UnitTests.LogManagerTests" method="AutoReloadTest" time="3.3386576" result="Pass" />
      <test name="NLog.UnitTests.LogManagerTests.GetCurrentClassLogger_static_class" type="NLog.UnitTests.LogManagerTests" method="GetCurrentClassLogger_static_class" time="0.0007073" result="Pass" />
      <test name="NLog.UnitTests.LogManagerTests.GarbageCollectionTest" type="NLog.UnitTests.LogManagerTests" method="GarbageCollectionTest" time="0.0566503" result="Pass" />
      <test name="NLog.UnitTests.LogManagerTests.GivenCurrentClass_WhenGetCurrentClassLogger_ThenLoggerShouldBeCurrentClass" type="NLog.UnitTests.LogManagerTests" method="GivenCurrentClass_WhenGetCurrentClassLogger_ThenLoggerShouldBeCurrentClass" time="0.0003496" result="Pass" />
      <test name="NLog.UnitTests.NLogTraceListenerTests.TraceWriteNonDefaultLevelTest" type="NLog.UnitTests.NLogTraceListenerTests" method="TraceWriteNonDefaultLevelTest" time="0.009257" result="Pass" />
      <test name="NLog.UnitTests.NLogTraceListenerTests.TraceWriteTest" type="NLog.UnitTests.NLogTraceListenerTests" method="TraceWriteTest" time="0.005605" result="Pass" />
      <test name="NLog.UnitTests.NLogTraceListenerTests.TraceEventTests" type="NLog.UnitTests.NLogTraceListenerTests" method="TraceEventTests" time="0.0080314" result="Pass" />
      <test name="NLog.UnitTests.NLogTraceListenerTests.TraceConfiguration" type="NLog.UnitTests.NLogTraceListenerTests" method="TraceConfiguration" time="0.0016388" result="Pass" />
      <test name="NLog.UnitTests.NLogTraceListenerTests.ForceLogLevelTest" type="NLog.UnitTests.NLogTraceListenerTests" method="ForceLogLevelTest" time="0.0076352" result="Pass" />
      <test name="NLog.UnitTests.NLogTraceListenerTests.LogInformationTest" type="NLog.UnitTests.NLogTraceListenerTests" method="LogInformationTest" time="0.0074907" result="Pass" />
      <test name="NLog.UnitTests.NLogTraceListenerTests.TraceFailTest" type="NLog.UnitTests.NLogTraceListenerTests" method="TraceFailTest" time="0.0071458" result="Pass" />
      <test name="NLog.UnitTests.NLogTraceListenerTests.TraceDataTests" type="NLog.UnitTests.NLogTraceListenerTests" method="TraceDataTests" time="0.0068757" result="Pass" />
      <test name="NLog.UnitTests.NLogTraceListenerTests.AutoLoggerNameTest" type="NLog.UnitTests.NLogTraceListenerTests" method="AutoLoggerNameTest" time="0.0116216" result="Pass" />
      <test name="NLog.UnitTests.NLogTraceListenerTests.TraceWriteLineTest" type="NLog.UnitTests.NLogTraceListenerTests" method="TraceWriteLineTest" time="0.0065251" result="Pass" />
      <test name="NLog.UnitTests.RegressionTests.Bug3990StackOverflowWhenUsingNLogViewerTarget" type="NLog.UnitTests.RegressionTests" method="Bug3990StackOverflowWhenUsingNLogViewerTarget" time="0.0068524" result="Pass" />
      <test name="NLog.UnitTests.RegressionTests.Bug4655UnableToReconfigureExistingLoggers" type="NLog.UnitTests.RegressionTests" method="Bug4655UnableToReconfigureExistingLoggers" time="0.019395" result="Pass" />
      <test name="NLog.UnitTests.RegressionTests.Bug5965StackOverflow" type="NLog.UnitTests.RegressionTests" method="Bug5965StackOverflow" time="0.0906572" result="Pass" />
      <test name="NLog.UnitTests.RoutingTests.LogThresholdTest" type="NLog.UnitTests.RoutingTests" method="LogThresholdTest" time="0.009052" result="Pass" />
      <test name="NLog.UnitTests.RoutingTests.MultiAppenderTest" type="NLog.UnitTests.RoutingTests" method="MultiAppenderTest" time="0.0201952" result="Pass" />
      <test name="NLog.UnitTests.RoutingTests.LoggerNameMatchTest" type="NLog.UnitTests.RoutingTests" method="LoggerNameMatchTest" time="0.0071713" result="Pass" />
      <test name="NLog.UnitTests.RoutingTests.LogThresholdTest2" type="NLog.UnitTests.RoutingTests" method="LogThresholdTest2" time="0.0301342" result="Pass" />
      <test name="NLog.UnitTests.TimeSourceTests.FastLocalTest" type="NLog.UnitTests.TimeSourceTests" method="FastLocalTest" time="0.0143801" result="Pass" />
      <test name="NLog.UnitTests.TimeSourceTests.AccurateLocalTest" type="NLog.UnitTests.TimeSourceTests" method="AccurateLocalTest" time="0.0152658" result="Pass" />
      <test name="NLog.UnitTests.TimeSourceTests.CustomTimeSourceTest" type="NLog.UnitTests.TimeSourceTests" method="CustomTimeSourceTest" time="0.0155444" result="Pass" />
      <test name="NLog.UnitTests.TimeSourceTests.AccurateUtcTest" type="NLog.UnitTests.TimeSourceTests" method="AccurateUtcTest" time="0.0154632" result="Pass" />
      <test name="NLog.UnitTests.TimeSourceTests.FastUtcTest" type="NLog.UnitTests.TimeSourceTests" method="FastUtcTest" time="0.0154833" result="Pass" />
      <test name="NLog.UnitTests.Targets.ColoredConsoleTargetTests.WordHighlightingTextWholeWords" type="NLog.UnitTests.Targets.ColoredConsoleTargetTests" method="WordHighlightingTextWholeWords" time="0.0233121" result="Pass" />
      <test name="NLog.UnitTests.Targets.ColoredConsoleTargetTests.WordHighlightingRegex" type="NLog.UnitTests.Targets.ColoredConsoleTargetTests" method="WordHighlightingRegex" time="0.0033997" result="Pass" />
      <test name="NLog.UnitTests.Targets.ColoredConsoleTargetTests.WordHighlightingTextTest" type="NLog.UnitTests.Targets.ColoredConsoleTargetTests" method="WordHighlightingTextTest" time="0.0021056" result="Pass" />
      <test name="NLog.UnitTests.Targets.ColoredConsoleTargetTests.WordHighlightingTextIgnoreCase" type="NLog.UnitTests.Targets.ColoredConsoleTargetTests" method="WordHighlightingTextIgnoreCase" time="0.0022325" result="Pass" />
      <test name="NLog.UnitTests.Targets.ConsoleTargetTests.ConsoleOutTest" type="NLog.UnitTests.Targets.ConsoleTargetTests" method="ConsoleOutTest" time="0.0019915" result="Pass" />
      <test name="NLog.UnitTests.Targets.ConsoleTargetTests.ConsoleErrorTest" type="NLog.UnitTests.Targets.ConsoleTargetTests" method="ConsoleErrorTest" time="0.0010493" result="Pass" />
      <test name="NLog.UnitTests.Targets.DatabaseTargetTests.ConnectionStringNameNegativeTest" type="NLog.UnitTests.Targets.DatabaseTargetTests" method="ConnectionStringNameNegativeTest" time="0.0962653" result="Pass" />
      <test name="NLog.UnitTests.Targets.DatabaseTargetTests.SimpleDatabaseTest" type="NLog.UnitTests.Targets.DatabaseTargetTests" method="SimpleDatabaseTest" time="0.0875292" result="Pass" />
      <test name="NLog.UnitTests.Targets.DatabaseTargetTests.ConnectionStringNameInitTest" type="NLog.UnitTests.Targets.DatabaseTargetTests" method="ConnectionStringNameInitTest" time="0.0062082" result="Pass" />
      <test name="NLog.UnitTests.Targets.DatabaseTargetTests.OleDbShorthandNotationTest" type="NLog.UnitTests.Targets.DatabaseTargetTests" method="OleDbShorthandNotationTest" time="0.0007323" result="Pass" />
      <test name="NLog.UnitTests.Targets.DatabaseTargetTests.KeepConnectionOpenBatchedTest2" type="NLog.UnitTests.Targets.DatabaseTargetTests" method="KeepConnectionOpenBatchedTest2" time="0.0048415" result="Pass" />
      <test name="NLog.UnitTests.Targets.DatabaseTargetTests.OdbcShorthandNotationTest" type="NLog.UnitTests.Targets.DatabaseTargetTests" method="OdbcShorthandNotationTest" time="0.0005496" result="Pass" />
      <test name="NLog.UnitTests.Targets.DatabaseTargetTests.KeepConnectionOpenTest2" type="NLog.UnitTests.Targets.DatabaseTargetTests" method="KeepConnectionOpenTest2" time="0.0007795" result="Pass" />
      <test name="NLog.UnitTests.Targets.DatabaseTargetTests.ConnectionStringBuilderTest1" type="NLog.UnitTests.Targets.DatabaseTargetTests" method="ConnectionStringBuilderTest1" time="0.0017304" result="Pass" />
      <test name="NLog.UnitTests.Targets.DatabaseTargetTests.DatabaseExceptionTest1" type="NLog.UnitTests.Targets.DatabaseTargetTests" method="DatabaseExceptionTest1" time="0.0006913" result="Pass" />
      <test name="NLog.UnitTests.Targets.DatabaseTargetTests.DatabaseExceptionTest2" type="NLog.UnitTests.Targets.DatabaseTargetTests" method="DatabaseExceptionTest2" time="0.0011762" result="Pass" />
      <test name="NLog.UnitTests.Targets.DatabaseTargetTests.SqlServerShorthandNotationTest" type="NLog.UnitTests.Targets.DatabaseTargetTests" method="SqlServerShorthandNotationTest" time="0.0010197" result="Pass" />
      <test name="NLog.UnitTests.Targets.DatabaseTargetTests.ParameterFacetTest" type="NLog.UnitTests.Targets.DatabaseTargetTests" method="ParameterFacetTest" time="0.0031924" result="Pass" />
      <test name="NLog.UnitTests.Targets.DatabaseTargetTests.ParameterTest" type="NLog.UnitTests.Targets.DatabaseTargetTests" method="ParameterTest" time="0.000899" result="Pass" />
      <test name="NLog.UnitTests.Targets.DatabaseTargetTests.SimpleBatchedDatabaseTest" type="NLog.UnitTests.Targets.DatabaseTargetTests" method="SimpleBatchedDatabaseTest" time="0.0006999" result="Pass" />
      <test name="NLog.UnitTests.Targets.DatabaseTargetTests.WarningForObsoleteUseTransactions(property: &quot;usetransactions='false'&quot;, printWarning: True)" type="NLog.UnitTests.Targets.DatabaseTargetTests" method="WarningForObsoleteUseTransactions" time="0.0276462" result="Pass" />
      <test name="NLog.UnitTests.Targets.DatabaseTargetTests.WarningForObsoleteUseTransactions(property: &quot;usetransactions='true'&quot;, printWarning: True)" type="NLog.UnitTests.Targets.DatabaseTargetTests" method="WarningForObsoleteUseTransactions" time="0.0283351" result="Pass" />
      <test name="NLog.UnitTests.Targets.DatabaseTargetTests.WarningForObsoleteUseTransactions(property: &quot;&quot;, printWarning: False)" type="NLog.UnitTests.Targets.DatabaseTargetTests" method="WarningForObsoleteUseTransactions" time="0.0258566" result="Pass" />
      <test name="NLog.UnitTests.Targets.DatabaseTargetTests.ProviderFactoryInitTest" type="NLog.UnitTests.Targets.DatabaseTargetTests" method="ProviderFactoryInitTest" time="0.0010575" result="Pass" />
      <test name="NLog.UnitTests.Targets.DatabaseTargetTests.KeepConnectionOpenBatchedTest" type="NLog.UnitTests.Targets.DatabaseTargetTests" method="KeepConnectionOpenBatchedTest" time="0.0007943" result="Pass" />
      <test name="NLog.UnitTests.Targets.DatabaseTargetTests.DatabaseExceptionTest3" type="NLog.UnitTests.Targets.DatabaseTargetTests" method="DatabaseExceptionTest3" time="0.0016408" result="Pass" />
      <test name="NLog.UnitTests.Targets.DatabaseTargetTests.KeepConnectionOpenTest" type="NLog.UnitTests.Targets.DatabaseTargetTests" method="KeepConnectionOpenTest" time="0.0007459" result="Pass" />
      <test name="NLog.UnitTests.Targets.FileTargetTests.FileTarget_Handle_Other_Files_That_Match_Archive_Format" type="NLog.UnitTests.Targets.FileTargetTests" method="FileTarget_Handle_Other_Files_That_Match_Archive_Format" time="0.036652" result="Pass" />
      <test name="NLog.UnitTests.Targets.FileTargetTests.DeleteArchiveFilesByDate_MaxArchiveFiles_0" type="NLog.UnitTests.Targets.FileTargetTests" method="DeleteArchiveFilesByDate_MaxArchiveFiles_0" time="0.3504539" result="Pass" />
      <test name="NLog.UnitTests.Targets.FileTargetTests.RollingArchiveTest(specifyArchiveFileName: False)" type="NLog.UnitTests.Targets.FileTargetTests" method="RollingArchiveTest" time="0.8396963" result="Pass" />
      <test name="NLog.UnitTests.Targets.FileTargetTests.RollingArchiveTest(specifyArchiveFileName: True)" type="NLog.UnitTests.Targets.FileTargetTests" method="RollingArchiveTest" time="0.8435234" result="Pass" />
      <test name="NLog.UnitTests.Targets.FileTargetTests.RollingArchiveTest_MaxArchiveFiles_0(slash: &quot;/&quot;)" type="NLog.UnitTests.Targets.FileTargetTests" method="RollingArchiveTest_MaxArchiveFiles_0" time="0.8169885" result="Pass" />
      <test name="NLog.UnitTests.Targets.FileTargetTests.RollingArchiveTest_MaxArchiveFiles_0(slash: &quot;\&quot;)" type="NLog.UnitTests.Targets.FileTargetTests" method="RollingArchiveTest_MaxArchiveFiles_0" time="0.9110485" result="Pass" />
      <test name="NLog.UnitTests.Targets.FileTargetTests.Dont_throw_Exception_when_archiving_is_enabled_with_async" type="NLog.UnitTests.Targets.FileTargetTests" method="Dont_throw_Exception_when_archiving_is_enabled_with_async" time="0.0104722" result="Pass" />
      <test name="NLog.UnitTests.Targets.FileTargetTests.Dont_throw_Exception_when_archiving_is_enabled" type="NLog.UnitTests.Targets.FileTargetTests" method="Dont_throw_Exception_when_archiving_is_enabled" time="0.0842075" result="Pass" />
      <test name="NLog.UnitTests.Targets.FileTargetTests.RelativeSequentialArchiveTest_MaxArchiveFiles_0" type="NLog.UnitTests.Targets.FileTargetTests" method="RelativeSequentialArchiveTest_MaxArchiveFiles_0" time="1.4314465" result="Pass" />
      <test name="NLog.UnitTests.Targets.FileTargetTests.MaxArchiveFilesWithDate_in_sameDir(changeCreationAndWriteTime: True)" type="NLog.UnitTests.Targets.FileTargetTests" method="MaxArchiveFilesWithDate_in_sameDir" time="0.0737989" result="Pass" />
      <test name="NLog.UnitTests.Targets.FileTargetTests.MaxArchiveFilesWithDate_in_sameDir(changeCreationAndWriteTime: False)" type="NLog.UnitTests.Targets.FileTargetTests" method="MaxArchiveFilesWithDate_in_sameDir" time="0.0463956" result="Pass" />
      <test name="NLog.UnitTests.Targets.FileTargetTests.FileTarget_LogAndArchiveFilesWithSameName_ShouldArchive" type="NLog.UnitTests.Targets.FileTargetTests" method="FileTarget_LogAndArchiveFilesWithSameName_ShouldArchive" time="0.0436005" result="Pass" />
      <test name="NLog.UnitTests.Targets.FileTargetTests.SequentialArchiveTest_MaxArchiveFiles_0" type="NLog.UnitTests.Targets.FileTargetTests" method="SequentialArchiveTest_MaxArchiveFiles_0" time="1.0693518" result="Pass" />
      <test name="NLog.UnitTests.Targets.FileTargetTests.CreateDirsTest" type="NLog.UnitTests.Targets.FileTargetTests" method="CreateDirsTest" time="0.0106557" result="Pass" />
      <test name="NLog.UnitTests.Targets.FileTargetTests.FileTarget_InvalidFileNameCorrection" type="NLog.UnitTests.Targets.FileTargetTests" method="FileTarget_InvalidFileNameCorrection" time="0.0065215" result="Pass" />
      <test name="NLog.UnitTests.Targets.FileTargetTests.FileTarget_ArchiveNumbering_remove_correct_order" type="NLog.UnitTests.Targets.FileTargetTests" method="FileTarget_ArchiveNumbering_remove_correct_order" time="19.0104862" result="Pass" />
      <test name="NLog.UnitTests.Targets.FileTargetTests.DeleteArchiveFilesByDate_AlteredMaxArchive" type="NLog.UnitTests.Targets.FileTargetTests" method="DeleteArchiveFilesByDate_AlteredMaxArchive" time="0.4806557" result="Pass" />
      <test name="NLog.UnitTests.Targets.FileTargetTests.RelativeFileNaming_ShouldSuccess" type="NLog.UnitTests.Targets.FileTargetTests" method="RelativeFileNaming_ShouldSuccess" time="0.0131289" result="Pass" />
      <test name="NLog.UnitTests.Targets.FileTargetTests.DeleteArchiveFilesByDateWithDateName" type="NLog.UnitTests.Targets.FileTargetTests" method="DeleteArchiveFilesByDateWithDateName" time="0.3079436" result="Pass" />
      <test name="NLog.UnitTests.Targets.FileTargetTests.ArchiveFileRollsCorrectly" type="NLog.UnitTests.Targets.FileTargetTests" method="ArchiveFileRollsCorrectly" time="0.8546103" result="Pass" />
      <test name="NLog.UnitTests.Targets.FileTargetTests.RelativeFileNaming_DirectoryNavigation_ShouldSuccess" type="NLog.UnitTests.Targets.FileTargetTests" method="RelativeFileNaming_DirectoryNavigation_ShouldSuccess" time="0.0081362" result="Pass" />
      <test name="NLog.UnitTests.Targets.FileTargetTests.MaxArchiveFilesWithDate(changeCreationAndWriteTime: True)" type="NLog.UnitTests.Targets.FileTargetTests" method="MaxArchiveFilesWithDate" time="0.0493187" result="Pass" />
      <test name="NLog.UnitTests.Targets.FileTargetTests.MaxArchiveFilesWithDate(changeCreationAndWriteTime: False)" type="NLog.UnitTests.Targets.FileTargetTests" method="MaxArchiveFilesWithDate" time="0.0424687" result="Pass" />
      <test name="NLog.UnitTests.Targets.FileTargetTests.DisposingFileTarget_WhenNotIntialized_ShouldNotThrow" type="NLog.UnitTests.Targets.FileTargetTests" method="DisposingFileTarget_WhenNotIntialized_ShouldNotThrow" time="0.0008666" result="Pass" />
      <test name="NLog.UnitTests.Targets.FileTargetTests.DateArchive_AllLoggersTransferToCurrentLogFile(concurrentWrites: True, keepFileOpen: True, networkWrites: True, includeSequenceInArchive: True)" type="NLog.UnitTests.Targets.FileTargetTests" method="DateArchive_AllLoggersTransferToCurrentLogFile" time="0.0440337" result="Pass" />
      <test name="NLog.UnitTests.Targets.FileTargetTests.DateArchive_AllLoggersTransferToCurrentLogFile(concurrentWrites: True, keepFileOpen: True, networkWrites: True, includeSequenceInArchive: False)" type="NLog.UnitTests.Targets.FileTargetTests" method="DateArchive_AllLoggersTransferToCurrentLogFile" time="0.0377634" result="Pass" />
      <test name="NLog.UnitTests.Targets.FileTargetTests.DateArchive_AllLoggersTransferToCurrentLogFile(concurrentWrites: True, keepFileOpen: True, networkWrites: False, includeSequenceInArchive: True)" type="NLog.UnitTests.Targets.FileTargetTests" method="DateArchive_AllLoggersTransferToCurrentLogFile" time="0.0313087" result="Pass" />
      <test name="NLog.UnitTests.Targets.FileTargetTests.DateArchive_AllLoggersTransferToCurrentLogFile(concurrentWrites: True, keepFileOpen: True, networkWrites: False, includeSequenceInArchive: False)" type="NLog.UnitTests.Targets.FileTargetTests" method="DateArchive_AllLoggersTransferToCurrentLogFile" time="0.0312911" result="Pass" />
      <test name="NLog.UnitTests.Targets.FileTargetTests.DateArchive_AllLoggersTransferToCurrentLogFile(concurrentWrites: True, keepFileOpen: False, networkWrites: True, includeSequenceInArchive: True)" type="NLog.UnitTests.Targets.FileTargetTests" method="DateArchive_AllLoggersTransferToCurrentLogFile" time="0.0383177" result="Pass" />
      <test name="NLog.UnitTests.Targets.FileTargetTests.DateArchive_AllLoggersTransferToCurrentLogFile(concurrentWrites: True, keepFileOpen: False, networkWrites: True, includeSequenceInArchive: False)" type="NLog.UnitTests.Targets.FileTargetTests" method="DateArchive_AllLoggersTransferToCurrentLogFile" time="0.0305484" result="Pass" />
      <test name="NLog.UnitTests.Targets.FileTargetTests.DateArchive_AllLoggersTransferToCurrentLogFile(concurrentWrites: True, keepFileOpen: False, networkWrites: False, includeSequenceInArchive: True)" type="NLog.UnitTests.Targets.FileTargetTests" method="DateArchive_AllLoggersTransferToCurrentLogFile" time="0.0312644" result="Pass" />
      <test name="NLog.UnitTests.Targets.FileTargetTests.DateArchive_AllLoggersTransferToCurrentLogFile(concurrentWrites: True, keepFileOpen: False, networkWrites: False, includeSequenceInArchive: False)" type="NLog.UnitTests.Targets.FileTargetTests" method="DateArchive_AllLoggersTransferToCurrentLogFile" time="0.037345" result="Pass" />
      <test name="NLog.UnitTests.Targets.FileTargetTests.DateArchive_AllLoggersTransferToCurrentLogFile(concurrentWrites: False, keepFileOpen: True, networkWrites: True, includeSequenceInArchive: True)" type="NLog.UnitTests.Targets.FileTargetTests" method="DateArchive_AllLoggersTransferToCurrentLogFile" time="0.0313009" result="Pass" />
      <test name="NLog.UnitTests.Targets.FileTargetTests.DateArchive_AllLoggersTransferToCurrentLogFile(concurrentWrites: False, keepFileOpen: True, networkWrites: True, includeSequenceInArchive: False)" type="NLog.UnitTests.Targets.FileTargetTests" method="DateArchive_AllLoggersTransferToCurrentLogFile" time="0.0313851" result="Pass" />
      <test name="NLog.UnitTests.Targets.FileTargetTests.DateArchive_AllLoggersTransferToCurrentLogFile(concurrentWrites: False, keepFileOpen: False, networkWrites: True, includeSequenceInArchive: True)" type="NLog.UnitTests.Targets.FileTargetTests" method="DateArchive_AllLoggersTransferToCurrentLogFile" time="0.0389084" result="Pass" />
      <test name="NLog.UnitTests.Targets.FileTargetTests.DateArchive_AllLoggersTransferToCurrentLogFile(concurrentWrites: False, keepFileOpen: False, networkWrites: True, includeSequenceInArchive: False)" type="NLog.UnitTests.Targets.FileTargetTests" method="DateArchive_AllLoggersTransferToCurrentLogFile" time="0.0788142" result="Pass" />
      <test name="NLog.UnitTests.Targets.FileTargetTests.DateArchive_AllLoggersTransferToCurrentLogFile(concurrentWrites: False, keepFileOpen: False, networkWrites: False, includeSequenceInArchive: True)" type="NLog.UnitTests.Targets.FileTargetTests" method="DateArchive_AllLoggersTransferToCurrentLogFile" time="0.0355214" result="Pass" />
      <test name="NLog.UnitTests.Targets.FileTargetTests.DateArchive_AllLoggersTransferToCurrentLogFile(concurrentWrites: False, keepFileOpen: False, networkWrites: False, includeSequenceInArchive: False)" type="NLog.UnitTests.Targets.FileTargetTests" method="DateArchive_AllLoggersTransferToCurrentLogFile" time="0.0324899" result="Pass" />
      <test name="NLog.UnitTests.Targets.FileTargetTests.DeleteArchiveFilesByDate" type="NLog.UnitTests.Targets.FileTargetTests" method="DeleteArchiveFilesByDate" time="0.2777799" result="Pass" />
      <test name="NLog.UnitTests.Targets.FileTargetTests.BatchErrorHandlingTest" type="NLog.UnitTests.Targets.FileTargetTests" method="BatchErrorHandlingTest" time="0.0057792" result="Pass" />
      <test name="NLog.UnitTests.Targets.FileTargetTests.RepeatingHeaderTest" type="NLog.UnitTests.Targets.FileTargetTests" method="RepeatingHeaderTest" time="0.0497272" result="Pass" />
      <test name="NLog.UnitTests.Targets.FileTargetTests.SingleArchiveFileRollsCorrectly" type="NLog.UnitTests.Targets.FileTargetTests" method="SingleArchiveFileRollsCorrectly" time="0.5813419" result="Pass" />
      <test name="NLog.UnitTests.Targets.FileTargetTests.BufferedMultiFileWrite" type="NLog.UnitTests.Targets.FileTargetTests" method="BufferedMultiFileWrite" time="0.4944382" result="Pass" />
      <test name="NLog.UnitTests.Targets.FileTargetTests.ArchiveFileOnStartTest" type="NLog.UnitTests.Targets.FileTargetTests" method="ArchiveFileOnStartTest" time="0.0243565" result="Pass" />
      <test name="NLog.UnitTests.Targets.FileTargetTests.FileTarget_WithDateAndSequenceArchiveNumbering_ShouldRespectArchiveDateFormat(archiveDateFormat: &quot;yyyy-MM-dd HHmm&quot;)" type="NLog.UnitTests.Targets.FileTargetTests" method="FileTarget_WithDateAndSequenceArchiveNumbering_ShouldRespectArchiveDateFormat" time="0.0159789" result="Pass" />
      <test name="NLog.UnitTests.Targets.FileTargetTests.FileTarget_WithDateAndSequenceArchiveNumbering_ShouldRespectArchiveDateFormat(archiveDateFormat: &quot;y&quot;)" type="NLog.UnitTests.Targets.FileTargetTests" method="FileTarget_WithDateAndSequenceArchiveNumbering_ShouldRespectArchiveDateFormat" time="0.0114596" result="Pass" />
      <test name="NLog.UnitTests.Targets.FileTargetTests.FileTarget_WithDateAndSequenceArchiveNumbering_ShouldRespectArchiveDateFormat(archiveDateFormat: &quot;D&quot;)" type="NLog.UnitTests.Targets.FileTargetTests" method="FileTarget_WithDateAndSequenceArchiveNumbering_ShouldRespectArchiveDateFormat" time="0.0161957" result="Pass" />
      <test name="NLog.UnitTests.Targets.FileTargetTests.FileTarget_WithDateAndSequenceArchiveNumbering_ShouldPadSequenceNumberInArchiveFileName(placeHolderSharps: &quot;##&quot;, sequenceNumber: 0, expectedSequenceInArchiveFileName: &quot;00&quot;)" type="NLog.UnitTests.Targets.FileTargetTests" method="FileTarget_WithDateAndSequenceArchiveNumbering_ShouldPadSequenceNumberInArchiveFileName" time="0.0089002" result="Pass" />
      <test name="NLog.UnitTests.Targets.FileTargetTests.FileTarget_WithDateAndSequenceArchiveNumbering_ShouldPadSequenceNumberInArchiveFileName(placeHolderSharps: &quot;###&quot;, sequenceNumber: 1, expectedSequenceInArchiveFileName: &quot;001&quot;)" type="NLog.UnitTests.Targets.FileTargetTests" method="FileTarget_WithDateAndSequenceArchiveNumbering_ShouldPadSequenceNumberInArchiveFileName" time="0.0112034" result="Pass" />
      <test name="NLog.UnitTests.Targets.FileTargetTests.FileTarget_WithDateAndSequenceArchiveNumbering_ShouldPadSequenceNumberInArchiveFileName(placeHolderSharps: &quot;#&quot;, sequenceNumber: 20, expectedSequenceInArchiveFileName: &quot;20&quot;)" type="NLog.UnitTests.Targets.FileTargetTests" method="FileTarget_WithDateAndSequenceArchiveNumbering_ShouldPadSequenceNumberInArchiveFileName" time="0.0886103" result="Pass" />
      <test name="NLog.UnitTests.Targets.FileTargetTests.DeleteFileOnStartTest" type="NLog.UnitTests.Targets.FileTargetTests" method="DeleteFileOnStartTest" time="0.0216498" result="Pass" />
      <test name="NLog.UnitTests.Targets.FileTargetTests.FileTarget_ArchiveNumbering_DateAndSequence" type="NLog.UnitTests.Targets.FileTargetTests" method="FileTarget_ArchiveNumbering_DateAndSequence" time="1.2427219" result="Pass" />
      <test name="NLog.UnitTests.Targets.FileTargetTests.DateArchive_SkipPeriod(timeKind: Utc, archivePeriod: Day, includeSequenceInArchive: True)" type="NLog.UnitTests.Targets.FileTargetTests" method="DateArchive_SkipPeriod" time="0.0134704" result="Pass" />
      <test name="NLog.UnitTests.Targets.FileTargetTests.DateArchive_SkipPeriod(timeKind: Utc, archivePeriod: Day, includeSequenceInArchive: False)" type="NLog.UnitTests.Targets.FileTargetTests" method="DateArchive_SkipPeriod" time="0.0108795" result="Pass" />
      <test name="NLog.UnitTests.Targets.FileTargetTests.DateArchive_SkipPeriod(timeKind: Utc, archivePeriod: Hour, includeSequenceInArchive: True)" type="NLog.UnitTests.Targets.FileTargetTests" method="DateArchive_SkipPeriod" time="0.01361" result="Pass" />
      <test name="NLog.UnitTests.Targets.FileTargetTests.DateArchive_SkipPeriod(timeKind: Utc, archivePeriod: Hour, includeSequenceInArchive: False)" type="NLog.UnitTests.Targets.FileTargetTests" method="DateArchive_SkipPeriod" time="0.0134215" result="Pass" />
      <test name="NLog.UnitTests.Targets.FileTargetTests.DateArchive_SkipPeriod(timeKind: Local, archivePeriod: Day, includeSequenceInArchive: True)" type="NLog.UnitTests.Targets.FileTargetTests" method="DateArchive_SkipPeriod" time="0.0109685" result="Pass" />
      <test name="NLog.UnitTests.Targets.FileTargetTests.DateArchive_SkipPeriod(timeKind: Local, archivePeriod: Day, includeSequenceInArchive: False)" type="NLog.UnitTests.Targets.FileTargetTests" method="DateArchive_SkipPeriod" time="0.0105444" result="Pass" />
      <test name="NLog.UnitTests.Targets.FileTargetTests.DateArchive_SkipPeriod(timeKind: Local, archivePeriod: Hour, includeSequenceInArchive: True)" type="NLog.UnitTests.Targets.FileTargetTests" method="DateArchive_SkipPeriod" time="0.0160474" result="Pass" />
      <test name="NLog.UnitTests.Targets.FileTargetTests.DateArchive_SkipPeriod(timeKind: Local, archivePeriod: Hour, includeSequenceInArchive: False)" type="NLog.UnitTests.Targets.FileTargetTests" method="DateArchive_SkipPeriod" time="0.0149213" result="Pass" />
      <test name="NLog.UnitTests.Targets.FileTargetTests.DateArchive_UsesDateFromCurrentTimeSource(timeKind: Utc, concurrentWrites: True, keepFileOpen: True, networkWrites: True, includeSequenceInArchive: True)" type="NLog.UnitTests.Targets.FileTargetTests" method="DateArchive_UsesDateFromCurrentTimeSource" time="0.1221866" result="Pass" />
      <test name="NLog.UnitTests.Targets.FileTargetTests.DateArchive_UsesDateFromCurrentTimeSource(timeKind: Utc, concurrentWrites: True, keepFileOpen: True, networkWrites: True, includeSequenceInArchive: False)" type="NLog.UnitTests.Targets.FileTargetTests" method="DateArchive_UsesDateFromCurrentTimeSource" time="0.1191028" result="Pass" />
      <test name="NLog.UnitTests.Targets.FileTargetTests.DateArchive_UsesDateFromCurrentTimeSource(timeKind: Local, concurrentWrites: True, keepFileOpen: True, networkWrites: True, includeSequenceInArchive: True)" type="NLog.UnitTests.Targets.FileTargetTests" method="DateArchive_UsesDateFromCurrentTimeSource" time="0.1182883" result="Pass" />
      <test name="NLog.UnitTests.Targets.FileTargetTests.DateArchive_UsesDateFromCurrentTimeSource(timeKind: Local, concurrentWrites: True, keepFileOpen: True, networkWrites: True, includeSequenceInArchive: False)" type="NLog.UnitTests.Targets.FileTargetTests" method="DateArchive_UsesDateFromCurrentTimeSource" time="0.1200081" result="Pass" />
      <test name="NLog.UnitTests.Targets.FileTargetTests.DateArchive_UsesDateFromCurrentTimeSource(timeKind: Utc, concurrentWrites: True, keepFileOpen: True, networkWrites: False, includeSequenceInArchive: True)" type="NLog.UnitTests.Targets.FileTargetTests" method="DateArchive_UsesDateFromCurrentTimeSource" time="0.0462584" result="Pass" />
      <test name="NLog.UnitTests.Targets.FileTargetTests.DateArchive_UsesDateFromCurrentTimeSource(timeKind: Utc, concurrentWrites: True, keepFileOpen: True, networkWrites: False, includeSequenceInArchive: False)" type="NLog.UnitTests.Targets.FileTargetTests" method="DateArchive_UsesDateFromCurrentTimeSource" time="0.0464194" result="Pass" />
      <test name="NLog.UnitTests.Targets.FileTargetTests.DateArchive_UsesDateFromCurrentTimeSource(timeKind: Local, concurrentWrites: True, keepFileOpen: True, networkWrites: False, includeSequenceInArchive: True)" type="NLog.UnitTests.Targets.FileTargetTests" method="DateArchive_UsesDateFromCurrentTimeSource" time="0.0464428" result="Pass" />
      <test name="NLog.UnitTests.Targets.FileTargetTests.DateArchive_UsesDateFromCurrentTimeSource(timeKind: Local, concurrentWrites: True, keepFileOpen: True, networkWrites: False, includeSequenceInArchive: False)" type="NLog.UnitTests.Targets.FileTargetTests" method="DateArchive_UsesDateFromCurrentTimeSource" time="0.0461332" result="Pass" />
      <test name="NLog.UnitTests.Targets.FileTargetTests.DateArchive_UsesDateFromCurrentTimeSource(timeKind: Utc, concurrentWrites: True, keepFileOpen: False, networkWrites: True, includeSequenceInArchive: True)" type="NLog.UnitTests.Targets.FileTargetTests" method="DateArchive_UsesDateFromCurrentTimeSource" time="0.119963" result="Pass" />
      <test name="NLog.UnitTests.Targets.FileTargetTests.DateArchive_UsesDateFromCurrentTimeSource(timeKind: Utc, concurrentWrites: True, keepFileOpen: False, networkWrites: True, includeSequenceInArchive: False)" type="NLog.UnitTests.Targets.FileTargetTests" method="DateArchive_UsesDateFromCurrentTimeSource" time="0.118561" result="Pass" />
      <test name="NLog.UnitTests.Targets.FileTargetTests.DateArchive_UsesDateFromCurrentTimeSource(timeKind: Local, concurrentWrites: True, keepFileOpen: False, networkWrites: True, includeSequenceInArchive: True)" type="NLog.UnitTests.Targets.FileTargetTests" method="DateArchive_UsesDateFromCurrentTimeSource" time="0.1289958" result="Pass" />
      <test name="NLog.UnitTests.Targets.FileTargetTests.DateArchive_UsesDateFromCurrentTimeSource(timeKind: Local, concurrentWrites: True, keepFileOpen: False, networkWrites: True, includeSequenceInArchive: False)" type="NLog.UnitTests.Targets.FileTargetTests" method="DateArchive_UsesDateFromCurrentTimeSource" time="0.1889048" result="Pass" />
      <test name="NLog.UnitTests.Targets.FileTargetTests.DateArchive_UsesDateFromCurrentTimeSource(timeKind: Utc, concurrentWrites: True, keepFileOpen: False, networkWrites: False, includeSequenceInArchive: True)" type="NLog.UnitTests.Targets.FileTargetTests" method="DateArchive_UsesDateFromCurrentTimeSource" time="0.1392366" result="Pass" />
      <test name="NLog.UnitTests.Targets.FileTargetTests.DateArchive_UsesDateFromCurrentTimeSource(timeKind: Utc, concurrentWrites: True, keepFileOpen: False, networkWrites: False, includeSequenceInArchive: False)" type="NLog.UnitTests.Targets.FileTargetTests" method="DateArchive_UsesDateFromCurrentTimeSource" time="0.1407076" result="Pass" />
      <test name="NLog.UnitTests.Targets.FileTargetTests.DateArchive_UsesDateFromCurrentTimeSource(timeKind: Local, concurrentWrites: True, keepFileOpen: False, networkWrites: False, includeSequenceInArchive: True)" type="NLog.UnitTests.Targets.FileTargetTests" method="DateArchive_UsesDateFromCurrentTimeSource" time="0.1381264" result="Pass" />
      <test name="NLog.UnitTests.Targets.FileTargetTests.DateArchive_UsesDateFromCurrentTimeSource(timeKind: Local, concurrentWrites: True, keepFileOpen: False, networkWrites: False, includeSequenceInArchive: False)" type="NLog.UnitTests.Targets.FileTargetTests" method="DateArchive_UsesDateFromCurrentTimeSource" time="0.1414597" result="Pass" />
      <test name="NLog.UnitTests.Targets.FileTargetTests.DateArchive_UsesDateFromCurrentTimeSource(timeKind: Utc, concurrentWrites: False, keepFileOpen: True, networkWrites: True, includeSequenceInArchive: True)" type="NLog.UnitTests.Targets.FileTargetTests" method="DateArchive_UsesDateFromCurrentTimeSource" time="0.1401053" result="Pass" />
      <test name="NLog.UnitTests.Targets.FileTargetTests.DateArchive_UsesDateFromCurrentTimeSource(timeKind: Utc, concurrentWrites: False, keepFileOpen: True, networkWrites: True, includeSequenceInArchive: False)" type="NLog.UnitTests.Targets.FileTargetTests" method="DateArchive_UsesDateFromCurrentTimeSource" time="0.1484049" result="Pass" />
      <test name="NLog.UnitTests.Targets.FileTargetTests.DateArchive_UsesDateFromCurrentTimeSource(timeKind: Local, concurrentWrites: False, keepFileOpen: True, networkWrites: True, includeSequenceInArchive: True)" type="NLog.UnitTests.Targets.FileTargetTests" method="DateArchive_UsesDateFromCurrentTimeSource" time="0.1485495" result="Pass" />
      <test name="NLog.UnitTests.Targets.FileTargetTests.DateArchive_UsesDateFromCurrentTimeSource(timeKind: Local, concurrentWrites: False, keepFileOpen: True, networkWrites: True, includeSequenceInArchive: False)" type="NLog.UnitTests.Targets.FileTargetTests" method="DateArchive_UsesDateFromCurrentTimeSource" time="0.1362137" result="Pass" />
      <test name="NLog.UnitTests.Targets.FileTargetTests.DateArchive_UsesDateFromCurrentTimeSource(timeKind: Utc, concurrentWrites: False, keepFileOpen: True, networkWrites: False, includeSequenceInArchive: True)" type="NLog.UnitTests.Targets.FileTargetTests" method="DateArchive_UsesDateFromCurrentTimeSource" time="0.0510914" result="Pass" />
      <test name="NLog.UnitTests.Targets.FileTargetTests.DateArchive_UsesDateFromCurrentTimeSource(timeKind: Utc, concurrentWrites: False, keepFileOpen: True, networkWrites: False, includeSequenceInArchive: False)" type="NLog.UnitTests.Targets.FileTargetTests" method="DateArchive_UsesDateFromCurrentTimeSource" time="0.051334" result="Pass" />
      <test name="NLog.UnitTests.Targets.FileTargetTests.DateArchive_UsesDateFromCurrentTimeSource(timeKind: Local, concurrentWrites: False, keepFileOpen: True, networkWrites: False, includeSequenceInArchive: True)" type="NLog.UnitTests.Targets.FileTargetTests" method="DateArchive_UsesDateFromCurrentTimeSource" time="0.0703873" result="Pass" />
      <test name="NLog.UnitTests.Targets.FileTargetTests.DateArchive_UsesDateFromCurrentTimeSource(timeKind: Local, concurrentWrites: False, keepFileOpen: True, networkWrites: False, includeSequenceInArchive: False)" type="NLog.UnitTests.Targets.FileTargetTests" method="DateArchive_UsesDateFromCurrentTimeSource" time="0.0687323" result="Pass" />
      <test name="NLog.UnitTests.Targets.FileTargetTests.DateArchive_UsesDateFromCurrentTimeSource(timeKind: Utc, concurrentWrites: False, keepFileOpen: False, networkWrites: True, includeSequenceInArchive: True)" type="NLog.UnitTests.Targets.FileTargetTests" method="DateArchive_UsesDateFromCurrentTimeSource" time="0.1424507" result="Pass" />
      <test name="NLog.UnitTests.Targets.FileTargetTests.DateArchive_UsesDateFromCurrentTimeSource(timeKind: Utc, concurrentWrites: False, keepFileOpen: False, networkWrites: True, includeSequenceInArchive: False)" type="NLog.UnitTests.Targets.FileTargetTests" method="DateArchive_UsesDateFromCurrentTimeSource" time="0.1435863" result="Pass" />
      <test name="NLog.UnitTests.Targets.FileTargetTests.DateArchive_UsesDateFromCurrentTimeSource(timeKind: Local, concurrentWrites: False, keepFileOpen: False, networkWrites: True, includeSequenceInArchive: True)" type="NLog.UnitTests.Targets.FileTargetTests" method="DateArchive_UsesDateFromCurrentTimeSource" time="0.1876653" result="Pass" />
      <test name="NLog.UnitTests.Targets.FileTargetTests.DateArchive_UsesDateFromCurrentTimeSource(timeKind: Local, concurrentWrites: False, keepFileOpen: False, networkWrites: True, includeSequenceInArchive: False)" type="NLog.UnitTests.Targets.FileTargetTests" method="DateArchive_UsesDateFromCurrentTimeSource" time="0.1777534" result="Pass" />
      <test name="NLog.UnitTests.Targets.FileTargetTests.DateArchive_UsesDateFromCurrentTimeSource(timeKind: Utc, concurrentWrites: False, keepFileOpen: False, networkWrites: False, includeSequenceInArchive: True)" type="NLog.UnitTests.Targets.FileTargetTests" method="DateArchive_UsesDateFromCurrentTimeSource" time="0.2411721" result="Pass" />
      <test name="NLog.UnitTests.Targets.FileTargetTests.DateArchive_UsesDateFromCurrentTimeSource(timeKind: Utc, concurrentWrites: False, keepFileOpen: False, networkWrites: False, includeSequenceInArchive: False)" type="NLog.UnitTests.Targets.FileTargetTests" method="DateArchive_UsesDateFromCurrentTimeSource" time="0.1613422" result="Pass" />
      <test name="NLog.UnitTests.Targets.FileTargetTests.DateArchive_UsesDateFromCurrentTimeSource(timeKind: Local, concurrentWrites: False, keepFileOpen: False, networkWrites: False, includeSequenceInArchive: True)" type="NLog.UnitTests.Targets.FileTargetTests" method="DateArchive_UsesDateFromCurrentTimeSource" time="0.1437982" result="Pass" />
      <test name="NLog.UnitTests.Targets.FileTargetTests.DateArchive_UsesDateFromCurrentTimeSource(timeKind: Local, concurrentWrites: False, keepFileOpen: False, networkWrites: False, includeSequenceInArchive: False)" type="NLog.UnitTests.Targets.FileTargetTests" method="DateArchive_UsesDateFromCurrentTimeSource" time="0.1539206" result="Pass" />
      <test name="NLog.UnitTests.Targets.FileTargetTests.MultiFileWrite" type="NLog.UnitTests.Targets.FileTargetTests" method="MultiFileWrite" time="0.8899622" result="Pass" />
      <test name="NLog.UnitTests.Targets.FileTargetTests.MaxArchiveFilesWithDate_only_date2(changeCreationAndWriteTime: True)" type="NLog.UnitTests.Targets.FileTargetTests" method="MaxArchiveFilesWithDate_only_date2" time="0.0539193" result="Pass" />
      <test name="NLog.UnitTests.Targets.FileTargetTests.MaxArchiveFilesWithDate_only_date2(changeCreationAndWriteTime: False)" type="NLog.UnitTests.Targets.FileTargetTests" method="MaxArchiveFilesWithDate_only_date2" time="0.0384449" result="Pass" />
      <test name="NLog.UnitTests.Targets.FileTargetTests.MaxArchiveFilesWithDate_only_date(changeCreationAndWriteTime: True)" type="NLog.UnitTests.Targets.FileTargetTests" method="MaxArchiveFilesWithDate_only_date" time="0.0517212" result="Pass" />
      <test name="NLog.UnitTests.Targets.FileTargetTests.MaxArchiveFilesWithDate_only_date(changeCreationAndWriteTime: False)" type="NLog.UnitTests.Targets.FileTargetTests" method="MaxArchiveFilesWithDate_only_date" time="0.0383657" result="Pass" />
      <test name="NLog.UnitTests.Targets.FileTargetTests.AsyncMultiFileWrite" type="NLog.UnitTests.Targets.FileTargetTests" method="AsyncMultiFileWrite" time="0.0725767" result="Pass" />
      <test name="NLog.UnitTests.Targets.FileTargetTests.ArchiveFileRollsCorrectly_ExistingArchives" type="NLog.UnitTests.Targets.FileTargetTests" method="ArchiveFileRollsCorrectly_ExistingArchives" time="0.4862556" result="Pass" />
      <test name="NLog.UnitTests.Targets.FileTargetTests.DateArchive_ArchiveOnceOnly(concurrentWrites: True, keepFileOpen: True, networkWrites: True, includeSequenceInArchive: True)" type="NLog.UnitTests.Targets.FileTargetTests" method="DateArchive_ArchiveOnceOnly" time="0.0143317" result="Pass" />
      <test name="NLog.UnitTests.Targets.FileTargetTests.DateArchive_ArchiveOnceOnly(concurrentWrites: True, keepFileOpen: True, networkWrites: True, includeSequenceInArchive: False)" type="NLog.UnitTests.Targets.FileTargetTests" method="DateArchive_ArchiveOnceOnly" time="0.0151934" result="Pass" />
      <test name="NLog.UnitTests.Targets.FileTargetTests.DateArchive_ArchiveOnceOnly(concurrentWrites: True, keepFileOpen: True, networkWrites: False, includeSequenceInArchive: True)" type="NLog.UnitTests.Targets.FileTargetTests" method="DateArchive_ArchiveOnceOnly" time="0.014535" result="Pass" />
      <test name="NLog.UnitTests.Targets.FileTargetTests.DateArchive_ArchiveOnceOnly(concurrentWrites: True, keepFileOpen: True, networkWrites: False, includeSequenceInArchive: False)" type="NLog.UnitTests.Targets.FileTargetTests" method="DateArchive_ArchiveOnceOnly" time="0.0131978" result="Pass" />
      <test name="NLog.UnitTests.Targets.FileTargetTests.DateArchive_ArchiveOnceOnly(concurrentWrites: True, keepFileOpen: False, networkWrites: True, includeSequenceInArchive: True)" type="NLog.UnitTests.Targets.FileTargetTests" method="DateArchive_ArchiveOnceOnly" time="0.0147226" result="Pass" />
      <test name="NLog.UnitTests.Targets.FileTargetTests.DateArchive_ArchiveOnceOnly(concurrentWrites: True, keepFileOpen: False, networkWrites: True, includeSequenceInArchive: False)" type="NLog.UnitTests.Targets.FileTargetTests" method="DateArchive_ArchiveOnceOnly" time="0.0135726" result="Pass" />
      <test name="NLog.UnitTests.Targets.FileTargetTests.DateArchive_ArchiveOnceOnly(concurrentWrites: True, keepFileOpen: False, networkWrites: False, includeSequenceInArchive: True)" type="NLog.UnitTests.Targets.FileTargetTests" method="DateArchive_ArchiveOnceOnly" time="0.0149266" result="Pass" />
      <test name="NLog.UnitTests.Targets.FileTargetTests.DateArchive_ArchiveOnceOnly(concurrentWrites: True, keepFileOpen: False, networkWrites: False, includeSequenceInArchive: False)" type="NLog.UnitTests.Targets.FileTargetTests" method="DateArchive_ArchiveOnceOnly" time="0.0120479" result="Pass" />
      <test name="NLog.UnitTests.Targets.FileTargetTests.DateArchive_ArchiveOnceOnly(concurrentWrites: False, keepFileOpen: True, networkWrites: True, includeSequenceInArchive: True)" type="NLog.UnitTests.Targets.FileTargetTests" method="DateArchive_ArchiveOnceOnly" time="0.0117715" result="Pass" />
      <test name="NLog.UnitTests.Targets.FileTargetTests.DateArchive_ArchiveOnceOnly(concurrentWrites: False, keepFileOpen: True, networkWrites: True, includeSequenceInArchive: False)" type="NLog.UnitTests.Targets.FileTargetTests" method="DateArchive_ArchiveOnceOnly" time="0.0129684" result="Pass" />
      <test name="NLog.UnitTests.Targets.FileTargetTests.DateArchive_ArchiveOnceOnly(concurrentWrites: False, keepFileOpen: False, networkWrites: True, includeSequenceInArchive: True)" type="NLog.UnitTests.Targets.FileTargetTests" method="DateArchive_ArchiveOnceOnly" time="0.0150485" result="Pass" />
      <test name="NLog.UnitTests.Targets.FileTargetTests.DateArchive_ArchiveOnceOnly(concurrentWrites: False, keepFileOpen: False, networkWrites: True, includeSequenceInArchive: False)" type="NLog.UnitTests.Targets.FileTargetTests" method="DateArchive_ArchiveOnceOnly" time="0.0130898" result="Pass" />
      <test name="NLog.UnitTests.Targets.FileTargetTests.DateArchive_ArchiveOnceOnly(concurrentWrites: False, keepFileOpen: False, networkWrites: False, includeSequenceInArchive: True)" type="NLog.UnitTests.Targets.FileTargetTests" method="DateArchive_ArchiveOnceOnly" time="0.0141971" result="Pass" />
      <test name="NLog.UnitTests.Targets.FileTargetTests.DateArchive_ArchiveOnceOnly(concurrentWrites: False, keepFileOpen: False, networkWrites: False, includeSequenceInArchive: False)" type="NLog.UnitTests.Targets.FileTargetTests" method="DateArchive_ArchiveOnceOnly" time="0.013218" result="Pass" />
      <test name="NLog.UnitTests.Targets.FileTargetTests.SimpleFileTest(concurrentWrites: True, keepFileOpen: True, networkWrites: True)" type="NLog.UnitTests.Targets.FileTargetTests" method="SimpleFileTest" time="0.0071471" result="Pass" />
      <test name="NLog.UnitTests.Targets.FileTargetTests.SimpleFileTest(concurrentWrites: True, keepFileOpen: True, networkWrites: False)" type="NLog.UnitTests.Targets.FileTargetTests" method="SimpleFileTest" time="0.0050447" result="Pass" />
      <test name="NLog.UnitTests.Targets.FileTargetTests.SimpleFileTest(concurrentWrites: True, keepFileOpen: False, networkWrites: True)" type="NLog.UnitTests.Targets.FileTargetTests" method="SimpleFileTest" time="0.0063162" result="Pass" />
      <test name="NLog.UnitTests.Targets.FileTargetTests.SimpleFileTest(concurrentWrites: True, keepFileOpen: False, networkWrites: False)" type="NLog.UnitTests.Targets.FileTargetTests" method="SimpleFileTest" time="0.0084305" result="Pass" />
      <test name="NLog.UnitTests.Targets.FileTargetTests.SimpleFileTest(concurrentWrites: False, keepFileOpen: True, networkWrites: True)" type="NLog.UnitTests.Targets.FileTargetTests" method="SimpleFileTest" time="0.007008" result="Pass" />
      <test name="NLog.UnitTests.Targets.FileTargetTests.SimpleFileTest(concurrentWrites: False, keepFileOpen: True, networkWrites: False)" type="NLog.UnitTests.Targets.FileTargetTests" method="SimpleFileTest" time="0.0075002" result="Pass" />
      <test name="NLog.UnitTests.Targets.FileTargetTests.SimpleFileTest(concurrentWrites: False, keepFileOpen: False, networkWrites: True)" type="NLog.UnitTests.Targets.FileTargetTests" method="SimpleFileTest" time="0.0062333" result="Pass" />
      <test name="NLog.UnitTests.Targets.FileTargetTests.SimpleFileTest(concurrentWrites: False, keepFileOpen: False, networkWrites: False)" type="NLog.UnitTests.Targets.FileTargetTests" method="SimpleFileTest" time="0.0070991" result="Pass" />
      <test name="NLog.UnitTests.Targets.FileTargetTests.CsvHeaderTest" type="NLog.UnitTests.Targets.FileTargetTests" method="CsvHeaderTest" time="0.0172503" result="Pass" />
      <test name="NLog.UnitTests.Targets.FileTargetTests.FileTarget_WithArchiveFileNameEndingInNumberPlaceholder_ShouldArchiveFile(slash: &quot;/&quot;)" type="NLog.UnitTests.Targets.FileTargetTests" method="FileTarget_WithArchiveFileNameEndingInNumberPlaceholder_ShouldArchiveFile" time="0.1096989" result="Pass" />
      <test name="NLog.UnitTests.Targets.FileTargetTests.FileTarget_WithArchiveFileNameEndingInNumberPlaceholder_ShouldArchiveFile(slash: &quot;\&quot;)" type="NLog.UnitTests.Targets.FileTargetTests" method="FileTarget_WithArchiveFileNameEndingInNumberPlaceholder_ShouldArchiveFile" time="0.1434053" result="Pass" />
      <test name="NLog.UnitTests.Targets.FileTargetTests.ArchiveAboveSizeWithArchiveNumberingModeDate_maxfiles_o" type="NLog.UnitTests.Targets.FileTargetTests" method="ArchiveAboveSizeWithArchiveNumberingModeDate_maxfiles_o" time="0" result="Skip">
        <reason><![CDATA[this is not supported, because we cannot create multiple archive files with  ArchiveNumberingMode.Date (for one day)]]></reason>
      </test>
      <test name="NLog.UnitTests.Targets.FileTargetTests.SequentialArchiveTest" type="NLog.UnitTests.Targets.FileTargetTests" method="SequentialArchiveTest" time="0.9739038" result="Pass" />
      <test name="NLog.UnitTests.Targets.LineEndingModeTests.LineEndingModeInequalityTest" type="NLog.UnitTests.Targets.LineEndingModeTests" method="LineEndingModeInequalityTest" time="0.0007336" result="Pass" />
      <test name="NLog.UnitTests.Targets.LineEndingModeTests.LineEndingModeToStringTest" type="NLog.UnitTests.Targets.LineEndingModeTests" method="LineEndingModeToStringTest" time="0.0003431" result="Pass" />
      <test name="NLog.UnitTests.Targets.LineEndingModeTests.LineEndingModeNullComparison" type="NLog.UnitTests.Targets.LineEndingModeTests" method="LineEndingModeNullComparison" time="0.0003485" result="Pass" />
      <test name="NLog.UnitTests.Targets.LineEndingModeTests.LineEndingModeEqualityTest" type="NLog.UnitTests.Targets.LineEndingModeTests" method="LineEndingModeEqualityTest" time="0.0004141" result="Pass" />
      <test name="NLog.UnitTests.Targets.LogReceiverWebServiceTargetTests.LogReceiverWebServiceTargetMultipleEventTest" type="NLog.UnitTests.Targets.LogReceiverWebServiceTargetTests" method="LogReceiverWebServiceTargetMultipleEventTest" time="0.0081394" result="Pass" />
      <test name="NLog.UnitTests.Targets.LogReceiverWebServiceTargetTests.NoEmptyEventLists" type="NLog.UnitTests.Targets.LogReceiverWebServiceTargetTests" method="NoEmptyEventLists" time="1.0111882" result="Pass" />
      <test name="NLog.UnitTests.Targets.LogReceiverWebServiceTargetTests.LogReceiverWebServiceTargetSingleEventTest" type="NLog.UnitTests.Targets.LogReceiverWebServiceTargetTests" method="LogReceiverWebServiceTargetSingleEventTest" time="0.0035877" result="Pass" />
      <test name="NLog.UnitTests.Targets.LogReceiverWebServiceTargetTests.LogReceiverWebServiceTargetMultipleEventWithPerEventPropertiesTest" type="NLog.UnitTests.Targets.LogReceiverWebServiceTargetTests" method="LogReceiverWebServiceTargetMultipleEventWithPerEventPropertiesTest" time="0.0018909" result="Pass" />
      <test name="NLog.UnitTests.Targets.MailTargetTests.DefaultSmtpClientTest" type="NLog.UnitTests.Targets.MailTargetTests" method="DefaultSmtpClientTest" time="0.0169645" result="Pass" />
      <test name="NLog.UnitTests.Targets.MailTargetTests.PerMessageAddress" type="NLog.UnitTests.Targets.MailTargetTests" method="PerMessageAddress" time="0.0110399" result="Pass" />
      <test name="NLog.UnitTests.Targets.MailTargetTests.MailTarget_WithNewlineInSubject_SendsMail" type="NLog.UnitTests.Targets.MailTargetTests" method="MailTarget_WithNewlineInSubject_SendsMail" time="0.0012328" result="Pass" />
      <test name="NLog.UnitTests.Targets.MailTargetTests.MailTargetInitialize_WithoutSpecifiedSmtpServer_should_not_ThrowsConfigException" type="NLog.UnitTests.Targets.MailTargetTests" method="MailTargetInitialize_WithoutSpecifiedSmtpServer_should_not_ThrowsConfigException" time="0.0004749" result="Pass" />
      <test name="NLog.UnitTests.Targets.MailTargetTests.MailTarget_WithInvalidPriority_SendsMailWithNormalPriority" type="NLog.UnitTests.Targets.MailTargetTests" method="MailTarget_WithInvalidPriority_SendsMailWithNormalPriority" time="0.0040159" result="Pass" />
      <test name="NLog.UnitTests.Targets.MailTargetTests.MailTarget_UseSystemNetMailSettings_False_Override_DeliveryMethod_SpecifiedDeliveryMethod" type="NLog.UnitTests.Targets.MailTargetTests" method="MailTarget_UseSystemNetMailSettings_False_Override_DeliveryMethod_SpecifiedDeliveryMethod" time="0.0018162" result="Pass" />
      <test name="NLog.UnitTests.Targets.MailTargetTests.MailTarget_WithEmptyTo_ThrowsNLogRuntimeException" type="NLog.UnitTests.Targets.MailTargetTests" method="MailTarget_WithEmptyTo_ThrowsNLogRuntimeException" time="0.002402" result="Pass" />
      <test name="NLog.UnitTests.Targets.MailTargetTests.MailTarget_UseSystemNetMailSettings_True" type="NLog.UnitTests.Targets.MailTargetTests" method="MailTarget_UseSystemNetMailSettings_True" time="0.0007996" result="Pass" />
      <test name="NLog.UnitTests.Targets.MailTargetTests.PerMessageServer" type="NLog.UnitTests.Targets.MailTargetTests" method="PerMessageServer" time="0.0016684" result="Pass" />
      <test name="NLog.UnitTests.Targets.MailTargetTests.MailTarget_WithValidToAndEmptyBcc_SendsMail" type="NLog.UnitTests.Targets.MailTargetTests" method="MailTarget_WithValidToAndEmptyBcc_SendsMail" time="0.0011285" result="Pass" />
      <test name="NLog.UnitTests.Targets.MailTargetTests.MailTarget_WithValidToAndEmptyCC_SendsMail" type="NLog.UnitTests.Targets.MailTargetTests" method="MailTarget_WithValidToAndEmptyCC_SendsMail" time="0.0011597" result="Pass" />
      <test name="NLog.UnitTests.Targets.MailTargetTests.CsvLayoutTest" type="NLog.UnitTests.Targets.MailTargetTests" method="CsvLayoutTest" time="0.002255" result="Pass" />
      <test name="NLog.UnitTests.Targets.MailTargetTests.MailTarget_WithoutSubject_SendsMessageWithDefaultSubject" type="NLog.UnitTests.Targets.MailTargetTests" method="MailTarget_WithoutSubject_SendsMessageWithDefaultSubject" time="0.001303" result="Pass" />
      <test name="NLog.UnitTests.Targets.MailTargetTests.ErrorHandlingTest" type="NLog.UnitTests.Targets.MailTargetTests" method="ErrorHandlingTest" time="0.0021832" result="Pass" />
      <test name="NLog.UnitTests.Targets.MailTargetTests.NtlmEmailTest" type="NLog.UnitTests.Targets.MailTargetTests" method="NtlmEmailTest" time="0.001833" result="Pass" />
      <test name="NLog.UnitTests.Targets.MailTargetTests.BasicAuthEmailTest" type="NLog.UnitTests.Targets.MailTargetTests" method="BasicAuthEmailTest" time="0.0019767" result="Pass" />
      <test name="NLog.UnitTests.Targets.MailTargetTests.SimpleEmailTest" type="NLog.UnitTests.Targets.MailTargetTests" method="SimpleEmailTest" time="0.001296" result="Pass" />
      <test name="NLog.UnitTests.Targets.MailTargetTests.MailTarget_WithEmptyFrom_ThrowsNLogRuntimeException" type="NLog.UnitTests.Targets.MailTargetTests" method="MailTarget_WithEmptyFrom_ThrowsNLogRuntimeException" time="0.0009483" result="Pass" />
      <test name="NLog.UnitTests.Targets.MailTargetTests.ReplaceNewlinesWithBreakInHtmlMail" type="NLog.UnitTests.Targets.MailTargetTests" method="ReplaceNewlinesWithBreakInHtmlMail" time="0.0010603" result="Pass" />
      <test name="NLog.UnitTests.Targets.MailTargetTests.MailTargetInitialize_WithoutSpecifiedFrom_ThrowsConfigException" type="NLog.UnitTests.Targets.MailTargetTests" method="MailTargetInitialize_WithoutSpecifiedFrom_ThrowsConfigException" time="0.0007779" result="Pass" />
      <test name="NLog.UnitTests.Targets.MailTargetTests.MailTarget_WithEmptySmtpServer_ThrowsNLogRuntimeException" type="NLog.UnitTests.Targets.MailTargetTests" method="MailTarget_WithEmptySmtpServer_ThrowsNLogRuntimeException" time="0.0011441" result="Pass" />
      <test name="NLog.UnitTests.Targets.MailTargetTests.CustomHeaderAndFooter" type="NLog.UnitTests.Targets.MailTargetTests" method="CustomHeaderAndFooter" time="0.0010303" result="Pass" />
      <test name="NLog.UnitTests.Targets.MailTargetTests.MailTarget_WithoutPriority_SendsMailWithNormalPriority" type="NLog.UnitTests.Targets.MailTargetTests" method="MailTarget_WithoutPriority_SendsMailWithNormalPriority" time="0.0007898" result="Pass" />
      <test name="NLog.UnitTests.Targets.MailTargetTests.MailTargetInitialize_WithoutSpecifiedSmtpServer_ThrowsConfigException_if_UseSystemNetMailSettings" type="NLog.UnitTests.Targets.MailTargetTests" method="MailTargetInitialize_WithoutSpecifiedSmtpServer_ThrowsConfigException_if_UseSystemNetMailSettings" time="0.0007775" result="Pass" />
      <test name="NLog.UnitTests.Targets.MailTargetTests.MailTarget_WithPriority_SendsMailWithPrioritySet" type="NLog.UnitTests.Targets.MailTargetTests" method="MailTarget_WithPriority_SendsMailWithPrioritySet" time="0.0008411" result="Pass" />
      <test name="NLog.UnitTests.Targets.MailTargetTests.MailTarget_UseSystemNetMailSettings_False_Override_ThrowsNLogRuntimeException_if_DeliveryMethodNotSpecified" type="NLog.UnitTests.Targets.MailTargetTests" method="MailTarget_UseSystemNetMailSettings_False_Override_ThrowsNLogRuntimeException_if_DeliveryMethodNotSpecified" time="0.0007717" result="Pass" />
      <test name="NLog.UnitTests.Targets.MailTargetTests.NoReplaceNewlinesWithBreakInHtmlMail" type="NLog.UnitTests.Targets.MailTargetTests" method="NoReplaceNewlinesWithBreakInHtmlMail" time="0.0008103" result="Pass" />
      <test name="NLog.UnitTests.Targets.MailTargetTests.MailTargetInitialize_WithoutSpecifiedTo_ThrowsConfigException" type="NLog.UnitTests.Targets.MailTargetTests" method="MailTargetInitialize_WithoutSpecifiedTo_ThrowsConfigException" time="0.0007652" result="Pass" />
      <test name="NLog.UnitTests.Targets.MemoryTargetTests.MemoryTarget_ClearLogsTest" type="NLog.UnitTests.Targets.MemoryTargetTests" method="MemoryTarget_ClearLogsTest" time="0.0049749" result="Pass" />
      <test name="NLog.UnitTests.Targets.MemoryTargetTests.MemoryTarget_EmptyMessageTest" type="NLog.UnitTests.Targets.MemoryTargetTests" method="MemoryTarget_EmptyMessageTest" time="0.0037531" result="Pass" />
      <test name="NLog.UnitTests.Targets.MemoryTargetTests.MemoryTarget_ReconfigureTest_SameTarget_ExpectLogsEmptied" type="NLog.UnitTests.Targets.MemoryTargetTests" method="MemoryTarget_ReconfigureTest_SameTarget_ExpectLogsEmptied" time="0.0091136" result="Pass" />
      <test name="NLog.UnitTests.Targets.MemoryTargetTests.MemoryTarget_LogLevelTest" type="NLog.UnitTests.Targets.MemoryTargetTests" method="MemoryTarget_LogLevelTest" time="0.0036768" result="Pass" />
      <test name="NLog.UnitTests.Targets.MemoryTargetTests.MemoryTarget_NullMessageTest" type="NLog.UnitTests.Targets.MemoryTargetTests" method="MemoryTarget_NullMessageTest" time="0.0039867" result="Pass" />
      <test name="NLog.UnitTests.Targets.MessageQueueTargetTests.QueueExists_Write_MessageIsWritten" type="NLog.UnitTests.Targets.MessageQueueTargetTests" method="QueueExists_Write_MessageIsWritten" time="0.0073417" result="Pass" />
      <test name="NLog.UnitTests.Targets.MessageQueueTargetTests.FormatQueueName_Write_DoesNotCheckIfQueueExists" type="NLog.UnitTests.Targets.MessageQueueTargetTests" method="FormatQueueName_Write_DoesNotCheckIfQueueExists" time="0.000871" result="Pass" />
      <test name="NLog.UnitTests.Targets.MessageQueueTargetTests.DoNotCheckIfQueueExists_Write_DoesNotCheckIfQueueExists" type="NLog.UnitTests.Targets.MessageQueueTargetTests" method="DoNotCheckIfQueueExists_Write_DoesNotCheckIfQueueExists" time="0.0009072" result="Pass" />
      <test name="NLog.UnitTests.Targets.MessageQueueTargetTests.QueueDoesNotExistsAndDoNotCreate_Write_NothingIsWritten" type="NLog.UnitTests.Targets.MessageQueueTargetTests" method="QueueDoesNotExistsAndDoNotCreate_Write_NothingIsWritten" time="0.0006912" result="Pass" />
      <test name="NLog.UnitTests.Targets.MessageQueueTargetTests.MessageQueueTarget_CheckIfQueueExists_setting_should_work" type="NLog.UnitTests.Targets.MessageQueueTargetTests" method="MessageQueueTarget_CheckIfQueueExists_setting_should_work" time="0.0088973" result="Pass" />
      <test name="NLog.UnitTests.Targets.MessageQueueTargetTests.QueueDoesNotExistsAndCreatedQueue_Write_MessageIsWritten" type="NLog.UnitTests.Targets.MessageQueueTargetTests" method="QueueDoesNotExistsAndCreatedQueue_Write_MessageIsWritten" time="0.0011157" result="Pass" />
      <test name="NLog.UnitTests.Targets.MessageQueueTargetTests.QueueDoesNotExistsAndCreatedQueue_Write_QueueIsCreated" type="NLog.UnitTests.Targets.MessageQueueTargetTests" method="QueueDoesNotExistsAndCreatedQueue_Write_QueueIsCreated" time="0.0007959" result="Pass" />
      <test name="NLog.UnitTests.Targets.NetworkTargetTests.NetworkTargetHappyPathTest" type="NLog.UnitTests.Targets.NetworkTargetTests" method="NetworkTargetHappyPathTest" time="0.0081625" result="Pass" />
      <test name="NLog.UnitTests.Targets.NetworkTargetTests.NetworkTargetMultipleConnectionsTest" type="NLog.UnitTests.Targets.NetworkTargetTests" method="NetworkTargetMultipleConnectionsTest" time="0.0022891" result="Pass" />
      <test name="NLog.UnitTests.Targets.NetworkTargetTests.NetworkTargetTcpTest" type="NLog.UnitTests.Targets.NetworkTargetTests" method="NetworkTargetTcpTest" time="0.1602715" result="Pass" />
      <test name="NLog.UnitTests.Targets.NetworkTargetTests.NetworkTargetUdpTest" type="NLog.UnitTests.Targets.NetworkTargetTests" method="NetworkTargetUdpTest" time="0.0277131" result="Pass" />
      <test name="NLog.UnitTests.Targets.NetworkTargetTests.NetworkTargetMultipleConnectionsWithMessageDiscardTest" type="NLog.UnitTests.Targets.NetworkTargetTests" method="NetworkTargetMultipleConnectionsWithMessageDiscardTest" time="0.0015793" result="Pass" />
      <test name="NLog.UnitTests.Targets.NetworkTargetTests.NetworkTargetMultipleConnectionsWithoutKeepAliveTest" type="NLog.UnitTests.Targets.NetworkTargetTests" method="NetworkTargetMultipleConnectionsWithoutKeepAliveTest" time="0.0036374" result="Pass" />
      <test name="NLog.UnitTests.Targets.NetworkTargetTests.NetworkTargetSendFailureTests" type="NLog.UnitTests.Targets.NetworkTargetTests" method="NetworkTargetSendFailureTests" time="0.0027428" result="Pass" />
      <test name="NLog.UnitTests.Targets.NetworkTargetTests.NetworkTargetMultipleConnectionsWithMessageErrorTest" type="NLog.UnitTests.Targets.NetworkTargetTests" method="NetworkTargetMultipleConnectionsWithMessageErrorTest" time="0.001643" result="Pass" />
      <test name="NLog.UnitTests.Targets.NetworkTargetTests.NetworkTargetSendFailureWithoutKeepAliveTests" type="NLog.UnitTests.Targets.NetworkTargetTests" method="NetworkTargetSendFailureWithoutKeepAliveTests" time="0.0020165" result="Pass" />
      <test name="NLog.UnitTests.Targets.NetworkTargetTests.NetworkTargetMultipleConnectionsWithCacheOverflowTest" type="NLog.UnitTests.Targets.NetworkTargetTests" method="NetworkTargetMultipleConnectionsWithCacheOverflowTest" time="0.0016754" result="Pass" />
      <test name="NLog.UnitTests.Targets.NetworkTargetTests.NetworkTargetMultipleConnectionsWithMessageSplitTest" type="NLog.UnitTests.Targets.NetworkTargetTests" method="NetworkTargetMultipleConnectionsWithMessageSplitTest" time="0.0013321" result="Pass" />
      <test name="NLog.UnitTests.Targets.NetworkTargetTests.NetworkTargetNotConnectedTest" type="NLog.UnitTests.Targets.NetworkTargetTests" method="NetworkTargetNotConnectedTest" time="1.0074559" result="Pass" />
      <test name="NLog.UnitTests.Targets.NetworkTargetTests.NothingToFlushTest" type="NLog.UnitTests.Targets.NetworkTargetTests" method="NothingToFlushTest" time="0.0008116" result="Pass" />
      <test name="NLog.UnitTests.Targets.TargetTests.FlushTest" type="NLog.UnitTests.Targets.TargetTests" method="FlushTest" time="0.0013457" result="Pass" />
      <test name="NLog.UnitTests.Targets.TargetTests.FlushOnClosedTargetTest" type="NLog.UnitTests.Targets.TargetTests" method="FlushOnClosedTargetTest" time="0.0006034" result="Pass" />
      <test name="NLog.UnitTests.Targets.TargetTests.WriteOnClosedTargetTest" type="NLog.UnitTests.Targets.TargetTests" method="WriteOnClosedTargetTest" time="0.0005472" result="Pass" />
      <test name="NLog.UnitTests.Targets.TargetTests.WriteFormattedStringEvent_WithNullArgument" type="NLog.UnitTests.Targets.TargetTests" method="WriteFormattedStringEvent_WithNullArgument" time="0.0014512" result="Pass" />
      <test name="NLog.UnitTests.Targets.TargetTests.LockingTest" type="NLog.UnitTests.Targets.TargetTests" method="LockingTest" time="1.0116119" result="Pass" />
      <test name="NLog.UnitTests.Targets.TargetTests.CloseWithoutInitializeTest" type="NLog.UnitTests.Targets.TargetTests" method="CloseWithoutInitializeTest" time="0.0002807" result="Pass" />
      <test name="NLog.UnitTests.Targets.TargetTests.DoubleInitializeTest" type="NLog.UnitTests.Targets.TargetTests" method="DoubleInitializeTest" time="0.0002581" result="Pass" />
      <test name="NLog.UnitTests.Targets.TargetTests.InitializeTest" type="NLog.UnitTests.Targets.TargetTests" method="InitializeTest" time="0.000238" result="Pass" />
      <test name="NLog.UnitTests.Targets.TargetTests.GivenNullEvents_WhenWriteAsyncLogEvents_ThenNoExceptionAreThrown" type="NLog.UnitTests.Targets.TargetTests" method="GivenNullEvents_WhenWriteAsyncLogEvents_ThenNoExceptionAreThrown" time="0.0001752" result="Pass" />
      <test name="NLog.UnitTests.Targets.TargetTests.FlushWithoutInitializeTest" type="NLog.UnitTests.Targets.TargetTests" method="FlushWithoutInitializeTest" time="0.0002918" result="Pass" />
      <test name="NLog.UnitTests.Targets.TargetTests.InitializeFailedTest" type="NLog.UnitTests.Targets.TargetTests" method="InitializeFailedTest" time="0.0011581" result="Pass" />
      <test name="NLog.UnitTests.Targets.TargetTests.DoubleCloseTest" type="NLog.UnitTests.Targets.TargetTests" method="DoubleCloseTest" time="0.0002721" result="Pass" />
      <test name="NLog.UnitTests.Targets.TargetTests.WriteWithoutInitializeTest" type="NLog.UnitTests.Targets.TargetTests" method="WriteWithoutInitializeTest" time="0.0006658" result="Pass" />
      <test name="NLog.UnitTests.Targets.WebServiceTargetTests.WebserviceTest_httppost_utf8_default_no_bom" type="NLog.UnitTests.Targets.WebServiceTargetTests" method="WebserviceTest_httppost_utf8_default_no_bom" time="0.3714088" result="Pass" />
      <test name="NLog.UnitTests.Targets.WebServiceTargetTests.WebserviceTest_httppost_utf8_no_boml" type="NLog.UnitTests.Targets.WebServiceTargetTests" method="WebserviceTest_httppost_utf8_no_boml" time="0.0940261" result="Pass" />
      <test name="NLog.UnitTests.Targets.WebServiceTargetTests.WebserviceTest_httppost_utf8_with_bom" type="NLog.UnitTests.Targets.WebServiceTargetTests" method="WebserviceTest_httppost_utf8_with_bom" time="0.0944002" result="Pass" />
      <test name="NLog.UnitTests.Targets.WebServiceTargetTests.Stream_CopyWithOffset_test" type="NLog.UnitTests.Targets.WebServiceTargetTests" method="Stream_CopyWithOffset_test" time="0.0053206" result="Pass" />
      <test name="NLog.UnitTests.Targets.Wrappers.AsyncRequestQueueTests.AsyncRequestQueueClearTest" type="NLog.UnitTests.Targets.Wrappers.AsyncRequestQueueTests" method="AsyncRequestQueueClearTest" time="0.0027534" result="Pass" />
      <test name="NLog.UnitTests.Targets.Wrappers.AsyncRequestQueueTests.AsyncRequestQueueWithBlockBehavior" type="NLog.UnitTests.Targets.Wrappers.AsyncRequestQueueTests" method="AsyncRequestQueueWithBlockBehavior" time="1.0569381" result="Pass" />
      <test name="NLog.UnitTests.Targets.Wrappers.AsyncRequestQueueTests.AsyncRequestQueueWithGrowBehaviorTest" type="NLog.UnitTests.Targets.Wrappers.AsyncRequestQueueTests" method="AsyncRequestQueueWithGrowBehaviorTest" time="0.0013868" result="Pass" />
      <test name="NLog.UnitTests.Targets.Wrappers.AsyncRequestQueueTests.AsyncRequestQueueWithDiscardBehaviorTest" type="NLog.UnitTests.Targets.Wrappers.AsyncRequestQueueTests" method="AsyncRequestQueueWithDiscardBehaviorTest" time="0.0011199" result="Pass" />
      <test name="NLog.UnitTests.Targets.Wrappers.AsyncTargetWrapperTests.FlushingMultipleTimesSimultaneous" type="NLog.UnitTests.Targets.Wrappers.AsyncTargetWrapperTests" method="FlushingMultipleTimesSimultaneous" time="1.9924179" result="Pass" />
      <test name="NLog.UnitTests.Targets.Wrappers.AsyncTargetWrapperTests.AsyncTargetWrapperInitTest" type="NLog.UnitTests.Targets.Wrappers.AsyncTargetWrapperTests" method="AsyncTargetWrapperInitTest" time="0.0022862" result="Pass" />
      <test name="NLog.UnitTests.Targets.Wrappers.AsyncTargetWrapperTests.AsyncTargetWrapperExceptionTest" type="NLog.UnitTests.Targets.Wrappers.AsyncTargetWrapperTests" method="AsyncTargetWrapperExceptionTest" time="0.0054351" result="Pass" />
      <test name="NLog.UnitTests.Targets.Wrappers.AsyncTargetWrapperTests.AsyncTargetWrapperFlushTest" type="NLog.UnitTests.Targets.Wrappers.AsyncTargetWrapperTests" method="AsyncTargetWrapperFlushTest" time="0.0575822" result="Pass" />
      <test name="NLog.UnitTests.Targets.Wrappers.AsyncTargetWrapperTests.AsyncTargetWrapperAsyncTest1" type="NLog.UnitTests.Targets.Wrappers.AsyncTargetWrapperTests" method="AsyncTargetWrapperAsyncTest1" time="0.1012062" result="Pass" />
      <test name="NLog.UnitTests.Targets.Wrappers.AsyncTargetWrapperTests.AsyncTargetWrapperCloseTest" type="NLog.UnitTests.Targets.Wrappers.AsyncTargetWrapperTests" method="AsyncTargetWrapperCloseTest" time="0.0016659" result="Pass" />
      <test name="NLog.UnitTests.Targets.Wrappers.AsyncTargetWrapperTests.AsyncTargetWrapperInitTest2" type="NLog.UnitTests.Targets.Wrappers.AsyncTargetWrapperTests" method="AsyncTargetWrapperInitTest2" time="0.0017107" result="Pass" />
      <test name="NLog.UnitTests.Targets.Wrappers.AsyncTargetWrapperTests.AsyncTargetWrapperAsyncWithExceptionTest1" type="NLog.UnitTests.Targets.Wrappers.AsyncTargetWrapperTests" method="AsyncTargetWrapperAsyncWithExceptionTest1" time="0.1276985" result="Pass" />
      <test name="NLog.UnitTests.Targets.Wrappers.AsyncTargetWrapperTests.AsyncTargetWrapperSyncTest1" type="NLog.UnitTests.Targets.Wrappers.AsyncTargetWrapperTests" method="AsyncTargetWrapperSyncTest1" time="0.1152158" result="Pass" />
      <test name="NLog.UnitTests.Targets.Wrappers.AutoFlushTargetWrapperTests.AutoFlushTargetWrapperSyncTest1" type="NLog.UnitTests.Targets.Wrappers.AutoFlushTargetWrapperTests" method="AutoFlushTargetWrapperSyncTest1" time="0.0053497" result="Pass" />
      <test name="NLog.UnitTests.Targets.Wrappers.AutoFlushTargetWrapperTests.AutoFlushTargetWrapperAsyncTest1" type="NLog.UnitTests.Targets.Wrappers.AutoFlushTargetWrapperTests" method="AutoFlushTargetWrapperAsyncTest1" time="0.0062131" result="Pass" />
      <test name="NLog.UnitTests.Targets.Wrappers.AutoFlushTargetWrapperTests.AutoFlushTargetWrapperAsyncWithExceptionTest1" type="NLog.UnitTests.Targets.Wrappers.AutoFlushTargetWrapperTests" method="AutoFlushTargetWrapperAsyncWithExceptionTest1" time="0.0037539" result="Pass" />
      <test name="NLog.UnitTests.Targets.Wrappers.BufferingTargetWrapperTests.BufferingTargetWrapperSyncTest1" type="NLog.UnitTests.Targets.Wrappers.BufferingTargetWrapperTests" method="BufferingTargetWrapperSyncTest1" time="1.0155396" result="Pass" />
      <test name="NLog.UnitTests.Targets.Wrappers.BufferingTargetWrapperTests.BufferingTargetWrapperAsyncTest1" type="NLog.UnitTests.Targets.Wrappers.BufferingTargetWrapperTests" method="BufferingTargetWrapperAsyncTest1" time="0.0333512" result="Pass" />
      <test name="NLog.UnitTests.Targets.Wrappers.BufferingTargetWrapperTests.BufferingTargetWrapperSyncWithTimedFlushTest" type="NLog.UnitTests.Targets.Wrappers.BufferingTargetWrapperTests" method="BufferingTargetWrapperSyncWithTimedFlushTest" time="3.0153544" result="Pass" />
      <test name="NLog.UnitTests.Targets.Wrappers.BufferingTargetWrapperTests.BufferingTargetWithFallbackGroupAndFirstTargetFails_Write_SecondTargetWritesEvents" type="NLog.UnitTests.Targets.Wrappers.BufferingTargetWrapperTests" method="BufferingTargetWithFallbackGroupAndFirstTargetFails_Write_SecondTargetWritesEvents" time="0.0094442" result="Pass" />
      <test name="NLog.UnitTests.Targets.Wrappers.BufferingTargetWrapperTests.BufferingTargetWrapperSyncWithTimedFlushNonSlidingTest" type="NLog.UnitTests.Targets.Wrappers.BufferingTargetWrapperTests" method="BufferingTargetWrapperSyncWithTimedFlushNonSlidingTest" time="0.3925167" result="Pass" />
      <test name="NLog.UnitTests.Targets.Wrappers.BufferingTargetWrapperTests.BufferingTargetWrapperSyncWithTimedFlushSlidingTest" type="NLog.UnitTests.Targets.Wrappers.BufferingTargetWrapperTests" method="BufferingTargetWrapperSyncWithTimedFlushSlidingTest" time="0.827407" result="Pass" />
      <test name="NLog.UnitTests.Targets.Wrappers.BufferingTargetWrapperTests.WhenWrappedTargetThrowsExceptionThisIsHandled" type="NLog.UnitTests.Targets.Wrappers.BufferingTargetWrapperTests" method="WhenWrappedTargetThrowsExceptionThisIsHandled" time="0.0033471" result="Pass" />
      <test name="NLog.UnitTests.Targets.Wrappers.FallbackGroupTargetTests.FallbackGroupTargetSyncTest5" type="NLog.UnitTests.Targets.Wrappers.FallbackGroupTargetTests" method="FallbackGroupTargetSyncTest5" time="0.0127696" result="Pass" />
      <test name="NLog.UnitTests.Targets.Wrappers.FallbackGroupTargetTests.FirstTargetWorks_Write_AllEventsAreWrittenToFirstTarget" type="NLog.UnitTests.Targets.Wrappers.FallbackGroupTargetTests" method="FirstTargetWorks_Write_AllEventsAreWrittenToFirstTarget" time="0.0026352" result="Pass" />
      <test name="NLog.UnitTests.Targets.Wrappers.FallbackGroupTargetTests.FallbackGroupTargetSyncTest6" type="NLog.UnitTests.Targets.Wrappers.FallbackGroupTargetTests" method="FallbackGroupTargetSyncTest6" time="0.0112255" result="Pass" />
      <test name="NLog.UnitTests.Targets.Wrappers.FallbackGroupTargetTests.ReturnToFirstOnSuccessAndSecondTargetSucceeds_Write_ReturnToFirstTargetOnSuccess" type="NLog.UnitTests.Targets.Wrappers.FallbackGroupTargetTests" method="ReturnToFirstOnSuccessAndSecondTargetSucceeds_Write_ReturnToFirstTargetOnSuccess" time="0.0018872" result="Pass" />
      <test name="NLog.UnitTests.Targets.Wrappers.FallbackGroupTargetTests.FirstTwoTargetsFails_Write_ThirdTargetWritesAllEvents" type="NLog.UnitTests.Targets.Wrappers.FallbackGroupTargetTests" method="FirstTwoTargetsFails_Write_ThirdTargetWritesAllEvents" time="0.0022641" result="Pass" />
      <test name="NLog.UnitTests.Targets.Wrappers.FallbackGroupTargetTests.FirstTargetFails_Write_SecondTargetWritesAllEvents" type="NLog.UnitTests.Targets.Wrappers.FallbackGroupTargetTests" method="FirstTargetFails_Write_SecondTargetWritesAllEvents" time="0.001757" result="Pass" />
      <test name="NLog.UnitTests.Targets.Wrappers.FilteringTargetWrapperTests.FilteringTargetWrapperAsyncWithExceptionTest2" type="NLog.UnitTests.Targets.Wrappers.FilteringTargetWrapperTests" method="FilteringTargetWrapperAsyncWithExceptionTest2" time="0.0017673" result="Pass" />
      <test name="NLog.UnitTests.Targets.Wrappers.FilteringTargetWrapperTests.FilteringTargetWrapperSyncTest2" type="NLog.UnitTests.Targets.Wrappers.FilteringTargetWrapperTests" method="FilteringTargetWrapperSyncTest2" time="0.0007209" result="Pass" />
      <test name="NLog.UnitTests.Targets.Wrappers.FilteringTargetWrapperTests.FilteringTargetWrapperAsyncTest2" type="NLog.UnitTests.Targets.Wrappers.FilteringTargetWrapperTests" method="FilteringTargetWrapperAsyncTest2" time="0.0005254" result="Pass" />
      <test name="NLog.UnitTests.Targets.Wrappers.FilteringTargetWrapperTests.FilteringTargetWrapperAsyncWithExceptionTest1" type="NLog.UnitTests.Targets.Wrappers.FilteringTargetWrapperTests" method="FilteringTargetWrapperAsyncWithExceptionTest1" time="0.0012364" result="Pass" />
      <test name="NLog.UnitTests.Targets.Wrappers.FilteringTargetWrapperTests.FilteringTargetWrapperSyncTest1" type="NLog.UnitTests.Targets.Wrappers.FilteringTargetWrapperTests" method="FilteringTargetWrapperSyncTest1" time="0.0006749" result="Pass" />
      <test name="NLog.UnitTests.Targets.Wrappers.FilteringTargetWrapperTests.FilteringTargetWrapperAsyncTest1" type="NLog.UnitTests.Targets.Wrappers.FilteringTargetWrapperTests" method="FilteringTargetWrapperAsyncTest1" time="0.0006937" result="Pass" />
      <test name="NLog.UnitTests.Targets.Wrappers.PostFilteringTargetWrapperTests.PostFilteringTargetWrapperUsingDefaultNonFilterTest" type="NLog.UnitTests.Targets.Wrappers.PostFilteringTargetWrapperTests" method="PostFilteringTargetWrapperUsingDefaultNonFilterTest" time="0.0042196" result="Pass" />
      <test name="NLog.UnitTests.Targets.Wrappers.PostFilteringTargetWrapperTests.PostFilteringTargetWrapperNoFiltersDefined" type="NLog.UnitTests.Targets.Wrappers.PostFilteringTargetWrapperTests" method="PostFilteringTargetWrapperNoFiltersDefined" time="0.0008353" result="Pass" />
      <test name="NLog.UnitTests.Targets.Wrappers.PostFilteringTargetWrapperTests.PostFilteringTargetWrapperUsingDefaultNonFilterTest2" type="NLog.UnitTests.Targets.Wrappers.PostFilteringTargetWrapperTests" method="PostFilteringTargetWrapperUsingDefaultNonFilterTest2" time="0.0013399" result="Pass" />
      <test name="NLog.UnitTests.Targets.Wrappers.PostFilteringTargetWrapperTests.PostFilteringTargetWrapperUsingDefaultFilterTest" type="NLog.UnitTests.Targets.Wrappers.PostFilteringTargetWrapperTests" method="PostFilteringTargetWrapperUsingDefaultFilterTest" time="0.0010989" result="Pass" />
      <test name="NLog.UnitTests.Targets.Wrappers.RandomizeGroupTargetTests.RandomizeGroupSyncTest1" type="NLog.UnitTests.Targets.Wrappers.RandomizeGroupTargetTests" method="RandomizeGroupSyncTest1" time="0.0024689" result="Pass" />
      <test name="NLog.UnitTests.Targets.Wrappers.RandomizeGroupTargetTests.RandomizeGroupSyncTest2" type="NLog.UnitTests.Targets.Wrappers.RandomizeGroupTargetTests" method="RandomizeGroupSyncTest2" time="0.0006137" result="Pass" />
      <test name="NLog.UnitTests.Targets.Wrappers.RepeatingTargetWrapperTests.RepeatingTargetWrapperTest1" type="NLog.UnitTests.Targets.Wrappers.RepeatingTargetWrapperTests" method="RepeatingTargetWrapperTest1" time="0.0017825" result="Pass" />
      <test name="NLog.UnitTests.Targets.Wrappers.RepeatingTargetWrapperTests.RepeatingTargetWrapperTest2" type="NLog.UnitTests.Targets.Wrappers.RepeatingTargetWrapperTests" method="RepeatingTargetWrapperTest2" time="0.0008838" result="Pass" />
      <test name="NLog.UnitTests.Targets.Wrappers.RetryingTargetWrapperTests.RetryingTargetWrapperTest1" type="NLog.UnitTests.Targets.Wrappers.RetryingTargetWrapperTests" method="RetryingTargetWrapperTest1" time="0.0019865" result="Pass" />
      <test name="NLog.UnitTests.Targets.Wrappers.RetryingTargetWrapperTests.RetryingTargetWrapperTest2" type="NLog.UnitTests.Targets.Wrappers.RetryingTargetWrapperTests" method="RetryingTargetWrapperTest2" time="0.0539735" result="Pass" />
      <test name="NLog.UnitTests.Targets.Wrappers.RoundRobinGroupTargetTests.RoundRobinGroupTargetSyncTest1" type="NLog.UnitTests.Targets.Wrappers.RoundRobinGroupTargetTests" method="RoundRobinGroupTargetSyncTest1" time="0.0085155" result="Pass" />
      <test name="NLog.UnitTests.Targets.Wrappers.RoundRobinGroupTargetTests.RoundRobinGroupTargetSyncTest2" type="NLog.UnitTests.Targets.Wrappers.RoundRobinGroupTargetTests" method="RoundRobinGroupTargetSyncTest2" time="0.0022333" result="Pass" />
      <test name="NLog.UnitTests.Targets.Wrappers.SplitGroupTargetTests.SplitGroupSyncTest2" type="NLog.UnitTests.Targets.Wrappers.SplitGroupTargetTests" method="SplitGroupSyncTest2" time="0.0057349" result="Pass" />
      <test name="NLog.UnitTests.Targets.Wrappers.SplitGroupTargetTests.SplitGroupSyncTest1" type="NLog.UnitTests.Targets.Wrappers.SplitGroupTargetTests" method="SplitGroupSyncTest1" time="0.0097279" result="Pass" />
      <test name="NLog.UnitTests.Targets.Wrappers.WrapperTargetBaseTests.WrapperTargetFlushTest" type="NLog.UnitTests.Targets.Wrappers.WrapperTargetBaseTests" method="WrapperTargetFlushTest" time="0.003586" result="Pass" />
      <test name="NLog.UnitTests.Targets.Wrappers.WrapperTargetBaseTests.WrapperTargetDefaultWriteTest" type="NLog.UnitTests.Targets.Wrappers.WrapperTargetBaseTests" method="WrapperTargetDefaultWriteTest" time="0.0009893" result="Pass" />
      <test name="NLog.UnitTests.Targets.Wrappers.WrapperTargetBaseTests.WrapperTargetToStringTest" type="NLog.UnitTests.Targets.Wrappers.WrapperTargetBaseTests" method="WrapperTargetToStringTest" time="0.0011634" result="Pass" />
      <test name="NLog.UnitTests.LogReceiverService.LogReceiverForwardingServiceTests.ToLogEventInfoTest" type="NLog.UnitTests.LogReceiverService.LogReceiverForwardingServiceTests" method="ToLogEventInfoTest" time="0.010544" result="Pass" />
      <test name="NLog.UnitTests.LogReceiverService.LogReceiverServiceTests.CompareSerializationFormats" type="NLog.UnitTests.LogReceiverService.LogReceiverServiceTests" method="CompareSerializationFormats" time="0.0605603" result="Pass" />
      <test name="NLog.UnitTests.LogReceiverService.LogReceiverServiceTests.RealTestLogReciever_one_way_binary" type="NLog.UnitTests.LogReceiverService.LogReceiverServiceTests" method="RealTestLogReciever_one_way_binary" time="0" result="Skip">
        <reason><![CDATA[unit test should listen to non-http for this]]></reason>
      </test>
      <test name="NLog.UnitTests.LogReceiverService.LogReceiverServiceTests.ToLogEventInfoTest" type="NLog.UnitTests.LogReceiverService.LogReceiverServiceTests" method="ToLogEventInfoTest" time="0.004757" result="Pass" />
      <test name="NLog.UnitTests.LogReceiverService.LogReceiverServiceTests.RealTestLogReciever_two_way_binary" type="NLog.UnitTests.LogReceiverService.LogReceiverServiceTests" method="RealTestLogReciever_two_way_binary" time="0" result="Skip">
        <reason><![CDATA[unit test should listen to non-http for this]]></reason>
      </test>
      <test name="NLog.UnitTests.LogReceiverService.LogReceiverServiceTests.RealTestLogReciever_one_way" type="NLog.UnitTests.LogReceiverService.LogReceiverServiceTests" method="RealTestLogReciever_one_way" time="1.9685827" result="Pass" />
      <test name="NLog.UnitTests.LogReceiverService.LogReceiverServiceTests.RealTestLogReciever_two_way" type="NLog.UnitTests.LogReceiverService.LogReceiverServiceTests" method="RealTestLogReciever_two_way" time="1.0376583" result="Pass" />
      <test name="NLog.UnitTests.LogReceiverService.LogReceiverServiceTests.NoLayoutsTest" type="NLog.UnitTests.LogReceiverService.LogReceiverServiceTests" method="NoLayoutsTest" time="0.0010435" result="Pass" />
      <test name="NLog.UnitTests.Layouts.AllEventPropertiesTests.CustomSeparator" type="NLog.UnitTests.Layouts.AllEventPropertiesTests" method="CustomSeparator" time="0.003141" result="Pass" />
      <test name="NLog.UnitTests.Layouts.AllEventPropertiesTests.AllParametersAreSetToDefault" type="NLog.UnitTests.Layouts.AllEventPropertiesTests" method="AllParametersAreSetToDefault" time="0.0002023" result="Pass" />
      <test name="NLog.UnitTests.Layouts.AllEventPropertiesTests.TestInvalidCustomFormatWithoutValuePlaceholder" type="NLog.UnitTests.Layouts.AllEventPropertiesTests" method="TestInvalidCustomFormatWithoutValuePlaceholder" time="0.0005607" result="Pass" />
      <test name="NLog.UnitTests.Layouts.AllEventPropertiesTests.TestInvalidCustomFormatWithoutKeyPlaceholder" type="NLog.UnitTests.Layouts.AllEventPropertiesTests" method="TestInvalidCustomFormatWithoutKeyPlaceholder" time="0.0005316" result="Pass" />
      <test name="NLog.UnitTests.Layouts.AllEventPropertiesTests.CustomFormat" type="NLog.UnitTests.Layouts.AllEventPropertiesTests" method="CustomFormat" time="0.0002298" result="Pass" />
      <test name="NLog.UnitTests.Layouts.AllEventPropertiesTests.AllEventWithFluent_without_callerInformation" type="NLog.UnitTests.Layouts.AllEventPropertiesTests" method="AllEventWithFluent_without_callerInformation" time="0.0040861" result="Pass" />
      <test name="NLog.UnitTests.Layouts.AllEventPropertiesTests.NoProperties" type="NLog.UnitTests.Layouts.AllEventPropertiesTests" method="NoProperties" time="0.00016" result="Pass" />
      <test name="NLog.UnitTests.Layouts.CsvLayoutTests.CsvLayoutRenderingFullQuoting" type="NLog.UnitTests.Layouts.CsvLayoutTests" method="CsvLayoutRenderingFullQuoting" time="0.0063355" result="Pass" />
      <test name="NLog.UnitTests.Layouts.CsvLayoutTests.CsvLayoutRenderingNoQuoting" type="NLog.UnitTests.Layouts.CsvLayoutTests" method="CsvLayoutRenderingNoQuoting" time="0.0009318" result="Pass" />
      <test name="NLog.UnitTests.Layouts.CsvLayoutTests.CsvLayoutCachingTest" type="NLog.UnitTests.Layouts.CsvLayoutTests" method="CsvLayoutCachingTest" time="0.0005185" result="Pass" />
      <test name="NLog.UnitTests.Layouts.CsvLayoutTests.NoHeadersTest" type="NLog.UnitTests.Layouts.CsvLayoutTests" method="NoHeadersTest" time="0.0158959" result="Pass" />
      <test name="NLog.UnitTests.Layouts.CsvLayoutTests.CsvLayoutRenderingAutoQuoting" type="NLog.UnitTests.Layouts.CsvLayoutTests" method="CsvLayoutRenderingAutoQuoting" time="0.0008723" result="Pass" />
      <test name="NLog.UnitTests.Layouts.CsvLayoutTests.EndToEndTest" type="NLog.UnitTests.Layouts.CsvLayoutTests" method="EndToEndTest" time="0.0339674" result="Pass" />
      <test name="NLog.UnitTests.Layouts.JsonLayoutTests.JsonLayoutRenderingAndEncodingSpecialCharacters" type="NLog.UnitTests.Layouts.JsonLayoutTests" method="JsonLayoutRenderingAndEncodingSpecialCharacters" time="0.0034616" result="Pass" />
      <test name="NLog.UnitTests.Layouts.JsonLayoutTests.JsonLayoutRenderingAndEncodingLineBreaks" type="NLog.UnitTests.Layouts.JsonLayoutTests" method="JsonLayoutRenderingAndEncodingLineBreaks" time="0.0006272" result="Pass" />
      <test name="NLog.UnitTests.Layouts.JsonLayoutTests.JsonLayoutRenderingNoSpaces" type="NLog.UnitTests.Layouts.JsonLayoutTests" method="JsonLayoutRenderingNoSpaces" time="0.0006711" result="Pass" />
      <test name="NLog.UnitTests.Layouts.JsonLayoutTests.JsonLayoutRenderingAndNotEncodingMessageAttribute" type="NLog.UnitTests.Layouts.JsonLayoutTests" method="JsonLayoutRenderingAndNotEncodingMessageAttribute" time="0.0005439" result="Pass" />
      <test name="NLog.UnitTests.Layouts.JsonLayoutTests.JsonLayoutRendering" type="NLog.UnitTests.Layouts.JsonLayoutTests" method="JsonLayoutRendering" time="0.0005599" result="Pass" />
      <test name="NLog.UnitTests.Layouts.JsonLayoutTests.JsonLayoutRenderingAndEncodingMessageAttribute" type="NLog.UnitTests.Layouts.JsonLayoutTests" method="JsonLayoutRenderingAndEncodingMessageAttribute" time="0.0005746" result="Pass" />
      <test name="NLog.UnitTests.Layouts.SimpleLayoutOutputTests.SimpleLayoutToStringTest" type="NLog.UnitTests.Layouts.SimpleLayoutOutputTests" method="SimpleLayoutToStringTest" time="0.0009515" result="Pass" />
      <test name="NLog.UnitTests.Layouts.SimpleLayoutOutputTests.LayoutRendererThrows" type="NLog.UnitTests.Layouts.SimpleLayoutOutputTests" method="LayoutRendererThrows" time="0.0013223" result="Pass" />
      <test name="NLog.UnitTests.Layouts.SimpleLayoutOutputTests.LayoutInitTest1" type="NLog.UnitTests.Layouts.SimpleLayoutOutputTests" method="LayoutInitTest1" time="0.0012533" result="Pass" />
      <test name="NLog.UnitTests.Layouts.SimpleLayoutOutputTests.LayoutRendererThrows2" type="NLog.UnitTests.Layouts.SimpleLayoutOutputTests" method="LayoutRendererThrows2" time="0.0014024" result="Pass" />
      <test name="NLog.UnitTests.Layouts.SimpleLayoutOutputTests.VeryLongRendererOutput" type="NLog.UnitTests.Layouts.SimpleLayoutOutputTests" method="VeryLongRendererOutput" time="0.008008" result="Pass" />
      <test name="NLog.UnitTests.Layouts.SimpleLayoutOutputTests.SimpleLayoutCachingTest" type="NLog.UnitTests.Layouts.SimpleLayoutOutputTests" method="SimpleLayoutCachingTest" time="0.000261" result="Pass" />
      <test name="NLog.UnitTests.Layouts.SimpleLayoutOutputTests.LayoutInitTest2" type="NLog.UnitTests.Layouts.SimpleLayoutOutputTests" method="LayoutInitTest2" time="0.0004031" result="Pass" />
      <test name="NLog.UnitTests.Layouts.SimpleLayoutParserTests.DoubleNestedLayoutWithDefaultLayoutParametersTest" type="NLog.UnitTests.Layouts.SimpleLayoutParserTests" method="DoubleNestedLayoutWithDefaultLayoutParametersTest" time="0.0016092" result="Pass" />
      <test name="NLog.UnitTests.Layouts.SimpleLayoutParserTests.InnerLayoutWithHashTest_and_layoutrender" type="NLog.UnitTests.Layouts.SimpleLayoutParserTests" method="InnerLayoutWithHashTest_and_layoutrender" time="0.0012644" result="Pass" />
      <test name="NLog.UnitTests.Layouts.SimpleLayoutParserTests.InnerLayoutWithSlashTest" type="NLog.UnitTests.Layouts.SimpleLayoutParserTests" method="InnerLayoutWithSlashTest" time="0.0002536" result="Pass" />
      <test name="NLog.UnitTests.Layouts.SimpleLayoutParserTests.EmptyValueTest" type="NLog.UnitTests.Layouts.SimpleLayoutParserTests" method="EmptyValueTest" time="0.0002545" result="Pass" />
      <test name="NLog.UnitTests.Layouts.SimpleLayoutParserTests.InnerLayoutWithHashTest" type="NLog.UnitTests.Layouts.SimpleLayoutParserTests" method="InnerLayoutWithHashTest" time="0.0002742" result="Pass" />
      <test name="NLog.UnitTests.Layouts.SimpleLayoutParserTests.DefaultValueWithBracketTest" type="NLog.UnitTests.Layouts.SimpleLayoutParserTests" method="DefaultValueWithBracketTest" time="0.0002577" result="Pass" />
      <test name="NLog.UnitTests.Layouts.SimpleLayoutParserTests.ReverseDoubleAmbientPropertyTest" type="NLog.UnitTests.Layouts.SimpleLayoutParserTests" method="ReverseDoubleAmbientPropertyTest" time="0.000837" result="Pass" />
      <test name="NLog.UnitTests.Layouts.SimpleLayoutParserTests.InnerLayoutWithBracketsTest" type="NLog.UnitTests.Layouts.SimpleLayoutParserTests" method="InnerLayoutWithBracketsTest" time="0.0002442" result="Pass" />
      <test name="NLog.UnitTests.Layouts.SimpleLayoutParserTests.UnclosedTest" type="NLog.UnitTests.Layouts.SimpleLayoutParserTests" method="UnclosedTest" time="0.0001309" result="Pass" />
      <test name="NLog.UnitTests.Layouts.SimpleLayoutParserTests.InnerLayoutWithSlashSingleTest" type="NLog.UnitTests.Layouts.SimpleLayoutParserTests" method="InnerLayoutWithSlashSingleTest" time="0.0002512" result="Pass" />
      <test name="NLog.UnitTests.Layouts.SimpleLayoutParserTests.InnerLayoutWithBracketsTest_needEscape" type="NLog.UnitTests.Layouts.SimpleLayoutParserTests" method="InnerLayoutWithBracketsTest_needEscape" time="0.0002401" result="Pass" />
      <test name="NLog.UnitTests.Layouts.SimpleLayoutParserTests.InnerLayoutWithColonTest_with_workaround" type="NLog.UnitTests.Layouts.SimpleLayoutParserTests" method="InnerLayoutWithColonTest_with_workaround" time="0.0003982" result="Pass" />
      <test name="NLog.UnitTests.Layouts.SimpleLayoutParserTests.InnerLayoutWithBracketsTest_needEscape3" type="NLog.UnitTests.Layouts.SimpleLayoutParserTests" method="InnerLayoutWithBracketsTest_needEscape3" time="0.000243" result="Pass" />
      <test name="NLog.UnitTests.Layouts.SimpleLayoutParserTests.ValueWithColonTest" type="NLog.UnitTests.Layouts.SimpleLayoutParserTests" method="ValueWithColonTest" time="0.0002516" result="Pass" />
      <test name="NLog.UnitTests.Layouts.SimpleLayoutParserTests.EvaluateTest2" type="NLog.UnitTests.Layouts.SimpleLayoutParserTests" method="EvaluateTest2" time="0.0003793" result="Pass" />
      <test name="NLog.UnitTests.Layouts.SimpleLayoutParserTests.ValueWithBracketTest" type="NLog.UnitTests.Layouts.SimpleLayoutParserTests" method="ValueWithBracketTest" time="0.0002122" result="Pass" />
      <test name="NLog.UnitTests.Layouts.SimpleLayoutParserTests.DefaultValueTest" type="NLog.UnitTests.Layouts.SimpleLayoutParserTests" method="DefaultValueTest" time="0.000197" result="Pass" />
      <test name="NLog.UnitTests.Layouts.SimpleLayoutParserTests.AmbientPropertyTest" type="NLog.UnitTests.Layouts.SimpleLayoutParserTests" method="AmbientPropertyTest" time="0.0003358" result="Pass" />
      <test name="NLog.UnitTests.Layouts.SimpleLayoutParserTests.InnerLayoutWithBracketsTest2" type="NLog.UnitTests.Layouts.SimpleLayoutParserTests" method="InnerLayoutWithBracketsTest2" time="0.0002442" result="Pass" />
      <test name="NLog.UnitTests.Layouts.SimpleLayoutParserTests.EscapeTest" type="NLog.UnitTests.Layouts.SimpleLayoutParserTests" method="EscapeTest" time="0.0005636" result="Pass" />
      <test name="NLog.UnitTests.Layouts.SimpleLayoutParserTests.DoubleNestedLayoutTest" type="NLog.UnitTests.Layouts.SimpleLayoutParserTests" method="DoubleNestedLayoutTest" time="0.0005435" result="Pass" />
      <test name="NLog.UnitTests.Layouts.SimpleLayoutParserTests.InnerLayoutWithBracketsTest_reverse" type="NLog.UnitTests.Layouts.SimpleLayoutParserTests" method="InnerLayoutWithBracketsTest_reverse" time="0.0002454" result="Pass" />
      <test name="NLog.UnitTests.Layouts.SimpleLayoutParserTests.SimpleTest" type="NLog.UnitTests.Layouts.SimpleLayoutParserTests" method="SimpleTest" time="0.0002282" result="Pass" />
      <test name="NLog.UnitTests.Layouts.SimpleLayoutParserTests.MissingLayoutRendererTest" type="NLog.UnitTests.Layouts.SimpleLayoutParserTests" method="MissingLayoutRendererTest" time="0.0007976" result="Pass" />
      <test name="NLog.UnitTests.Layouts.SimpleLayoutParserTests.DefaultValueWithOtherParametersTest" type="NLog.UnitTests.Layouts.SimpleLayoutParserTests" method="DefaultValueWithOtherParametersTest" time="0.0132475" result="Pass" />
      <test name="NLog.UnitTests.Layouts.SimpleLayoutParserTests.DoubleAmbientPropertyTest" type="NLog.UnitTests.Layouts.SimpleLayoutParserTests" method="DoubleAmbientPropertyTest" time="0.0004695" result="Pass" />
      <test name="NLog.UnitTests.Layouts.SimpleLayoutParserTests.EvaluateTest" type="NLog.UnitTests.Layouts.SimpleLayoutParserTests" method="EvaluateTest" time="0.0001719" result="Pass" />
      <test name="NLog.UnitTests.Layouts.SimpleLayoutParserTests.InnerLayoutWithBracketsTest_needEscape4" type="NLog.UnitTests.Layouts.SimpleLayoutParserTests" method="InnerLayoutWithBracketsTest_needEscape4" time="0.0002557" result="Pass" />
      <test name="NLog.UnitTests.Layouts.SimpleLayoutParserTests.LayoutParserEscapeCodesForRegExTestV2" type="NLog.UnitTests.Layouts.SimpleLayoutParserTests" method="LayoutParserEscapeCodesForRegExTestV2" time="0.0112802" result="Pass" />
      <test name="NLog.UnitTests.Layouts.SimpleLayoutParserTests.InnerLayoutWithHashTest_need_escape" type="NLog.UnitTests.Layouts.SimpleLayoutParserTests" method="InnerLayoutWithHashTest_need_escape" time="0.0002593" result="Pass" />
      <test name="NLog.UnitTests.Layouts.SimpleLayoutParserTests.InnerLayoutWithColonTest" type="NLog.UnitTests.Layouts.SimpleLayoutParserTests" method="InnerLayoutWithColonTest" time="0.0002331" result="Pass" />
      <test name="NLog.UnitTests.Layouts.SimpleLayoutParserTests.InnerLayoutWithBracketsTest_needEscape2" type="NLog.UnitTests.Layouts.SimpleLayoutParserTests" method="InnerLayoutWithBracketsTest_needEscape2" time="0.0002314" result="Pass" />
      <test name="NLog.UnitTests.Layouts.SimpleLayoutParserTests.InnerLayoutWithBracketsTest_needEscape5" type="NLog.UnitTests.Layouts.SimpleLayoutParserTests" method="InnerLayoutWithBracketsTest_needEscape5" time="0.0002717" result="Pass" />
      <test name="NLog.UnitTests.Layouts.SimpleLayoutParserTests.InnerLayoutWithBracketsTest_no_escape" type="NLog.UnitTests.Layouts.SimpleLayoutParserTests" method="InnerLayoutWithBracketsTest_no_escape" time="0.0002319" result="Pass" />
      <test name="NLog.UnitTests.Layouts.SimpleLayoutParserTests.LayoutParserEscapeCodesForRegExTestV1" type="NLog.UnitTests.Layouts.SimpleLayoutParserTests" method="LayoutParserEscapeCodesForRegExTestV1" time="0.0127466" result="Pass" />
      <test name="NLog.UnitTests.Layouts.SimpleLayoutParserTests.SingleParamTest" type="NLog.UnitTests.Layouts.SimpleLayoutParserTests" method="SingleParamTest" time="0.0004269" result="Pass" />
      <test name="NLog.UnitTests.Layouts.SimpleLayoutParserTests.NestedLayoutTest" type="NLog.UnitTests.Layouts.SimpleLayoutParserTests" method="NestedLayoutTest" time="0.0005973" result="Pass" />
      <test name="NLog.UnitTests.Layouts.ThreadAgnosticTests.ThreadAgnosticAttributeTest" type="NLog.UnitTests.Layouts.ThreadAgnosticTests" method="ThreadAgnosticAttributeTest" time="0.0014803" result="Pass" />
      <test name="NLog.UnitTests.Layouts.ThreadAgnosticTests.AgnosticPlusAgnostic" type="NLog.UnitTests.Layouts.ThreadAgnosticTests" method="AgnosticPlusAgnostic" time="0.0005644" result="Pass" />
      <test name="NLog.UnitTests.Layouts.ThreadAgnosticTests.DoubleWrapperOverAgnostic" type="NLog.UnitTests.Layouts.ThreadAgnosticTests" method="DoubleWrapperOverAgnostic" time="0.0008592" result="Pass" />
      <test name="NLog.UnitTests.Layouts.ThreadAgnosticTests.TripleWrapperOverAgnostic" type="NLog.UnitTests.Layouts.ThreadAgnosticTests" method="TripleWrapperOverAgnostic" time="0.0005628" result="Pass" />
      <test name="NLog.UnitTests.Layouts.ThreadAgnosticTests.ComplexAgnosticWithCondition" type="NLog.UnitTests.Layouts.ThreadAgnosticTests" method="ComplexAgnosticWithCondition" time="0.0019258" result="Pass" />
      <test name="NLog.UnitTests.Layouts.ThreadAgnosticTests.TripleWrapperOverNonAgnostic" type="NLog.UnitTests.Layouts.ThreadAgnosticTests" method="TripleWrapperOverNonAgnostic" time="0.0008842" result="Pass" />
      <test name="NLog.UnitTests.Layouts.ThreadAgnosticTests.CustomNotAgnosticTests" type="NLog.UnitTests.Layouts.ThreadAgnosticTests" method="CustomNotAgnosticTests" time="0.0008809" result="Pass" />
      <test name="NLog.UnitTests.Layouts.ThreadAgnosticTests.CsvNonAgnostic" type="NLog.UnitTests.Layouts.ThreadAgnosticTests" method="CsvNonAgnostic" time="0.0005714" result="Pass" />
      <test name="NLog.UnitTests.Layouts.ThreadAgnosticTests.WrapperOverAgnostic" type="NLog.UnitTests.Layouts.ThreadAgnosticTests" method="WrapperOverAgnostic" time="0.0003624" result="Pass" />
      <test name="NLog.UnitTests.Layouts.ThreadAgnosticTests.AgnosticPlusNonAgnostic" type="NLog.UnitTests.Layouts.ThreadAgnosticTests" method="AgnosticPlusNonAgnostic" time="0.0002684" result="Pass" />
      <test name="NLog.UnitTests.Layouts.ThreadAgnosticTests.CustomAgnosticTests" type="NLog.UnitTests.Layouts.ThreadAgnosticTests" method="CustomAgnosticTests" time="0.0005936" result="Pass" />
      <test name="NLog.UnitTests.Layouts.ThreadAgnosticTests.ThreadAgnosticTest" type="NLog.UnitTests.Layouts.ThreadAgnosticTests" method="ThreadAgnosticTest" time="0.0002356" result="Pass" />
      <test name="NLog.UnitTests.Layouts.ThreadAgnosticTests.NonThreadAgnosticTest" type="NLog.UnitTests.Layouts.ThreadAgnosticTests" method="NonThreadAgnosticTest" time="0.0002311" result="Pass" />
      <test name="NLog.UnitTests.Layouts.ThreadAgnosticTests.CsvThreadAgnostic" type="NLog.UnitTests.Layouts.ThreadAgnosticTests" method="CsvThreadAgnostic" time="0.0005673" result="Pass" />
      <test name="NLog.UnitTests.Layouts.ThreadAgnosticTests.ComplexNonAgnosticWithCondition" type="NLog.UnitTests.Layouts.ThreadAgnosticTests" method="ComplexNonAgnosticWithCondition" time="0.0009622" result="Pass" />
      <test name="NLog.UnitTests.LayoutRenderers.AppDomainLayoutRendererTests.AppDomainTestLongFormatTest" type="NLog.UnitTests.LayoutRenderers.AppDomainLayoutRendererTests" method="AppDomainTestLongFormatTest" time="0.0017517" result="Pass" />
      <test name="NLog.UnitTests.LayoutRenderers.AppDomainLayoutRendererTests.AppDomainShortFormatTest" type="NLog.UnitTests.LayoutRenderers.AppDomainLayoutRendererTests" method="AppDomainShortFormatTest" time="0.0003895" result="Pass" />
      <test name="NLog.UnitTests.LayoutRenderers.AppDomainLayoutRendererTests.AppDomainCustomFormatTest" type="NLog.UnitTests.LayoutRenderers.AppDomainLayoutRendererTests" method="AppDomainCustomFormatTest" time="0.000314" result="Pass" />
      <test name="NLog.UnitTests.LayoutRenderers.AppDomainLayoutRendererTests.AppDomainTest" type="NLog.UnitTests.LayoutRenderers.AppDomainLayoutRendererTests" method="AppDomainTest" time="0.0002897" result="Pass" />
      <test name="NLog.UnitTests.LayoutRenderers.AppSettingTests.UseAppSettingTest" type="NLog.UnitTests.LayoutRenderers.AppSettingTests" method="UseAppSettingTest" time="0.002005" result="Pass" />
      <test name="NLog.UnitTests.LayoutRenderers.AppSettingTests.NoAppSettingTest" type="NLog.UnitTests.LayoutRenderers.AppSettingTests" method="NoAppSettingTest" time="0.0003678" result="Pass" />
      <test name="NLog.UnitTests.LayoutRenderers.AppSettingTests.FallbackToDefaultTest" type="NLog.UnitTests.LayoutRenderers.AppSettingTests" method="FallbackToDefaultTest" time="0.000346" result="Pass" />
      <test name="NLog.UnitTests.LayoutRenderers.AppSettingTests.AppSettingOverridesDefaultTest" type="NLog.UnitTests.LayoutRenderers.AppSettingTests" method="AppSettingOverridesDefaultTest" time="0.0002516" result="Pass" />
      <test name="NLog.UnitTests.LayoutRenderers.AssemblyVersionTests.BaseDirTest" type="NLog.UnitTests.LayoutRenderers.AssemblyVersionTests" method="BaseDirTest" time="0.0009668" result="Pass" />
      <test name="NLog.UnitTests.LayoutRenderers.BaseDirTests.BaseDirFileCombineTest" type="NLog.UnitTests.LayoutRenderers.BaseDirTests" method="BaseDirFileCombineTest" time="0.0044626" result="Fail">
        <failure exception-type="Xunit.Sdk.EqualException">
          <message><![CDATA[Assert.Equal() Failure
                                 ↓ (pos 22)
Expected: ···\Users\phenixdotnet\Source\Repos\NLog\tests\NLog.UnitTests\aa···
Actual:   ···\Users\phenixdotnet\.dnx\runtimes\dnx-clr-win-x86.1.0.0-rc1-u···
                                 ↑ (pos 22)]]></message>
          <stack-trace><![CDATA[   at NLog.UnitTests.NLogTestBase.AssertLayoutRendererOutput(Layout l, String expected) in C:\Users\phenixdotnet\Source\Repos\NLog\tests\NLog.UnitTests\NLogTestBase.cs:line 234
   at NLog.UnitTests.LayoutRenderers.BaseDirTests.BaseDirFileCombineTest() in C:\Users\phenixdotnet\Source\Repos\NLog\tests\NLog.UnitTests\LayoutRenderers\BaseDirTests.cs:line 65]]></stack-trace>
        </failure>
      </test>
      <test name="NLog.UnitTests.LayoutRenderers.BaseDirTests.BaseDirCombineTest" type="NLog.UnitTests.LayoutRenderers.BaseDirTests" method="BaseDirCombineTest" time="0.0026619" result="Fail">
        <failure exception-type="Xunit.Sdk.EqualException">
          <message><![CDATA[Assert.Equal() Failure
                                 ↓ (pos 22)
Expected: ···\Users\phenixdotnet\Source\Repos\NLog\tests\NLog.UnitTests\aa···
Actual:   ···\Users\phenixdotnet\.dnx\runtimes\dnx-clr-win-x86.1.0.0-rc1-u···
                                 ↑ (pos 22)]]></message>
          <stack-trace><![CDATA[   at NLog.UnitTests.NLogTestBase.AssertLayoutRendererOutput(Layout l, String expected) in C:\Users\phenixdotnet\Source\Repos\NLog\tests\NLog.UnitTests\NLogTestBase.cs:line 234
   at NLog.UnitTests.LayoutRenderers.BaseDirTests.BaseDirCombineTest() in C:\Users\phenixdotnet\Source\Repos\NLog\tests\NLog.UnitTests\LayoutRenderers\BaseDirTests.cs:line 59]]></stack-trace>
        </failure>
      </test>
      <test name="NLog.UnitTests.LayoutRenderers.BaseDirTests.BaseDirTest" type="NLog.UnitTests.LayoutRenderers.BaseDirTests" method="BaseDirTest" time="0.0021208" result="Fail">
        <failure exception-type="Xunit.Sdk.EqualException">
          <message><![CDATA[Assert.Equal() Failure
                                 ↓ (pos 22)
Expected: ···\Users\phenixdotnet\Source\Repos\NLog\tests\NLog.UnitTests
Actual:   ···\Users\phenixdotnet\.dnx\runtimes\dnx-clr-win-x86.1.0.0-rc1-u···
                                 ↑ (pos 22)]]></message>
          <stack-trace><![CDATA[   at NLog.UnitTests.NLogTestBase.AssertLayoutRendererOutput(Layout l, String expected) in C:\Users\phenixdotnet\Source\Repos\NLog\tests\NLog.UnitTests\NLogTestBase.cs:line 234
   at NLog.UnitTests.LayoutRenderers.BaseDirTests.BaseDirTest() in C:\Users\phenixdotnet\Source\Repos\NLog\tests\NLog.UnitTests\LayoutRenderers\BaseDirTests.cs:line 53]]></stack-trace>
        </failure>
      </test>
      <test name="NLog.UnitTests.LayoutRenderers.BaseDirTests.BaseDirDirFileCombineTest" type="NLog.UnitTests.LayoutRenderers.BaseDirTests" method="BaseDirDirFileCombineTest" time="0.0021434" result="Fail">
        <failure exception-type="Xunit.Sdk.EqualException">
          <message><![CDATA[Assert.Equal() Failure
                                 ↓ (pos 22)
Expected: ···\Users\phenixdotnet\Source\Repos\NLog\tests\NLog.UnitTests\aa···
Actual:   ···\Users\phenixdotnet\.dnx\runtimes\dnx-clr-win-x86.1.0.0-rc1-u···
                                 ↑ (pos 22)]]></message>
          <stack-trace><![CDATA[   at NLog.UnitTests.NLogTestBase.AssertLayoutRendererOutput(Layout l, String expected) in C:\Users\phenixdotnet\Source\Repos\NLog\tests\NLog.UnitTests\NLogTestBase.cs:line 234
   at NLog.UnitTests.LayoutRenderers.BaseDirTests.BaseDirDirFileCombineTest() in C:\Users\phenixdotnet\Source\Repos\NLog\tests\NLog.UnitTests\LayoutRenderers\BaseDirTests.cs:line 71]]></stack-trace>
        </failure>
      </test>
      <test name="NLog.UnitTests.LayoutRenderers.CallSiteLineNumberTests.LineNumberOnlyTest" type="NLog.UnitTests.LayoutRenderers.CallSiteLineNumberTests" method="LineNumberOnlyTest" time="0.051247" result="Pass" />
      <test name="NLog.UnitTests.LayoutRenderers.CallSiteTests.MethodNameWithPaddingTestPadLeftAlignRightTest" type="NLog.UnitTests.LayoutRenderers.CallSiteTests" method="MethodNameWithPaddingTestPadLeftAlignRightTest" time="0.0140111" result="Pass" />
      <test name="NLog.UnitTests.LayoutRenderers.CallSiteTests.When_WrappedInCompsition_Ignore_Wrapper_Methods_In_Callstack" type="NLog.UnitTests.LayoutRenderers.CallSiteTests" method="When_WrappedInCompsition_Ignore_Wrapper_Methods_In_Callstack" time="0.0118939" result="Pass" />
      <test name="NLog.UnitTests.LayoutRenderers.CallSiteTests.ClassNameTest" type="NLog.UnitTests.LayoutRenderers.CallSiteTests" method="ClassNameTest" time="0.0081948" result="Pass" />
      <test name="NLog.UnitTests.LayoutRenderers.CallSiteTests.ClassNameWithPaddingTestPadRightAlignLeftTest" type="NLog.UnitTests.LayoutRenderers.CallSiteTests" method="ClassNameWithPaddingTestPadRightAlignLeftTest" time="0.0128291" result="Pass" />
      <test name="NLog.UnitTests.LayoutRenderers.CallSiteTests.GivenSkipFrameNotDefined_WhenLogging_ThenLogFirstUserStackFrame" type="NLog.UnitTests.LayoutRenderers.CallSiteTests" method="GivenSkipFrameNotDefined_WhenLogging_ThenLogFirstUserStackFrame" time="0.0143979" result="Pass" />
      <test name="NLog.UnitTests.LayoutRenderers.CallSiteTests.When_Wrapped_Ignore_Wrapper_Methods_In_Callstack" type="NLog.UnitTests.LayoutRenderers.CallSiteTests" method="When_Wrapped_Ignore_Wrapper_Methods_In_Callstack" time="0.0084084" result="Pass" />
      <test name="NLog.UnitTests.LayoutRenderers.CallSiteTests.CallsiteBySubclass_interface" type="NLog.UnitTests.LayoutRenderers.CallSiteTests" method="CallsiteBySubclass_interface" time="0.008433" result="Pass" />
      <test name="NLog.UnitTests.LayoutRenderers.CallSiteTests.ClassNameWithPaddingTestPadLeftAlignLeftTest" type="NLog.UnitTests.LayoutRenderers.CallSiteTests" method="ClassNameWithPaddingTestPadLeftAlignLeftTest" time="0.0182446" result="Pass" />
      <test name="NLog.UnitTests.LayoutRenderers.CallSiteTests.MethodNameWithPaddingTestPadLeftAlignLeftTest" type="NLog.UnitTests.LayoutRenderers.CallSiteTests" method="MethodNameWithPaddingTestPadLeftAlignLeftTest" time="0.0185391" result="Pass" />
      <test name="NLog.UnitTests.LayoutRenderers.CallSiteTests.CleanMethodNamesOfAnonymousDelegatesTest" type="NLog.UnitTests.LayoutRenderers.CallSiteTests" method="CleanMethodNamesOfAnonymousDelegatesTest" time="0.0214289" result="Pass" />
      <test name="NLog.UnitTests.LayoutRenderers.CallSiteTests.MethodNameWithPaddingTestPadRightAlignRightTest" type="NLog.UnitTests.LayoutRenderers.CallSiteTests" method="MethodNameWithPaddingTestPadRightAlignRightTest" time="0.0083648" result="Pass" />
      <test name="NLog.UnitTests.LayoutRenderers.CallSiteTests.ClassNameWithPaddingTestPadRightAlignRightTest" type="NLog.UnitTests.LayoutRenderers.CallSiteTests" method="ClassNameWithPaddingTestPadRightAlignRightTest" time="0.0135886" result="Pass" />
      <test name="NLog.UnitTests.LayoutRenderers.CallSiteTests.DontCleanClassNamesOfAnonymousDelegatesTest" type="NLog.UnitTests.LayoutRenderers.CallSiteTests" method="DontCleanClassNamesOfAnonymousDelegatesTest" time="0.0246099" result="Pass" />
      <test name="NLog.UnitTests.LayoutRenderers.CallSiteTests.ClassNameWithPaddingTestPadLeftAlignRightTest" type="NLog.UnitTests.LayoutRenderers.CallSiteTests" method="ClassNameWithPaddingTestPadLeftAlignRightTest" time="0.0069969" result="Pass" />
      <test name="NLog.UnitTests.LayoutRenderers.CallSiteTests.GivenOneSkipFrameDefined_WhenLogging_ShouldSkipOneUserStackFrame" type="NLog.UnitTests.LayoutRenderers.CallSiteTests" method="GivenOneSkipFrameDefined_WhenLogging_ShouldSkipOneUserStackFrame" time="0.0097094" result="Pass" />
      <test name="NLog.UnitTests.LayoutRenderers.CallSiteTests.CleanClassNamesOfAnonymousDelegatesTest" type="NLog.UnitTests.LayoutRenderers.CallSiteTests" method="CleanClassNamesOfAnonymousDelegatesTest" time="0.0157748" result="Pass" />
      <test name="NLog.UnitTests.LayoutRenderers.CallSiteTests.CallsiteBySubclass_mylogger" type="NLog.UnitTests.LayoutRenderers.CallSiteTests" method="CallsiteBySubclass_mylogger" time="0.0056712" result="Pass" />
      <test name="NLog.UnitTests.LayoutRenderers.CallSiteTests.DontCleanMethodNamesOfAnonymousDelegatesTest" type="NLog.UnitTests.LayoutRenderers.CallSiteTests" method="DontCleanMethodNamesOfAnonymousDelegatesTest" time="0.0304113" result="Pass" />
      <test name="NLog.UnitTests.LayoutRenderers.CallSiteTests.Show_correct_method_for_moveNext" type="NLog.UnitTests.LayoutRenderers.CallSiteTests" method="Show_correct_method_for_moveNext" time="0.0047475" result="Pass" />
      <test name="NLog.UnitTests.LayoutRenderers.CallSiteTests.MethodNameTest" type="NLog.UnitTests.LayoutRenderers.CallSiteTests" method="MethodNameTest" time="0.0094269" result="Pass" />
      <test name="NLog.UnitTests.LayoutRenderers.CallSiteTests.MethodNameWithPaddingTestPadRightAlignLeftTest" type="NLog.UnitTests.LayoutRenderers.CallSiteTests" method="MethodNameWithPaddingTestPadRightAlignLeftTest" time="0.0158515" result="Pass" />
      <test name="NLog.UnitTests.LayoutRenderers.CallSiteTests.CallsiteBySubclass_logger" type="NLog.UnitTests.LayoutRenderers.CallSiteTests" method="CallsiteBySubclass_logger" time="0.0153281" result="Pass" />
      <test name="NLog.UnitTests.LayoutRenderers.CallSiteTests.LineNumberTest" type="NLog.UnitTests.LayoutRenderers.CallSiteTests" method="LineNumberTest" time="0.0107254" result="Pass" />
      <test name="NLog.UnitTests.LayoutRenderers.CounterTests.LayoutCounterTest" type="NLog.UnitTests.LayoutRenderers.CounterTests" method="LayoutCounterTest" time="0.0106906" result="Pass" />
      <test name="NLog.UnitTests.LayoutRenderers.CounterTests.NamedCounterTest" type="NLog.UnitTests.LayoutRenderers.CounterTests" method="NamedCounterTest" time="0.0107333" result="Pass" />
      <test name="NLog.UnitTests.LayoutRenderers.CounterTests.PresetCounterTest" type="NLog.UnitTests.LayoutRenderers.CounterTests" method="PresetCounterTest" time="0.0101187" result="Pass" />
      <test name="NLog.UnitTests.LayoutRenderers.CounterTests.DefaultCounterTest" type="NLog.UnitTests.LayoutRenderers.CounterTests" method="DefaultCounterTest" time="0.0114941" result="Pass" />
      <test name="NLog.UnitTests.LayoutRenderers.DateTests.LocalTimeTest" type="NLog.UnitTests.LayoutRenderers.DateTests" method="LocalTimeTest" time="0.0004289" result="Pass" />
      <test name="NLog.UnitTests.LayoutRenderers.DateTests.FormattedDateTest" type="NLog.UnitTests.LayoutRenderers.DateTests" method="FormattedDateTest" time="0.0106179" result="Pass" />
      <test name="NLog.UnitTests.LayoutRenderers.DateTests.DefaultDateTest" type="NLog.UnitTests.LayoutRenderers.DateTests" method="DefaultDateTest" time="0.010475" result="Pass" />
      <test name="NLog.UnitTests.LayoutRenderers.DateTests.UniversalTimeTest" type="NLog.UnitTests.LayoutRenderers.DateTests" method="UniversalTimeTest" time="0.0002803" result="Pass" />
      <test name="NLog.UnitTests.LayoutRenderers.EnvironmentTests.Environment_WhenVariableIsLayout_ShouldBeWrittenAsLayout" type="NLog.UnitTests.LayoutRenderers.EnvironmentTests" method="Environment_WhenVariableIsLayout_ShouldBeWrittenAsLayout" time="0.0011589" result="Pass" />
      <test name="NLog.UnitTests.LayoutRenderers.EnvironmentTests.EnvironmentSimpleTest" type="NLog.UnitTests.LayoutRenderers.EnvironmentTests" method="EnvironmentSimpleTest" time="0.0002561" result="Pass" />
      <test name="NLog.UnitTests.LayoutRenderers.EnvironmentTests.EnvironmentTest" type="NLog.UnitTests.LayoutRenderers.EnvironmentTests" method="EnvironmentTest" time="0.0002405" result="Pass" />
      <test name="NLog.UnitTests.LayoutRenderers.EnvironmentTests.Environment_WhenDefaultEmpty_EmptyString" type="NLog.UnitTests.LayoutRenderers.EnvironmentTests" method="Environment_WhenDefaultEmpty_EmptyString" time="0.0005147" result="Pass" />
      <test name="NLog.UnitTests.LayoutRenderers.EnvironmentTests.Environment_WhenVariableIsLayoutAndExists_DoNothing" type="NLog.UnitTests.LayoutRenderers.EnvironmentTests" method="Environment_WhenVariableIsLayoutAndExists_DoNothing" time="0.0002166" result="Pass" />
      <test name="NLog.UnitTests.LayoutRenderers.EnvironmentTests.Environment_WhenVariableDoesNotExists_UseDefault" type="NLog.UnitTests.LayoutRenderers.EnvironmentTests" method="Environment_WhenVariableDoesNotExists_UseDefault" time="0.0002987" result="Pass" />
      <test name="NLog.UnitTests.LayoutRenderers.EnvironmentTests.Environment_WhenVariableExists_DoNothing" type="NLog.UnitTests.LayoutRenderers.EnvironmentTests" method="Environment_WhenVariableExists_DoNothing" time="0.0002659" result="Pass" />
      <test name="NLog.UnitTests.LayoutRenderers.EventContextTests.Test2" type="NLog.UnitTests.LayoutRenderers.EventContextTests" method="Test2" time="0.000346" result="Pass" />
      <test name="NLog.UnitTests.LayoutRenderers.EventContextTests.Test1" type="NLog.UnitTests.LayoutRenderers.EventContextTests" method="Test1" time="0.0002019" result="Pass" />
      <test name="NLog.UnitTests.LayoutRenderers.EventPropertiesTests.DateTimeFormat" type="NLog.UnitTests.LayoutRenderers.EventPropertiesTests" method="DateTimeFormat" time="0.0018876" result="Pass" />
      <test name="NLog.UnitTests.LayoutRenderers.EventPropertiesTests.Test2" type="NLog.UnitTests.LayoutRenderers.EventPropertiesTests" method="Test2" time="0.0003563" result="Pass" />
      <test name="NLog.UnitTests.LayoutRenderers.EventPropertiesTests.DateTimeCulture" type="NLog.UnitTests.LayoutRenderers.EventPropertiesTests" method="DateTimeCulture" time="0.0027202" result="Pass" />
      <test name="NLog.UnitTests.LayoutRenderers.EventPropertiesTests.Test1" type="NLog.UnitTests.LayoutRenderers.EventPropertiesTests" method="Test1" time="0.0002753" result="Pass" />
      <test name="NLog.UnitTests.LayoutRenderers.EventPropertiesTests.Null" type="NLog.UnitTests.LayoutRenderers.EventPropertiesTests" method="Null" time="0.0002343" result="Pass" />
      <test name="NLog.UnitTests.LayoutRenderers.EventPropertiesTests.DateTime" type="NLog.UnitTests.LayoutRenderers.EventPropertiesTests" method="DateTime" time="0.000275" result="Pass" />
      <test name="NLog.UnitTests.LayoutRenderers.EventPropertiesTests.NoSet" type="NLog.UnitTests.LayoutRenderers.EventPropertiesTests" method="NoSet" time="0.0001958" result="Pass" />
      <test name="NLog.UnitTests.LayoutRenderers.ExceptionTests.ExceptionNewLineSeparatorTest" type="NLog.UnitTests.LayoutRenderers.ExceptionTests" method="ExceptionNewLineSeparatorTest" time="0.0154464" result="Pass" />
      <test name="NLog.UnitTests.LayoutRenderers.ExceptionTests.ExcpetionTestAPI" type="NLog.UnitTests.LayoutRenderers.ExceptionTests" method="ExcpetionTestAPI" time="0.0134207" result="Pass" />
      <test name="NLog.UnitTests.LayoutRenderers.ExceptionTests.CustomInnerException_ObsoleteMethodTest" type="NLog.UnitTests.LayoutRenderers.ExceptionTests" method="CustomInnerException_ObsoleteMethodTest" time="0.0399557" result="Pass" />
      <test name="NLog.UnitTests.LayoutRenderers.ExceptionTests.ExceptionUsingInfoMethodTest" type="NLog.UnitTests.LayoutRenderers.ExceptionTests" method="ExceptionUsingInfoMethodTest" time="0.0442924" result="Pass" />
      <test name="NLog.UnitTests.LayoutRenderers.ExceptionTests.InnerExceptionTestAPI" type="NLog.UnitTests.LayoutRenderers.ExceptionTests" method="InnerExceptionTestAPI" time="0.0330749" result="Pass" />
      <test name="NLog.UnitTests.LayoutRenderers.ExceptionTests.ExceptionUsingFatalMethodTest" type="NLog.UnitTests.LayoutRenderers.ExceptionTests" method="ExceptionUsingFatalMethodTest" time="0.0260676" result="Pass" />
      <test name="NLog.UnitTests.LayoutRenderers.ExceptionTests.ErrorException_should_not_throw_exception_when_exception_message_property_throw_exception" type="NLog.UnitTests.LayoutRenderers.ExceptionTests" method="ErrorException_should_not_throw_exception_when_exception_message_property_throw_exception" time="0.0246312" result="Pass" />
      <test name="NLog.UnitTests.LayoutRenderers.ExceptionTests.CustomInnerExceptionTest" type="NLog.UnitTests.LayoutRenderers.ExceptionTests" method="CustomInnerExceptionTest" time="0.0478202" result="Pass" />
      <test name="NLog.UnitTests.LayoutRenderers.ExceptionTests.ExceptionUsingTraceMethodTest" type="NLog.UnitTests.LayoutRenderers.ExceptionTests" method="ExceptionUsingTraceMethodTest" time="0.0571089" result="Pass" />
      <test name="NLog.UnitTests.LayoutRenderers.ExceptionTests.ExceptionWithoutStackTrace_ObsoleteMethodTest" type="NLog.UnitTests.LayoutRenderers.ExceptionTests" method="ExceptionWithoutStackTrace_ObsoleteMethodTest" time="0.0911191" result="Pass" />
      <test name="NLog.UnitTests.LayoutRenderers.ExceptionTests.ExceptionWithStackTrace_ObsoleteMethodTest" type="NLog.UnitTests.LayoutRenderers.ExceptionTests" method="ExceptionWithStackTrace_ObsoleteMethodTest" time="0.1068829" result="Pass" />
      <test name="NLog.UnitTests.LayoutRenderers.ExceptionTests.ExceptionWithoutMessageParam" type="NLog.UnitTests.LayoutRenderers.ExceptionTests" method="ExceptionWithoutMessageParam" time="0.1183159" result="Pass" />
      <test name="NLog.UnitTests.LayoutRenderers.ExceptionTests.ExceptionWithoutStackTraceTest" type="NLog.UnitTests.LayoutRenderers.ExceptionTests" method="ExceptionWithoutStackTraceTest" time="0.087728" result="Pass" />
      <test name="NLog.UnitTests.LayoutRenderers.ExceptionTests.CustomExceptionLayoutRendrerInnerExceptionTest" type="NLog.UnitTests.LayoutRenderers.ExceptionTests" method="CustomExceptionLayoutRendrerInnerExceptionTest" time="0.0707173" result="Pass" />
      <test name="NLog.UnitTests.LayoutRenderers.ExceptionTests.InnerExceptionTest" type="NLog.UnitTests.LayoutRenderers.ExceptionTests" method="InnerExceptionTest" time="0.0301523" result="Pass" />
      <test name="NLog.UnitTests.LayoutRenderers.ExceptionTests.ExceptionUsingErrorMethodTest" type="NLog.UnitTests.LayoutRenderers.ExceptionTests" method="ExceptionUsingErrorMethodTest" time="0.0233913" result="Pass" />
      <test name="NLog.UnitTests.LayoutRenderers.ExceptionTests.ExceptionUsingLogMethodTest" type="NLog.UnitTests.LayoutRenderers.ExceptionTests" method="ExceptionUsingLogMethodTest" time="0.047332" result="Pass" />
      <test name="NLog.UnitTests.LayoutRenderers.ExceptionTests.ExceptionWithStackTraceTest" type="NLog.UnitTests.LayoutRenderers.ExceptionTests" method="ExceptionWithStackTraceTest" time="0.0628179" result="Pass" />
      <test name="NLog.UnitTests.LayoutRenderers.ExceptionTests.ExceptionUsingWarnMethodTest" type="NLog.UnitTests.LayoutRenderers.ExceptionTests" method="ExceptionUsingWarnMethodTest" time="0.0548799" result="Pass" />
      <test name="NLog.UnitTests.LayoutRenderers.ExceptionTests.ExceptionUsingDebugMethodTest" type="NLog.UnitTests.LayoutRenderers.ExceptionTests" method="ExceptionUsingDebugMethodTest" time="0.0369169" result="Pass" />
      <test name="NLog.UnitTests.LayoutRenderers.FileContentsTests.FileContentUnicodeTest" type="NLog.UnitTests.LayoutRenderers.FileContentsTests" method="FileContentUnicodeTest" time="0.0030186" result="Pass" />
      <test name="NLog.UnitTests.LayoutRenderers.FileContentsTests.FileContentUTF8Test" type="NLog.UnitTests.LayoutRenderers.FileContentsTests" method="FileContentUTF8Test" time="0.0015945" result="Pass" />
      <test name="NLog.UnitTests.LayoutRenderers.FileContentsTests.FileContentTest2" type="NLog.UnitTests.LayoutRenderers.FileContentsTests" method="FileContentTest2" time="0.0036439" result="Pass" />
      <test name="NLog.UnitTests.LayoutRenderers.GDCTests.GDCTest" type="NLog.UnitTests.LayoutRenderers.GDCTests" method="GDCTest" time="0.0318318" result="Pass" />
      <test name="NLog.UnitTests.LayoutRenderers.IdentityTests.IdentityTest1" type="NLog.UnitTests.LayoutRenderers.IdentityTests" method="IdentityTest1" time="0.0025576" result="Pass" />
      <test name="NLog.UnitTests.LayoutRenderers.IdentityTests.IdentityTest2" type="NLog.UnitTests.LayoutRenderers.IdentityTests" method="IdentityTest2" time="0.0004499" result="Pass" />
      <test name="NLog.UnitTests.LayoutRenderers.LiteralTests.LiteralTest" type="NLog.UnitTests.LayoutRenderers.LiteralTests" method="LiteralTest" time="0.0136005" result="Pass" />
      <test name="NLog.UnitTests.LayoutRenderers.Log4JXmlTests.Log4JXmlTest" type="NLog.UnitTests.LayoutRenderers.Log4JXmlTests" method="Log4JXmlTest" time="0.0205011" result="Pass" />
      <test name="NLog.UnitTests.LayoutRenderers.LoggerNameTests.LoggerNameTest" type="NLog.UnitTests.LayoutRenderers.LoggerNameTests" method="LoggerNameTest" time="0.0143691" result="Pass" />
      <test name="NLog.UnitTests.LayoutRenderers.LogLevelTests.LogLevelTest" type="NLog.UnitTests.LayoutRenderers.LogLevelTests" method="LogLevelTest" time="0.0122835" result="Pass" />
      <test name="NLog.UnitTests.LayoutRenderers.LongDateTests.LocalTimeTest" type="NLog.UnitTests.LayoutRenderers.LongDateTests" method="LocalTimeTest" time="0.0004212" result="Pass" />
      <test name="NLog.UnitTests.LayoutRenderers.LongDateTests.LongDateWithPaddingPadRightAlignLeft" type="NLog.UnitTests.LayoutRenderers.LongDateTests" method="LongDateWithPaddingPadRightAlignLeft" time="0.0153823" result="Pass" />
      <test name="NLog.UnitTests.LayoutRenderers.LongDateTests.LongDateWithPaddingPadLeftAlignLeft" type="NLog.UnitTests.LayoutRenderers.LongDateTests" method="LongDateWithPaddingPadLeftAlignLeft" time="0.0227397" result="Pass" />
      <test name="NLog.UnitTests.LayoutRenderers.LongDateTests.UniversalTimeTest" type="NLog.UnitTests.LayoutRenderers.LongDateTests" method="UniversalTimeTest" time="0.0004088" result="Pass" />
      <test name="NLog.UnitTests.LayoutRenderers.LongDateTests.LongDateWithPaddingPadLeftAlignRight" type="NLog.UnitTests.LayoutRenderers.LongDateTests" method="LongDateWithPaddingPadLeftAlignRight" time="0.0229036" result="Pass" />
      <test name="NLog.UnitTests.LayoutRenderers.LongDateTests.LongDateWithPaddingPadRightAlignRight" type="NLog.UnitTests.LayoutRenderers.LongDateTests" method="LongDateWithPaddingPadRightAlignRight" time="0.0204908" result="Pass" />
      <test name="NLog.UnitTests.LayoutRenderers.LongDateTests.LongDateTest" type="NLog.UnitTests.LayoutRenderers.LongDateTests" method="LongDateTest" time="0.0174392" result="Pass" />
      <test name="NLog.UnitTests.LayoutRenderers.MDCTests.MDCTest" type="NLog.UnitTests.LayoutRenderers.MDCTests" method="MDCTest" time="0.0120598" result="Pass" />
      <test name="NLog.UnitTests.LayoutRenderers.MessageTests.MessageFixedLengthRightPaddingLeftAlignmentTest" type="NLog.UnitTests.LayoutRenderers.MessageTests" method="MessageFixedLengthRightPaddingLeftAlignmentTest" time="0.0061537" result="Pass" />
      <test name="NLog.UnitTests.LayoutRenderers.MessageTests.MessageWithoutPaddingTest" type="NLog.UnitTests.LayoutRenderers.MessageTests" method="MessageWithoutPaddingTest" time="0.0053945" result="Pass" />
      <test name="NLog.UnitTests.LayoutRenderers.MessageTests.MessageWithExceptionAndCustomSeparatorTest" type="NLog.UnitTests.LayoutRenderers.MessageTests" method="MessageWithExceptionAndCustomSeparatorTest" time="0.0047582" result="Pass" />
      <test name="NLog.UnitTests.LayoutRenderers.MessageTests.MessageWithExceptionTest" type="NLog.UnitTests.LayoutRenderers.MessageTests" method="MessageWithExceptionTest" time="0.0047503" result="Pass" />
      <test name="NLog.UnitTests.LayoutRenderers.MessageTests.MessageFixedLengthLeftPaddingRightAlignmentTest" type="NLog.UnitTests.LayoutRenderers.MessageTests" method="MessageFixedLengthLeftPaddingRightAlignmentTest" time="0.0057977" result="Pass" />
      <test name="NLog.UnitTests.LayoutRenderers.MessageTests.MessageFixedLengthLeftPaddingLeftAlignmentTest" type="NLog.UnitTests.LayoutRenderers.MessageTests" method="MessageFixedLengthLeftPaddingLeftAlignmentTest" time="0.0065153" result="Pass" />
      <test name="NLog.UnitTests.LayoutRenderers.MessageTests.MessageLeftPaddingTest" type="NLog.UnitTests.LayoutRenderers.MessageTests" method="MessageLeftPaddingTest" time="0.0068031" result="Pass" />
      <test name="NLog.UnitTests.LayoutRenderers.MessageTests.MessageFixedLengthRightPaddingRightAlignmentTest" type="NLog.UnitTests.LayoutRenderers.MessageTests" method="MessageFixedLengthRightPaddingRightAlignmentTest" time="0.0061549" result="Pass" />
      <test name="NLog.UnitTests.LayoutRenderers.MessageTests.MessageRightPaddingTest" type="NLog.UnitTests.LayoutRenderers.MessageTests" method="MessageRightPaddingTest" time="0.0056203" result="Pass" />
      <test name="NLog.UnitTests.LayoutRenderers.NDCTests.NDCTopTestTest" type="NLog.UnitTests.LayoutRenderers.NDCTests" method="NDCTopTestTest" time="0.0079424" result="Pass" />
      <test name="NLog.UnitTests.LayoutRenderers.NDCTests.NDCSeparatorTest" type="NLog.UnitTests.LayoutRenderers.NDCTests" method="NDCSeparatorTest" time="0.0069904" result="Pass" />
      <test name="NLog.UnitTests.LayoutRenderers.NDCTests.NDCTop1TestTest" type="NLog.UnitTests.LayoutRenderers.NDCTests" method="NDCTop1TestTest" time="0.0088875" result="Pass" />
      <test name="NLog.UnitTests.LayoutRenderers.NDCTests.NDCTest" type="NLog.UnitTests.LayoutRenderers.NDCTests" method="NDCTest" time="0.0067436" result="Pass" />
      <test name="NLog.UnitTests.LayoutRenderers.NDCTests.NDCBottomTest" type="NLog.UnitTests.LayoutRenderers.NDCTests" method="NDCBottomTest" time="0.0057074" result="Pass" />
      <test name="NLog.UnitTests.LayoutRenderers.RegistryTests.RegistryKeyNotFoundTest_forward_slash" type="NLog.UnitTests.LayoutRenderers.RegistryTests" method="RegistryKeyNotFoundTest_forward_slash" time="0.0081599" result="Pass" />
      <test name="NLog.UnitTests.LayoutRenderers.RegistryTests.RegistyDefaultValueTest_with_slash" type="NLog.UnitTests.LayoutRenderers.RegistryTests" method="RegistyDefaultValueTest_with_slash" time="0.001624" result="Pass" />
      <test name="NLog.UnitTests.LayoutRenderers.RegistryTests.RegistryNamedValueTest" type="NLog.UnitTests.LayoutRenderers.RegistryTests" method="RegistryNamedValueTest" time="0.0036081" result="Pass" />
      <test name="NLog.UnitTests.LayoutRenderers.RegistryTests.RegistryUnnamedValueTest_forward_slash" type="NLog.UnitTests.LayoutRenderers.RegistryTests" method="RegistryUnnamedValueTest_forward_slash" time="0.0034846" result="Pass" />
      <test name="NLog.UnitTests.LayoutRenderers.RegistryTests.RegistryValueNotFoundTest" type="NLog.UnitTests.LayoutRenderers.RegistryTests" method="RegistryValueNotFoundTest" time="0.0035634" result="Pass" />
      <test name="NLog.UnitTests.LayoutRenderers.RegistryTests.RegistyDefaultValueTest_with_colon" type="NLog.UnitTests.LayoutRenderers.RegistryTests" method="RegistyDefaultValueTest_with_colon" time="0.0005492" result="Pass" />
      <test name="NLog.UnitTests.LayoutRenderers.RegistryTests.RegistryUnnamedValueTest" type="NLog.UnitTests.LayoutRenderers.RegistryTests" method="RegistryUnnamedValueTest" time="0.0047085" result="Pass" />
      <test name="NLog.UnitTests.LayoutRenderers.RegistryTests.RegistyDefaultValueTest_with_foward_slash" type="NLog.UnitTests.LayoutRenderers.RegistryTests" method="RegistyDefaultValueTest_with_foward_slash" time="0.0008751" result="Pass" />
      <test name="NLog.UnitTests.LayoutRenderers.RegistryTests.RegistryKeyNotFoundTest" type="NLog.UnitTests.LayoutRenderers.RegistryTests" method="RegistryKeyNotFoundTest" time="0.005683" result="Pass" />
      <test name="NLog.UnitTests.LayoutRenderers.RegistryTests.RegistyDefaultValueTest" type="NLog.UnitTests.LayoutRenderers.RegistryTests" method="RegistyDefaultValueTest" time="0.0007463" result="Pass" />
      <test name="NLog.UnitTests.LayoutRenderers.RegistryTests.RegistryNamedValueTest_forward_slash" type="NLog.UnitTests.LayoutRenderers.RegistryTests" method="RegistryNamedValueTest_forward_slash" time="0.0045611" result="Pass" />
      <test name="NLog.UnitTests.LayoutRenderers.Rot13Tests.Test2" type="NLog.UnitTests.LayoutRenderers.Rot13Tests" method="Test2" time="0.0009101" result="Pass" />
      <test name="NLog.UnitTests.LayoutRenderers.Rot13Tests.Test3" type="NLog.UnitTests.LayoutRenderers.Rot13Tests" method="Test3" time="0.0004457" result="Pass" />
      <test name="NLog.UnitTests.LayoutRenderers.Rot13Tests.Test5" type="NLog.UnitTests.LayoutRenderers.Rot13Tests" method="Test5" time="0.0056014" result="Pass" />
      <test name="NLog.UnitTests.LayoutRenderers.Rot13Tests.Test4" type="NLog.UnitTests.LayoutRenderers.Rot13Tests" method="Test4" time="0.000433" result="Pass" />
      <test name="NLog.UnitTests.LayoutRenderers.Rot13Tests.Test1" type="NLog.UnitTests.LayoutRenderers.Rot13Tests" method="Test1" time="0.0001962" result="Pass" />
      <test name="NLog.UnitTests.LayoutRenderers.ShortDateTests.TwoDigitDayTest" type="NLog.UnitTests.LayoutRenderers.ShortDateTests" method="TwoDigitDayTest" time="0.0013744" result="Pass" />
      <test name="NLog.UnitTests.LayoutRenderers.ShortDateTests.OneDigitDayTest" type="NLog.UnitTests.LayoutRenderers.ShortDateTests" method="OneDigitDayTest" time="0.0003021" result="Pass" />
      <test name="NLog.UnitTests.LayoutRenderers.ShortDateTests.ShortDateTest" type="NLog.UnitTests.LayoutRenderers.ShortDateTests" method="ShortDateTest" time="0.0054926" result="Pass" />
      <test name="NLog.UnitTests.LayoutRenderers.ShortDateTests.TwoDigitMonthTest" type="NLog.UnitTests.LayoutRenderers.ShortDateTests" method="TwoDigitMonthTest" time="0.0002828" result="Pass" />
      <test name="NLog.UnitTests.LayoutRenderers.ShortDateTests.UniversalTimeTest" type="NLog.UnitTests.LayoutRenderers.ShortDateTests" method="UniversalTimeTest" time="0.0001986" result="Pass" />
      <test name="NLog.UnitTests.LayoutRenderers.ShortDateTests.LocalTimeTest" type="NLog.UnitTests.LayoutRenderers.ShortDateTests" method="LocalTimeTest" time="0.0002187" result="Pass" />
      <test name="NLog.UnitTests.LayoutRenderers.ShortDateTests.OneDigitMonthTest" type="NLog.UnitTests.LayoutRenderers.ShortDateTests" method="OneDigitMonthTest" time="0.0002003" result="Pass" />
      <test name="NLog.UnitTests.LayoutRenderers.SpecialFolderTests.SpecialFolderFileCombineTest" type="NLog.UnitTests.LayoutRenderers.SpecialFolderTests" method="SpecialFolderFileCombineTest" time="0.0011999" result="Pass" />
      <test name="NLog.UnitTests.LayoutRenderers.SpecialFolderTests.SpecialFolderDirCombineTest" type="NLog.UnitTests.LayoutRenderers.SpecialFolderTests" method="SpecialFolderDirCombineTest" time="0.0004272" result="Pass" />
      <test name="NLog.UnitTests.LayoutRenderers.SpecialFolderTests.SpecialFolderDirFileCombineTest" type="NLog.UnitTests.LayoutRenderers.SpecialFolderTests" method="SpecialFolderDirFileCombineTest" time="0.0002676" result="Pass" />
      <test name="NLog.UnitTests.LayoutRenderers.SpecialFolderTests.SpecialFolderTest" type="NLog.UnitTests.LayoutRenderers.SpecialFolderTests" method="SpecialFolderTest" time="0.0176194" result="Pass" />
      <test name="NLog.UnitTests.LayoutRenderers.ThreadNameTests.ThreadNameTest" type="NLog.UnitTests.LayoutRenderers.ThreadNameTests" method="ThreadNameTest" time="0.0049581" result="Pass" />
      <test name="NLog.UnitTests.LayoutRenderers.TimeTests.LongDateWithPaddingPadLeftAlignRight" type="NLog.UnitTests.LayoutRenderers.TimeTests" method="LongDateWithPaddingPadLeftAlignRight" time="0.0074292" result="Pass" />
      <test name="NLog.UnitTests.LayoutRenderers.TimeTests.TimeTest" type="NLog.UnitTests.LayoutRenderers.TimeTests" method="TimeTest" time="0.0088435" result="Pass" />
      <test name="NLog.UnitTests.LayoutRenderers.TimeTests.LongDateWithPaddingPadRightAlignRight" type="NLog.UnitTests.LayoutRenderers.TimeTests" method="LongDateWithPaddingPadRightAlignRight" time="0.0080474" result="Pass" />
      <test name="NLog.UnitTests.LayoutRenderers.TimeTests.LongDateWithPaddingPadLeftAlignLeft" type="NLog.UnitTests.LayoutRenderers.TimeTests" method="LongDateWithPaddingPadLeftAlignLeft" time="0.005835" result="Pass" />
      <test name="NLog.UnitTests.LayoutRenderers.TimeTests.LongDateWithPaddingPadRightAlignLeft" type="NLog.UnitTests.LayoutRenderers.TimeTests" method="LongDateWithPaddingPadRightAlignLeft" time="0.0058921" result="Pass" />
      <test name="NLog.UnitTests.LayoutRenderers.TimeTests.UniversalTimeTest" type="NLog.UnitTests.LayoutRenderers.TimeTests" method="UniversalTimeTest" time="0.0003415" result="Pass" />
      <test name="NLog.UnitTests.LayoutRenderers.TimeTests.LocalTimeTest" type="NLog.UnitTests.LayoutRenderers.TimeTests" method="LocalTimeTest" time="0.0002208" result="Pass" />
      <test name="NLog.UnitTests.LayoutRenderers.VariableLayoutRendererTests.null_should_not_use_default" type="NLog.UnitTests.LayoutRenderers.VariableLayoutRendererTests" method="null_should_not_use_default" time="0.0020181" result="Pass" />
      <test name="NLog.UnitTests.LayoutRenderers.VariableLayoutRendererTests.Var_default" type="NLog.UnitTests.LayoutRenderers.VariableLayoutRendererTests" method="Var_default" time="0.0036299" result="Pass" />
      <test name="NLog.UnitTests.LayoutRenderers.VariableLayoutRendererTests.Var_default_after_clear" type="NLog.UnitTests.LayoutRenderers.VariableLayoutRendererTests" method="Var_default_after_clear" time="0.0086362" result="Pass" />
      <test name="NLog.UnitTests.LayoutRenderers.VariableLayoutRendererTests.Var_default_after_xml_emptyString" type="NLog.UnitTests.LayoutRenderers.VariableLayoutRendererTests" method="Var_default_after_xml_emptyString" time="0.010117" result="Pass" />
      <test name="NLog.UnitTests.LayoutRenderers.VariableLayoutRendererTests.Var_from_xml_and_edit" type="NLog.UnitTests.LayoutRenderers.VariableLayoutRendererTests" method="Var_from_xml_and_edit" time="0.0090316" result="Pass" />
      <test name="NLog.UnitTests.LayoutRenderers.VariableLayoutRendererTests.Var_with_layout_renderers" type="NLog.UnitTests.LayoutRenderers.VariableLayoutRendererTests" method="Var_with_layout_renderers" time="0.0063889" result="Pass" />
      <test name="NLog.UnitTests.LayoutRenderers.VariableLayoutRendererTests.Var_from_xml" type="NLog.UnitTests.LayoutRenderers.VariableLayoutRendererTests" method="Var_from_xml" time="0.0061449" result="Pass" />
      <test name="NLog.UnitTests.LayoutRenderers.VariableLayoutRendererTests.notset_should_use_default" type="NLog.UnitTests.LayoutRenderers.VariableLayoutRendererTests" method="notset_should_use_default" time="0.0004621" result="Pass" />
      <test name="NLog.UnitTests.LayoutRenderers.VariableLayoutRendererTests.Var_default_after_set_emptyString" type="NLog.UnitTests.LayoutRenderers.VariableLayoutRendererTests" method="Var_default_after_set_emptyString" time="0.0037458" result="Pass" />
      <test name="NLog.UnitTests.LayoutRenderers.VariableLayoutRendererTests.Var_from_api" type="NLog.UnitTests.LayoutRenderers.VariableLayoutRendererTests" method="Var_from_api" time="0.0087561" result="Pass" />
      <test name="NLog.UnitTests.LayoutRenderers.VariableLayoutRendererTests.Var_default_after_set_null" type="NLog.UnitTests.LayoutRenderers.VariableLayoutRendererTests" method="Var_default_after_set_null" time="0.0106565" result="Pass" />
      <test name="NLog.UnitTests.LayoutRenderers.VariableLayoutRendererTests.null_should_be_ok" type="NLog.UnitTests.LayoutRenderers.VariableLayoutRendererTests" method="null_should_be_ok" time="0.0004934" result="Pass" />
      <test name="NLog.UnitTests.LayoutRenderers.VariableLayoutRendererTests.Var_with_other_var" type="NLog.UnitTests.LayoutRenderers.VariableLayoutRendererTests" method="Var_with_other_var" time="0.0035816" result="Pass" />
      <test name="NLog.UnitTests.LayoutRenderers.VariableLayoutRendererTests.test_with_mockLogManager" type="NLog.UnitTests.LayoutRenderers.VariableLayoutRendererTests" method="test_with_mockLogManager" time="0.0011835" result="Pass" />
      <test name="NLog.UnitTests.LayoutRenderers.Wrappers.CachedTests.CachedLayoutRendererWrapper" type="NLog.UnitTests.LayoutRenderers.Wrappers.CachedTests" method="CachedLayoutRendererWrapper" time="0.0022915" result="Pass" />
      <test name="NLog.UnitTests.LayoutRenderers.Wrappers.FileSystemNormalizeTests.FSNormalizeTest2" type="NLog.UnitTests.LayoutRenderers.Wrappers.FileSystemNormalizeTests" method="FSNormalizeTest2" time="0.0005459" result="Pass" />
      <test name="NLog.UnitTests.LayoutRenderers.Wrappers.FileSystemNormalizeTests.FSNormalizeTest1" type="NLog.UnitTests.LayoutRenderers.Wrappers.FileSystemNormalizeTests" method="FSNormalizeTest1" time="0.0004064" result="Pass" />
      <test name="NLog.UnitTests.LayoutRenderers.Wrappers.JsonEncodeTests.JsonEncodeTest1" type="NLog.UnitTests.LayoutRenderers.Wrappers.JsonEncodeTests" method="JsonEncodeTest1" time="0.0004917" result="Pass" />
      <test name="NLog.UnitTests.LayoutRenderers.Wrappers.OnExceptionTests.OnExceptionTest1" type="NLog.UnitTests.LayoutRenderers.Wrappers.OnExceptionTests" method="OnExceptionTest1" time="0.000977" result="Pass" />
      <test name="NLog.UnitTests.LayoutRenderers.Wrappers.PaddingTests.PositivePaddingWithLeftAlign" type="NLog.UnitTests.LayoutRenderers.Wrappers.PaddingTests" method="PositivePaddingWithLeftAlign" time="0.0009425" result="Pass" />
      <test name="NLog.UnitTests.LayoutRenderers.Wrappers.PaddingTests.NegativePaddingWithRightAlign" type="NLog.UnitTests.LayoutRenderers.Wrappers.PaddingTests" method="NegativePaddingWithRightAlign" time="0.0013001" result="Pass" />
      <test name="NLog.UnitTests.LayoutRenderers.Wrappers.PaddingTests.DefaultAlignmentIsLeft" type="NLog.UnitTests.LayoutRenderers.Wrappers.PaddingTests" method="DefaultAlignmentIsLeft" time="0.0008156" result="Pass" />
      <test name="NLog.UnitTests.LayoutRenderers.Wrappers.PaddingTests.PositivePaddingWithRightAlign" type="NLog.UnitTests.LayoutRenderers.Wrappers.PaddingTests" method="PositivePaddingWithRightAlign" time="0.0012956" result="Pass" />
      <test name="NLog.UnitTests.LayoutRenderers.Wrappers.PaddingTests.NegativePaddingWithLeftAlign" type="NLog.UnitTests.LayoutRenderers.Wrappers.PaddingTests" method="NegativePaddingWithLeftAlign" time="0.0013293" result="Pass" />
      <test name="NLog.UnitTests.LayoutRenderers.Wrappers.ReplaceNewLinesTests.ReplaceNewLineWithSpecifiedSeparationStringTest" type="NLog.UnitTests.LayoutRenderers.Wrappers.ReplaceNewLinesTests" method="ReplaceNewLineWithSpecifiedSeparationStringTest" time="0.0012287" result="Pass" />
      <test name="NLog.UnitTests.LayoutRenderers.Wrappers.ReplaceNewLinesTests.ReplaceNewLineOneLineTest" type="NLog.UnitTests.LayoutRenderers.Wrappers.ReplaceNewLinesTests" method="ReplaceNewLineOneLineTest" time="0.0003727" result="Pass" />
      <test name="NLog.UnitTests.LayoutRenderers.Wrappers.ReplaceNewLinesTests.ReplaceNewLineWithNoEmptySeparationStringTest" type="NLog.UnitTests.LayoutRenderers.Wrappers.ReplaceNewLinesTests" method="ReplaceNewLineWithNoEmptySeparationStringTest" time="0.0004006" result="Pass" />
      <test name="NLog.UnitTests.LayoutRenderers.Wrappers.ReplaceNewLinesTests.ReplaceNewLineWithDefaultTest" type="NLog.UnitTests.LayoutRenderers.Wrappers.ReplaceNewLinesTests" method="ReplaceNewLineWithDefaultTest" time="0.0003571" result="Pass" />
      <test name="NLog.UnitTests.LayoutRenderers.Wrappers.ReplaceTests.ReplaceTestWithComplexRegEx" type="NLog.UnitTests.LayoutRenderers.Wrappers.ReplaceTests" method="ReplaceTestWithComplexRegEx" time="0.0172631" result="Pass" />
      <test name="NLog.UnitTests.LayoutRenderers.Wrappers.ReplaceTests.ReplaceTestWithSimpleRegExFromConfig" type="NLog.UnitTests.LayoutRenderers.Wrappers.ReplaceTests" method="ReplaceTestWithSimpleRegExFromConfig" time="0.0047344" result="Pass" />
      <test name="NLog.UnitTests.LayoutRenderers.Wrappers.ReplaceTests.ReplaceTestWithSimpleRegEx" type="NLog.UnitTests.LayoutRenderers.Wrappers.ReplaceTests" method="ReplaceTestWithSimpleRegEx" time="0.0014019" result="Pass" />
      <test name="NLog.UnitTests.LayoutRenderers.Wrappers.ReplaceTests.ReplaceNamedGroupTests" type="NLog.UnitTests.LayoutRenderers.Wrappers.ReplaceTests" method="ReplaceNamedGroupTests" time="0.0057965" result="Pass" />
      <test name="NLog.UnitTests.LayoutRenderers.Wrappers.ReplaceTests.ReplaceTestWithSimpleRegExFromConfig2" type="NLog.UnitTests.LayoutRenderers.Wrappers.ReplaceTests" method="ReplaceTestWithSimpleRegExFromConfig2" time="0.0045541" result="Pass" />
      <test name="NLog.UnitTests.LayoutRenderers.Wrappers.TrimWhiteSpaceTests.TrimWhiteSpaceTest1" type="NLog.UnitTests.LayoutRenderers.Wrappers.TrimWhiteSpaceTests" method="TrimWhiteSpaceTest1" time="0.0008797" result="Pass" />
      <test name="NLog.UnitTests.LayoutRenderers.Wrappers.WhenEmptyTests.CoalesceWithANestedLayout" type="NLog.UnitTests.LayoutRenderers.Wrappers.WhenEmptyTests" method="CoalesceWithANestedLayout" time="0.0009479" result="Pass" />
      <test name="NLog.UnitTests.LayoutRenderers.Wrappers.WhenEmptyTests.CoalesceTest" type="NLog.UnitTests.LayoutRenderers.Wrappers.WhenEmptyTests" method="CoalesceTest" time="0.0004687" result="Pass" />
      <test name="NLog.UnitTests.LayoutRenderers.Wrappers.WhenTests.ComplexWhenTest" type="NLog.UnitTests.LayoutRenderers.Wrappers.WhenTests" method="ComplexWhenTest" time="0.0008502" result="Pass" />
      <test name="NLog.UnitTests.LayoutRenderers.Wrappers.WhenTests.PositiveWhenTest" type="NLog.UnitTests.LayoutRenderers.Wrappers.WhenTests" method="PositiveWhenTest" time="0.0004528" result="Pass" />
      <test name="NLog.UnitTests.LayoutRenderers.Wrappers.WhenTests.ComplexWhenTest2" type="NLog.UnitTests.LayoutRenderers.Wrappers.WhenTests" method="ComplexWhenTest2" time="0.0005459" result="Pass" />
      <test name="NLog.UnitTests.LayoutRenderers.Wrappers.WhenTests.NegativeWhenTest" type="NLog.UnitTests.LayoutRenderers.Wrappers.WhenTests" method="NegativeWhenTest" time="0.0002537" result="Pass" />
      <test name="NLog.UnitTests.LayoutRenderers.Wrappers.XmlEncodeTests.XmlEncodeTest1" type="NLog.UnitTests.LayoutRenderers.Wrappers.XmlEncodeTests" method="XmlEncodeTest1" time="0.001007" result="Pass" />
      <test name="NLog.UnitTests.Internal.EnumHelpersTests.EnumParse_whitespace_ignoreCaseTrue" type="NLog.UnitTests.Internal.EnumHelpersTests" method="EnumParse_whitespace_ignoreCaseTrue" time="0.0026447" result="Pass" />
      <test name="NLog.UnitTests.Internal.EnumHelpersTests.EnumParseBar_ignoreCaseTrue" type="NLog.UnitTests.Internal.EnumHelpersTests" method="EnumParseBar_ignoreCaseTrue" time="0.0001436" result="Pass" />
      <test name="NLog.UnitTests.Internal.EnumHelpersTests.EnumParse2_ignoreCaseTrue" type="NLog.UnitTests.Internal.EnumHelpersTests" method="EnumParse2_ignoreCaseTrue" time="0.0001387" result="Pass" />
      <test name="NLog.UnitTests.Internal.EnumHelpersTests.EnumParseBar" type="NLog.UnitTests.Internal.EnumHelpersTests" method="EnumParseBar" time="0.0003633" result="Pass" />
      <test name="NLog.UnitTests.Internal.EnumHelpersTests.EnumParse_null_ignoreCaseTrue" type="NLog.UnitTests.Internal.EnumHelpersTests" method="EnumParse_null_ignoreCaseTrue" time="0.0000964" result="Pass" />
      <test name="NLog.UnitTests.Internal.EnumHelpersTests.EnumParseDefault_ignoreCaseTrue" type="NLog.UnitTests.Internal.EnumHelpersTests" method="EnumParseDefault_ignoreCaseTrue" time="0.0000939" result="Pass" />
      <test name="NLog.UnitTests.Internal.EnumHelpersTests.EnumParse_null_ArgumentException_ignoreCaseTrue" type="NLog.UnitTests.Internal.EnumHelpersTests" method="EnumParse_null_ArgumentException_ignoreCaseTrue" time="0.0009343" result="Pass" />
      <test name="NLog.UnitTests.Internal.EnumHelpersTests.EnumParseBar3_ignoreCaseTrue" type="NLog.UnitTests.Internal.EnumHelpersTests" method="EnumParseBar3_ignoreCaseTrue" time="0.0001444" result="Pass" />
      <test name="NLog.UnitTests.Internal.EnumHelpersTests.EnumParse1_ignoreCaseFalse" type="NLog.UnitTests.Internal.EnumHelpersTests" method="EnumParse1_ignoreCaseFalse" time="0.0001029" result="Pass" />
      <test name="NLog.UnitTests.Internal.EnumHelpersTests.EnumParse_ArgumentException_ignoreCaseTrue" type="NLog.UnitTests.Internal.EnumHelpersTests" method="EnumParse_ArgumentException_ignoreCaseTrue" time="0.0005546" result="Pass" />
      <test name="NLog.UnitTests.Internal.EnumHelpersTests.EnumParse_emptystring_ignoreCaseFalse" type="NLog.UnitTests.Internal.EnumHelpersTests" method="EnumParse_emptystring_ignoreCaseFalse" time="0.0001165" result="Pass" />
      <test name="NLog.UnitTests.Internal.EnumHelpersTests.EnumParseBar_ignoreCaseFalse" type="NLog.UnitTests.Internal.EnumHelpersTests" method="EnumParseBar_ignoreCaseFalse" time="0.000096" result="Pass" />
      <test name="NLog.UnitTests.Internal.EnumHelpersTests.EnumParse_null_ArgumentException" type="NLog.UnitTests.Internal.EnumHelpersTests" method="EnumParse_null_ArgumentException" time="0.0005952" result="Pass" />
      <test name="NLog.UnitTests.Internal.EnumHelpersTests.EnumParse2" type="NLog.UnitTests.Internal.EnumHelpersTests" method="EnumParse2" time="0.0001108" result="Pass" />
      <test name="NLog.UnitTests.Internal.EnumHelpersTests.EnumParseDefault2_ignoreCaseFalse" type="NLog.UnitTests.Internal.EnumHelpersTests" method="EnumParseDefault2_ignoreCaseFalse" time="0.0000952" result="Pass" />
      <test name="NLog.UnitTests.Internal.EnumHelpersTests.EnumParseBar2_ignoreCaseTrue" type="NLog.UnitTests.Internal.EnumHelpersTests" method="EnumParseBar2_ignoreCaseTrue" time="0.0000927" result="Pass" />
      <test name="NLog.UnitTests.Internal.EnumHelpersTests.EnumParseDefault2" type="NLog.UnitTests.Internal.EnumHelpersTests" method="EnumParseDefault2" time="0.000096" result="Pass" />
      <test name="NLog.UnitTests.Internal.EnumHelpersTests.EnumParseBar3" type="NLog.UnitTests.Internal.EnumHelpersTests" method="EnumParseBar3" time="0.0000886" result="Pass" />
      <test name="NLog.UnitTests.Internal.EnumHelpersTests.EnumParseBar3_ignoreCaseFalse" type="NLog.UnitTests.Internal.EnumHelpersTests" method="EnumParseBar3_ignoreCaseFalse" time="0.0000882" result="Pass" />
      <test name="NLog.UnitTests.Internal.EnumHelpersTests.EnumParse_ArgumentException" type="NLog.UnitTests.Internal.EnumHelpersTests" method="EnumParse_ArgumentException" time="0.0005086" result="Pass" />
      <test name="NLog.UnitTests.Internal.EnumHelpersTests.EnumParseBar2" type="NLog.UnitTests.Internal.EnumHelpersTests" method="EnumParseBar2" time="0.0001116" result="Pass" />
      <test name="NLog.UnitTests.Internal.EnumHelpersTests.EnumParse_ArgumentException_ignoreCaseFalse" type="NLog.UnitTests.Internal.EnumHelpersTests" method="EnumParse_ArgumentException_ignoreCaseFalse" time="0.0004634" result="Pass" />
      <test name="NLog.UnitTests.Internal.EnumHelpersTests.EnumParse_null_ignoreCaseFalse" type="NLog.UnitTests.Internal.EnumHelpersTests" method="EnumParse_null_ignoreCaseFalse" time="0.000098" result="Pass" />
      <test name="NLog.UnitTests.Internal.EnumHelpersTests.EnumParseDefault_ignoreCaseFalse" type="NLog.UnitTests.Internal.EnumHelpersTests" method="EnumParseDefault_ignoreCaseFalse" time="0.0000944" result="Pass" />
      <test name="NLog.UnitTests.Internal.EnumHelpersTests.EnumParse2_ignoreCaseFalse" type="NLog.UnitTests.Internal.EnumHelpersTests" method="EnumParse2_ignoreCaseFalse" time="0.0000968" result="Pass" />
      <test name="NLog.UnitTests.Internal.EnumHelpersTests.EnumParse1_ignoreCaseTrue" type="NLog.UnitTests.Internal.EnumHelpersTests" method="EnumParse1_ignoreCaseTrue" time="0.0000976" result="Pass" />
      <test name="NLog.UnitTests.Internal.EnumHelpersTests.EnumParse_whitespace_ignoreCaseFalse" type="NLog.UnitTests.Internal.EnumHelpersTests" method="EnumParse_whitespace_ignoreCaseFalse" time="0.0000874" result="Pass" />
      <test name="NLog.UnitTests.Internal.EnumHelpersTests.EnumParse_emptystring_ignoreCaseTrue" type="NLog.UnitTests.Internal.EnumHelpersTests" method="EnumParse_emptystring_ignoreCaseTrue" time="0.0000911" result="Pass" />
      <test name="NLog.UnitTests.Internal.EnumHelpersTests.EnumParseDefault2_ignoreCaseTrue" type="NLog.UnitTests.Internal.EnumHelpersTests" method="EnumParseDefault2_ignoreCaseTrue" time="0.0000956" result="Pass" />
      <test name="NLog.UnitTests.Internal.EnumHelpersTests.EnumParseDefault" type="NLog.UnitTests.Internal.EnumHelpersTests" method="EnumParseDefault" time="0.0000861" result="Pass" />
      <test name="NLog.UnitTests.Internal.EnumHelpersTests.EnumParse_whitespace" type="NLog.UnitTests.Internal.EnumHelpersTests" method="EnumParse_whitespace" time="0.0000837" result="Pass" />
      <test name="NLog.UnitTests.Internal.EnumHelpersTests.EnumParse_emptystring" type="NLog.UnitTests.Internal.EnumHelpersTests" method="EnumParse_emptystring" time="0.0001608" result="Pass" />
      <test name="NLog.UnitTests.Internal.EnumHelpersTests.EnumParse_null" type="NLog.UnitTests.Internal.EnumHelpersTests" method="EnumParse_null" time="0.0000853" result="Pass" />
      <test name="NLog.UnitTests.Internal.EnumHelpersTests.EnumParse1" type="NLog.UnitTests.Internal.EnumHelpersTests" method="EnumParse1" time="0.0000874" result="Pass" />
      <test name="NLog.UnitTests.Internal.EnumHelpersTests.EnumParseBar2_ignoreCaseFalse" type="NLog.UnitTests.Internal.EnumHelpersTests" method="EnumParseBar2_ignoreCaseFalse" time="0.0000878" result="Pass" />
      <test name="NLog.UnitTests.Internal.EnumHelpersTests.EnumParse_null_ArgumentException_ignoreCaseFalse" type="NLog.UnitTests.Internal.EnumHelpersTests" method="EnumParse_null_ArgumentException_ignoreCaseFalse" time="0.0004577" result="Pass" />
      <test name="NLog.UnitTests.Internal.NetworkSenders.TcpNetworkSenderTests.TcpProxyTest" type="NLog.UnitTests.Internal.NetworkSenders.TcpNetworkSenderTests" method="TcpProxyTest" time="0.0003534" result="Pass" />
      <test name="NLog.UnitTests.Internal.NetworkSenders.TcpNetworkSenderTests.TcpHappyPathTest" type="NLog.UnitTests.Internal.NetworkSenders.TcpNetworkSenderTests" method="TcpHappyPathTest" time="0.1293859" result="Pass" />
      <test name="NLog.UnitTests.Internal.NetworkSenders.TcpNetworkSenderTests.TcpSendFailureTest" type="NLog.UnitTests.Internal.NetworkSenders.TcpNetworkSenderTests" method="TcpSendFailureTest" time="0.0627744" result="Pass" />
      <test name="NLog.UnitTests.Internal.NetworkSenders.TcpNetworkSenderTests.TcpConnectFailureTest" type="NLog.UnitTests.Internal.NetworkSenders.TcpNetworkSenderTests" method="TcpConnectFailureTest" time="0.0220467" result="Pass" />
      <test name="NLog.UnitTests.Internal.FileAppenders.FileAppenderCacheTests.FileAppenderCache_InvalidateAppender" type="NLog.UnitTests.Internal.FileAppenders.FileAppenderCacheTests" method="FileAppenderCache_InvalidateAppender" time="0.0038542" result="Pass" />
      <test name="NLog.UnitTests.Internal.FileAppenders.FileAppenderCacheTests.FileAppenderCache_Construction" type="NLog.UnitTests.Internal.FileAppenders.FileAppenderCacheTests" method="FileAppenderCache_Construction" time="0.0004018" result="Pass" />
      <test name="NLog.UnitTests.Internal.FileAppenders.FileAppenderCacheTests.FileAppenderCache_GetFileCharacteristics" type="NLog.UnitTests.Internal.FileAppenders.FileAppenderCacheTests" method="FileAppenderCache_GetFileCharacteristics" time="0.0036587" result="Pass" />
      <test name="NLog.UnitTests.Internal.FileAppenders.FileAppenderCacheTests.FileAppenderCache_CloseAppenders" type="NLog.UnitTests.Internal.FileAppenders.FileAppenderCacheTests" method="FileAppenderCache_CloseAppenders" time="0.0048198" result="Pass" />
      <test name="NLog.UnitTests.Internal.FileAppenders.FileAppenderCacheTests.FileAppenderCache_Allocate" type="NLog.UnitTests.Internal.FileAppenders.FileAppenderCacheTests" method="FileAppenderCache_Allocate" time="0.0038414" result="Pass" />
      <test name="NLog.UnitTests.Internal.FileAppenders.FileAppenderCacheTests.FileAppenderCache_Empty" type="NLog.UnitTests.Internal.FileAppenders.FileAppenderCacheTests" method="FileAppenderCache_Empty" time="0.0001945" result="Pass" />
      <test name="NLog.UnitTests.Fluent.LogBuilderTests.ErrorWrite" type="NLog.UnitTests.Fluent.LogBuilderTests" method="ErrorWrite" time="0.018546" result="Pass" />
      <test name="NLog.UnitTests.Fluent.LogBuilderTests.WarnWriteProperties" type="NLog.UnitTests.Fluent.LogBuilderTests" method="WarnWriteProperties" time="0.0178251" result="Pass" />
      <test name="NLog.UnitTests.Fluent.LogBuilderTests.LogBuilder_null_lead_to_ArgumentNullException" type="NLog.UnitTests.Fluent.LogBuilderTests" method="LogBuilder_null_lead_to_ArgumentNullException" time="0.0256127" result="Pass" />
      <test name="NLog.UnitTests.Fluent.LogBuilderTests.FatalWrite" type="NLog.UnitTests.Fluent.LogBuilderTests" method="FatalWrite" time="0.0204514" result="Pass" />
      <test name="NLog.UnitTests.Fluent.LogBuilderTests.TraceWrite" type="NLog.UnitTests.Fluent.LogBuilderTests" method="TraceWrite" time="0.0146696" result="Pass" />
      <test name="NLog.UnitTests.Fluent.LogBuilderTests.TraceWriteProperties" type="NLog.UnitTests.Fluent.LogBuilderTests" method="TraceWriteProperties" time="0.0162909" result="Pass" />
      <test name="NLog.UnitTests.Fluent.LogBuilderTests.TraceIfWrite" type="NLog.UnitTests.Fluent.LogBuilderTests" method="TraceIfWrite" time="0.0195314" result="Pass" />
      <test name="NLog.UnitTests.Fluent.LogBuilderTests.InfoWrite" type="NLog.UnitTests.Fluent.LogBuilderTests" method="InfoWrite" time="0.0239147" result="Pass" />
      <test name="NLog.UnitTests.Fluent.LogBuilderTests.LogOffWriteProperties" type="NLog.UnitTests.Fluent.LogBuilderTests" method="LogOffWriteProperties" time="0.0224335" result="Pass" />
      <test name="NLog.UnitTests.Fluent.LogBuilderTests.DebugWrite" type="NLog.UnitTests.Fluent.LogBuilderTests" method="DebugWrite" time="0.0166242" result="Pass" />
      <test name="NLog.UnitTests.Fluent.LogBuilderTests.LogBuilder_nLogEventInfo" type="NLog.UnitTests.Fluent.LogBuilderTests" method="LogBuilder_nLogEventInfo" time="0.0189771" result="Pass" />
      <test name="NLog.UnitTests.Fluent.LogBuilderTests.LogWriteProperties" type="NLog.UnitTests.Fluent.LogBuilderTests" method="LogWriteProperties" time="0.0163056" result="Pass" />
      <test name="NLog.UnitTests.Filters.APITests.APITest" type="NLog.UnitTests.Filters.APITests" method="APITest" time="0.0276672" result="Pass" />
      <test name="NLog.UnitTests.Filters.ConditionBasedFilterTests.WhenTest" type="NLog.UnitTests.Filters.ConditionBasedFilterTests" method="WhenTest" time="0.0183333" result="Pass" />
      <test name="NLog.UnitTests.Filters.WhenContainsTests.WhenContainsInsensitiveTest" type="NLog.UnitTests.Filters.WhenContainsTests" method="WhenContainsInsensitiveTest" time="0.0134068" result="Pass" />
      <test name="NLog.UnitTests.Filters.WhenContainsTests.WhenContainsTest" type="NLog.UnitTests.Filters.WhenContainsTests" method="WhenContainsTest" time="0.0133169" result="Pass" />
      <test name="NLog.UnitTests.Filters.WhenEqualTests.WhenEqualInsensitiveTest" type="NLog.UnitTests.Filters.WhenEqualTests" method="WhenEqualInsensitiveTest" time="0.0130673" result="Pass" />
      <test name="NLog.UnitTests.Filters.WhenEqualTests.WhenEqualTest" type="NLog.UnitTests.Filters.WhenEqualTests" method="WhenEqualTest" time="0.0111722" result="Pass" />
      <test name="NLog.UnitTests.Filters.WhenNotContainsTests.WhenNotContainsInsensitiveTest" type="NLog.UnitTests.Filters.WhenNotContainsTests" method="WhenNotContainsInsensitiveTest" time="0.0105137" result="Pass" />
      <test name="NLog.UnitTests.Filters.WhenNotContainsTests.WhenNotContainsTest" type="NLog.UnitTests.Filters.WhenNotContainsTests" method="WhenNotContainsTest" time="0.0106072" result="Pass" />
      <test name="NLog.UnitTests.Filters.WhenNotEqualTests.WhenNotEqualInsensitiveTest" type="NLog.UnitTests.Filters.WhenNotEqualTests" method="WhenNotEqualInsensitiveTest" time="0.0124038" result="Pass" />
      <test name="NLog.UnitTests.Filters.WhenNotEqualTests.WhenNotEqualTest" type="NLog.UnitTests.Filters.WhenNotEqualTests" method="WhenNotEqualTest" time="0.0093563" result="Pass" />
      <test name="NLog.UnitTests.Config.CaseSensitivityTests.LowerCaseTest" type="NLog.UnitTests.Config.CaseSensitivityTests" method="LowerCaseTest" time="0.0141367" result="Pass" />
      <test name="NLog.UnitTests.Config.CaseSensitivityTests.UpperCaseTest" type="NLog.UnitTests.Config.CaseSensitivityTests" method="UpperCaseTest" time="0.0100083" result="Pass" />
      <test name="NLog.UnitTests.Config.ConfigurationItemFactoryTests.ConfigurationItemFactoryUsesSuppliedDelegateToResolveObject" type="NLog.UnitTests.Config.ConfigurationItemFactoryTests" method="ConfigurationItemFactoryUsesSuppliedDelegateToResolveObject" time="0.0012907" result="Pass" />
      <test name="NLog.UnitTests.Config.ConfigurationItemFactoryTests.ConfigurationItemFactoryDefaultTest" type="NLog.UnitTests.Config.ConfigurationItemFactoryTests" method="ConfigurationItemFactoryDefaultTest" time="0.0004741" result="Pass" />
      <test name="NLog.UnitTests.Config.ConfigurationItemFactoryTests.ExtendedLayoutRendererTest" type="NLog.UnitTests.Config.ConfigurationItemFactoryTests" method="ExtendedLayoutRendererTest" time="0.000702" result="Pass" />
      <test name="NLog.UnitTests.Config.ConfigurationItemFactoryTests.ExtendedTargetTest" type="NLog.UnitTests.Config.ConfigurationItemFactoryTests" method="ExtendedTargetTest" time="0.000493" result="Pass" />
      <test name="NLog.UnitTests.Config.ConfigurationItemFactoryTests.ConfigurationItemFactorySimpleTest" type="NLog.UnitTests.Config.ConfigurationItemFactoryTests" method="ConfigurationItemFactorySimpleTest" time="0.0007397" result="Pass" />
      <test name="NLog.UnitTests.Config.CultureInfoTests.WhenInvariantCultureDefinedThenDefaultCultureIsInvariantCulture" type="NLog.UnitTests.Config.CultureInfoTests" method="WhenInvariantCultureDefinedThenDefaultCultureIsInvariantCulture" time="0.0057673" result="Pass" />
      <test name="NLog.UnitTests.Config.CultureInfoTests.DifferentConfigurations_UseDifferentDefaultCulture" type="NLog.UnitTests.Config.CultureInfoTests" method="DifferentConfigurations_UseDifferentDefaultCulture" time="0.0129314" result="Pass" />
      <test name="NLog.UnitTests.Config.IncludeTests.IncludeNotExistingTest" type="NLog.UnitTests.Config.IncludeTests" method="IncludeNotExistingTest" time="0.0076501" result="Pass" />
      <test name="NLog.UnitTests.Config.IncludeTests.IncludeNotExistingIgnoredTest" type="NLog.UnitTests.Config.IncludeTests" method="IncludeNotExistingIgnoredTest" time="0.0103798" result="Pass" />
      <test name="NLog.UnitTests.Config.IncludeTests.IncludeTest" type="NLog.UnitTests.Config.IncludeTests" method="IncludeTest" time="0.0112214" result="Pass" />
      <test name="NLog.UnitTests.Config.InternalLoggingTests.InternalLoggingConfigTest2" type="NLog.UnitTests.Config.InternalLoggingTests" method="InternalLoggingConfigTest2" time="0.000899" result="Pass" />
      <test name="NLog.UnitTests.Config.InternalLoggingTests.InternalLoggingConfigTest1" type="NLog.UnitTests.Config.InternalLoggingTests" method="InternalLoggingConfigTest1" time="0.0191392" result="Pass" />
      <test name="NLog.UnitTests.Config.ReloadTests.TestMainConfigReloadIncludedConfigNoReload" type="NLog.UnitTests.Config.ReloadTests" method="TestMainConfigReloadIncludedConfigNoReload" time="3.0212088" result="Pass" />
      <test name="NLog.UnitTests.Config.ReloadTests.TestAutoReloadOnFileCopy" type="NLog.UnitTests.Config.ReloadTests" method="TestAutoReloadOnFileCopy" time="3.0256308" result="Pass" />
      <test name="NLog.UnitTests.Config.ReloadTests.TestNoAutoReload" type="NLog.UnitTests.Config.ReloadTests" method="TestNoAutoReload" time="2.0141121" result="Pass" />
      <test name="NLog.UnitTests.Config.ReloadTests.TestMainConfigReload" type="NLog.UnitTests.Config.ReloadTests" method="TestMainConfigReload" time="2.1215362" result="Pass" />
      <test name="NLog.UnitTests.Config.ReloadTests.TestIncludedConfigReload" type="NLog.UnitTests.Config.ReloadTests" method="TestIncludedConfigReload" time="3.0578162" result="Pass" />
      <test name="NLog.UnitTests.Config.ReloadTests.TestIncludedConfigNoReload" type="NLog.UnitTests.Config.ReloadTests" method="TestIncludedConfigNoReload" time="4.0298957" result="Pass" />
      <test name="NLog.UnitTests.Config.ReloadTests.TestAutoReloadOnFileMove" type="NLog.UnitTests.Config.ReloadTests" method="TestAutoReloadOnFileMove" time="3.050882" result="Pass" />
      <test name="NLog.UnitTests.Config.ReloadTests.TestAutoReloadOnFileChange" type="NLog.UnitTests.Config.ReloadTests" method="TestAutoReloadOnFileChange" time="2.0803212" result="Pass" />
      <test name="NLog.UnitTests.Config.RuleConfigurationTests.LoggingRule_Final_SuppressesOnlyMatchingLevels" type="NLog.UnitTests.Config.RuleConfigurationTests" method="LoggingRule_Final_SuppressesOnlyMatchingLevels" time="0.0050965" result="Pass" />
      <test name="NLog.UnitTests.Config.RuleConfigurationTests.FiltersTest_logFinal" type="NLog.UnitTests.Config.RuleConfigurationTests" method="FiltersTest_logFinal" time="0.0095234" result="Pass" />
      <test name="NLog.UnitTests.Config.RuleConfigurationTests.SimpleRuleTest" type="NLog.UnitTests.Config.RuleConfigurationTests" method="SimpleRuleTest" time="0.0051667" result="Pass" />
      <test name="NLog.UnitTests.Config.RuleConfigurationTests.NoLevelsTest" type="NLog.UnitTests.Config.RuleConfigurationTests" method="NoLevelsTest" time="0.0047557" result="Pass" />
      <test name="NLog.UnitTests.Config.RuleConfigurationTests.SingleLevelTest" type="NLog.UnitTests.Config.RuleConfigurationTests" method="SingleLevelTest" time="0.0049524" result="Pass" />
      <test name="NLog.UnitTests.Config.RuleConfigurationTests.ChildRulesTest" type="NLog.UnitTests.Config.RuleConfigurationTests" method="ChildRulesTest" time="0.0071435" result="Pass" />
      <test name="NLog.UnitTests.Config.RuleConfigurationTests.FiltersTest_ignore" type="NLog.UnitTests.Config.RuleConfigurationTests" method="FiltersTest_ignore" time="0.0096425" result="Pass" />
      <test name="NLog.UnitTests.Config.RuleConfigurationTests.UnusedTargetsShouldBeLoggedToInternalLogger" type="NLog.UnitTests.Config.RuleConfigurationTests" method="UnusedTargetsShouldBeLoggedToInternalLogger" time="0.0109735" result="Pass" />
      <test name="NLog.UnitTests.Config.RuleConfigurationTests.MultipleRulesSameTargetTest" type="NLog.UnitTests.Config.RuleConfigurationTests" method="MultipleRulesSameTargetTest" time="0.0136987" result="Pass" />
      <test name="NLog.UnitTests.Config.RuleConfigurationTests.MinMaxLevelTest" type="NLog.UnitTests.Config.RuleConfigurationTests" method="MinMaxLevelTest" time="0.0061426" result="Pass" />
      <test name="NLog.UnitTests.Config.RuleConfigurationTests.ExplicitLevelsTest" type="NLog.UnitTests.Config.RuleConfigurationTests" method="ExplicitLevelsTest" time="0.0064377" result="Pass" />
      <test name="NLog.UnitTests.Config.RuleConfigurationTests.FiltersTest_ignoreFinal" type="NLog.UnitTests.Config.RuleConfigurationTests" method="FiltersTest_ignoreFinal" time="0.0126624" result="Pass" />
      <test name="NLog.UnitTests.Config.RuleConfigurationTests.MultipleTargetsTest" type="NLog.UnitTests.Config.RuleConfigurationTests" method="MultipleTargetsTest" time="0.0085389" result="Pass" />
      <test name="NLog.UnitTests.Config.RuleConfigurationTests.FiltersTest" type="NLog.UnitTests.Config.RuleConfigurationTests" method="FiltersTest" time="0.0097492" result="Pass" />
      <test name="NLog.UnitTests.Config.RuleConfigurationTests.NoRulesTest" type="NLog.UnitTests.Config.RuleConfigurationTests" method="NoRulesTest" time="0.0075113" result="Pass" />
      <test name="NLog.UnitTests.Config.TargetConfigurationTests.DefaultWrapperTest" type="NLog.UnitTests.Config.TargetConfigurationTests" method="DefaultWrapperTest" time="0.0130648" result="Pass" />
      <test name="NLog.UnitTests.Config.TargetConfigurationTests.CompoundRefTest" type="NLog.UnitTests.Config.TargetConfigurationTests" method="CompoundRefTest" time="0.02068" result="Pass" />
      <test name="NLog.UnitTests.Config.TargetConfigurationTests.WrapperRefTest" type="NLog.UnitTests.Config.TargetConfigurationTests" method="WrapperRefTest" time="0.0130721" result="Pass" />
      <test name="NLog.UnitTests.Config.TargetConfigurationTests.SimpleTest" type="NLog.UnitTests.Config.TargetConfigurationTests" method="SimpleTest" time="0.0110482" result="Pass" />
      <test name="NLog.UnitTests.Config.TargetConfigurationTests.SimpleElementSyntaxTest" type="NLog.UnitTests.Config.TargetConfigurationTests" method="SimpleElementSyntaxTest" time="0.0098104" result="Pass" />
      <test name="NLog.UnitTests.Config.TargetConfigurationTests.ArrayElementParameterTest" type="NLog.UnitTests.Config.TargetConfigurationTests" method="ArrayElementParameterTest" time="0.0117519" result="Pass" />
      <test name="NLog.UnitTests.Config.TargetConfigurationTests.ArrayParameterTest" type="NLog.UnitTests.Config.TargetConfigurationTests" method="ArrayParameterTest" time="0.0128152" result="Pass" />
      <test name="NLog.UnitTests.Config.TargetConfigurationTests.SimpleTest2" type="NLog.UnitTests.Config.TargetConfigurationTests" method="SimpleTest2" time="0.0135599" result="Pass" />
      <test name="NLog.UnitTests.Config.TargetConfigurationTests.NullableDataTypesTest" type="NLog.UnitTests.Config.TargetConfigurationTests" method="NullableDataTypesTest" time="0.083595" result="Pass" />
      <test name="NLog.UnitTests.Config.TargetConfigurationTests.WrapperTest" type="NLog.UnitTests.Config.TargetConfigurationTests" method="WrapperTest" time="0.0167179" result="Pass" />
      <test name="NLog.UnitTests.Config.TargetConfigurationTests.DefaultTargetParametersTest" type="NLog.UnitTests.Config.TargetConfigurationTests" method="DefaultTargetParametersTest" time="0.0146192" result="Pass" />
      <test name="NLog.UnitTests.Config.TargetConfigurationTests.DataTypesTest" type="NLog.UnitTests.Config.TargetConfigurationTests" method="DataTypesTest" time="0.0584197" result="Pass" />
      <test name="NLog.UnitTests.Config.TargetConfigurationTests.AsyncWrappersTest" type="NLog.UnitTests.Config.TargetConfigurationTests" method="AsyncWrappersTest" time="0.0144307" result="Pass" />
      <test name="NLog.UnitTests.Config.TargetConfigurationTests.CompoundTest" type="NLog.UnitTests.Config.TargetConfigurationTests" method="CompoundTest" time="0.0228243" result="Pass" />
      <test name="NLog.UnitTests.Config.TimeConfigurationTests.DefaultTimeSourceTest" type="NLog.UnitTests.Config.TimeConfigurationTests" method="DefaultTimeSourceTest" time="0.0105611" result="Pass" />
      <test name="NLog.UnitTests.Config.TimeConfigurationTests.AccurateUtcTest" type="NLog.UnitTests.Config.TimeConfigurationTests" method="AccurateUtcTest" time="0.0220107" result="Pass" />
      <test name="NLog.UnitTests.Config.TimeConfigurationTests.FastLocalTest" type="NLog.UnitTests.Config.TimeConfigurationTests" method="FastLocalTest" time="0.0196245" result="Pass" />
      <test name="NLog.UnitTests.Config.TimeConfigurationTests.FastUtcTest" type="NLog.UnitTests.Config.TimeConfigurationTests" method="FastUtcTest" time="0.0112813" result="Pass" />
      <test name="NLog.UnitTests.Config.TimeConfigurationTests.AccurateLocalTest" type="NLog.UnitTests.Config.TimeConfigurationTests" method="AccurateLocalTest" time="0.0098612" result="Pass" />
      <test name="NLog.UnitTests.Config.VariableTests.NLogConfigurationExceptionShouldThrown_WhenVariableNodeIsWrittenToWrongPlace" type="NLog.UnitTests.Config.VariableTests" method="NLogConfigurationExceptionShouldThrown_WhenVariableNodeIsWrittenToWrongPlace" time="0.025685" result="Pass" />
      <test name="NLog.UnitTests.Config.VariableTests.VariablesTest1" type="NLog.UnitTests.Config.VariableTests" method="VariablesTest1" time="0.0115014" result="Pass" />
      <test name="NLog.UnitTests.Config.VariableTests.Xml_configuration_returns_defined_variables" type="NLog.UnitTests.Config.VariableTests" method="Xml_configuration_returns_defined_variables" time="0.0082084" result="Pass" />
      <test name="NLog.UnitTests.Config.VariableTests.VariablesTest_string_expanding" type="NLog.UnitTests.Config.VariableTests" method="VariablesTest_string_expanding" time="0" result="Skip">
        <reason><![CDATA[It's unclear if this is a bug of a feature. Probably this will a config setting in the feature]]></reason>
      </test>
      <test name="NLog.UnitTests.Conditions.ConditionEvaluatorTests.RelationalOperatorTest" type="NLog.UnitTests.Conditions.ConditionEvaluatorTests" method="RelationalOperatorTest" time="0.0028007" result="Pass" />
      <test name="NLog.UnitTests.Conditions.ConditionEvaluatorTests.LiteralTest" type="NLog.UnitTests.Conditions.ConditionEvaluatorTests" method="LiteralTest" time="0.0008587" result="Pass" />
      <test name="NLog.UnitTests.Conditions.ConditionEvaluatorTests.ConditionMethodNegativeTest1" type="NLog.UnitTests.Conditions.ConditionEvaluatorTests" method="ConditionMethodNegativeTest1" time="0.0041198" result="Pass" />
      <test name="NLog.UnitTests.Conditions.ConditionEvaluatorTests.MethodWithLogEventInfoTest" type="NLog.UnitTests.Conditions.ConditionEvaluatorTests" method="MethodWithLogEventInfoTest" time="0.0019664" result="Pass" />
      <test name="NLog.UnitTests.Conditions.ConditionEvaluatorTests.ExceptionTest4" type="NLog.UnitTests.Conditions.ConditionEvaluatorTests" method="ExceptionTest4" time="0.0026881" result="Pass" />
      <test name="NLog.UnitTests.Conditions.ConditionEvaluatorTests.ExceptionTest11" type="NLog.UnitTests.Conditions.ConditionEvaluatorTests" method="ExceptionTest11" time="0.0004199" result="Pass" />
      <test name="NLog.UnitTests.Conditions.ConditionEvaluatorTests.ExceptionTest3" type="NLog.UnitTests.Conditions.ConditionEvaluatorTests" method="ExceptionTest3" time="0.000316" result="Pass" />
      <test name="NLog.UnitTests.Conditions.ConditionEvaluatorTests.ExceptionTest1" type="NLog.UnitTests.Conditions.ConditionEvaluatorTests" method="ExceptionTest1" time="0.0003628" result="Pass" />
      <test name="NLog.UnitTests.Conditions.ConditionEvaluatorTests.UnsupportedRelationalOperatorTest2" type="NLog.UnitTests.Conditions.ConditionEvaluatorTests" method="UnsupportedRelationalOperatorTest2" time="0.0014048" result="Pass" />
      <test name="NLog.UnitTests.Conditions.ConditionEvaluatorTests.LogEventInfoPropertiesTest" type="NLog.UnitTests.Conditions.ConditionEvaluatorTests" method="LogEventInfoPropertiesTest" time="0.0003267" result="Pass" />
      <test name="NLog.UnitTests.Conditions.ConditionEvaluatorTests.ExceptionTest14" type="NLog.UnitTests.Conditions.ConditionEvaluatorTests" method="ExceptionTest14" time="0.00189" result="Pass" />
      <test name="NLog.UnitTests.Conditions.ConditionEvaluatorTests.TypePromotionNegativeTest2" type="NLog.UnitTests.Conditions.ConditionEvaluatorTests" method="TypePromotionNegativeTest2" time="0.0063383" result="Pass" />
      <test name="NLog.UnitTests.Conditions.ConditionEvaluatorTests.BooleanOperatorTest" type="NLog.UnitTests.Conditions.ConditionEvaluatorTests" method="BooleanOperatorTest" time="0.0175295" result="Pass" />
      <test name="NLog.UnitTests.Conditions.ConditionEvaluatorTests.TypePromotionTest" type="NLog.UnitTests.Conditions.ConditionEvaluatorTests" method="TypePromotionTest" time="0.0069841" result="Pass" />
      <test name="NLog.UnitTests.Conditions.ConditionEvaluatorTests.ExceptionTest2" type="NLog.UnitTests.Conditions.ConditionEvaluatorTests" method="ExceptionTest2" time="0.0003287" result="Pass" />
      <test name="NLog.UnitTests.Conditions.ConditionEvaluatorTests.TypePromotionNegativeTest1" type="NLog.UnitTests.Conditions.ConditionEvaluatorTests" method="TypePromotionNegativeTest1" time="0.0022251" result="Pass" />
      <test name="NLog.UnitTests.Conditions.ConditionEvaluatorTests.ExceptionTest12" type="NLog.UnitTests.Conditions.ConditionEvaluatorTests" method="ExceptionTest12" time="0.0003476" result="Pass" />
      <test name="NLog.UnitTests.Conditions.ConditionEvaluatorTests.ExceptionTest13" type="NLog.UnitTests.Conditions.ConditionEvaluatorTests" method="ExceptionTest13" time="0.0003554" result="Pass" />
      <test name="NLog.UnitTests.Conditions.ConditionEvaluatorTests.ConditionMethodsTest" type="NLog.UnitTests.Conditions.ConditionEvaluatorTests" method="ConditionMethodsTest" time="0.0033759" result="Pass" />
      <test name="NLog.UnitTests.Conditions.ConditionEvaluatorTests.ConditionMethodNegativeTest2" type="NLog.UnitTests.Conditions.ConditionEvaluatorTests" method="ConditionMethodNegativeTest2" time="0.002574" result="Pass" />
      <test name="NLog.UnitTests.Conditions.ConditionEvaluatorTests.UnsupportedRelationalOperatorTest" type="NLog.UnitTests.Conditions.ConditionEvaluatorTests" method="UnsupportedRelationalOperatorTest" time="0.0010604" result="Pass" />
      <test name="NLog.UnitTests.Conditions.ConditionParserTests.LevelTest" type="NLog.UnitTests.Conditions.ConditionParserTests" method="LevelTest" time="0.0004376" result="Pass" />
      <test name="NLog.UnitTests.Conditions.ConditionParserTests.OrTest" type="NLog.UnitTests.Conditions.ConditionParserTests" method="OrTest" time="0.0006273" result="Pass" />
      <test name="NLog.UnitTests.Conditions.ConditionParserTests.UnbalancedParenthesis3Test" type="NLog.UnitTests.Conditions.ConditionParserTests" method="UnbalancedParenthesis3Test" time="0.0008842" result="Pass" />
      <test name="NLog.UnitTests.Conditions.ConditionParserTests.CustomNLogFactoriesTest" type="NLog.UnitTests.Conditions.ConditionParserTests" method="CustomNLogFactoriesTest" time="0.000612" result="Pass" />
      <test name="NLog.UnitTests.Conditions.ConditionParserTests.LogLevelWithoutAName" type="NLog.UnitTests.Conditions.ConditionParserTests" method="LogLevelWithoutAName" time="0.0008136" result="Pass" />
      <test name="NLog.UnitTests.Conditions.ConditionParserTests.ImplicitOperatorTest" type="NLog.UnitTests.Conditions.ConditionParserTests" method="ImplicitOperatorTest" time="0.0003788" result="Pass" />
      <test name="NLog.UnitTests.Conditions.ConditionParserTests.NotTest" type="NLog.UnitTests.Conditions.ConditionParserTests" method="NotTest" time="0.000346" result="Pass" />
      <test name="NLog.UnitTests.Conditions.ConditionParserTests.StringTest" type="NLog.UnitTests.Conditions.ConditionParserTests" method="StringTest" time="0.0005082" result="Pass" />
      <test name="NLog.UnitTests.Conditions.ConditionParserTests.UnrecognizedPunctuation" type="NLog.UnitTests.Conditions.ConditionParserTests" method="UnrecognizedPunctuation" time="0.0003358" result="Pass" />
      <test name="NLog.UnitTests.Conditions.ConditionParserTests.RelationalOperatorTest" type="NLog.UnitTests.Conditions.ConditionParserTests" method="RelationalOperatorTest" time="0.000367" result="Pass" />
      <test name="NLog.UnitTests.Conditions.ConditionParserTests.MessageTest" type="NLog.UnitTests.Conditions.ConditionParserTests" method="MessageTest" time="0.0001502" result="Pass" />
      <test name="NLog.UnitTests.Conditions.ConditionParserTests.ConditionFunctionTests" type="NLog.UnitTests.Conditions.ConditionParserTests" method="ConditionFunctionTests" time="0.0003083" result="Pass" />
      <test name="NLog.UnitTests.Conditions.ConditionParserTests.UnrecognizedMethod" type="NLog.UnitTests.Conditions.ConditionParserTests" method="UnrecognizedMethod" time="0.0003341" result="Pass" />
      <test name="NLog.UnitTests.Conditions.ConditionParserTests.NullLiteralTest" type="NLog.UnitTests.Conditions.ConditionParserTests" method="NullLiteralTest" time="0.0001059" result="Pass" />
      <test name="NLog.UnitTests.Conditions.ConditionParserTests.TokenizerEOFTest" type="NLog.UnitTests.Conditions.ConditionParserTests" method="TokenizerEOFTest" time="0.0003698" result="Pass" />
      <test name="NLog.UnitTests.Conditions.ConditionParserTests.MethodNameWithUnderscores" type="NLog.UnitTests.Conditions.ConditionParserTests" method="MethodNameWithUnderscores" time="0.0002302" result="Pass" />
      <test name="NLog.UnitTests.Conditions.ConditionParserTests.UnrecognizedUnicodeChar2" type="NLog.UnitTests.Conditions.ConditionParserTests" method="UnrecognizedUnicodeChar2" time="0.0002812" result="Pass" />
      <test name="NLog.UnitTests.Conditions.ConditionParserTests.AndTest" type="NLog.UnitTests.Conditions.ConditionParserTests" method="AndTest" time="0.0003214" result="Pass" />
      <test name="NLog.UnitTests.Conditions.ConditionParserTests.InvalidNumberWithUnaryMinusTest" type="NLog.UnitTests.Conditions.ConditionParserTests" method="InvalidNumberWithUnaryMinusTest" time="0.0003161" result="Pass" />
      <test name="NLog.UnitTests.Conditions.ConditionParserTests.UnrecognizedToken" type="NLog.UnitTests.Conditions.ConditionParserTests" method="UnrecognizedToken" time="0.0002828" result="Pass" />
      <test name="NLog.UnitTests.Conditions.ConditionParserTests.UnbalancedParenthesis1Test" type="NLog.UnitTests.Conditions.ConditionParserTests" method="UnbalancedParenthesis1Test" time="0.000289" result="Pass" />
      <test name="NLog.UnitTests.Conditions.ConditionParserTests.BooleanLiteralTest" type="NLog.UnitTests.Conditions.ConditionParserTests" method="BooleanLiteralTest" time="0.0001576" result="Pass" />
      <test name="NLog.UnitTests.Conditions.ConditionParserTests.UnbalancedParenthesis2Test" type="NLog.UnitTests.Conditions.ConditionParserTests" method="UnbalancedParenthesis2Test" time="0.0002972" result="Pass" />
      <test name="NLog.UnitTests.Conditions.ConditionParserTests.LogLevelTest" type="NLog.UnitTests.Conditions.ConditionParserTests" method="LogLevelTest" time="0.0001752" result="Pass" />
      <test name="NLog.UnitTests.Conditions.ConditionParserTests.ExtraParenthesisTest" type="NLog.UnitTests.Conditions.ConditionParserTests" method="ExtraParenthesisTest" time="0.0001206" result="Pass" />
      <test name="NLog.UnitTests.Conditions.ConditionParserTests.LoggerTest" type="NLog.UnitTests.Conditions.ConditionParserTests" method="LoggerTest" time="0.0001473" result="Pass" />
      <test name="NLog.UnitTests.Conditions.ConditionParserTests.InvalidNumberTest" type="NLog.UnitTests.Conditions.ConditionParserTests" method="InvalidNumberTest" time="0.0002865" result="Pass" />
      <test name="NLog.UnitTests.Conditions.ConditionParserTests.ParseEmptyText" type="NLog.UnitTests.Conditions.ConditionParserTests" method="ParseEmptyText" time="0.0002771" result="Pass" />
      <test name="NLog.UnitTests.Conditions.ConditionParserTests.UnclosedString" type="NLog.UnitTests.Conditions.ConditionParserTests" method="UnclosedString" time="0.0002734" result="Pass" />
      <test name="NLog.UnitTests.Conditions.ConditionParserTests.ParseNullText" type="NLog.UnitTests.Conditions.ConditionParserTests" method="ParseNullText" time="0.0000861" result="Pass" />
      <test name="NLog.UnitTests.Conditions.ConditionParserTests.UnrecognizedUnicodeChar" type="NLog.UnitTests.Conditions.ConditionParserTests" method="UnrecognizedUnicodeChar" time="0.0002721" result="Pass" />
      <test name="NLog.UnitTests.Conditions.ConditionParserTests.NumberTest" type="NLog.UnitTests.Conditions.ConditionParserTests" method="NumberTest" time="0.0001715" result="Pass" />
      <test name="NLog.UnitTests.Common.InternalLoggerTests.WriteToStringWriterTests" type="NLog.UnitTests.Common.InternalLoggerTests" method="WriteToStringWriterTests" time="0.0047257" result="Pass" />
      <test name="NLog.UnitTests.Common.InternalLoggerTests.CreateFileInCurrentDirectoryTests" type="NLog.UnitTests.Common.InternalLoggerTests" method="CreateFileInCurrentDirectoryTests" time="0.0093822" result="Pass" />
      <test name="NLog.UnitTests.Common.InternalLoggerTests.TimestampTests" type="NLog.UnitTests.Common.InternalLoggerTests" method="TimestampTests" time="0.0046884" result="Pass" />
      <test name="NLog.UnitTests.Common.InternalLoggerTests.WriteToConsoleErrorTests" type="NLog.UnitTests.Common.InternalLoggerTests" method="WriteToConsoleErrorTests" time="0.0092997" result="Pass" />
      <test name="NLog.UnitTests.Common.InternalLoggerTests.WriteToFileTests" type="NLog.UnitTests.Common.InternalLoggerTests" method="WriteToFileTests" time="0.0065104" result="Pass" />
      <test name="NLog.UnitTests.Common.InternalLoggerTests.WriteToStringWriterWithArgsTests" type="NLog.UnitTests.Common.InternalLoggerTests" method="WriteToStringWriterWithArgsTests" time="0.007887" result="Pass" />
      <test name="NLog.UnitTests.Common.InternalLoggerTests.CreateDirectoriesIfNeededTests" type="NLog.UnitTests.Common.InternalLoggerTests" method="CreateDirectoriesIfNeededTests" time="0.0059418" result="Pass" />
      <test name="NLog.UnitTests.Common.InternalLoggerTests.IsEnabledTests" type="NLog.UnitTests.Common.InternalLoggerTests" method="IsEnabledTests" time="0.0007291" result="Pass" />
      <test name="NLog.UnitTests.Common.InternalLoggerTests.WriteToConsoleOutTests" type="NLog.UnitTests.Common.InternalLoggerTests" method="WriteToConsoleOutTests" time="0.0059906" result="Pass" />
    </collection>
    <collection total="2" passed="2" failed="0" skipped="0" name="Test collection for NLog.UnitTests.Contexts.MappedDiagnosticsContextTests" time="0.050">
      <test name="NLog.UnitTests.Contexts.MappedDiagnosticsContextTests.MDCTest1" type="NLog.UnitTests.Contexts.MappedDiagnosticsContextTests" method="MDCTest1" time="0.046722" result="Pass" />
      <test name="NLog.UnitTests.Contexts.MappedDiagnosticsContextTests.MDCTest2" type="NLog.UnitTests.Contexts.MappedDiagnosticsContextTests" method="MDCTest2" time="0.0034374" result="Pass" />
    </collection>
    <collection total="2" passed="2" failed="0" skipped="0" name="Test collection for NLog.UnitTests.Internal.NetworkSenders.UdpNetworkSenderTests" time="0.030">
      <test name="NLog.UnitTests.Internal.NetworkSenders.UdpNetworkSenderTests.CreateSocket_HandlesBroadcast(url: &quot;udp://randomurl:8080&quot;, broadcastEnabled: False)" type="NLog.UnitTests.Internal.NetworkSenders.UdpNetworkSenderTests" method="CreateSocket_HandlesBroadcast" time="0.0293188" result="Pass" />
      <test name="NLog.UnitTests.Internal.NetworkSenders.UdpNetworkSenderTests.CreateSocket_HandlesBroadcast(url: &quot;udp://255.255.255.255:8080&quot;, broadcastEnabled: True)" type="NLog.UnitTests.Internal.NetworkSenders.UdpNetworkSenderTests" method="CreateSocket_HandlesBroadcast" time="0.0002429" result="Pass" />
    </collection>
    <collection total="2" passed="2" failed="0" skipped="0" name="Test collection for NLog.UnitTests.Contexts.GlobalDiagnosticsContextTests" time="0.045">
      <test name="NLog.UnitTests.Contexts.GlobalDiagnosticsContextTests.GDCTest1" type="NLog.UnitTests.Contexts.GlobalDiagnosticsContextTests" method="GDCTest1" time="0.0438206" result="Pass" />
      <test name="NLog.UnitTests.Contexts.GlobalDiagnosticsContextTests.GDCTest2" type="NLog.UnitTests.Contexts.GlobalDiagnosticsContextTests" method="GDCTest2" time="0.0013498" result="Pass" />
    </collection>
  </assembly>
</assemblies>