<?xml version="1.0" encoding="utf-8"?>
<assemblies>
  <assembly name="NLog.UnitTests.dll" environment="64-bit .NET (unknown version) [collection-per-class, parallel (4 threads)]" test-framework="xUnit.net 2.1.0.3179" run-date="2016-01-13" run-time="14:46:59" total="629" passed="619" failed="9" skipped="1" time="64.485" errors="0">
    <errors />
    <collection total="1" passed="1" failed="0" skipped="0" name="Test collection for NLog.UnitTests.Internal.PlatformDetectorTests" time="0.013">
      <test name="NLog.UnitTests.Internal.PlatformDetectorTests.GetCurrentOSTest" type="NLog.UnitTests.Internal.PlatformDetectorTests" method="GetCurrentOSTest" time="0.0128206" result="Pass" />
    </collection>
    <collection total="2" passed="2" failed="0" skipped="0" name="Test collection for NLog.UnitTests.Contexts.GlobalDiagnosticsContextTests" time="0.015">
      <test name="NLog.UnitTests.Contexts.GlobalDiagnosticsContextTests.GDCTest1" type="NLog.UnitTests.Contexts.GlobalDiagnosticsContextTests" method="GDCTest1" time="0.0133248" result="Pass" />
      <test name="NLog.UnitTests.Contexts.GlobalDiagnosticsContextTests.GDCTest2" type="NLog.UnitTests.Contexts.GlobalDiagnosticsContextTests" method="GDCTest2" time="0.0016434" result="Pass" />
    </collection>
    <collection total="626" passed="616" failed="9" skipped="1" name="dont run in parallel" time="64.078">
      <test name="NLog.UnitTests.AsyncHelperTests.ForEachItemSequentiallyTest2" type="NLog.UnitTests.AsyncHelperTests" method="ForEachItemSequentiallyTest2" time="0.0172345" result="Pass" />
      <test name="NLog.UnitTests.AsyncHelperTests.ForEachItemInParallelEmptyTest" type="NLog.UnitTests.AsyncHelperTests" method="ForEachItemInParallelEmptyTest" time="0.0092064" result="Pass" />
      <test name="NLog.UnitTests.AsyncHelperTests.OneTimeOnlyExceptionInHandlerTest_RethrowExceptionEnabled" type="NLog.UnitTests.AsyncHelperTests" method="OneTimeOnlyExceptionInHandlerTest_RethrowExceptionEnabled" time="0.0027434" result="Pass" />
      <test name="NLog.UnitTests.AsyncHelperTests.OneTimeOnlyTest2" type="NLog.UnitTests.AsyncHelperTests" method="OneTimeOnlyTest2" time="0.0004337" result="Pass" />
      <test name="NLog.UnitTests.AsyncHelperTests.ContinuationTimeoutTest" type="NLog.UnitTests.AsyncHelperTests" method="ContinuationTimeoutTest" time="0.0109133" result="Pass" />
      <test name="NLog.UnitTests.AsyncHelperTests.RepeatTest2" type="NLog.UnitTests.AsyncHelperTests" method="RepeatTest2" time="0.0019612" result="Pass" />
      <test name="NLog.UnitTests.AsyncHelperTests.OneTimeOnlyTest1" type="NLog.UnitTests.AsyncHelperTests" method="OneTimeOnlyTest1" time="0.0003752" result="Pass" />
      <test name="NLog.UnitTests.AsyncHelperTests.RepeatTest1" type="NLog.UnitTests.AsyncHelperTests" method="RepeatTest1" time="0.0005569" result="Pass" />
      <test name="NLog.UnitTests.AsyncHelperTests.OneTimeOnlyExceptionInHandlerTest" type="NLog.UnitTests.AsyncHelperTests" method="OneTimeOnlyExceptionInHandlerTest" time="0.001049" result="Pass" />
      <test name="NLog.UnitTests.AsyncHelperTests.RepeatTest3" type="NLog.UnitTests.AsyncHelperTests" method="RepeatTest3" time="0.0006733" result="Pass" />
      <test name="NLog.UnitTests.AsyncHelperTests.PrecededByTest1" type="NLog.UnitTests.AsyncHelperTests" method="PrecededByTest1" time="0.0016564" result="Pass" />
      <test name="NLog.UnitTests.AsyncHelperTests.ForEachItemInParallelMultipleFailuresTest" type="NLog.UnitTests.AsyncHelperTests" method="ForEachItemInParallelMultipleFailuresTest" time="0.0069815" result="Pass" />
      <test name="NLog.UnitTests.AsyncHelperTests.ForEachItemInParallelSingleFailureTest" type="NLog.UnitTests.AsyncHelperTests" method="ForEachItemInParallelSingleFailureTest" time="0.003664" result="Pass" />
      <test name="NLog.UnitTests.AsyncHelperTests.ForEachItemSequentiallyTest1" type="NLog.UnitTests.AsyncHelperTests" method="ForEachItemSequentiallyTest1" time="0.0006973" result="Pass" />
      <test name="NLog.UnitTests.AsyncHelperTests.ForEachItemInParallelTest" type="NLog.UnitTests.AsyncHelperTests" method="ForEachItemInParallelTest" time="0.0008826" result="Pass" />
      <test name="NLog.UnitTests.AsyncHelperTests.ForEachItemSequentiallyTest3" type="NLog.UnitTests.AsyncHelperTests" method="ForEachItemSequentiallyTest3" time="0.0008188" result="Pass" />
      <test name="NLog.UnitTests.AsyncHelperTests.PrecededByTest2" type="NLog.UnitTests.AsyncHelperTests" method="PrecededByTest2" time="0.000593" result="Pass" />
      <test name="NLog.UnitTests.GetLoggerTests.GenericGetLoggerTest" type="NLog.UnitTests.GetLoggerTests" method="GenericGetLoggerTest" time="0.0084965" result="Pass" />
      <test name="NLog.UnitTests.GetLoggerTests.TypedGetLoggerTest" type="NLog.UnitTests.GetLoggerTests" method="TypedGetLoggerTest" time="0.0009022" result="Pass" />
      <test name="NLog.UnitTests.GetLoggerTests.GenericGetCurrentClassLoggerTest" type="NLog.UnitTests.GetLoggerTests" method="GenericGetCurrentClassLoggerTest" time="0.0004841" result="Pass" />
      <test name="NLog.UnitTests.GetLoggerTests.InvalidLoggerConfiguration_ThrowsConfigurationException_IfThrowExceptionsFlagIsSet" type="NLog.UnitTests.GetLoggerTests" method="InvalidLoggerConfiguration_ThrowsConfigurationException_IfThrowExceptionsFlagIsSet" time="0.0006474" result="Pass" />
      <test name="NLog.UnitTests.GetLoggerTests.InvalidLoggerConfiguration_ThrowsConfigurationException_IfThrowExceptionsFlagIsNotSet" type="NLog.UnitTests.GetLoggerTests" method="InvalidLoggerConfiguration_ThrowsConfigurationException_IfThrowExceptionsFlagIsNotSet" time="0.0003623" result="Pass" />
      <test name="NLog.UnitTests.GetLoggerTests.GetCurrentClassLoggerTest" type="NLog.UnitTests.GetLoggerTests" method="GetCurrentClassLoggerTest" time="0.0003127" result="Pass" />
      <test name="NLog.UnitTests.LoggerTests.DebugTest" type="NLog.UnitTests.LoggerTests" method="DebugTest" time="0.1121545" result="Pass" />
      <test name="NLog.UnitTests.LoggerTests.StringFormatWillNotCauseExceptions" type="NLog.UnitTests.LoggerTests" method="StringFormatWillNotCauseExceptions" time="0.002805" result="Pass" />
      <test name="NLog.UnitTests.LoggerTests.ConditionalDebugTest" type="NLog.UnitTests.LoggerTests" method="ConditionalDebugTest" time="0.0132981" result="Pass" />
      <test name="NLog.UnitTests.LoggerTests.SwallowTest" type="NLog.UnitTests.LoggerTests" method="SwallowTest" time="0.0066731" result="Pass" />
      <test name="NLog.UnitTests.LoggerTests.TraceTest" type="NLog.UnitTests.LoggerTests" method="TraceTest" time="0.0163397" result="Pass" />
      <test name="NLog.UnitTests.LoggerTests.ErrorTest" type="NLog.UnitTests.LoggerTests" method="ErrorTest" time="0.0147288" result="Pass" />
      <test name="NLog.UnitTests.LoggerTests.InfoTest" type="NLog.UnitTests.LoggerTests" method="InfoTest" time="0.0155418" result="Pass" />
      <test name="NLog.UnitTests.LoggerTests.LogTest" type="NLog.UnitTests.LoggerTests" method="LogTest" time="0.0237738" result="Pass" />
      <test name="NLog.UnitTests.LoggerTests.MultipleLoggersWithSameNameShouldBothReceiveMessages" type="NLog.UnitTests.LoggerTests" method="MultipleLoggersWithSameNameShouldBothReceiveMessages" time="0.0062661" result="Pass" />
      <test name="NLog.UnitTests.LoggerTests.ConditionalTraceTest" type="NLog.UnitTests.LoggerTests" method="ConditionalTraceTest" time="0.0162157" result="Pass" />
      <test name="NLog.UnitTests.LoggerTests.FatalTest" type="NLog.UnitTests.LoggerTests" method="FatalTest" time="0.0149563" result="Pass" />
      <test name="NLog.UnitTests.LoggerTests.When_Logging_LogEvent_Without_Level_Defined_No_Exception_Should_Be_Thrown" type="NLog.UnitTests.LoggerTests" method="When_Logging_LogEvent_Without_Level_Defined_No_Exception_Should_Be_Thrown" time="0.0060943" result="Pass" />
      <test name="NLog.UnitTests.LoggerTests.WarnTest" type="NLog.UnitTests.LoggerTests" method="WarnTest" time="0.0168913" result="Pass" />
      <test name="NLog.UnitTests.LogLevelTests.LogLevelCompareTo_ValidLevels_ExpectIntValues" type="NLog.UnitTests.LogLevelTests" method="LogLevelCompareTo_ValidLevels_ExpectIntValues" time="0.0012868" result="Pass">
        <traits>
          <trait name="Component" value="Core" />
        </traits>
      </test>
      <test name="NLog.UnitTests.LogLevelTests.LogLevelGetHashCode" type="NLog.UnitTests.LogLevelTests" method="LogLevelGetHashCode" time="0.0004443" result="Pass">
        <traits>
          <trait name="Component" value="Core" />
        </traits>
      </test>
      <test name="NLog.UnitTests.LogLevelTests.OrdinalTest" type="NLog.UnitTests.LogLevelTests" method="OrdinalTest" time="0.0008259" result="Pass">
        <traits>
          <trait name="Component" value="Core" />
        </traits>
      </test>
      <test name="NLog.UnitTests.LogLevelTests.LogLevelEqualityTest" type="NLog.UnitTests.LogLevelTests" method="LogLevelEqualityTest" time="0.0003984" result="Pass">
        <traits>
          <trait name="Component" value="Core" />
        </traits>
      </test>
      <test name="NLog.UnitTests.LogLevelTests.LogLevelFromOrdinal_InputOutOfRange_ExpectException" type="NLog.UnitTests.LogLevelTests" method="LogLevelFromOrdinal_InputOutOfRange_ExpectException" time="0.0019754" result="Pass">
        <traits>
          <trait name="Component" value="Core" />
        </traits>
      </test>
      <test name="NLog.UnitTests.LogLevelTests.ToStringTest" type="NLog.UnitTests.LogLevelTests" method="ToStringTest" time="0.0002623" result="Pass">
        <traits>
          <trait name="Component" value="Core" />
        </traits>
      </test>
      <test name="NLog.UnitTests.LogLevelTests.FromStringTest" type="NLog.UnitTests.LogLevelTests" method="FromStringTest" time="0.0006028" result="Pass">
        <traits>
          <trait name="Component" value="Core" />
        </traits>
      </test>
      <test name="NLog.UnitTests.LogLevelTests.FromStringFailingTest" type="NLog.UnitTests.LogLevelTests" method="FromStringFailingTest" time="0.0007639" result="Pass">
        <traits>
          <trait name="Component" value="Core" />
        </traits>
      </test>
      <test name="NLog.UnitTests.LogLevelTests.LogLevelFromOrdinal_InputInRange_ExpectValidLevel" type="NLog.UnitTests.LogLevelTests" method="LogLevelFromOrdinal_InputInRange_ExpectValidLevel" time="0.000285" result="Pass">
        <traits>
          <trait name="Component" value="Core" />
        </traits>
      </test>
      <test name="NLog.UnitTests.LogLevelTests.LogLevelCompareTo_Null_ExpectException" type="NLog.UnitTests.LogLevelTests" method="LogLevelCompareTo_Null_ExpectException" time="0.0010924" result="Pass">
        <traits>
          <trait name="Component" value="Core" />
        </traits>
      </test>
      <test name="NLog.UnitTests.LogLevelTests.LogLevel_MinMaxLevels_ExpectConstantValues" type="NLog.UnitTests.LogLevelTests" method="LogLevel_MinMaxLevels_ExpectConstantValues" time="0.0001735" result="Pass">
        <traits>
          <trait name="Component" value="Core" />
        </traits>
      </test>
      <test name="NLog.UnitTests.LogLevelTests.LogLevelEqual_TypeOfLogLevel" type="NLog.UnitTests.LogLevelTests" method="LogLevelEqual_TypeOfLogLevel" time="0.0004368" result="Pass" />
      <test name="NLog.UnitTests.LogLevelTests.LogLevelNullComparison" type="NLog.UnitTests.LogLevelTests" method="LogLevelNullComparison" time="0.0002525" result="Pass">
        <traits>
          <trait name="Component" value="Core" />
        </traits>
      </test>
      <test name="NLog.UnitTests.LogLevelTests.LogLevelEqual_TypeOfObject" type="NLog.UnitTests.LogLevelTests" method="LogLevelEqual_TypeOfObject" time="0.0006019" result="Pass" />
      <test name="NLog.UnitTests.LogLevelTests.LogLevelEquals_Null_ExpectFalse" type="NLog.UnitTests.LogLevelTests" method="LogLevelEquals_Null_ExpectFalse" time="0.0001998" result="Pass">
        <traits>
          <trait name="Component" value="Core" />
        </traits>
      </test>
      <test name="NLog.UnitTests.LogManagerTests.DisableLoggingTest_WithoutUsingStatement" type="NLog.UnitTests.LogManagerTests" method="DisableLoggingTest_WithoutUsingStatement" time="0.0055226" result="Pass" />
      <test name="NLog.UnitTests.LogManagerTests.GetLoggerTest" type="NLog.UnitTests.LogManagerTests" method="GetLoggerTest" time="0.0002891" result="Pass" />
      <test name="NLog.UnitTests.LogManagerTests.DisableLoggingTest_UsingStatement" type="NLog.UnitTests.LogManagerTests" method="DisableLoggingTest_UsingStatement" time="0.0020557" result="Pass" />
      <test name="NLog.UnitTests.LogManagerTests.GetLogger_wrong_loggertype_should_continue" type="NLog.UnitTests.LogManagerTests" method="GetLogger_wrong_loggertype_should_continue" time="0.0007621" result="Pass" />
      <test name="NLog.UnitTests.LogManagerTests.ThrowExceptionsTest" type="NLog.UnitTests.LogManagerTests" method="ThrowExceptionsTest" time="0.0276119" result="Pass" />
      <test name="NLog.UnitTests.LogManagerTests.GetLogger_wrong_loggertype_should_continue_even_if_class_is_static" type="NLog.UnitTests.LogManagerTests" method="GetLogger_wrong_loggertype_should_continue_even_if_class_is_static" time="0.0018656" result="Pass" />
      <test name="NLog.UnitTests.LogManagerTests.GetCurrentClassLogger_abstract_class" type="NLog.UnitTests.LogManagerTests" method="GetCurrentClassLogger_abstract_class" time="0.0018875" result="Pass" />
      <test name="NLog.UnitTests.LogManagerTests.GarbageCollection2Test" type="NLog.UnitTests.LogManagerTests" method="GarbageCollection2Test" time="0.1076667" result="Pass" />
      <test name="NLog.UnitTests.LogManagerTests.NullLoggerTest" type="NLog.UnitTests.LogManagerTests" method="NullLoggerTest" time="0.0007679" result="Pass" />
      <test name="NLog.UnitTests.LogManagerTests.GetCurrentClassLogger_static_class" type="NLog.UnitTests.LogManagerTests" method="GetCurrentClassLogger_static_class" time="0.0024668" result="Pass" />
      <test name="NLog.UnitTests.LogManagerTests.GarbageCollectionTest" type="NLog.UnitTests.LogManagerTests" method="GarbageCollectionTest" time="0.0651646" result="Pass" />
      <test name="NLog.UnitTests.LogManagerTests.GivenCurrentClass_WhenGetCurrentClassLogger_ThenLoggerShouldBeCurrentClass" type="NLog.UnitTests.LogManagerTests" method="GivenCurrentClass_WhenGetCurrentClassLogger_ThenLoggerShouldBeCurrentClass" time="0.0003671" result="Pass" />
      <test name="NLog.UnitTests.RegressionTests.Bug4655UnableToReconfigureExistingLoggers" type="NLog.UnitTests.RegressionTests" method="Bug4655UnableToReconfigureExistingLoggers" time="0.0187995" result="Pass" />
      <test name="NLog.UnitTests.RegressionTests.Bug5965StackOverflow" type="NLog.UnitTests.RegressionTests" method="Bug5965StackOverflow" time="0.0388913" result="Pass" />
      <test name="NLog.UnitTests.RoutingTests.LogThresholdTest" type="NLog.UnitTests.RoutingTests" method="LogThresholdTest" time="0.0032651" result="Pass" />
      <test name="NLog.UnitTests.RoutingTests.MultiAppenderTest" type="NLog.UnitTests.RoutingTests" method="MultiAppenderTest" time="0.0108196" result="Pass" />
      <test name="NLog.UnitTests.RoutingTests.LoggerNameMatchTest" type="NLog.UnitTests.RoutingTests" method="LoggerNameMatchTest" time="0.0146132" result="Pass" />
      <test name="NLog.UnitTests.RoutingTests.LogThresholdTest2" type="NLog.UnitTests.RoutingTests" method="LogThresholdTest2" time="0.0540646" result="Pass" />
      <test name="NLog.UnitTests.TimeSourceTests.FastLocalTest" type="NLog.UnitTests.TimeSourceTests" method="FastLocalTest" time="0.0168796" result="Pass" />
      <test name="NLog.UnitTests.TimeSourceTests.AccurateLocalTest" type="NLog.UnitTests.TimeSourceTests" method="AccurateLocalTest" time="0.0005956" result="Pass" />
      <test name="NLog.UnitTests.TimeSourceTests.CustomTimeSourceTest" type="NLog.UnitTests.TimeSourceTests" method="CustomTimeSourceTest" time="0.0009044" result="Pass" />
      <test name="NLog.UnitTests.TimeSourceTests.AccurateUtcTest" type="NLog.UnitTests.TimeSourceTests" method="AccurateUtcTest" time="0.00095" result="Pass" />
      <test name="NLog.UnitTests.TimeSourceTests.FastUtcTest" type="NLog.UnitTests.TimeSourceTests" method="FastUtcTest" time="0.0119606" result="Pass" />
      <test name="NLog.UnitTests.Targets.FileTargetTests.RollingArchiveCompressionTest(specifyArchiveFileName: False)" type="NLog.UnitTests.Targets.FileTargetTests" method="RollingArchiveCompressionTest" time="0.6026356" result="Pass" />
      <test name="NLog.UnitTests.Targets.FileTargetTests.RollingArchiveCompressionTest(specifyArchiveFileName: True)" type="NLog.UnitTests.Targets.FileTargetTests" method="RollingArchiveCompressionTest" time="0.5837463" result="Pass" />
      <test name="NLog.UnitTests.Targets.FileTargetTests.ArchiveFileOnStartTest_WithCompression" type="NLog.UnitTests.Targets.FileTargetTests" method="ArchiveFileOnStartTest_WithCompression" time="0.0658054" result="Pass" />
      <test name="NLog.UnitTests.Targets.FileTargetTests.DeleteArchiveFilesByDate_MaxArchiveFiles_0" type="NLog.UnitTests.Targets.FileTargetTests" method="DeleteArchiveFilesByDate_MaxArchiveFiles_0" time="0.3314488" result="Pass" />
      <test name="NLog.UnitTests.Targets.FileTargetTests.RollingArchiveTest(specifyArchiveFileName: False)" type="NLog.UnitTests.Targets.FileTargetTests" method="RollingArchiveTest" time="0.5834447" result="Pass" />
      <test name="NLog.UnitTests.Targets.FileTargetTests.RollingArchiveTest(specifyArchiveFileName: True)" type="NLog.UnitTests.Targets.FileTargetTests" method="RollingArchiveTest" time="0.5969098" result="Pass" />
      <test name="NLog.UnitTests.Targets.FileTargetTests.RollingArchiveTest_MaxArchiveFiles_0(slash: &quot;/&quot;)" type="NLog.UnitTests.Targets.FileTargetTests" method="RollingArchiveTest_MaxArchiveFiles_0" time="0.5843778" result="Pass" />
      <test name="NLog.UnitTests.Targets.FileTargetTests.RollingArchiveTest_MaxArchiveFiles_0(slash: &quot;\&quot;)" type="NLog.UnitTests.Targets.FileTargetTests" method="RollingArchiveTest_MaxArchiveFiles_0" time="0.5696244" result="Pass" />
      <test name="NLog.UnitTests.Targets.FileTargetTests.Dont_throw_Exception_when_archiving_is_enabled_with_async" type="NLog.UnitTests.Targets.FileTargetTests" method="Dont_throw_Exception_when_archiving_is_enabled_with_async" time="0.0026042" result="Fail">
        <failure exception-type="NLog.NLogConfigurationException">
          <message><![CDATA[NLog.NLogConfigurationException : Error when setting property 'FileName' on File Target[logfile]
---- System.ArgumentException : LayoutRenderer cannot be found: 'basedir']]></message>
          <stack-trace><![CDATA[   at NLog.Internal.PropertyHelper.SetPropertyFromString(Object obj, String propertyName, String value, ConfigurationItemFactory configurationItemFactory) in C:\Users\vlaine\Source\Repos\NLog\src\NLog\Internal\PropertyHelper.cs:line 106
   at NLog.Config.XmlLoggingConfiguration.ConfigureObjectFromAttributes(Object targetObject, NLogXmlElement element, Boolean ignoreType) in C:\Users\vlaine\Source\Repos\NLog\src\NLog\Config\XmlLoggingConfiguration.cs:line 1021
   at NLog.Config.XmlLoggingConfiguration.ParseTargetElement(Target target, NLogXmlElement targetElement) in C:\Users\vlaine\Source\Repos\NLog\src\NLog\Config\XmlLoggingConfiguration.cs:line 733
   at NLog.Config.XmlLoggingConfiguration.ParseTargetsElement(NLogXmlElement targetsElement) in C:\Users\vlaine\Source\Repos\NLog\src\NLog\Config\XmlLoggingConfiguration.cs:line 709
   at NLog.Config.XmlLoggingConfiguration.ParseNLogElement(NLogXmlElement nlogElement, String filePath, Boolean autoReloadDefault) in C:\Users\vlaine\Source\Repos\NLog\src\NLog\Config\XmlLoggingConfiguration.cs:line 495
   at NLog.Config.XmlLoggingConfiguration.ParseTopLevel(NLogXmlElement content, String filePath, Boolean autoReloadDefault) in C:\Users\vlaine\Source\Repos\NLog\src\NLog\Config\XmlLoggingConfiguration.cs:line 408
   at NLog.Config.XmlLoggingConfiguration.Initialize(XmlReader reader, String fileName, Boolean ignoreErrors) in C:\Users\vlaine\Source\Repos\NLog\src\NLog\Config\XmlLoggingConfiguration.cs:line 328
   at NLog.Config.XmlLoggingConfiguration..ctor(XmlReader reader, String fileName) in C:\Users\vlaine\Source\Repos\NLog\src\NLog\Config\XmlLoggingConfiguration.cs:line 113
   at NLog.UnitTests.NLogTestBase.CreateConfigurationFromString(String configXml) in C:\Users\vlaine\Source\Repos\NLog\tests\NLog.UnitTests\NLogTestBase.cs:line 261
   at NLog.UnitTests.Targets.FileTargetTests.Dont_throw_Exception_when_archiving_is_enabled_with_async() in C:\Users\vlaine\Source\Repos\NLog\tests\NLog.UnitTests\Targets\FileTargetTests.cs:line 2115
----- Inner Stack Trace -----
   at NLog.Config.Factory`2.CreateInstance(String name) in C:\Users\vlaine\Source\Repos\NLog\src\NLog\Config\Factory.cs:line 199
   at NLog.Layouts.LayoutParser.ParseLayoutRenderer(ConfigurationItemFactory configurationItemFactory, SimpleStringReader sr) in C:\Users\vlaine\Source\Repos\NLog\src\NLog\Layouts\LayoutParser.cs:line 345
   at NLog.Layouts.LayoutParser.CompileLayout(ConfigurationItemFactory configurationItemFactory, SimpleStringReader sr, Boolean isNested, String& text) in C:\Users\vlaine\Source\Repos\NLog\src\NLog\Layouts\LayoutParser.cs:line 108
   at NLog.Layouts.SimpleLayout.set_Text(String value) in C:\Users\vlaine\Source\Repos\NLog\src\NLog\Layouts\SimpleLayout.cs:line 119
   at NLog.Layouts.SimpleLayout..ctor(String txt, ConfigurationItemFactory configurationItemFactory) in C:\Users\vlaine\Source\Repos\NLog\src\NLog\Layouts\SimpleLayout.cs:line 88
   at NLog.Internal.PropertyHelper.TryNLogSpecificConversion(Type propertyType, String value, Object& newValue, ConfigurationItemFactory configurationItemFactory) in C:\Users\vlaine\Source\Repos\NLog\src\NLog\Internal\PropertyHelper.cs:line 225
   at NLog.Internal.PropertyHelper.SetPropertyFromString(Object obj, String propertyName, String value, ConfigurationItemFactory configurationItemFactory) in C:\Users\vlaine\Source\Repos\NLog\src\NLog\Internal\PropertyHelper.cs:line 86]]></stack-trace>
        </failure>
      </test>
      <test name="NLog.UnitTests.Targets.FileTargetTests.Dont_throw_Exception_when_archiving_is_enabled" type="NLog.UnitTests.Targets.FileTargetTests" method="Dont_throw_Exception_when_archiving_is_enabled" time="0.0010981" result="Fail">
        <failure exception-type="NLog.NLogConfigurationException">
          <message><![CDATA[NLog.NLogConfigurationException : Error when setting property 'FileName' on File Target[logfile]
---- System.ArgumentException : LayoutRenderer cannot be found: 'basedir']]></message>
          <stack-trace><![CDATA[   at NLog.Internal.PropertyHelper.SetPropertyFromString(Object obj, String propertyName, String value, ConfigurationItemFactory configurationItemFactory) in C:\Users\vlaine\Source\Repos\NLog\src\NLog\Internal\PropertyHelper.cs:line 106
   at NLog.Config.XmlLoggingConfiguration.ConfigureObjectFromAttributes(Object targetObject, NLogXmlElement element, Boolean ignoreType) in C:\Users\vlaine\Source\Repos\NLog\src\NLog\Config\XmlLoggingConfiguration.cs:line 1021
   at NLog.Config.XmlLoggingConfiguration.ParseTargetElement(Target target, NLogXmlElement targetElement) in C:\Users\vlaine\Source\Repos\NLog\src\NLog\Config\XmlLoggingConfiguration.cs:line 733
   at NLog.Config.XmlLoggingConfiguration.ParseTargetsElement(NLogXmlElement targetsElement) in C:\Users\vlaine\Source\Repos\NLog\src\NLog\Config\XmlLoggingConfiguration.cs:line 709
   at NLog.Config.XmlLoggingConfiguration.ParseNLogElement(NLogXmlElement nlogElement, String filePath, Boolean autoReloadDefault) in C:\Users\vlaine\Source\Repos\NLog\src\NLog\Config\XmlLoggingConfiguration.cs:line 495
   at NLog.Config.XmlLoggingConfiguration.ParseTopLevel(NLogXmlElement content, String filePath, Boolean autoReloadDefault) in C:\Users\vlaine\Source\Repos\NLog\src\NLog\Config\XmlLoggingConfiguration.cs:line 408
   at NLog.Config.XmlLoggingConfiguration.Initialize(XmlReader reader, String fileName, Boolean ignoreErrors) in C:\Users\vlaine\Source\Repos\NLog\src\NLog\Config\XmlLoggingConfiguration.cs:line 328
   at NLog.Config.XmlLoggingConfiguration..ctor(XmlReader reader, String fileName) in C:\Users\vlaine\Source\Repos\NLog\src\NLog\Config\XmlLoggingConfiguration.cs:line 113
   at NLog.UnitTests.NLogTestBase.CreateConfigurationFromString(String configXml) in C:\Users\vlaine\Source\Repos\NLog\tests\NLog.UnitTests\NLogTestBase.cs:line 261
   at NLog.UnitTests.Targets.FileTargetTests.Dont_throw_Exception_when_archiving_is_enabled() in C:\Users\vlaine\Source\Repos\NLog\tests\NLog.UnitTests\Targets\FileTargetTests.cs:line 2091
----- Inner Stack Trace -----
   at NLog.Config.Factory`2.CreateInstance(String name) in C:\Users\vlaine\Source\Repos\NLog\src\NLog\Config\Factory.cs:line 199
   at NLog.Layouts.LayoutParser.ParseLayoutRenderer(ConfigurationItemFactory configurationItemFactory, SimpleStringReader sr) in C:\Users\vlaine\Source\Repos\NLog\src\NLog\Layouts\LayoutParser.cs:line 345
   at NLog.Layouts.LayoutParser.CompileLayout(ConfigurationItemFactory configurationItemFactory, SimpleStringReader sr, Boolean isNested, String& text) in C:\Users\vlaine\Source\Repos\NLog\src\NLog\Layouts\LayoutParser.cs:line 108
   at NLog.Layouts.SimpleLayout.set_Text(String value) in C:\Users\vlaine\Source\Repos\NLog\src\NLog\Layouts\SimpleLayout.cs:line 119
   at NLog.Layouts.SimpleLayout..ctor(String txt, ConfigurationItemFactory configurationItemFactory) in C:\Users\vlaine\Source\Repos\NLog\src\NLog\Layouts\SimpleLayout.cs:line 88
   at NLog.Internal.PropertyHelper.TryNLogSpecificConversion(Type propertyType, String value, Object& newValue, ConfigurationItemFactory configurationItemFactory) in C:\Users\vlaine\Source\Repos\NLog\src\NLog\Internal\PropertyHelper.cs:line 225
   at NLog.Internal.PropertyHelper.SetPropertyFromString(Object obj, String propertyName, String value, ConfigurationItemFactory configurationItemFactory) in C:\Users\vlaine\Source\Repos\NLog\src\NLog\Internal\PropertyHelper.cs:line 86]]></stack-trace>
        </failure>
      </test>
      <test name="NLog.UnitTests.Targets.FileTargetTests.RelativeSequentialArchiveTest_MaxArchiveFiles_0" type="NLog.UnitTests.Targets.FileTargetTests" method="RelativeSequentialArchiveTest_MaxArchiveFiles_0" time="1.6633088" result="Pass" />
      <test name="NLog.UnitTests.Targets.FileTargetTests.MaxArchiveFilesWithDate_in_sameDir(changeCreationAndWriteTime: True)" type="NLog.UnitTests.Targets.FileTargetTests" method="MaxArchiveFilesWithDate_in_sameDir" time="0.0438321" result="Pass" />
      <test name="NLog.UnitTests.Targets.FileTargetTests.MaxArchiveFilesWithDate_in_sameDir(changeCreationAndWriteTime: False)" type="NLog.UnitTests.Targets.FileTargetTests" method="MaxArchiveFilesWithDate_in_sameDir" time="0.0350968" result="Pass" />
      <test name="NLog.UnitTests.Targets.FileTargetTests.FileTarget_LogAndArchiveFilesWithSameName_ShouldArchive" type="NLog.UnitTests.Targets.FileTargetTests" method="FileTarget_LogAndArchiveFilesWithSameName_ShouldArchive" time="0.0330089" result="Pass" />
      <test name="NLog.UnitTests.Targets.FileTargetTests.SequentialArchiveTest_MaxArchiveFiles_0" type="NLog.UnitTests.Targets.FileTargetTests" method="SequentialArchiveTest_MaxArchiveFiles_0" time="0.7364579" result="Pass" />
      <test name="NLog.UnitTests.Targets.FileTargetTests.CreateDirsTest" type="NLog.UnitTests.Targets.FileTargetTests" method="CreateDirsTest" time="0.0105399" result="Pass" />
      <test name="NLog.UnitTests.Targets.FileTargetTests.FileTarget_InvalidFileNameCorrection" type="NLog.UnitTests.Targets.FileTargetTests" method="FileTarget_InvalidFileNameCorrection" time="0.006595" result="Pass" />
      <test name="NLog.UnitTests.Targets.FileTargetTests.FileTarget_ArchiveNumbering_DateAndSequence_WithCompression" type="NLog.UnitTests.Targets.FileTargetTests" method="FileTarget_ArchiveNumbering_DateAndSequence_WithCompression" time="0.715336" result="Pass" />
      <test name="NLog.UnitTests.Targets.FileTargetTests.FileTarget_ArchiveNumbering_remove_correct_order" type="NLog.UnitTests.Targets.FileTargetTests" method="FileTarget_ArchiveNumbering_remove_correct_order" time="11.3353357" result="Pass" />
      <test name="NLog.UnitTests.Targets.FileTargetTests.DeleteArchiveFilesByDate_AlteredMaxArchive" type="NLog.UnitTests.Targets.FileTargetTests" method="DeleteArchiveFilesByDate_AlteredMaxArchive" time="0.4207052" result="Pass" />
      <test name="NLog.UnitTests.Targets.FileTargetTests.RelativeFileNaming_ShouldSuccess" type="NLog.UnitTests.Targets.FileTargetTests" method="RelativeFileNaming_ShouldSuccess" time="0.0210507" result="Pass" />
      <test name="NLog.UnitTests.Targets.FileTargetTests.DeleteArchiveFilesByDateWithDateName" type="NLog.UnitTests.Targets.FileTargetTests" method="DeleteArchiveFilesByDateWithDateName" time="0.2886296" result="Pass" />
      <test name="NLog.UnitTests.Targets.FileTargetTests.ArchiveFileRollsCorrectly" type="NLog.UnitTests.Targets.FileTargetTests" method="ArchiveFileRollsCorrectly" time="0.4640819" result="Pass" />
      <test name="NLog.UnitTests.Targets.FileTargetTests.RelativeFileNaming_DirectoryNavigation_ShouldSuccess" type="NLog.UnitTests.Targets.FileTargetTests" method="RelativeFileNaming_DirectoryNavigation_ShouldSuccess" time="0.0083957" result="Pass" />
      <test name="NLog.UnitTests.Targets.FileTargetTests.MaxArchiveFilesWithDate(changeCreationAndWriteTime: True)" type="NLog.UnitTests.Targets.FileTargetTests" method="MaxArchiveFilesWithDate" time="0.0385785" result="Pass" />
      <test name="NLog.UnitTests.Targets.FileTargetTests.MaxArchiveFilesWithDate(changeCreationAndWriteTime: False)" type="NLog.UnitTests.Targets.FileTargetTests" method="MaxArchiveFilesWithDate" time="0.0363129" result="Pass" />
      <test name="NLog.UnitTests.Targets.FileTargetTests.DisposingFileTarget_WhenNotIntialized_ShouldNotThrow" type="NLog.UnitTests.Targets.FileTargetTests" method="DisposingFileTarget_WhenNotIntialized_ShouldNotThrow" time="0.0004948" result="Pass" />
      <test name="NLog.UnitTests.Targets.FileTargetTests.DeleteArchiveFilesByDate" type="NLog.UnitTests.Targets.FileTargetTests" method="DeleteArchiveFilesByDate" time="0.2792592" result="Pass" />
      <test name="NLog.UnitTests.Targets.FileTargetTests.BatchErrorHandlingTest" type="NLog.UnitTests.Targets.FileTargetTests" method="BatchErrorHandlingTest" time="0.0069979" result="Pass" />
      <test name="NLog.UnitTests.Targets.FileTargetTests.RepeatingHeaderTest" type="NLog.UnitTests.Targets.FileTargetTests" method="RepeatingHeaderTest" time="0.0262638" result="Pass" />
      <test name="NLog.UnitTests.Targets.FileTargetTests.SingleArchiveFileRollsCorrectly" type="NLog.UnitTests.Targets.FileTargetTests" method="SingleArchiveFileRollsCorrectly" time="0.3830218" result="Pass" />
      <test name="NLog.UnitTests.Targets.FileTargetTests.BufferedMultiFileWrite" type="NLog.UnitTests.Targets.FileTargetTests" method="BufferedMultiFileWrite" time="0.3517161" result="Pass" />
      <test name="NLog.UnitTests.Targets.FileTargetTests.ArchiveFileOnStartTest" type="NLog.UnitTests.Targets.FileTargetTests" method="ArchiveFileOnStartTest" time="0.0237301" result="Pass" />
      <test name="NLog.UnitTests.Targets.FileTargetTests.FileTarget_WithDateAndSequenceArchiveNumbering_ShouldRespectArchiveDateFormat(archiveDateFormat: &quot;yyyy-MM-dd HHmm&quot;)" type="NLog.UnitTests.Targets.FileTargetTests" method="FileTarget_WithDateAndSequenceArchiveNumbering_ShouldRespectArchiveDateFormat" time="0.0122561" result="Pass" />
      <test name="NLog.UnitTests.Targets.FileTargetTests.FileTarget_WithDateAndSequenceArchiveNumbering_ShouldRespectArchiveDateFormat(archiveDateFormat: &quot;y&quot;)" type="NLog.UnitTests.Targets.FileTargetTests" method="FileTarget_WithDateAndSequenceArchiveNumbering_ShouldRespectArchiveDateFormat" time="0.011987" result="Pass" />
      <test name="NLog.UnitTests.Targets.FileTargetTests.FileTarget_WithDateAndSequenceArchiveNumbering_ShouldRespectArchiveDateFormat(archiveDateFormat: &quot;D&quot;)" type="NLog.UnitTests.Targets.FileTargetTests" method="FileTarget_WithDateAndSequenceArchiveNumbering_ShouldRespectArchiveDateFormat" time="0.0128197" result="Pass" />
      <test name="NLog.UnitTests.Targets.FileTargetTests.FileTarget_WithDateAndSequenceArchiveNumbering_ShouldPadSequenceNumberInArchiveFileName(placeHolderSharps: &quot;##&quot;, sequenceNumber: 0, expectedSequenceInArchiveFileName: &quot;00&quot;)" type="NLog.UnitTests.Targets.FileTargetTests" method="FileTarget_WithDateAndSequenceArchiveNumbering_ShouldPadSequenceNumberInArchiveFileName" time="0.011759" result="Pass" />
      <test name="NLog.UnitTests.Targets.FileTargetTests.FileTarget_WithDateAndSequenceArchiveNumbering_ShouldPadSequenceNumberInArchiveFileName(placeHolderSharps: &quot;###&quot;, sequenceNumber: 1, expectedSequenceInArchiveFileName: &quot;001&quot;)" type="NLog.UnitTests.Targets.FileTargetTests" method="FileTarget_WithDateAndSequenceArchiveNumbering_ShouldPadSequenceNumberInArchiveFileName" time="0.0115783" result="Pass" />
      <test name="NLog.UnitTests.Targets.FileTargetTests.FileTarget_WithDateAndSequenceArchiveNumbering_ShouldPadSequenceNumberInArchiveFileName(placeHolderSharps: &quot;#&quot;, sequenceNumber: 20, expectedSequenceInArchiveFileName: &quot;20&quot;)" type="NLog.UnitTests.Targets.FileTargetTests" method="FileTarget_WithDateAndSequenceArchiveNumbering_ShouldPadSequenceNumberInArchiveFileName" time="0.0497659" result="Pass" />
      <test name="NLog.UnitTests.Targets.FileTargetTests.DeleteFileOnStartTest" type="NLog.UnitTests.Targets.FileTargetTests" method="DeleteFileOnStartTest" time="0.0240156" result="Pass" />
      <test name="NLog.UnitTests.Targets.FileTargetTests.FileTarget_ArchiveNumbering_DateAndSequence" type="NLog.UnitTests.Targets.FileTargetTests" method="FileTarget_ArchiveNumbering_DateAndSequence" time="0.7461052" result="Pass" />
      <test name="NLog.UnitTests.Targets.FileTargetTests.DateArchive_SkipPeriod(timeKind: Utc, archivePeriod: Day, includeSequenceInArchive: True)" type="NLog.UnitTests.Targets.FileTargetTests" method="DateArchive_SkipPeriod" time="0.0144507" result="Pass" />
      <test name="NLog.UnitTests.Targets.FileTargetTests.DateArchive_SkipPeriod(timeKind: Utc, archivePeriod: Day, includeSequenceInArchive: False)" type="NLog.UnitTests.Targets.FileTargetTests" method="DateArchive_SkipPeriod" time="0.0102301" result="Pass" />
      <test name="NLog.UnitTests.Targets.FileTargetTests.DateArchive_SkipPeriod(timeKind: Utc, archivePeriod: Hour, includeSequenceInArchive: True)" type="NLog.UnitTests.Targets.FileTargetTests" method="DateArchive_SkipPeriod" time="0.0117916" result="Pass" />
      <test name="NLog.UnitTests.Targets.FileTargetTests.DateArchive_SkipPeriod(timeKind: Utc, archivePeriod: Hour, includeSequenceInArchive: False)" type="NLog.UnitTests.Targets.FileTargetTests" method="DateArchive_SkipPeriod" time="0.0111208" result="Pass" />
      <test name="NLog.UnitTests.Targets.FileTargetTests.DateArchive_SkipPeriod(timeKind: Local, archivePeriod: Day, includeSequenceInArchive: True)" type="NLog.UnitTests.Targets.FileTargetTests" method="DateArchive_SkipPeriod" time="0.0105916" result="Pass" />
      <test name="NLog.UnitTests.Targets.FileTargetTests.DateArchive_SkipPeriod(timeKind: Local, archivePeriod: Day, includeSequenceInArchive: False)" type="NLog.UnitTests.Targets.FileTargetTests" method="DateArchive_SkipPeriod" time="0.0124761" result="Pass" />
      <test name="NLog.UnitTests.Targets.FileTargetTests.DateArchive_SkipPeriod(timeKind: Local, archivePeriod: Hour, includeSequenceInArchive: True)" type="NLog.UnitTests.Targets.FileTargetTests" method="DateArchive_SkipPeriod" time="0.0109392" result="Pass" />
      <test name="NLog.UnitTests.Targets.FileTargetTests.DateArchive_SkipPeriod(timeKind: Local, archivePeriod: Hour, includeSequenceInArchive: False)" type="NLog.UnitTests.Targets.FileTargetTests" method="DateArchive_SkipPeriod" time="0.0102784" result="Pass" />
      <test name="NLog.UnitTests.Targets.FileTargetTests.DateArchive_UsesDateFromCurrentTimeSource(timeKind: Utc, concurrentWrites: True, keepFileOpen: True, networkWrites: True, includeSequenceInArchive: True)" type="NLog.UnitTests.Targets.FileTargetTests" method="DateArchive_UsesDateFromCurrentTimeSource" time="0.1013282" result="Pass" />
      <test name="NLog.UnitTests.Targets.FileTargetTests.DateArchive_UsesDateFromCurrentTimeSource(timeKind: Utc, concurrentWrites: True, keepFileOpen: True, networkWrites: True, includeSequenceInArchive: False)" type="NLog.UnitTests.Targets.FileTargetTests" method="DateArchive_UsesDateFromCurrentTimeSource" time="0.0911622" result="Pass" />
      <test name="NLog.UnitTests.Targets.FileTargetTests.DateArchive_UsesDateFromCurrentTimeSource(timeKind: Local, concurrentWrites: True, keepFileOpen: True, networkWrites: True, includeSequenceInArchive: True)" type="NLog.UnitTests.Targets.FileTargetTests" method="DateArchive_UsesDateFromCurrentTimeSource" time="0.0985413" result="Pass" />
      <test name="NLog.UnitTests.Targets.FileTargetTests.DateArchive_UsesDateFromCurrentTimeSource(timeKind: Local, concurrentWrites: True, keepFileOpen: True, networkWrites: True, includeSequenceInArchive: False)" type="NLog.UnitTests.Targets.FileTargetTests" method="DateArchive_UsesDateFromCurrentTimeSource" time="0.0849196" result="Pass" />
      <test name="NLog.UnitTests.Targets.FileTargetTests.DateArchive_UsesDateFromCurrentTimeSource(timeKind: Utc, concurrentWrites: True, keepFileOpen: True, networkWrites: False, includeSequenceInArchive: True)" type="NLog.UnitTests.Targets.FileTargetTests" method="DateArchive_UsesDateFromCurrentTimeSource" time="0.0981223" result="Pass" />
      <test name="NLog.UnitTests.Targets.FileTargetTests.DateArchive_UsesDateFromCurrentTimeSource(timeKind: Utc, concurrentWrites: True, keepFileOpen: True, networkWrites: False, includeSequenceInArchive: False)" type="NLog.UnitTests.Targets.FileTargetTests" method="DateArchive_UsesDateFromCurrentTimeSource" time="0.091644" result="Pass" />
      <test name="NLog.UnitTests.Targets.FileTargetTests.DateArchive_UsesDateFromCurrentTimeSource(timeKind: Local, concurrentWrites: True, keepFileOpen: True, networkWrites: False, includeSequenceInArchive: True)" type="NLog.UnitTests.Targets.FileTargetTests" method="DateArchive_UsesDateFromCurrentTimeSource" time="0.1003178" result="Pass" />
      <test name="NLog.UnitTests.Targets.FileTargetTests.DateArchive_UsesDateFromCurrentTimeSource(timeKind: Local, concurrentWrites: True, keepFileOpen: True, networkWrites: False, includeSequenceInArchive: False)" type="NLog.UnitTests.Targets.FileTargetTests" method="DateArchive_UsesDateFromCurrentTimeSource" time="0.0924187" result="Pass" />
      <test name="NLog.UnitTests.Targets.FileTargetTests.DateArchive_UsesDateFromCurrentTimeSource(timeKind: Utc, concurrentWrites: True, keepFileOpen: False, networkWrites: True, includeSequenceInArchive: True)" type="NLog.UnitTests.Targets.FileTargetTests" method="DateArchive_UsesDateFromCurrentTimeSource" time="0.0910426" result="Pass" />
      <test name="NLog.UnitTests.Targets.FileTargetTests.DateArchive_UsesDateFromCurrentTimeSource(timeKind: Utc, concurrentWrites: True, keepFileOpen: False, networkWrites: True, includeSequenceInArchive: False)" type="NLog.UnitTests.Targets.FileTargetTests" method="DateArchive_UsesDateFromCurrentTimeSource" time="0.1000996" result="Pass" />
      <test name="NLog.UnitTests.Targets.FileTargetTests.DateArchive_UsesDateFromCurrentTimeSource(timeKind: Local, concurrentWrites: True, keepFileOpen: False, networkWrites: True, includeSequenceInArchive: True)" type="NLog.UnitTests.Targets.FileTargetTests" method="DateArchive_UsesDateFromCurrentTimeSource" time="0.1083284" result="Pass" />
      <test name="NLog.UnitTests.Targets.FileTargetTests.DateArchive_UsesDateFromCurrentTimeSource(timeKind: Local, concurrentWrites: True, keepFileOpen: False, networkWrites: True, includeSequenceInArchive: False)" type="NLog.UnitTests.Targets.FileTargetTests" method="DateArchive_UsesDateFromCurrentTimeSource" time="0.0936384" result="Pass" />
      <test name="NLog.UnitTests.Targets.FileTargetTests.DateArchive_UsesDateFromCurrentTimeSource(timeKind: Utc, concurrentWrites: True, keepFileOpen: False, networkWrites: False, includeSequenceInArchive: True)" type="NLog.UnitTests.Targets.FileTargetTests" method="DateArchive_UsesDateFromCurrentTimeSource" time="0.091292" result="Pass" />
      <test name="NLog.UnitTests.Targets.FileTargetTests.DateArchive_UsesDateFromCurrentTimeSource(timeKind: Utc, concurrentWrites: True, keepFileOpen: False, networkWrites: False, includeSequenceInArchive: False)" type="NLog.UnitTests.Targets.FileTargetTests" method="DateArchive_UsesDateFromCurrentTimeSource" time="0.1052641" result="Pass" />
      <test name="NLog.UnitTests.Targets.FileTargetTests.DateArchive_UsesDateFromCurrentTimeSource(timeKind: Local, concurrentWrites: True, keepFileOpen: False, networkWrites: False, includeSequenceInArchive: True)" type="NLog.UnitTests.Targets.FileTargetTests" method="DateArchive_UsesDateFromCurrentTimeSource" time="0.0920444" result="Pass" />
      <test name="NLog.UnitTests.Targets.FileTargetTests.DateArchive_UsesDateFromCurrentTimeSource(timeKind: Local, concurrentWrites: True, keepFileOpen: False, networkWrites: False, includeSequenceInArchive: False)" type="NLog.UnitTests.Targets.FileTargetTests" method="DateArchive_UsesDateFromCurrentTimeSource" time="0.0879617" result="Pass" />
      <test name="NLog.UnitTests.Targets.FileTargetTests.DateArchive_UsesDateFromCurrentTimeSource(timeKind: Utc, concurrentWrites: False, keepFileOpen: True, networkWrites: True, includeSequenceInArchive: True)" type="NLog.UnitTests.Targets.FileTargetTests" method="DateArchive_UsesDateFromCurrentTimeSource" time="0.0887528" result="Pass" />
      <test name="NLog.UnitTests.Targets.FileTargetTests.DateArchive_UsesDateFromCurrentTimeSource(timeKind: Utc, concurrentWrites: False, keepFileOpen: True, networkWrites: True, includeSequenceInArchive: False)" type="NLog.UnitTests.Targets.FileTargetTests" method="DateArchive_UsesDateFromCurrentTimeSource" time="0.0894079" result="Pass" />
      <test name="NLog.UnitTests.Targets.FileTargetTests.DateArchive_UsesDateFromCurrentTimeSource(timeKind: Local, concurrentWrites: False, keepFileOpen: True, networkWrites: True, includeSequenceInArchive: True)" type="NLog.UnitTests.Targets.FileTargetTests" method="DateArchive_UsesDateFromCurrentTimeSource" time="0.0932845" result="Pass" />
      <test name="NLog.UnitTests.Targets.FileTargetTests.DateArchive_UsesDateFromCurrentTimeSource(timeKind: Local, concurrentWrites: False, keepFileOpen: True, networkWrites: True, includeSequenceInArchive: False)" type="NLog.UnitTests.Targets.FileTargetTests" method="DateArchive_UsesDateFromCurrentTimeSource" time="0.0875774" result="Pass" />
      <test name="NLog.UnitTests.Targets.FileTargetTests.DateArchive_UsesDateFromCurrentTimeSource(timeKind: Utc, concurrentWrites: False, keepFileOpen: True, networkWrites: False, includeSequenceInArchive: True)" type="NLog.UnitTests.Targets.FileTargetTests" method="DateArchive_UsesDateFromCurrentTimeSource" time="0.0497499" result="Pass" />
      <test name="NLog.UnitTests.Targets.FileTargetTests.DateArchive_UsesDateFromCurrentTimeSource(timeKind: Utc, concurrentWrites: False, keepFileOpen: True, networkWrites: False, includeSequenceInArchive: False)" type="NLog.UnitTests.Targets.FileTargetTests" method="DateArchive_UsesDateFromCurrentTimeSource" time="0.0518026" result="Pass" />
      <test name="NLog.UnitTests.Targets.FileTargetTests.DateArchive_UsesDateFromCurrentTimeSource(timeKind: Local, concurrentWrites: False, keepFileOpen: True, networkWrites: False, includeSequenceInArchive: True)" type="NLog.UnitTests.Targets.FileTargetTests" method="DateArchive_UsesDateFromCurrentTimeSource" time="0.0461562" result="Pass" />
      <test name="NLog.UnitTests.Targets.FileTargetTests.DateArchive_UsesDateFromCurrentTimeSource(timeKind: Local, concurrentWrites: False, keepFileOpen: True, networkWrites: False, includeSequenceInArchive: False)" type="NLog.UnitTests.Targets.FileTargetTests" method="DateArchive_UsesDateFromCurrentTimeSource" time="0.054593" result="Pass" />
      <test name="NLog.UnitTests.Targets.FileTargetTests.DateArchive_UsesDateFromCurrentTimeSource(timeKind: Utc, concurrentWrites: False, keepFileOpen: False, networkWrites: True, includeSequenceInArchive: True)" type="NLog.UnitTests.Targets.FileTargetTests" method="DateArchive_UsesDateFromCurrentTimeSource" time="0.0979951" result="Pass" />
      <test name="NLog.UnitTests.Targets.FileTargetTests.DateArchive_UsesDateFromCurrentTimeSource(timeKind: Utc, concurrentWrites: False, keepFileOpen: False, networkWrites: True, includeSequenceInArchive: False)" type="NLog.UnitTests.Targets.FileTargetTests" method="DateArchive_UsesDateFromCurrentTimeSource" time="0.0944081" result="Pass" />
      <test name="NLog.UnitTests.Targets.FileTargetTests.DateArchive_UsesDateFromCurrentTimeSource(timeKind: Local, concurrentWrites: False, keepFileOpen: False, networkWrites: True, includeSequenceInArchive: True)" type="NLog.UnitTests.Targets.FileTargetTests" method="DateArchive_UsesDateFromCurrentTimeSource" time="0.0876131" result="Pass" />
      <test name="NLog.UnitTests.Targets.FileTargetTests.DateArchive_UsesDateFromCurrentTimeSource(timeKind: Local, concurrentWrites: False, keepFileOpen: False, networkWrites: True, includeSequenceInArchive: False)" type="NLog.UnitTests.Targets.FileTargetTests" method="DateArchive_UsesDateFromCurrentTimeSource" time="0.085348" result="Pass" />
      <test name="NLog.UnitTests.Targets.FileTargetTests.DateArchive_UsesDateFromCurrentTimeSource(timeKind: Utc, concurrentWrites: False, keepFileOpen: False, networkWrites: False, includeSequenceInArchive: True)" type="NLog.UnitTests.Targets.FileTargetTests" method="DateArchive_UsesDateFromCurrentTimeSource" time="0.0889817" result="Pass" />
      <test name="NLog.UnitTests.Targets.FileTargetTests.DateArchive_UsesDateFromCurrentTimeSource(timeKind: Utc, concurrentWrites: False, keepFileOpen: False, networkWrites: False, includeSequenceInArchive: False)" type="NLog.UnitTests.Targets.FileTargetTests" method="DateArchive_UsesDateFromCurrentTimeSource" time="0.0870852" result="Pass" />
      <test name="NLog.UnitTests.Targets.FileTargetTests.DateArchive_UsesDateFromCurrentTimeSource(timeKind: Local, concurrentWrites: False, keepFileOpen: False, networkWrites: False, includeSequenceInArchive: True)" type="NLog.UnitTests.Targets.FileTargetTests" method="DateArchive_UsesDateFromCurrentTimeSource" time="0.0884476" result="Pass" />
      <test name="NLog.UnitTests.Targets.FileTargetTests.DateArchive_UsesDateFromCurrentTimeSource(timeKind: Local, concurrentWrites: False, keepFileOpen: False, networkWrites: False, includeSequenceInArchive: False)" type="NLog.UnitTests.Targets.FileTargetTests" method="DateArchive_UsesDateFromCurrentTimeSource" time="0.0893535" result="Pass" />
      <test name="NLog.UnitTests.Targets.FileTargetTests.MultiFileWrite" type="NLog.UnitTests.Targets.FileTargetTests" method="MultiFileWrite" time="0.5483147" result="Pass" />
      <test name="NLog.UnitTests.Targets.FileTargetTests.MaxArchiveFilesWithDate_only_date2(changeCreationAndWriteTime: True)" type="NLog.UnitTests.Targets.FileTargetTests" method="MaxArchiveFilesWithDate_only_date2" time="0.038753" result="Pass" />
      <test name="NLog.UnitTests.Targets.FileTargetTests.MaxArchiveFilesWithDate_only_date2(changeCreationAndWriteTime: False)" type="NLog.UnitTests.Targets.FileTargetTests" method="MaxArchiveFilesWithDate_only_date2" time="0.0310267" result="Pass" />
      <test name="NLog.UnitTests.Targets.FileTargetTests.MaxArchiveFilesWithDate_only_date(changeCreationAndWriteTime: True)" type="NLog.UnitTests.Targets.FileTargetTests" method="MaxArchiveFilesWithDate_only_date" time="0.0406081" result="Pass" />
      <test name="NLog.UnitTests.Targets.FileTargetTests.MaxArchiveFilesWithDate_only_date(changeCreationAndWriteTime: False)" type="NLog.UnitTests.Targets.FileTargetTests" method="MaxArchiveFilesWithDate_only_date" time="0.0344716" result="Pass" />
      <test name="NLog.UnitTests.Targets.FileTargetTests.AsyncMultiFileWrite" type="NLog.UnitTests.Targets.FileTargetTests" method="AsyncMultiFileWrite" time="0.0017331" result="Fail">
        <failure exception-type="System.ArgumentException">
          <message><![CDATA[System.ArgumentException : LayoutRenderer cannot be found: 'threadid']]></message>
          <stack-trace><![CDATA[   at NLog.Config.Factory`2.CreateInstance(String name) in C:\Users\vlaine\Source\Repos\NLog\src\NLog\Config\Factory.cs:line 199
   at NLog.Layouts.LayoutParser.ParseLayoutRenderer(ConfigurationItemFactory configurationItemFactory, SimpleStringReader sr) in C:\Users\vlaine\Source\Repos\NLog\src\NLog\Layouts\LayoutParser.cs:line 345
   at NLog.Layouts.LayoutParser.CompileLayout(ConfigurationItemFactory configurationItemFactory, SimpleStringReader sr, Boolean isNested, String& text) in C:\Users\vlaine\Source\Repos\NLog\src\NLog\Layouts\LayoutParser.cs:line 108
   at NLog.Layouts.SimpleLayout.set_Text(String value) in C:\Users\vlaine\Source\Repos\NLog\src\NLog\Layouts\SimpleLayout.cs:line 119
   at NLog.Layouts.SimpleLayout..ctor(String txt, ConfigurationItemFactory configurationItemFactory) in C:\Users\vlaine\Source\Repos\NLog\src\NLog\Layouts\SimpleLayout.cs:line 88
   at NLog.Layouts.Layout.FromString(String layoutText, ConfigurationItemFactory configurationItemFactory) in C:\Users\vlaine\Source\Repos\NLog\src\NLog\Layouts\Layout.cs:line 96
   at NLog.Layouts.Layout.FromString(String layoutText) in C:\Users\vlaine\Source\Repos\NLog\src\NLog\Layouts\Layout.cs:line 85
   at NLog.Layouts.Layout.op_Implicit(String text) in C:\Users\vlaine\Source\Repos\NLog\src\NLog\Layouts\Layout.cs:line 75
   at NLog.UnitTests.Targets.FileTargetTests.AsyncMultiFileWrite() in C:\Users\vlaine\Source\Repos\NLog\tests\NLog.UnitTests\Targets\FileTargetTests.cs:line 1442]]></stack-trace>
        </failure>
      </test>
      <test name="NLog.UnitTests.Targets.FileTargetTests.ArchiveFileRollsCorrectly_ExistingArchives" type="NLog.UnitTests.Targets.FileTargetTests" method="ArchiveFileRollsCorrectly_ExistingArchives" time="0.3147637" result="Pass" />
      <test name="NLog.UnitTests.Targets.FileTargetTests.DateArchive_ArchiveOnceOnly(concurrentWrites: True, keepFileOpen: True, networkWrites: True, includeSequenceInArchive: True)" type="NLog.UnitTests.Targets.FileTargetTests" method="DateArchive_ArchiveOnceOnly" time="0.0129456" result="Pass" />
      <test name="NLog.UnitTests.Targets.FileTargetTests.DateArchive_ArchiveOnceOnly(concurrentWrites: True, keepFileOpen: True, networkWrites: True, includeSequenceInArchive: False)" type="NLog.UnitTests.Targets.FileTargetTests" method="DateArchive_ArchiveOnceOnly" time="0.0116885" result="Pass" />
      <test name="NLog.UnitTests.Targets.FileTargetTests.DateArchive_ArchiveOnceOnly(concurrentWrites: True, keepFileOpen: True, networkWrites: False, includeSequenceInArchive: True)" type="NLog.UnitTests.Targets.FileTargetTests" method="DateArchive_ArchiveOnceOnly" time="0.0118242" result="Pass" />
      <test name="NLog.UnitTests.Targets.FileTargetTests.DateArchive_ArchiveOnceOnly(concurrentWrites: True, keepFileOpen: True, networkWrites: False, includeSequenceInArchive: False)" type="NLog.UnitTests.Targets.FileTargetTests" method="DateArchive_ArchiveOnceOnly" time="0.0109396" result="Pass" />
      <test name="NLog.UnitTests.Targets.FileTargetTests.DateArchive_ArchiveOnceOnly(concurrentWrites: True, keepFileOpen: False, networkWrites: True, includeSequenceInArchive: True)" type="NLog.UnitTests.Targets.FileTargetTests" method="DateArchive_ArchiveOnceOnly" time="0.0121057" result="Pass" />
      <test name="NLog.UnitTests.Targets.FileTargetTests.DateArchive_ArchiveOnceOnly(concurrentWrites: True, keepFileOpen: False, networkWrites: True, includeSequenceInArchive: False)" type="NLog.UnitTests.Targets.FileTargetTests" method="DateArchive_ArchiveOnceOnly" time="0.0116916" result="Pass" />
      <test name="NLog.UnitTests.Targets.FileTargetTests.DateArchive_ArchiveOnceOnly(concurrentWrites: True, keepFileOpen: False, networkWrites: False, includeSequenceInArchive: True)" type="NLog.UnitTests.Targets.FileTargetTests" method="DateArchive_ArchiveOnceOnly" time="0.0114663" result="Pass" />
      <test name="NLog.UnitTests.Targets.FileTargetTests.DateArchive_ArchiveOnceOnly(concurrentWrites: True, keepFileOpen: False, networkWrites: False, includeSequenceInArchive: False)" type="NLog.UnitTests.Targets.FileTargetTests" method="DateArchive_ArchiveOnceOnly" time="0.0120415" result="Pass" />
      <test name="NLog.UnitTests.Targets.FileTargetTests.DateArchive_ArchiveOnceOnly(concurrentWrites: False, keepFileOpen: True, networkWrites: True, includeSequenceInArchive: True)" type="NLog.UnitTests.Targets.FileTargetTests" method="DateArchive_ArchiveOnceOnly" time="0.0114256" result="Pass" />
      <test name="NLog.UnitTests.Targets.FileTargetTests.DateArchive_ArchiveOnceOnly(concurrentWrites: False, keepFileOpen: True, networkWrites: True, includeSequenceInArchive: False)" type="NLog.UnitTests.Targets.FileTargetTests" method="DateArchive_ArchiveOnceOnly" time="0.0113132" result="Pass" />
      <test name="NLog.UnitTests.Targets.FileTargetTests.DateArchive_ArchiveOnceOnly(concurrentWrites: False, keepFileOpen: False, networkWrites: True, includeSequenceInArchive: True)" type="NLog.UnitTests.Targets.FileTargetTests" method="DateArchive_ArchiveOnceOnly" time="0.0107772" result="Pass" />
      <test name="NLog.UnitTests.Targets.FileTargetTests.DateArchive_ArchiveOnceOnly(concurrentWrites: False, keepFileOpen: False, networkWrites: True, includeSequenceInArchive: False)" type="NLog.UnitTests.Targets.FileTargetTests" method="DateArchive_ArchiveOnceOnly" time="0.0107125" result="Pass" />
      <test name="NLog.UnitTests.Targets.FileTargetTests.DateArchive_ArchiveOnceOnly(concurrentWrites: False, keepFileOpen: False, networkWrites: False, includeSequenceInArchive: True)" type="NLog.UnitTests.Targets.FileTargetTests" method="DateArchive_ArchiveOnceOnly" time="0.0121133" result="Pass" />
      <test name="NLog.UnitTests.Targets.FileTargetTests.DateArchive_ArchiveOnceOnly(concurrentWrites: False, keepFileOpen: False, networkWrites: False, includeSequenceInArchive: False)" type="NLog.UnitTests.Targets.FileTargetTests" method="DateArchive_ArchiveOnceOnly" time="0.0134494" result="Pass" />
      <test name="NLog.UnitTests.Targets.FileTargetTests.SimpleFileTest(concurrentWrites: True, keepFileOpen: True, networkWrites: True)" type="NLog.UnitTests.Targets.FileTargetTests" method="SimpleFileTest" time="0.0080578" result="Pass" />
      <test name="NLog.UnitTests.Targets.FileTargetTests.SimpleFileTest(concurrentWrites: True, keepFileOpen: True, networkWrites: False)" type="NLog.UnitTests.Targets.FileTargetTests" method="SimpleFileTest" time="0.0068244" result="Pass" />
      <test name="NLog.UnitTests.Targets.FileTargetTests.SimpleFileTest(concurrentWrites: True, keepFileOpen: False, networkWrites: True)" type="NLog.UnitTests.Targets.FileTargetTests" method="SimpleFileTest" time="0.0079458" result="Pass" />
      <test name="NLog.UnitTests.Targets.FileTargetTests.SimpleFileTest(concurrentWrites: True, keepFileOpen: False, networkWrites: False)" type="NLog.UnitTests.Targets.FileTargetTests" method="SimpleFileTest" time="0.0065271" result="Pass" />
      <test name="NLog.UnitTests.Targets.FileTargetTests.SimpleFileTest(concurrentWrites: False, keepFileOpen: True, networkWrites: True)" type="NLog.UnitTests.Targets.FileTargetTests" method="SimpleFileTest" time="0.0076598" result="Pass" />
      <test name="NLog.UnitTests.Targets.FileTargetTests.SimpleFileTest(concurrentWrites: False, keepFileOpen: True, networkWrites: False)" type="NLog.UnitTests.Targets.FileTargetTests" method="SimpleFileTest" time="0.0080775" result="Pass" />
      <test name="NLog.UnitTests.Targets.FileTargetTests.SimpleFileTest(concurrentWrites: False, keepFileOpen: False, networkWrites: True)" type="NLog.UnitTests.Targets.FileTargetTests" method="SimpleFileTest" time="0.0075572" result="Pass" />
      <test name="NLog.UnitTests.Targets.FileTargetTests.SimpleFileTest(concurrentWrites: False, keepFileOpen: False, networkWrites: False)" type="NLog.UnitTests.Targets.FileTargetTests" method="SimpleFileTest" time="0.0069395" result="Pass" />
      <test name="NLog.UnitTests.Targets.FileTargetTests.CsvHeaderTest" type="NLog.UnitTests.Targets.FileTargetTests" method="CsvHeaderTest" time="0.0216434" result="Pass" />
      <test name="NLog.UnitTests.Targets.FileTargetTests.FileTarget_WithArchiveFileNameEndingInNumberPlaceholder_ShouldArchiveFile(slash: &quot;/&quot;)" type="NLog.UnitTests.Targets.FileTargetTests" method="FileTarget_WithArchiveFileNameEndingInNumberPlaceholder_ShouldArchiveFile" time="0.0697565" result="Pass" />
      <test name="NLog.UnitTests.Targets.FileTargetTests.FileTarget_WithArchiveFileNameEndingInNumberPlaceholder_ShouldArchiveFile(slash: &quot;\&quot;)" type="NLog.UnitTests.Targets.FileTargetTests" method="FileTarget_WithArchiveFileNameEndingInNumberPlaceholder_ShouldArchiveFile" time="0.0658572" result="Pass" />
      <test name="NLog.UnitTests.Targets.FileTargetTests.ArchiveAboveSizeWithArchiveNumberingModeDate_maxfiles_o" type="NLog.UnitTests.Targets.FileTargetTests" method="ArchiveAboveSizeWithArchiveNumberingModeDate_maxfiles_o" time="0" result="Skip">
        <reason><![CDATA[this is not supported, because we cannot create multiple archive files with  ArchiveNumberingMode.Date (for one day)]]></reason>
      </test>
      <test name="NLog.UnitTests.Targets.FileTargetTests.SequentialArchiveTest" type="NLog.UnitTests.Targets.FileTargetTests" method="SequentialArchiveTest" time="0.6609558" result="Pass" />
      <test name="NLog.UnitTests.Targets.LineEndingModeTests.LineEndingModeInequalityTest" type="NLog.UnitTests.Targets.LineEndingModeTests" method="LineEndingModeInequalityTest" time="0.0016185" result="Pass" />
      <test name="NLog.UnitTests.Targets.LineEndingModeTests.LineEndingModeToStringTest" type="NLog.UnitTests.Targets.LineEndingModeTests" method="LineEndingModeToStringTest" time="0.0023062" result="Pass" />
      <test name="NLog.UnitTests.Targets.LineEndingModeTests.LineEndingModeNullComparison" type="NLog.UnitTests.Targets.LineEndingModeTests" method="LineEndingModeNullComparison" time="0.0009129" result="Pass" />
      <test name="NLog.UnitTests.Targets.LineEndingModeTests.LineEndingModeEqualityTest" type="NLog.UnitTests.Targets.LineEndingModeTests" method="LineEndingModeEqualityTest" time="0.0008281" result="Pass" />
      <test name="NLog.UnitTests.Targets.MemoryTargetTests.MemoryTarget_ClearLogsTest" type="NLog.UnitTests.Targets.MemoryTargetTests" method="MemoryTarget_ClearLogsTest" time="0.0144566" result="Pass" />
      <test name="NLog.UnitTests.Targets.MemoryTargetTests.MemoryTarget_EmptyMessageTest" type="NLog.UnitTests.Targets.MemoryTargetTests" method="MemoryTarget_EmptyMessageTest" time="0.0123239" result="Pass" />
      <test name="NLog.UnitTests.Targets.MemoryTargetTests.MemoryTarget_ReconfigureTest_SameTarget_ExpectLogsEmptied" type="NLog.UnitTests.Targets.MemoryTargetTests" method="MemoryTarget_ReconfigureTest_SameTarget_ExpectLogsEmptied" time="0.0286557" result="Pass" />
      <test name="NLog.UnitTests.Targets.MemoryTargetTests.MemoryTarget_LogLevelTest" type="NLog.UnitTests.Targets.MemoryTargetTests" method="MemoryTarget_LogLevelTest" time="0.0149527" result="Pass" />
      <test name="NLog.UnitTests.Targets.MemoryTargetTests.MemoryTarget_NullMessageTest" type="NLog.UnitTests.Targets.MemoryTargetTests" method="MemoryTarget_NullMessageTest" time="0.014457" result="Pass" />
      <test name="NLog.UnitTests.Targets.TargetTests.FlushTest" type="NLog.UnitTests.Targets.TargetTests" method="FlushTest" time="0.0087669" result="Pass" />
      <test name="NLog.UnitTests.Targets.TargetTests.FlushOnClosedTargetTest" type="NLog.UnitTests.Targets.TargetTests" method="FlushOnClosedTargetTest" time="0.00158" result="Pass" />
      <test name="NLog.UnitTests.Targets.TargetTests.WriteOnClosedTargetTest" type="NLog.UnitTests.Targets.TargetTests" method="WriteOnClosedTargetTest" time="0.0016684" result="Pass" />
      <test name="NLog.UnitTests.Targets.TargetTests.WriteFormattedStringEvent_WithNullArgument" type="NLog.UnitTests.Targets.TargetTests" method="WriteFormattedStringEvent_WithNullArgument" time="0.0053313" result="Pass" />
      <test name="NLog.UnitTests.Targets.TargetTests.CloseWithoutInitializeTest" type="NLog.UnitTests.Targets.TargetTests" method="CloseWithoutInitializeTest" time="0.0004528" result="Pass" />
      <test name="NLog.UnitTests.Targets.TargetTests.DoubleInitializeTest" type="NLog.UnitTests.Targets.TargetTests" method="DoubleInitializeTest" time="0.0005649" result="Pass" />
      <test name="NLog.UnitTests.Targets.TargetTests.InitializeTest" type="NLog.UnitTests.Targets.TargetTests" method="InitializeTest" time="0.0054651" result="Pass" />
      <test name="NLog.UnitTests.Targets.TargetTests.GivenNullEvents_WhenWriteAsyncLogEvents_ThenNoExceptionAreThrown" type="NLog.UnitTests.Targets.TargetTests" method="GivenNullEvents_WhenWriteAsyncLogEvents_ThenNoExceptionAreThrown" time="0.0006844" result="Pass" />
      <test name="NLog.UnitTests.Targets.TargetTests.FlushWithoutInitializeTest" type="NLog.UnitTests.Targets.TargetTests" method="FlushWithoutInitializeTest" time="0.0008749" result="Pass" />
      <test name="NLog.UnitTests.Targets.TargetTests.InitializeFailedTest" type="NLog.UnitTests.Targets.TargetTests" method="InitializeFailedTest" time="0.0022825" result="Pass" />
      <test name="NLog.UnitTests.Targets.TargetTests.DoubleCloseTest" type="NLog.UnitTests.Targets.TargetTests" method="DoubleCloseTest" time="0.0006099" result="Pass" />
      <test name="NLog.UnitTests.Targets.TargetTests.WriteWithoutInitializeTest" type="NLog.UnitTests.Targets.TargetTests" method="WriteWithoutInitializeTest" time="0.0012717" result="Pass" />
      <test name="NLog.UnitTests.Targets.WebServiceTargetTests.WebserviceTest_httppost_utf8_default_no_bom" type="NLog.UnitTests.Targets.WebServiceTargetTests" method="WebserviceTest_httppost_utf8_default_no_bom" time="2.5862462" result="Pass" />
      <test name="NLog.UnitTests.Targets.WebServiceTargetTests.WebserviceTest_httppost_utf8_no_boml" type="NLog.UnitTests.Targets.WebServiceTargetTests" method="WebserviceTest_httppost_utf8_no_boml" time="0.1279638" result="Pass" />
      <test name="NLog.UnitTests.Targets.WebServiceTargetTests.WebserviceTest_httppost_utf8_with_bom" type="NLog.UnitTests.Targets.WebServiceTargetTests" method="WebserviceTest_httppost_utf8_with_bom" time="0.1351912" result="Pass" />
      <test name="NLog.UnitTests.Targets.WebServiceTargetTests.Stream_CopyWithOffset_test" type="NLog.UnitTests.Targets.WebServiceTargetTests" method="Stream_CopyWithOffset_test" time="0.0115394" result="Pass" />
      <test name="NLog.UnitTests.Targets.Wrappers.AsyncRequestQueueTests.AsyncRequestQueueClearTest" type="NLog.UnitTests.Targets.Wrappers.AsyncRequestQueueTests" method="AsyncRequestQueueClearTest" time="0.0040514" result="Pass" />
      <test name="NLog.UnitTests.Targets.Wrappers.AsyncRequestQueueTests.AsyncRequestQueueWithGrowBehaviorTest" type="NLog.UnitTests.Targets.Wrappers.AsyncRequestQueueTests" method="AsyncRequestQueueWithGrowBehaviorTest" time="0.001277" result="Pass" />
      <test name="NLog.UnitTests.Targets.Wrappers.AsyncRequestQueueTests.AsyncRequestQueueWithDiscardBehaviorTest" type="NLog.UnitTests.Targets.Wrappers.AsyncRequestQueueTests" method="AsyncRequestQueueWithDiscardBehaviorTest" time="0.0010254" result="Pass" />
      <test name="NLog.UnitTests.Targets.Wrappers.AsyncTargetWrapperTests.FlushingMultipleTimesSimultaneous" type="NLog.UnitTests.Targets.Wrappers.AsyncTargetWrapperTests" method="FlushingMultipleTimesSimultaneous" time="2.0075339" result="Pass" />
      <test name="NLog.UnitTests.Targets.Wrappers.AsyncTargetWrapperTests.AsyncTargetWrapperInitTest" type="NLog.UnitTests.Targets.Wrappers.AsyncTargetWrapperTests" method="AsyncTargetWrapperInitTest" time="0.0024676" result="Pass" />
      <test name="NLog.UnitTests.Targets.Wrappers.AsyncTargetWrapperTests.AsyncTargetWrapperExceptionTest" type="NLog.UnitTests.Targets.Wrappers.AsyncTargetWrapperTests" method="AsyncTargetWrapperExceptionTest" time="0.004067" result="Pass" />
      <test name="NLog.UnitTests.Targets.Wrappers.AsyncTargetWrapperTests.AsyncTargetWrapperFlushTest" type="NLog.UnitTests.Targets.Wrappers.AsyncTargetWrapperTests" method="AsyncTargetWrapperFlushTest" time="0.0766796" result="Pass" />
      <test name="NLog.UnitTests.Targets.Wrappers.AsyncTargetWrapperTests.AsyncTargetWrapperAsyncTest1" type="NLog.UnitTests.Targets.Wrappers.AsyncTargetWrapperTests" method="AsyncTargetWrapperAsyncTest1" time="0.1254162" result="Pass" />
      <test name="NLog.UnitTests.Targets.Wrappers.AsyncTargetWrapperTests.AsyncTargetWrapperCloseTest" type="NLog.UnitTests.Targets.Wrappers.AsyncTargetWrapperTests" method="AsyncTargetWrapperCloseTest" time="0.0007206" result="Pass" />
      <test name="NLog.UnitTests.Targets.Wrappers.AsyncTargetWrapperTests.AsyncTargetWrapperInitTest2" type="NLog.UnitTests.Targets.Wrappers.AsyncTargetWrapperTests" method="AsyncTargetWrapperInitTest2" time="0.0003667" result="Pass" />
      <test name="NLog.UnitTests.Targets.Wrappers.AsyncTargetWrapperTests.AsyncTargetWrapperAsyncWithExceptionTest1" type="NLog.UnitTests.Targets.Wrappers.AsyncTargetWrapperTests" method="AsyncTargetWrapperAsyncWithExceptionTest1" time="0.1433861" result="Pass" />
      <test name="NLog.UnitTests.Targets.Wrappers.AutoFlushTargetWrapperTests.AutoFlushTargetWrapperSyncTest1" type="NLog.UnitTests.Targets.Wrappers.AutoFlushTargetWrapperTests" method="AutoFlushTargetWrapperSyncTest1" time="0.0136011" result="Pass" />
      <test name="NLog.UnitTests.Targets.Wrappers.AutoFlushTargetWrapperTests.AutoFlushTargetWrapperAsyncTest1" type="NLog.UnitTests.Targets.Wrappers.AutoFlushTargetWrapperTests" method="AutoFlushTargetWrapperAsyncTest1" time="0.0117924" result="Pass" />
      <test name="NLog.UnitTests.Targets.Wrappers.AutoFlushTargetWrapperTests.AutoFlushTargetWrapperAsyncWithExceptionTest1" type="NLog.UnitTests.Targets.Wrappers.AutoFlushTargetWrapperTests" method="AutoFlushTargetWrapperAsyncWithExceptionTest1" time="0.0051661" result="Pass" />
      <test name="NLog.UnitTests.Targets.Wrappers.BufferingTargetWrapperTests.WhenWrappedTargetThrowsExceptionThisIsHandled" type="NLog.UnitTests.Targets.Wrappers.BufferingTargetWrapperTests" method="WhenWrappedTargetThrowsExceptionThisIsHandled" time="0.0122958" result="Pass" />
      <test name="NLog.UnitTests.Targets.Wrappers.FallbackGroupTargetTests.FallbackGroupTargetSyncTest5" type="NLog.UnitTests.Targets.Wrappers.FallbackGroupTargetTests" method="FallbackGroupTargetSyncTest5" time="0.0402243" result="Pass" />
      <test name="NLog.UnitTests.Targets.Wrappers.FallbackGroupTargetTests.FirstTargetWorks_Write_AllEventsAreWrittenToFirstTarget" type="NLog.UnitTests.Targets.Wrappers.FallbackGroupTargetTests" method="FirstTargetWorks_Write_AllEventsAreWrittenToFirstTarget" time="0.0026372" result="Pass" />
      <test name="NLog.UnitTests.Targets.Wrappers.FallbackGroupTargetTests.FallbackGroupTargetSyncTest6" type="NLog.UnitTests.Targets.Wrappers.FallbackGroupTargetTests" method="FallbackGroupTargetSyncTest6" time="0.0055757" result="Pass" />
      <test name="NLog.UnitTests.Targets.Wrappers.FallbackGroupTargetTests.ReturnToFirstOnSuccessAndSecondTargetSucceeds_Write_ReturnToFirstTargetOnSuccess" type="NLog.UnitTests.Targets.Wrappers.FallbackGroupTargetTests" method="ReturnToFirstOnSuccessAndSecondTargetSucceeds_Write_ReturnToFirstTargetOnSuccess" time="0.0017394" result="Pass" />
      <test name="NLog.UnitTests.Targets.Wrappers.FallbackGroupTargetTests.FirstTwoTargetsFails_Write_ThirdTargetWritesAllEvents" type="NLog.UnitTests.Targets.Wrappers.FallbackGroupTargetTests" method="FirstTwoTargetsFails_Write_ThirdTargetWritesAllEvents" time="0.0021896" result="Pass" />
      <test name="NLog.UnitTests.Targets.Wrappers.FallbackGroupTargetTests.FirstTargetFails_Write_SecondTargetWritesAllEvents" type="NLog.UnitTests.Targets.Wrappers.FallbackGroupTargetTests" method="FirstTargetFails_Write_SecondTargetWritesAllEvents" time="0.0020156" result="Pass" />
      <test name="NLog.UnitTests.Targets.Wrappers.FilteringTargetWrapperTests.FilteringTargetWrapperAsyncWithExceptionTest2" type="NLog.UnitTests.Targets.Wrappers.FilteringTargetWrapperTests" method="FilteringTargetWrapperAsyncWithExceptionTest2" time="0.0077754" result="Pass" />
      <test name="NLog.UnitTests.Targets.Wrappers.FilteringTargetWrapperTests.FilteringTargetWrapperSyncTest2" type="NLog.UnitTests.Targets.Wrappers.FilteringTargetWrapperTests" method="FilteringTargetWrapperSyncTest2" time="0.0046221" result="Pass" />
      <test name="NLog.UnitTests.Targets.Wrappers.FilteringTargetWrapperTests.FilteringTargetWrapperAsyncTest2" type="NLog.UnitTests.Targets.Wrappers.FilteringTargetWrapperTests" method="FilteringTargetWrapperAsyncTest2" time="0.0025569" result="Pass" />
      <test name="NLog.UnitTests.Targets.Wrappers.FilteringTargetWrapperTests.FilteringTargetWrapperAsyncWithExceptionTest1" type="NLog.UnitTests.Targets.Wrappers.FilteringTargetWrapperTests" method="FilteringTargetWrapperAsyncWithExceptionTest1" time="0.0050604" result="Pass" />
      <test name="NLog.UnitTests.Targets.Wrappers.FilteringTargetWrapperTests.FilteringTargetWrapperSyncTest1" type="NLog.UnitTests.Targets.Wrappers.FilteringTargetWrapperTests" method="FilteringTargetWrapperSyncTest1" time="0.0024895" result="Pass" />
      <test name="NLog.UnitTests.Targets.Wrappers.FilteringTargetWrapperTests.FilteringTargetWrapperAsyncTest1" type="NLog.UnitTests.Targets.Wrappers.FilteringTargetWrapperTests" method="FilteringTargetWrapperAsyncTest1" time="0.0026394" result="Pass" />
      <test name="NLog.UnitTests.Targets.Wrappers.PostFilteringTargetWrapperTests.PostFilteringTargetWrapperUsingDefaultNonFilterTest" type="NLog.UnitTests.Targets.Wrappers.PostFilteringTargetWrapperTests" method="PostFilteringTargetWrapperUsingDefaultNonFilterTest" time="0.0484031" result="Pass" />
      <test name="NLog.UnitTests.Targets.Wrappers.PostFilteringTargetWrapperTests.PostFilteringTargetWrapperNoFiltersDefined" type="NLog.UnitTests.Targets.Wrappers.PostFilteringTargetWrapperTests" method="PostFilteringTargetWrapperNoFiltersDefined" time="0.0016702" result="Pass" />
      <test name="NLog.UnitTests.Targets.Wrappers.PostFilteringTargetWrapperTests.PostFilteringTargetWrapperUsingDefaultNonFilterTest2" type="NLog.UnitTests.Targets.Wrappers.PostFilteringTargetWrapperTests" method="PostFilteringTargetWrapperUsingDefaultNonFilterTest2" time="0.0025042" result="Pass" />
      <test name="NLog.UnitTests.Targets.Wrappers.PostFilteringTargetWrapperTests.PostFilteringTargetWrapperUsingDefaultFilterTest" type="NLog.UnitTests.Targets.Wrappers.PostFilteringTargetWrapperTests" method="PostFilteringTargetWrapperUsingDefaultFilterTest" time="0.0016867" result="Pass" />
      <test name="NLog.UnitTests.Targets.Wrappers.RandomizeGroupTargetTests.RandomizeGroupSyncTest1" type="NLog.UnitTests.Targets.Wrappers.RandomizeGroupTargetTests" method="RandomizeGroupSyncTest1" time="0.0030759" result="Pass" />
      <test name="NLog.UnitTests.Targets.Wrappers.RandomizeGroupTargetTests.RandomizeGroupSyncTest2" type="NLog.UnitTests.Targets.Wrappers.RandomizeGroupTargetTests" method="RandomizeGroupSyncTest2" time="0.0010598" result="Pass" />
      <test name="NLog.UnitTests.Targets.Wrappers.RepeatingTargetWrapperTests.RepeatingTargetWrapperTest1" type="NLog.UnitTests.Targets.Wrappers.RepeatingTargetWrapperTests" method="RepeatingTargetWrapperTest1" time="0.0047609" result="Pass" />
      <test name="NLog.UnitTests.Targets.Wrappers.RepeatingTargetWrapperTests.RepeatingTargetWrapperTest2" type="NLog.UnitTests.Targets.Wrappers.RepeatingTargetWrapperTests" method="RepeatingTargetWrapperTest2" time="0.0023141" result="Pass" />
      <test name="NLog.UnitTests.Targets.Wrappers.RetryingTargetWrapperTests.RetryingTargetWrapperTest1" type="NLog.UnitTests.Targets.Wrappers.RetryingTargetWrapperTests" method="RetryingTargetWrapperTest1" time="0.0038907" result="Pass" />
      <test name="NLog.UnitTests.Targets.Wrappers.RetryingTargetWrapperTests.RetryingTargetWrapperTest2" type="NLog.UnitTests.Targets.Wrappers.RetryingTargetWrapperTests" method="RetryingTargetWrapperTest2" time="0.0019982" result="Pass" />
      <test name="NLog.UnitTests.Targets.Wrappers.RoundRobinGroupTargetTests.RoundRobinGroupTargetSyncTest1" type="NLog.UnitTests.Targets.Wrappers.RoundRobinGroupTargetTests" method="RoundRobinGroupTargetSyncTest1" time="0.0063295" result="Pass" />
      <test name="NLog.UnitTests.Targets.Wrappers.RoundRobinGroupTargetTests.RoundRobinGroupTargetSyncTest2" type="NLog.UnitTests.Targets.Wrappers.RoundRobinGroupTargetTests" method="RoundRobinGroupTargetSyncTest2" time="0.0013056" result="Pass" />
      <test name="NLog.UnitTests.Targets.Wrappers.SplitGroupTargetTests.SplitGroupSyncTest2" type="NLog.UnitTests.Targets.Wrappers.SplitGroupTargetTests" method="SplitGroupSyncTest2" time="0.0030451" result="Pass" />
      <test name="NLog.UnitTests.Targets.Wrappers.SplitGroupTargetTests.SplitGroupSyncTest1" type="NLog.UnitTests.Targets.Wrappers.SplitGroupTargetTests" method="SplitGroupSyncTest1" time="0.0045017" result="Pass" />
      <test name="NLog.UnitTests.Targets.Wrappers.WrapperTargetBaseTests.WrapperTargetFlushTest" type="NLog.UnitTests.Targets.Wrappers.WrapperTargetBaseTests" method="WrapperTargetFlushTest" time="0.004429" result="Pass" />
      <test name="NLog.UnitTests.Targets.Wrappers.WrapperTargetBaseTests.WrapperTargetDefaultWriteTest" type="NLog.UnitTests.Targets.Wrappers.WrapperTargetBaseTests" method="WrapperTargetDefaultWriteTest" time="0.0011949" result="Pass" />
      <test name="NLog.UnitTests.Targets.Wrappers.WrapperTargetBaseTests.WrapperTargetToStringTest" type="NLog.UnitTests.Targets.Wrappers.WrapperTargetBaseTests" method="WrapperTargetToStringTest" time="0.0007375" result="Pass" />
      <test name="NLog.UnitTests.Layouts.AllEventPropertiesTests.CustomSeparator" type="NLog.UnitTests.Layouts.AllEventPropertiesTests" method="CustomSeparator" time="0.0087187" result="Pass" />
      <test name="NLog.UnitTests.Layouts.AllEventPropertiesTests.AllParametersAreSetToDefault" type="NLog.UnitTests.Layouts.AllEventPropertiesTests" method="AllParametersAreSetToDefault" time="0.0003979" result="Pass" />
      <test name="NLog.UnitTests.Layouts.AllEventPropertiesTests.TestInvalidCustomFormatWithoutValuePlaceholder" type="NLog.UnitTests.Layouts.AllEventPropertiesTests" method="TestInvalidCustomFormatWithoutValuePlaceholder" time="0.0008094" result="Pass" />
      <test name="NLog.UnitTests.Layouts.AllEventPropertiesTests.TestInvalidCustomFormatWithoutKeyPlaceholder" type="NLog.UnitTests.Layouts.AllEventPropertiesTests" method="TestInvalidCustomFormatWithoutKeyPlaceholder" time="0.0006706" result="Pass" />
      <test name="NLog.UnitTests.Layouts.AllEventPropertiesTests.CustomFormat" type="NLog.UnitTests.Layouts.AllEventPropertiesTests" method="CustomFormat" time="0.000261" result="Pass" />
      <test name="NLog.UnitTests.Layouts.AllEventPropertiesTests.AllEventWithFluent_without_callerInformation" type="NLog.UnitTests.Layouts.AllEventPropertiesTests" method="AllEventWithFluent_without_callerInformation" time="0.0068989" result="Pass" />
      <test name="NLog.UnitTests.Layouts.AllEventPropertiesTests.NoProperties" type="NLog.UnitTests.Layouts.AllEventPropertiesTests" method="NoProperties" time="0.000257" result="Pass" />
      <test name="NLog.UnitTests.Layouts.AllEventPropertiesTests.AllEventWithFluent_with_callerInformation" type="NLog.UnitTests.Layouts.AllEventPropertiesTests" method="AllEventWithFluent_with_callerInformation" time="0.0099906" result="Pass" />
      <test name="NLog.UnitTests.Layouts.CsvLayoutTests.CsvLayoutRenderingFullQuoting" type="NLog.UnitTests.Layouts.CsvLayoutTests" method="CsvLayoutRenderingFullQuoting" time="0.0128076" result="Pass" />
      <test name="NLog.UnitTests.Layouts.CsvLayoutTests.CsvLayoutRenderingNoQuoting" type="NLog.UnitTests.Layouts.CsvLayoutTests" method="CsvLayoutRenderingNoQuoting" time="0.0034025" result="Pass" />
      <test name="NLog.UnitTests.Layouts.CsvLayoutTests.CsvLayoutCachingTest" type="NLog.UnitTests.Layouts.CsvLayoutTests" method="CsvLayoutCachingTest" time="0.0012762" result="Pass" />
      <test name="NLog.UnitTests.Layouts.CsvLayoutTests.CsvLayoutRenderingAutoQuoting" type="NLog.UnitTests.Layouts.CsvLayoutTests" method="CsvLayoutRenderingAutoQuoting" time="0.0010923" result="Pass" />
      <test name="NLog.UnitTests.Layouts.JsonLayoutTests.JsonLayoutRenderingAndEncodingSpecialCharacters" type="NLog.UnitTests.Layouts.JsonLayoutTests" method="JsonLayoutRenderingAndEncodingSpecialCharacters" time="0.0048243" result="Pass" />
      <test name="NLog.UnitTests.Layouts.JsonLayoutTests.JsonLayoutRenderingAndEncodingLineBreaks" type="NLog.UnitTests.Layouts.JsonLayoutTests" method="JsonLayoutRenderingAndEncodingLineBreaks" time="0.0005751" result="Pass" />
      <test name="NLog.UnitTests.Layouts.JsonLayoutTests.JsonLayoutRenderingNoSpaces" type="NLog.UnitTests.Layouts.JsonLayoutTests" method="JsonLayoutRenderingNoSpaces" time="0.000726" result="Pass" />
      <test name="NLog.UnitTests.Layouts.JsonLayoutTests.JsonLayoutRenderingAndNotEncodingMessageAttribute" type="NLog.UnitTests.Layouts.JsonLayoutTests" method="JsonLayoutRenderingAndNotEncodingMessageAttribute" time="0.000572" result="Pass" />
      <test name="NLog.UnitTests.Layouts.JsonLayoutTests.JsonLayoutRendering" type="NLog.UnitTests.Layouts.JsonLayoutTests" method="JsonLayoutRendering" time="0.0005404" result="Pass" />
      <test name="NLog.UnitTests.Layouts.JsonLayoutTests.JsonLayoutRenderingAndEncodingMessageAttribute" type="NLog.UnitTests.Layouts.JsonLayoutTests" method="JsonLayoutRenderingAndEncodingMessageAttribute" time="0.0005532" result="Pass" />
      <test name="NLog.UnitTests.Layouts.SimpleLayoutOutputTests.SimpleLayoutToStringTest" type="NLog.UnitTests.Layouts.SimpleLayoutOutputTests" method="SimpleLayoutToStringTest" time="0.0018728" result="Pass" />
      <test name="NLog.UnitTests.Layouts.SimpleLayoutOutputTests.LayoutRendererThrows" type="NLog.UnitTests.Layouts.SimpleLayoutOutputTests" method="LayoutRendererThrows" time="0.0014547" result="Pass" />
      <test name="NLog.UnitTests.Layouts.SimpleLayoutOutputTests.LayoutInitTest1" type="NLog.UnitTests.Layouts.SimpleLayoutOutputTests" method="LayoutInitTest1" time="0.0014819" result="Pass" />
      <test name="NLog.UnitTests.Layouts.SimpleLayoutOutputTests.LayoutRendererThrows2" type="NLog.UnitTests.Layouts.SimpleLayoutOutputTests" method="LayoutRendererThrows2" time="0.0020312" result="Pass" />
      <test name="NLog.UnitTests.Layouts.SimpleLayoutOutputTests.VeryLongRendererOutput" type="NLog.UnitTests.Layouts.SimpleLayoutOutputTests" method="VeryLongRendererOutput" time="0.0102787" result="Pass" />
      <test name="NLog.UnitTests.Layouts.SimpleLayoutOutputTests.SimpleLayoutCachingTest" type="NLog.UnitTests.Layouts.SimpleLayoutOutputTests" method="SimpleLayoutCachingTest" time="0.0005586" result="Pass" />
      <test name="NLog.UnitTests.Layouts.SimpleLayoutOutputTests.LayoutInitTest2" type="NLog.UnitTests.Layouts.SimpleLayoutOutputTests" method="LayoutInitTest2" time="0.0006756" result="Pass" />
      <test name="NLog.UnitTests.Layouts.SimpleLayoutParserTests.DoubleNestedLayoutWithDefaultLayoutParametersTest" type="NLog.UnitTests.Layouts.SimpleLayoutParserTests" method="DoubleNestedLayoutWithDefaultLayoutParametersTest" time="0.0018371" result="Pass" />
      <test name="NLog.UnitTests.Layouts.SimpleLayoutParserTests.InnerLayoutWithHashTest_and_layoutrender" type="NLog.UnitTests.Layouts.SimpleLayoutParserTests" method="InnerLayoutWithHashTest_and_layoutrender" time="0.002162" result="Pass" />
      <test name="NLog.UnitTests.Layouts.SimpleLayoutParserTests.InnerLayoutWithSlashTest" type="NLog.UnitTests.Layouts.SimpleLayoutParserTests" method="InnerLayoutWithSlashTest" time="0.0004511" result="Pass" />
      <test name="NLog.UnitTests.Layouts.SimpleLayoutParserTests.InnerLayoutWithHashTest" type="NLog.UnitTests.Layouts.SimpleLayoutParserTests" method="InnerLayoutWithHashTest" time="0.0004747" result="Pass" />
      <test name="NLog.UnitTests.Layouts.SimpleLayoutParserTests.ReverseDoubleAmbientPropertyTest" type="NLog.UnitTests.Layouts.SimpleLayoutParserTests" method="ReverseDoubleAmbientPropertyTest" time="0.0015943" result="Pass" />
      <test name="NLog.UnitTests.Layouts.SimpleLayoutParserTests.InnerLayoutWithBracketsTest" type="NLog.UnitTests.Layouts.SimpleLayoutParserTests" method="InnerLayoutWithBracketsTest" time="0.0016689" result="Pass" />
      <test name="NLog.UnitTests.Layouts.SimpleLayoutParserTests.UnclosedTest" type="NLog.UnitTests.Layouts.SimpleLayoutParserTests" method="UnclosedTest" time="0.0004515" result="Pass" />
      <test name="NLog.UnitTests.Layouts.SimpleLayoutParserTests.InnerLayoutWithSlashSingleTest" type="NLog.UnitTests.Layouts.SimpleLayoutParserTests" method="InnerLayoutWithSlashSingleTest" time="0.000717" result="Pass" />
      <test name="NLog.UnitTests.Layouts.SimpleLayoutParserTests.InnerLayoutWithBracketsTest_needEscape" type="NLog.UnitTests.Layouts.SimpleLayoutParserTests" method="InnerLayoutWithBracketsTest_needEscape" time="0.0006144" result="Pass" />
      <test name="NLog.UnitTests.Layouts.SimpleLayoutParserTests.InnerLayoutWithColonTest_with_workaround" type="NLog.UnitTests.Layouts.SimpleLayoutParserTests" method="InnerLayoutWithColonTest_with_workaround" time="0.0010691" result="Pass" />
      <test name="NLog.UnitTests.Layouts.SimpleLayoutParserTests.InnerLayoutWithBracketsTest_needEscape3" type="NLog.UnitTests.Layouts.SimpleLayoutParserTests" method="InnerLayoutWithBracketsTest_needEscape3" time="0.0004899" result="Pass" />
      <test name="NLog.UnitTests.Layouts.SimpleLayoutParserTests.EvaluateTest2" type="NLog.UnitTests.Layouts.SimpleLayoutParserTests" method="EvaluateTest2" time="0.0007339" result="Pass" />
      <test name="NLog.UnitTests.Layouts.SimpleLayoutParserTests.AmbientPropertyTest" type="NLog.UnitTests.Layouts.SimpleLayoutParserTests" method="AmbientPropertyTest" time="0.0005876" result="Pass" />
      <test name="NLog.UnitTests.Layouts.SimpleLayoutParserTests.InnerLayoutWithBracketsTest2" type="NLog.UnitTests.Layouts.SimpleLayoutParserTests" method="InnerLayoutWithBracketsTest2" time="0.0004484" result="Pass" />
      <test name="NLog.UnitTests.Layouts.SimpleLayoutParserTests.EscapeTest" type="NLog.UnitTests.Layouts.SimpleLayoutParserTests" method="EscapeTest" time="0.0006707" result="Pass" />
      <test name="NLog.UnitTests.Layouts.SimpleLayoutParserTests.DoubleNestedLayoutTest" type="NLog.UnitTests.Layouts.SimpleLayoutParserTests" method="DoubleNestedLayoutTest" time="0.0007456" result="Pass" />
      <test name="NLog.UnitTests.Layouts.SimpleLayoutParserTests.InnerLayoutWithBracketsTest_reverse" type="NLog.UnitTests.Layouts.SimpleLayoutParserTests" method="InnerLayoutWithBracketsTest_reverse" time="0.0003997" result="Pass" />
      <test name="NLog.UnitTests.Layouts.SimpleLayoutParserTests.SimpleTest" type="NLog.UnitTests.Layouts.SimpleLayoutParserTests" method="SimpleTest" time="0.0002918" result="Pass" />
      <test name="NLog.UnitTests.Layouts.SimpleLayoutParserTests.MissingLayoutRendererTest" type="NLog.UnitTests.Layouts.SimpleLayoutParserTests" method="MissingLayoutRendererTest" time="0.0009629" result="Pass" />
      <test name="NLog.UnitTests.Layouts.SimpleLayoutParserTests.DoubleAmbientPropertyTest" type="NLog.UnitTests.Layouts.SimpleLayoutParserTests" method="DoubleAmbientPropertyTest" time="0.0007385" result="Pass" />
      <test name="NLog.UnitTests.Layouts.SimpleLayoutParserTests.EvaluateTest" type="NLog.UnitTests.Layouts.SimpleLayoutParserTests" method="EvaluateTest" time="0.000244" result="Pass" />
      <test name="NLog.UnitTests.Layouts.SimpleLayoutParserTests.InnerLayoutWithBracketsTest_needEscape4" type="NLog.UnitTests.Layouts.SimpleLayoutParserTests" method="InnerLayoutWithBracketsTest_needEscape4" time="0.0003752" result="Pass" />
      <test name="NLog.UnitTests.Layouts.SimpleLayoutParserTests.LayoutParserEscapeCodesForRegExTestV2" type="NLog.UnitTests.Layouts.SimpleLayoutParserTests" method="LayoutParserEscapeCodesForRegExTestV2" time="0.0119326" result="Pass" />
      <test name="NLog.UnitTests.Layouts.SimpleLayoutParserTests.InnerLayoutWithHashTest_need_escape" type="NLog.UnitTests.Layouts.SimpleLayoutParserTests" method="InnerLayoutWithHashTest_need_escape" time="0.0004462" result="Pass" />
      <test name="NLog.UnitTests.Layouts.SimpleLayoutParserTests.InnerLayoutWithColonTest" type="NLog.UnitTests.Layouts.SimpleLayoutParserTests" method="InnerLayoutWithColonTest" time="0.0004172" result="Pass" />
      <test name="NLog.UnitTests.Layouts.SimpleLayoutParserTests.InnerLayoutWithBracketsTest_needEscape2" type="NLog.UnitTests.Layouts.SimpleLayoutParserTests" method="InnerLayoutWithBracketsTest_needEscape2" time="0.0004101" result="Pass" />
      <test name="NLog.UnitTests.Layouts.SimpleLayoutParserTests.InnerLayoutWithBracketsTest_needEscape5" type="NLog.UnitTests.Layouts.SimpleLayoutParserTests" method="InnerLayoutWithBracketsTest_needEscape5" time="0.0004176" result="Pass" />
      <test name="NLog.UnitTests.Layouts.SimpleLayoutParserTests.InnerLayoutWithBracketsTest_no_escape" type="NLog.UnitTests.Layouts.SimpleLayoutParserTests" method="InnerLayoutWithBracketsTest_no_escape" time="0.0004114" result="Pass" />
      <test name="NLog.UnitTests.Layouts.SimpleLayoutParserTests.LayoutParserEscapeCodesForRegExTestV1" type="NLog.UnitTests.Layouts.SimpleLayoutParserTests" method="LayoutParserEscapeCodesForRegExTestV1" time="0.0047172" result="Pass" />
      <test name="NLog.UnitTests.Layouts.SimpleLayoutParserTests.NestedLayoutTest" type="NLog.UnitTests.Layouts.SimpleLayoutParserTests" method="NestedLayoutTest" time="0.0008755" result="Pass" />
      <test name="NLog.UnitTests.Layouts.ThreadAgnosticTests.ThreadAgnosticAttributeTest" type="NLog.UnitTests.Layouts.ThreadAgnosticTests" method="ThreadAgnosticAttributeTest" time="0.0017781" result="Pass" />
      <test name="NLog.UnitTests.Layouts.ThreadAgnosticTests.AgnosticPlusAgnostic" type="NLog.UnitTests.Layouts.ThreadAgnosticTests" method="AgnosticPlusAgnostic" time="0.000555" result="Pass" />
      <test name="NLog.UnitTests.Layouts.ThreadAgnosticTests.DoubleWrapperOverAgnostic" type="NLog.UnitTests.Layouts.ThreadAgnosticTests" method="DoubleWrapperOverAgnostic" time="0.0012137" result="Pass" />
      <test name="NLog.UnitTests.Layouts.ThreadAgnosticTests.TripleWrapperOverAgnostic" type="NLog.UnitTests.Layouts.ThreadAgnosticTests" method="TripleWrapperOverAgnostic" time="0.000833" result="Pass" />
      <test name="NLog.UnitTests.Layouts.ThreadAgnosticTests.ComplexAgnosticWithCondition" type="NLog.UnitTests.Layouts.ThreadAgnosticTests" method="ComplexAgnosticWithCondition" time="0.002224" result="Pass" />
      <test name="NLog.UnitTests.Layouts.ThreadAgnosticTests.TripleWrapperOverNonAgnostic" type="NLog.UnitTests.Layouts.ThreadAgnosticTests" method="TripleWrapperOverNonAgnostic" time="0.0010223" result="Pass" />
      <test name="NLog.UnitTests.Layouts.ThreadAgnosticTests.CustomNotAgnosticTests" type="NLog.UnitTests.Layouts.ThreadAgnosticTests" method="CustomNotAgnosticTests" time="0.0011316" result="Pass" />
      <test name="NLog.UnitTests.Layouts.ThreadAgnosticTests.CsvNonAgnostic" type="NLog.UnitTests.Layouts.ThreadAgnosticTests" method="CsvNonAgnostic" time="0.0006746" result="Pass" />
      <test name="NLog.UnitTests.Layouts.ThreadAgnosticTests.WrapperOverAgnostic" type="NLog.UnitTests.Layouts.ThreadAgnosticTests" method="WrapperOverAgnostic" time="0.000398" result="Pass" />
      <test name="NLog.UnitTests.Layouts.ThreadAgnosticTests.AgnosticPlusNonAgnostic" type="NLog.UnitTests.Layouts.ThreadAgnosticTests" method="AgnosticPlusNonAgnostic" time="0.0002949" result="Pass" />
      <test name="NLog.UnitTests.Layouts.ThreadAgnosticTests.CustomAgnosticTests" type="NLog.UnitTests.Layouts.ThreadAgnosticTests" method="CustomAgnosticTests" time="0.0005671" result="Pass" />
      <test name="NLog.UnitTests.Layouts.ThreadAgnosticTests.ThreadAgnosticTest" type="NLog.UnitTests.Layouts.ThreadAgnosticTests" method="ThreadAgnosticTest" time="0.0002632" result="Pass" />
      <test name="NLog.UnitTests.Layouts.ThreadAgnosticTests.NonThreadAgnosticTest" type="NLog.UnitTests.Layouts.ThreadAgnosticTests" method="NonThreadAgnosticTest" time="0.000252" result="Pass" />
      <test name="NLog.UnitTests.Layouts.ThreadAgnosticTests.CsvThreadAgnostic" type="NLog.UnitTests.Layouts.ThreadAgnosticTests" method="CsvThreadAgnostic" time="0.0010482" result="Pass" />
      <test name="NLog.UnitTests.Layouts.ThreadAgnosticTests.ComplexNonAgnosticWithCondition" type="NLog.UnitTests.Layouts.ThreadAgnosticTests" method="ComplexNonAgnosticWithCondition" time="0.002058" result="Pass" />
      <test name="NLog.UnitTests.LayoutRenderers.CallSiteTests.MethodNameWithPaddingTestPadLeftAlignRightTest" type="NLog.UnitTests.LayoutRenderers.CallSiteTests" method="MethodNameWithPaddingTestPadLeftAlignRightTest" time="0.0214662" result="Pass" />
      <test name="NLog.UnitTests.LayoutRenderers.CallSiteTests.When_WrappedInCompsition_Ignore_Wrapper_Methods_In_Callstack" type="NLog.UnitTests.LayoutRenderers.CallSiteTests" method="When_WrappedInCompsition_Ignore_Wrapper_Methods_In_Callstack" time="0.0121088" result="Pass" />
      <test name="NLog.UnitTests.LayoutRenderers.CallSiteTests.GivenSkipFrameNotDefined_WhenLogging_ThenLogFirstUserStackFrame" type="NLog.UnitTests.LayoutRenderers.CallSiteTests" method="GivenSkipFrameNotDefined_WhenLogging_ThenLogFirstUserStackFrame" time="0.009787" result="Pass" />
      <test name="NLog.UnitTests.LayoutRenderers.CallSiteTests.When_Wrapped_Ignore_Wrapper_Methods_In_Callstack" type="NLog.UnitTests.LayoutRenderers.CallSiteTests" method="When_Wrapped_Ignore_Wrapper_Methods_In_Callstack" time="0.0130281" result="Pass" />
      <test name="NLog.UnitTests.LayoutRenderers.CallSiteTests.CallsiteBySubclass_interface" type="NLog.UnitTests.LayoutRenderers.CallSiteTests" method="CallsiteBySubclass_interface" time="0.015541" result="Pass" />
      <test name="NLog.UnitTests.LayoutRenderers.CallSiteTests.MethodNameWithPaddingTestPadLeftAlignLeftTest" type="NLog.UnitTests.LayoutRenderers.CallSiteTests" method="MethodNameWithPaddingTestPadLeftAlignLeftTest" time="0.0236247" result="Pass" />
      <test name="NLog.UnitTests.LayoutRenderers.CallSiteTests.MethodNameWithPaddingTestPadRightAlignRightTest" type="NLog.UnitTests.LayoutRenderers.CallSiteTests" method="MethodNameWithPaddingTestPadRightAlignRightTest" time="0.0291707" result="Pass" />
      <test name="NLog.UnitTests.LayoutRenderers.CallSiteTests.GivenOneSkipFrameDefined_WhenLogging_ShouldSkipOneUserStackFrame" type="NLog.UnitTests.LayoutRenderers.CallSiteTests" method="GivenOneSkipFrameDefined_WhenLogging_ShouldSkipOneUserStackFrame" time="0.0297762" result="Pass" />
      <test name="NLog.UnitTests.LayoutRenderers.CallSiteTests.CallsiteBySubclass_mylogger" type="NLog.UnitTests.LayoutRenderers.CallSiteTests" method="CallsiteBySubclass_mylogger" time="0.016665" result="Pass" />
      <test name="NLog.UnitTests.LayoutRenderers.CallSiteTests.MethodNameWithPaddingTestPadRightAlignLeftTest" type="NLog.UnitTests.LayoutRenderers.CallSiteTests" method="MethodNameWithPaddingTestPadRightAlignLeftTest" time="0.0199297" result="Pass" />
      <test name="NLog.UnitTests.LayoutRenderers.CallSiteTests.CallsiteBySubclass_logger" type="NLog.UnitTests.LayoutRenderers.CallSiteTests" method="CallsiteBySubclass_logger" time="0.0224203" result="Pass" />
      <test name="NLog.UnitTests.LayoutRenderers.CounterTests.LayoutCounterTest" type="NLog.UnitTests.LayoutRenderers.CounterTests" method="LayoutCounterTest" time="0.0235903" result="Pass" />
      <test name="NLog.UnitTests.LayoutRenderers.CounterTests.NamedCounterTest" type="NLog.UnitTests.LayoutRenderers.CounterTests" method="NamedCounterTest" time="0.0160041" result="Pass" />
      <test name="NLog.UnitTests.LayoutRenderers.CounterTests.PresetCounterTest" type="NLog.UnitTests.LayoutRenderers.CounterTests" method="PresetCounterTest" time="0.021592" result="Pass" />
      <test name="NLog.UnitTests.LayoutRenderers.CounterTests.DefaultCounterTest" type="NLog.UnitTests.LayoutRenderers.CounterTests" method="DefaultCounterTest" time="0.0230089" result="Pass" />
      <test name="NLog.UnitTests.LayoutRenderers.DateTests.LocalTimeTest" type="NLog.UnitTests.LayoutRenderers.DateTests" method="LocalTimeTest" time="0.0006938" result="Pass" />
      <test name="NLog.UnitTests.LayoutRenderers.DateTests.FormattedDateTest" type="NLog.UnitTests.LayoutRenderers.DateTests" method="FormattedDateTest" time="0.0165204" result="Pass" />
      <test name="NLog.UnitTests.LayoutRenderers.DateTests.DefaultDateTest" type="NLog.UnitTests.LayoutRenderers.DateTests" method="DefaultDateTest" time="0.01916" result="Pass" />
      <test name="NLog.UnitTests.LayoutRenderers.DateTests.UniversalTimeTest" type="NLog.UnitTests.LayoutRenderers.DateTests" method="UniversalTimeTest" time="0.0004792" result="Pass" />
      <test name="NLog.UnitTests.LayoutRenderers.EventContextTests.Test2" type="NLog.UnitTests.LayoutRenderers.EventContextTests" method="Test2" time="0.000514" result="Pass" />
      <test name="NLog.UnitTests.LayoutRenderers.EventContextTests.Test1" type="NLog.UnitTests.LayoutRenderers.EventContextTests" method="Test1" time="0.0002561" result="Pass" />
      <test name="NLog.UnitTests.LayoutRenderers.EventPropertiesTests.DateTimeFormat" type="NLog.UnitTests.LayoutRenderers.EventPropertiesTests" method="DateTimeFormat" time="0.0018344" result="Pass" />
      <test name="NLog.UnitTests.LayoutRenderers.EventPropertiesTests.Test2" type="NLog.UnitTests.LayoutRenderers.EventPropertiesTests" method="Test2" time="0.0004077" result="Pass" />
      <test name="NLog.UnitTests.LayoutRenderers.EventPropertiesTests.DateTimeCulture" type="NLog.UnitTests.LayoutRenderers.EventPropertiesTests" method="DateTimeCulture" time="0.0008487" result="Pass" />
      <test name="NLog.UnitTests.LayoutRenderers.EventPropertiesTests.Test1" type="NLog.UnitTests.LayoutRenderers.EventPropertiesTests" method="Test1" time="0.0002859" result="Pass" />
      <test name="NLog.UnitTests.LayoutRenderers.EventPropertiesTests.Null" type="NLog.UnitTests.LayoutRenderers.EventPropertiesTests" method="Null" time="0.0002846" result="Pass" />
      <test name="NLog.UnitTests.LayoutRenderers.EventPropertiesTests.DateTime" type="NLog.UnitTests.LayoutRenderers.EventPropertiesTests" method="DateTime" time="0.0003779" result="Pass" />
      <test name="NLog.UnitTests.LayoutRenderers.EventPropertiesTests.NoSet" type="NLog.UnitTests.LayoutRenderers.EventPropertiesTests" method="NoSet" time="0.0002582" result="Pass" />
      <test name="NLog.UnitTests.LayoutRenderers.ExceptionTests.ExceptionNewLineSeparatorTest" type="NLog.UnitTests.LayoutRenderers.ExceptionTests" method="ExceptionNewLineSeparatorTest" time="0.042937" result="Pass" />
      <test name="NLog.UnitTests.LayoutRenderers.ExceptionTests.ExcpetionTestAPI" type="NLog.UnitTests.LayoutRenderers.ExceptionTests" method="ExcpetionTestAPI" time="0.0171238" result="Pass" />
      <test name="NLog.UnitTests.LayoutRenderers.ExceptionTests.CustomInnerException_ObsoleteMethodTest" type="NLog.UnitTests.LayoutRenderers.ExceptionTests" method="CustomInnerException_ObsoleteMethodTest" time="0.0433351" result="Pass" />
      <test name="NLog.UnitTests.LayoutRenderers.ExceptionTests.ExceptionUsingInfoMethodTest" type="NLog.UnitTests.LayoutRenderers.ExceptionTests" method="ExceptionUsingInfoMethodTest" time="0.0510583" result="Pass" />
      <test name="NLog.UnitTests.LayoutRenderers.ExceptionTests.InnerExceptionTestAPI" type="NLog.UnitTests.LayoutRenderers.ExceptionTests" method="InnerExceptionTestAPI" time="0.0345382" result="Pass" />
      <test name="NLog.UnitTests.LayoutRenderers.ExceptionTests.ExceptionUsingFatalMethodTest" type="NLog.UnitTests.LayoutRenderers.ExceptionTests" method="ExceptionUsingFatalMethodTest" time="0.0289199" result="Pass" />
      <test name="NLog.UnitTests.LayoutRenderers.ExceptionTests.ErrorException_should_not_throw_exception_when_exception_message_property_throw_exception" type="NLog.UnitTests.LayoutRenderers.ExceptionTests" method="ErrorException_should_not_throw_exception_when_exception_message_property_throw_exception" time="0.0289261" result="Pass" />
      <test name="NLog.UnitTests.LayoutRenderers.ExceptionTests.CustomInnerExceptionTest" type="NLog.UnitTests.LayoutRenderers.ExceptionTests" method="CustomInnerExceptionTest" time="0.042962" result="Pass" />
      <test name="NLog.UnitTests.LayoutRenderers.ExceptionTests.ExceptionUsingTraceMethodTest" type="NLog.UnitTests.LayoutRenderers.ExceptionTests" method="ExceptionUsingTraceMethodTest" time="0.0448996" result="Pass" />
      <test name="NLog.UnitTests.LayoutRenderers.ExceptionTests.ExceptionWithoutStackTrace_ObsoleteMethodTest" type="NLog.UnitTests.LayoutRenderers.ExceptionTests" method="ExceptionWithoutStackTrace_ObsoleteMethodTest" time="0.0939303" result="Pass" />
      <test name="NLog.UnitTests.LayoutRenderers.ExceptionTests.ExceptionWithStackTrace_ObsoleteMethodTest" type="NLog.UnitTests.LayoutRenderers.ExceptionTests" method="ExceptionWithStackTrace_ObsoleteMethodTest" time="0.1762969" result="Pass" />
      <test name="NLog.UnitTests.LayoutRenderers.ExceptionTests.ExceptionWithoutMessageParam" type="NLog.UnitTests.LayoutRenderers.ExceptionTests" method="ExceptionWithoutMessageParam" time="0.2232413" result="Pass" />
      <test name="NLog.UnitTests.LayoutRenderers.ExceptionTests.ExceptionWithoutStackTraceTest" type="NLog.UnitTests.LayoutRenderers.ExceptionTests" method="ExceptionWithoutStackTraceTest" time="0.160792" result="Pass" />
      <test name="NLog.UnitTests.LayoutRenderers.ExceptionTests.CustomExceptionLayoutRendrerInnerExceptionTest" type="NLog.UnitTests.LayoutRenderers.ExceptionTests" method="CustomExceptionLayoutRendrerInnerExceptionTest" time="0.0998832" result="Pass" />
      <test name="NLog.UnitTests.LayoutRenderers.ExceptionTests.InnerExceptionTest" type="NLog.UnitTests.LayoutRenderers.ExceptionTests" method="InnerExceptionTest" time="0.0336376" result="Pass" />
      <test name="NLog.UnitTests.LayoutRenderers.ExceptionTests.ExceptionUsingErrorMethodTest" type="NLog.UnitTests.LayoutRenderers.ExceptionTests" method="ExceptionUsingErrorMethodTest" time="0.0273366" result="Pass" />
      <test name="NLog.UnitTests.LayoutRenderers.ExceptionTests.ExceptionUsingLogMethodTest" type="NLog.UnitTests.LayoutRenderers.ExceptionTests" method="ExceptionUsingLogMethodTest" time="0.037769" result="Pass" />
      <test name="NLog.UnitTests.LayoutRenderers.ExceptionTests.ExceptionWithStackTraceTest" type="NLog.UnitTests.LayoutRenderers.ExceptionTests" method="ExceptionWithStackTraceTest" time="0.0894976" result="Pass" />
      <test name="NLog.UnitTests.LayoutRenderers.ExceptionTests.ExceptionUsingWarnMethodTest" type="NLog.UnitTests.LayoutRenderers.ExceptionTests" method="ExceptionUsingWarnMethodTest" time="0.0964792" result="Pass" />
      <test name="NLog.UnitTests.LayoutRenderers.ExceptionTests.ExceptionUsingDebugMethodTest" type="NLog.UnitTests.LayoutRenderers.ExceptionTests" method="ExceptionUsingDebugMethodTest" time="0.041023" result="Pass" />
      <test name="NLog.UnitTests.LayoutRenderers.GDCTests.GDCTest" type="NLog.UnitTests.LayoutRenderers.GDCTests" method="GDCTest" time="0.0276954" result="Pass" />
      <test name="NLog.UnitTests.LayoutRenderers.LiteralTests.LiteralTest" type="NLog.UnitTests.LayoutRenderers.LiteralTests" method="LiteralTest" time="0.0166655" result="Pass" />
      <test name="NLog.UnitTests.LayoutRenderers.LoggerNameTests.LoggerNameTest" type="NLog.UnitTests.LayoutRenderers.LoggerNameTests" method="LoggerNameTest" time="0.0163366" result="Pass" />
      <test name="NLog.UnitTests.LayoutRenderers.LogLevelTests.LogLevelTest" type="NLog.UnitTests.LayoutRenderers.LogLevelTests" method="LogLevelTest" time="0.0182894" result="Pass" />
      <test name="NLog.UnitTests.LayoutRenderers.LongDateTests.LocalTimeTest" type="NLog.UnitTests.LayoutRenderers.LongDateTests" method="LocalTimeTest" time="0.0006501" result="Pass" />
      <test name="NLog.UnitTests.LayoutRenderers.LongDateTests.LongDateWithPaddingPadRightAlignLeft" type="NLog.UnitTests.LayoutRenderers.LongDateTests" method="LongDateWithPaddingPadRightAlignLeft" time="0.0216964" result="Pass" />
      <test name="NLog.UnitTests.LayoutRenderers.LongDateTests.LongDateWithPaddingPadLeftAlignLeft" type="NLog.UnitTests.LayoutRenderers.LongDateTests" method="LongDateWithPaddingPadLeftAlignLeft" time="0.0212591" result="Pass" />
      <test name="NLog.UnitTests.LayoutRenderers.LongDateTests.UniversalTimeTest" type="NLog.UnitTests.LayoutRenderers.LongDateTests" method="UniversalTimeTest" time="0.0003641" result="Pass" />
      <test name="NLog.UnitTests.LayoutRenderers.LongDateTests.LongDateWithPaddingPadLeftAlignRight" type="NLog.UnitTests.LayoutRenderers.LongDateTests" method="LongDateWithPaddingPadLeftAlignRight" time="0.0293974" result="Pass" />
      <test name="NLog.UnitTests.LayoutRenderers.LongDateTests.LongDateWithPaddingPadRightAlignRight" type="NLog.UnitTests.LayoutRenderers.LongDateTests" method="LongDateWithPaddingPadRightAlignRight" time="0.0215207" result="Pass" />
      <test name="NLog.UnitTests.LayoutRenderers.LongDateTests.LongDateTest" type="NLog.UnitTests.LayoutRenderers.LongDateTests" method="LongDateTest" time="0.0191734" result="Pass" />
      <test name="NLog.UnitTests.LayoutRenderers.MDCTests.MDCTest" type="NLog.UnitTests.LayoutRenderers.MDCTests" method="MDCTest" time="0.0208607" result="Pass" />
      <test name="NLog.UnitTests.LayoutRenderers.MessageTests.MessageFixedLengthRightPaddingLeftAlignmentTest" type="NLog.UnitTests.LayoutRenderers.MessageTests" method="MessageFixedLengthRightPaddingLeftAlignmentTest" time="0.0208633" result="Pass" />
      <test name="NLog.UnitTests.LayoutRenderers.MessageTests.MessageWithoutPaddingTest" type="NLog.UnitTests.LayoutRenderers.MessageTests" method="MessageWithoutPaddingTest" time="0.018504" result="Pass" />
      <test name="NLog.UnitTests.LayoutRenderers.MessageTests.MessageWithExceptionAndCustomSeparatorTest" type="NLog.UnitTests.LayoutRenderers.MessageTests" method="MessageWithExceptionAndCustomSeparatorTest" time="0.0161474" result="Pass" />
      <test name="NLog.UnitTests.LayoutRenderers.MessageTests.MessageWithExceptionTest" type="NLog.UnitTests.LayoutRenderers.MessageTests" method="MessageWithExceptionTest" time="0.0162335" result="Pass" />
      <test name="NLog.UnitTests.LayoutRenderers.MessageTests.MessageFixedLengthLeftPaddingRightAlignmentTest" type="NLog.UnitTests.LayoutRenderers.MessageTests" method="MessageFixedLengthLeftPaddingRightAlignmentTest" time="0.0187477" result="Pass" />
      <test name="NLog.UnitTests.LayoutRenderers.MessageTests.MessageFixedLengthLeftPaddingLeftAlignmentTest" type="NLog.UnitTests.LayoutRenderers.MessageTests" method="MessageFixedLengthLeftPaddingLeftAlignmentTest" time="0.0223413" result="Pass" />
      <test name="NLog.UnitTests.LayoutRenderers.MessageTests.MessageLeftPaddingTest" type="NLog.UnitTests.LayoutRenderers.MessageTests" method="MessageLeftPaddingTest" time="0.0212926" result="Pass" />
      <test name="NLog.UnitTests.LayoutRenderers.MessageTests.MessageFixedLengthRightPaddingRightAlignmentTest" type="NLog.UnitTests.LayoutRenderers.MessageTests" method="MessageFixedLengthRightPaddingRightAlignmentTest" time="0.0215737" result="Pass" />
      <test name="NLog.UnitTests.LayoutRenderers.MessageTests.MessageRightPaddingTest" type="NLog.UnitTests.LayoutRenderers.MessageTests" method="MessageRightPaddingTest" time="0.0230013" result="Pass" />
      <test name="NLog.UnitTests.LayoutRenderers.NDCTests.NDCTopTestTest" type="NLog.UnitTests.LayoutRenderers.NDCTests" method="NDCTopTestTest" time="0.0223454" result="Pass" />
      <test name="NLog.UnitTests.LayoutRenderers.NDCTests.NDCSeparatorTest" type="NLog.UnitTests.LayoutRenderers.NDCTests" method="NDCSeparatorTest" time="0.0184901" result="Pass" />
      <test name="NLog.UnitTests.LayoutRenderers.NDCTests.NDCTop1TestTest" type="NLog.UnitTests.LayoutRenderers.NDCTests" method="NDCTop1TestTest" time="0.0190016" result="Pass" />
      <test name="NLog.UnitTests.LayoutRenderers.NDCTests.NDCTest" type="NLog.UnitTests.LayoutRenderers.NDCTests" method="NDCTest" time="0.0192912" result="Pass" />
      <test name="NLog.UnitTests.LayoutRenderers.NDCTests.NDCBottomTest" type="NLog.UnitTests.LayoutRenderers.NDCTests" method="NDCBottomTest" time="0.0199691" result="Pass" />
      <test name="NLog.UnitTests.LayoutRenderers.Rot13Tests.Test2" type="NLog.UnitTests.LayoutRenderers.Rot13Tests" method="Test2" time="0.0011459" result="Pass" />
      <test name="NLog.UnitTests.LayoutRenderers.Rot13Tests.Test3" type="NLog.UnitTests.LayoutRenderers.Rot13Tests" method="Test3" time="0.0004528" result="Pass" />
      <test name="NLog.UnitTests.LayoutRenderers.Rot13Tests.Test4" type="NLog.UnitTests.LayoutRenderers.Rot13Tests" method="Test4" time="0.000336" result="Pass" />
      <test name="NLog.UnitTests.LayoutRenderers.Rot13Tests.Test1" type="NLog.UnitTests.LayoutRenderers.Rot13Tests" method="Test1" time="0.0002038" result="Pass" />
      <test name="NLog.UnitTests.LayoutRenderers.ShortDateTests.TwoDigitDayTest" type="NLog.UnitTests.LayoutRenderers.ShortDateTests" method="TwoDigitDayTest" time="0.0014908" result="Pass" />
      <test name="NLog.UnitTests.LayoutRenderers.ShortDateTests.OneDigitDayTest" type="NLog.UnitTests.LayoutRenderers.ShortDateTests" method="OneDigitDayTest" time="0.0003167" result="Pass" />
      <test name="NLog.UnitTests.LayoutRenderers.ShortDateTests.ShortDateTest" type="NLog.UnitTests.LayoutRenderers.ShortDateTests" method="ShortDateTest" time="0.0165535" result="Pass" />
      <test name="NLog.UnitTests.LayoutRenderers.ShortDateTests.TwoDigitMonthTest" type="NLog.UnitTests.LayoutRenderers.ShortDateTests" method="TwoDigitMonthTest" time="0.0003676" result="Pass" />
      <test name="NLog.UnitTests.LayoutRenderers.ShortDateTests.UniversalTimeTest" type="NLog.UnitTests.LayoutRenderers.ShortDateTests" method="UniversalTimeTest" time="0.0002963" result="Pass" />
      <test name="NLog.UnitTests.LayoutRenderers.ShortDateTests.LocalTimeTest" type="NLog.UnitTests.LayoutRenderers.ShortDateTests" method="LocalTimeTest" time="0.0002395" result="Pass" />
      <test name="NLog.UnitTests.LayoutRenderers.ShortDateTests.OneDigitMonthTest" type="NLog.UnitTests.LayoutRenderers.ShortDateTests" method="OneDigitMonthTest" time="0.0002605" result="Pass" />
      <test name="NLog.UnitTests.LayoutRenderers.TimeTests.LongDateWithPaddingPadLeftAlignRight" type="NLog.UnitTests.LayoutRenderers.TimeTests" method="LongDateWithPaddingPadLeftAlignRight" time="0.0183537" result="Pass" />
      <test name="NLog.UnitTests.LayoutRenderers.TimeTests.TimeTest" type="NLog.UnitTests.LayoutRenderers.TimeTests" method="TimeTest" time="0.0197276" result="Pass" />
      <test name="NLog.UnitTests.LayoutRenderers.TimeTests.LongDateWithPaddingPadRightAlignRight" type="NLog.UnitTests.LayoutRenderers.TimeTests" method="LongDateWithPaddingPadRightAlignRight" time="0.0192488" result="Pass" />
      <test name="NLog.UnitTests.LayoutRenderers.TimeTests.LongDateWithPaddingPadLeftAlignLeft" type="NLog.UnitTests.LayoutRenderers.TimeTests" method="LongDateWithPaddingPadLeftAlignLeft" time="0.0216648" result="Pass" />
      <test name="NLog.UnitTests.LayoutRenderers.TimeTests.LongDateWithPaddingPadRightAlignLeft" type="NLog.UnitTests.LayoutRenderers.TimeTests" method="LongDateWithPaddingPadRightAlignLeft" time="0.0212003" result="Pass" />
      <test name="NLog.UnitTests.LayoutRenderers.TimeTests.UniversalTimeTest" type="NLog.UnitTests.LayoutRenderers.TimeTests" method="UniversalTimeTest" time="0.0005064" result="Pass" />
      <test name="NLog.UnitTests.LayoutRenderers.TimeTests.LocalTimeTest" type="NLog.UnitTests.LayoutRenderers.TimeTests" method="LocalTimeTest" time="0.0003047" result="Pass" />
      <test name="NLog.UnitTests.LayoutRenderers.VariableLayoutRendererTests.null_should_not_use_default" type="NLog.UnitTests.LayoutRenderers.VariableLayoutRendererTests" method="null_should_not_use_default" time="0.0028055" result="Pass" />
      <test name="NLog.UnitTests.LayoutRenderers.VariableLayoutRendererTests.Var_default" type="NLog.UnitTests.LayoutRenderers.VariableLayoutRendererTests" method="Var_default" time="0.0099619" result="Pass" />
      <test name="NLog.UnitTests.LayoutRenderers.VariableLayoutRendererTests.Var_default_after_clear" type="NLog.UnitTests.LayoutRenderers.VariableLayoutRendererTests" method="Var_default_after_clear" time="0.0201404" result="Pass" />
      <test name="NLog.UnitTests.LayoutRenderers.VariableLayoutRendererTests.Var_default_after_xml_emptyString" type="NLog.UnitTests.LayoutRenderers.VariableLayoutRendererTests" method="Var_default_after_xml_emptyString" time="0.0207701" result="Pass" />
      <test name="NLog.UnitTests.LayoutRenderers.VariableLayoutRendererTests.Var_from_xml_and_edit" type="NLog.UnitTests.LayoutRenderers.VariableLayoutRendererTests" method="Var_from_xml_and_edit" time="0.0241888" result="Pass" />
      <test name="NLog.UnitTests.LayoutRenderers.VariableLayoutRendererTests.Var_with_layout_renderers" type="NLog.UnitTests.LayoutRenderers.VariableLayoutRendererTests" method="Var_with_layout_renderers" time="0.0202708" result="Pass" />
      <test name="NLog.UnitTests.LayoutRenderers.VariableLayoutRendererTests.Var_from_xml" type="NLog.UnitTests.LayoutRenderers.VariableLayoutRendererTests" method="Var_from_xml" time="0.0214256" result="Pass" />
      <test name="NLog.UnitTests.LayoutRenderers.VariableLayoutRendererTests.notset_should_use_default" type="NLog.UnitTests.LayoutRenderers.VariableLayoutRendererTests" method="notset_should_use_default" time="0.0004167" result="Pass" />
      <test name="NLog.UnitTests.LayoutRenderers.VariableLayoutRendererTests.Var_default_after_set_emptyString" type="NLog.UnitTests.LayoutRenderers.VariableLayoutRendererTests" method="Var_default_after_set_emptyString" time="0.010315" result="Pass" />
      <test name="NLog.UnitTests.LayoutRenderers.VariableLayoutRendererTests.Var_from_api" type="NLog.UnitTests.LayoutRenderers.VariableLayoutRendererTests" method="Var_from_api" time="0.0196549" result="Pass" />
      <test name="NLog.UnitTests.LayoutRenderers.VariableLayoutRendererTests.Var_default_after_set_null" type="NLog.UnitTests.LayoutRenderers.VariableLayoutRendererTests" method="Var_default_after_set_null" time="0.021966" result="Pass" />
      <test name="NLog.UnitTests.LayoutRenderers.VariableLayoutRendererTests.null_should_be_ok" type="NLog.UnitTests.LayoutRenderers.VariableLayoutRendererTests" method="null_should_be_ok" time="0.0006273" result="Pass" />
      <test name="NLog.UnitTests.LayoutRenderers.VariableLayoutRendererTests.Var_with_other_var" type="NLog.UnitTests.LayoutRenderers.VariableLayoutRendererTests" method="Var_with_other_var" time="0.013548" result="Pass" />
      <test name="NLog.UnitTests.LayoutRenderers.VariableLayoutRendererTests.test_with_mockLogManager" type="NLog.UnitTests.LayoutRenderers.VariableLayoutRendererTests" method="test_with_mockLogManager" time="0.0025212" result="Pass" />
      <test name="NLog.UnitTests.LayoutRenderers.Wrappers.CachedTests.CachedLayoutRendererWrapper" type="NLog.UnitTests.LayoutRenderers.Wrappers.CachedTests" method="CachedLayoutRendererWrapper" time="0.0040456" result="Pass" />
      <test name="NLog.UnitTests.LayoutRenderers.Wrappers.OnExceptionTests.OnExceptionTest1" type="NLog.UnitTests.LayoutRenderers.Wrappers.OnExceptionTests" method="OnExceptionTest1" time="0.0025024" result="Pass" />
      <test name="NLog.UnitTests.LayoutRenderers.Wrappers.PaddingTests.PositivePaddingWithLeftAlign" type="NLog.UnitTests.LayoutRenderers.Wrappers.PaddingTests" method="PositivePaddingWithLeftAlign" time="0.0026939" result="Pass" />
      <test name="NLog.UnitTests.LayoutRenderers.Wrappers.PaddingTests.NegativePaddingWithRightAlign" type="NLog.UnitTests.LayoutRenderers.Wrappers.PaddingTests" method="NegativePaddingWithRightAlign" time="0.0065361" result="Pass" />
      <test name="NLog.UnitTests.LayoutRenderers.Wrappers.PaddingTests.DefaultAlignmentIsLeft" type="NLog.UnitTests.LayoutRenderers.Wrappers.PaddingTests" method="DefaultAlignmentIsLeft" time="0.000991" result="Pass" />
      <test name="NLog.UnitTests.LayoutRenderers.Wrappers.PaddingTests.PositivePaddingWithRightAlign" type="NLog.UnitTests.LayoutRenderers.Wrappers.PaddingTests" method="PositivePaddingWithRightAlign" time="0.0018456" result="Pass" />
      <test name="NLog.UnitTests.LayoutRenderers.Wrappers.PaddingTests.NegativePaddingWithLeftAlign" type="NLog.UnitTests.LayoutRenderers.Wrappers.PaddingTests" method="NegativePaddingWithLeftAlign" time="0.0018519" result="Pass" />
      <test name="NLog.UnitTests.LayoutRenderers.Wrappers.WhenEmptyTests.CoalesceWithANestedLayout" type="NLog.UnitTests.LayoutRenderers.Wrappers.WhenEmptyTests" method="CoalesceWithANestedLayout" time="0.0015975" result="Pass" />
      <test name="NLog.UnitTests.LayoutRenderers.Wrappers.WhenEmptyTests.CoalesceTest" type="NLog.UnitTests.LayoutRenderers.Wrappers.WhenEmptyTests" method="CoalesceTest" time="0.0009276" result="Pass" />
      <test name="NLog.UnitTests.LayoutRenderers.Wrappers.WhenTests.ComplexWhenTest" type="NLog.UnitTests.LayoutRenderers.Wrappers.WhenTests" method="ComplexWhenTest" time="0.0028492" result="Pass" />
      <test name="NLog.UnitTests.LayoutRenderers.Wrappers.WhenTests.PositiveWhenTest" type="NLog.UnitTests.LayoutRenderers.Wrappers.WhenTests" method="PositiveWhenTest" time="0.0008165" result="Pass" />
      <test name="NLog.UnitTests.LayoutRenderers.Wrappers.WhenTests.ComplexWhenTest2" type="NLog.UnitTests.LayoutRenderers.Wrappers.WhenTests" method="ComplexWhenTest2" time="0.0007603" result="Pass" />
      <test name="NLog.UnitTests.LayoutRenderers.Wrappers.WhenTests.NegativeWhenTest" type="NLog.UnitTests.LayoutRenderers.Wrappers.WhenTests" method="NegativeWhenTest" time="0.0003819" result="Pass" />
      <test name="NLog.UnitTests.Internal.EnumHelpersTests.EnumParse_whitespace_ignoreCaseTrue" type="NLog.UnitTests.Internal.EnumHelpersTests" method="EnumParse_whitespace_ignoreCaseTrue" time="0.0034976" result="Pass" />
      <test name="NLog.UnitTests.Internal.EnumHelpersTests.EnumParseBar_ignoreCaseTrue" type="NLog.UnitTests.Internal.EnumHelpersTests" method="EnumParseBar_ignoreCaseTrue" time="0.0003502" result="Pass" />
      <test name="NLog.UnitTests.Internal.EnumHelpersTests.EnumParse2_ignoreCaseTrue" type="NLog.UnitTests.Internal.EnumHelpersTests" method="EnumParse2_ignoreCaseTrue" time="0.0003328" result="Pass" />
      <test name="NLog.UnitTests.Internal.EnumHelpersTests.EnumParseBar" type="NLog.UnitTests.Internal.EnumHelpersTests" method="EnumParseBar" time="0.0010772" result="Pass" />
      <test name="NLog.UnitTests.Internal.EnumHelpersTests.EnumParse_null_ignoreCaseTrue" type="NLog.UnitTests.Internal.EnumHelpersTests" method="EnumParse_null_ignoreCaseTrue" time="0.0002628" result="Pass" />
      <test name="NLog.UnitTests.Internal.EnumHelpersTests.EnumParseDefault_ignoreCaseTrue" type="NLog.UnitTests.Internal.EnumHelpersTests" method="EnumParseDefault_ignoreCaseTrue" time="0.0004184" result="Pass" />
      <test name="NLog.UnitTests.Internal.EnumHelpersTests.EnumParse_null_ArgumentException_ignoreCaseTrue" type="NLog.UnitTests.Internal.EnumHelpersTests" method="EnumParse_null_ArgumentException_ignoreCaseTrue" time="0.0028202" result="Pass" />
      <test name="NLog.UnitTests.Internal.EnumHelpersTests.EnumParseBar3_ignoreCaseTrue" type="NLog.UnitTests.Internal.EnumHelpersTests" method="EnumParseBar3_ignoreCaseTrue" time="0.0002846" result="Pass" />
      <test name="NLog.UnitTests.Internal.EnumHelpersTests.EnumParse1_ignoreCaseFalse" type="NLog.UnitTests.Internal.EnumHelpersTests" method="EnumParse1_ignoreCaseFalse" time="0.000385" result="Pass" />
      <test name="NLog.UnitTests.Internal.EnumHelpersTests.EnumParse_ArgumentException_ignoreCaseTrue" type="NLog.UnitTests.Internal.EnumHelpersTests" method="EnumParse_ArgumentException_ignoreCaseTrue" time="0.0011052" result="Pass" />
      <test name="NLog.UnitTests.Internal.EnumHelpersTests.EnumParse_emptystring_ignoreCaseFalse" type="NLog.UnitTests.Internal.EnumHelpersTests" method="EnumParse_emptystring_ignoreCaseFalse" time="0.0001775" result="Pass" />
      <test name="NLog.UnitTests.Internal.EnumHelpersTests.EnumParseBar_ignoreCaseFalse" type="NLog.UnitTests.Internal.EnumHelpersTests" method="EnumParseBar_ignoreCaseFalse" time="0.0001739" result="Pass" />
      <test name="NLog.UnitTests.Internal.EnumHelpersTests.EnumParse_null_ArgumentException" type="NLog.UnitTests.Internal.EnumHelpersTests" method="EnumParse_null_ArgumentException" time="0.0007951" result="Pass" />
      <test name="NLog.UnitTests.Internal.EnumHelpersTests.EnumParse2" type="NLog.UnitTests.Internal.EnumHelpersTests" method="EnumParse2" time="0.0001793" result="Pass" />
      <test name="NLog.UnitTests.Internal.EnumHelpersTests.EnumParseDefault2_ignoreCaseFalse" type="NLog.UnitTests.Internal.EnumHelpersTests" method="EnumParseDefault2_ignoreCaseFalse" time="0.0001343" result="Pass" />
      <test name="NLog.UnitTests.Internal.EnumHelpersTests.EnumParseBar2_ignoreCaseTrue" type="NLog.UnitTests.Internal.EnumHelpersTests" method="EnumParseBar2_ignoreCaseTrue" time="0.0001257" result="Pass" />
      <test name="NLog.UnitTests.Internal.EnumHelpersTests.EnumParseDefault2" type="NLog.UnitTests.Internal.EnumHelpersTests" method="EnumParseDefault2" time="0.0001213" result="Pass" />
      <test name="NLog.UnitTests.Internal.EnumHelpersTests.EnumParseBar3" type="NLog.UnitTests.Internal.EnumHelpersTests" method="EnumParseBar3" time="0.0001146" result="Pass" />
      <test name="NLog.UnitTests.Internal.EnumHelpersTests.EnumParseBar3_ignoreCaseFalse" type="NLog.UnitTests.Internal.EnumHelpersTests" method="EnumParseBar3_ignoreCaseFalse" time="0.0001146" result="Pass" />
      <test name="NLog.UnitTests.Internal.EnumHelpersTests.EnumParse_ArgumentException" type="NLog.UnitTests.Internal.EnumHelpersTests" method="EnumParse_ArgumentException" time="0.0005899" result="Pass" />
      <test name="NLog.UnitTests.Internal.EnumHelpersTests.EnumParseBar2" type="NLog.UnitTests.Internal.EnumHelpersTests" method="EnumParseBar2" time="0.0001333" result="Pass" />
      <test name="NLog.UnitTests.Internal.EnumHelpersTests.EnumParse_ArgumentException_ignoreCaseFalse" type="NLog.UnitTests.Internal.EnumHelpersTests" method="EnumParse_ArgumentException_ignoreCaseFalse" time="0.0005702" result="Pass" />
      <test name="NLog.UnitTests.Internal.EnumHelpersTests.EnumParse_null_ignoreCaseFalse" type="NLog.UnitTests.Internal.EnumHelpersTests" method="EnumParse_null_ignoreCaseFalse" time="0.0001392" result="Pass" />
      <test name="NLog.UnitTests.Internal.EnumHelpersTests.EnumParseDefault_ignoreCaseFalse" type="NLog.UnitTests.Internal.EnumHelpersTests" method="EnumParseDefault_ignoreCaseFalse" time="0.0001226" result="Pass" />
      <test name="NLog.UnitTests.Internal.EnumHelpersTests.EnumParse2_ignoreCaseFalse" type="NLog.UnitTests.Internal.EnumHelpersTests" method="EnumParse2_ignoreCaseFalse" time="0.0001195" result="Pass" />
      <test name="NLog.UnitTests.Internal.EnumHelpersTests.EnumParse1_ignoreCaseTrue" type="NLog.UnitTests.Internal.EnumHelpersTests" method="EnumParse1_ignoreCaseTrue" time="0.0001284" result="Pass" />
      <test name="NLog.UnitTests.Internal.EnumHelpersTests.EnumParse_whitespace_ignoreCaseFalse" type="NLog.UnitTests.Internal.EnumHelpersTests" method="EnumParse_whitespace_ignoreCaseFalse" time="0.0001155" result="Pass" />
      <test name="NLog.UnitTests.Internal.EnumHelpersTests.EnumParse_emptystring_ignoreCaseTrue" type="NLog.UnitTests.Internal.EnumHelpersTests" method="EnumParse_emptystring_ignoreCaseTrue" time="0.0001249" result="Pass" />
      <test name="NLog.UnitTests.Internal.EnumHelpersTests.EnumParseDefault2_ignoreCaseTrue" type="NLog.UnitTests.Internal.EnumHelpersTests" method="EnumParseDefault2_ignoreCaseTrue" time="0.0001137" result="Pass" />
      <test name="NLog.UnitTests.Internal.EnumHelpersTests.EnumParseDefault" type="NLog.UnitTests.Internal.EnumHelpersTests" method="EnumParseDefault" time="0.0001146" result="Pass" />
      <test name="NLog.UnitTests.Internal.EnumHelpersTests.EnumParse_whitespace" type="NLog.UnitTests.Internal.EnumHelpersTests" method="EnumParse_whitespace" time="0.0001114" result="Pass" />
      <test name="NLog.UnitTests.Internal.EnumHelpersTests.EnumParse_emptystring" type="NLog.UnitTests.Internal.EnumHelpersTests" method="EnumParse_emptystring" time="0.0001222" result="Pass" />
      <test name="NLog.UnitTests.Internal.EnumHelpersTests.EnumParse_null" type="NLog.UnitTests.Internal.EnumHelpersTests" method="EnumParse_null" time="0.0001056" result="Pass" />
      <test name="NLog.UnitTests.Internal.EnumHelpersTests.EnumParse1" type="NLog.UnitTests.Internal.EnumHelpersTests" method="EnumParse1" time="0.0001092" result="Pass" />
      <test name="NLog.UnitTests.Internal.EnumHelpersTests.EnumParseBar2_ignoreCaseFalse" type="NLog.UnitTests.Internal.EnumHelpersTests" method="EnumParseBar2_ignoreCaseFalse" time="0.0001106" result="Pass" />
      <test name="NLog.UnitTests.Internal.EnumHelpersTests.EnumParse_null_ArgumentException_ignoreCaseFalse" type="NLog.UnitTests.Internal.EnumHelpersTests" method="EnumParse_null_ArgumentException_ignoreCaseFalse" time="0.0005274" result="Pass" />
      <test name="NLog.UnitTests.Internal.FileAppenders.FileAppenderCacheTests.FileAppenderCache_InvalidateAppender" type="NLog.UnitTests.Internal.FileAppenders.FileAppenderCacheTests" method="FileAppenderCache_InvalidateAppender" time="0.0052188" result="Pass" />
      <test name="NLog.UnitTests.Internal.FileAppenders.FileAppenderCacheTests.FileAppenderCache_Construction" type="NLog.UnitTests.Internal.FileAppenders.FileAppenderCacheTests" method="FileAppenderCache_Construction" time="0.0006443" result="Pass" />
      <test name="NLog.UnitTests.Internal.FileAppenders.FileAppenderCacheTests.FileAppenderCache_GetFileCharacteristics" type="NLog.UnitTests.Internal.FileAppenders.FileAppenderCacheTests" method="FileAppenderCache_GetFileCharacteristics" time="0.0048001" result="Pass" />
      <test name="NLog.UnitTests.Internal.FileAppenders.FileAppenderCacheTests.FileAppenderCache_CloseAppenders" type="NLog.UnitTests.Internal.FileAppenders.FileAppenderCacheTests" method="FileAppenderCache_CloseAppenders" time="0.0028787" result="Pass" />
      <test name="NLog.UnitTests.Internal.FileAppenders.FileAppenderCacheTests.FileAppenderCache_Allocate" type="NLog.UnitTests.Internal.FileAppenders.FileAppenderCacheTests" method="FileAppenderCache_Allocate" time="0.0028822" result="Pass" />
      <test name="NLog.UnitTests.Internal.FileAppenders.FileAppenderCacheTests.FileAppenderCache_Empty" type="NLog.UnitTests.Internal.FileAppenders.FileAppenderCacheTests" method="FileAppenderCache_Empty" time="0.0006822" result="Pass" />
      <test name="NLog.UnitTests.Fluent.LogBuilderTests.ErrorWrite" type="NLog.UnitTests.Fluent.LogBuilderTests" method="ErrorWrite" time="0.0462977" result="Pass" />
      <test name="NLog.UnitTests.Fluent.LogBuilderTests.DebugWrite_static_builder" type="NLog.UnitTests.Fluent.LogBuilderTests" method="DebugWrite_static_builder" time="0.0430227" result="Pass" />
      <test name="NLog.UnitTests.Fluent.LogBuilderTests.InfoWrite_static_builder" type="NLog.UnitTests.Fluent.LogBuilderTests" method="InfoWrite_static_builder" time="0.0459674" result="Pass" />
      <test name="NLog.UnitTests.Fluent.LogBuilderTests.WarnWriteProperties" type="NLog.UnitTests.Fluent.LogBuilderTests" method="WarnWriteProperties" time="0.0452909" result="Pass" />
      <test name="NLog.UnitTests.Fluent.LogBuilderTests.TraceWrite_static_builder" type="NLog.UnitTests.Fluent.LogBuilderTests" method="TraceWrite_static_builder" time="0.0417593" result="Pass" />
      <test name="NLog.UnitTests.Fluent.LogBuilderTests.LogBuilder_null_lead_to_ArgumentNullException" type="NLog.UnitTests.Fluent.LogBuilderTests" method="LogBuilder_null_lead_to_ArgumentNullException" time="0.0485299" result="Pass" />
      <test name="NLog.UnitTests.Fluent.LogBuilderTests.FatalWrite" type="NLog.UnitTests.Fluent.LogBuilderTests" method="FatalWrite" time="0.0468849" result="Pass" />
      <test name="NLog.UnitTests.Fluent.LogBuilderTests.FatalWrite_static_builder" type="NLog.UnitTests.Fluent.LogBuilderTests" method="FatalWrite_static_builder" time="0.0496865" result="Pass" />
      <test name="NLog.UnitTests.Fluent.LogBuilderTests.TraceWrite" type="NLog.UnitTests.Fluent.LogBuilderTests" method="TraceWrite" time="0.0496964" result="Pass" />
      <test name="NLog.UnitTests.Fluent.LogBuilderTests.TraceWriteProperties" type="NLog.UnitTests.Fluent.LogBuilderTests" method="TraceWriteProperties" time="0.0513881" result="Pass" />
      <test name="NLog.UnitTests.Fluent.LogBuilderTests.LevelWriteProperties" type="NLog.UnitTests.Fluent.LogBuilderTests" method="LevelWriteProperties" time="0.0466274" result="Pass" />
      <test name="NLog.UnitTests.Fluent.LogBuilderTests.TraceIfWrite" type="NLog.UnitTests.Fluent.LogBuilderTests" method="TraceIfWrite" time="0.0469175" result="Pass" />
      <test name="NLog.UnitTests.Fluent.LogBuilderTests.InfoWrite" type="NLog.UnitTests.Fluent.LogBuilderTests" method="InfoWrite" time="0.0453726" result="Pass" />
      <test name="NLog.UnitTests.Fluent.LogBuilderTests.LogOffWriteProperties" type="NLog.UnitTests.Fluent.LogBuilderTests" method="LogOffWriteProperties" time="0.0450317" result="Pass" />
      <test name="NLog.UnitTests.Fluent.LogBuilderTests.DebugWrite" type="NLog.UnitTests.Fluent.LogBuilderTests" method="DebugWrite" time="0.0487771" result="Pass" />
      <test name="NLog.UnitTests.Fluent.LogBuilderTests.LogBuilder_nLogEventInfo" type="NLog.UnitTests.Fluent.LogBuilderTests" method="LogBuilder_nLogEventInfo" time="0.05644" result="Pass" />
      <test name="NLog.UnitTests.Fluent.LogBuilderTests.ErrorWrite_static_builder" type="NLog.UnitTests.Fluent.LogBuilderTests" method="ErrorWrite_static_builder" time="0.0837076" result="Pass" />
      <test name="NLog.UnitTests.Fluent.LogBuilderTests.LogWriteProperties" type="NLog.UnitTests.Fluent.LogBuilderTests" method="LogWriteProperties" time="0.0723202" result="Pass" />
      <test name="NLog.UnitTests.Filters.APITests.APITest" type="NLog.UnitTests.Filters.APITests" method="APITest" time="0.1292338" result="Pass" />
      <test name="NLog.UnitTests.Filters.ConditionBasedFilterTests.WhenTest" type="NLog.UnitTests.Filters.ConditionBasedFilterTests" method="WhenTest" time="0.0562812" result="Pass" />
      <test name="NLog.UnitTests.Filters.WhenContainsTests.WhenContainsInsensitiveTest" type="NLog.UnitTests.Filters.WhenContainsTests" method="WhenContainsInsensitiveTest" time="0.0377222" result="Pass" />
      <test name="NLog.UnitTests.Filters.WhenContainsTests.WhenContainsTest" type="NLog.UnitTests.Filters.WhenContainsTests" method="WhenContainsTest" time="0.0299079" result="Pass" />
      <test name="NLog.UnitTests.Filters.WhenEqualTests.WhenEqualInsensitiveTest" type="NLog.UnitTests.Filters.WhenEqualTests" method="WhenEqualInsensitiveTest" time="0.0310722" result="Pass" />
      <test name="NLog.UnitTests.Filters.WhenEqualTests.WhenEqualTest" type="NLog.UnitTests.Filters.WhenEqualTests" method="WhenEqualTest" time="0.0299039" result="Pass" />
      <test name="NLog.UnitTests.Filters.WhenNotContainsTests.WhenNotContainsInsensitiveTest" type="NLog.UnitTests.Filters.WhenNotContainsTests" method="WhenNotContainsInsensitiveTest" time="0.0310521" result="Pass" />
      <test name="NLog.UnitTests.Filters.WhenNotContainsTests.WhenNotContainsTest" type="NLog.UnitTests.Filters.WhenNotContainsTests" method="WhenNotContainsTest" time="0.0293996" result="Pass" />
      <test name="NLog.UnitTests.Filters.WhenNotEqualTests.WhenNotEqualInsensitiveTest" type="NLog.UnitTests.Filters.WhenNotEqualTests" method="WhenNotEqualInsensitiveTest" time="0.0308477" result="Pass" />
      <test name="NLog.UnitTests.Filters.WhenNotEqualTests.WhenNotEqualTest" type="NLog.UnitTests.Filters.WhenNotEqualTests" method="WhenNotEqualTest" time="0.0292019" result="Pass" />
      <test name="NLog.UnitTests.Config.CaseSensitivityTests.LowerCaseTest" type="NLog.UnitTests.Config.CaseSensitivityTests" method="LowerCaseTest" time="0.027184" result="Pass" />
      <test name="NLog.UnitTests.Config.CaseSensitivityTests.UpperCaseTest" type="NLog.UnitTests.Config.CaseSensitivityTests" method="UpperCaseTest" time="0.0235248" result="Pass" />
      <test name="NLog.UnitTests.Config.ConfigurationItemFactoryTests.ConfigurationItemFactoryUsesSuppliedDelegateToResolveObject" type="NLog.UnitTests.Config.ConfigurationItemFactoryTests" method="ConfigurationItemFactoryUsesSuppliedDelegateToResolveObject" time="0.0013016" result="Pass" />
      <test name="NLog.UnitTests.Config.ConfigurationItemFactoryTests.ConfigurationItemFactoryDefaultTest" type="NLog.UnitTests.Config.ConfigurationItemFactoryTests" method="ConfigurationItemFactoryDefaultTest" time="0.0003863" result="Pass" />
      <test name="NLog.UnitTests.Config.ConfigurationItemFactoryTests.ConfigurationItemFactorySimpleTest" type="NLog.UnitTests.Config.ConfigurationItemFactoryTests" method="ConfigurationItemFactorySimpleTest" time="0.0004274" result="Pass" />
      <test name="NLog.UnitTests.Config.CultureInfoTests.WhenInvariantCultureDefinedThenDefaultCultureIsInvariantCulture" type="NLog.UnitTests.Config.CultureInfoTests" method="WhenInvariantCultureDefinedThenDefaultCultureIsInvariantCulture" time="0.0124988" result="Pass" />
      <test name="NLog.UnitTests.Config.IncludeTests.IncludeNotExistingTest" type="NLog.UnitTests.Config.IncludeTests" method="IncludeNotExistingTest" time="0.0155106" result="Pass" />
      <test name="NLog.UnitTests.Config.IncludeTests.IncludeNotExistingIgnoredTest" type="NLog.UnitTests.Config.IncludeTests" method="IncludeNotExistingIgnoredTest" time="0.0249978" result="Pass" />
      <test name="NLog.UnitTests.Config.IncludeTests.IncludeTest" type="NLog.UnitTests.Config.IncludeTests" method="IncludeTest" time="0.0128595" result="Pass" />
      <test name="NLog.UnitTests.Config.InternalLoggingTests.InternalLoggingConfigTest2" type="NLog.UnitTests.Config.InternalLoggingTests" method="InternalLoggingConfigTest2" time="0.000717" result="Pass" />
      <test name="NLog.UnitTests.Config.InternalLoggingTests.InternalLoggingConfigTest1" type="NLog.UnitTests.Config.InternalLoggingTests" method="InternalLoggingConfigTest1" time="0.0267386" result="Pass" />
      <test name="NLog.UnitTests.Config.ReloadTests.TestMainConfigReloadIncludedConfigNoReload" type="NLog.UnitTests.Config.ReloadTests" method="TestMainConfigReloadIncludedConfigNoReload" time="2.026939" result="Fail">
        <failure exception-type="Xunit.Sdk.TrueException">
          <message><![CDATA[Config did not reload.
Expected: True
Actual:   False]]></message>
          <stack-trace><![CDATA[   at NLog.UnitTests.Config.ReloadTests.ChangeAndReloadConfigFile(String configFilePath, String config, Boolean assertDidReload) in C:\Users\vlaine\Source\Repos\NLog\tests\NLog.UnitTests\Config\ReloadTests.cs:line 504
   at NLog.UnitTests.Config.ReloadTests.TestMainConfigReloadIncludedConfigNoReload() in C:\Users\vlaine\Source\Repos\NLog\tests\NLog.UnitTests\Config\ReloadTests.cs:line 469]]></stack-trace>
        </failure>
      </test>
      <test name="NLog.UnitTests.Config.ReloadTests.TestAutoReloadOnFileCopy" type="NLog.UnitTests.Config.ReloadTests" method="TestAutoReloadOnFileCopy" time="4.0681648" result="Fail">
        <failure exception-type="Xunit.Sdk.TrueException">
          <message><![CDATA[Assert.True() Failure
Expected: True
Actual:   False]]></message>
          <stack-trace><![CDATA[   at NLog.UnitTests.Config.ReloadTests.TestAutoReloadOnFileCopy() in C:\Users\vlaine\Source\Repos\NLog\tests\NLog.UnitTests\Config\ReloadTests.cs:line 240]]></stack-trace>
        </failure>
      </test>
      <test name="NLog.UnitTests.Config.ReloadTests.TestNoAutoReload" type="NLog.UnitTests.Config.ReloadTests" method="TestNoAutoReload" time="2.0471674" result="Pass" />
      <test name="NLog.UnitTests.Config.ReloadTests.TestMainConfigReload" type="NLog.UnitTests.Config.ReloadTests" method="TestMainConfigReload" time="2.0222039" result="Fail">
        <failure exception-type="Xunit.Sdk.TrueException">
          <message><![CDATA[Config did not reload.
Expected: True
Actual:   False]]></message>
          <stack-trace><![CDATA[   at NLog.UnitTests.Config.ReloadTests.ChangeAndReloadConfigFile(String configFilePath, String config, Boolean assertDidReload) in C:\Users\vlaine\Source\Repos\NLog\tests\NLog.UnitTests\Config\ReloadTests.cs:line 504
   at NLog.UnitTests.Config.ReloadTests.TestMainConfigReload() in C:\Users\vlaine\Source\Repos\NLog\tests\NLog.UnitTests\Config\ReloadTests.cs:line 408]]></stack-trace>
        </failure>
      </test>
      <test name="NLog.UnitTests.Config.ReloadTests.TestIncludedConfigReload" type="NLog.UnitTests.Config.ReloadTests" method="TestIncludedConfigReload" time="4.0449474" result="Fail">
        <failure exception-type="Xunit.Sdk.TrueException">
          <message><![CDATA[Config did not reload.
Expected: True
Actual:   False]]></message>
          <stack-trace><![CDATA[   at NLog.UnitTests.Config.ReloadTests.ChangeAndReloadConfigFile(String configFilePath, String config, Boolean assertDidReload) in C:\Users\vlaine\Source\Repos\NLog\tests\NLog.UnitTests\Config\ReloadTests.cs:line 504
   at NLog.UnitTests.Config.ReloadTests.TestIncludedConfigReload() in C:\Users\vlaine\Source\Repos\NLog\tests\NLog.UnitTests\Config\ReloadTests.cs:line 353]]></stack-trace>
        </failure>
      </test>
      <test name="NLog.UnitTests.Config.ReloadTests.TestIncludedConfigNoReload" type="NLog.UnitTests.Config.ReloadTests" method="TestIncludedConfigNoReload" time="4.0483446" result="Pass" />
      <test name="NLog.UnitTests.Config.ReloadTests.TestAutoReloadOnFileMove" type="NLog.UnitTests.Config.ReloadTests" method="TestAutoReloadOnFileMove" time="4.015105" result="Fail">
        <failure exception-type="Xunit.Sdk.TrueException">
          <message><![CDATA[Assert.True() Failure
Expected: True
Actual:   False]]></message>
          <stack-trace><![CDATA[   at NLog.UnitTests.Config.ReloadTests.TestAutoReloadOnFileMove() in C:\Users\vlaine\Source\Repos\NLog\tests\NLog.UnitTests\Config\ReloadTests.cs:line 181]]></stack-trace>
        </failure>
      </test>
      <test name="NLog.UnitTests.Config.ReloadTests.TestAutoReloadOnFileChange" type="NLog.UnitTests.Config.ReloadTests" method="TestAutoReloadOnFileChange" time="4.0369934" result="Fail">
        <failure exception-type="Xunit.Sdk.TrueException">
          <message><![CDATA[Config did not reload.
Expected: True
Actual:   False]]></message>
          <stack-trace><![CDATA[   at NLog.UnitTests.Config.ReloadTests.ChangeAndReloadConfigFile(String configFilePath, String config, Boolean assertDidReload) in C:\Users\vlaine\Source\Repos\NLog\tests\NLog.UnitTests\Config\ReloadTests.cs:line 504
   at NLog.UnitTests.Config.ReloadTests.TestAutoReloadOnFileChange() in C:\Users\vlaine\Source\Repos\NLog\tests\NLog.UnitTests\Config\ReloadTests.cs:line 124]]></stack-trace>
        </failure>
      </test>
      <test name="NLog.UnitTests.Config.RuleConfigurationTests.LoggingRule_Final_SuppressesOnlyMatchingLevels" type="NLog.UnitTests.Config.RuleConfigurationTests" method="LoggingRule_Final_SuppressesOnlyMatchingLevels" time="0.0327117" result="Pass" />
      <test name="NLog.UnitTests.Config.RuleConfigurationTests.FiltersTest_logFinal" type="NLog.UnitTests.Config.RuleConfigurationTests" method="FiltersTest_logFinal" time="0.0235158" result="Pass" />
      <test name="NLog.UnitTests.Config.RuleConfigurationTests.SimpleRuleTest" type="NLog.UnitTests.Config.RuleConfigurationTests" method="SimpleRuleTest" time="0.0121021" result="Pass" />
      <test name="NLog.UnitTests.Config.RuleConfigurationTests.NoLevelsTest" type="NLog.UnitTests.Config.RuleConfigurationTests" method="NoLevelsTest" time="0.0104515" result="Pass" />
      <test name="NLog.UnitTests.Config.RuleConfigurationTests.SingleLevelTest" type="NLog.UnitTests.Config.RuleConfigurationTests" method="SingleLevelTest" time="0.0121718" result="Pass" />
      <test name="NLog.UnitTests.Config.RuleConfigurationTests.ChildRulesTest" type="NLog.UnitTests.Config.RuleConfigurationTests" method="ChildRulesTest" time="0.0092399" result="Pass" />
      <test name="NLog.UnitTests.Config.RuleConfigurationTests.FiltersTest_ignore" type="NLog.UnitTests.Config.RuleConfigurationTests" method="FiltersTest_ignore" time="0.0173366" result="Pass" />
      <test name="NLog.UnitTests.Config.RuleConfigurationTests.UnusedTargetsShouldBeLoggedToInternalLogger" type="NLog.UnitTests.Config.RuleConfigurationTests" method="UnusedTargetsShouldBeLoggedToInternalLogger" time="0.0141946" result="Pass" />
      <test name="NLog.UnitTests.Config.RuleConfigurationTests.MultipleRulesSameTargetTest" type="NLog.UnitTests.Config.RuleConfigurationTests" method="MultipleRulesSameTargetTest" time="0.0201248" result="Pass" />
      <test name="NLog.UnitTests.Config.RuleConfigurationTests.MinMaxLevelTest" type="NLog.UnitTests.Config.RuleConfigurationTests" method="MinMaxLevelTest" time="0.0111628" result="Pass" />
      <test name="NLog.UnitTests.Config.RuleConfigurationTests.ExplicitLevelsTest" type="NLog.UnitTests.Config.RuleConfigurationTests" method="ExplicitLevelsTest" time="0.0094983" result="Pass" />
      <test name="NLog.UnitTests.Config.RuleConfigurationTests.FiltersTest_ignoreFinal" type="NLog.UnitTests.Config.RuleConfigurationTests" method="FiltersTest_ignoreFinal" time="0.024112" result="Pass" />
      <test name="NLog.UnitTests.Config.RuleConfigurationTests.MultipleTargetsTest" type="NLog.UnitTests.Config.RuleConfigurationTests" method="MultipleTargetsTest" time="0.0114426" result="Pass" />
      <test name="NLog.UnitTests.Config.RuleConfigurationTests.FiltersTest" type="NLog.UnitTests.Config.RuleConfigurationTests" method="FiltersTest" time="0.012556" result="Pass" />
      <test name="NLog.UnitTests.Config.RuleConfigurationTests.NoRulesTest" type="NLog.UnitTests.Config.RuleConfigurationTests" method="NoRulesTest" time="0.0132169" result="Pass" />
      <test name="NLog.UnitTests.Config.TargetConfigurationTests.DefaultWrapperTest" type="NLog.UnitTests.Config.TargetConfigurationTests" method="DefaultWrapperTest" time="0.0118009" result="Pass" />
      <test name="NLog.UnitTests.Config.TargetConfigurationTests.CompoundRefTest" type="NLog.UnitTests.Config.TargetConfigurationTests" method="CompoundRefTest" time="0.0167029" result="Pass" />
      <test name="NLog.UnitTests.Config.TargetConfigurationTests.WrapperRefTest" type="NLog.UnitTests.Config.TargetConfigurationTests" method="WrapperRefTest" time="0.0111306" result="Pass" />
      <test name="NLog.UnitTests.Config.TargetConfigurationTests.SimpleTest" type="NLog.UnitTests.Config.TargetConfigurationTests" method="SimpleTest" time="0.0100476" result="Pass" />
      <test name="NLog.UnitTests.Config.TargetConfigurationTests.SimpleElementSyntaxTest" type="NLog.UnitTests.Config.TargetConfigurationTests" method="SimpleElementSyntaxTest" time="0.009949" result="Pass" />
      <test name="NLog.UnitTests.Config.TargetConfigurationTests.ArrayElementParameterTest" type="NLog.UnitTests.Config.TargetConfigurationTests" method="ArrayElementParameterTest" time="0.0123856" result="Pass" />
      <test name="NLog.UnitTests.Config.TargetConfigurationTests.ArrayParameterTest" type="NLog.UnitTests.Config.TargetConfigurationTests" method="ArrayParameterTest" time="0.0108634" result="Pass" />
      <test name="NLog.UnitTests.Config.TargetConfigurationTests.SimpleTest2" type="NLog.UnitTests.Config.TargetConfigurationTests" method="SimpleTest2" time="0.0120825" result="Pass" />
      <test name="NLog.UnitTests.Config.TargetConfigurationTests.NullableDataTypesTest" type="NLog.UnitTests.Config.TargetConfigurationTests" method="NullableDataTypesTest" time="0.0363192" result="Pass" />
      <test name="NLog.UnitTests.Config.TargetConfigurationTests.WrapperTest" type="NLog.UnitTests.Config.TargetConfigurationTests" method="WrapperTest" time="0.0119027" result="Pass" />
      <test name="NLog.UnitTests.Config.TargetConfigurationTests.DefaultTargetParametersTest" type="NLog.UnitTests.Config.TargetConfigurationTests" method="DefaultTargetParametersTest" time="0.0108754" result="Pass" />
      <test name="NLog.UnitTests.Config.TargetConfigurationTests.DataTypesTest" type="NLog.UnitTests.Config.TargetConfigurationTests" method="DataTypesTest" time="0.0294991" result="Pass" />
      <test name="NLog.UnitTests.Config.TargetConfigurationTests.AsyncWrappersTest" type="NLog.UnitTests.Config.TargetConfigurationTests" method="AsyncWrappersTest" time="0.012132" result="Pass" />
      <test name="NLog.UnitTests.Config.TargetConfigurationTests.CompoundTest" type="NLog.UnitTests.Config.TargetConfigurationTests" method="CompoundTest" time="0.0127126" result="Pass" />
      <test name="NLog.UnitTests.Config.TimeConfigurationTests.DefaultTimeSourceTest" type="NLog.UnitTests.Config.TimeConfigurationTests" method="DefaultTimeSourceTest" time="0.0093287" result="Pass" />
      <test name="NLog.UnitTests.Config.TimeConfigurationTests.AccurateUtcTest" type="NLog.UnitTests.Config.TimeConfigurationTests" method="AccurateUtcTest" time="0.0097088" result="Pass" />
      <test name="NLog.UnitTests.Config.TimeConfigurationTests.FastLocalTest" type="NLog.UnitTests.Config.TimeConfigurationTests" method="FastLocalTest" time="0.008915" result="Pass" />
      <test name="NLog.UnitTests.Config.TimeConfigurationTests.FastUtcTest" type="NLog.UnitTests.Config.TimeConfigurationTests" method="FastUtcTest" time="0.0089819" result="Pass" />
      <test name="NLog.UnitTests.Config.TimeConfigurationTests.AccurateLocalTest" type="NLog.UnitTests.Config.TimeConfigurationTests" method="AccurateLocalTest" time="0.0088584" result="Pass" />
      <test name="NLog.UnitTests.Config.VariableTests.VariablesTest1" type="NLog.UnitTests.Config.VariableTests" method="VariablesTest1" time="0.0098344" result="Pass" />
      <test name="NLog.UnitTests.Config.VariableTests.Xml_configuration_returns_defined_variables" type="NLog.UnitTests.Config.VariableTests" method="Xml_configuration_returns_defined_variables" time="0.0098031" result="Pass" />
      <test name="NLog.UnitTests.Conditions.ConditionEvaluatorTests.RelationalOperatorTest" type="NLog.UnitTests.Conditions.ConditionEvaluatorTests" method="RelationalOperatorTest" time="0.0013444" result="Pass" />
      <test name="NLog.UnitTests.Conditions.ConditionEvaluatorTests.LiteralTest" type="NLog.UnitTests.Conditions.ConditionEvaluatorTests" method="LiteralTest" time="0.000422" result="Pass" />
      <test name="NLog.UnitTests.Conditions.ConditionEvaluatorTests.ConditionMethodNegativeTest1" type="NLog.UnitTests.Conditions.ConditionEvaluatorTests" method="ConditionMethodNegativeTest1" time="0.0011909" result="Pass" />
      <test name="NLog.UnitTests.Conditions.ConditionEvaluatorTests.MethodWithLogEventInfoTest" type="NLog.UnitTests.Conditions.ConditionEvaluatorTests" method="MethodWithLogEventInfoTest" time="0.0012757" result="Pass" />
      <test name="NLog.UnitTests.Conditions.ConditionEvaluatorTests.ExceptionTest11" type="NLog.UnitTests.Conditions.ConditionEvaluatorTests" method="ExceptionTest11" time="0.0002967" result="Pass" />
      <test name="NLog.UnitTests.Conditions.ConditionEvaluatorTests.ExceptionTest3" type="NLog.UnitTests.Conditions.ConditionEvaluatorTests" method="ExceptionTest3" time="0.0003538" result="Pass" />
      <test name="NLog.UnitTests.Conditions.ConditionEvaluatorTests.ExceptionTest1" type="NLog.UnitTests.Conditions.ConditionEvaluatorTests" method="ExceptionTest1" time="0.0002534" result="Pass" />
      <test name="NLog.UnitTests.Conditions.ConditionEvaluatorTests.UnsupportedRelationalOperatorTest2" type="NLog.UnitTests.Conditions.ConditionEvaluatorTests" method="UnsupportedRelationalOperatorTest2" time="0.0006063" result="Pass" />
      <test name="NLog.UnitTests.Conditions.ConditionEvaluatorTests.LogEventInfoPropertiesTest" type="NLog.UnitTests.Conditions.ConditionEvaluatorTests" method="LogEventInfoPropertiesTest" time="0.0001516" result="Pass" />
      <test name="NLog.UnitTests.Conditions.ConditionEvaluatorTests.TypePromotionNegativeTest2" type="NLog.UnitTests.Conditions.ConditionEvaluatorTests" method="TypePromotionNegativeTest2" time="0.0010847" result="Pass" />
      <test name="NLog.UnitTests.Conditions.ConditionEvaluatorTests.BooleanOperatorTest" type="NLog.UnitTests.Conditions.ConditionEvaluatorTests" method="BooleanOperatorTest" time="0.0028077" result="Pass" />
      <test name="NLog.UnitTests.Conditions.ConditionEvaluatorTests.TypePromotionTest" type="NLog.UnitTests.Conditions.ConditionEvaluatorTests" method="TypePromotionTest" time="0.0036104" result="Pass" />
      <test name="NLog.UnitTests.Conditions.ConditionEvaluatorTests.ExceptionTest2" type="NLog.UnitTests.Conditions.ConditionEvaluatorTests" method="ExceptionTest2" time="0.0001935" result="Pass" />
      <test name="NLog.UnitTests.Conditions.ConditionEvaluatorTests.TypePromotionNegativeTest1" type="NLog.UnitTests.Conditions.ConditionEvaluatorTests" method="TypePromotionNegativeTest1" time="0.0007903" result="Pass" />
      <test name="NLog.UnitTests.Conditions.ConditionEvaluatorTests.ExceptionTest12" type="NLog.UnitTests.Conditions.ConditionEvaluatorTests" method="ExceptionTest12" time="0.0001837" result="Pass" />
      <test name="NLog.UnitTests.Conditions.ConditionEvaluatorTests.ExceptionTest13" type="NLog.UnitTests.Conditions.ConditionEvaluatorTests" method="ExceptionTest13" time="0.0002511" result="Pass" />
      <test name="NLog.UnitTests.Conditions.ConditionEvaluatorTests.ConditionMethodsTest" type="NLog.UnitTests.Conditions.ConditionEvaluatorTests" method="ConditionMethodsTest" time="0.0010905" result="Pass" />
      <test name="NLog.UnitTests.Conditions.ConditionEvaluatorTests.ConditionMethodNegativeTest2" type="NLog.UnitTests.Conditions.ConditionEvaluatorTests" method="ConditionMethodNegativeTest2" time="0.000929" result="Pass" />
      <test name="NLog.UnitTests.Conditions.ConditionEvaluatorTests.UnsupportedRelationalOperatorTest" type="NLog.UnitTests.Conditions.ConditionEvaluatorTests" method="UnsupportedRelationalOperatorTest" time="0.0006853" result="Pass" />
      <test name="NLog.UnitTests.Conditions.ConditionParserTests.LevelTest" type="NLog.UnitTests.Conditions.ConditionParserTests" method="LevelTest" time="0.0007778" result="Pass" />
      <test name="NLog.UnitTests.Conditions.ConditionParserTests.OrTest" type="NLog.UnitTests.Conditions.ConditionParserTests" method="OrTest" time="0.0006242" result="Pass" />
      <test name="NLog.UnitTests.Conditions.ConditionParserTests.UnbalancedParenthesis3Test" type="NLog.UnitTests.Conditions.ConditionParserTests" method="UnbalancedParenthesis3Test" time="0.0006742" result="Pass" />
      <test name="NLog.UnitTests.Conditions.ConditionParserTests.CustomNLogFactoriesTest" type="NLog.UnitTests.Conditions.ConditionParserTests" method="CustomNLogFactoriesTest" time="0.000522" result="Pass" />
      <test name="NLog.UnitTests.Conditions.ConditionParserTests.LogLevelWithoutAName" type="NLog.UnitTests.Conditions.ConditionParserTests" method="LogLevelWithoutAName" time="0.0004274" result="Pass" />
      <test name="NLog.UnitTests.Conditions.ConditionParserTests.ImplicitOperatorTest" type="NLog.UnitTests.Conditions.ConditionParserTests" method="ImplicitOperatorTest" time="0.0001833" result="Pass" />
      <test name="NLog.UnitTests.Conditions.ConditionParserTests.NotTest" type="NLog.UnitTests.Conditions.ConditionParserTests" method="NotTest" time="0.0003636" result="Pass" />
      <test name="NLog.UnitTests.Conditions.ConditionParserTests.StringTest" type="NLog.UnitTests.Conditions.ConditionParserTests" method="StringTest" time="0.0006242" result="Pass" />
      <test name="NLog.UnitTests.Conditions.ConditionParserTests.UnrecognizedPunctuation" type="NLog.UnitTests.Conditions.ConditionParserTests" method="UnrecognizedPunctuation" time="0.00041" result="Pass" />
      <test name="NLog.UnitTests.Conditions.ConditionParserTests.RelationalOperatorTest" type="NLog.UnitTests.Conditions.ConditionParserTests" method="RelationalOperatorTest" time="0.0007759" result="Pass" />
      <test name="NLog.UnitTests.Conditions.ConditionParserTests.MessageTest" type="NLog.UnitTests.Conditions.ConditionParserTests" method="MessageTest" time="0.0002976" result="Pass" />
      <test name="NLog.UnitTests.Conditions.ConditionParserTests.ConditionFunctionTests" type="NLog.UnitTests.Conditions.ConditionParserTests" method="ConditionFunctionTests" time="0.0005858" result="Pass" />
      <test name="NLog.UnitTests.Conditions.ConditionParserTests.UnrecognizedMethod" type="NLog.UnitTests.Conditions.ConditionParserTests" method="UnrecognizedMethod" time="0.0005622" result="Pass" />
      <test name="NLog.UnitTests.Conditions.ConditionParserTests.NullLiteralTest" type="NLog.UnitTests.Conditions.ConditionParserTests" method="NullLiteralTest" time="0.0001801" result="Pass" />
      <test name="NLog.UnitTests.Conditions.ConditionParserTests.TokenizerEOFTest" type="NLog.UnitTests.Conditions.ConditionParserTests" method="TokenizerEOFTest" time="0.0006005" result="Pass" />
      <test name="NLog.UnitTests.Conditions.ConditionParserTests.MethodNameWithUnderscores" type="NLog.UnitTests.Conditions.ConditionParserTests" method="MethodNameWithUnderscores" time="0.0003837" result="Pass" />
      <test name="NLog.UnitTests.Conditions.ConditionParserTests.UnrecognizedUnicodeChar2" type="NLog.UnitTests.Conditions.ConditionParserTests" method="UnrecognizedUnicodeChar2" time="0.000423" result="Pass" />
      <test name="NLog.UnitTests.Conditions.ConditionParserTests.AndTest" type="NLog.UnitTests.Conditions.ConditionParserTests" method="AndTest" time="0.0006322" result="Pass" />
      <test name="NLog.UnitTests.Conditions.ConditionParserTests.InvalidNumberWithUnaryMinusTest" type="NLog.UnitTests.Conditions.ConditionParserTests" method="InvalidNumberWithUnaryMinusTest" time="0.0004595" result="Pass" />
      <test name="NLog.UnitTests.Conditions.ConditionParserTests.UnrecognizedToken" type="NLog.UnitTests.Conditions.ConditionParserTests" method="UnrecognizedToken" time="0.000414" result="Pass" />
      <test name="NLog.UnitTests.Conditions.ConditionParserTests.UnbalancedParenthesis1Test" type="NLog.UnitTests.Conditions.ConditionParserTests" method="UnbalancedParenthesis1Test" time="0.0004198" result="Pass" />
      <test name="NLog.UnitTests.Conditions.ConditionParserTests.BooleanLiteralTest" type="NLog.UnitTests.Conditions.ConditionParserTests" method="BooleanLiteralTest" time="0.0003123" result="Pass" />
      <test name="NLog.UnitTests.Conditions.ConditionParserTests.UnbalancedParenthesis2Test" type="NLog.UnitTests.Conditions.ConditionParserTests" method="UnbalancedParenthesis2Test" time="0.0004319" result="Pass" />
      <test name="NLog.UnitTests.Conditions.ConditionParserTests.LogLevelTest" type="NLog.UnitTests.Conditions.ConditionParserTests" method="LogLevelTest" time="0.0003123" result="Pass" />
      <test name="NLog.UnitTests.Conditions.ConditionParserTests.ExtraParenthesisTest" type="NLog.UnitTests.Conditions.ConditionParserTests" method="ExtraParenthesisTest" time="0.0001802" result="Pass" />
      <test name="NLog.UnitTests.Conditions.ConditionParserTests.LoggerTest" type="NLog.UnitTests.Conditions.ConditionParserTests" method="LoggerTest" time="0.0002262" result="Pass" />
      <test name="NLog.UnitTests.Conditions.ConditionParserTests.InvalidNumberTest" type="NLog.UnitTests.Conditions.ConditionParserTests" method="InvalidNumberTest" time="0.0006059" result="Pass" />
      <test name="NLog.UnitTests.Conditions.ConditionParserTests.ParseEmptyText" type="NLog.UnitTests.Conditions.ConditionParserTests" method="ParseEmptyText" time="0.0006398" result="Pass" />
      <test name="NLog.UnitTests.Conditions.ConditionParserTests.UnclosedString" type="NLog.UnitTests.Conditions.ConditionParserTests" method="UnclosedString" time="0.0006536" result="Pass" />
      <test name="NLog.UnitTests.Conditions.ConditionParserTests.ParseNullText" type="NLog.UnitTests.Conditions.ConditionParserTests" method="ParseNullText" time="0.0001815" result="Pass" />
      <test name="NLog.UnitTests.Conditions.ConditionParserTests.UnrecognizedUnicodeChar" type="NLog.UnitTests.Conditions.ConditionParserTests" method="UnrecognizedUnicodeChar" time="0.0005697" result="Pass" />
      <test name="NLog.UnitTests.Conditions.ConditionParserTests.NumberTest" type="NLog.UnitTests.Conditions.ConditionParserTests" method="NumberTest" time="0.0003252" result="Pass" />
      <test name="NLog.UnitTests.Common.InternalLoggerTests.WriteToStringWriterTests" type="NLog.UnitTests.Common.InternalLoggerTests" method="WriteToStringWriterTests" time="0.004025" result="Pass" />
      <test name="NLog.UnitTests.Common.InternalLoggerTests.WriteToStringWriterWithArgsTests" type="NLog.UnitTests.Common.InternalLoggerTests" method="WriteToStringWriterWithArgsTests" time="0.0048319" result="Pass" />
      <test name="NLog.UnitTests.Common.InternalLoggerTests.IsEnabledTests" type="NLog.UnitTests.Common.InternalLoggerTests" method="IsEnabledTests" time="0.0007955" result="Pass" />
    </collection>
  </assembly>
</assemblies>