<?xml version="1.0" encoding="utf-8"?>
<assemblies>
  <assembly name="NLog.UnitTests.dll" environment="32-bit .NET (unknown version) [collection-per-class, parallel (2 threads)]" test-framework="xUnit.net 2.1.0.3179" run-date="2016-02-21" run-time="13:27:53" total="854" passed="271" failed="581" skipped="2" time="4.253" errors="0">
    <errors />
    <collection total="2" passed="2" failed="0" skipped="0" name="Test collection for NLog.UnitTests.Contexts.GlobalDiagnosticsContextTests" time="0.004">
      <test name="NLog.UnitTests.Contexts.GlobalDiagnosticsContextTests.GDCTest1" type="NLog.UnitTests.Contexts.GlobalDiagnosticsContextTests" method="GDCTest1" time="0.0037229" result="Pass" />
      <test name="NLog.UnitTests.Contexts.GlobalDiagnosticsContextTests.GDCTest2" type="NLog.UnitTests.Contexts.GlobalDiagnosticsContextTests" method="GDCTest2" time="0.0006883" result="Pass" />
    </collection>
    <collection total="6" passed="6" failed="0" skipped="0" name="Test collection for NLog.UnitTests.Internal.StringHelpersTests" time="0.007">
      <test name="NLog.UnitTests.Internal.StringHelpersTests.IsNullOrWhiteSpaceTest(input: &quot;&quot;, result: True)" type="NLog.UnitTests.Internal.StringHelpersTests" method="IsNullOrWhiteSpaceTest" time="0.0068055" result="Pass" />
      <test name="NLog.UnitTests.Internal.StringHelpersTests.IsNullOrWhiteSpaceTest(input: &quot;  &quot;, result: True)" type="NLog.UnitTests.Internal.StringHelpersTests" method="IsNullOrWhiteSpaceTest" time="0.0000588" result="Pass" />
      <test name="NLog.UnitTests.Internal.StringHelpersTests.IsNullOrWhiteSpaceTest(input: &quot;  &#xA;&quot;, result: True)" type="NLog.UnitTests.Internal.StringHelpersTests" method="IsNullOrWhiteSpaceTest" time="0.000008" result="Pass" />
      <test name="NLog.UnitTests.Internal.StringHelpersTests.IsNullOrWhiteSpaceTest(input: &quot;  &#xA;a&quot;, result: False)" type="NLog.UnitTests.Internal.StringHelpersTests" method="IsNullOrWhiteSpaceTest" time="0.000004" result="Pass" />
      <test name="NLog.UnitTests.Internal.StringHelpersTests.IsNullOrWhiteSpaceTest(input: &quot;a&quot;, result: False)" type="NLog.UnitTests.Internal.StringHelpersTests" method="IsNullOrWhiteSpaceTest" time="0.0000034" result="Pass" />
      <test name="NLog.UnitTests.Internal.StringHelpersTests.IsNullOrWhiteSpaceTest(input: &quot; a&quot;, result: False)" type="NLog.UnitTests.Internal.StringHelpersTests" method="IsNullOrWhiteSpaceTest" time="0.0000032" result="Pass" />
    </collection>
    <collection total="845" passed="262" failed="581" skipped="2" name="dont run in parallel" time="3.697">
      <test name="NLog.UnitTests.AsyncHelperTests.ForEachItemSequentiallyTest2" type="NLog.UnitTests.AsyncHelperTests" method="ForEachItemSequentiallyTest2" time="0.0054893" result="Pass" />
      <test name="NLog.UnitTests.AsyncHelperTests.ForEachItemInParallelEmptyTest" type="NLog.UnitTests.AsyncHelperTests" method="ForEachItemInParallelEmptyTest" time="0.0088831" result="Pass" />
      <test name="NLog.UnitTests.AsyncHelperTests.OneTimeOnlyExceptionInHandlerTest_RethrowExceptionEnabled" type="NLog.UnitTests.AsyncHelperTests" method="OneTimeOnlyExceptionInHandlerTest_RethrowExceptionEnabled" time="0.0010297" result="Pass" />
      <test name="NLog.UnitTests.AsyncHelperTests.OneTimeOnlyTest2" type="NLog.UnitTests.AsyncHelperTests" method="OneTimeOnlyTest2" time="0.0002004" result="Pass" />
      <test name="NLog.UnitTests.AsyncHelperTests.ContinuationTimeoutTest" type="NLog.UnitTests.AsyncHelperTests" method="ContinuationTimeoutTest" time="0.0246217" result="Pass" />
      <test name="NLog.UnitTests.AsyncHelperTests.RepeatTest2" type="NLog.UnitTests.AsyncHelperTests" method="RepeatTest2" time="0.0016219" result="Pass" />
      <test name="NLog.UnitTests.AsyncHelperTests.OneTimeOnlyTest1" type="NLog.UnitTests.AsyncHelperTests" method="OneTimeOnlyTest1" time="0.0002579" result="Pass" />
      <test name="NLog.UnitTests.AsyncHelperTests.RepeatTest1" type="NLog.UnitTests.AsyncHelperTests" method="RepeatTest1" time="0.0002972" result="Pass" />
      <test name="NLog.UnitTests.AsyncHelperTests.OneTimeOnlyExceptionInHandlerTest" type="NLog.UnitTests.AsyncHelperTests" method="OneTimeOnlyExceptionInHandlerTest" time="0.0003704" result="Pass" />
      <test name="NLog.UnitTests.AsyncHelperTests.RepeatTest3" type="NLog.UnitTests.AsyncHelperTests" method="RepeatTest3" time="0.0003529" result="Pass" />
      <test name="NLog.UnitTests.AsyncHelperTests.PrecededByTest1" type="NLog.UnitTests.AsyncHelperTests" method="PrecededByTest1" time="0.0006279" result="Pass" />
      <test name="NLog.UnitTests.AsyncHelperTests.ForEachItemInParallelMultipleFailuresTest" type="NLog.UnitTests.AsyncHelperTests" method="ForEachItemInParallelMultipleFailuresTest" time="0.0065564" result="Pass" />
      <test name="NLog.UnitTests.AsyncHelperTests.ForEachItemInParallelSingleFailureTest" type="NLog.UnitTests.AsyncHelperTests" method="ForEachItemInParallelSingleFailureTest" time="0.0020841" result="Pass" />
      <test name="NLog.UnitTests.AsyncHelperTests.ForEachItemSequentiallyTest1" type="NLog.UnitTests.AsyncHelperTests" method="ForEachItemSequentiallyTest1" time="0.0004685" result="Pass" />
      <test name="NLog.UnitTests.AsyncHelperTests.ForEachItemInParallelTest" type="NLog.UnitTests.AsyncHelperTests" method="ForEachItemInParallelTest" time="0.0005183" result="Pass" />
      <test name="NLog.UnitTests.AsyncHelperTests.ForEachItemSequentiallyTest3" type="NLog.UnitTests.AsyncHelperTests" method="ForEachItemSequentiallyTest3" time="0.0004641" result="Pass" />
      <test name="NLog.UnitTests.AsyncHelperTests.PrecededByTest2" type="NLog.UnitTests.AsyncHelperTests" method="PrecededByTest2" time="0.0003912" result="Pass" />
      <test name="NLog.UnitTests.GetLoggerTests.GenericGetLoggerTest" type="NLog.UnitTests.GetLoggerTests" method="GenericGetLoggerTest" time="0.0049188" result="Pass" />
      <test name="NLog.UnitTests.GetLoggerTests.InvalidLoggerConfiguration_ThrowsConfigurationException_isTrue" type="NLog.UnitTests.GetLoggerTests" method="InvalidLoggerConfiguration_ThrowsConfigurationException_isTrue" time="0.001335" result="Pass" />
      <test name="NLog.UnitTests.GetLoggerTests.TypedGetLoggerTest" type="NLog.UnitTests.GetLoggerTests" method="TypedGetLoggerTest" time="0.0007971" result="Pass" />
      <test name="NLog.UnitTests.GetLoggerTests.GenericGetCurrentClassLoggerTest" type="NLog.UnitTests.GetLoggerTests" method="GenericGetCurrentClassLoggerTest" time="0.000347" result="Pass" />
      <test name="NLog.UnitTests.GetLoggerTests.InvalidLoggerConfiguration_ThrowsConfigurationException_isFalse" type="NLog.UnitTests.GetLoggerTests" method="InvalidLoggerConfiguration_ThrowsConfigurationException_isFalse" time="0.0002376" result="Pass" />
      <test name="NLog.UnitTests.GetLoggerTests.GetCurrentClassLoggerTest" type="NLog.UnitTests.GetLoggerTests" method="GetCurrentClassLoggerTest" time="0.0001894" result="Pass" />
      <test name="NLog.UnitTests.LoggerTests.DebugTest" type="NLog.UnitTests.LoggerTests" method="DebugTest" time="0.021654" result="Fail">
        <failure exception-type="Xunit.Sdk.NotNullException">
          <message><![CDATA[Assert.NotNull() Failure]]></message>
          <stack-trace><![CDATA[   at NLog.UnitTests.NLogTestBase.GetDebugTarget(String targetName, LoggingConfiguration configuration) in C:\dev\NLog\tests\NLog.UnitTests\NLogTestBase.cs:line 109
   at NLog.UnitTests.NLogTestBase.GetDebugTarget(String targetName) in C:\dev\NLog\tests\NLog.UnitTests\NLogTestBase.cs:line 103
   at NLog.UnitTests.NLogTestBase.AssertDebugCounter(String targetName, Int32 val) in C:\dev\NLog\tests\NLog.UnitTests\NLogTestBase.cs:line 76
   at NLog.UnitTests.LoggerTests.DebugTest() in C:\dev\NLog\tests\NLog.UnitTests\LoggerTests.cs:line 333]]></stack-trace>
        </failure>
      </test>
      <test name="NLog.UnitTests.LoggerTests.StringFormatWillNotCauseExceptions" type="NLog.UnitTests.LoggerTests" method="StringFormatWillNotCauseExceptions" time="0.0009303" result="Fail">
        <failure exception-type="NLog.NLogConfigurationException">
          <message><![CDATA[NLog.NLogConfigurationException : Exception occurred when loading configuration from 
---- System.ArgumentException : Target cannot be found: 'Debug']]></message>
          <stack-trace><![CDATA[   at NLog.Config.XmlLoggingConfiguration.Initialize(XmlReader reader, String fileName, Boolean ignoreErrors) in C:\dev\NLog\src\NLog\Config\XmlLoggingConfiguration.cs:line 361
   at NLog.Config.XmlLoggingConfiguration..ctor(XmlReader reader, String fileName) in C:\dev\NLog\src\NLog\Config\XmlLoggingConfiguration.cs:line 138
   at NLog.UnitTests.NLogTestBase.CreateConfigurationFromString(String configXml) in C:\dev\NLog\tests\NLog.UnitTests\NLogTestBase.cs:line 254
   at NLog.UnitTests.LoggerTests.StringFormatWillNotCauseExceptions() in C:\dev\NLog\tests\NLog.UnitTests\LoggerTests.cs:line 1423
----- Inner Stack Trace -----
   at NLog.Config.Factory`2.CreateInstance(String name) in C:\dev\NLog\src\NLog\Config\Factory.cs:line 199
   at NLog.Config.XmlLoggingConfiguration.ParseTargetsElement(NLogXmlElement targetsElement) in C:\dev\NLog\src\NLog\Config\XmlLoggingConfiguration.cs:line 723
   at NLog.Config.XmlLoggingConfiguration.ParseNLogElement(NLogXmlElement nlogElement, String filePath, Boolean autoReloadDefault) in C:\dev\NLog\src\NLog\Config\XmlLoggingConfiguration.cs:line 513
   at NLog.Config.XmlLoggingConfiguration.ParseTopLevel(NLogXmlElement content, String filePath, Boolean autoReloadDefault) in C:\dev\NLog\src\NLog\Config\XmlLoggingConfiguration.cs:line 428
   at NLog.Config.XmlLoggingConfiguration.Initialize(XmlReader reader, String fileName, Boolean ignoreErrors) in C:\dev\NLog\src\NLog\Config\XmlLoggingConfiguration.cs:line 339]]></stack-trace>
        </failure>
      </test>
      <test name="NLog.UnitTests.LoggerTests.ConditionalDebugTest" type="NLog.UnitTests.LoggerTests" method="ConditionalDebugTest" time="0.0113352" result="Fail">
        <failure exception-type="Xunit.Sdk.NotNullException">
          <message><![CDATA[Assert.NotNull() Failure]]></message>
          <stack-trace><![CDATA[   at NLog.UnitTests.NLogTestBase.GetDebugTarget(String targetName, LoggingConfiguration configuration) in C:\dev\NLog\tests\NLog.UnitTests\NLogTestBase.cs:line 109
   at NLog.UnitTests.NLogTestBase.GetDebugTarget(String targetName) in C:\dev\NLog\tests\NLog.UnitTests\NLogTestBase.cs:line 103
   at NLog.UnitTests.NLogTestBase.AssertDebugCounter(String targetName, Int32 val) in C:\dev\NLog\tests\NLog.UnitTests\NLogTestBase.cs:line 76
   at NLog.UnitTests.LoggerTests.ConditionalDebugTest() in C:\dev\NLog\tests\NLog.UnitTests\LoggerTests.cs:line 1347]]></stack-trace>
        </failure>
      </test>
      <test name="NLog.UnitTests.LoggerTests.SwallowTest" type="NLog.UnitTests.LoggerTests" method="SwallowTest" time="0.004735" result="Fail">
        <failure exception-type="Xunit.Sdk.NotNullException">
          <message><![CDATA[Assert.NotNull() Failure]]></message>
          <stack-trace><![CDATA[   at NLog.UnitTests.NLogTestBase.GetDebugTarget(String targetName, LoggingConfiguration configuration) in C:\dev\NLog\tests\NLog.UnitTests\NLogTestBase.cs:line 109
   at NLog.UnitTests.NLogTestBase.GetDebugTarget(String targetName) in C:\dev\NLog\tests\NLog.UnitTests\NLogTestBase.cs:line 103
   at NLog.UnitTests.NLogTestBase.AssertDebugCounter(String targetName, Int32 val) in C:\dev\NLog\tests\NLog.UnitTests\NLogTestBase.cs:line 76
   at NLog.UnitTests.LoggerTests.SwallowTest() in C:\dev\NLog\tests\NLog.UnitTests\LoggerTests.cs:line 1386]]></stack-trace>
        </failure>
      </test>
      <test name="NLog.UnitTests.LoggerTests.TraceTest" type="NLog.UnitTests.LoggerTests" method="TraceTest" time="0.0194052" result="Fail">
        <failure exception-type="Xunit.Sdk.NotNullException">
          <message><![CDATA[Assert.NotNull() Failure]]></message>
          <stack-trace><![CDATA[   at NLog.UnitTests.NLogTestBase.GetDebugTarget(String targetName, LoggingConfiguration configuration) in C:\dev\NLog\tests\NLog.UnitTests\NLogTestBase.cs:line 109
   at NLog.UnitTests.NLogTestBase.GetDebugTarget(String targetName) in C:\dev\NLog\tests\NLog.UnitTests\NLogTestBase.cs:line 103
   at NLog.UnitTests.NLogTestBase.AssertDebugCounter(String targetName, Int32 val) in C:\dev\NLog\tests\NLog.UnitTests\NLogTestBase.cs:line 76
   at NLog.UnitTests.LoggerTests.TraceTest() in C:\dev\NLog\tests\NLog.UnitTests\LoggerTests.cs:line 190]]></stack-trace>
        </failure>
      </test>
      <test name="NLog.UnitTests.LoggerTests.ErrorTest" type="NLog.UnitTests.LoggerTests" method="ErrorTest" time="0.0188288" result="Fail">
        <failure exception-type="Xunit.Sdk.NotNullException">
          <message><![CDATA[Assert.NotNull() Failure]]></message>
          <stack-trace><![CDATA[   at NLog.UnitTests.NLogTestBase.GetDebugTarget(String targetName, LoggingConfiguration configuration) in C:\dev\NLog\tests\NLog.UnitTests\NLogTestBase.cs:line 109
   at NLog.UnitTests.NLogTestBase.GetDebugTarget(String targetName) in C:\dev\NLog\tests\NLog.UnitTests\NLogTestBase.cs:line 103
   at NLog.UnitTests.NLogTestBase.AssertDebugCounter(String targetName, Int32 val) in C:\dev\NLog\tests\NLog.UnitTests\NLogTestBase.cs:line 76
   at NLog.UnitTests.LoggerTests.ErrorTest() in C:\dev\NLog\tests\NLog.UnitTests\LoggerTests.cs:line 771]]></stack-trace>
        </failure>
      </test>
      <test name="NLog.UnitTests.LoggerTests.InfoTest" type="NLog.UnitTests.LoggerTests" method="InfoTest" time="0.0150995" result="Fail">
        <failure exception-type="Xunit.Sdk.NotNullException">
          <message><![CDATA[Assert.NotNull() Failure]]></message>
          <stack-trace><![CDATA[   at NLog.UnitTests.NLogTestBase.GetDebugTarget(String targetName, LoggingConfiguration configuration) in C:\dev\NLog\tests\NLog.UnitTests\NLogTestBase.cs:line 109
   at NLog.UnitTests.NLogTestBase.GetDebugTarget(String targetName) in C:\dev\NLog\tests\NLog.UnitTests\NLogTestBase.cs:line 103
   at NLog.UnitTests.NLogTestBase.AssertDebugCounter(String targetName, Int32 val) in C:\dev\NLog\tests\NLog.UnitTests\NLogTestBase.cs:line 76
   at NLog.UnitTests.LoggerTests.InfoTest() in C:\dev\NLog\tests\NLog.UnitTests\LoggerTests.cs:line 479]]></stack-trace>
        </failure>
      </test>
      <test name="NLog.UnitTests.LoggerTests.LogTest" type="NLog.UnitTests.LoggerTests" method="LogTest" time="0.0150597" result="Fail">
        <failure exception-type="Xunit.Sdk.NotNullException">
          <message><![CDATA[Assert.NotNull() Failure]]></message>
          <stack-trace><![CDATA[   at NLog.UnitTests.NLogTestBase.GetDebugTarget(String targetName, LoggingConfiguration configuration) in C:\dev\NLog\tests\NLog.UnitTests\NLogTestBase.cs:line 109
   at NLog.UnitTests.NLogTestBase.GetDebugTarget(String targetName) in C:\dev\NLog\tests\NLog.UnitTests\NLogTestBase.cs:line 103
   at NLog.UnitTests.NLogTestBase.AssertDebugCounter(String targetName, Int32 val) in C:\dev\NLog\tests\NLog.UnitTests\NLogTestBase.cs:line 76
   at NLog.UnitTests.LoggerTests.LogTest() in C:\dev\NLog\tests\NLog.UnitTests\LoggerTests.cs:line 1066]]></stack-trace>
        </failure>
      </test>
      <test name="NLog.UnitTests.LoggerTests.MultipleLoggersWithSameNameShouldBothReceiveMessages" type="NLog.UnitTests.LoggerTests" method="MultipleLoggersWithSameNameShouldBothReceiveMessages" time="0.0028014" result="Fail">
        <failure exception-type="Xunit.Sdk.NotNullException">
          <message><![CDATA[Assert.NotNull() Failure]]></message>
          <stack-trace><![CDATA[   at NLog.UnitTests.NLogTestBase.GetDebugTarget(String targetName, LoggingConfiguration configuration) in C:\dev\NLog\tests\NLog.UnitTests\NLogTestBase.cs:line 109
   at NLog.UnitTests.NLogTestBase.GetDebugLastMessage(String targetName, LoggingConfiguration configuration) in C:\dev\NLog\tests\NLog.UnitTests\NLogTestBase.cs:line 98
   at NLog.UnitTests.NLogTestBase.GetDebugLastMessage(String targetName) in C:\dev\NLog\tests\NLog.UnitTests\NLogTestBase.cs:line 93
   at NLog.UnitTests.NLogTestBase.AssertDebugLastMessage(String targetName, String msg) in C:\dev\NLog\tests\NLog.UnitTests\NLogTestBase.cs:line 81
   at NLog.UnitTests.LoggerTests.MultipleLoggersWithSameNameShouldBothReceiveMessages() in C:\dev\NLog\tests\NLog.UnitTests\LoggerTests.cs:line 1456]]></stack-trace>
        </failure>
      </test>
      <test name="NLog.UnitTests.LoggerTests.ConditionalTraceTest" type="NLog.UnitTests.LoggerTests" method="ConditionalTraceTest" time="0.0157778" result="Fail">
        <failure exception-type="Xunit.Sdk.NotNullException">
          <message><![CDATA[Assert.NotNull() Failure]]></message>
          <stack-trace><![CDATA[   at NLog.UnitTests.NLogTestBase.GetDebugTarget(String targetName, LoggingConfiguration configuration) in C:\dev\NLog\tests\NLog.UnitTests\NLogTestBase.cs:line 109
   at NLog.UnitTests.NLogTestBase.GetDebugTarget(String targetName) in C:\dev\NLog\tests\NLog.UnitTests\NLogTestBase.cs:line 103
   at NLog.UnitTests.NLogTestBase.AssertDebugCounter(String targetName, Int32 val) in C:\dev\NLog\tests\NLog.UnitTests\NLogTestBase.cs:line 76
   at NLog.UnitTests.LoggerTests.ConditionalTraceTest() in C:\dev\NLog\tests\NLog.UnitTests\LoggerTests.cs:line 1210]]></stack-trace>
        </failure>
      </test>
      <test name="NLog.UnitTests.LoggerTests.FatalTest" type="NLog.UnitTests.LoggerTests" method="FatalTest" time="0.0152332" result="Fail">
        <failure exception-type="Xunit.Sdk.NotNullException">
          <message><![CDATA[Assert.NotNull() Failure]]></message>
          <stack-trace><![CDATA[   at NLog.UnitTests.NLogTestBase.GetDebugTarget(String targetName, LoggingConfiguration configuration) in C:\dev\NLog\tests\NLog.UnitTests\NLogTestBase.cs:line 109
   at NLog.UnitTests.NLogTestBase.GetDebugTarget(String targetName) in C:\dev\NLog\tests\NLog.UnitTests\NLogTestBase.cs:line 103
   at NLog.UnitTests.NLogTestBase.AssertDebugCounter(String targetName, Int32 val) in C:\dev\NLog\tests\NLog.UnitTests\NLogTestBase.cs:line 76
   at NLog.UnitTests.LoggerTests.FatalTest() in C:\dev\NLog\tests\NLog.UnitTests\LoggerTests.cs:line 917]]></stack-trace>
        </failure>
      </test>
      <test name="NLog.UnitTests.LoggerTests.When_Logging_LogEvent_Without_Level_Defined_No_Exception_Should_Be_Thrown" type="NLog.UnitTests.LoggerTests" method="When_Logging_LogEvent_Without_Level_Defined_No_Exception_Should_Be_Thrown" time="0.0230032" result="Fail">
        <failure exception-type="System.ArgumentException">
          <message><![CDATA[System.ArgumentException : LayoutRenderer cannot be found: 'longdate']]></message>
          <stack-trace><![CDATA[   at NLog.Config.Factory`2.CreateInstance(String name) in C:\dev\NLog\src\NLog\Config\Factory.cs:line 199
   at NLog.Layouts.LayoutParser.ParseLayoutRenderer(ConfigurationItemFactory configurationItemFactory, SimpleStringReader sr) in C:\dev\NLog\src\NLog\Layouts\LayoutParser.cs:line 345
   at NLog.Layouts.LayoutParser.CompileLayout(ConfigurationItemFactory configurationItemFactory, SimpleStringReader sr, Boolean isNested, String& text) in C:\dev\NLog\src\NLog\Layouts\LayoutParser.cs:line 108
   at NLog.Layouts.SimpleLayout.set_Text(String value) in C:\dev\NLog\src\NLog\Layouts\SimpleLayout.cs:line 119
   at NLog.Layouts.SimpleLayout..ctor(String txt, ConfigurationItemFactory configurationItemFactory) in C:\dev\NLog\src\NLog\Layouts\SimpleLayout.cs:line 88
   at NLog.Layouts.Layout.FromString(String layoutText, ConfigurationItemFactory configurationItemFactory) in C:\dev\NLog\src\NLog\Layouts\Layout.cs:line 104
   at NLog.Layouts.Layout.FromString(String layoutText) in C:\dev\NLog\src\NLog\Layouts\Layout.cs:line 93
   at NLog.Layouts.Layout.op_Implicit(String text) in C:\dev\NLog\src\NLog\Layouts\Layout.cs:line 83
   at NLog.Targets.TargetWithLayout..ctor() in C:\dev\NLog\src\NLog\Targets\TargetWithLayout.cs:line 54
   at NLog.UnitTests.LoggerTests.MyTarget..ctor() in C:\dev\NLog\tests\NLog.UnitTests\LoggerTests.cs:line 1504
   at NLog.UnitTests.LoggerTests.When_Logging_LogEvent_Without_Level_Defined_No_Exception_Should_Be_Thrown() in C:\dev\NLog\tests\NLog.UnitTests\LoggerTests.cs:line 1464]]></stack-trace>
        </failure>
      </test>
      <test name="NLog.UnitTests.LoggerTests.WarnTest" type="NLog.UnitTests.LoggerTests" method="WarnTest" time="0.0205993" result="Fail">
        <failure exception-type="Xunit.Sdk.NotNullException">
          <message><![CDATA[Assert.NotNull() Failure]]></message>
          <stack-trace><![CDATA[   at NLog.UnitTests.NLogTestBase.GetDebugTarget(String targetName, LoggingConfiguration configuration) in C:\dev\NLog\tests\NLog.UnitTests\NLogTestBase.cs:line 109
   at NLog.UnitTests.NLogTestBase.GetDebugTarget(String targetName) in C:\dev\NLog\tests\NLog.UnitTests\NLogTestBase.cs:line 103
   at NLog.UnitTests.NLogTestBase.AssertDebugCounter(String targetName, Int32 val) in C:\dev\NLog\tests\NLog.UnitTests\NLogTestBase.cs:line 76
   at NLog.UnitTests.LoggerTests.WarnTest() in C:\dev\NLog\tests\NLog.UnitTests\LoggerTests.cs:line 625]]></stack-trace>
        </failure>
      </test>
      <test name="NLog.UnitTests.LogLevelTests.LogLevelCompareTo_ValidLevels_ExpectIntValues" type="NLog.UnitTests.LogLevelTests" method="LogLevelCompareTo_ValidLevels_ExpectIntValues" time="0.0008812" result="Pass">
        <traits>
          <trait name="Component" value="Core" />
        </traits>
      </test>
      <test name="NLog.UnitTests.LogLevelTests.LogLevelGetHashCode" type="NLog.UnitTests.LogLevelTests" method="LogLevelGetHashCode" time="0.0002296" result="Pass">
        <traits>
          <trait name="Component" value="Core" />
        </traits>
      </test>
      <test name="NLog.UnitTests.LogLevelTests.OrdinalTest" type="NLog.UnitTests.LogLevelTests" method="OrdinalTest" time="0.000373" result="Pass">
        <traits>
          <trait name="Component" value="Core" />
        </traits>
      </test>
      <test name="NLog.UnitTests.LogLevelTests.LogLevelEqualityTest" type="NLog.UnitTests.LogLevelTests" method="LogLevelEqualityTest" time="0.0001918" result="Pass">
        <traits>
          <trait name="Component" value="Core" />
        </traits>
      </test>
      <test name="NLog.UnitTests.LogLevelTests.LogLevelFromOrdinal_InputOutOfRange_ExpectException" type="NLog.UnitTests.LogLevelTests" method="LogLevelFromOrdinal_InputOutOfRange_ExpectException" time="0.0023835" result="Pass">
        <traits>
          <trait name="Component" value="Core" />
        </traits>
      </test>
      <test name="NLog.UnitTests.LogLevelTests.ToStringTest" type="NLog.UnitTests.LogLevelTests" method="ToStringTest" time="0.0001397" result="Pass">
        <traits>
          <trait name="Component" value="Core" />
        </traits>
      </test>
      <test name="NLog.UnitTests.LogLevelTests.FromStringTest" type="NLog.UnitTests.LogLevelTests" method="FromStringTest" time="0.000332" result="Pass">
        <traits>
          <trait name="Component" value="Core" />
        </traits>
      </test>
      <test name="NLog.UnitTests.LogLevelTests.FromStringFailingTest" type="NLog.UnitTests.LogLevelTests" method="FromStringFailingTest" time="0.00045" result="Pass">
        <traits>
          <trait name="Component" value="Core" />
        </traits>
      </test>
      <test name="NLog.UnitTests.LogLevelTests.LogLevelFromOrdinal_InputInRange_ExpectValidLevel" type="NLog.UnitTests.LogLevelTests" method="LogLevelFromOrdinal_InputInRange_ExpectValidLevel" time="0.000113" result="Pass">
        <traits>
          <trait name="Component" value="Core" />
        </traits>
      </test>
      <test name="NLog.UnitTests.LogLevelTests.LogLevelCompareTo_Null_ExpectException" type="NLog.UnitTests.LogLevelTests" method="LogLevelCompareTo_Null_ExpectException" time="0.001566" result="Pass">
        <traits>
          <trait name="Component" value="Core" />
        </traits>
      </test>
      <test name="NLog.UnitTests.LogLevelTests.LogLevel_MinMaxLevels_ExpectConstantValues" type="NLog.UnitTests.LogLevelTests" method="LogLevel_MinMaxLevels_ExpectConstantValues" time="0.0003063" result="Pass">
        <traits>
          <trait name="Component" value="Core" />
        </traits>
      </test>
      <test name="NLog.UnitTests.LogLevelTests.LogLevelEqual_TypeOfLogLevel" type="NLog.UnitTests.LogLevelTests" method="LogLevelEqual_TypeOfLogLevel" time="0.0009923" result="Pass" />
      <test name="NLog.UnitTests.LogLevelTests.LogLevelNullComparison" type="NLog.UnitTests.LogLevelTests" method="LogLevelNullComparison" time="0.0002941" result="Pass">
        <traits>
          <trait name="Component" value="Core" />
        </traits>
      </test>
      <test name="NLog.UnitTests.LogLevelTests.LogLevelEqual_TypeOfObject" type="NLog.UnitTests.LogLevelTests" method="LogLevelEqual_TypeOfObject" time="0.0003032" result="Pass" />
      <test name="NLog.UnitTests.LogLevelTests.LogLevelEquals_Null_ExpectFalse" type="NLog.UnitTests.LogLevelTests" method="LogLevelEquals_Null_ExpectFalse" time="0.000108" result="Pass">
        <traits>
          <trait name="Component" value="Core" />
        </traits>
      </test>
      <test name="NLog.UnitTests.LogManagerTests.DisableLoggingTest_WithoutUsingStatement" type="NLog.UnitTests.LogManagerTests" method="DisableLoggingTest_WithoutUsingStatement" time="0.0012646" result="Fail">
        <failure exception-type="Xunit.Sdk.NotNullException">
          <message><![CDATA[Assert.NotNull() Failure]]></message>
          <stack-trace><![CDATA[   at NLog.UnitTests.NLogTestBase.GetDebugTarget(String targetName, LoggingConfiguration configuration) in C:\dev\NLog\tests\NLog.UnitTests\NLogTestBase.cs:line 109
   at NLog.UnitTests.NLogTestBase.GetDebugLastMessage(String targetName, LoggingConfiguration configuration) in C:\dev\NLog\tests\NLog.UnitTests\NLogTestBase.cs:line 98
   at NLog.UnitTests.NLogTestBase.GetDebugLastMessage(String targetName) in C:\dev\NLog\tests\NLog.UnitTests\NLogTestBase.cs:line 93
   at NLog.UnitTests.NLogTestBase.AssertDebugLastMessage(String targetName, String msg) in C:\dev\NLog\tests\NLog.UnitTests\NLogTestBase.cs:line 81
   at NLog.UnitTests.LogManagerTests.DisableLoggingTest_WithoutUsingStatement() in C:\dev\NLog\tests\NLog.UnitTests\LogManagerTests.cs:line 233]]></stack-trace>
        </failure>
      </test>
      <test name="NLog.UnitTests.LogManagerTests.GetLoggerTest" type="NLog.UnitTests.LogManagerTests" method="GetLoggerTest" time="0.0005451" result="Pass" />
      <test name="NLog.UnitTests.LogManagerTests.DisableLoggingTest_UsingStatement" type="NLog.UnitTests.LogManagerTests" method="DisableLoggingTest_UsingStatement" time="0.0016573" result="Fail">
        <failure exception-type="Xunit.Sdk.NotNullException">
          <message><![CDATA[Assert.NotNull() Failure]]></message>
          <stack-trace><![CDATA[   at NLog.UnitTests.NLogTestBase.GetDebugTarget(String targetName, LoggingConfiguration configuration) in C:\dev\NLog\tests\NLog.UnitTests\NLogTestBase.cs:line 109
   at NLog.UnitTests.NLogTestBase.GetDebugLastMessage(String targetName, LoggingConfiguration configuration) in C:\dev\NLog\tests\NLog.UnitTests\NLogTestBase.cs:line 98
   at NLog.UnitTests.NLogTestBase.GetDebugLastMessage(String targetName) in C:\dev\NLog\tests\NLog.UnitTests\NLogTestBase.cs:line 93
   at NLog.UnitTests.NLogTestBase.AssertDebugLastMessage(String targetName, String msg) in C:\dev\NLog\tests\NLog.UnitTests\NLogTestBase.cs:line 81
   at NLog.UnitTests.LogManagerTests.DisableLoggingTest_UsingStatement() in C:\dev\NLog\tests\NLog.UnitTests\LogManagerTests.cs:line 179]]></stack-trace>
        </failure>
      </test>
      <test name="NLog.UnitTests.LogManagerTests.GetLogger_wrong_loggertype_should_continue" type="NLog.UnitTests.LogManagerTests" method="GetLogger_wrong_loggertype_should_continue" time="0.0018385" result="Pass" />
      <test name="NLog.UnitTests.LogManagerTests.ThrowExceptionsTest" type="NLog.UnitTests.LogManagerTests" method="ThrowExceptionsTest" time="0.0096851" result="Fail">
        <failure exception-type="System.ArgumentException">
          <message><![CDATA[System.ArgumentException : LayoutRenderer cannot be found: 'longdate']]></message>
          <stack-trace><![CDATA[   at NLog.Config.Factory`2.CreateInstance(String name) in C:\dev\NLog\src\NLog\Config\Factory.cs:line 199
   at NLog.Layouts.LayoutParser.ParseLayoutRenderer(ConfigurationItemFactory configurationItemFactory, SimpleStringReader sr) in C:\dev\NLog\src\NLog\Layouts\LayoutParser.cs:line 345
   at NLog.Layouts.LayoutParser.CompileLayout(ConfigurationItemFactory configurationItemFactory, SimpleStringReader sr, Boolean isNested, String& text) in C:\dev\NLog\src\NLog\Layouts\LayoutParser.cs:line 108
   at NLog.Layouts.SimpleLayout.set_Text(String value) in C:\dev\NLog\src\NLog\Layouts\SimpleLayout.cs:line 119
   at NLog.Layouts.SimpleLayout..ctor(String txt, ConfigurationItemFactory configurationItemFactory) in C:\dev\NLog\src\NLog\Layouts\SimpleLayout.cs:line 88
   at NLog.Layouts.Layout.FromString(String layoutText, ConfigurationItemFactory configurationItemFactory) in C:\dev\NLog\src\NLog\Layouts\Layout.cs:line 104
   at NLog.Layouts.Layout.FromString(String layoutText) in C:\dev\NLog\src\NLog\Layouts\Layout.cs:line 93
   at NLog.Layouts.Layout.op_Implicit(String text) in C:\dev\NLog\src\NLog\Layouts\Layout.cs:line 83
   at NLog.Targets.TargetWithLayout..ctor() in C:\dev\NLog\src\NLog\Targets\TargetWithLayout.cs:line 54
   at NLog.Targets.TargetWithLayoutHeaderAndFooter..ctor() in C:\dev\NLog\src\NLog\Targets\TargetWithLayoutHeaderAndFooter.cs:line 50
   at NLog.Targets.FileTarget..ctor() in C:\dev\NLog\src\NLog\Targets\FileTarget.cs:line 167
   at NLog.UnitTests.LogManagerTests.ThrowExceptionsTest() in C:\dev\NLog\tests\NLog.UnitTests\LogManagerTests.cs:line 104]]></stack-trace>
        </failure>
      </test>
      <test name="NLog.UnitTests.LogManagerTests.GetLogger_wrong_loggertype_should_continue_even_if_class_is_static" type="NLog.UnitTests.LogManagerTests" method="GetLogger_wrong_loggertype_should_continue_even_if_class_is_static" time="0.0006813" result="Pass" />
      <test name="NLog.UnitTests.LogManagerTests.GetCurrentClassLogger_abstract_class" type="NLog.UnitTests.LogManagerTests" method="GetCurrentClassLogger_abstract_class" time="0.0005022" result="Pass" />
      <test name="NLog.UnitTests.LogManagerTests.GarbageCollection2Test" type="NLog.UnitTests.LogManagerTests" method="GarbageCollection2Test" time="0.0808131" result="Pass" />
      <test name="NLog.UnitTests.LogManagerTests.NullLoggerTest" type="NLog.UnitTests.LogManagerTests" method="NullLoggerTest" time="0.0003863" result="Pass" />
      <test name="NLog.UnitTests.LogManagerTests.GetCurrentClassLogger_static_class" type="NLog.UnitTests.LogManagerTests" method="GetCurrentClassLogger_static_class" time="0.0003298" result="Pass" />
      <test name="NLog.UnitTests.LogManagerTests.GarbageCollectionTest" type="NLog.UnitTests.LogManagerTests" method="GarbageCollectionTest" time="0.0686902" result="Pass" />
      <test name="NLog.UnitTests.LogManagerTests.GivenCurrentClass_WhenGetCurrentClassLogger_ThenLoggerShouldBeCurrentClass" type="NLog.UnitTests.LogManagerTests" method="GivenCurrentClass_WhenGetCurrentClassLogger_ThenLoggerShouldBeCurrentClass" time="0.0002199" result="Pass" />
      <test name="NLog.UnitTests.RegressionTests.Bug4655UnableToReconfigureExistingLoggers" type="NLog.UnitTests.RegressionTests" method="Bug4655UnableToReconfigureExistingLoggers" time="0.0013923" result="Fail">
        <failure exception-type="System.ArgumentException">
          <message><![CDATA[System.ArgumentException : LayoutRenderer cannot be found: 'longdate']]></message>
          <stack-trace><![CDATA[   at NLog.Config.Factory`2.CreateInstance(String name) in C:\dev\NLog\src\NLog\Config\Factory.cs:line 199
   at NLog.Layouts.LayoutParser.ParseLayoutRenderer(ConfigurationItemFactory configurationItemFactory, SimpleStringReader sr) in C:\dev\NLog\src\NLog\Layouts\LayoutParser.cs:line 345
   at NLog.Layouts.LayoutParser.CompileLayout(ConfigurationItemFactory configurationItemFactory, SimpleStringReader sr, Boolean isNested, String& text) in C:\dev\NLog\src\NLog\Layouts\LayoutParser.cs:line 108
   at NLog.Layouts.SimpleLayout.set_Text(String value) in C:\dev\NLog\src\NLog\Layouts\SimpleLayout.cs:line 119
   at NLog.Layouts.SimpleLayout..ctor(String txt, ConfigurationItemFactory configurationItemFactory) in C:\dev\NLog\src\NLog\Layouts\SimpleLayout.cs:line 88
   at NLog.Layouts.Layout.FromString(String layoutText, ConfigurationItemFactory configurationItemFactory) in C:\dev\NLog\src\NLog\Layouts\Layout.cs:line 104
   at NLog.Layouts.Layout.FromString(String layoutText) in C:\dev\NLog\src\NLog\Layouts\Layout.cs:line 93
   at NLog.Layouts.Layout.op_Implicit(String text) in C:\dev\NLog\src\NLog\Layouts\Layout.cs:line 83
   at NLog.Targets.TargetWithLayout..ctor() in C:\dev\NLog\src\NLog\Targets\TargetWithLayout.cs:line 54
   at NLog.Targets.DebugTarget..ctor() in C:\dev\NLog\src\NLog\Targets\DebugTarget.cs:line 66
   at NLog.UnitTests.RegressionTests.Bug4655UnableToReconfigureExistingLoggers() in C:\dev\NLog\tests\NLog.UnitTests\RegressionTests.cs:line 67]]></stack-trace>
        </failure>
      </test>
      <test name="NLog.UnitTests.RegressionTests.Bug5965StackOverflow" type="NLog.UnitTests.RegressionTests" method="Bug5965StackOverflow" time="0.0009787" result="Pass" />
      <test name="NLog.UnitTests.RoutingTests.LogThresholdTest" type="NLog.UnitTests.RoutingTests" method="LogThresholdTest" time="0.0029396" result="Fail">
        <failure exception-type="Xunit.Sdk.NotNullException">
          <message><![CDATA[Assert.NotNull() Failure]]></message>
          <stack-trace><![CDATA[   at NLog.UnitTests.NLogTestBase.GetDebugTarget(String targetName, LoggingConfiguration configuration) in C:\dev\NLog\tests\NLog.UnitTests\NLogTestBase.cs:line 109
   at NLog.UnitTests.NLogTestBase.GetDebugTarget(String targetName) in C:\dev\NLog\tests\NLog.UnitTests\NLogTestBase.cs:line 103
   at NLog.UnitTests.NLogTestBase.AssertDebugCounter(String targetName, Int32 val) in C:\dev\NLog\tests\NLog.UnitTests\NLogTestBase.cs:line 76
   at NLog.UnitTests.RoutingTests.LogThresholdTest() in C:\dev\NLog\tests\NLog.UnitTests\RoutingTests.cs:line 53]]></stack-trace>
        </failure>
      </test>
      <test name="NLog.UnitTests.RoutingTests.MultiAppenderTest" type="NLog.UnitTests.RoutingTests" method="MultiAppenderTest" time="0.00288" result="Fail">
        <failure exception-type="Xunit.Sdk.NotNullException">
          <message><![CDATA[Assert.NotNull() Failure]]></message>
          <stack-trace><![CDATA[   at NLog.UnitTests.NLogTestBase.GetDebugTarget(String targetName, LoggingConfiguration configuration) in C:\dev\NLog\tests\NLog.UnitTests\NLogTestBase.cs:line 109
   at NLog.UnitTests.NLogTestBase.GetDebugTarget(String targetName) in C:\dev\NLog\tests\NLog.UnitTests\NLogTestBase.cs:line 103
   at NLog.UnitTests.NLogTestBase.AssertDebugCounter(String targetName, Int32 val) in C:\dev\NLog\tests\NLog.UnitTests\NLogTestBase.cs:line 76
   at NLog.UnitTests.RoutingTests.MultiAppenderTest() in C:\dev\NLog\tests\NLog.UnitTests\RoutingTests.cs:line 166]]></stack-trace>
        </failure>
      </test>
      <test name="NLog.UnitTests.RoutingTests.LoggerNameMatchTest" type="NLog.UnitTests.RoutingTests" method="LoggerNameMatchTest" time="0.0013835" result="Fail">
        <failure exception-type="Xunit.Sdk.NotNullException">
          <message><![CDATA[Assert.NotNull() Failure]]></message>
          <stack-trace><![CDATA[   at NLog.UnitTests.NLogTestBase.GetDebugTarget(String targetName, LoggingConfiguration configuration) in C:\dev\NLog\tests\NLog.UnitTests\NLogTestBase.cs:line 109
   at NLog.UnitTests.NLogTestBase.GetDebugTarget(String targetName) in C:\dev\NLog\tests\NLog.UnitTests\NLogTestBase.cs:line 103
   at NLog.UnitTests.NLogTestBase.AssertDebugCounter(String targetName, Int32 val) in C:\dev\NLog\tests\NLog.UnitTests\NLogTestBase.cs:line 76
   at NLog.UnitTests.RoutingTests.LoggerNameMatchTest() in C:\dev\NLog\tests\NLog.UnitTests\RoutingTests.cs:line 134]]></stack-trace>
        </failure>
      </test>
      <test name="NLog.UnitTests.RoutingTests.LogThresholdTest2" type="NLog.UnitTests.RoutingTests" method="LogThresholdTest2" time="0.0007792" result="Fail">
        <failure exception-type="Xunit.Sdk.NotNullException">
          <message><![CDATA[Assert.NotNull() Failure]]></message>
          <stack-trace><![CDATA[   at NLog.UnitTests.NLogTestBase.GetDebugTarget(String targetName, LoggingConfiguration configuration) in C:\dev\NLog\tests\NLog.UnitTests\NLogTestBase.cs:line 109
   at NLog.UnitTests.NLogTestBase.GetDebugTarget(String targetName) in C:\dev\NLog\tests\NLog.UnitTests\NLogTestBase.cs:line 103
   at NLog.UnitTests.NLogTestBase.AssertDebugCounter(String targetName, Int32 val) in C:\dev\NLog\tests\NLog.UnitTests\NLogTestBase.cs:line 76
   at NLog.UnitTests.RoutingTests.LogThresholdTest2() in C:\dev\NLog\tests\NLog.UnitTests\RoutingTests.cs:line 97]]></stack-trace>
        </failure>
      </test>
      <test name="NLog.UnitTests.TimeSourceTests.FastLocalTest" type="NLog.UnitTests.TimeSourceTests" method="FastLocalTest" time="0.0200498" result="Pass" />
      <test name="NLog.UnitTests.TimeSourceTests.AccurateLocalTest" type="NLog.UnitTests.TimeSourceTests" method="AccurateLocalTest" time="0.0157973" result="Pass" />
      <test name="NLog.UnitTests.TimeSourceTests.CustomTimeSourceTest" type="NLog.UnitTests.TimeSourceTests" method="CustomTimeSourceTest" time="0.0153427" result="Pass" />
      <test name="NLog.UnitTests.TimeSourceTests.AccurateUtcTest" type="NLog.UnitTests.TimeSourceTests" method="AccurateUtcTest" time="0.0165283" result="Pass" />
      <test name="NLog.UnitTests.TimeSourceTests.FastUtcTest" type="NLog.UnitTests.TimeSourceTests" method="FastUtcTest" time="0.0372317" result="Pass" />
      <test name="NLog.UnitTests.Targets.PlainFileTargetTests.RollingArchiveTest(specifyArchiveFileName: False)" type="NLog.UnitTests.Targets.PlainFileTargetTests" method="RollingArchiveTest" time="0.001591" result="Fail">
        <failure exception-type="System.ArgumentException">
          <message><![CDATA[System.ArgumentException : LayoutRenderer cannot be found: 'longdate']]></message>
          <stack-trace><![CDATA[   at NLog.Config.Factory`2.CreateInstance(String name) in C:\dev\NLog\src\NLog\Config\Factory.cs:line 199
   at NLog.Layouts.LayoutParser.ParseLayoutRenderer(ConfigurationItemFactory configurationItemFactory, SimpleStringReader sr) in C:\dev\NLog\src\NLog\Layouts\LayoutParser.cs:line 345
   at NLog.Layouts.LayoutParser.CompileLayout(ConfigurationItemFactory configurationItemFactory, SimpleStringReader sr, Boolean isNested, String& text) in C:\dev\NLog\src\NLog\Layouts\LayoutParser.cs:line 108
   at NLog.Layouts.SimpleLayout.set_Text(String value) in C:\dev\NLog\src\NLog\Layouts\SimpleLayout.cs:line 119
   at NLog.Layouts.SimpleLayout..ctor(String txt, ConfigurationItemFactory configurationItemFactory) in C:\dev\NLog\src\NLog\Layouts\SimpleLayout.cs:line 88
   at NLog.Layouts.Layout.FromString(String layoutText, ConfigurationItemFactory configurationItemFactory) in C:\dev\NLog\src\NLog\Layouts\Layout.cs:line 104
   at NLog.Layouts.Layout.FromString(String layoutText) in C:\dev\NLog\src\NLog\Layouts\Layout.cs:line 93
   at NLog.Layouts.Layout.op_Implicit(String text) in C:\dev\NLog\src\NLog\Layouts\Layout.cs:line 83
   at NLog.Targets.TargetWithLayout..ctor() in C:\dev\NLog\src\NLog\Targets\TargetWithLayout.cs:line 54
   at NLog.Targets.TargetWithLayoutHeaderAndFooter..ctor() in C:\dev\NLog\src\NLog\Targets\TargetWithLayoutHeaderAndFooter.cs:line 50
   at NLog.Targets.FileTarget..ctor() in C:\dev\NLog\src\NLog\Targets\FileTarget.cs:line 167
   at NLog.UnitTests.Targets.FileTargetTests.RollingArchiveTests(Boolean enableCompression, Boolean specifyArchiveFileName) in C:\dev\NLog\tests\NLog.UnitTests\Targets\FileTargetTests.cs:line 1364
   at NLog.UnitTests.Targets.FileTargetTests.RollingArchiveTest(Boolean specifyArchiveFileName) in C:\dev\NLog\tests\NLog.UnitTests\Targets\FileTargetTests.cs:line 1344]]></stack-trace>
        </failure>
      </test>
      <test name="NLog.UnitTests.Targets.PlainFileTargetTests.RollingArchiveTest(specifyArchiveFileName: True)" type="NLog.UnitTests.Targets.PlainFileTargetTests" method="RollingArchiveTest" time="0.0006935" result="Fail">
        <failure exception-type="System.ArgumentException">
          <message><![CDATA[System.ArgumentException : LayoutRenderer cannot be found: 'longdate']]></message>
          <stack-trace><![CDATA[   at NLog.Config.Factory`2.CreateInstance(String name) in C:\dev\NLog\src\NLog\Config\Factory.cs:line 199
   at NLog.Layouts.LayoutParser.ParseLayoutRenderer(ConfigurationItemFactory configurationItemFactory, SimpleStringReader sr) in C:\dev\NLog\src\NLog\Layouts\LayoutParser.cs:line 345
   at NLog.Layouts.LayoutParser.CompileLayout(ConfigurationItemFactory configurationItemFactory, SimpleStringReader sr, Boolean isNested, String& text) in C:\dev\NLog\src\NLog\Layouts\LayoutParser.cs:line 108
   at NLog.Layouts.SimpleLayout.set_Text(String value) in C:\dev\NLog\src\NLog\Layouts\SimpleLayout.cs:line 119
   at NLog.Layouts.SimpleLayout..ctor(String txt, ConfigurationItemFactory configurationItemFactory) in C:\dev\NLog\src\NLog\Layouts\SimpleLayout.cs:line 88
   at NLog.Layouts.Layout.FromString(String layoutText, ConfigurationItemFactory configurationItemFactory) in C:\dev\NLog\src\NLog\Layouts\Layout.cs:line 104
   at NLog.Layouts.Layout.FromString(String layoutText) in C:\dev\NLog\src\NLog\Layouts\Layout.cs:line 93
   at NLog.Layouts.Layout.op_Implicit(String text) in C:\dev\NLog\src\NLog\Layouts\Layout.cs:line 83
   at NLog.Targets.TargetWithLayout..ctor() in C:\dev\NLog\src\NLog\Targets\TargetWithLayout.cs:line 54
   at NLog.Targets.TargetWithLayoutHeaderAndFooter..ctor() in C:\dev\NLog\src\NLog\Targets\TargetWithLayoutHeaderAndFooter.cs:line 50
   at NLog.Targets.FileTarget..ctor() in C:\dev\NLog\src\NLog\Targets\FileTarget.cs:line 167
   at NLog.UnitTests.Targets.FileTargetTests.RollingArchiveTests(Boolean enableCompression, Boolean specifyArchiveFileName) in C:\dev\NLog\tests\NLog.UnitTests\Targets\FileTargetTests.cs:line 1364
   at NLog.UnitTests.Targets.FileTargetTests.RollingArchiveTest(Boolean specifyArchiveFileName) in C:\dev\NLog\tests\NLog.UnitTests\Targets\FileTargetTests.cs:line 1344]]></stack-trace>
        </failure>
      </test>
      <test name="NLog.UnitTests.Targets.PlainFileTargetTests.MaxArchiveFilesWithDate_only_date2(changeCreationAndWriteTime: True)" type="NLog.UnitTests.Targets.PlainFileTargetTests" method="MaxArchiveFilesWithDate_only_date2" time="0.156165" result="Fail">
        <failure exception-type="NLog.NLogConfigurationException">
          <message><![CDATA[NLog.NLogConfigurationException : Exception occurred when loading configuration from 
---- System.ArgumentException : Target cannot be found: 'File']]></message>
          <stack-trace><![CDATA[   at NLog.Config.XmlLoggingConfiguration.Initialize(XmlReader reader, String fileName, Boolean ignoreErrors) in C:\dev\NLog\src\NLog\Config\XmlLoggingConfiguration.cs:line 361
   at NLog.Config.XmlLoggingConfiguration..ctor(XmlReader reader, String fileName) in C:\dev\NLog\src\NLog\Config\XmlLoggingConfiguration.cs:line 138
   at NLog.UnitTests.NLogTestBase.CreateConfigurationFromString(String configXml) in C:\dev\NLog\tests\NLog.UnitTests\NLogTestBase.cs:line 254
   at NLog.UnitTests.Targets.FileTargetTests.TestMaxArchiveFilesWithDate(String archivePath, String logdir, Int32 maxArchiveFilesConfig, Int32 expectedArchiveFiles, String dateFormat, Boolean changeCreationAndWriteTime) in C:\dev\NLog\tests\NLog.UnitTests\Targets\FileTargetTests.cs:line 2411
   at NLog.UnitTests.Targets.FileTargetTests.MaxArchiveFilesWithDate_only_date2(Boolean changeCreationAndWriteTime) in C:\dev\NLog\tests\NLog.UnitTests\Targets\FileTargetTests.cs:line 2362
----- Inner Stack Trace -----
   at NLog.Config.Factory`2.CreateInstance(String name) in C:\dev\NLog\src\NLog\Config\Factory.cs:line 199
   at NLog.Config.XmlLoggingConfiguration.ParseTargetsElement(NLogXmlElement targetsElement) in C:\dev\NLog\src\NLog\Config\XmlLoggingConfiguration.cs:line 723
   at NLog.Config.XmlLoggingConfiguration.ParseNLogElement(NLogXmlElement nlogElement, String filePath, Boolean autoReloadDefault) in C:\dev\NLog\src\NLog\Config\XmlLoggingConfiguration.cs:line 513
   at NLog.Config.XmlLoggingConfiguration.ParseTopLevel(NLogXmlElement content, String filePath, Boolean autoReloadDefault) in C:\dev\NLog\src\NLog\Config\XmlLoggingConfiguration.cs:line 428
   at NLog.Config.XmlLoggingConfiguration.Initialize(XmlReader reader, String fileName, Boolean ignoreErrors) in C:\dev\NLog\src\NLog\Config\XmlLoggingConfiguration.cs:line 339]]></stack-trace>
        </failure>
      </test>
      <test name="NLog.UnitTests.Targets.PlainFileTargetTests.MaxArchiveFilesWithDate_only_date2(changeCreationAndWriteTime: False)" type="NLog.UnitTests.Targets.PlainFileTargetTests" method="MaxArchiveFilesWithDate_only_date2" time="0.1316917" result="Fail">
        <failure exception-type="NLog.NLogConfigurationException">
          <message><![CDATA[NLog.NLogConfigurationException : Exception occurred when loading configuration from 
---- System.ArgumentException : Target cannot be found: 'File']]></message>
          <stack-trace><![CDATA[   at NLog.Config.XmlLoggingConfiguration.Initialize(XmlReader reader, String fileName, Boolean ignoreErrors) in C:\dev\NLog\src\NLog\Config\XmlLoggingConfiguration.cs:line 361
   at NLog.Config.XmlLoggingConfiguration..ctor(XmlReader reader, String fileName) in C:\dev\NLog\src\NLog\Config\XmlLoggingConfiguration.cs:line 138
   at NLog.UnitTests.NLogTestBase.CreateConfigurationFromString(String configXml) in C:\dev\NLog\tests\NLog.UnitTests\NLogTestBase.cs:line 254
   at NLog.UnitTests.Targets.FileTargetTests.TestMaxArchiveFilesWithDate(String archivePath, String logdir, Int32 maxArchiveFilesConfig, Int32 expectedArchiveFiles, String dateFormat, Boolean changeCreationAndWriteTime) in C:\dev\NLog\tests\NLog.UnitTests\Targets\FileTargetTests.cs:line 2411
   at NLog.UnitTests.Targets.FileTargetTests.MaxArchiveFilesWithDate_only_date2(Boolean changeCreationAndWriteTime) in C:\dev\NLog\tests\NLog.UnitTests\Targets\FileTargetTests.cs:line 2362
----- Inner Stack Trace -----
   at NLog.Config.Factory`2.CreateInstance(String name) in C:\dev\NLog\src\NLog\Config\Factory.cs:line 199
   at NLog.Config.XmlLoggingConfiguration.ParseTargetsElement(NLogXmlElement targetsElement) in C:\dev\NLog\src\NLog\Config\XmlLoggingConfiguration.cs:line 723
   at NLog.Config.XmlLoggingConfiguration.ParseNLogElement(NLogXmlElement nlogElement, String filePath, Boolean autoReloadDefault) in C:\dev\NLog\src\NLog\Config\XmlLoggingConfiguration.cs:line 513
   at NLog.Config.XmlLoggingConfiguration.ParseTopLevel(NLogXmlElement content, String filePath, Boolean autoReloadDefault) in C:\dev\NLog\src\NLog\Config\XmlLoggingConfiguration.cs:line 428
   at NLog.Config.XmlLoggingConfiguration.Initialize(XmlReader reader, String fileName, Boolean ignoreErrors) in C:\dev\NLog\src\NLog\Config\XmlLoggingConfiguration.cs:line 339]]></stack-trace>
        </failure>
      </test>
      <test name="NLog.UnitTests.Targets.PlainFileTargetTests.RelativeSequentialArchiveTest_MaxArchiveFiles_0" type="NLog.UnitTests.Targets.PlainFileTargetTests" method="RelativeSequentialArchiveTest_MaxArchiveFiles_0" time="0.00219" result="Fail">
        <failure exception-type="System.ArgumentException">
          <message><![CDATA[System.ArgumentException : LayoutRenderer cannot be found: 'longdate']]></message>
          <stack-trace><![CDATA[   at NLog.Config.Factory`2.CreateInstance(String name) in C:\dev\NLog\src\NLog\Config\Factory.cs:line 199
   at NLog.Layouts.LayoutParser.ParseLayoutRenderer(ConfigurationItemFactory configurationItemFactory, SimpleStringReader sr) in C:\dev\NLog\src\NLog\Layouts\LayoutParser.cs:line 345
   at NLog.Layouts.LayoutParser.CompileLayout(ConfigurationItemFactory configurationItemFactory, SimpleStringReader sr, Boolean isNested, String& text) in C:\dev\NLog\src\NLog\Layouts\LayoutParser.cs:line 108
   at NLog.Layouts.SimpleLayout.set_Text(String value) in C:\dev\NLog\src\NLog\Layouts\SimpleLayout.cs:line 119
   at NLog.Layouts.SimpleLayout..ctor(String txt, ConfigurationItemFactory configurationItemFactory) in C:\dev\NLog\src\NLog\Layouts\SimpleLayout.cs:line 88
   at NLog.Layouts.Layout.FromString(String layoutText, ConfigurationItemFactory configurationItemFactory) in C:\dev\NLog\src\NLog\Layouts\Layout.cs:line 104
   at NLog.Layouts.Layout.FromString(String layoutText) in C:\dev\NLog\src\NLog\Layouts\Layout.cs:line 93
   at NLog.Layouts.Layout.op_Implicit(String text) in C:\dev\NLog\src\NLog\Layouts\Layout.cs:line 83
   at NLog.Targets.TargetWithLayout..ctor() in C:\dev\NLog\src\NLog\Targets\TargetWithLayout.cs:line 54
   at NLog.Targets.TargetWithLayoutHeaderAndFooter..ctor() in C:\dev\NLog\src\NLog\Targets\TargetWithLayoutHeaderAndFooter.cs:line 50
   at NLog.Targets.FileTarget..ctor() in C:\dev\NLog\src\NLog\Targets\FileTarget.cs:line 167
   at NLog.UnitTests.Targets.FileTargetTests.RelativeSequentialArchiveTest_MaxArchiveFiles_0() in C:\dev\NLog\tests\NLog.UnitTests\Targets\FileTargetTests.cs:line 2532]]></stack-trace>
        </failure>
      </test>
      <test name="NLog.UnitTests.Targets.PlainFileTargetTests.ArchiveFileOnStartTest" type="NLog.UnitTests.Targets.PlainFileTargetTests" method="ArchiveFileOnStartTest" time="0.0076651" result="Fail">
        <failure exception-type="System.ArgumentException">
          <message><![CDATA[System.ArgumentException : LayoutRenderer cannot be found: 'longdate']]></message>
          <stack-trace><![CDATA[   at NLog.Config.Factory`2.CreateInstance(String name) in C:\dev\NLog\src\NLog\Config\Factory.cs:line 199
   at NLog.Layouts.LayoutParser.ParseLayoutRenderer(ConfigurationItemFactory configurationItemFactory, SimpleStringReader sr) in C:\dev\NLog\src\NLog\Layouts\LayoutParser.cs:line 345
   at NLog.Layouts.LayoutParser.CompileLayout(ConfigurationItemFactory configurationItemFactory, SimpleStringReader sr, Boolean isNested, String& text) in C:\dev\NLog\src\NLog\Layouts\LayoutParser.cs:line 108
   at NLog.Layouts.SimpleLayout.set_Text(String value) in C:\dev\NLog\src\NLog\Layouts\SimpleLayout.cs:line 119
   at NLog.Layouts.SimpleLayout..ctor(String txt, ConfigurationItemFactory configurationItemFactory) in C:\dev\NLog\src\NLog\Layouts\SimpleLayout.cs:line 88
   at NLog.Layouts.Layout.FromString(String layoutText, ConfigurationItemFactory configurationItemFactory) in C:\dev\NLog\src\NLog\Layouts\Layout.cs:line 104
   at NLog.Layouts.Layout.FromString(String layoutText) in C:\dev\NLog\src\NLog\Layouts\Layout.cs:line 93
   at NLog.Layouts.Layout.op_Implicit(String text) in C:\dev\NLog\src\NLog\Layouts\Layout.cs:line 83
   at NLog.Targets.TargetWithLayout..ctor() in C:\dev\NLog\src\NLog\Targets\TargetWithLayout.cs:line 54
   at NLog.Targets.TargetWithLayoutHeaderAndFooter..ctor() in C:\dev\NLog\src\NLog\Targets\TargetWithLayoutHeaderAndFooter.cs:line 50
   at NLog.Targets.FileTarget..ctor() in C:\dev\NLog\src\NLog\Targets\FileTarget.cs:line 167
   at NLog.UnitTests.Targets.FileTargetTests.ArchiveFileOnStartTests(Boolean enableCompression) in C:\dev\NLog\tests\NLog.UnitTests\Targets\FileTargetTests.cs:line 243
   at NLog.UnitTests.Targets.FileTargetTests.ArchiveFileOnStartTest() in C:\dev\NLog\tests\NLog.UnitTests\Targets\FileTargetTests.cs:line 224]]></stack-trace>
        </failure>
      </test>
      <test name="NLog.UnitTests.Targets.PlainFileTargetTests.DateArchive_ArchiveOnceOnly(concurrentWrites: True, keepFileOpen: True, networkWrites: True, includeSequenceInArchive: True)" type="NLog.UnitTests.Targets.PlainFileTargetTests" method="DateArchive_ArchiveOnceOnly" time="0.0031185" result="Fail">
        <failure exception-type="System.ArgumentException">
          <message><![CDATA[System.ArgumentException : LayoutRenderer cannot be found: 'longdate']]></message>
          <stack-trace><![CDATA[   at NLog.Config.Factory`2.CreateInstance(String name) in C:\dev\NLog\src\NLog\Config\Factory.cs:line 199
   at NLog.Layouts.LayoutParser.ParseLayoutRenderer(ConfigurationItemFactory configurationItemFactory, SimpleStringReader sr) in C:\dev\NLog\src\NLog\Layouts\LayoutParser.cs:line 345
   at NLog.Layouts.LayoutParser.CompileLayout(ConfigurationItemFactory configurationItemFactory, SimpleStringReader sr, Boolean isNested, String& text) in C:\dev\NLog\src\NLog\Layouts\LayoutParser.cs:line 108
   at NLog.Layouts.SimpleLayout.set_Text(String value) in C:\dev\NLog\src\NLog\Layouts\SimpleLayout.cs:line 119
   at NLog.Layouts.SimpleLayout..ctor(String txt, ConfigurationItemFactory configurationItemFactory) in C:\dev\NLog\src\NLog\Layouts\SimpleLayout.cs:line 88
   at NLog.Layouts.Layout.FromString(String layoutText, ConfigurationItemFactory configurationItemFactory) in C:\dev\NLog\src\NLog\Layouts\Layout.cs:line 104
   at NLog.Layouts.Layout.FromString(String layoutText) in C:\dev\NLog\src\NLog\Layouts\Layout.cs:line 93
   at NLog.Layouts.Layout.op_Implicit(String text) in C:\dev\NLog\src\NLog\Layouts\Layout.cs:line 83
   at NLog.Targets.TargetWithLayout..ctor() in C:\dev\NLog\src\NLog\Targets\TargetWithLayout.cs:line 54
   at NLog.Targets.TargetWithLayoutHeaderAndFooter..ctor() in C:\dev\NLog\src\NLog\Targets\TargetWithLayoutHeaderAndFooter.cs:line 50
   at NLog.Targets.FileTarget..ctor() in C:\dev\NLog\src\NLog\Targets\FileTarget.cs:line 167
   at NLog.UnitTests.Targets.FileTargetTests.DateArchive_ArchiveOnceOnly(Boolean concurrentWrites, Boolean keepFileOpen, Boolean networkWrites, Boolean includeSequenceInArchive) in C:\dev\NLog\tests\NLog.UnitTests\Targets\FileTargetTests.cs:line 906]]></stack-trace>
        </failure>
      </test>
      <test name="NLog.UnitTests.Targets.PlainFileTargetTests.DateArchive_ArchiveOnceOnly(concurrentWrites: True, keepFileOpen: True, networkWrites: True, includeSequenceInArchive: False)" type="NLog.UnitTests.Targets.PlainFileTargetTests" method="DateArchive_ArchiveOnceOnly" time="0.0008958" result="Fail">
        <failure exception-type="System.ArgumentException">
          <message><![CDATA[System.ArgumentException : LayoutRenderer cannot be found: 'longdate']]></message>
          <stack-trace><![CDATA[   at NLog.Config.Factory`2.CreateInstance(String name) in C:\dev\NLog\src\NLog\Config\Factory.cs:line 199
   at NLog.Layouts.LayoutParser.ParseLayoutRenderer(ConfigurationItemFactory configurationItemFactory, SimpleStringReader sr) in C:\dev\NLog\src\NLog\Layouts\LayoutParser.cs:line 345
   at NLog.Layouts.LayoutParser.CompileLayout(ConfigurationItemFactory configurationItemFactory, SimpleStringReader sr, Boolean isNested, String& text) in C:\dev\NLog\src\NLog\Layouts\LayoutParser.cs:line 108
   at NLog.Layouts.SimpleLayout.set_Text(String value) in C:\dev\NLog\src\NLog\Layouts\SimpleLayout.cs:line 119
   at NLog.Layouts.SimpleLayout..ctor(String txt, ConfigurationItemFactory configurationItemFactory) in C:\dev\NLog\src\NLog\Layouts\SimpleLayout.cs:line 88
   at NLog.Layouts.Layout.FromString(String layoutText, ConfigurationItemFactory configurationItemFactory) in C:\dev\NLog\src\NLog\Layouts\Layout.cs:line 104
   at NLog.Layouts.Layout.FromString(String layoutText) in C:\dev\NLog\src\NLog\Layouts\Layout.cs:line 93
   at NLog.Layouts.Layout.op_Implicit(String text) in C:\dev\NLog\src\NLog\Layouts\Layout.cs:line 83
   at NLog.Targets.TargetWithLayout..ctor() in C:\dev\NLog\src\NLog\Targets\TargetWithLayout.cs:line 54
   at NLog.Targets.TargetWithLayoutHeaderAndFooter..ctor() in C:\dev\NLog\src\NLog\Targets\TargetWithLayoutHeaderAndFooter.cs:line 50
   at NLog.Targets.FileTarget..ctor() in C:\dev\NLog\src\NLog\Targets\FileTarget.cs:line 167
   at NLog.UnitTests.Targets.FileTargetTests.DateArchive_ArchiveOnceOnly(Boolean concurrentWrites, Boolean keepFileOpen, Boolean networkWrites, Boolean includeSequenceInArchive) in C:\dev\NLog\tests\NLog.UnitTests\Targets\FileTargetTests.cs:line 906]]></stack-trace>
        </failure>
      </test>
      <test name="NLog.UnitTests.Targets.PlainFileTargetTests.DateArchive_ArchiveOnceOnly(concurrentWrites: True, keepFileOpen: True, networkWrites: False, includeSequenceInArchive: True)" type="NLog.UnitTests.Targets.PlainFileTargetTests" method="DateArchive_ArchiveOnceOnly" time="0.0017472" result="Fail">
        <failure exception-type="System.ArgumentException">
          <message><![CDATA[System.ArgumentException : LayoutRenderer cannot be found: 'longdate']]></message>
          <stack-trace><![CDATA[   at NLog.Config.Factory`2.CreateInstance(String name) in C:\dev\NLog\src\NLog\Config\Factory.cs:line 199
   at NLog.Layouts.LayoutParser.ParseLayoutRenderer(ConfigurationItemFactory configurationItemFactory, SimpleStringReader sr) in C:\dev\NLog\src\NLog\Layouts\LayoutParser.cs:line 345
   at NLog.Layouts.LayoutParser.CompileLayout(ConfigurationItemFactory configurationItemFactory, SimpleStringReader sr, Boolean isNested, String& text) in C:\dev\NLog\src\NLog\Layouts\LayoutParser.cs:line 108
   at NLog.Layouts.SimpleLayout.set_Text(String value) in C:\dev\NLog\src\NLog\Layouts\SimpleLayout.cs:line 119
   at NLog.Layouts.SimpleLayout..ctor(String txt, ConfigurationItemFactory configurationItemFactory) in C:\dev\NLog\src\NLog\Layouts\SimpleLayout.cs:line 88
   at NLog.Layouts.Layout.FromString(String layoutText, ConfigurationItemFactory configurationItemFactory) in C:\dev\NLog\src\NLog\Layouts\Layout.cs:line 104
   at NLog.Layouts.Layout.FromString(String layoutText) in C:\dev\NLog\src\NLog\Layouts\Layout.cs:line 93
   at NLog.Layouts.Layout.op_Implicit(String text) in C:\dev\NLog\src\NLog\Layouts\Layout.cs:line 83
   at NLog.Targets.TargetWithLayout..ctor() in C:\dev\NLog\src\NLog\Targets\TargetWithLayout.cs:line 54
   at NLog.Targets.TargetWithLayoutHeaderAndFooter..ctor() in C:\dev\NLog\src\NLog\Targets\TargetWithLayoutHeaderAndFooter.cs:line 50
   at NLog.Targets.FileTarget..ctor() in C:\dev\NLog\src\NLog\Targets\FileTarget.cs:line 167
   at NLog.UnitTests.Targets.FileTargetTests.DateArchive_ArchiveOnceOnly(Boolean concurrentWrites, Boolean keepFileOpen, Boolean networkWrites, Boolean includeSequenceInArchive) in C:\dev\NLog\tests\NLog.UnitTests\Targets\FileTargetTests.cs:line 906]]></stack-trace>
        </failure>
      </test>
      <test name="NLog.UnitTests.Targets.PlainFileTargetTests.DateArchive_ArchiveOnceOnly(concurrentWrites: True, keepFileOpen: True, networkWrites: False, includeSequenceInArchive: False)" type="NLog.UnitTests.Targets.PlainFileTargetTests" method="DateArchive_ArchiveOnceOnly" time="0.0007427" result="Fail">
        <failure exception-type="System.ArgumentException">
          <message><![CDATA[System.ArgumentException : LayoutRenderer cannot be found: 'longdate']]></message>
          <stack-trace><![CDATA[   at NLog.Config.Factory`2.CreateInstance(String name) in C:\dev\NLog\src\NLog\Config\Factory.cs:line 199
   at NLog.Layouts.LayoutParser.ParseLayoutRenderer(ConfigurationItemFactory configurationItemFactory, SimpleStringReader sr) in C:\dev\NLog\src\NLog\Layouts\LayoutParser.cs:line 345
   at NLog.Layouts.LayoutParser.CompileLayout(ConfigurationItemFactory configurationItemFactory, SimpleStringReader sr, Boolean isNested, String& text) in C:\dev\NLog\src\NLog\Layouts\LayoutParser.cs:line 108
   at NLog.Layouts.SimpleLayout.set_Text(String value) in C:\dev\NLog\src\NLog\Layouts\SimpleLayout.cs:line 119
   at NLog.Layouts.SimpleLayout..ctor(String txt, ConfigurationItemFactory configurationItemFactory) in C:\dev\NLog\src\NLog\Layouts\SimpleLayout.cs:line 88
   at NLog.Layouts.Layout.FromString(String layoutText, ConfigurationItemFactory configurationItemFactory) in C:\dev\NLog\src\NLog\Layouts\Layout.cs:line 104
   at NLog.Layouts.Layout.FromString(String layoutText) in C:\dev\NLog\src\NLog\Layouts\Layout.cs:line 93
   at NLog.Layouts.Layout.op_Implicit(String text) in C:\dev\NLog\src\NLog\Layouts\Layout.cs:line 83
   at NLog.Targets.TargetWithLayout..ctor() in C:\dev\NLog\src\NLog\Targets\TargetWithLayout.cs:line 54
   at NLog.Targets.TargetWithLayoutHeaderAndFooter..ctor() in C:\dev\NLog\src\NLog\Targets\TargetWithLayoutHeaderAndFooter.cs:line 50
   at NLog.Targets.FileTarget..ctor() in C:\dev\NLog\src\NLog\Targets\FileTarget.cs:line 167
   at NLog.UnitTests.Targets.FileTargetTests.DateArchive_ArchiveOnceOnly(Boolean concurrentWrites, Boolean keepFileOpen, Boolean networkWrites, Boolean includeSequenceInArchive) in C:\dev\NLog\tests\NLog.UnitTests\Targets\FileTargetTests.cs:line 906]]></stack-trace>
        </failure>
      </test>
      <test name="NLog.UnitTests.Targets.PlainFileTargetTests.DateArchive_ArchiveOnceOnly(concurrentWrites: True, keepFileOpen: False, networkWrites: True, includeSequenceInArchive: True)" type="NLog.UnitTests.Targets.PlainFileTargetTests" method="DateArchive_ArchiveOnceOnly" time="0.0007613" result="Fail">
        <failure exception-type="System.ArgumentException">
          <message><![CDATA[System.ArgumentException : LayoutRenderer cannot be found: 'longdate']]></message>
          <stack-trace><![CDATA[   at NLog.Config.Factory`2.CreateInstance(String name) in C:\dev\NLog\src\NLog\Config\Factory.cs:line 199
   at NLog.Layouts.LayoutParser.ParseLayoutRenderer(ConfigurationItemFactory configurationItemFactory, SimpleStringReader sr) in C:\dev\NLog\src\NLog\Layouts\LayoutParser.cs:line 345
   at NLog.Layouts.LayoutParser.CompileLayout(ConfigurationItemFactory configurationItemFactory, SimpleStringReader sr, Boolean isNested, String& text) in C:\dev\NLog\src\NLog\Layouts\LayoutParser.cs:line 108
   at NLog.Layouts.SimpleLayout.set_Text(String value) in C:\dev\NLog\src\NLog\Layouts\SimpleLayout.cs:line 119
   at NLog.Layouts.SimpleLayout..ctor(String txt, ConfigurationItemFactory configurationItemFactory) in C:\dev\NLog\src\NLog\Layouts\SimpleLayout.cs:line 88
   at NLog.Layouts.Layout.FromString(String layoutText, ConfigurationItemFactory configurationItemFactory) in C:\dev\NLog\src\NLog\Layouts\Layout.cs:line 104
   at NLog.Layouts.Layout.FromString(String layoutText) in C:\dev\NLog\src\NLog\Layouts\Layout.cs:line 93
   at NLog.Layouts.Layout.op_Implicit(String text) in C:\dev\NLog\src\NLog\Layouts\Layout.cs:line 83
   at NLog.Targets.TargetWithLayout..ctor() in C:\dev\NLog\src\NLog\Targets\TargetWithLayout.cs:line 54
   at NLog.Targets.TargetWithLayoutHeaderAndFooter..ctor() in C:\dev\NLog\src\NLog\Targets\TargetWithLayoutHeaderAndFooter.cs:line 50
   at NLog.Targets.FileTarget..ctor() in C:\dev\NLog\src\NLog\Targets\FileTarget.cs:line 167
   at NLog.UnitTests.Targets.FileTargetTests.DateArchive_ArchiveOnceOnly(Boolean concurrentWrites, Boolean keepFileOpen, Boolean networkWrites, Boolean includeSequenceInArchive) in C:\dev\NLog\tests\NLog.UnitTests\Targets\FileTargetTests.cs:line 906]]></stack-trace>
        </failure>
      </test>
      <test name="NLog.UnitTests.Targets.PlainFileTargetTests.DateArchive_ArchiveOnceOnly(concurrentWrites: True, keepFileOpen: False, networkWrites: True, includeSequenceInArchive: False)" type="NLog.UnitTests.Targets.PlainFileTargetTests" method="DateArchive_ArchiveOnceOnly" time="0.0008061" result="Fail">
        <failure exception-type="System.ArgumentException">
          <message><![CDATA[System.ArgumentException : LayoutRenderer cannot be found: 'longdate']]></message>
          <stack-trace><![CDATA[   at NLog.Config.Factory`2.CreateInstance(String name) in C:\dev\NLog\src\NLog\Config\Factory.cs:line 199
   at NLog.Layouts.LayoutParser.ParseLayoutRenderer(ConfigurationItemFactory configurationItemFactory, SimpleStringReader sr) in C:\dev\NLog\src\NLog\Layouts\LayoutParser.cs:line 345
   at NLog.Layouts.LayoutParser.CompileLayout(ConfigurationItemFactory configurationItemFactory, SimpleStringReader sr, Boolean isNested, String& text) in C:\dev\NLog\src\NLog\Layouts\LayoutParser.cs:line 108
   at NLog.Layouts.SimpleLayout.set_Text(String value) in C:\dev\NLog\src\NLog\Layouts\SimpleLayout.cs:line 119
   at NLog.Layouts.SimpleLayout..ctor(String txt, ConfigurationItemFactory configurationItemFactory) in C:\dev\NLog\src\NLog\Layouts\SimpleLayout.cs:line 88
   at NLog.Layouts.Layout.FromString(String layoutText, ConfigurationItemFactory configurationItemFactory) in C:\dev\NLog\src\NLog\Layouts\Layout.cs:line 104
   at NLog.Layouts.Layout.FromString(String layoutText) in C:\dev\NLog\src\NLog\Layouts\Layout.cs:line 93
   at NLog.Layouts.Layout.op_Implicit(String text) in C:\dev\NLog\src\NLog\Layouts\Layout.cs:line 83
   at NLog.Targets.TargetWithLayout..ctor() in C:\dev\NLog\src\NLog\Targets\TargetWithLayout.cs:line 54
   at NLog.Targets.TargetWithLayoutHeaderAndFooter..ctor() in C:\dev\NLog\src\NLog\Targets\TargetWithLayoutHeaderAndFooter.cs:line 50
   at NLog.Targets.FileTarget..ctor() in C:\dev\NLog\src\NLog\Targets\FileTarget.cs:line 167
   at NLog.UnitTests.Targets.FileTargetTests.DateArchive_ArchiveOnceOnly(Boolean concurrentWrites, Boolean keepFileOpen, Boolean networkWrites, Boolean includeSequenceInArchive) in C:\dev\NLog\tests\NLog.UnitTests\Targets\FileTargetTests.cs:line 906]]></stack-trace>
        </failure>
      </test>
      <test name="NLog.UnitTests.Targets.PlainFileTargetTests.DateArchive_ArchiveOnceOnly(concurrentWrites: True, keepFileOpen: False, networkWrites: False, includeSequenceInArchive: True)" type="NLog.UnitTests.Targets.PlainFileTargetTests" method="DateArchive_ArchiveOnceOnly" time="0.0021345" result="Fail">
        <failure exception-type="System.ArgumentException">
          <message><![CDATA[System.ArgumentException : LayoutRenderer cannot be found: 'longdate']]></message>
          <stack-trace><![CDATA[   at NLog.Config.Factory`2.CreateInstance(String name) in C:\dev\NLog\src\NLog\Config\Factory.cs:line 199
   at NLog.Layouts.LayoutParser.ParseLayoutRenderer(ConfigurationItemFactory configurationItemFactory, SimpleStringReader sr) in C:\dev\NLog\src\NLog\Layouts\LayoutParser.cs:line 345
   at NLog.Layouts.LayoutParser.CompileLayout(ConfigurationItemFactory configurationItemFactory, SimpleStringReader sr, Boolean isNested, String& text) in C:\dev\NLog\src\NLog\Layouts\LayoutParser.cs:line 108
   at NLog.Layouts.SimpleLayout.set_Text(String value) in C:\dev\NLog\src\NLog\Layouts\SimpleLayout.cs:line 119
   at NLog.Layouts.SimpleLayout..ctor(String txt, ConfigurationItemFactory configurationItemFactory) in C:\dev\NLog\src\NLog\Layouts\SimpleLayout.cs:line 88
   at NLog.Layouts.Layout.FromString(String layoutText, ConfigurationItemFactory configurationItemFactory) in C:\dev\NLog\src\NLog\Layouts\Layout.cs:line 104
   at NLog.Layouts.Layout.FromString(String layoutText) in C:\dev\NLog\src\NLog\Layouts\Layout.cs:line 93
   at NLog.Layouts.Layout.op_Implicit(String text) in C:\dev\NLog\src\NLog\Layouts\Layout.cs:line 83
   at NLog.Targets.TargetWithLayout..ctor() in C:\dev\NLog\src\NLog\Targets\TargetWithLayout.cs:line 54
   at NLog.Targets.TargetWithLayoutHeaderAndFooter..ctor() in C:\dev\NLog\src\NLog\Targets\TargetWithLayoutHeaderAndFooter.cs:line 50
   at NLog.Targets.FileTarget..ctor() in C:\dev\NLog\src\NLog\Targets\FileTarget.cs:line 167
   at NLog.UnitTests.Targets.FileTargetTests.DateArchive_ArchiveOnceOnly(Boolean concurrentWrites, Boolean keepFileOpen, Boolean networkWrites, Boolean includeSequenceInArchive) in C:\dev\NLog\tests\NLog.UnitTests\Targets\FileTargetTests.cs:line 906]]></stack-trace>
        </failure>
      </test>
      <test name="NLog.UnitTests.Targets.PlainFileTargetTests.DateArchive_ArchiveOnceOnly(concurrentWrites: True, keepFileOpen: False, networkWrites: False, includeSequenceInArchive: False)" type="NLog.UnitTests.Targets.PlainFileTargetTests" method="DateArchive_ArchiveOnceOnly" time="0.001851" result="Fail">
        <failure exception-type="System.ArgumentException">
          <message><![CDATA[System.ArgumentException : LayoutRenderer cannot be found: 'longdate']]></message>
          <stack-trace><![CDATA[   at NLog.Config.Factory`2.CreateInstance(String name) in C:\dev\NLog\src\NLog\Config\Factory.cs:line 199
   at NLog.Layouts.LayoutParser.ParseLayoutRenderer(ConfigurationItemFactory configurationItemFactory, SimpleStringReader sr) in C:\dev\NLog\src\NLog\Layouts\LayoutParser.cs:line 345
   at NLog.Layouts.LayoutParser.CompileLayout(ConfigurationItemFactory configurationItemFactory, SimpleStringReader sr, Boolean isNested, String& text) in C:\dev\NLog\src\NLog\Layouts\LayoutParser.cs:line 108
   at NLog.Layouts.SimpleLayout.set_Text(String value) in C:\dev\NLog\src\NLog\Layouts\SimpleLayout.cs:line 119
   at NLog.Layouts.SimpleLayout..ctor(String txt, ConfigurationItemFactory configurationItemFactory) in C:\dev\NLog\src\NLog\Layouts\SimpleLayout.cs:line 88
   at NLog.Layouts.Layout.FromString(String layoutText, ConfigurationItemFactory configurationItemFactory) in C:\dev\NLog\src\NLog\Layouts\Layout.cs:line 104
   at NLog.Layouts.Layout.FromString(String layoutText) in C:\dev\NLog\src\NLog\Layouts\Layout.cs:line 93
   at NLog.Layouts.Layout.op_Implicit(String text) in C:\dev\NLog\src\NLog\Layouts\Layout.cs:line 83
   at NLog.Targets.TargetWithLayout..ctor() in C:\dev\NLog\src\NLog\Targets\TargetWithLayout.cs:line 54
   at NLog.Targets.TargetWithLayoutHeaderAndFooter..ctor() in C:\dev\NLog\src\NLog\Targets\TargetWithLayoutHeaderAndFooter.cs:line 50
   at NLog.Targets.FileTarget..ctor() in C:\dev\NLog\src\NLog\Targets\FileTarget.cs:line 167
   at NLog.UnitTests.Targets.FileTargetTests.DateArchive_ArchiveOnceOnly(Boolean concurrentWrites, Boolean keepFileOpen, Boolean networkWrites, Boolean includeSequenceInArchive) in C:\dev\NLog\tests\NLog.UnitTests\Targets\FileTargetTests.cs:line 906]]></stack-trace>
        </failure>
      </test>
      <test name="NLog.UnitTests.Targets.PlainFileTargetTests.DateArchive_ArchiveOnceOnly(concurrentWrites: False, keepFileOpen: True, networkWrites: True, includeSequenceInArchive: True)" type="NLog.UnitTests.Targets.PlainFileTargetTests" method="DateArchive_ArchiveOnceOnly" time="0.0010322" result="Fail">
        <failure exception-type="System.ArgumentException">
          <message><![CDATA[System.ArgumentException : LayoutRenderer cannot be found: 'longdate']]></message>
          <stack-trace><![CDATA[   at NLog.Config.Factory`2.CreateInstance(String name) in C:\dev\NLog\src\NLog\Config\Factory.cs:line 199
   at NLog.Layouts.LayoutParser.ParseLayoutRenderer(ConfigurationItemFactory configurationItemFactory, SimpleStringReader sr) in C:\dev\NLog\src\NLog\Layouts\LayoutParser.cs:line 345
   at NLog.Layouts.LayoutParser.CompileLayout(ConfigurationItemFactory configurationItemFactory, SimpleStringReader sr, Boolean isNested, String& text) in C:\dev\NLog\src\NLog\Layouts\LayoutParser.cs:line 108
   at NLog.Layouts.SimpleLayout.set_Text(String value) in C:\dev\NLog\src\NLog\Layouts\SimpleLayout.cs:line 119
   at NLog.Layouts.SimpleLayout..ctor(String txt, ConfigurationItemFactory configurationItemFactory) in C:\dev\NLog\src\NLog\Layouts\SimpleLayout.cs:line 88
   at NLog.Layouts.Layout.FromString(String layoutText, ConfigurationItemFactory configurationItemFactory) in C:\dev\NLog\src\NLog\Layouts\Layout.cs:line 104
   at NLog.Layouts.Layout.FromString(String layoutText) in C:\dev\NLog\src\NLog\Layouts\Layout.cs:line 93
   at NLog.Layouts.Layout.op_Implicit(String text) in C:\dev\NLog\src\NLog\Layouts\Layout.cs:line 83
   at NLog.Targets.TargetWithLayout..ctor() in C:\dev\NLog\src\NLog\Targets\TargetWithLayout.cs:line 54
   at NLog.Targets.TargetWithLayoutHeaderAndFooter..ctor() in C:\dev\NLog\src\NLog\Targets\TargetWithLayoutHeaderAndFooter.cs:line 50
   at NLog.Targets.FileTarget..ctor() in C:\dev\NLog\src\NLog\Targets\FileTarget.cs:line 167
   at NLog.UnitTests.Targets.FileTargetTests.DateArchive_ArchiveOnceOnly(Boolean concurrentWrites, Boolean keepFileOpen, Boolean networkWrites, Boolean includeSequenceInArchive) in C:\dev\NLog\tests\NLog.UnitTests\Targets\FileTargetTests.cs:line 906]]></stack-trace>
        </failure>
      </test>
      <test name="NLog.UnitTests.Targets.PlainFileTargetTests.DateArchive_ArchiveOnceOnly(concurrentWrites: False, keepFileOpen: True, networkWrites: True, includeSequenceInArchive: False)" type="NLog.UnitTests.Targets.PlainFileTargetTests" method="DateArchive_ArchiveOnceOnly" time="0.0015935" result="Fail">
        <failure exception-type="System.ArgumentException">
          <message><![CDATA[System.ArgumentException : LayoutRenderer cannot be found: 'longdate']]></message>
          <stack-trace><![CDATA[   at NLog.Config.Factory`2.CreateInstance(String name) in C:\dev\NLog\src\NLog\Config\Factory.cs:line 199
   at NLog.Layouts.LayoutParser.ParseLayoutRenderer(ConfigurationItemFactory configurationItemFactory, SimpleStringReader sr) in C:\dev\NLog\src\NLog\Layouts\LayoutParser.cs:line 345
   at NLog.Layouts.LayoutParser.CompileLayout(ConfigurationItemFactory configurationItemFactory, SimpleStringReader sr, Boolean isNested, String& text) in C:\dev\NLog\src\NLog\Layouts\LayoutParser.cs:line 108
   at NLog.Layouts.SimpleLayout.set_Text(String value) in C:\dev\NLog\src\NLog\Layouts\SimpleLayout.cs:line 119
   at NLog.Layouts.SimpleLayout..ctor(String txt, ConfigurationItemFactory configurationItemFactory) in C:\dev\NLog\src\NLog\Layouts\SimpleLayout.cs:line 88
   at NLog.Layouts.Layout.FromString(String layoutText, ConfigurationItemFactory configurationItemFactory) in C:\dev\NLog\src\NLog\Layouts\Layout.cs:line 104
   at NLog.Layouts.Layout.FromString(String layoutText) in C:\dev\NLog\src\NLog\Layouts\Layout.cs:line 93
   at NLog.Layouts.Layout.op_Implicit(String text) in C:\dev\NLog\src\NLog\Layouts\Layout.cs:line 83
   at NLog.Targets.TargetWithLayout..ctor() in C:\dev\NLog\src\NLog\Targets\TargetWithLayout.cs:line 54
   at NLog.Targets.TargetWithLayoutHeaderAndFooter..ctor() in C:\dev\NLog\src\NLog\Targets\TargetWithLayoutHeaderAndFooter.cs:line 50
   at NLog.Targets.FileTarget..ctor() in C:\dev\NLog\src\NLog\Targets\FileTarget.cs:line 167
   at NLog.UnitTests.Targets.FileTargetTests.DateArchive_ArchiveOnceOnly(Boolean concurrentWrites, Boolean keepFileOpen, Boolean networkWrites, Boolean includeSequenceInArchive) in C:\dev\NLog\tests\NLog.UnitTests\Targets\FileTargetTests.cs:line 906]]></stack-trace>
        </failure>
      </test>
      <test name="NLog.UnitTests.Targets.PlainFileTargetTests.DateArchive_ArchiveOnceOnly(concurrentWrites: False, keepFileOpen: False, networkWrites: True, includeSequenceInArchive: True)" type="NLog.UnitTests.Targets.PlainFileTargetTests" method="DateArchive_ArchiveOnceOnly" time="0.0007922" result="Fail">
        <failure exception-type="System.ArgumentException">
          <message><![CDATA[System.ArgumentException : LayoutRenderer cannot be found: 'longdate']]></message>
          <stack-trace><![CDATA[   at NLog.Config.Factory`2.CreateInstance(String name) in C:\dev\NLog\src\NLog\Config\Factory.cs:line 199
   at NLog.Layouts.LayoutParser.ParseLayoutRenderer(ConfigurationItemFactory configurationItemFactory, SimpleStringReader sr) in C:\dev\NLog\src\NLog\Layouts\LayoutParser.cs:line 345
   at NLog.Layouts.LayoutParser.CompileLayout(ConfigurationItemFactory configurationItemFactory, SimpleStringReader sr, Boolean isNested, String& text) in C:\dev\NLog\src\NLog\Layouts\LayoutParser.cs:line 108
   at NLog.Layouts.SimpleLayout.set_Text(String value) in C:\dev\NLog\src\NLog\Layouts\SimpleLayout.cs:line 119
   at NLog.Layouts.SimpleLayout..ctor(String txt, ConfigurationItemFactory configurationItemFactory) in C:\dev\NLog\src\NLog\Layouts\SimpleLayout.cs:line 88
   at NLog.Layouts.Layout.FromString(String layoutText, ConfigurationItemFactory configurationItemFactory) in C:\dev\NLog\src\NLog\Layouts\Layout.cs:line 104
   at NLog.Layouts.Layout.FromString(String layoutText) in C:\dev\NLog\src\NLog\Layouts\Layout.cs:line 93
   at NLog.Layouts.Layout.op_Implicit(String text) in C:\dev\NLog\src\NLog\Layouts\Layout.cs:line 83
   at NLog.Targets.TargetWithLayout..ctor() in C:\dev\NLog\src\NLog\Targets\TargetWithLayout.cs:line 54
   at NLog.Targets.TargetWithLayoutHeaderAndFooter..ctor() in C:\dev\NLog\src\NLog\Targets\TargetWithLayoutHeaderAndFooter.cs:line 50
   at NLog.Targets.FileTarget..ctor() in C:\dev\NLog\src\NLog\Targets\FileTarget.cs:line 167
   at NLog.UnitTests.Targets.FileTargetTests.DateArchive_ArchiveOnceOnly(Boolean concurrentWrites, Boolean keepFileOpen, Boolean networkWrites, Boolean includeSequenceInArchive) in C:\dev\NLog\tests\NLog.UnitTests\Targets\FileTargetTests.cs:line 906]]></stack-trace>
        </failure>
      </test>
      <test name="NLog.UnitTests.Targets.PlainFileTargetTests.DateArchive_ArchiveOnceOnly(concurrentWrites: False, keepFileOpen: False, networkWrites: True, includeSequenceInArchive: False)" type="NLog.UnitTests.Targets.PlainFileTargetTests" method="DateArchive_ArchiveOnceOnly" time="0.0007754" result="Fail">
        <failure exception-type="System.ArgumentException">
          <message><![CDATA[System.ArgumentException : LayoutRenderer cannot be found: 'longdate']]></message>
          <stack-trace><![CDATA[   at NLog.Config.Factory`2.CreateInstance(String name) in C:\dev\NLog\src\NLog\Config\Factory.cs:line 199
   at NLog.Layouts.LayoutParser.ParseLayoutRenderer(ConfigurationItemFactory configurationItemFactory, SimpleStringReader sr) in C:\dev\NLog\src\NLog\Layouts\LayoutParser.cs:line 345
   at NLog.Layouts.LayoutParser.CompileLayout(ConfigurationItemFactory configurationItemFactory, SimpleStringReader sr, Boolean isNested, String& text) in C:\dev\NLog\src\NLog\Layouts\LayoutParser.cs:line 108
   at NLog.Layouts.SimpleLayout.set_Text(String value) in C:\dev\NLog\src\NLog\Layouts\SimpleLayout.cs:line 119
   at NLog.Layouts.SimpleLayout..ctor(String txt, ConfigurationItemFactory configurationItemFactory) in C:\dev\NLog\src\NLog\Layouts\SimpleLayout.cs:line 88
   at NLog.Layouts.Layout.FromString(String layoutText, ConfigurationItemFactory configurationItemFactory) in C:\dev\NLog\src\NLog\Layouts\Layout.cs:line 104
   at NLog.Layouts.Layout.FromString(String layoutText) in C:\dev\NLog\src\NLog\Layouts\Layout.cs:line 93
   at NLog.Layouts.Layout.op_Implicit(String text) in C:\dev\NLog\src\NLog\Layouts\Layout.cs:line 83
   at NLog.Targets.TargetWithLayout..ctor() in C:\dev\NLog\src\NLog\Targets\TargetWithLayout.cs:line 54
   at NLog.Targets.TargetWithLayoutHeaderAndFooter..ctor() in C:\dev\NLog\src\NLog\Targets\TargetWithLayoutHeaderAndFooter.cs:line 50
   at NLog.Targets.FileTarget..ctor() in C:\dev\NLog\src\NLog\Targets\FileTarget.cs:line 167
   at NLog.UnitTests.Targets.FileTargetTests.DateArchive_ArchiveOnceOnly(Boolean concurrentWrites, Boolean keepFileOpen, Boolean networkWrites, Boolean includeSequenceInArchive) in C:\dev\NLog\tests\NLog.UnitTests\Targets\FileTargetTests.cs:line 906]]></stack-trace>
        </failure>
      </test>
      <test name="NLog.UnitTests.Targets.PlainFileTargetTests.DateArchive_ArchiveOnceOnly(concurrentWrites: False, keepFileOpen: False, networkWrites: False, includeSequenceInArchive: True)" type="NLog.UnitTests.Targets.PlainFileTargetTests" method="DateArchive_ArchiveOnceOnly" time="0.0007642" result="Fail">
        <failure exception-type="System.ArgumentException">
          <message><![CDATA[System.ArgumentException : LayoutRenderer cannot be found: 'longdate']]></message>
          <stack-trace><![CDATA[   at NLog.Config.Factory`2.CreateInstance(String name) in C:\dev\NLog\src\NLog\Config\Factory.cs:line 199
   at NLog.Layouts.LayoutParser.ParseLayoutRenderer(ConfigurationItemFactory configurationItemFactory, SimpleStringReader sr) in C:\dev\NLog\src\NLog\Layouts\LayoutParser.cs:line 345
   at NLog.Layouts.LayoutParser.CompileLayout(ConfigurationItemFactory configurationItemFactory, SimpleStringReader sr, Boolean isNested, String& text) in C:\dev\NLog\src\NLog\Layouts\LayoutParser.cs:line 108
   at NLog.Layouts.SimpleLayout.set_Text(String value) in C:\dev\NLog\src\NLog\Layouts\SimpleLayout.cs:line 119
   at NLog.Layouts.SimpleLayout..ctor(String txt, ConfigurationItemFactory configurationItemFactory) in C:\dev\NLog\src\NLog\Layouts\SimpleLayout.cs:line 88
   at NLog.Layouts.Layout.FromString(String layoutText, ConfigurationItemFactory configurationItemFactory) in C:\dev\NLog\src\NLog\Layouts\Layout.cs:line 104
   at NLog.Layouts.Layout.FromString(String layoutText) in C:\dev\NLog\src\NLog\Layouts\Layout.cs:line 93
   at NLog.Layouts.Layout.op_Implicit(String text) in C:\dev\NLog\src\NLog\Layouts\Layout.cs:line 83
   at NLog.Targets.TargetWithLayout..ctor() in C:\dev\NLog\src\NLog\Targets\TargetWithLayout.cs:line 54
   at NLog.Targets.TargetWithLayoutHeaderAndFooter..ctor() in C:\dev\NLog\src\NLog\Targets\TargetWithLayoutHeaderAndFooter.cs:line 50
   at NLog.Targets.FileTarget..ctor() in C:\dev\NLog\src\NLog\Targets\FileTarget.cs:line 167
   at NLog.UnitTests.Targets.FileTargetTests.DateArchive_ArchiveOnceOnly(Boolean concurrentWrites, Boolean keepFileOpen, Boolean networkWrites, Boolean includeSequenceInArchive) in C:\dev\NLog\tests\NLog.UnitTests\Targets\FileTargetTests.cs:line 906]]></stack-trace>
        </failure>
      </test>
      <test name="NLog.UnitTests.Targets.PlainFileTargetTests.DateArchive_ArchiveOnceOnly(concurrentWrites: False, keepFileOpen: False, networkWrites: False, includeSequenceInArchive: False)" type="NLog.UnitTests.Targets.PlainFileTargetTests" method="DateArchive_ArchiveOnceOnly" time="0.0023847" result="Fail">
        <failure exception-type="System.ArgumentException">
          <message><![CDATA[System.ArgumentException : LayoutRenderer cannot be found: 'longdate']]></message>
          <stack-trace><![CDATA[   at NLog.Config.Factory`2.CreateInstance(String name) in C:\dev\NLog\src\NLog\Config\Factory.cs:line 199
   at NLog.Layouts.LayoutParser.ParseLayoutRenderer(ConfigurationItemFactory configurationItemFactory, SimpleStringReader sr) in C:\dev\NLog\src\NLog\Layouts\LayoutParser.cs:line 345
   at NLog.Layouts.LayoutParser.CompileLayout(ConfigurationItemFactory configurationItemFactory, SimpleStringReader sr, Boolean isNested, String& text) in C:\dev\NLog\src\NLog\Layouts\LayoutParser.cs:line 108
   at NLog.Layouts.SimpleLayout.set_Text(String value) in C:\dev\NLog\src\NLog\Layouts\SimpleLayout.cs:line 119
   at NLog.Layouts.SimpleLayout..ctor(String txt, ConfigurationItemFactory configurationItemFactory) in C:\dev\NLog\src\NLog\Layouts\SimpleLayout.cs:line 88
   at NLog.Layouts.Layout.FromString(String layoutText, ConfigurationItemFactory configurationItemFactory) in C:\dev\NLog\src\NLog\Layouts\Layout.cs:line 104
   at NLog.Layouts.Layout.FromString(String layoutText) in C:\dev\NLog\src\NLog\Layouts\Layout.cs:line 93
   at NLog.Layouts.Layout.op_Implicit(String text) in C:\dev\NLog\src\NLog\Layouts\Layout.cs:line 83
   at NLog.Targets.TargetWithLayout..ctor() in C:\dev\NLog\src\NLog\Targets\TargetWithLayout.cs:line 54
   at NLog.Targets.TargetWithLayoutHeaderAndFooter..ctor() in C:\dev\NLog\src\NLog\Targets\TargetWithLayoutHeaderAndFooter.cs:line 50
   at NLog.Targets.FileTarget..ctor() in C:\dev\NLog\src\NLog\Targets\FileTarget.cs:line 167
   at NLog.UnitTests.Targets.FileTargetTests.DateArchive_ArchiveOnceOnly(Boolean concurrentWrites, Boolean keepFileOpen, Boolean networkWrites, Boolean includeSequenceInArchive) in C:\dev\NLog\tests\NLog.UnitTests\Targets\FileTargetTests.cs:line 906]]></stack-trace>
        </failure>
      </test>
      <test name="NLog.UnitTests.Targets.PlainFileTargetTests.MaxArchiveFilesWithDate_in_sameDir(changeCreationAndWriteTime: True)" type="NLog.UnitTests.Targets.PlainFileTargetTests" method="MaxArchiveFilesWithDate_in_sameDir" time="0.2994527" result="Fail">
        <failure exception-type="NLog.NLogConfigurationException">
          <message><![CDATA[NLog.NLogConfigurationException : Exception occurred when loading configuration from 
---- System.ArgumentException : Target cannot be found: 'File']]></message>
          <stack-trace><![CDATA[   at NLog.Config.XmlLoggingConfiguration.Initialize(XmlReader reader, String fileName, Boolean ignoreErrors) in C:\dev\NLog\src\NLog\Config\XmlLoggingConfiguration.cs:line 361
   at NLog.Config.XmlLoggingConfiguration..ctor(XmlReader reader, String fileName) in C:\dev\NLog\src\NLog\Config\XmlLoggingConfiguration.cs:line 138
   at NLog.UnitTests.NLogTestBase.CreateConfigurationFromString(String configXml) in C:\dev\NLog\tests\NLog.UnitTests\NLogTestBase.cs:line 254
   at NLog.UnitTests.Targets.FileTargetTests.TestMaxArchiveFilesWithDate(String archivePath, String logdir, Int32 maxArchiveFilesConfig, Int32 expectedArchiveFiles, String dateFormat, Boolean changeCreationAndWriteTime) in C:\dev\NLog\tests\NLog.UnitTests\Targets\FileTargetTests.cs:line 2411
   at NLog.UnitTests.Targets.FileTargetTests.MaxArchiveFilesWithDate_in_sameDir(Boolean changeCreationAndWriteTime) in C:\dev\NLog\tests\NLog.UnitTests\Targets\FileTargetTests.cs:line 2372
----- Inner Stack Trace -----
   at NLog.Config.Factory`2.CreateInstance(String name) in C:\dev\NLog\src\NLog\Config\Factory.cs:line 199
   at NLog.Config.XmlLoggingConfiguration.ParseTargetsElement(NLogXmlElement targetsElement) in C:\dev\NLog\src\NLog\Config\XmlLoggingConfiguration.cs:line 723
   at NLog.Config.XmlLoggingConfiguration.ParseNLogElement(NLogXmlElement nlogElement, String filePath, Boolean autoReloadDefault) in C:\dev\NLog\src\NLog\Config\XmlLoggingConfiguration.cs:line 513
   at NLog.Config.XmlLoggingConfiguration.ParseTopLevel(NLogXmlElement content, String filePath, Boolean autoReloadDefault) in C:\dev\NLog\src\NLog\Config\XmlLoggingConfiguration.cs:line 428
   at NLog.Config.XmlLoggingConfiguration.Initialize(XmlReader reader, String fileName, Boolean ignoreErrors) in C:\dev\NLog\src\NLog\Config\XmlLoggingConfiguration.cs:line 339]]></stack-trace>
        </failure>
      </test>
      <test name="NLog.UnitTests.Targets.PlainFileTargetTests.MaxArchiveFilesWithDate_in_sameDir(changeCreationAndWriteTime: False)" type="NLog.UnitTests.Targets.PlainFileTargetTests" method="MaxArchiveFilesWithDate_in_sameDir" time="0.1787504" result="Fail">
        <failure exception-type="NLog.NLogConfigurationException">
          <message><![CDATA[NLog.NLogConfigurationException : Exception occurred when loading configuration from 
---- System.ArgumentException : Target cannot be found: 'File']]></message>
          <stack-trace><![CDATA[   at NLog.Config.XmlLoggingConfiguration.Initialize(XmlReader reader, String fileName, Boolean ignoreErrors) in C:\dev\NLog\src\NLog\Config\XmlLoggingConfiguration.cs:line 361
   at NLog.Config.XmlLoggingConfiguration..ctor(XmlReader reader, String fileName) in C:\dev\NLog\src\NLog\Config\XmlLoggingConfiguration.cs:line 138
   at NLog.UnitTests.NLogTestBase.CreateConfigurationFromString(String configXml) in C:\dev\NLog\tests\NLog.UnitTests\NLogTestBase.cs:line 254
   at NLog.UnitTests.Targets.FileTargetTests.TestMaxArchiveFilesWithDate(String archivePath, String logdir, Int32 maxArchiveFilesConfig, Int32 expectedArchiveFiles, String dateFormat, Boolean changeCreationAndWriteTime) in C:\dev\NLog\tests\NLog.UnitTests\Targets\FileTargetTests.cs:line 2411
   at NLog.UnitTests.Targets.FileTargetTests.MaxArchiveFilesWithDate_in_sameDir(Boolean changeCreationAndWriteTime) in C:\dev\NLog\tests\NLog.UnitTests\Targets\FileTargetTests.cs:line 2372
----- Inner Stack Trace -----
   at NLog.Config.Factory`2.CreateInstance(String name) in C:\dev\NLog\src\NLog\Config\Factory.cs:line 199
   at NLog.Config.XmlLoggingConfiguration.ParseTargetsElement(NLogXmlElement targetsElement) in C:\dev\NLog\src\NLog\Config\XmlLoggingConfiguration.cs:line 723
   at NLog.Config.XmlLoggingConfiguration.ParseNLogElement(NLogXmlElement nlogElement, String filePath, Boolean autoReloadDefault) in C:\dev\NLog\src\NLog\Config\XmlLoggingConfiguration.cs:line 513
   at NLog.Config.XmlLoggingConfiguration.ParseTopLevel(NLogXmlElement content, String filePath, Boolean autoReloadDefault) in C:\dev\NLog\src\NLog\Config\XmlLoggingConfiguration.cs:line 428
   at NLog.Config.XmlLoggingConfiguration.Initialize(XmlReader reader, String fileName, Boolean ignoreErrors) in C:\dev\NLog\src\NLog\Config\XmlLoggingConfiguration.cs:line 339]]></stack-trace>
        </failure>
      </test>
      <test name="NLog.UnitTests.Targets.PlainFileTargetTests.DateArchive_SkipPeriod(timeKind: Utc, archivePeriod: Day, includeSequenceInArchive: True)" type="NLog.UnitTests.Targets.PlainFileTargetTests" method="DateArchive_SkipPeriod" time="0.0024689" result="Fail">
        <failure exception-type="System.ArgumentException">
          <message><![CDATA[System.ArgumentException : LayoutRenderer cannot be found: 'longdate']]></message>
          <stack-trace><![CDATA[   at NLog.Config.Factory`2.CreateInstance(String name) in C:\dev\NLog\src\NLog\Config\Factory.cs:line 199
   at NLog.Layouts.LayoutParser.ParseLayoutRenderer(ConfigurationItemFactory configurationItemFactory, SimpleStringReader sr) in C:\dev\NLog\src\NLog\Layouts\LayoutParser.cs:line 345
   at NLog.Layouts.LayoutParser.CompileLayout(ConfigurationItemFactory configurationItemFactory, SimpleStringReader sr, Boolean isNested, String& text) in C:\dev\NLog\src\NLog\Layouts\LayoutParser.cs:line 108
   at NLog.Layouts.SimpleLayout.set_Text(String value) in C:\dev\NLog\src\NLog\Layouts\SimpleLayout.cs:line 119
   at NLog.Layouts.SimpleLayout..ctor(String txt, ConfigurationItemFactory configurationItemFactory) in C:\dev\NLog\src\NLog\Layouts\SimpleLayout.cs:line 88
   at NLog.Layouts.Layout.FromString(String layoutText, ConfigurationItemFactory configurationItemFactory) in C:\dev\NLog\src\NLog\Layouts\Layout.cs:line 104
   at NLog.Layouts.Layout.FromString(String layoutText) in C:\dev\NLog\src\NLog\Layouts\Layout.cs:line 93
   at NLog.Layouts.Layout.op_Implicit(String text) in C:\dev\NLog\src\NLog\Layouts\Layout.cs:line 83
   at NLog.Targets.TargetWithLayout..ctor() in C:\dev\NLog\src\NLog\Targets\TargetWithLayout.cs:line 54
   at NLog.Targets.TargetWithLayoutHeaderAndFooter..ctor() in C:\dev\NLog\src\NLog\Targets\TargetWithLayoutHeaderAndFooter.cs:line 50
   at NLog.Targets.FileTarget..ctor() in C:\dev\NLog\src\NLog\Targets\FileTarget.cs:line 167
   at NLog.UnitTests.Targets.FileTargetTests.DateArchive_SkipPeriod(DateTimeKind timeKind, FileArchivePeriod archivePeriod, Boolean includeSequenceInArchive) in C:\dev\NLog\tests\NLog.UnitTests\Targets\FileTargetTests.cs:line 978]]></stack-trace>
        </failure>
      </test>
      <test name="NLog.UnitTests.Targets.PlainFileTargetTests.DateArchive_SkipPeriod(timeKind: Utc, archivePeriod: Day, includeSequenceInArchive: False)" type="NLog.UnitTests.Targets.PlainFileTargetTests" method="DateArchive_SkipPeriod" time="0.001095" result="Fail">
        <failure exception-type="System.ArgumentException">
          <message><![CDATA[System.ArgumentException : LayoutRenderer cannot be found: 'longdate']]></message>
          <stack-trace><![CDATA[   at NLog.Config.Factory`2.CreateInstance(String name) in C:\dev\NLog\src\NLog\Config\Factory.cs:line 199
   at NLog.Layouts.LayoutParser.ParseLayoutRenderer(ConfigurationItemFactory configurationItemFactory, SimpleStringReader sr) in C:\dev\NLog\src\NLog\Layouts\LayoutParser.cs:line 345
   at NLog.Layouts.LayoutParser.CompileLayout(ConfigurationItemFactory configurationItemFactory, SimpleStringReader sr, Boolean isNested, String& text) in C:\dev\NLog\src\NLog\Layouts\LayoutParser.cs:line 108
   at NLog.Layouts.SimpleLayout.set_Text(String value) in C:\dev\NLog\src\NLog\Layouts\SimpleLayout.cs:line 119
   at NLog.Layouts.SimpleLayout..ctor(String txt, ConfigurationItemFactory configurationItemFactory) in C:\dev\NLog\src\NLog\Layouts\SimpleLayout.cs:line 88
   at NLog.Layouts.Layout.FromString(String layoutText, ConfigurationItemFactory configurationItemFactory) in C:\dev\NLog\src\NLog\Layouts\Layout.cs:line 104
   at NLog.Layouts.Layout.FromString(String layoutText) in C:\dev\NLog\src\NLog\Layouts\Layout.cs:line 93
   at NLog.Layouts.Layout.op_Implicit(String text) in C:\dev\NLog\src\NLog\Layouts\Layout.cs:line 83
   at NLog.Targets.TargetWithLayout..ctor() in C:\dev\NLog\src\NLog\Targets\TargetWithLayout.cs:line 54
   at NLog.Targets.TargetWithLayoutHeaderAndFooter..ctor() in C:\dev\NLog\src\NLog\Targets\TargetWithLayoutHeaderAndFooter.cs:line 50
   at NLog.Targets.FileTarget..ctor() in C:\dev\NLog\src\NLog\Targets\FileTarget.cs:line 167
   at NLog.UnitTests.Targets.FileTargetTests.DateArchive_SkipPeriod(DateTimeKind timeKind, FileArchivePeriod archivePeriod, Boolean includeSequenceInArchive) in C:\dev\NLog\tests\NLog.UnitTests\Targets\FileTargetTests.cs:line 978]]></stack-trace>
        </failure>
      </test>
      <test name="NLog.UnitTests.Targets.PlainFileTargetTests.DateArchive_SkipPeriod(timeKind: Utc, archivePeriod: Hour, includeSequenceInArchive: True)" type="NLog.UnitTests.Targets.PlainFileTargetTests" method="DateArchive_SkipPeriod" time="0.0007716" result="Fail">
        <failure exception-type="System.ArgumentException">
          <message><![CDATA[System.ArgumentException : LayoutRenderer cannot be found: 'longdate']]></message>
          <stack-trace><![CDATA[   at NLog.Config.Factory`2.CreateInstance(String name) in C:\dev\NLog\src\NLog\Config\Factory.cs:line 199
   at NLog.Layouts.LayoutParser.ParseLayoutRenderer(ConfigurationItemFactory configurationItemFactory, SimpleStringReader sr) in C:\dev\NLog\src\NLog\Layouts\LayoutParser.cs:line 345
   at NLog.Layouts.LayoutParser.CompileLayout(ConfigurationItemFactory configurationItemFactory, SimpleStringReader sr, Boolean isNested, String& text) in C:\dev\NLog\src\NLog\Layouts\LayoutParser.cs:line 108
   at NLog.Layouts.SimpleLayout.set_Text(String value) in C:\dev\NLog\src\NLog\Layouts\SimpleLayout.cs:line 119
   at NLog.Layouts.SimpleLayout..ctor(String txt, ConfigurationItemFactory configurationItemFactory) in C:\dev\NLog\src\NLog\Layouts\SimpleLayout.cs:line 88
   at NLog.Layouts.Layout.FromString(String layoutText, ConfigurationItemFactory configurationItemFactory) in C:\dev\NLog\src\NLog\Layouts\Layout.cs:line 104
   at NLog.Layouts.Layout.FromString(String layoutText) in C:\dev\NLog\src\NLog\Layouts\Layout.cs:line 93
   at NLog.Layouts.Layout.op_Implicit(String text) in C:\dev\NLog\src\NLog\Layouts\Layout.cs:line 83
   at NLog.Targets.TargetWithLayout..ctor() in C:\dev\NLog\src\NLog\Targets\TargetWithLayout.cs:line 54
   at NLog.Targets.TargetWithLayoutHeaderAndFooter..ctor() in C:\dev\NLog\src\NLog\Targets\TargetWithLayoutHeaderAndFooter.cs:line 50
   at NLog.Targets.FileTarget..ctor() in C:\dev\NLog\src\NLog\Targets\FileTarget.cs:line 167
   at NLog.UnitTests.Targets.FileTargetTests.DateArchive_SkipPeriod(DateTimeKind timeKind, FileArchivePeriod archivePeriod, Boolean includeSequenceInArchive) in C:\dev\NLog\tests\NLog.UnitTests\Targets\FileTargetTests.cs:line 978]]></stack-trace>
        </failure>
      </test>
      <test name="NLog.UnitTests.Targets.PlainFileTargetTests.DateArchive_SkipPeriod(timeKind: Utc, archivePeriod: Hour, includeSequenceInArchive: False)" type="NLog.UnitTests.Targets.PlainFileTargetTests" method="DateArchive_SkipPeriod" time="0.0008699" result="Fail">
        <failure exception-type="System.ArgumentException">
          <message><![CDATA[System.ArgumentException : LayoutRenderer cannot be found: 'longdate']]></message>
          <stack-trace><![CDATA[   at NLog.Config.Factory`2.CreateInstance(String name) in C:\dev\NLog\src\NLog\Config\Factory.cs:line 199
   at NLog.Layouts.LayoutParser.ParseLayoutRenderer(ConfigurationItemFactory configurationItemFactory, SimpleStringReader sr) in C:\dev\NLog\src\NLog\Layouts\LayoutParser.cs:line 345
   at NLog.Layouts.LayoutParser.CompileLayout(ConfigurationItemFactory configurationItemFactory, SimpleStringReader sr, Boolean isNested, String& text) in C:\dev\NLog\src\NLog\Layouts\LayoutParser.cs:line 108
   at NLog.Layouts.SimpleLayout.set_Text(String value) in C:\dev\NLog\src\NLog\Layouts\SimpleLayout.cs:line 119
   at NLog.Layouts.SimpleLayout..ctor(String txt, ConfigurationItemFactory configurationItemFactory) in C:\dev\NLog\src\NLog\Layouts\SimpleLayout.cs:line 88
   at NLog.Layouts.Layout.FromString(String layoutText, ConfigurationItemFactory configurationItemFactory) in C:\dev\NLog\src\NLog\Layouts\Layout.cs:line 104
   at NLog.Layouts.Layout.FromString(String layoutText) in C:\dev\NLog\src\NLog\Layouts\Layout.cs:line 93
   at NLog.Layouts.Layout.op_Implicit(String text) in C:\dev\NLog\src\NLog\Layouts\Layout.cs:line 83
   at NLog.Targets.TargetWithLayout..ctor() in C:\dev\NLog\src\NLog\Targets\TargetWithLayout.cs:line 54
   at NLog.Targets.TargetWithLayoutHeaderAndFooter..ctor() in C:\dev\NLog\src\NLog\Targets\TargetWithLayoutHeaderAndFooter.cs:line 50
   at NLog.Targets.FileTarget..ctor() in C:\dev\NLog\src\NLog\Targets\FileTarget.cs:line 167
   at NLog.UnitTests.Targets.FileTargetTests.DateArchive_SkipPeriod(DateTimeKind timeKind, FileArchivePeriod archivePeriod, Boolean includeSequenceInArchive) in C:\dev\NLog\tests\NLog.UnitTests\Targets\FileTargetTests.cs:line 978]]></stack-trace>
        </failure>
      </test>
      <test name="NLog.UnitTests.Targets.PlainFileTargetTests.DateArchive_SkipPeriod(timeKind: Local, archivePeriod: Day, includeSequenceInArchive: True)" type="NLog.UnitTests.Targets.PlainFileTargetTests" method="DateArchive_SkipPeriod" time="0.0008004" result="Fail">
        <failure exception-type="System.ArgumentException">
          <message><![CDATA[System.ArgumentException : LayoutRenderer cannot be found: 'longdate']]></message>
          <stack-trace><![CDATA[   at NLog.Config.Factory`2.CreateInstance(String name) in C:\dev\NLog\src\NLog\Config\Factory.cs:line 199
   at NLog.Layouts.LayoutParser.ParseLayoutRenderer(ConfigurationItemFactory configurationItemFactory, SimpleStringReader sr) in C:\dev\NLog\src\NLog\Layouts\LayoutParser.cs:line 345
   at NLog.Layouts.LayoutParser.CompileLayout(ConfigurationItemFactory configurationItemFactory, SimpleStringReader sr, Boolean isNested, String& text) in C:\dev\NLog\src\NLog\Layouts\LayoutParser.cs:line 108
   at NLog.Layouts.SimpleLayout.set_Text(String value) in C:\dev\NLog\src\NLog\Layouts\SimpleLayout.cs:line 119
   at NLog.Layouts.SimpleLayout..ctor(String txt, ConfigurationItemFactory configurationItemFactory) in C:\dev\NLog\src\NLog\Layouts\SimpleLayout.cs:line 88
   at NLog.Layouts.Layout.FromString(String layoutText, ConfigurationItemFactory configurationItemFactory) in C:\dev\NLog\src\NLog\Layouts\Layout.cs:line 104
   at NLog.Layouts.Layout.FromString(String layoutText) in C:\dev\NLog\src\NLog\Layouts\Layout.cs:line 93
   at NLog.Layouts.Layout.op_Implicit(String text) in C:\dev\NLog\src\NLog\Layouts\Layout.cs:line 83
   at NLog.Targets.TargetWithLayout..ctor() in C:\dev\NLog\src\NLog\Targets\TargetWithLayout.cs:line 54
   at NLog.Targets.TargetWithLayoutHeaderAndFooter..ctor() in C:\dev\NLog\src\NLog\Targets\TargetWithLayoutHeaderAndFooter.cs:line 50
   at NLog.Targets.FileTarget..ctor() in C:\dev\NLog\src\NLog\Targets\FileTarget.cs:line 167
   at NLog.UnitTests.Targets.FileTargetTests.DateArchive_SkipPeriod(DateTimeKind timeKind, FileArchivePeriod archivePeriod, Boolean includeSequenceInArchive) in C:\dev\NLog\tests\NLog.UnitTests\Targets\FileTargetTests.cs:line 978]]></stack-trace>
        </failure>
      </test>
      <test name="NLog.UnitTests.Targets.PlainFileTargetTests.DateArchive_SkipPeriod(timeKind: Local, archivePeriod: Day, includeSequenceInArchive: False)" type="NLog.UnitTests.Targets.PlainFileTargetTests" method="DateArchive_SkipPeriod" time="0.0009461" result="Fail">
        <failure exception-type="System.ArgumentException">
          <message><![CDATA[System.ArgumentException : LayoutRenderer cannot be found: 'longdate']]></message>
          <stack-trace><![CDATA[   at NLog.Config.Factory`2.CreateInstance(String name) in C:\dev\NLog\src\NLog\Config\Factory.cs:line 199
   at NLog.Layouts.LayoutParser.ParseLayoutRenderer(ConfigurationItemFactory configurationItemFactory, SimpleStringReader sr) in C:\dev\NLog\src\NLog\Layouts\LayoutParser.cs:line 345
   at NLog.Layouts.LayoutParser.CompileLayout(ConfigurationItemFactory configurationItemFactory, SimpleStringReader sr, Boolean isNested, String& text) in C:\dev\NLog\src\NLog\Layouts\LayoutParser.cs:line 108
   at NLog.Layouts.SimpleLayout.set_Text(String value) in C:\dev\NLog\src\NLog\Layouts\SimpleLayout.cs:line 119
   at NLog.Layouts.SimpleLayout..ctor(String txt, ConfigurationItemFactory configurationItemFactory) in C:\dev\NLog\src\NLog\Layouts\SimpleLayout.cs:line 88
   at NLog.Layouts.Layout.FromString(String layoutText, ConfigurationItemFactory configurationItemFactory) in C:\dev\NLog\src\NLog\Layouts\Layout.cs:line 104
   at NLog.Layouts.Layout.FromString(String layoutText) in C:\dev\NLog\src\NLog\Layouts\Layout.cs:line 93
   at NLog.Layouts.Layout.op_Implicit(String text) in C:\dev\NLog\src\NLog\Layouts\Layout.cs:line 83
   at NLog.Targets.TargetWithLayout..ctor() in C:\dev\NLog\src\NLog\Targets\TargetWithLayout.cs:line 54
   at NLog.Targets.TargetWithLayoutHeaderAndFooter..ctor() in C:\dev\NLog\src\NLog\Targets\TargetWithLayoutHeaderAndFooter.cs:line 50
   at NLog.Targets.FileTarget..ctor() in C:\dev\NLog\src\NLog\Targets\FileTarget.cs:line 167
   at NLog.UnitTests.Targets.FileTargetTests.DateArchive_SkipPeriod(DateTimeKind timeKind, FileArchivePeriod archivePeriod, Boolean includeSequenceInArchive) in C:\dev\NLog\tests\NLog.UnitTests\Targets\FileTargetTests.cs:line 978]]></stack-trace>
        </failure>
      </test>
      <test name="NLog.UnitTests.Targets.PlainFileTargetTests.DateArchive_SkipPeriod(timeKind: Local, archivePeriod: Hour, includeSequenceInArchive: True)" type="NLog.UnitTests.Targets.PlainFileTargetTests" method="DateArchive_SkipPeriod" time="0.000981" result="Fail">
        <failure exception-type="System.ArgumentException">
          <message><![CDATA[System.ArgumentException : LayoutRenderer cannot be found: 'longdate']]></message>
          <stack-trace><![CDATA[   at NLog.Config.Factory`2.CreateInstance(String name) in C:\dev\NLog\src\NLog\Config\Factory.cs:line 199
   at NLog.Layouts.LayoutParser.ParseLayoutRenderer(ConfigurationItemFactory configurationItemFactory, SimpleStringReader sr) in C:\dev\NLog\src\NLog\Layouts\LayoutParser.cs:line 345
   at NLog.Layouts.LayoutParser.CompileLayout(ConfigurationItemFactory configurationItemFactory, SimpleStringReader sr, Boolean isNested, String& text) in C:\dev\NLog\src\NLog\Layouts\LayoutParser.cs:line 108
   at NLog.Layouts.SimpleLayout.set_Text(String value) in C:\dev\NLog\src\NLog\Layouts\SimpleLayout.cs:line 119
   at NLog.Layouts.SimpleLayout..ctor(String txt, ConfigurationItemFactory configurationItemFactory) in C:\dev\NLog\src\NLog\Layouts\SimpleLayout.cs:line 88
   at NLog.Layouts.Layout.FromString(String layoutText, ConfigurationItemFactory configurationItemFactory) in C:\dev\NLog\src\NLog\Layouts\Layout.cs:line 104
   at NLog.Layouts.Layout.FromString(String layoutText) in C:\dev\NLog\src\NLog\Layouts\Layout.cs:line 93
   at NLog.Layouts.Layout.op_Implicit(String text) in C:\dev\NLog\src\NLog\Layouts\Layout.cs:line 83
   at NLog.Targets.TargetWithLayout..ctor() in C:\dev\NLog\src\NLog\Targets\TargetWithLayout.cs:line 54
   at NLog.Targets.TargetWithLayoutHeaderAndFooter..ctor() in C:\dev\NLog\src\NLog\Targets\TargetWithLayoutHeaderAndFooter.cs:line 50
   at NLog.Targets.FileTarget..ctor() in C:\dev\NLog\src\NLog\Targets\FileTarget.cs:line 167
   at NLog.UnitTests.Targets.FileTargetTests.DateArchive_SkipPeriod(DateTimeKind timeKind, FileArchivePeriod archivePeriod, Boolean includeSequenceInArchive) in C:\dev\NLog\tests\NLog.UnitTests\Targets\FileTargetTests.cs:line 978]]></stack-trace>
        </failure>
      </test>
      <test name="NLog.UnitTests.Targets.PlainFileTargetTests.DateArchive_SkipPeriod(timeKind: Local, archivePeriod: Hour, includeSequenceInArchive: False)" type="NLog.UnitTests.Targets.PlainFileTargetTests" method="DateArchive_SkipPeriod" time="0.0008178" result="Fail">
        <failure exception-type="System.ArgumentException">
          <message><![CDATA[System.ArgumentException : LayoutRenderer cannot be found: 'longdate']]></message>
          <stack-trace><![CDATA[   at NLog.Config.Factory`2.CreateInstance(String name) in C:\dev\NLog\src\NLog\Config\Factory.cs:line 199
   at NLog.Layouts.LayoutParser.ParseLayoutRenderer(ConfigurationItemFactory configurationItemFactory, SimpleStringReader sr) in C:\dev\NLog\src\NLog\Layouts\LayoutParser.cs:line 345
   at NLog.Layouts.LayoutParser.CompileLayout(ConfigurationItemFactory configurationItemFactory, SimpleStringReader sr, Boolean isNested, String& text) in C:\dev\NLog\src\NLog\Layouts\LayoutParser.cs:line 108
   at NLog.Layouts.SimpleLayout.set_Text(String value) in C:\dev\NLog\src\NLog\Layouts\SimpleLayout.cs:line 119
   at NLog.Layouts.SimpleLayout..ctor(String txt, ConfigurationItemFactory configurationItemFactory) in C:\dev\NLog\src\NLog\Layouts\SimpleLayout.cs:line 88
   at NLog.Layouts.Layout.FromString(String layoutText, ConfigurationItemFactory configurationItemFactory) in C:\dev\NLog\src\NLog\Layouts\Layout.cs:line 104
   at NLog.Layouts.Layout.FromString(String layoutText) in C:\dev\NLog\src\NLog\Layouts\Layout.cs:line 93
   at NLog.Layouts.Layout.op_Implicit(String text) in C:\dev\NLog\src\NLog\Layouts\Layout.cs:line 83
   at NLog.Targets.TargetWithLayout..ctor() in C:\dev\NLog\src\NLog\Targets\TargetWithLayout.cs:line 54
   at NLog.Targets.TargetWithLayoutHeaderAndFooter..ctor() in C:\dev\NLog\src\NLog\Targets\TargetWithLayoutHeaderAndFooter.cs:line 50
   at NLog.Targets.FileTarget..ctor() in C:\dev\NLog\src\NLog\Targets\FileTarget.cs:line 167
   at NLog.UnitTests.Targets.FileTargetTests.DateArchive_SkipPeriod(DateTimeKind timeKind, FileArchivePeriod archivePeriod, Boolean includeSequenceInArchive) in C:\dev\NLog\tests\NLog.UnitTests\Targets\FileTargetTests.cs:line 978]]></stack-trace>
        </failure>
      </test>
      <test name="NLog.UnitTests.Targets.PlainFileTargetTests.ArchiveAboveSizeWithArchiveNumberingModeDate_maxfiles_o" type="NLog.UnitTests.Targets.PlainFileTargetTests" method="ArchiveAboveSizeWithArchiveNumberingModeDate_maxfiles_o" time="0" result="Skip">
        <reason><![CDATA[this is not supported, because we cannot create multiple archive files with  ArchiveNumberingMode.Date (for one day)]]></reason>
      </test>
      <test name="NLog.UnitTests.Targets.PlainFileTargetTests.FileTarget_WithArchiveFileNameEndingInNumberPlaceholder_ShouldArchiveFile(slash: &quot;/&quot;)" type="NLog.UnitTests.Targets.PlainFileTargetTests" method="FileTarget_WithArchiveFileNameEndingInNumberPlaceholder_ShouldArchiveFile" time="0.0027928" result="Fail">
        <failure exception-type="System.ArgumentException">
          <message><![CDATA[System.ArgumentException : LayoutRenderer cannot be found: 'longdate']]></message>
          <stack-trace><![CDATA[   at NLog.Config.Factory`2.CreateInstance(String name) in C:\dev\NLog\src\NLog\Config\Factory.cs:line 199
   at NLog.Layouts.LayoutParser.ParseLayoutRenderer(ConfigurationItemFactory configurationItemFactory, SimpleStringReader sr) in C:\dev\NLog\src\NLog\Layouts\LayoutParser.cs:line 345
   at NLog.Layouts.LayoutParser.CompileLayout(ConfigurationItemFactory configurationItemFactory, SimpleStringReader sr, Boolean isNested, String& text) in C:\dev\NLog\src\NLog\Layouts\LayoutParser.cs:line 108
   at NLog.Layouts.SimpleLayout.set_Text(String value) in C:\dev\NLog\src\NLog\Layouts\SimpleLayout.cs:line 119
   at NLog.Layouts.SimpleLayout..ctor(String txt, ConfigurationItemFactory configurationItemFactory) in C:\dev\NLog\src\NLog\Layouts\SimpleLayout.cs:line 88
   at NLog.Layouts.Layout.FromString(String layoutText, ConfigurationItemFactory configurationItemFactory) in C:\dev\NLog\src\NLog\Layouts\Layout.cs:line 104
   at NLog.Layouts.Layout.FromString(String layoutText) in C:\dev\NLog\src\NLog\Layouts\Layout.cs:line 93
   at NLog.Layouts.Layout.op_Implicit(String text) in C:\dev\NLog\src\NLog\Layouts\Layout.cs:line 83
   at NLog.Targets.TargetWithLayout..ctor() in C:\dev\NLog\src\NLog\Targets\TargetWithLayout.cs:line 54
   at NLog.Targets.TargetWithLayoutHeaderAndFooter..ctor() in C:\dev\NLog\src\NLog\Targets\TargetWithLayoutHeaderAndFooter.cs:line 50
   at NLog.Targets.FileTarget..ctor() in C:\dev\NLog\src\NLog\Targets\FileTarget.cs:line 167
   at NLog.UnitTests.Targets.FileTargetTests.FileTarget_WithArchiveFileNameEndingInNumberPlaceholder_ShouldArchiveFile(String slash) in C:\dev\NLog\tests\NLog.UnitTests\Targets\FileTargetTests.cs:line 1780]]></stack-trace>
        </failure>
      </test>
      <test name="NLog.UnitTests.Targets.PlainFileTargetTests.FileTarget_WithArchiveFileNameEndingInNumberPlaceholder_ShouldArchiveFile(slash: &quot;\&quot;)" type="NLog.UnitTests.Targets.PlainFileTargetTests" method="FileTarget_WithArchiveFileNameEndingInNumberPlaceholder_ShouldArchiveFile" time="0.0026254" result="Fail">
        <failure exception-type="System.ArgumentException">
          <message><![CDATA[System.ArgumentException : LayoutRenderer cannot be found: 'longdate']]></message>
          <stack-trace><![CDATA[   at NLog.Config.Factory`2.CreateInstance(String name) in C:\dev\NLog\src\NLog\Config\Factory.cs:line 199
   at NLog.Layouts.LayoutParser.ParseLayoutRenderer(ConfigurationItemFactory configurationItemFactory, SimpleStringReader sr) in C:\dev\NLog\src\NLog\Layouts\LayoutParser.cs:line 345
   at NLog.Layouts.LayoutParser.CompileLayout(ConfigurationItemFactory configurationItemFactory, SimpleStringReader sr, Boolean isNested, String& text) in C:\dev\NLog\src\NLog\Layouts\LayoutParser.cs:line 108
   at NLog.Layouts.SimpleLayout.set_Text(String value) in C:\dev\NLog\src\NLog\Layouts\SimpleLayout.cs:line 119
   at NLog.Layouts.SimpleLayout..ctor(String txt, ConfigurationItemFactory configurationItemFactory) in C:\dev\NLog\src\NLog\Layouts\SimpleLayout.cs:line 88
   at NLog.Layouts.Layout.FromString(String layoutText, ConfigurationItemFactory configurationItemFactory) in C:\dev\NLog\src\NLog\Layouts\Layout.cs:line 104
   at NLog.Layouts.Layout.FromString(String layoutText) in C:\dev\NLog\src\NLog\Layouts\Layout.cs:line 93
   at NLog.Layouts.Layout.op_Implicit(String text) in C:\dev\NLog\src\NLog\Layouts\Layout.cs:line 83
   at NLog.Targets.TargetWithLayout..ctor() in C:\dev\NLog\src\NLog\Targets\TargetWithLayout.cs:line 54
   at NLog.Targets.TargetWithLayoutHeaderAndFooter..ctor() in C:\dev\NLog\src\NLog\Targets\TargetWithLayoutHeaderAndFooter.cs:line 50
   at NLog.Targets.FileTarget..ctor() in C:\dev\NLog\src\NLog\Targets\FileTarget.cs:line 167
   at NLog.UnitTests.Targets.FileTargetTests.FileTarget_WithArchiveFileNameEndingInNumberPlaceholder_ShouldArchiveFile(String slash) in C:\dev\NLog\tests\NLog.UnitTests\Targets\FileTargetTests.cs:line 1780]]></stack-trace>
        </failure>
      </test>
      <test name="NLog.UnitTests.Targets.PlainFileTargetTests.CreateDirsTest" type="NLog.UnitTests.Targets.PlainFileTargetTests" method="CreateDirsTest" time="0.0029275" result="Fail">
        <failure exception-type="System.ArgumentException">
          <message><![CDATA[System.ArgumentException : LayoutRenderer cannot be found: 'longdate']]></message>
          <stack-trace><![CDATA[   at NLog.Config.Factory`2.CreateInstance(String name) in C:\dev\NLog\src\NLog\Config\Factory.cs:line 199
   at NLog.Layouts.LayoutParser.ParseLayoutRenderer(ConfigurationItemFactory configurationItemFactory, SimpleStringReader sr) in C:\dev\NLog\src\NLog\Layouts\LayoutParser.cs:line 345
   at NLog.Layouts.LayoutParser.CompileLayout(ConfigurationItemFactory configurationItemFactory, SimpleStringReader sr, Boolean isNested, String& text) in C:\dev\NLog\src\NLog\Layouts\LayoutParser.cs:line 108
   at NLog.Layouts.SimpleLayout.set_Text(String value) in C:\dev\NLog\src\NLog\Layouts\SimpleLayout.cs:line 119
   at NLog.Layouts.SimpleLayout..ctor(String txt, ConfigurationItemFactory configurationItemFactory) in C:\dev\NLog\src\NLog\Layouts\SimpleLayout.cs:line 88
   at NLog.Layouts.Layout.FromString(String layoutText, ConfigurationItemFactory configurationItemFactory) in C:\dev\NLog\src\NLog\Layouts\Layout.cs:line 104
   at NLog.Layouts.Layout.FromString(String layoutText) in C:\dev\NLog\src\NLog\Layouts\Layout.cs:line 93
   at NLog.Layouts.Layout.op_Implicit(String text) in C:\dev\NLog\src\NLog\Layouts\Layout.cs:line 83
   at NLog.Targets.TargetWithLayout..ctor() in C:\dev\NLog\src\NLog\Targets\TargetWithLayout.cs:line 54
   at NLog.Targets.TargetWithLayoutHeaderAndFooter..ctor() in C:\dev\NLog\src\NLog\Targets\TargetWithLayoutHeaderAndFooter.cs:line 50
   at NLog.Targets.FileTarget..ctor() in C:\dev\NLog\src\NLog\Targets\FileTarget.cs:line 167
   at NLog.UnitTests.Targets.FileTargetTests.CreateDirsTest() in C:\dev\NLog\tests\NLog.UnitTests\Targets\FileTargetTests.cs:line 390]]></stack-trace>
        </failure>
      </test>
      <test name="NLog.UnitTests.Targets.PlainFileTargetTests.RepeatingFooterTest" type="NLog.UnitTests.Targets.PlainFileTargetTests" method="RepeatingFooterTest" time="0.0061987" result="Fail">
        <failure exception-type="System.ArgumentException">
          <message><![CDATA[System.ArgumentException : LayoutRenderer cannot be found: 'longdate']]></message>
          <stack-trace><![CDATA[   at NLog.Config.Factory`2.CreateInstance(String name) in C:\dev\NLog\src\NLog\Config\Factory.cs:line 199
   at NLog.Layouts.LayoutParser.ParseLayoutRenderer(ConfigurationItemFactory configurationItemFactory, SimpleStringReader sr) in C:\dev\NLog\src\NLog\Layouts\LayoutParser.cs:line 345
   at NLog.Layouts.LayoutParser.CompileLayout(ConfigurationItemFactory configurationItemFactory, SimpleStringReader sr, Boolean isNested, String& text) in C:\dev\NLog\src\NLog\Layouts\LayoutParser.cs:line 108
   at NLog.Layouts.SimpleLayout.set_Text(String value) in C:\dev\NLog\src\NLog\Layouts\SimpleLayout.cs:line 119
   at NLog.Layouts.SimpleLayout..ctor(String txt, ConfigurationItemFactory configurationItemFactory) in C:\dev\NLog\src\NLog\Layouts\SimpleLayout.cs:line 88
   at NLog.Layouts.Layout.FromString(String layoutText, ConfigurationItemFactory configurationItemFactory) in C:\dev\NLog\src\NLog\Layouts\Layout.cs:line 104
   at NLog.Layouts.Layout.FromString(String layoutText) in C:\dev\NLog\src\NLog\Layouts\Layout.cs:line 93
   at NLog.Layouts.Layout.op_Implicit(String text) in C:\dev\NLog\src\NLog\Layouts\Layout.cs:line 83
   at NLog.Targets.TargetWithLayout..ctor() in C:\dev\NLog\src\NLog\Targets\TargetWithLayout.cs:line 54
   at NLog.Targets.TargetWithLayoutHeaderAndFooter..ctor() in C:\dev\NLog\src\NLog\Targets\TargetWithLayoutHeaderAndFooter.cs:line 50
   at NLog.Targets.FileTarget..ctor() in C:\dev\NLog\src\NLog\Targets\FileTarget.cs:line 167
   at NLog.UnitTests.Targets.FileTargetTests.RepeatingFooterTest() in C:\dev\NLog\tests\NLog.UnitTests\Targets\FileTargetTests.cs:line 1302]]></stack-trace>
        </failure>
      </test>
      <test name="NLog.UnitTests.Targets.PlainFileTargetTests.Dont_throw_Exception_when_archiving_is_enabled" type="NLog.UnitTests.Targets.PlainFileTargetTests" method="Dont_throw_Exception_when_archiving_is_enabled" time="0.0023653" result="Fail">
        <failure exception-type="NLog.NLogConfigurationException">
          <message><![CDATA[NLog.NLogConfigurationException : Exception occurred when loading configuration from 
---- System.ArgumentException : Target cannot be found: 'File']]></message>
          <stack-trace><![CDATA[   at NLog.Config.XmlLoggingConfiguration.Initialize(XmlReader reader, String fileName, Boolean ignoreErrors) in C:\dev\NLog\src\NLog\Config\XmlLoggingConfiguration.cs:line 361
   at NLog.Config.XmlLoggingConfiguration..ctor(XmlReader reader, String fileName) in C:\dev\NLog\src\NLog\Config\XmlLoggingConfiguration.cs:line 138
   at NLog.UnitTests.NLogTestBase.CreateConfigurationFromString(String configXml) in C:\dev\NLog\tests\NLog.UnitTests\NLogTestBase.cs:line 254
   at NLog.UnitTests.Targets.FileTargetTests.Dont_throw_Exception_when_archiving_is_enabled() in C:\dev\NLog\tests\NLog.UnitTests\Targets\FileTargetTests.cs:line 2290
----- Inner Stack Trace -----
   at NLog.Config.Factory`2.CreateInstance(String name) in C:\dev\NLog\src\NLog\Config\Factory.cs:line 199
   at NLog.Config.XmlLoggingConfiguration.ParseTargetsElement(NLogXmlElement targetsElement) in C:\dev\NLog\src\NLog\Config\XmlLoggingConfiguration.cs:line 723
   at NLog.Config.XmlLoggingConfiguration.ParseNLogElement(NLogXmlElement nlogElement, String filePath, Boolean autoReloadDefault) in C:\dev\NLog\src\NLog\Config\XmlLoggingConfiguration.cs:line 513
   at NLog.Config.XmlLoggingConfiguration.ParseTopLevel(NLogXmlElement content, String filePath, Boolean autoReloadDefault) in C:\dev\NLog\src\NLog\Config\XmlLoggingConfiguration.cs:line 428
   at NLog.Config.XmlLoggingConfiguration.Initialize(XmlReader reader, String fileName, Boolean ignoreErrors) in C:\dev\NLog\src\NLog\Config\XmlLoggingConfiguration.cs:line 339]]></stack-trace>
        </failure>
      </test>
      <test name="NLog.UnitTests.Targets.PlainFileTargetTests.MaxArchiveFilesWithDate_only_date(changeCreationAndWriteTime: True)" type="NLog.UnitTests.Targets.PlainFileTargetTests" method="MaxArchiveFilesWithDate_only_date" time="0.3558468" result="Fail">
        <failure exception-type="NLog.NLogConfigurationException">
          <message><![CDATA[NLog.NLogConfigurationException : Exception occurred when loading configuration from 
---- System.ArgumentException : Target cannot be found: 'File']]></message>
          <stack-trace><![CDATA[   at NLog.Config.XmlLoggingConfiguration.Initialize(XmlReader reader, String fileName, Boolean ignoreErrors) in C:\dev\NLog\src\NLog\Config\XmlLoggingConfiguration.cs:line 361
   at NLog.Config.XmlLoggingConfiguration..ctor(XmlReader reader, String fileName) in C:\dev\NLog\src\NLog\Config\XmlLoggingConfiguration.cs:line 138
   at NLog.UnitTests.NLogTestBase.CreateConfigurationFromString(String configXml) in C:\dev\NLog\tests\NLog.UnitTests\NLogTestBase.cs:line 254
   at NLog.UnitTests.Targets.FileTargetTests.TestMaxArchiveFilesWithDate(String archivePath, String logdir, Int32 maxArchiveFilesConfig, Int32 expectedArchiveFiles, String dateFormat, Boolean changeCreationAndWriteTime) in C:\dev\NLog\tests\NLog.UnitTests\Targets\FileTargetTests.cs:line 2411
   at NLog.UnitTests.Targets.FileTargetTests.MaxArchiveFilesWithDate_only_date(Boolean changeCreationAndWriteTime) in C:\dev\NLog\tests\NLog.UnitTests\Targets\FileTargetTests.cs:line 2351
----- Inner Stack Trace -----
   at NLog.Config.Factory`2.CreateInstance(String name) in C:\dev\NLog\src\NLog\Config\Factory.cs:line 199
   at NLog.Config.XmlLoggingConfiguration.ParseTargetsElement(NLogXmlElement targetsElement) in C:\dev\NLog\src\NLog\Config\XmlLoggingConfiguration.cs:line 723
   at NLog.Config.XmlLoggingConfiguration.ParseNLogElement(NLogXmlElement nlogElement, String filePath, Boolean autoReloadDefault) in C:\dev\NLog\src\NLog\Config\XmlLoggingConfiguration.cs:line 513
   at NLog.Config.XmlLoggingConfiguration.ParseTopLevel(NLogXmlElement content, String filePath, Boolean autoReloadDefault) in C:\dev\NLog\src\NLog\Config\XmlLoggingConfiguration.cs:line 428
   at NLog.Config.XmlLoggingConfiguration.Initialize(XmlReader reader, String fileName, Boolean ignoreErrors) in C:\dev\NLog\src\NLog\Config\XmlLoggingConfiguration.cs:line 339]]></stack-trace>
        </failure>
      </test>
      <test name="NLog.UnitTests.Targets.PlainFileTargetTests.MaxArchiveFilesWithDate_only_date(changeCreationAndWriteTime: False)" type="NLog.UnitTests.Targets.PlainFileTargetTests" method="MaxArchiveFilesWithDate_only_date" time="0.1480674" result="Fail">
        <failure exception-type="NLog.NLogConfigurationException">
          <message><![CDATA[NLog.NLogConfigurationException : Exception occurred when loading configuration from 
---- System.ArgumentException : Target cannot be found: 'File']]></message>
          <stack-trace><![CDATA[   at NLog.Config.XmlLoggingConfiguration.Initialize(XmlReader reader, String fileName, Boolean ignoreErrors) in C:\dev\NLog\src\NLog\Config\XmlLoggingConfiguration.cs:line 361
   at NLog.Config.XmlLoggingConfiguration..ctor(XmlReader reader, String fileName) in C:\dev\NLog\src\NLog\Config\XmlLoggingConfiguration.cs:line 138
   at NLog.UnitTests.NLogTestBase.CreateConfigurationFromString(String configXml) in C:\dev\NLog\tests\NLog.UnitTests\NLogTestBase.cs:line 254
   at NLog.UnitTests.Targets.FileTargetTests.TestMaxArchiveFilesWithDate(String archivePath, String logdir, Int32 maxArchiveFilesConfig, Int32 expectedArchiveFiles, String dateFormat, Boolean changeCreationAndWriteTime) in C:\dev\NLog\tests\NLog.UnitTests\Targets\FileTargetTests.cs:line 2411
   at NLog.UnitTests.Targets.FileTargetTests.MaxArchiveFilesWithDate_only_date(Boolean changeCreationAndWriteTime) in C:\dev\NLog\tests\NLog.UnitTests\Targets\FileTargetTests.cs:line 2351
----- Inner Stack Trace -----
   at NLog.Config.Factory`2.CreateInstance(String name) in C:\dev\NLog\src\NLog\Config\Factory.cs:line 199
   at NLog.Config.XmlLoggingConfiguration.ParseTargetsElement(NLogXmlElement targetsElement) in C:\dev\NLog\src\NLog\Config\XmlLoggingConfiguration.cs:line 723
   at NLog.Config.XmlLoggingConfiguration.ParseNLogElement(NLogXmlElement nlogElement, String filePath, Boolean autoReloadDefault) in C:\dev\NLog\src\NLog\Config\XmlLoggingConfiguration.cs:line 513
   at NLog.Config.XmlLoggingConfiguration.ParseTopLevel(NLogXmlElement content, String filePath, Boolean autoReloadDefault) in C:\dev\NLog\src\NLog\Config\XmlLoggingConfiguration.cs:line 428
   at NLog.Config.XmlLoggingConfiguration.Initialize(XmlReader reader, String fileName, Boolean ignoreErrors) in C:\dev\NLog\src\NLog\Config\XmlLoggingConfiguration.cs:line 339]]></stack-trace>
        </failure>
      </test>
      <test name="NLog.UnitTests.Targets.PlainFileTargetTests.FileTarget_Handle_Other_Files_That_Match_Archive_Format" type="NLog.UnitTests.Targets.PlainFileTargetTests" method="FileTarget_Handle_Other_Files_That_Match_Archive_Format" time="0.0010682" result="Fail">
        <failure exception-type="System.ArgumentException">
          <message><![CDATA[System.ArgumentException : LayoutRenderer cannot be found: 'longdate']]></message>
          <stack-trace><![CDATA[   at NLog.Config.Factory`2.CreateInstance(String name) in C:\dev\NLog\src\NLog\Config\Factory.cs:line 199
   at NLog.Layouts.LayoutParser.ParseLayoutRenderer(ConfigurationItemFactory configurationItemFactory, SimpleStringReader sr) in C:\dev\NLog\src\NLog\Layouts\LayoutParser.cs:line 345
   at NLog.Layouts.LayoutParser.CompileLayout(ConfigurationItemFactory configurationItemFactory, SimpleStringReader sr, Boolean isNested, String& text) in C:\dev\NLog\src\NLog\Layouts\LayoutParser.cs:line 108
   at NLog.Layouts.SimpleLayout.set_Text(String value) in C:\dev\NLog\src\NLog\Layouts\SimpleLayout.cs:line 119
   at NLog.Layouts.SimpleLayout..ctor(String txt, ConfigurationItemFactory configurationItemFactory) in C:\dev\NLog\src\NLog\Layouts\SimpleLayout.cs:line 88
   at NLog.Layouts.Layout.FromString(String layoutText, ConfigurationItemFactory configurationItemFactory) in C:\dev\NLog\src\NLog\Layouts\Layout.cs:line 104
   at NLog.Layouts.Layout.FromString(String layoutText) in C:\dev\NLog\src\NLog\Layouts\Layout.cs:line 93
   at NLog.Layouts.Layout.op_Implicit(String text) in C:\dev\NLog\src\NLog\Layouts\Layout.cs:line 83
   at NLog.Targets.TargetWithLayout..ctor() in C:\dev\NLog\src\NLog\Targets\TargetWithLayout.cs:line 54
   at NLog.Targets.TargetWithLayoutHeaderAndFooter..ctor() in C:\dev\NLog\src\NLog\Targets\TargetWithLayoutHeaderAndFooter.cs:line 50
   at NLog.Targets.FileTarget..ctor() in C:\dev\NLog\src\NLog\Targets\FileTarget.cs:line 167
   at NLog.UnitTests.Targets.FileTargetTests.FileTarget_Handle_Other_Files_That_Match_Archive_Format() in C:\dev\NLog\tests\NLog.UnitTests\Targets\FileTargetTests.cs:line 1894]]></stack-trace>
        </failure>
      </test>
      <test name="NLog.UnitTests.Targets.PlainFileTargetTests.DateArchive_UsesDateFromCurrentTimeSource(timeKind: Utc, concurrentWrites: True, keepFileOpen: True, networkWrites: True, includeSequenceInArchive: True)" type="NLog.UnitTests.Targets.PlainFileTargetTests" method="DateArchive_UsesDateFromCurrentTimeSource" time="0.001837" result="Fail">
        <failure exception-type="System.ArgumentException">
          <message><![CDATA[System.ArgumentException : LayoutRenderer cannot be found: 'longdate']]></message>
          <stack-trace><![CDATA[   at NLog.Config.Factory`2.CreateInstance(String name) in C:\dev\NLog\src\NLog\Config\Factory.cs:line 199
   at NLog.Layouts.LayoutParser.ParseLayoutRenderer(ConfigurationItemFactory configurationItemFactory, SimpleStringReader sr) in C:\dev\NLog\src\NLog\Layouts\LayoutParser.cs:line 345
   at NLog.Layouts.LayoutParser.CompileLayout(ConfigurationItemFactory configurationItemFactory, SimpleStringReader sr, Boolean isNested, String& text) in C:\dev\NLog\src\NLog\Layouts\LayoutParser.cs:line 108
   at NLog.Layouts.SimpleLayout.set_Text(String value) in C:\dev\NLog\src\NLog\Layouts\SimpleLayout.cs:line 119
   at NLog.Layouts.SimpleLayout..ctor(String txt, ConfigurationItemFactory configurationItemFactory) in C:\dev\NLog\src\NLog\Layouts\SimpleLayout.cs:line 88
   at NLog.Layouts.Layout.FromString(String layoutText, ConfigurationItemFactory configurationItemFactory) in C:\dev\NLog\src\NLog\Layouts\Layout.cs:line 104
   at NLog.Layouts.Layout.FromString(String layoutText) in C:\dev\NLog\src\NLog\Layouts\Layout.cs:line 93
   at NLog.Layouts.Layout.op_Implicit(String text) in C:\dev\NLog\src\NLog\Layouts\Layout.cs:line 83
   at NLog.Targets.TargetWithLayout..ctor() in C:\dev\NLog\src\NLog\Targets\TargetWithLayout.cs:line 54
   at NLog.Targets.TargetWithLayoutHeaderAndFooter..ctor() in C:\dev\NLog\src\NLog\Targets\TargetWithLayoutHeaderAndFooter.cs:line 50
   at NLog.Targets.FileTarget..ctor() in C:\dev\NLog\src\NLog\Targets\FileTarget.cs:line 167
   at NLog.UnitTests.Targets.FileTargetTests.DateArchive_UsesDateFromCurrentTimeSource(DateTimeKind timeKind, Boolean concurrentWrites, Boolean keepFileOpen, Boolean networkWrites, Boolean includeSequenceInArchive) in C:\dev\NLog\tests\NLog.UnitTests\Targets\FileTargetTests.cs:line 784]]></stack-trace>
        </failure>
      </test>
      <test name="NLog.UnitTests.Targets.PlainFileTargetTests.DateArchive_UsesDateFromCurrentTimeSource(timeKind: Utc, concurrentWrites: True, keepFileOpen: True, networkWrites: True, includeSequenceInArchive: False)" type="NLog.UnitTests.Targets.PlainFileTargetTests" method="DateArchive_UsesDateFromCurrentTimeSource" time="0.0003463" result="Fail">
        <failure exception-type="System.ArgumentException">
          <message><![CDATA[System.ArgumentException : LayoutRenderer cannot be found: 'longdate']]></message>
          <stack-trace><![CDATA[   at NLog.Config.Factory`2.CreateInstance(String name) in C:\dev\NLog\src\NLog\Config\Factory.cs:line 199
   at NLog.Layouts.LayoutParser.ParseLayoutRenderer(ConfigurationItemFactory configurationItemFactory, SimpleStringReader sr) in C:\dev\NLog\src\NLog\Layouts\LayoutParser.cs:line 345
   at NLog.Layouts.LayoutParser.CompileLayout(ConfigurationItemFactory configurationItemFactory, SimpleStringReader sr, Boolean isNested, String& text) in C:\dev\NLog\src\NLog\Layouts\LayoutParser.cs:line 108
   at NLog.Layouts.SimpleLayout.set_Text(String value) in C:\dev\NLog\src\NLog\Layouts\SimpleLayout.cs:line 119
   at NLog.Layouts.SimpleLayout..ctor(String txt, ConfigurationItemFactory configurationItemFactory) in C:\dev\NLog\src\NLog\Layouts\SimpleLayout.cs:line 88
   at NLog.Layouts.Layout.FromString(String layoutText, ConfigurationItemFactory configurationItemFactory) in C:\dev\NLog\src\NLog\Layouts\Layout.cs:line 104
   at NLog.Layouts.Layout.FromString(String layoutText) in C:\dev\NLog\src\NLog\Layouts\Layout.cs:line 93
   at NLog.Layouts.Layout.op_Implicit(String text) in C:\dev\NLog\src\NLog\Layouts\Layout.cs:line 83
   at NLog.Targets.TargetWithLayout..ctor() in C:\dev\NLog\src\NLog\Targets\TargetWithLayout.cs:line 54
   at NLog.Targets.TargetWithLayoutHeaderAndFooter..ctor() in C:\dev\NLog\src\NLog\Targets\TargetWithLayoutHeaderAndFooter.cs:line 50
   at NLog.Targets.FileTarget..ctor() in C:\dev\NLog\src\NLog\Targets\FileTarget.cs:line 167
   at NLog.UnitTests.Targets.FileTargetTests.DateArchive_UsesDateFromCurrentTimeSource(DateTimeKind timeKind, Boolean concurrentWrites, Boolean keepFileOpen, Boolean networkWrites, Boolean includeSequenceInArchive) in C:\dev\NLog\tests\NLog.UnitTests\Targets\FileTargetTests.cs:line 784]]></stack-trace>
        </failure>
      </test>
      <test name="NLog.UnitTests.Targets.PlainFileTargetTests.DateArchive_UsesDateFromCurrentTimeSource(timeKind: Local, concurrentWrites: True, keepFileOpen: True, networkWrites: True, includeSequenceInArchive: True)" type="NLog.UnitTests.Targets.PlainFileTargetTests" method="DateArchive_UsesDateFromCurrentTimeSource" time="0.0003463" result="Fail">
        <failure exception-type="System.ArgumentException">
          <message><![CDATA[System.ArgumentException : LayoutRenderer cannot be found: 'longdate']]></message>
          <stack-trace><![CDATA[   at NLog.Config.Factory`2.CreateInstance(String name) in C:\dev\NLog\src\NLog\Config\Factory.cs:line 199
   at NLog.Layouts.LayoutParser.ParseLayoutRenderer(ConfigurationItemFactory configurationItemFactory, SimpleStringReader sr) in C:\dev\NLog\src\NLog\Layouts\LayoutParser.cs:line 345
   at NLog.Layouts.LayoutParser.CompileLayout(ConfigurationItemFactory configurationItemFactory, SimpleStringReader sr, Boolean isNested, String& text) in C:\dev\NLog\src\NLog\Layouts\LayoutParser.cs:line 108
   at NLog.Layouts.SimpleLayout.set_Text(String value) in C:\dev\NLog\src\NLog\Layouts\SimpleLayout.cs:line 119
   at NLog.Layouts.SimpleLayout..ctor(String txt, ConfigurationItemFactory configurationItemFactory) in C:\dev\NLog\src\NLog\Layouts\SimpleLayout.cs:line 88
   at NLog.Layouts.Layout.FromString(String layoutText, ConfigurationItemFactory configurationItemFactory) in C:\dev\NLog\src\NLog\Layouts\Layout.cs:line 104
   at NLog.Layouts.Layout.FromString(String layoutText) in C:\dev\NLog\src\NLog\Layouts\Layout.cs:line 93
   at NLog.Layouts.Layout.op_Implicit(String text) in C:\dev\NLog\src\NLog\Layouts\Layout.cs:line 83
   at NLog.Targets.TargetWithLayout..ctor() in C:\dev\NLog\src\NLog\Targets\TargetWithLayout.cs:line 54
   at NLog.Targets.TargetWithLayoutHeaderAndFooter..ctor() in C:\dev\NLog\src\NLog\Targets\TargetWithLayoutHeaderAndFooter.cs:line 50
   at NLog.Targets.FileTarget..ctor() in C:\dev\NLog\src\NLog\Targets\FileTarget.cs:line 167
   at NLog.UnitTests.Targets.FileTargetTests.DateArchive_UsesDateFromCurrentTimeSource(DateTimeKind timeKind, Boolean concurrentWrites, Boolean keepFileOpen, Boolean networkWrites, Boolean includeSequenceInArchive) in C:\dev\NLog\tests\NLog.UnitTests\Targets\FileTargetTests.cs:line 784]]></stack-trace>
        </failure>
      </test>
      <test name="NLog.UnitTests.Targets.PlainFileTargetTests.DateArchive_UsesDateFromCurrentTimeSource(timeKind: Local, concurrentWrites: True, keepFileOpen: True, networkWrites: True, includeSequenceInArchive: False)" type="NLog.UnitTests.Targets.PlainFileTargetTests" method="DateArchive_UsesDateFromCurrentTimeSource" time="0.0005144" result="Fail">
        <failure exception-type="System.ArgumentException">
          <message><![CDATA[System.ArgumentException : LayoutRenderer cannot be found: 'longdate']]></message>
          <stack-trace><![CDATA[   at NLog.Config.Factory`2.CreateInstance(String name) in C:\dev\NLog\src\NLog\Config\Factory.cs:line 199
   at NLog.Layouts.LayoutParser.ParseLayoutRenderer(ConfigurationItemFactory configurationItemFactory, SimpleStringReader sr) in C:\dev\NLog\src\NLog\Layouts\LayoutParser.cs:line 345
   at NLog.Layouts.LayoutParser.CompileLayout(ConfigurationItemFactory configurationItemFactory, SimpleStringReader sr, Boolean isNested, String& text) in C:\dev\NLog\src\NLog\Layouts\LayoutParser.cs:line 108
   at NLog.Layouts.SimpleLayout.set_Text(String value) in C:\dev\NLog\src\NLog\Layouts\SimpleLayout.cs:line 119
   at NLog.Layouts.SimpleLayout..ctor(String txt, ConfigurationItemFactory configurationItemFactory) in C:\dev\NLog\src\NLog\Layouts\SimpleLayout.cs:line 88
   at NLog.Layouts.Layout.FromString(String layoutText, ConfigurationItemFactory configurationItemFactory) in C:\dev\NLog\src\NLog\Layouts\Layout.cs:line 104
   at NLog.Layouts.Layout.FromString(String layoutText) in C:\dev\NLog\src\NLog\Layouts\Layout.cs:line 93
   at NLog.Layouts.Layout.op_Implicit(String text) in C:\dev\NLog\src\NLog\Layouts\Layout.cs:line 83
   at NLog.Targets.TargetWithLayout..ctor() in C:\dev\NLog\src\NLog\Targets\TargetWithLayout.cs:line 54
   at NLog.Targets.TargetWithLayoutHeaderAndFooter..ctor() in C:\dev\NLog\src\NLog\Targets\TargetWithLayoutHeaderAndFooter.cs:line 50
   at NLog.Targets.FileTarget..ctor() in C:\dev\NLog\src\NLog\Targets\FileTarget.cs:line 167
   at NLog.UnitTests.Targets.FileTargetTests.DateArchive_UsesDateFromCurrentTimeSource(DateTimeKind timeKind, Boolean concurrentWrites, Boolean keepFileOpen, Boolean networkWrites, Boolean includeSequenceInArchive) in C:\dev\NLog\tests\NLog.UnitTests\Targets\FileTargetTests.cs:line 784]]></stack-trace>
        </failure>
      </test>
      <test name="NLog.UnitTests.Targets.PlainFileTargetTests.DateArchive_UsesDateFromCurrentTimeSource(timeKind: Utc, concurrentWrites: True, keepFileOpen: True, networkWrites: False, includeSequenceInArchive: True)" type="NLog.UnitTests.Targets.PlainFileTargetTests" method="DateArchive_UsesDateFromCurrentTimeSource" time="0.0006892" result="Fail">
        <failure exception-type="System.ArgumentException">
          <message><![CDATA[System.ArgumentException : LayoutRenderer cannot be found: 'longdate']]></message>
          <stack-trace><![CDATA[   at NLog.Config.Factory`2.CreateInstance(String name) in C:\dev\NLog\src\NLog\Config\Factory.cs:line 199
   at NLog.Layouts.LayoutParser.ParseLayoutRenderer(ConfigurationItemFactory configurationItemFactory, SimpleStringReader sr) in C:\dev\NLog\src\NLog\Layouts\LayoutParser.cs:line 345
   at NLog.Layouts.LayoutParser.CompileLayout(ConfigurationItemFactory configurationItemFactory, SimpleStringReader sr, Boolean isNested, String& text) in C:\dev\NLog\src\NLog\Layouts\LayoutParser.cs:line 108
   at NLog.Layouts.SimpleLayout.set_Text(String value) in C:\dev\NLog\src\NLog\Layouts\SimpleLayout.cs:line 119
   at NLog.Layouts.SimpleLayout..ctor(String txt, ConfigurationItemFactory configurationItemFactory) in C:\dev\NLog\src\NLog\Layouts\SimpleLayout.cs:line 88
   at NLog.Layouts.Layout.FromString(String layoutText, ConfigurationItemFactory configurationItemFactory) in C:\dev\NLog\src\NLog\Layouts\Layout.cs:line 104
   at NLog.Layouts.Layout.FromString(String layoutText) in C:\dev\NLog\src\NLog\Layouts\Layout.cs:line 93
   at NLog.Layouts.Layout.op_Implicit(String text) in C:\dev\NLog\src\NLog\Layouts\Layout.cs:line 83
   at NLog.Targets.TargetWithLayout..ctor() in C:\dev\NLog\src\NLog\Targets\TargetWithLayout.cs:line 54
   at NLog.Targets.TargetWithLayoutHeaderAndFooter..ctor() in C:\dev\NLog\src\NLog\Targets\TargetWithLayoutHeaderAndFooter.cs:line 50
   at NLog.Targets.FileTarget..ctor() in C:\dev\NLog\src\NLog\Targets\FileTarget.cs:line 167
   at NLog.UnitTests.Targets.FileTargetTests.DateArchive_UsesDateFromCurrentTimeSource(DateTimeKind timeKind, Boolean concurrentWrites, Boolean keepFileOpen, Boolean networkWrites, Boolean includeSequenceInArchive) in C:\dev\NLog\tests\NLog.UnitTests\Targets\FileTargetTests.cs:line 784]]></stack-trace>
        </failure>
      </test>
      <test name="NLog.UnitTests.Targets.PlainFileTargetTests.DateArchive_UsesDateFromCurrentTimeSource(timeKind: Utc, concurrentWrites: True, keepFileOpen: True, networkWrites: False, includeSequenceInArchive: False)" type="NLog.UnitTests.Targets.PlainFileTargetTests" method="DateArchive_UsesDateFromCurrentTimeSource" time="0.0004669" result="Fail">
        <failure exception-type="System.ArgumentException">
          <message><![CDATA[System.ArgumentException : LayoutRenderer cannot be found: 'longdate']]></message>
          <stack-trace><![CDATA[   at NLog.Config.Factory`2.CreateInstance(String name) in C:\dev\NLog\src\NLog\Config\Factory.cs:line 199
   at NLog.Layouts.LayoutParser.ParseLayoutRenderer(ConfigurationItemFactory configurationItemFactory, SimpleStringReader sr) in C:\dev\NLog\src\NLog\Layouts\LayoutParser.cs:line 345
   at NLog.Layouts.LayoutParser.CompileLayout(ConfigurationItemFactory configurationItemFactory, SimpleStringReader sr, Boolean isNested, String& text) in C:\dev\NLog\src\NLog\Layouts\LayoutParser.cs:line 108
   at NLog.Layouts.SimpleLayout.set_Text(String value) in C:\dev\NLog\src\NLog\Layouts\SimpleLayout.cs:line 119
   at NLog.Layouts.SimpleLayout..ctor(String txt, ConfigurationItemFactory configurationItemFactory) in C:\dev\NLog\src\NLog\Layouts\SimpleLayout.cs:line 88
   at NLog.Layouts.Layout.FromString(String layoutText, ConfigurationItemFactory configurationItemFactory) in C:\dev\NLog\src\NLog\Layouts\Layout.cs:line 104
   at NLog.Layouts.Layout.FromString(String layoutText) in C:\dev\NLog\src\NLog\Layouts\Layout.cs:line 93
   at NLog.Layouts.Layout.op_Implicit(String text) in C:\dev\NLog\src\NLog\Layouts\Layout.cs:line 83
   at NLog.Targets.TargetWithLayout..ctor() in C:\dev\NLog\src\NLog\Targets\TargetWithLayout.cs:line 54
   at NLog.Targets.TargetWithLayoutHeaderAndFooter..ctor() in C:\dev\NLog\src\NLog\Targets\TargetWithLayoutHeaderAndFooter.cs:line 50
   at NLog.Targets.FileTarget..ctor() in C:\dev\NLog\src\NLog\Targets\FileTarget.cs:line 167
   at NLog.UnitTests.Targets.FileTargetTests.DateArchive_UsesDateFromCurrentTimeSource(DateTimeKind timeKind, Boolean concurrentWrites, Boolean keepFileOpen, Boolean networkWrites, Boolean includeSequenceInArchive) in C:\dev\NLog\tests\NLog.UnitTests\Targets\FileTargetTests.cs:line 784]]></stack-trace>
        </failure>
      </test>
      <test name="NLog.UnitTests.Targets.PlainFileTargetTests.DateArchive_UsesDateFromCurrentTimeSource(timeKind: Local, concurrentWrites: True, keepFileOpen: True, networkWrites: False, includeSequenceInArchive: True)" type="NLog.UnitTests.Targets.PlainFileTargetTests" method="DateArchive_UsesDateFromCurrentTimeSource" time="0.0002819" result="Fail">
        <failure exception-type="System.ArgumentException">
          <message><![CDATA[System.ArgumentException : LayoutRenderer cannot be found: 'longdate']]></message>
          <stack-trace><![CDATA[   at NLog.Config.Factory`2.CreateInstance(String name) in C:\dev\NLog\src\NLog\Config\Factory.cs:line 199
   at NLog.Layouts.LayoutParser.ParseLayoutRenderer(ConfigurationItemFactory configurationItemFactory, SimpleStringReader sr) in C:\dev\NLog\src\NLog\Layouts\LayoutParser.cs:line 345
   at NLog.Layouts.LayoutParser.CompileLayout(ConfigurationItemFactory configurationItemFactory, SimpleStringReader sr, Boolean isNested, String& text) in C:\dev\NLog\src\NLog\Layouts\LayoutParser.cs:line 108
   at NLog.Layouts.SimpleLayout.set_Text(String value) in C:\dev\NLog\src\NLog\Layouts\SimpleLayout.cs:line 119
   at NLog.Layouts.SimpleLayout..ctor(String txt, ConfigurationItemFactory configurationItemFactory) in C:\dev\NLog\src\NLog\Layouts\SimpleLayout.cs:line 88
   at NLog.Layouts.Layout.FromString(String layoutText, ConfigurationItemFactory configurationItemFactory) in C:\dev\NLog\src\NLog\Layouts\Layout.cs:line 104
   at NLog.Layouts.Layout.FromString(String layoutText) in C:\dev\NLog\src\NLog\Layouts\Layout.cs:line 93
   at NLog.Layouts.Layout.op_Implicit(String text) in C:\dev\NLog\src\NLog\Layouts\Layout.cs:line 83
   at NLog.Targets.TargetWithLayout..ctor() in C:\dev\NLog\src\NLog\Targets\TargetWithLayout.cs:line 54
   at NLog.Targets.TargetWithLayoutHeaderAndFooter..ctor() in C:\dev\NLog\src\NLog\Targets\TargetWithLayoutHeaderAndFooter.cs:line 50
   at NLog.Targets.FileTarget..ctor() in C:\dev\NLog\src\NLog\Targets\FileTarget.cs:line 167
   at NLog.UnitTests.Targets.FileTargetTests.DateArchive_UsesDateFromCurrentTimeSource(DateTimeKind timeKind, Boolean concurrentWrites, Boolean keepFileOpen, Boolean networkWrites, Boolean includeSequenceInArchive) in C:\dev\NLog\tests\NLog.UnitTests\Targets\FileTargetTests.cs:line 784]]></stack-trace>
        </failure>
      </test>
      <test name="NLog.UnitTests.Targets.PlainFileTargetTests.DateArchive_UsesDateFromCurrentTimeSource(timeKind: Local, concurrentWrites: True, keepFileOpen: True, networkWrites: False, includeSequenceInArchive: False)" type="NLog.UnitTests.Targets.PlainFileTargetTests" method="DateArchive_UsesDateFromCurrentTimeSource" time="0.0002605" result="Fail">
        <failure exception-type="System.ArgumentException">
          <message><![CDATA[System.ArgumentException : LayoutRenderer cannot be found: 'longdate']]></message>
          <stack-trace><![CDATA[   at NLog.Config.Factory`2.CreateInstance(String name) in C:\dev\NLog\src\NLog\Config\Factory.cs:line 199
   at NLog.Layouts.LayoutParser.ParseLayoutRenderer(ConfigurationItemFactory configurationItemFactory, SimpleStringReader sr) in C:\dev\NLog\src\NLog\Layouts\LayoutParser.cs:line 345
   at NLog.Layouts.LayoutParser.CompileLayout(ConfigurationItemFactory configurationItemFactory, SimpleStringReader sr, Boolean isNested, String& text) in C:\dev\NLog\src\NLog\Layouts\LayoutParser.cs:line 108
   at NLog.Layouts.SimpleLayout.set_Text(String value) in C:\dev\NLog\src\NLog\Layouts\SimpleLayout.cs:line 119
   at NLog.Layouts.SimpleLayout..ctor(String txt, ConfigurationItemFactory configurationItemFactory) in C:\dev\NLog\src\NLog\Layouts\SimpleLayout.cs:line 88
   at NLog.Layouts.Layout.FromString(String layoutText, ConfigurationItemFactory configurationItemFactory) in C:\dev\NLog\src\NLog\Layouts\Layout.cs:line 104
   at NLog.Layouts.Layout.FromString(String layoutText) in C:\dev\NLog\src\NLog\Layouts\Layout.cs:line 93
   at NLog.Layouts.Layout.op_Implicit(String text) in C:\dev\NLog\src\NLog\Layouts\Layout.cs:line 83
   at NLog.Targets.TargetWithLayout..ctor() in C:\dev\NLog\src\NLog\Targets\TargetWithLayout.cs:line 54
   at NLog.Targets.TargetWithLayoutHeaderAndFooter..ctor() in C:\dev\NLog\src\NLog\Targets\TargetWithLayoutHeaderAndFooter.cs:line 50
   at NLog.Targets.FileTarget..ctor() in C:\dev\NLog\src\NLog\Targets\FileTarget.cs:line 167
   at NLog.UnitTests.Targets.FileTargetTests.DateArchive_UsesDateFromCurrentTimeSource(DateTimeKind timeKind, Boolean concurrentWrites, Boolean keepFileOpen, Boolean networkWrites, Boolean includeSequenceInArchive) in C:\dev\NLog\tests\NLog.UnitTests\Targets\FileTargetTests.cs:line 784]]></stack-trace>
        </failure>
      </test>
      <test name="NLog.UnitTests.Targets.PlainFileTargetTests.DateArchive_UsesDateFromCurrentTimeSource(timeKind: Utc, concurrentWrites: True, keepFileOpen: False, networkWrites: True, includeSequenceInArchive: True)" type="NLog.UnitTests.Targets.PlainFileTargetTests" method="DateArchive_UsesDateFromCurrentTimeSource" time="0.00026" result="Fail">
        <failure exception-type="System.ArgumentException">
          <message><![CDATA[System.ArgumentException : LayoutRenderer cannot be found: 'longdate']]></message>
          <stack-trace><![CDATA[   at NLog.Config.Factory`2.CreateInstance(String name) in C:\dev\NLog\src\NLog\Config\Factory.cs:line 199
   at NLog.Layouts.LayoutParser.ParseLayoutRenderer(ConfigurationItemFactory configurationItemFactory, SimpleStringReader sr) in C:\dev\NLog\src\NLog\Layouts\LayoutParser.cs:line 345
   at NLog.Layouts.LayoutParser.CompileLayout(ConfigurationItemFactory configurationItemFactory, SimpleStringReader sr, Boolean isNested, String& text) in C:\dev\NLog\src\NLog\Layouts\LayoutParser.cs:line 108
   at NLog.Layouts.SimpleLayout.set_Text(String value) in C:\dev\NLog\src\NLog\Layouts\SimpleLayout.cs:line 119
   at NLog.Layouts.SimpleLayout..ctor(String txt, ConfigurationItemFactory configurationItemFactory) in C:\dev\NLog\src\NLog\Layouts\SimpleLayout.cs:line 88
   at NLog.Layouts.Layout.FromString(String layoutText, ConfigurationItemFactory configurationItemFactory) in C:\dev\NLog\src\NLog\Layouts\Layout.cs:line 104
   at NLog.Layouts.Layout.FromString(String layoutText) in C:\dev\NLog\src\NLog\Layouts\Layout.cs:line 93
   at NLog.Layouts.Layout.op_Implicit(String text) in C:\dev\NLog\src\NLog\Layouts\Layout.cs:line 83
   at NLog.Targets.TargetWithLayout..ctor() in C:\dev\NLog\src\NLog\Targets\TargetWithLayout.cs:line 54
   at NLog.Targets.TargetWithLayoutHeaderAndFooter..ctor() in C:\dev\NLog\src\NLog\Targets\TargetWithLayoutHeaderAndFooter.cs:line 50
   at NLog.Targets.FileTarget..ctor() in C:\dev\NLog\src\NLog\Targets\FileTarget.cs:line 167
   at NLog.UnitTests.Targets.FileTargetTests.DateArchive_UsesDateFromCurrentTimeSource(DateTimeKind timeKind, Boolean concurrentWrites, Boolean keepFileOpen, Boolean networkWrites, Boolean includeSequenceInArchive) in C:\dev\NLog\tests\NLog.UnitTests\Targets\FileTargetTests.cs:line 784]]></stack-trace>
        </failure>
      </test>
      <test name="NLog.UnitTests.Targets.PlainFileTargetTests.DateArchive_UsesDateFromCurrentTimeSource(timeKind: Utc, concurrentWrites: True, keepFileOpen: False, networkWrites: True, includeSequenceInArchive: False)" type="NLog.UnitTests.Targets.PlainFileTargetTests" method="DateArchive_UsesDateFromCurrentTimeSource" time="0.0004834" result="Fail">
        <failure exception-type="System.ArgumentException">
          <message><![CDATA[System.ArgumentException : LayoutRenderer cannot be found: 'longdate']]></message>
          <stack-trace><![CDATA[   at NLog.Config.Factory`2.CreateInstance(String name) in C:\dev\NLog\src\NLog\Config\Factory.cs:line 199
   at NLog.Layouts.LayoutParser.ParseLayoutRenderer(ConfigurationItemFactory configurationItemFactory, SimpleStringReader sr) in C:\dev\NLog\src\NLog\Layouts\LayoutParser.cs:line 345
   at NLog.Layouts.LayoutParser.CompileLayout(ConfigurationItemFactory configurationItemFactory, SimpleStringReader sr, Boolean isNested, String& text) in C:\dev\NLog\src\NLog\Layouts\LayoutParser.cs:line 108
   at NLog.Layouts.SimpleLayout.set_Text(String value) in C:\dev\NLog\src\NLog\Layouts\SimpleLayout.cs:line 119
   at NLog.Layouts.SimpleLayout..ctor(String txt, ConfigurationItemFactory configurationItemFactory) in C:\dev\NLog\src\NLog\Layouts\SimpleLayout.cs:line 88
   at NLog.Layouts.Layout.FromString(String layoutText, ConfigurationItemFactory configurationItemFactory) in C:\dev\NLog\src\NLog\Layouts\Layout.cs:line 104
   at NLog.Layouts.Layout.FromString(String layoutText) in C:\dev\NLog\src\NLog\Layouts\Layout.cs:line 93
   at NLog.Layouts.Layout.op_Implicit(String text) in C:\dev\NLog\src\NLog\Layouts\Layout.cs:line 83
   at NLog.Targets.TargetWithLayout..ctor() in C:\dev\NLog\src\NLog\Targets\TargetWithLayout.cs:line 54
   at NLog.Targets.TargetWithLayoutHeaderAndFooter..ctor() in C:\dev\NLog\src\NLog\Targets\TargetWithLayoutHeaderAndFooter.cs:line 50
   at NLog.Targets.FileTarget..ctor() in C:\dev\NLog\src\NLog\Targets\FileTarget.cs:line 167
   at NLog.UnitTests.Targets.FileTargetTests.DateArchive_UsesDateFromCurrentTimeSource(DateTimeKind timeKind, Boolean concurrentWrites, Boolean keepFileOpen, Boolean networkWrites, Boolean includeSequenceInArchive) in C:\dev\NLog\tests\NLog.UnitTests\Targets\FileTargetTests.cs:line 784]]></stack-trace>
        </failure>
      </test>
      <test name="NLog.UnitTests.Targets.PlainFileTargetTests.DateArchive_UsesDateFromCurrentTimeSource(timeKind: Local, concurrentWrites: True, keepFileOpen: False, networkWrites: True, includeSequenceInArchive: True)" type="NLog.UnitTests.Targets.PlainFileTargetTests" method="DateArchive_UsesDateFromCurrentTimeSource" time="0.0003307" result="Fail">
        <failure exception-type="System.ArgumentException">
          <message><![CDATA[System.ArgumentException : LayoutRenderer cannot be found: 'longdate']]></message>
          <stack-trace><![CDATA[   at NLog.Config.Factory`2.CreateInstance(String name) in C:\dev\NLog\src\NLog\Config\Factory.cs:line 199
   at NLog.Layouts.LayoutParser.ParseLayoutRenderer(ConfigurationItemFactory configurationItemFactory, SimpleStringReader sr) in C:\dev\NLog\src\NLog\Layouts\LayoutParser.cs:line 345
   at NLog.Layouts.LayoutParser.CompileLayout(ConfigurationItemFactory configurationItemFactory, SimpleStringReader sr, Boolean isNested, String& text) in C:\dev\NLog\src\NLog\Layouts\LayoutParser.cs:line 108
   at NLog.Layouts.SimpleLayout.set_Text(String value) in C:\dev\NLog\src\NLog\Layouts\SimpleLayout.cs:line 119
   at NLog.Layouts.SimpleLayout..ctor(String txt, ConfigurationItemFactory configurationItemFactory) in C:\dev\NLog\src\NLog\Layouts\SimpleLayout.cs:line 88
   at NLog.Layouts.Layout.FromString(String layoutText, ConfigurationItemFactory configurationItemFactory) in C:\dev\NLog\src\NLog\Layouts\Layout.cs:line 104
   at NLog.Layouts.Layout.FromString(String layoutText) in C:\dev\NLog\src\NLog\Layouts\Layout.cs:line 93
   at NLog.Layouts.Layout.op_Implicit(String text) in C:\dev\NLog\src\NLog\Layouts\Layout.cs:line 83
   at NLog.Targets.TargetWithLayout..ctor() in C:\dev\NLog\src\NLog\Targets\TargetWithLayout.cs:line 54
   at NLog.Targets.TargetWithLayoutHeaderAndFooter..ctor() in C:\dev\NLog\src\NLog\Targets\TargetWithLayoutHeaderAndFooter.cs:line 50
   at NLog.Targets.FileTarget..ctor() in C:\dev\NLog\src\NLog\Targets\FileTarget.cs:line 167
   at NLog.UnitTests.Targets.FileTargetTests.DateArchive_UsesDateFromCurrentTimeSource(DateTimeKind timeKind, Boolean concurrentWrites, Boolean keepFileOpen, Boolean networkWrites, Boolean includeSequenceInArchive) in C:\dev\NLog\tests\NLog.UnitTests\Targets\FileTargetTests.cs:line 784]]></stack-trace>
        </failure>
      </test>
      <test name="NLog.UnitTests.Targets.PlainFileTargetTests.DateArchive_UsesDateFromCurrentTimeSource(timeKind: Local, concurrentWrites: True, keepFileOpen: False, networkWrites: True, includeSequenceInArchive: False)" type="NLog.UnitTests.Targets.PlainFileTargetTests" method="DateArchive_UsesDateFromCurrentTimeSource" time="0.0003684" result="Fail">
        <failure exception-type="System.ArgumentException">
          <message><![CDATA[System.ArgumentException : LayoutRenderer cannot be found: 'longdate']]></message>
          <stack-trace><![CDATA[   at NLog.Config.Factory`2.CreateInstance(String name) in C:\dev\NLog\src\NLog\Config\Factory.cs:line 199
   at NLog.Layouts.LayoutParser.ParseLayoutRenderer(ConfigurationItemFactory configurationItemFactory, SimpleStringReader sr) in C:\dev\NLog\src\NLog\Layouts\LayoutParser.cs:line 345
   at NLog.Layouts.LayoutParser.CompileLayout(ConfigurationItemFactory configurationItemFactory, SimpleStringReader sr, Boolean isNested, String& text) in C:\dev\NLog\src\NLog\Layouts\LayoutParser.cs:line 108
   at NLog.Layouts.SimpleLayout.set_Text(String value) in C:\dev\NLog\src\NLog\Layouts\SimpleLayout.cs:line 119
   at NLog.Layouts.SimpleLayout..ctor(String txt, ConfigurationItemFactory configurationItemFactory) in C:\dev\NLog\src\NLog\Layouts\SimpleLayout.cs:line 88
   at NLog.Layouts.Layout.FromString(String layoutText, ConfigurationItemFactory configurationItemFactory) in C:\dev\NLog\src\NLog\Layouts\Layout.cs:line 104
   at NLog.Layouts.Layout.FromString(String layoutText) in C:\dev\NLog\src\NLog\Layouts\Layout.cs:line 93
   at NLog.Layouts.Layout.op_Implicit(String text) in C:\dev\NLog\src\NLog\Layouts\Layout.cs:line 83
   at NLog.Targets.TargetWithLayout..ctor() in C:\dev\NLog\src\NLog\Targets\TargetWithLayout.cs:line 54
   at NLog.Targets.TargetWithLayoutHeaderAndFooter..ctor() in C:\dev\NLog\src\NLog\Targets\TargetWithLayoutHeaderAndFooter.cs:line 50
   at NLog.Targets.FileTarget..ctor() in C:\dev\NLog\src\NLog\Targets\FileTarget.cs:line 167
   at NLog.UnitTests.Targets.FileTargetTests.DateArchive_UsesDateFromCurrentTimeSource(DateTimeKind timeKind, Boolean concurrentWrites, Boolean keepFileOpen, Boolean networkWrites, Boolean includeSequenceInArchive) in C:\dev\NLog\tests\NLog.UnitTests\Targets\FileTargetTests.cs:line 784]]></stack-trace>
        </failure>
      </test>
      <test name="NLog.UnitTests.Targets.PlainFileTargetTests.DateArchive_UsesDateFromCurrentTimeSource(timeKind: Utc, concurrentWrites: True, keepFileOpen: False, networkWrites: False, includeSequenceInArchive: True)" type="NLog.UnitTests.Targets.PlainFileTargetTests" method="DateArchive_UsesDateFromCurrentTimeSource" time="0.0002684" result="Fail">
        <failure exception-type="System.ArgumentException">
          <message><![CDATA[System.ArgumentException : LayoutRenderer cannot be found: 'longdate']]></message>
          <stack-trace><![CDATA[   at NLog.Config.Factory`2.CreateInstance(String name) in C:\dev\NLog\src\NLog\Config\Factory.cs:line 199
   at NLog.Layouts.LayoutParser.ParseLayoutRenderer(ConfigurationItemFactory configurationItemFactory, SimpleStringReader sr) in C:\dev\NLog\src\NLog\Layouts\LayoutParser.cs:line 345
   at NLog.Layouts.LayoutParser.CompileLayout(ConfigurationItemFactory configurationItemFactory, SimpleStringReader sr, Boolean isNested, String& text) in C:\dev\NLog\src\NLog\Layouts\LayoutParser.cs:line 108
   at NLog.Layouts.SimpleLayout.set_Text(String value) in C:\dev\NLog\src\NLog\Layouts\SimpleLayout.cs:line 119
   at NLog.Layouts.SimpleLayout..ctor(String txt, ConfigurationItemFactory configurationItemFactory) in C:\dev\NLog\src\NLog\Layouts\SimpleLayout.cs:line 88
   at NLog.Layouts.Layout.FromString(String layoutText, ConfigurationItemFactory configurationItemFactory) in C:\dev\NLog\src\NLog\Layouts\Layout.cs:line 104
   at NLog.Layouts.Layout.FromString(String layoutText) in C:\dev\NLog\src\NLog\Layouts\Layout.cs:line 93
   at NLog.Layouts.Layout.op_Implicit(String text) in C:\dev\NLog\src\NLog\Layouts\Layout.cs:line 83
   at NLog.Targets.TargetWithLayout..ctor() in C:\dev\NLog\src\NLog\Targets\TargetWithLayout.cs:line 54
   at NLog.Targets.TargetWithLayoutHeaderAndFooter..ctor() in C:\dev\NLog\src\NLog\Targets\TargetWithLayoutHeaderAndFooter.cs:line 50
   at NLog.Targets.FileTarget..ctor() in C:\dev\NLog\src\NLog\Targets\FileTarget.cs:line 167
   at NLog.UnitTests.Targets.FileTargetTests.DateArchive_UsesDateFromCurrentTimeSource(DateTimeKind timeKind, Boolean concurrentWrites, Boolean keepFileOpen, Boolean networkWrites, Boolean includeSequenceInArchive) in C:\dev\NLog\tests\NLog.UnitTests\Targets\FileTargetTests.cs:line 784]]></stack-trace>
        </failure>
      </test>
      <test name="NLog.UnitTests.Targets.PlainFileTargetTests.DateArchive_UsesDateFromCurrentTimeSource(timeKind: Utc, concurrentWrites: True, keepFileOpen: False, networkWrites: False, includeSequenceInArchive: False)" type="NLog.UnitTests.Targets.PlainFileTargetTests" method="DateArchive_UsesDateFromCurrentTimeSource" time="0.000254" result="Fail">
        <failure exception-type="System.ArgumentException">
          <message><![CDATA[System.ArgumentException : LayoutRenderer cannot be found: 'longdate']]></message>
          <stack-trace><![CDATA[   at NLog.Config.Factory`2.CreateInstance(String name) in C:\dev\NLog\src\NLog\Config\Factory.cs:line 199
   at NLog.Layouts.LayoutParser.ParseLayoutRenderer(ConfigurationItemFactory configurationItemFactory, SimpleStringReader sr) in C:\dev\NLog\src\NLog\Layouts\LayoutParser.cs:line 345
   at NLog.Layouts.LayoutParser.CompileLayout(ConfigurationItemFactory configurationItemFactory, SimpleStringReader sr, Boolean isNested, String& text) in C:\dev\NLog\src\NLog\Layouts\LayoutParser.cs:line 108
   at NLog.Layouts.SimpleLayout.set_Text(String value) in C:\dev\NLog\src\NLog\Layouts\SimpleLayout.cs:line 119
   at NLog.Layouts.SimpleLayout..ctor(String txt, ConfigurationItemFactory configurationItemFactory) in C:\dev\NLog\src\NLog\Layouts\SimpleLayout.cs:line 88
   at NLog.Layouts.Layout.FromString(String layoutText, ConfigurationItemFactory configurationItemFactory) in C:\dev\NLog\src\NLog\Layouts\Layout.cs:line 104
   at NLog.Layouts.Layout.FromString(String layoutText) in C:\dev\NLog\src\NLog\Layouts\Layout.cs:line 93
   at NLog.Layouts.Layout.op_Implicit(String text) in C:\dev\NLog\src\NLog\Layouts\Layout.cs:line 83
   at NLog.Targets.TargetWithLayout..ctor() in C:\dev\NLog\src\NLog\Targets\TargetWithLayout.cs:line 54
   at NLog.Targets.TargetWithLayoutHeaderAndFooter..ctor() in C:\dev\NLog\src\NLog\Targets\TargetWithLayoutHeaderAndFooter.cs:line 50
   at NLog.Targets.FileTarget..ctor() in C:\dev\NLog\src\NLog\Targets\FileTarget.cs:line 167
   at NLog.UnitTests.Targets.FileTargetTests.DateArchive_UsesDateFromCurrentTimeSource(DateTimeKind timeKind, Boolean concurrentWrites, Boolean keepFileOpen, Boolean networkWrites, Boolean includeSequenceInArchive) in C:\dev\NLog\tests\NLog.UnitTests\Targets\FileTargetTests.cs:line 784]]></stack-trace>
        </failure>
      </test>
      <test name="NLog.UnitTests.Targets.PlainFileTargetTests.DateArchive_UsesDateFromCurrentTimeSource(timeKind: Local, concurrentWrites: True, keepFileOpen: False, networkWrites: False, includeSequenceInArchive: True)" type="NLog.UnitTests.Targets.PlainFileTargetTests" method="DateArchive_UsesDateFromCurrentTimeSource" time="0.0002408" result="Fail">
        <failure exception-type="System.ArgumentException">
          <message><![CDATA[System.ArgumentException : LayoutRenderer cannot be found: 'longdate']]></message>
          <stack-trace><![CDATA[   at NLog.Config.Factory`2.CreateInstance(String name) in C:\dev\NLog\src\NLog\Config\Factory.cs:line 199
   at NLog.Layouts.LayoutParser.ParseLayoutRenderer(ConfigurationItemFactory configurationItemFactory, SimpleStringReader sr) in C:\dev\NLog\src\NLog\Layouts\LayoutParser.cs:line 345
   at NLog.Layouts.LayoutParser.CompileLayout(ConfigurationItemFactory configurationItemFactory, SimpleStringReader sr, Boolean isNested, String& text) in C:\dev\NLog\src\NLog\Layouts\LayoutParser.cs:line 108
   at NLog.Layouts.SimpleLayout.set_Text(String value) in C:\dev\NLog\src\NLog\Layouts\SimpleLayout.cs:line 119
   at NLog.Layouts.SimpleLayout..ctor(String txt, ConfigurationItemFactory configurationItemFactory) in C:\dev\NLog\src\NLog\Layouts\SimpleLayout.cs:line 88
   at NLog.Layouts.Layout.FromString(String layoutText, ConfigurationItemFactory configurationItemFactory) in C:\dev\NLog\src\NLog\Layouts\Layout.cs:line 104
   at NLog.Layouts.Layout.FromString(String layoutText) in C:\dev\NLog\src\NLog\Layouts\Layout.cs:line 93
   at NLog.Layouts.Layout.op_Implicit(String text) in C:\dev\NLog\src\NLog\Layouts\Layout.cs:line 83
   at NLog.Targets.TargetWithLayout..ctor() in C:\dev\NLog\src\NLog\Targets\TargetWithLayout.cs:line 54
   at NLog.Targets.TargetWithLayoutHeaderAndFooter..ctor() in C:\dev\NLog\src\NLog\Targets\TargetWithLayoutHeaderAndFooter.cs:line 50
   at NLog.Targets.FileTarget..ctor() in C:\dev\NLog\src\NLog\Targets\FileTarget.cs:line 167
   at NLog.UnitTests.Targets.FileTargetTests.DateArchive_UsesDateFromCurrentTimeSource(DateTimeKind timeKind, Boolean concurrentWrites, Boolean keepFileOpen, Boolean networkWrites, Boolean includeSequenceInArchive) in C:\dev\NLog\tests\NLog.UnitTests\Targets\FileTargetTests.cs:line 784]]></stack-trace>
        </failure>
      </test>
      <test name="NLog.UnitTests.Targets.PlainFileTargetTests.DateArchive_UsesDateFromCurrentTimeSource(timeKind: Local, concurrentWrites: True, keepFileOpen: False, networkWrites: False, includeSequenceInArchive: False)" type="NLog.UnitTests.Targets.PlainFileTargetTests" method="DateArchive_UsesDateFromCurrentTimeSource" time="0.0002339" result="Fail">
        <failure exception-type="System.ArgumentException">
          <message><![CDATA[System.ArgumentException : LayoutRenderer cannot be found: 'longdate']]></message>
          <stack-trace><![CDATA[   at NLog.Config.Factory`2.CreateInstance(String name) in C:\dev\NLog\src\NLog\Config\Factory.cs:line 199
   at NLog.Layouts.LayoutParser.ParseLayoutRenderer(ConfigurationItemFactory configurationItemFactory, SimpleStringReader sr) in C:\dev\NLog\src\NLog\Layouts\LayoutParser.cs:line 345
   at NLog.Layouts.LayoutParser.CompileLayout(ConfigurationItemFactory configurationItemFactory, SimpleStringReader sr, Boolean isNested, String& text) in C:\dev\NLog\src\NLog\Layouts\LayoutParser.cs:line 108
   at NLog.Layouts.SimpleLayout.set_Text(String value) in C:\dev\NLog\src\NLog\Layouts\SimpleLayout.cs:line 119
   at NLog.Layouts.SimpleLayout..ctor(String txt, ConfigurationItemFactory configurationItemFactory) in C:\dev\NLog\src\NLog\Layouts\SimpleLayout.cs:line 88
   at NLog.Layouts.Layout.FromString(String layoutText, ConfigurationItemFactory configurationItemFactory) in C:\dev\NLog\src\NLog\Layouts\Layout.cs:line 104
   at NLog.Layouts.Layout.FromString(String layoutText) in C:\dev\NLog\src\NLog\Layouts\Layout.cs:line 93
   at NLog.Layouts.Layout.op_Implicit(String text) in C:\dev\NLog\src\NLog\Layouts\Layout.cs:line 83
   at NLog.Targets.TargetWithLayout..ctor() in C:\dev\NLog\src\NLog\Targets\TargetWithLayout.cs:line 54
   at NLog.Targets.TargetWithLayoutHeaderAndFooter..ctor() in C:\dev\NLog\src\NLog\Targets\TargetWithLayoutHeaderAndFooter.cs:line 50
   at NLog.Targets.FileTarget..ctor() in C:\dev\NLog\src\NLog\Targets\FileTarget.cs:line 167
   at NLog.UnitTests.Targets.FileTargetTests.DateArchive_UsesDateFromCurrentTimeSource(DateTimeKind timeKind, Boolean concurrentWrites, Boolean keepFileOpen, Boolean networkWrites, Boolean includeSequenceInArchive) in C:\dev\NLog\tests\NLog.UnitTests\Targets\FileTargetTests.cs:line 784]]></stack-trace>
        </failure>
      </test>
      <test name="NLog.UnitTests.Targets.PlainFileTargetTests.DateArchive_UsesDateFromCurrentTimeSource(timeKind: Utc, concurrentWrites: False, keepFileOpen: True, networkWrites: True, includeSequenceInArchive: True)" type="NLog.UnitTests.Targets.PlainFileTargetTests" method="DateArchive_UsesDateFromCurrentTimeSource" time="0.0002299" result="Fail">
        <failure exception-type="System.ArgumentException">
          <message><![CDATA[System.ArgumentException : LayoutRenderer cannot be found: 'longdate']]></message>
          <stack-trace><![CDATA[   at NLog.Config.Factory`2.CreateInstance(String name) in C:\dev\NLog\src\NLog\Config\Factory.cs:line 199
   at NLog.Layouts.LayoutParser.ParseLayoutRenderer(ConfigurationItemFactory configurationItemFactory, SimpleStringReader sr) in C:\dev\NLog\src\NLog\Layouts\LayoutParser.cs:line 345
   at NLog.Layouts.LayoutParser.CompileLayout(ConfigurationItemFactory configurationItemFactory, SimpleStringReader sr, Boolean isNested, String& text) in C:\dev\NLog\src\NLog\Layouts\LayoutParser.cs:line 108
   at NLog.Layouts.SimpleLayout.set_Text(String value) in C:\dev\NLog\src\NLog\Layouts\SimpleLayout.cs:line 119
   at NLog.Layouts.SimpleLayout..ctor(String txt, ConfigurationItemFactory configurationItemFactory) in C:\dev\NLog\src\NLog\Layouts\SimpleLayout.cs:line 88
   at NLog.Layouts.Layout.FromString(String layoutText, ConfigurationItemFactory configurationItemFactory) in C:\dev\NLog\src\NLog\Layouts\Layout.cs:line 104
   at NLog.Layouts.Layout.FromString(String layoutText) in C:\dev\NLog\src\NLog\Layouts\Layout.cs:line 93
   at NLog.Layouts.Layout.op_Implicit(String text) in C:\dev\NLog\src\NLog\Layouts\Layout.cs:line 83
   at NLog.Targets.TargetWithLayout..ctor() in C:\dev\NLog\src\NLog\Targets\TargetWithLayout.cs:line 54
   at NLog.Targets.TargetWithLayoutHeaderAndFooter..ctor() in C:\dev\NLog\src\NLog\Targets\TargetWithLayoutHeaderAndFooter.cs:line 50
   at NLog.Targets.FileTarget..ctor() in C:\dev\NLog\src\NLog\Targets\FileTarget.cs:line 167
   at NLog.UnitTests.Targets.FileTargetTests.DateArchive_UsesDateFromCurrentTimeSource(DateTimeKind timeKind, Boolean concurrentWrites, Boolean keepFileOpen, Boolean networkWrites, Boolean includeSequenceInArchive) in C:\dev\NLog\tests\NLog.UnitTests\Targets\FileTargetTests.cs:line 784]]></stack-trace>
        </failure>
      </test>
      <test name="NLog.UnitTests.Targets.PlainFileTargetTests.DateArchive_UsesDateFromCurrentTimeSource(timeKind: Utc, concurrentWrites: False, keepFileOpen: True, networkWrites: True, includeSequenceInArchive: False)" type="NLog.UnitTests.Targets.PlainFileTargetTests" method="DateArchive_UsesDateFromCurrentTimeSource" time="0.0002371" result="Fail">
        <failure exception-type="System.ArgumentException">
          <message><![CDATA[System.ArgumentException : LayoutRenderer cannot be found: 'longdate']]></message>
          <stack-trace><![CDATA[   at NLog.Config.Factory`2.CreateInstance(String name) in C:\dev\NLog\src\NLog\Config\Factory.cs:line 199
   at NLog.Layouts.LayoutParser.ParseLayoutRenderer(ConfigurationItemFactory configurationItemFactory, SimpleStringReader sr) in C:\dev\NLog\src\NLog\Layouts\LayoutParser.cs:line 345
   at NLog.Layouts.LayoutParser.CompileLayout(ConfigurationItemFactory configurationItemFactory, SimpleStringReader sr, Boolean isNested, String& text) in C:\dev\NLog\src\NLog\Layouts\LayoutParser.cs:line 108
   at NLog.Layouts.SimpleLayout.set_Text(String value) in C:\dev\NLog\src\NLog\Layouts\SimpleLayout.cs:line 119
   at NLog.Layouts.SimpleLayout..ctor(String txt, ConfigurationItemFactory configurationItemFactory) in C:\dev\NLog\src\NLog\Layouts\SimpleLayout.cs:line 88
   at NLog.Layouts.Layout.FromString(String layoutText, ConfigurationItemFactory configurationItemFactory) in C:\dev\NLog\src\NLog\Layouts\Layout.cs:line 104
   at NLog.Layouts.Layout.FromString(String layoutText) in C:\dev\NLog\src\NLog\Layouts\Layout.cs:line 93
   at NLog.Layouts.Layout.op_Implicit(String text) in C:\dev\NLog\src\NLog\Layouts\Layout.cs:line 83
   at NLog.Targets.TargetWithLayout..ctor() in C:\dev\NLog\src\NLog\Targets\TargetWithLayout.cs:line 54
   at NLog.Targets.TargetWithLayoutHeaderAndFooter..ctor() in C:\dev\NLog\src\NLog\Targets\TargetWithLayoutHeaderAndFooter.cs:line 50
   at NLog.Targets.FileTarget..ctor() in C:\dev\NLog\src\NLog\Targets\FileTarget.cs:line 167
   at NLog.UnitTests.Targets.FileTargetTests.DateArchive_UsesDateFromCurrentTimeSource(DateTimeKind timeKind, Boolean concurrentWrites, Boolean keepFileOpen, Boolean networkWrites, Boolean includeSequenceInArchive) in C:\dev\NLog\tests\NLog.UnitTests\Targets\FileTargetTests.cs:line 784]]></stack-trace>
        </failure>
      </test>
      <test name="NLog.UnitTests.Targets.PlainFileTargetTests.DateArchive_UsesDateFromCurrentTimeSource(timeKind: Local, concurrentWrites: False, keepFileOpen: True, networkWrites: True, includeSequenceInArchive: True)" type="NLog.UnitTests.Targets.PlainFileTargetTests" method="DateArchive_UsesDateFromCurrentTimeSource" time="0.0002353" result="Fail">
        <failure exception-type="System.ArgumentException">
          <message><![CDATA[System.ArgumentException : LayoutRenderer cannot be found: 'longdate']]></message>
          <stack-trace><![CDATA[   at NLog.Config.Factory`2.CreateInstance(String name) in C:\dev\NLog\src\NLog\Config\Factory.cs:line 199
   at NLog.Layouts.LayoutParser.ParseLayoutRenderer(ConfigurationItemFactory configurationItemFactory, SimpleStringReader sr) in C:\dev\NLog\src\NLog\Layouts\LayoutParser.cs:line 345
   at NLog.Layouts.LayoutParser.CompileLayout(ConfigurationItemFactory configurationItemFactory, SimpleStringReader sr, Boolean isNested, String& text) in C:\dev\NLog\src\NLog\Layouts\LayoutParser.cs:line 108
   at NLog.Layouts.SimpleLayout.set_Text(String value) in C:\dev\NLog\src\NLog\Layouts\SimpleLayout.cs:line 119
   at NLog.Layouts.SimpleLayout..ctor(String txt, ConfigurationItemFactory configurationItemFactory) in C:\dev\NLog\src\NLog\Layouts\SimpleLayout.cs:line 88
   at NLog.Layouts.Layout.FromString(String layoutText, ConfigurationItemFactory configurationItemFactory) in C:\dev\NLog\src\NLog\Layouts\Layout.cs:line 104
   at NLog.Layouts.Layout.FromString(String layoutText) in C:\dev\NLog\src\NLog\Layouts\Layout.cs:line 93
   at NLog.Layouts.Layout.op_Implicit(String text) in C:\dev\NLog\src\NLog\Layouts\Layout.cs:line 83
   at NLog.Targets.TargetWithLayout..ctor() in C:\dev\NLog\src\NLog\Targets\TargetWithLayout.cs:line 54
   at NLog.Targets.TargetWithLayoutHeaderAndFooter..ctor() in C:\dev\NLog\src\NLog\Targets\TargetWithLayoutHeaderAndFooter.cs:line 50
   at NLog.Targets.FileTarget..ctor() in C:\dev\NLog\src\NLog\Targets\FileTarget.cs:line 167
   at NLog.UnitTests.Targets.FileTargetTests.DateArchive_UsesDateFromCurrentTimeSource(DateTimeKind timeKind, Boolean concurrentWrites, Boolean keepFileOpen, Boolean networkWrites, Boolean includeSequenceInArchive) in C:\dev\NLog\tests\NLog.UnitTests\Targets\FileTargetTests.cs:line 784]]></stack-trace>
        </failure>
      </test>
      <test name="NLog.UnitTests.Targets.PlainFileTargetTests.DateArchive_UsesDateFromCurrentTimeSource(timeKind: Local, concurrentWrites: False, keepFileOpen: True, networkWrites: True, includeSequenceInArchive: False)" type="NLog.UnitTests.Targets.PlainFileTargetTests" method="DateArchive_UsesDateFromCurrentTimeSource" time="0.0002272" result="Fail">
        <failure exception-type="System.ArgumentException">
          <message><![CDATA[System.ArgumentException : LayoutRenderer cannot be found: 'longdate']]></message>
          <stack-trace><![CDATA[   at NLog.Config.Factory`2.CreateInstance(String name) in C:\dev\NLog\src\NLog\Config\Factory.cs:line 199
   at NLog.Layouts.LayoutParser.ParseLayoutRenderer(ConfigurationItemFactory configurationItemFactory, SimpleStringReader sr) in C:\dev\NLog\src\NLog\Layouts\LayoutParser.cs:line 345
   at NLog.Layouts.LayoutParser.CompileLayout(ConfigurationItemFactory configurationItemFactory, SimpleStringReader sr, Boolean isNested, String& text) in C:\dev\NLog\src\NLog\Layouts\LayoutParser.cs:line 108
   at NLog.Layouts.SimpleLayout.set_Text(String value) in C:\dev\NLog\src\NLog\Layouts\SimpleLayout.cs:line 119
   at NLog.Layouts.SimpleLayout..ctor(String txt, ConfigurationItemFactory configurationItemFactory) in C:\dev\NLog\src\NLog\Layouts\SimpleLayout.cs:line 88
   at NLog.Layouts.Layout.FromString(String layoutText, ConfigurationItemFactory configurationItemFactory) in C:\dev\NLog\src\NLog\Layouts\Layout.cs:line 104
   at NLog.Layouts.Layout.FromString(String layoutText) in C:\dev\NLog\src\NLog\Layouts\Layout.cs:line 93
   at NLog.Layouts.Layout.op_Implicit(String text) in C:\dev\NLog\src\NLog\Layouts\Layout.cs:line 83
   at NLog.Targets.TargetWithLayout..ctor() in C:\dev\NLog\src\NLog\Targets\TargetWithLayout.cs:line 54
   at NLog.Targets.TargetWithLayoutHeaderAndFooter..ctor() in C:\dev\NLog\src\NLog\Targets\TargetWithLayoutHeaderAndFooter.cs:line 50
   at NLog.Targets.FileTarget..ctor() in C:\dev\NLog\src\NLog\Targets\FileTarget.cs:line 167
   at NLog.UnitTests.Targets.FileTargetTests.DateArchive_UsesDateFromCurrentTimeSource(DateTimeKind timeKind, Boolean concurrentWrites, Boolean keepFileOpen, Boolean networkWrites, Boolean includeSequenceInArchive) in C:\dev\NLog\tests\NLog.UnitTests\Targets\FileTargetTests.cs:line 784]]></stack-trace>
        </failure>
      </test>
      <test name="NLog.UnitTests.Targets.PlainFileTargetTests.DateArchive_UsesDateFromCurrentTimeSource(timeKind: Utc, concurrentWrites: False, keepFileOpen: True, networkWrites: False, includeSequenceInArchive: True)" type="NLog.UnitTests.Targets.PlainFileTargetTests" method="DateArchive_UsesDateFromCurrentTimeSource" time="0.0002163" result="Fail">
        <failure exception-type="System.ArgumentException">
          <message><![CDATA[System.ArgumentException : LayoutRenderer cannot be found: 'longdate']]></message>
          <stack-trace><![CDATA[   at NLog.Config.Factory`2.CreateInstance(String name) in C:\dev\NLog\src\NLog\Config\Factory.cs:line 199
   at NLog.Layouts.LayoutParser.ParseLayoutRenderer(ConfigurationItemFactory configurationItemFactory, SimpleStringReader sr) in C:\dev\NLog\src\NLog\Layouts\LayoutParser.cs:line 345
   at NLog.Layouts.LayoutParser.CompileLayout(ConfigurationItemFactory configurationItemFactory, SimpleStringReader sr, Boolean isNested, String& text) in C:\dev\NLog\src\NLog\Layouts\LayoutParser.cs:line 108
   at NLog.Layouts.SimpleLayout.set_Text(String value) in C:\dev\NLog\src\NLog\Layouts\SimpleLayout.cs:line 119
   at NLog.Layouts.SimpleLayout..ctor(String txt, ConfigurationItemFactory configurationItemFactory) in C:\dev\NLog\src\NLog\Layouts\SimpleLayout.cs:line 88
   at NLog.Layouts.Layout.FromString(String layoutText, ConfigurationItemFactory configurationItemFactory) in C:\dev\NLog\src\NLog\Layouts\Layout.cs:line 104
   at NLog.Layouts.Layout.FromString(String layoutText) in C:\dev\NLog\src\NLog\Layouts\Layout.cs:line 93
   at NLog.Layouts.Layout.op_Implicit(String text) in C:\dev\NLog\src\NLog\Layouts\Layout.cs:line 83
   at NLog.Targets.TargetWithLayout..ctor() in C:\dev\NLog\src\NLog\Targets\TargetWithLayout.cs:line 54
   at NLog.Targets.TargetWithLayoutHeaderAndFooter..ctor() in C:\dev\NLog\src\NLog\Targets\TargetWithLayoutHeaderAndFooter.cs:line 50
   at NLog.Targets.FileTarget..ctor() in C:\dev\NLog\src\NLog\Targets\FileTarget.cs:line 167
   at NLog.UnitTests.Targets.FileTargetTests.DateArchive_UsesDateFromCurrentTimeSource(DateTimeKind timeKind, Boolean concurrentWrites, Boolean keepFileOpen, Boolean networkWrites, Boolean includeSequenceInArchive) in C:\dev\NLog\tests\NLog.UnitTests\Targets\FileTargetTests.cs:line 784]]></stack-trace>
        </failure>
      </test>
      <test name="NLog.UnitTests.Targets.PlainFileTargetTests.DateArchive_UsesDateFromCurrentTimeSource(timeKind: Utc, concurrentWrites: False, keepFileOpen: True, networkWrites: False, includeSequenceInArchive: False)" type="NLog.UnitTests.Targets.PlainFileTargetTests" method="DateArchive_UsesDateFromCurrentTimeSource" time="0.0002131" result="Fail">
        <failure exception-type="System.ArgumentException">
          <message><![CDATA[System.ArgumentException : LayoutRenderer cannot be found: 'longdate']]></message>
          <stack-trace><![CDATA[   at NLog.Config.Factory`2.CreateInstance(String name) in C:\dev\NLog\src\NLog\Config\Factory.cs:line 199
   at NLog.Layouts.LayoutParser.ParseLayoutRenderer(ConfigurationItemFactory configurationItemFactory, SimpleStringReader sr) in C:\dev\NLog\src\NLog\Layouts\LayoutParser.cs:line 345
   at NLog.Layouts.LayoutParser.CompileLayout(ConfigurationItemFactory configurationItemFactory, SimpleStringReader sr, Boolean isNested, String& text) in C:\dev\NLog\src\NLog\Layouts\LayoutParser.cs:line 108
   at NLog.Layouts.SimpleLayout.set_Text(String value) in C:\dev\NLog\src\NLog\Layouts\SimpleLayout.cs:line 119
   at NLog.Layouts.SimpleLayout..ctor(String txt, ConfigurationItemFactory configurationItemFactory) in C:\dev\NLog\src\NLog\Layouts\SimpleLayout.cs:line 88
   at NLog.Layouts.Layout.FromString(String layoutText, ConfigurationItemFactory configurationItemFactory) in C:\dev\NLog\src\NLog\Layouts\Layout.cs:line 104
   at NLog.Layouts.Layout.FromString(String layoutText) in C:\dev\NLog\src\NLog\Layouts\Layout.cs:line 93
   at NLog.Layouts.Layout.op_Implicit(String text) in C:\dev\NLog\src\NLog\Layouts\Layout.cs:line 83
   at NLog.Targets.TargetWithLayout..ctor() in C:\dev\NLog\src\NLog\Targets\TargetWithLayout.cs:line 54
   at NLog.Targets.TargetWithLayoutHeaderAndFooter..ctor() in C:\dev\NLog\src\NLog\Targets\TargetWithLayoutHeaderAndFooter.cs:line 50
   at NLog.Targets.FileTarget..ctor() in C:\dev\NLog\src\NLog\Targets\FileTarget.cs:line 167
   at NLog.UnitTests.Targets.FileTargetTests.DateArchive_UsesDateFromCurrentTimeSource(DateTimeKind timeKind, Boolean concurrentWrites, Boolean keepFileOpen, Boolean networkWrites, Boolean includeSequenceInArchive) in C:\dev\NLog\tests\NLog.UnitTests\Targets\FileTargetTests.cs:line 784]]></stack-trace>
        </failure>
      </test>
      <test name="NLog.UnitTests.Targets.PlainFileTargetTests.DateArchive_UsesDateFromCurrentTimeSource(timeKind: Local, concurrentWrites: False, keepFileOpen: True, networkWrites: False, includeSequenceInArchive: True)" type="NLog.UnitTests.Targets.PlainFileTargetTests" method="DateArchive_UsesDateFromCurrentTimeSource" time="0.0002064" result="Fail">
        <failure exception-type="System.ArgumentException">
          <message><![CDATA[System.ArgumentException : LayoutRenderer cannot be found: 'longdate']]></message>
          <stack-trace><![CDATA[   at NLog.Config.Factory`2.CreateInstance(String name) in C:\dev\NLog\src\NLog\Config\Factory.cs:line 199
   at NLog.Layouts.LayoutParser.ParseLayoutRenderer(ConfigurationItemFactory configurationItemFactory, SimpleStringReader sr) in C:\dev\NLog\src\NLog\Layouts\LayoutParser.cs:line 345
   at NLog.Layouts.LayoutParser.CompileLayout(ConfigurationItemFactory configurationItemFactory, SimpleStringReader sr, Boolean isNested, String& text) in C:\dev\NLog\src\NLog\Layouts\LayoutParser.cs:line 108
   at NLog.Layouts.SimpleLayout.set_Text(String value) in C:\dev\NLog\src\NLog\Layouts\SimpleLayout.cs:line 119
   at NLog.Layouts.SimpleLayout..ctor(String txt, ConfigurationItemFactory configurationItemFactory) in C:\dev\NLog\src\NLog\Layouts\SimpleLayout.cs:line 88
   at NLog.Layouts.Layout.FromString(String layoutText, ConfigurationItemFactory configurationItemFactory) in C:\dev\NLog\src\NLog\Layouts\Layout.cs:line 104
   at NLog.Layouts.Layout.FromString(String layoutText) in C:\dev\NLog\src\NLog\Layouts\Layout.cs:line 93
   at NLog.Layouts.Layout.op_Implicit(String text) in C:\dev\NLog\src\NLog\Layouts\Layout.cs:line 83
   at NLog.Targets.TargetWithLayout..ctor() in C:\dev\NLog\src\NLog\Targets\TargetWithLayout.cs:line 54
   at NLog.Targets.TargetWithLayoutHeaderAndFooter..ctor() in C:\dev\NLog\src\NLog\Targets\TargetWithLayoutHeaderAndFooter.cs:line 50
   at NLog.Targets.FileTarget..ctor() in C:\dev\NLog\src\NLog\Targets\FileTarget.cs:line 167
   at NLog.UnitTests.Targets.FileTargetTests.DateArchive_UsesDateFromCurrentTimeSource(DateTimeKind timeKind, Boolean concurrentWrites, Boolean keepFileOpen, Boolean networkWrites, Boolean includeSequenceInArchive) in C:\dev\NLog\tests\NLog.UnitTests\Targets\FileTargetTests.cs:line 784]]></stack-trace>
        </failure>
      </test>
      <test name="NLog.UnitTests.Targets.PlainFileTargetTests.DateArchive_UsesDateFromCurrentTimeSource(timeKind: Local, concurrentWrites: False, keepFileOpen: True, networkWrites: False, includeSequenceInArchive: False)" type="NLog.UnitTests.Targets.PlainFileTargetTests" method="DateArchive_UsesDateFromCurrentTimeSource" time="0.000201" result="Fail">
        <failure exception-type="System.ArgumentException">
          <message><![CDATA[System.ArgumentException : LayoutRenderer cannot be found: 'longdate']]></message>
          <stack-trace><![CDATA[   at NLog.Config.Factory`2.CreateInstance(String name) in C:\dev\NLog\src\NLog\Config\Factory.cs:line 199
   at NLog.Layouts.LayoutParser.ParseLayoutRenderer(ConfigurationItemFactory configurationItemFactory, SimpleStringReader sr) in C:\dev\NLog\src\NLog\Layouts\LayoutParser.cs:line 345
   at NLog.Layouts.LayoutParser.CompileLayout(ConfigurationItemFactory configurationItemFactory, SimpleStringReader sr, Boolean isNested, String& text) in C:\dev\NLog\src\NLog\Layouts\LayoutParser.cs:line 108
   at NLog.Layouts.SimpleLayout.set_Text(String value) in C:\dev\NLog\src\NLog\Layouts\SimpleLayout.cs:line 119
   at NLog.Layouts.SimpleLayout..ctor(String txt, ConfigurationItemFactory configurationItemFactory) in C:\dev\NLog\src\NLog\Layouts\SimpleLayout.cs:line 88
   at NLog.Layouts.Layout.FromString(String layoutText, ConfigurationItemFactory configurationItemFactory) in C:\dev\NLog\src\NLog\Layouts\Layout.cs:line 104
   at NLog.Layouts.Layout.FromString(String layoutText) in C:\dev\NLog\src\NLog\Layouts\Layout.cs:line 93
   at NLog.Layouts.Layout.op_Implicit(String text) in C:\dev\NLog\src\NLog\Layouts\Layout.cs:line 83
   at NLog.Targets.TargetWithLayout..ctor() in C:\dev\NLog\src\NLog\Targets\TargetWithLayout.cs:line 54
   at NLog.Targets.TargetWithLayoutHeaderAndFooter..ctor() in C:\dev\NLog\src\NLog\Targets\TargetWithLayoutHeaderAndFooter.cs:line 50
   at NLog.Targets.FileTarget..ctor() in C:\dev\NLog\src\NLog\Targets\FileTarget.cs:line 167
   at NLog.UnitTests.Targets.FileTargetTests.DateArchive_UsesDateFromCurrentTimeSource(DateTimeKind timeKind, Boolean concurrentWrites, Boolean keepFileOpen, Boolean networkWrites, Boolean includeSequenceInArchive) in C:\dev\NLog\tests\NLog.UnitTests\Targets\FileTargetTests.cs:line 784]]></stack-trace>
        </failure>
      </test>
      <test name="NLog.UnitTests.Targets.PlainFileTargetTests.DateArchive_UsesDateFromCurrentTimeSource(timeKind: Utc, concurrentWrites: False, keepFileOpen: False, networkWrites: True, includeSequenceInArchive: True)" type="NLog.UnitTests.Targets.PlainFileTargetTests" method="DateArchive_UsesDateFromCurrentTimeSource" time="0.0002078" result="Fail">
        <failure exception-type="System.ArgumentException">
          <message><![CDATA[System.ArgumentException : LayoutRenderer cannot be found: 'longdate']]></message>
          <stack-trace><![CDATA[   at NLog.Config.Factory`2.CreateInstance(String name) in C:\dev\NLog\src\NLog\Config\Factory.cs:line 199
   at NLog.Layouts.LayoutParser.ParseLayoutRenderer(ConfigurationItemFactory configurationItemFactory, SimpleStringReader sr) in C:\dev\NLog\src\NLog\Layouts\LayoutParser.cs:line 345
   at NLog.Layouts.LayoutParser.CompileLayout(ConfigurationItemFactory configurationItemFactory, SimpleStringReader sr, Boolean isNested, String& text) in C:\dev\NLog\src\NLog\Layouts\LayoutParser.cs:line 108
   at NLog.Layouts.SimpleLayout.set_Text(String value) in C:\dev\NLog\src\NLog\Layouts\SimpleLayout.cs:line 119
   at NLog.Layouts.SimpleLayout..ctor(String txt, ConfigurationItemFactory configurationItemFactory) in C:\dev\NLog\src\NLog\Layouts\SimpleLayout.cs:line 88
   at NLog.Layouts.Layout.FromString(String layoutText, ConfigurationItemFactory configurationItemFactory) in C:\dev\NLog\src\NLog\Layouts\Layout.cs:line 104
   at NLog.Layouts.Layout.FromString(String layoutText) in C:\dev\NLog\src\NLog\Layouts\Layout.cs:line 93
   at NLog.Layouts.Layout.op_Implicit(String text) in C:\dev\NLog\src\NLog\Layouts\Layout.cs:line 83
   at NLog.Targets.TargetWithLayout..ctor() in C:\dev\NLog\src\NLog\Targets\TargetWithLayout.cs:line 54
   at NLog.Targets.TargetWithLayoutHeaderAndFooter..ctor() in C:\dev\NLog\src\NLog\Targets\TargetWithLayoutHeaderAndFooter.cs:line 50
   at NLog.Targets.FileTarget..ctor() in C:\dev\NLog\src\NLog\Targets\FileTarget.cs:line 167
   at NLog.UnitTests.Targets.FileTargetTests.DateArchive_UsesDateFromCurrentTimeSource(DateTimeKind timeKind, Boolean concurrentWrites, Boolean keepFileOpen, Boolean networkWrites, Boolean includeSequenceInArchive) in C:\dev\NLog\tests\NLog.UnitTests\Targets\FileTargetTests.cs:line 784]]></stack-trace>
        </failure>
      </test>
      <test name="NLog.UnitTests.Targets.PlainFileTargetTests.DateArchive_UsesDateFromCurrentTimeSource(timeKind: Utc, concurrentWrites: False, keepFileOpen: False, networkWrites: True, includeSequenceInArchive: False)" type="NLog.UnitTests.Targets.PlainFileTargetTests" method="DateArchive_UsesDateFromCurrentTimeSource" time="0.0001995" result="Fail">
        <failure exception-type="System.ArgumentException">
          <message><![CDATA[System.ArgumentException : LayoutRenderer cannot be found: 'longdate']]></message>
          <stack-trace><![CDATA[   at NLog.Config.Factory`2.CreateInstance(String name) in C:\dev\NLog\src\NLog\Config\Factory.cs:line 199
   at NLog.Layouts.LayoutParser.ParseLayoutRenderer(ConfigurationItemFactory configurationItemFactory, SimpleStringReader sr) in C:\dev\NLog\src\NLog\Layouts\LayoutParser.cs:line 345
   at NLog.Layouts.LayoutParser.CompileLayout(ConfigurationItemFactory configurationItemFactory, SimpleStringReader sr, Boolean isNested, String& text) in C:\dev\NLog\src\NLog\Layouts\LayoutParser.cs:line 108
   at NLog.Layouts.SimpleLayout.set_Text(String value) in C:\dev\NLog\src\NLog\Layouts\SimpleLayout.cs:line 119
   at NLog.Layouts.SimpleLayout..ctor(String txt, ConfigurationItemFactory configurationItemFactory) in C:\dev\NLog\src\NLog\Layouts\SimpleLayout.cs:line 88
   at NLog.Layouts.Layout.FromString(String layoutText, ConfigurationItemFactory configurationItemFactory) in C:\dev\NLog\src\NLog\Layouts\Layout.cs:line 104
   at NLog.Layouts.Layout.FromString(String layoutText) in C:\dev\NLog\src\NLog\Layouts\Layout.cs:line 93
   at NLog.Layouts.Layout.op_Implicit(String text) in C:\dev\NLog\src\NLog\Layouts\Layout.cs:line 83
   at NLog.Targets.TargetWithLayout..ctor() in C:\dev\NLog\src\NLog\Targets\TargetWithLayout.cs:line 54
   at NLog.Targets.TargetWithLayoutHeaderAndFooter..ctor() in C:\dev\NLog\src\NLog\Targets\TargetWithLayoutHeaderAndFooter.cs:line 50
   at NLog.Targets.FileTarget..ctor() in C:\dev\NLog\src\NLog\Targets\FileTarget.cs:line 167
   at NLog.UnitTests.Targets.FileTargetTests.DateArchive_UsesDateFromCurrentTimeSource(DateTimeKind timeKind, Boolean concurrentWrites, Boolean keepFileOpen, Boolean networkWrites, Boolean includeSequenceInArchive) in C:\dev\NLog\tests\NLog.UnitTests\Targets\FileTargetTests.cs:line 784]]></stack-trace>
        </failure>
      </test>
      <test name="NLog.UnitTests.Targets.PlainFileTargetTests.DateArchive_UsesDateFromCurrentTimeSource(timeKind: Local, concurrentWrites: False, keepFileOpen: False, networkWrites: True, includeSequenceInArchive: True)" type="NLog.UnitTests.Targets.PlainFileTargetTests" method="DateArchive_UsesDateFromCurrentTimeSource" time="0.0001994" result="Fail">
        <failure exception-type="System.ArgumentException">
          <message><![CDATA[System.ArgumentException : LayoutRenderer cannot be found: 'longdate']]></message>
          <stack-trace><![CDATA[   at NLog.Config.Factory`2.CreateInstance(String name) in C:\dev\NLog\src\NLog\Config\Factory.cs:line 199
   at NLog.Layouts.LayoutParser.ParseLayoutRenderer(ConfigurationItemFactory configurationItemFactory, SimpleStringReader sr) in C:\dev\NLog\src\NLog\Layouts\LayoutParser.cs:line 345
   at NLog.Layouts.LayoutParser.CompileLayout(ConfigurationItemFactory configurationItemFactory, SimpleStringReader sr, Boolean isNested, String& text) in C:\dev\NLog\src\NLog\Layouts\LayoutParser.cs:line 108
   at NLog.Layouts.SimpleLayout.set_Text(String value) in C:\dev\NLog\src\NLog\Layouts\SimpleLayout.cs:line 119
   at NLog.Layouts.SimpleLayout..ctor(String txt, ConfigurationItemFactory configurationItemFactory) in C:\dev\NLog\src\NLog\Layouts\SimpleLayout.cs:line 88
   at NLog.Layouts.Layout.FromString(String layoutText, ConfigurationItemFactory configurationItemFactory) in C:\dev\NLog\src\NLog\Layouts\Layout.cs:line 104
   at NLog.Layouts.Layout.FromString(String layoutText) in C:\dev\NLog\src\NLog\Layouts\Layout.cs:line 93
   at NLog.Layouts.Layout.op_Implicit(String text) in C:\dev\NLog\src\NLog\Layouts\Layout.cs:line 83
   at NLog.Targets.TargetWithLayout..ctor() in C:\dev\NLog\src\NLog\Targets\TargetWithLayout.cs:line 54
   at NLog.Targets.TargetWithLayoutHeaderAndFooter..ctor() in C:\dev\NLog\src\NLog\Targets\TargetWithLayoutHeaderAndFooter.cs:line 50
   at NLog.Targets.FileTarget..ctor() in C:\dev\NLog\src\NLog\Targets\FileTarget.cs:line 167
   at NLog.UnitTests.Targets.FileTargetTests.DateArchive_UsesDateFromCurrentTimeSource(DateTimeKind timeKind, Boolean concurrentWrites, Boolean keepFileOpen, Boolean networkWrites, Boolean includeSequenceInArchive) in C:\dev\NLog\tests\NLog.UnitTests\Targets\FileTargetTests.cs:line 784]]></stack-trace>
        </failure>
      </test>
      <test name="NLog.UnitTests.Targets.PlainFileTargetTests.DateArchive_UsesDateFromCurrentTimeSource(timeKind: Local, concurrentWrites: False, keepFileOpen: False, networkWrites: True, includeSequenceInArchive: False)" type="NLog.UnitTests.Targets.PlainFileTargetTests" method="DateArchive_UsesDateFromCurrentTimeSource" time="0.0002041" result="Fail">
        <failure exception-type="System.ArgumentException">
          <message><![CDATA[System.ArgumentException : LayoutRenderer cannot be found: 'longdate']]></message>
          <stack-trace><![CDATA[   at NLog.Config.Factory`2.CreateInstance(String name) in C:\dev\NLog\src\NLog\Config\Factory.cs:line 199
   at NLog.Layouts.LayoutParser.ParseLayoutRenderer(ConfigurationItemFactory configurationItemFactory, SimpleStringReader sr) in C:\dev\NLog\src\NLog\Layouts\LayoutParser.cs:line 345
   at NLog.Layouts.LayoutParser.CompileLayout(ConfigurationItemFactory configurationItemFactory, SimpleStringReader sr, Boolean isNested, String& text) in C:\dev\NLog\src\NLog\Layouts\LayoutParser.cs:line 108
   at NLog.Layouts.SimpleLayout.set_Text(String value) in C:\dev\NLog\src\NLog\Layouts\SimpleLayout.cs:line 119
   at NLog.Layouts.SimpleLayout..ctor(String txt, ConfigurationItemFactory configurationItemFactory) in C:\dev\NLog\src\NLog\Layouts\SimpleLayout.cs:line 88
   at NLog.Layouts.Layout.FromString(String layoutText, ConfigurationItemFactory configurationItemFactory) in C:\dev\NLog\src\NLog\Layouts\Layout.cs:line 104
   at NLog.Layouts.Layout.FromString(String layoutText) in C:\dev\NLog\src\NLog\Layouts\Layout.cs:line 93
   at NLog.Layouts.Layout.op_Implicit(String text) in C:\dev\NLog\src\NLog\Layouts\Layout.cs:line 83
   at NLog.Targets.TargetWithLayout..ctor() in C:\dev\NLog\src\NLog\Targets\TargetWithLayout.cs:line 54
   at NLog.Targets.TargetWithLayoutHeaderAndFooter..ctor() in C:\dev\NLog\src\NLog\Targets\TargetWithLayoutHeaderAndFooter.cs:line 50
   at NLog.Targets.FileTarget..ctor() in C:\dev\NLog\src\NLog\Targets\FileTarget.cs:line 167
   at NLog.UnitTests.Targets.FileTargetTests.DateArchive_UsesDateFromCurrentTimeSource(DateTimeKind timeKind, Boolean concurrentWrites, Boolean keepFileOpen, Boolean networkWrites, Boolean includeSequenceInArchive) in C:\dev\NLog\tests\NLog.UnitTests\Targets\FileTargetTests.cs:line 784]]></stack-trace>
        </failure>
      </test>
      <test name="NLog.UnitTests.Targets.PlainFileTargetTests.DateArchive_UsesDateFromCurrentTimeSource(timeKind: Utc, concurrentWrites: False, keepFileOpen: False, networkWrites: False, includeSequenceInArchive: True)" type="NLog.UnitTests.Targets.PlainFileTargetTests" method="DateArchive_UsesDateFromCurrentTimeSource" time="0.000206" result="Fail">
        <failure exception-type="System.ArgumentException">
          <message><![CDATA[System.ArgumentException : LayoutRenderer cannot be found: 'longdate']]></message>
          <stack-trace><![CDATA[   at NLog.Config.Factory`2.CreateInstance(String name) in C:\dev\NLog\src\NLog\Config\Factory.cs:line 199
   at NLog.Layouts.LayoutParser.ParseLayoutRenderer(ConfigurationItemFactory configurationItemFactory, SimpleStringReader sr) in C:\dev\NLog\src\NLog\Layouts\LayoutParser.cs:line 345
   at NLog.Layouts.LayoutParser.CompileLayout(ConfigurationItemFactory configurationItemFactory, SimpleStringReader sr, Boolean isNested, String& text) in C:\dev\NLog\src\NLog\Layouts\LayoutParser.cs:line 108
   at NLog.Layouts.SimpleLayout.set_Text(String value) in C:\dev\NLog\src\NLog\Layouts\SimpleLayout.cs:line 119
   at NLog.Layouts.SimpleLayout..ctor(String txt, ConfigurationItemFactory configurationItemFactory) in C:\dev\NLog\src\NLog\Layouts\SimpleLayout.cs:line 88
   at NLog.Layouts.Layout.FromString(String layoutText, ConfigurationItemFactory configurationItemFactory) in C:\dev\NLog\src\NLog\Layouts\Layout.cs:line 104
   at NLog.Layouts.Layout.FromString(String layoutText) in C:\dev\NLog\src\NLog\Layouts\Layout.cs:line 93
   at NLog.Layouts.Layout.op_Implicit(String text) in C:\dev\NLog\src\NLog\Layouts\Layout.cs:line 83
   at NLog.Targets.TargetWithLayout..ctor() in C:\dev\NLog\src\NLog\Targets\TargetWithLayout.cs:line 54
   at NLog.Targets.TargetWithLayoutHeaderAndFooter..ctor() in C:\dev\NLog\src\NLog\Targets\TargetWithLayoutHeaderAndFooter.cs:line 50
   at NLog.Targets.FileTarget..ctor() in C:\dev\NLog\src\NLog\Targets\FileTarget.cs:line 167
   at NLog.UnitTests.Targets.FileTargetTests.DateArchive_UsesDateFromCurrentTimeSource(DateTimeKind timeKind, Boolean concurrentWrites, Boolean keepFileOpen, Boolean networkWrites, Boolean includeSequenceInArchive) in C:\dev\NLog\tests\NLog.UnitTests\Targets\FileTargetTests.cs:line 784]]></stack-trace>
        </failure>
      </test>
      <test name="NLog.UnitTests.Targets.PlainFileTargetTests.DateArchive_UsesDateFromCurrentTimeSource(timeKind: Utc, concurrentWrites: False, keepFileOpen: False, networkWrites: False, includeSequenceInArchive: False)" type="NLog.UnitTests.Targets.PlainFileTargetTests" method="DateArchive_UsesDateFromCurrentTimeSource" time="0.0002008" result="Fail">
        <failure exception-type="System.ArgumentException">
          <message><![CDATA[System.ArgumentException : LayoutRenderer cannot be found: 'longdate']]></message>
          <stack-trace><![CDATA[   at NLog.Config.Factory`2.CreateInstance(String name) in C:\dev\NLog\src\NLog\Config\Factory.cs:line 199
   at NLog.Layouts.LayoutParser.ParseLayoutRenderer(ConfigurationItemFactory configurationItemFactory, SimpleStringReader sr) in C:\dev\NLog\src\NLog\Layouts\LayoutParser.cs:line 345
   at NLog.Layouts.LayoutParser.CompileLayout(ConfigurationItemFactory configurationItemFactory, SimpleStringReader sr, Boolean isNested, String& text) in C:\dev\NLog\src\NLog\Layouts\LayoutParser.cs:line 108
   at NLog.Layouts.SimpleLayout.set_Text(String value) in C:\dev\NLog\src\NLog\Layouts\SimpleLayout.cs:line 119
   at NLog.Layouts.SimpleLayout..ctor(String txt, ConfigurationItemFactory configurationItemFactory) in C:\dev\NLog\src\NLog\Layouts\SimpleLayout.cs:line 88
   at NLog.Layouts.Layout.FromString(String layoutText, ConfigurationItemFactory configurationItemFactory) in C:\dev\NLog\src\NLog\Layouts\Layout.cs:line 104
   at NLog.Layouts.Layout.FromString(String layoutText) in C:\dev\NLog\src\NLog\Layouts\Layout.cs:line 93
   at NLog.Layouts.Layout.op_Implicit(String text) in C:\dev\NLog\src\NLog\Layouts\Layout.cs:line 83
   at NLog.Targets.TargetWithLayout..ctor() in C:\dev\NLog\src\NLog\Targets\TargetWithLayout.cs:line 54
   at NLog.Targets.TargetWithLayoutHeaderAndFooter..ctor() in C:\dev\NLog\src\NLog\Targets\TargetWithLayoutHeaderAndFooter.cs:line 50
   at NLog.Targets.FileTarget..ctor() in C:\dev\NLog\src\NLog\Targets\FileTarget.cs:line 167
   at NLog.UnitTests.Targets.FileTargetTests.DateArchive_UsesDateFromCurrentTimeSource(DateTimeKind timeKind, Boolean concurrentWrites, Boolean keepFileOpen, Boolean networkWrites, Boolean includeSequenceInArchive) in C:\dev\NLog\tests\NLog.UnitTests\Targets\FileTargetTests.cs:line 784]]></stack-trace>
        </failure>
      </test>
      <test name="NLog.UnitTests.Targets.PlainFileTargetTests.DateArchive_UsesDateFromCurrentTimeSource(timeKind: Local, concurrentWrites: False, keepFileOpen: False, networkWrites: False, includeSequenceInArchive: True)" type="NLog.UnitTests.Targets.PlainFileTargetTests" method="DateArchive_UsesDateFromCurrentTimeSource" time="0.0002025" result="Fail">
        <failure exception-type="System.ArgumentException">
          <message><![CDATA[System.ArgumentException : LayoutRenderer cannot be found: 'longdate']]></message>
          <stack-trace><![CDATA[   at NLog.Config.Factory`2.CreateInstance(String name) in C:\dev\NLog\src\NLog\Config\Factory.cs:line 199
   at NLog.Layouts.LayoutParser.ParseLayoutRenderer(ConfigurationItemFactory configurationItemFactory, SimpleStringReader sr) in C:\dev\NLog\src\NLog\Layouts\LayoutParser.cs:line 345
   at NLog.Layouts.LayoutParser.CompileLayout(ConfigurationItemFactory configurationItemFactory, SimpleStringReader sr, Boolean isNested, String& text) in C:\dev\NLog\src\NLog\Layouts\LayoutParser.cs:line 108
   at NLog.Layouts.SimpleLayout.set_Text(String value) in C:\dev\NLog\src\NLog\Layouts\SimpleLayout.cs:line 119
   at NLog.Layouts.SimpleLayout..ctor(String txt, ConfigurationItemFactory configurationItemFactory) in C:\dev\NLog\src\NLog\Layouts\SimpleLayout.cs:line 88
   at NLog.Layouts.Layout.FromString(String layoutText, ConfigurationItemFactory configurationItemFactory) in C:\dev\NLog\src\NLog\Layouts\Layout.cs:line 104
   at NLog.Layouts.Layout.FromString(String layoutText) in C:\dev\NLog\src\NLog\Layouts\Layout.cs:line 93
   at NLog.Layouts.Layout.op_Implicit(String text) in C:\dev\NLog\src\NLog\Layouts\Layout.cs:line 83
   at NLog.Targets.TargetWithLayout..ctor() in C:\dev\NLog\src\NLog\Targets\TargetWithLayout.cs:line 54
   at NLog.Targets.TargetWithLayoutHeaderAndFooter..ctor() in C:\dev\NLog\src\NLog\Targets\TargetWithLayoutHeaderAndFooter.cs:line 50
   at NLog.Targets.FileTarget..ctor() in C:\dev\NLog\src\NLog\Targets\FileTarget.cs:line 167
   at NLog.UnitTests.Targets.FileTargetTests.DateArchive_UsesDateFromCurrentTimeSource(DateTimeKind timeKind, Boolean concurrentWrites, Boolean keepFileOpen, Boolean networkWrites, Boolean includeSequenceInArchive) in C:\dev\NLog\tests\NLog.UnitTests\Targets\FileTargetTests.cs:line 784]]></stack-trace>
        </failure>
      </test>
      <test name="NLog.UnitTests.Targets.PlainFileTargetTests.DateArchive_UsesDateFromCurrentTimeSource(timeKind: Local, concurrentWrites: False, keepFileOpen: False, networkWrites: False, includeSequenceInArchive: False)" type="NLog.UnitTests.Targets.PlainFileTargetTests" method="DateArchive_UsesDateFromCurrentTimeSource" time="0.0002036" result="Fail">
        <failure exception-type="System.ArgumentException">
          <message><![CDATA[System.ArgumentException : LayoutRenderer cannot be found: 'longdate']]></message>
          <stack-trace><![CDATA[   at NLog.Config.Factory`2.CreateInstance(String name) in C:\dev\NLog\src\NLog\Config\Factory.cs:line 199
   at NLog.Layouts.LayoutParser.ParseLayoutRenderer(ConfigurationItemFactory configurationItemFactory, SimpleStringReader sr) in C:\dev\NLog\src\NLog\Layouts\LayoutParser.cs:line 345
   at NLog.Layouts.LayoutParser.CompileLayout(ConfigurationItemFactory configurationItemFactory, SimpleStringReader sr, Boolean isNested, String& text) in C:\dev\NLog\src\NLog\Layouts\LayoutParser.cs:line 108
   at NLog.Layouts.SimpleLayout.set_Text(String value) in C:\dev\NLog\src\NLog\Layouts\SimpleLayout.cs:line 119
   at NLog.Layouts.SimpleLayout..ctor(String txt, ConfigurationItemFactory configurationItemFactory) in C:\dev\NLog\src\NLog\Layouts\SimpleLayout.cs:line 88
   at NLog.Layouts.Layout.FromString(String layoutText, ConfigurationItemFactory configurationItemFactory) in C:\dev\NLog\src\NLog\Layouts\Layout.cs:line 104
   at NLog.Layouts.Layout.FromString(String layoutText) in C:\dev\NLog\src\NLog\Layouts\Layout.cs:line 93
   at NLog.Layouts.Layout.op_Implicit(String text) in C:\dev\NLog\src\NLog\Layouts\Layout.cs:line 83
   at NLog.Targets.TargetWithLayout..ctor() in C:\dev\NLog\src\NLog\Targets\TargetWithLayout.cs:line 54
   at NLog.Targets.TargetWithLayoutHeaderAndFooter..ctor() in C:\dev\NLog\src\NLog\Targets\TargetWithLayoutHeaderAndFooter.cs:line 50
   at NLog.Targets.FileTarget..ctor() in C:\dev\NLog\src\NLog\Targets\FileTarget.cs:line 167
   at NLog.UnitTests.Targets.FileTargetTests.DateArchive_UsesDateFromCurrentTimeSource(DateTimeKind timeKind, Boolean concurrentWrites, Boolean keepFileOpen, Boolean networkWrites, Boolean includeSequenceInArchive) in C:\dev\NLog\tests\NLog.UnitTests\Targets\FileTargetTests.cs:line 784]]></stack-trace>
        </failure>
      </test>
      <test name="NLog.UnitTests.Targets.PlainFileTargetTests.RollingArchiveCompressionTest(specifyArchiveFileName: False)" type="NLog.UnitTests.Targets.PlainFileTargetTests" method="RollingArchiveCompressionTest" time="0.0005317" result="Fail">
        <failure exception-type="System.ArgumentException">
          <message><![CDATA[System.ArgumentException : LayoutRenderer cannot be found: 'longdate']]></message>
          <stack-trace><![CDATA[   at NLog.Config.Factory`2.CreateInstance(String name) in C:\dev\NLog\src\NLog\Config\Factory.cs:line 199
   at NLog.Layouts.LayoutParser.ParseLayoutRenderer(ConfigurationItemFactory configurationItemFactory, SimpleStringReader sr) in C:\dev\NLog\src\NLog\Layouts\LayoutParser.cs:line 345
   at NLog.Layouts.LayoutParser.CompileLayout(ConfigurationItemFactory configurationItemFactory, SimpleStringReader sr, Boolean isNested, String& text) in C:\dev\NLog\src\NLog\Layouts\LayoutParser.cs:line 108
   at NLog.Layouts.SimpleLayout.set_Text(String value) in C:\dev\NLog\src\NLog\Layouts\SimpleLayout.cs:line 119
   at NLog.Layouts.SimpleLayout..ctor(String txt, ConfigurationItemFactory configurationItemFactory) in C:\dev\NLog\src\NLog\Layouts\SimpleLayout.cs:line 88
   at NLog.Layouts.Layout.FromString(String layoutText, ConfigurationItemFactory configurationItemFactory) in C:\dev\NLog\src\NLog\Layouts\Layout.cs:line 104
   at NLog.Layouts.Layout.FromString(String layoutText) in C:\dev\NLog\src\NLog\Layouts\Layout.cs:line 93
   at NLog.Layouts.Layout.op_Implicit(String text) in C:\dev\NLog\src\NLog\Layouts\Layout.cs:line 83
   at NLog.Targets.TargetWithLayout..ctor() in C:\dev\NLog\src\NLog\Targets\TargetWithLayout.cs:line 54
   at NLog.Targets.TargetWithLayoutHeaderAndFooter..ctor() in C:\dev\NLog\src\NLog\Targets\TargetWithLayoutHeaderAndFooter.cs:line 50
   at NLog.Targets.FileTarget..ctor() in C:\dev\NLog\src\NLog\Targets\FileTarget.cs:line 167
   at NLog.UnitTests.Targets.FileTargetTests.RollingArchiveTests(Boolean enableCompression, Boolean specifyArchiveFileName) in C:\dev\NLog\tests\NLog.UnitTests\Targets\FileTargetTests.cs:line 1364
   at NLog.UnitTests.Targets.FileTargetTests.RollingArchiveCompressionTest(Boolean specifyArchiveFileName) in C:\dev\NLog\tests\NLog.UnitTests\Targets\FileTargetTests.cs:line 1353]]></stack-trace>
        </failure>
      </test>
      <test name="NLog.UnitTests.Targets.PlainFileTargetTests.RollingArchiveCompressionTest(specifyArchiveFileName: True)" type="NLog.UnitTests.Targets.PlainFileTargetTests" method="RollingArchiveCompressionTest" time="0.0002816" result="Fail">
        <failure exception-type="System.ArgumentException">
          <message><![CDATA[System.ArgumentException : LayoutRenderer cannot be found: 'longdate']]></message>
          <stack-trace><![CDATA[   at NLog.Config.Factory`2.CreateInstance(String name) in C:\dev\NLog\src\NLog\Config\Factory.cs:line 199
   at NLog.Layouts.LayoutParser.ParseLayoutRenderer(ConfigurationItemFactory configurationItemFactory, SimpleStringReader sr) in C:\dev\NLog\src\NLog\Layouts\LayoutParser.cs:line 345
   at NLog.Layouts.LayoutParser.CompileLayout(ConfigurationItemFactory configurationItemFactory, SimpleStringReader sr, Boolean isNested, String& text) in C:\dev\NLog\src\NLog\Layouts\LayoutParser.cs:line 108
   at NLog.Layouts.SimpleLayout.set_Text(String value) in C:\dev\NLog\src\NLog\Layouts\SimpleLayout.cs:line 119
   at NLog.Layouts.SimpleLayout..ctor(String txt, ConfigurationItemFactory configurationItemFactory) in C:\dev\NLog\src\NLog\Layouts\SimpleLayout.cs:line 88
   at NLog.Layouts.Layout.FromString(String layoutText, ConfigurationItemFactory configurationItemFactory) in C:\dev\NLog\src\NLog\Layouts\Layout.cs:line 104
   at NLog.Layouts.Layout.FromString(String layoutText) in C:\dev\NLog\src\NLog\Layouts\Layout.cs:line 93
   at NLog.Layouts.Layout.op_Implicit(String text) in C:\dev\NLog\src\NLog\Layouts\Layout.cs:line 83
   at NLog.Targets.TargetWithLayout..ctor() in C:\dev\NLog\src\NLog\Targets\TargetWithLayout.cs:line 54
   at NLog.Targets.TargetWithLayoutHeaderAndFooter..ctor() in C:\dev\NLog\src\NLog\Targets\TargetWithLayoutHeaderAndFooter.cs:line 50
   at NLog.Targets.FileTarget..ctor() in C:\dev\NLog\src\NLog\Targets\FileTarget.cs:line 167
   at NLog.UnitTests.Targets.FileTargetTests.RollingArchiveTests(Boolean enableCompression, Boolean specifyArchiveFileName) in C:\dev\NLog\tests\NLog.UnitTests\Targets\FileTargetTests.cs:line 1364
   at NLog.UnitTests.Targets.FileTargetTests.RollingArchiveCompressionTest(Boolean specifyArchiveFileName) in C:\dev\NLog\tests\NLog.UnitTests\Targets\FileTargetTests.cs:line 1353]]></stack-trace>
        </failure>
      </test>
      <test name="NLog.UnitTests.Targets.PlainFileTargetTests.Dont_throw_Exception_when_archiving_is_enabled_with_async" type="NLog.UnitTests.Targets.PlainFileTargetTests" method="Dont_throw_Exception_when_archiving_is_enabled_with_async" time="0.0003845" result="Fail">
        <failure exception-type="NLog.NLogConfigurationException">
          <message><![CDATA[NLog.NLogConfigurationException : Exception occurred when loading configuration from 
---- System.ArgumentException : Target cannot be found: 'File']]></message>
          <stack-trace><![CDATA[   at NLog.Config.XmlLoggingConfiguration.Initialize(XmlReader reader, String fileName, Boolean ignoreErrors) in C:\dev\NLog\src\NLog\Config\XmlLoggingConfiguration.cs:line 361
   at NLog.Config.XmlLoggingConfiguration..ctor(XmlReader reader, String fileName) in C:\dev\NLog\src\NLog\Config\XmlLoggingConfiguration.cs:line 138
   at NLog.UnitTests.NLogTestBase.CreateConfigurationFromString(String configXml) in C:\dev\NLog\tests\NLog.UnitTests\NLogTestBase.cs:line 254
   at NLog.UnitTests.Targets.FileTargetTests.Dont_throw_Exception_when_archiving_is_enabled_with_async() in C:\dev\NLog\tests\NLog.UnitTests\Targets\FileTargetTests.cs:line 2314
----- Inner Stack Trace -----
   at NLog.Config.Factory`2.CreateInstance(String name) in C:\dev\NLog\src\NLog\Config\Factory.cs:line 199
   at NLog.Config.XmlLoggingConfiguration.ParseTargetsElement(NLogXmlElement targetsElement) in C:\dev\NLog\src\NLog\Config\XmlLoggingConfiguration.cs:line 723
   at NLog.Config.XmlLoggingConfiguration.ParseNLogElement(NLogXmlElement nlogElement, String filePath, Boolean autoReloadDefault) in C:\dev\NLog\src\NLog\Config\XmlLoggingConfiguration.cs:line 513
   at NLog.Config.XmlLoggingConfiguration.ParseTopLevel(NLogXmlElement content, String filePath, Boolean autoReloadDefault) in C:\dev\NLog\src\NLog\Config\XmlLoggingConfiguration.cs:line 428
   at NLog.Config.XmlLoggingConfiguration.Initialize(XmlReader reader, String fileName, Boolean ignoreErrors) in C:\dev\NLog\src\NLog\Config\XmlLoggingConfiguration.cs:line 339]]></stack-trace>
        </failure>
      </test>
      <test name="NLog.UnitTests.Targets.PlainFileTargetTests.FileTarget_WithDateAndSequenceArchiveNumbering_ShouldRespectArchiveDateFormat(archiveDateFormat: &quot;yyyy-MM-dd HHmm&quot;)" type="NLog.UnitTests.Targets.PlainFileTargetTests" method="FileTarget_WithDateAndSequenceArchiveNumbering_ShouldRespectArchiveDateFormat" time="0.0012974" result="Fail">
        <failure exception-type="System.ArgumentException">
          <message><![CDATA[System.ArgumentException : LayoutRenderer cannot be found: 'longdate']]></message>
          <stack-trace><![CDATA[   at NLog.Config.Factory`2.CreateInstance(String name) in C:\dev\NLog\src\NLog\Config\Factory.cs:line 199
   at NLog.Layouts.LayoutParser.ParseLayoutRenderer(ConfigurationItemFactory configurationItemFactory, SimpleStringReader sr) in C:\dev\NLog\src\NLog\Layouts\LayoutParser.cs:line 345
   at NLog.Layouts.LayoutParser.CompileLayout(ConfigurationItemFactory configurationItemFactory, SimpleStringReader sr, Boolean isNested, String& text) in C:\dev\NLog\src\NLog\Layouts\LayoutParser.cs:line 108
   at NLog.Layouts.SimpleLayout.set_Text(String value) in C:\dev\NLog\src\NLog\Layouts\SimpleLayout.cs:line 119
   at NLog.Layouts.SimpleLayout..ctor(String txt, ConfigurationItemFactory configurationItemFactory) in C:\dev\NLog\src\NLog\Layouts\SimpleLayout.cs:line 88
   at NLog.Layouts.Layout.FromString(String layoutText, ConfigurationItemFactory configurationItemFactory) in C:\dev\NLog\src\NLog\Layouts\Layout.cs:line 104
   at NLog.Layouts.Layout.FromString(String layoutText) in C:\dev\NLog\src\NLog\Layouts\Layout.cs:line 93
   at NLog.Layouts.Layout.op_Implicit(String text) in C:\dev\NLog\src\NLog\Layouts\Layout.cs:line 83
   at NLog.Targets.TargetWithLayout..ctor() in C:\dev\NLog\src\NLog\Targets\TargetWithLayout.cs:line 54
   at NLog.Targets.TargetWithLayoutHeaderAndFooter..ctor() in C:\dev\NLog\src\NLog\Targets\TargetWithLayoutHeaderAndFooter.cs:line 50
   at NLog.Targets.FileTarget..ctor() in C:\dev\NLog\src\NLog\Targets\FileTarget.cs:line 167
   at NLog.UnitTests.Targets.FileTargetTests.GenerateArchives(Int32 count, String archiveDateFormat, String archiveFileName, ArchiveNumberingMode archiveNumbering) in C:\dev\NLog\tests\NLog.UnitTests\Targets\FileTargetTests.cs:line 2274
   at NLog.UnitTests.Targets.FileTargetTests.FileTarget_WithDateAndSequenceArchiveNumbering_ShouldRespectArchiveDateFormat(String archiveDateFormat) in C:\dev\NLog\tests\NLog.UnitTests\Targets\FileTargetTests.cs:line 2262]]></stack-trace>
        </failure>
      </test>
      <test name="NLog.UnitTests.Targets.PlainFileTargetTests.FileTarget_WithDateAndSequenceArchiveNumbering_ShouldRespectArchiveDateFormat(archiveDateFormat: &quot;y&quot;)" type="NLog.UnitTests.Targets.PlainFileTargetTests" method="FileTarget_WithDateAndSequenceArchiveNumbering_ShouldRespectArchiveDateFormat" time="0.0009978" result="Fail">
        <failure exception-type="System.ArgumentException">
          <message><![CDATA[System.ArgumentException : LayoutRenderer cannot be found: 'longdate']]></message>
          <stack-trace><![CDATA[   at NLog.Config.Factory`2.CreateInstance(String name) in C:\dev\NLog\src\NLog\Config\Factory.cs:line 199
   at NLog.Layouts.LayoutParser.ParseLayoutRenderer(ConfigurationItemFactory configurationItemFactory, SimpleStringReader sr) in C:\dev\NLog\src\NLog\Layouts\LayoutParser.cs:line 345
   at NLog.Layouts.LayoutParser.CompileLayout(ConfigurationItemFactory configurationItemFactory, SimpleStringReader sr, Boolean isNested, String& text) in C:\dev\NLog\src\NLog\Layouts\LayoutParser.cs:line 108
   at NLog.Layouts.SimpleLayout.set_Text(String value) in C:\dev\NLog\src\NLog\Layouts\SimpleLayout.cs:line 119
   at NLog.Layouts.SimpleLayout..ctor(String txt, ConfigurationItemFactory configurationItemFactory) in C:\dev\NLog\src\NLog\Layouts\SimpleLayout.cs:line 88
   at NLog.Layouts.Layout.FromString(String layoutText, ConfigurationItemFactory configurationItemFactory) in C:\dev\NLog\src\NLog\Layouts\Layout.cs:line 104
   at NLog.Layouts.Layout.FromString(String layoutText) in C:\dev\NLog\src\NLog\Layouts\Layout.cs:line 93
   at NLog.Layouts.Layout.op_Implicit(String text) in C:\dev\NLog\src\NLog\Layouts\Layout.cs:line 83
   at NLog.Targets.TargetWithLayout..ctor() in C:\dev\NLog\src\NLog\Targets\TargetWithLayout.cs:line 54
   at NLog.Targets.TargetWithLayoutHeaderAndFooter..ctor() in C:\dev\NLog\src\NLog\Targets\TargetWithLayoutHeaderAndFooter.cs:line 50
   at NLog.Targets.FileTarget..ctor() in C:\dev\NLog\src\NLog\Targets\FileTarget.cs:line 167
   at NLog.UnitTests.Targets.FileTargetTests.GenerateArchives(Int32 count, String archiveDateFormat, String archiveFileName, ArchiveNumberingMode archiveNumbering) in C:\dev\NLog\tests\NLog.UnitTests\Targets\FileTargetTests.cs:line 2274
   at NLog.UnitTests.Targets.FileTargetTests.FileTarget_WithDateAndSequenceArchiveNumbering_ShouldRespectArchiveDateFormat(String archiveDateFormat) in C:\dev\NLog\tests\NLog.UnitTests\Targets\FileTargetTests.cs:line 2262]]></stack-trace>
        </failure>
      </test>
      <test name="NLog.UnitTests.Targets.PlainFileTargetTests.FileTarget_WithDateAndSequenceArchiveNumbering_ShouldRespectArchiveDateFormat(archiveDateFormat: &quot;D&quot;)" type="NLog.UnitTests.Targets.PlainFileTargetTests" method="FileTarget_WithDateAndSequenceArchiveNumbering_ShouldRespectArchiveDateFormat" time="0.000707" result="Fail">
        <failure exception-type="System.ArgumentException">
          <message><![CDATA[System.ArgumentException : LayoutRenderer cannot be found: 'longdate']]></message>
          <stack-trace><![CDATA[   at NLog.Config.Factory`2.CreateInstance(String name) in C:\dev\NLog\src\NLog\Config\Factory.cs:line 199
   at NLog.Layouts.LayoutParser.ParseLayoutRenderer(ConfigurationItemFactory configurationItemFactory, SimpleStringReader sr) in C:\dev\NLog\src\NLog\Layouts\LayoutParser.cs:line 345
   at NLog.Layouts.LayoutParser.CompileLayout(ConfigurationItemFactory configurationItemFactory, SimpleStringReader sr, Boolean isNested, String& text) in C:\dev\NLog\src\NLog\Layouts\LayoutParser.cs:line 108
   at NLog.Layouts.SimpleLayout.set_Text(String value) in C:\dev\NLog\src\NLog\Layouts\SimpleLayout.cs:line 119
   at NLog.Layouts.SimpleLayout..ctor(String txt, ConfigurationItemFactory configurationItemFactory) in C:\dev\NLog\src\NLog\Layouts\SimpleLayout.cs:line 88
   at NLog.Layouts.Layout.FromString(String layoutText, ConfigurationItemFactory configurationItemFactory) in C:\dev\NLog\src\NLog\Layouts\Layout.cs:line 104
   at NLog.Layouts.Layout.FromString(String layoutText) in C:\dev\NLog\src\NLog\Layouts\Layout.cs:line 93
   at NLog.Layouts.Layout.op_Implicit(String text) in C:\dev\NLog\src\NLog\Layouts\Layout.cs:line 83
   at NLog.Targets.TargetWithLayout..ctor() in C:\dev\NLog\src\NLog\Targets\TargetWithLayout.cs:line 54
   at NLog.Targets.TargetWithLayoutHeaderAndFooter..ctor() in C:\dev\NLog\src\NLog\Targets\TargetWithLayoutHeaderAndFooter.cs:line 50
   at NLog.Targets.FileTarget..ctor() in C:\dev\NLog\src\NLog\Targets\FileTarget.cs:line 167
   at NLog.UnitTests.Targets.FileTargetTests.GenerateArchives(Int32 count, String archiveDateFormat, String archiveFileName, ArchiveNumberingMode archiveNumbering) in C:\dev\NLog\tests\NLog.UnitTests\Targets\FileTargetTests.cs:line 2274
   at NLog.UnitTests.Targets.FileTargetTests.FileTarget_WithDateAndSequenceArchiveNumbering_ShouldRespectArchiveDateFormat(String archiveDateFormat) in C:\dev\NLog\tests\NLog.UnitTests\Targets\FileTargetTests.cs:line 2262]]></stack-trace>
        </failure>
      </test>
      <test name="NLog.UnitTests.Targets.PlainFileTargetTests.FileTarget_ArchiveNumbering_remove_correct_order" type="NLog.UnitTests.Targets.PlainFileTargetTests" method="FileTarget_ArchiveNumbering_remove_correct_order" time="0.0010333" result="Fail">
        <failure exception-type="System.ArgumentException">
          <message><![CDATA[System.ArgumentException : LayoutRenderer cannot be found: 'longdate']]></message>
          <stack-trace><![CDATA[   at NLog.Config.Factory`2.CreateInstance(String name) in C:\dev\NLog\src\NLog\Config\Factory.cs:line 199
   at NLog.Layouts.LayoutParser.ParseLayoutRenderer(ConfigurationItemFactory configurationItemFactory, SimpleStringReader sr) in C:\dev\NLog\src\NLog\Layouts\LayoutParser.cs:line 345
   at NLog.Layouts.LayoutParser.CompileLayout(ConfigurationItemFactory configurationItemFactory, SimpleStringReader sr, Boolean isNested, String& text) in C:\dev\NLog\src\NLog\Layouts\LayoutParser.cs:line 108
   at NLog.Layouts.SimpleLayout.set_Text(String value) in C:\dev\NLog\src\NLog\Layouts\SimpleLayout.cs:line 119
   at NLog.Layouts.SimpleLayout..ctor(String txt, ConfigurationItemFactory configurationItemFactory) in C:\dev\NLog\src\NLog\Layouts\SimpleLayout.cs:line 88
   at NLog.Layouts.Layout.FromString(String layoutText, ConfigurationItemFactory configurationItemFactory) in C:\dev\NLog\src\NLog\Layouts\Layout.cs:line 104
   at NLog.Layouts.Layout.FromString(String layoutText) in C:\dev\NLog\src\NLog\Layouts\Layout.cs:line 93
   at NLog.Layouts.Layout.op_Implicit(String text) in C:\dev\NLog\src\NLog\Layouts\Layout.cs:line 83
   at NLog.Targets.TargetWithLayout..ctor() in C:\dev\NLog\src\NLog\Targets\TargetWithLayout.cs:line 54
   at NLog.Targets.TargetWithLayoutHeaderAndFooter..ctor() in C:\dev\NLog\src\NLog\Targets\TargetWithLayoutHeaderAndFooter.cs:line 50
   at NLog.Targets.FileTarget..ctor() in C:\dev\NLog\src\NLog\Targets\FileTarget.cs:line 167
   at NLog.UnitTests.Targets.FileTargetTests.FileTarget_ArchiveNumbering_remove_correct_order() in C:\dev\NLog\tests\NLog.UnitTests\Targets\FileTargetTests.cs:line 2135]]></stack-trace>
        </failure>
      </test>
      <test name="NLog.UnitTests.Targets.PlainFileTargetTests.FileTarget_InvalidFileNameCorrection" type="NLog.UnitTests.Targets.PlainFileTargetTests" method="FileTarget_InvalidFileNameCorrection" time="0.001246" result="Fail">
        <failure exception-type="System.ArgumentException">
          <message><![CDATA[System.ArgumentException : LayoutRenderer cannot be found: 'longdate']]></message>
          <stack-trace><![CDATA[   at NLog.Config.Factory`2.CreateInstance(String name) in C:\dev\NLog\src\NLog\Config\Factory.cs:line 199
   at NLog.Layouts.LayoutParser.ParseLayoutRenderer(ConfigurationItemFactory configurationItemFactory, SimpleStringReader sr) in C:\dev\NLog\src\NLog\Layouts\LayoutParser.cs:line 345
   at NLog.Layouts.LayoutParser.CompileLayout(ConfigurationItemFactory configurationItemFactory, SimpleStringReader sr, Boolean isNested, String& text) in C:\dev\NLog\src\NLog\Layouts\LayoutParser.cs:line 108
   at NLog.Layouts.SimpleLayout.set_Text(String value) in C:\dev\NLog\src\NLog\Layouts\SimpleLayout.cs:line 119
   at NLog.Layouts.SimpleLayout..ctor(String txt, ConfigurationItemFactory configurationItemFactory) in C:\dev\NLog\src\NLog\Layouts\SimpleLayout.cs:line 88
   at NLog.Layouts.Layout.FromString(String layoutText, ConfigurationItemFactory configurationItemFactory) in C:\dev\NLog\src\NLog\Layouts\Layout.cs:line 104
   at NLog.Layouts.Layout.FromString(String layoutText) in C:\dev\NLog\src\NLog\Layouts\Layout.cs:line 93
   at NLog.Layouts.Layout.op_Implicit(String text) in C:\dev\NLog\src\NLog\Layouts\Layout.cs:line 83
   at NLog.Targets.TargetWithLayout..ctor() in C:\dev\NLog\src\NLog\Targets\TargetWithLayout.cs:line 54
   at NLog.Targets.TargetWithLayoutHeaderAndFooter..ctor() in C:\dev\NLog\src\NLog\Targets\TargetWithLayoutHeaderAndFooter.cs:line 50
   at NLog.Targets.FileTarget..ctor() in C:\dev\NLog\src\NLog\Targets\FileTarget.cs:line 167
   at NLog.UnitTests.Targets.FileTargetTests.FileTarget_InvalidFileNameCorrection() in C:\dev\NLog\tests\NLog.UnitTests\Targets\FileTargetTests.cs:line 1816]]></stack-trace>
        </failure>
      </test>
      <test name="NLog.UnitTests.Targets.PlainFileTargetTests.DeleteArchiveFilesByDate_AlteredMaxArchive" type="NLog.UnitTests.Targets.PlainFileTargetTests" method="DeleteArchiveFilesByDate_AlteredMaxArchive" time="0.0013471" result="Fail">
        <failure exception-type="System.ArgumentException">
          <message><![CDATA[System.ArgumentException : LayoutRenderer cannot be found: 'longdate']]></message>
          <stack-trace><![CDATA[   at NLog.Config.Factory`2.CreateInstance(String name) in C:\dev\NLog\src\NLog\Config\Factory.cs:line 199
   at NLog.Layouts.LayoutParser.ParseLayoutRenderer(ConfigurationItemFactory configurationItemFactory, SimpleStringReader sr) in C:\dev\NLog\src\NLog\Layouts\LayoutParser.cs:line 345
   at NLog.Layouts.LayoutParser.CompileLayout(ConfigurationItemFactory configurationItemFactory, SimpleStringReader sr, Boolean isNested, String& text) in C:\dev\NLog\src\NLog\Layouts\LayoutParser.cs:line 108
   at NLog.Layouts.SimpleLayout.set_Text(String value) in C:\dev\NLog\src\NLog\Layouts\SimpleLayout.cs:line 119
   at NLog.Layouts.SimpleLayout..ctor(String txt, ConfigurationItemFactory configurationItemFactory) in C:\dev\NLog\src\NLog\Layouts\SimpleLayout.cs:line 88
   at NLog.Layouts.Layout.FromString(String layoutText, ConfigurationItemFactory configurationItemFactory) in C:\dev\NLog\src\NLog\Layouts\Layout.cs:line 104
   at NLog.Layouts.Layout.FromString(String layoutText) in C:\dev\NLog\src\NLog\Layouts\Layout.cs:line 93
   at NLog.Layouts.Layout.op_Implicit(String text) in C:\dev\NLog\src\NLog\Layouts\Layout.cs:line 83
   at NLog.Targets.TargetWithLayout..ctor() in C:\dev\NLog\src\NLog\Targets\TargetWithLayout.cs:line 54
   at NLog.Targets.TargetWithLayoutHeaderAndFooter..ctor() in C:\dev\NLog\src\NLog\Targets\TargetWithLayoutHeaderAndFooter.cs:line 50
   at NLog.Targets.FileTarget..ctor() in C:\dev\NLog\src\NLog\Targets\FileTarget.cs:line 167
   at NLog.UnitTests.Targets.FileTargetTests.DeleteArchiveFilesByDate_AlteredMaxArchive() in C:\dev\NLog\tests\NLog.UnitTests\Targets\FileTargetTests.cs:line 1183]]></stack-trace>
        </failure>
      </test>
      <test name="NLog.UnitTests.Targets.PlainFileTargetTests.SequentialArchiveTest_MaxArchiveFiles_0" type="NLog.UnitTests.Targets.PlainFileTargetTests" method="SequentialArchiveTest_MaxArchiveFiles_0" time="0.0009234" result="Fail">
        <failure exception-type="System.ArgumentException">
          <message><![CDATA[System.ArgumentException : LayoutRenderer cannot be found: 'longdate']]></message>
          <stack-trace><![CDATA[   at NLog.Config.Factory`2.CreateInstance(String name) in C:\dev\NLog\src\NLog\Config\Factory.cs:line 199
   at NLog.Layouts.LayoutParser.ParseLayoutRenderer(ConfigurationItemFactory configurationItemFactory, SimpleStringReader sr) in C:\dev\NLog\src\NLog\Layouts\LayoutParser.cs:line 345
   at NLog.Layouts.LayoutParser.CompileLayout(ConfigurationItemFactory configurationItemFactory, SimpleStringReader sr, Boolean isNested, String& text) in C:\dev\NLog\src\NLog\Layouts\LayoutParser.cs:line 108
   at NLog.Layouts.SimpleLayout.set_Text(String value) in C:\dev\NLog\src\NLog\Layouts\SimpleLayout.cs:line 119
   at NLog.Layouts.SimpleLayout..ctor(String txt, ConfigurationItemFactory configurationItemFactory) in C:\dev\NLog\src\NLog\Layouts\SimpleLayout.cs:line 88
   at NLog.Layouts.Layout.FromString(String layoutText, ConfigurationItemFactory configurationItemFactory) in C:\dev\NLog\src\NLog\Layouts\Layout.cs:line 104
   at NLog.Layouts.Layout.FromString(String layoutText) in C:\dev\NLog\src\NLog\Layouts\Layout.cs:line 93
   at NLog.Layouts.Layout.op_Implicit(String text) in C:\dev\NLog\src\NLog\Layouts\Layout.cs:line 83
   at NLog.Targets.TargetWithLayout..ctor() in C:\dev\NLog\src\NLog\Targets\TargetWithLayout.cs:line 54
   at NLog.Targets.TargetWithLayoutHeaderAndFooter..ctor() in C:\dev\NLog\src\NLog\Targets\TargetWithLayoutHeaderAndFooter.cs:line 50
   at NLog.Targets.FileTarget..ctor() in C:\dev\NLog\src\NLog\Targets\FileTarget.cs:line 167
   at NLog.UnitTests.Targets.FileTargetTests.SequentialArchiveTest_MaxArchiveFiles_0() in C:\dev\NLog\tests\NLog.UnitTests\Targets\FileTargetTests.cs:line 485]]></stack-trace>
        </failure>
      </test>
      <test name="NLog.UnitTests.Targets.PlainFileTargetTests.SingleArchiveFileRollsCorrectly" type="NLog.UnitTests.Targets.PlainFileTargetTests" method="SingleArchiveFileRollsCorrectly" time="0.0010084" result="Fail">
        <failure exception-type="System.ArgumentException">
          <message><![CDATA[System.ArgumentException : LayoutRenderer cannot be found: 'longdate']]></message>
          <stack-trace><![CDATA[   at NLog.Config.Factory`2.CreateInstance(String name) in C:\dev\NLog\src\NLog\Config\Factory.cs:line 199
   at NLog.Layouts.LayoutParser.ParseLayoutRenderer(ConfigurationItemFactory configurationItemFactory, SimpleStringReader sr) in C:\dev\NLog\src\NLog\Layouts\LayoutParser.cs:line 345
   at NLog.Layouts.LayoutParser.CompileLayout(ConfigurationItemFactory configurationItemFactory, SimpleStringReader sr, Boolean isNested, String& text) in C:\dev\NLog\src\NLog\Layouts\LayoutParser.cs:line 108
   at NLog.Layouts.SimpleLayout.set_Text(String value) in C:\dev\NLog\src\NLog\Layouts\SimpleLayout.cs:line 119
   at NLog.Layouts.SimpleLayout..ctor(String txt, ConfigurationItemFactory configurationItemFactory) in C:\dev\NLog\src\NLog\Layouts\SimpleLayout.cs:line 88
   at NLog.Layouts.Layout.FromString(String layoutText, ConfigurationItemFactory configurationItemFactory) in C:\dev\NLog\src\NLog\Layouts\Layout.cs:line 104
   at NLog.Layouts.Layout.FromString(String layoutText) in C:\dev\NLog\src\NLog\Layouts\Layout.cs:line 93
   at NLog.Layouts.Layout.op_Implicit(String text) in C:\dev\NLog\src\NLog\Layouts\Layout.cs:line 83
   at NLog.Targets.TargetWithLayout..ctor() in C:\dev\NLog\src\NLog\Targets\TargetWithLayout.cs:line 54
   at NLog.Targets.TargetWithLayoutHeaderAndFooter..ctor() in C:\dev\NLog\src\NLog\Targets\TargetWithLayoutHeaderAndFooter.cs:line 50
   at NLog.Targets.FileTarget..ctor() in C:\dev\NLog\src\NLog\Targets\FileTarget.cs:line 167
   at NLog.UnitTests.Targets.FileTargetTests.SingleArchiveFileRollsCorrectly() in C:\dev\NLog\tests\NLog.UnitTests\Targets\FileTargetTests.cs:line 1939]]></stack-trace>
        </failure>
      </test>
      <test name="NLog.UnitTests.Targets.PlainFileTargetTests.AsyncMultiFileWrite" type="NLog.UnitTests.Targets.PlainFileTargetTests" method="AsyncMultiFileWrite" time="0.0011211" result="Fail">
        <failure exception-type="System.ArgumentException">
          <message><![CDATA[System.ArgumentException : LayoutRenderer cannot be found: 'longdate']]></message>
          <stack-trace><![CDATA[   at NLog.Config.Factory`2.CreateInstance(String name) in C:\dev\NLog\src\NLog\Config\Factory.cs:line 199
   at NLog.Layouts.LayoutParser.ParseLayoutRenderer(ConfigurationItemFactory configurationItemFactory, SimpleStringReader sr) in C:\dev\NLog\src\NLog\Layouts\LayoutParser.cs:line 345
   at NLog.Layouts.LayoutParser.CompileLayout(ConfigurationItemFactory configurationItemFactory, SimpleStringReader sr, Boolean isNested, String& text) in C:\dev\NLog\src\NLog\Layouts\LayoutParser.cs:line 108
   at NLog.Layouts.SimpleLayout.set_Text(String value) in C:\dev\NLog\src\NLog\Layouts\SimpleLayout.cs:line 119
   at NLog.Layouts.SimpleLayout..ctor(String txt, ConfigurationItemFactory configurationItemFactory) in C:\dev\NLog\src\NLog\Layouts\SimpleLayout.cs:line 88
   at NLog.Layouts.Layout.FromString(String layoutText, ConfigurationItemFactory configurationItemFactory) in C:\dev\NLog\src\NLog\Layouts\Layout.cs:line 104
   at NLog.Layouts.Layout.FromString(String layoutText) in C:\dev\NLog\src\NLog\Layouts\Layout.cs:line 93
   at NLog.Layouts.Layout.op_Implicit(String text) in C:\dev\NLog\src\NLog\Layouts\Layout.cs:line 83
   at NLog.Targets.TargetWithLayout..ctor() in C:\dev\NLog\src\NLog\Targets\TargetWithLayout.cs:line 54
   at NLog.Targets.TargetWithLayoutHeaderAndFooter..ctor() in C:\dev\NLog\src\NLog\Targets\TargetWithLayoutHeaderAndFooter.cs:line 50
   at NLog.Targets.FileTarget..ctor() in C:\dev\NLog\src\NLog\Targets\FileTarget.cs:line 167
   at NLog.UnitTests.Targets.FileTargetTests.AsyncMultiFileWrite() in C:\dev\NLog\tests\NLog.UnitTests\Targets\FileTargetTests.cs:line 1612]]></stack-trace>
        </failure>
      </test>
      <test name="NLog.UnitTests.Targets.PlainFileTargetTests.ArchiveFileRollsCorrectly_ExistingArchives" type="NLog.UnitTests.Targets.PlainFileTargetTests" method="ArchiveFileRollsCorrectly_ExistingArchives" time="0.0031628" result="Fail">
        <failure exception-type="System.ArgumentException">
          <message><![CDATA[System.ArgumentException : LayoutRenderer cannot be found: 'longdate']]></message>
          <stack-trace><![CDATA[   at NLog.Config.Factory`2.CreateInstance(String name) in C:\dev\NLog\src\NLog\Config\Factory.cs:line 199
   at NLog.Layouts.LayoutParser.ParseLayoutRenderer(ConfigurationItemFactory configurationItemFactory, SimpleStringReader sr) in C:\dev\NLog\src\NLog\Layouts\LayoutParser.cs:line 345
   at NLog.Layouts.LayoutParser.CompileLayout(ConfigurationItemFactory configurationItemFactory, SimpleStringReader sr, Boolean isNested, String& text) in C:\dev\NLog\src\NLog\Layouts\LayoutParser.cs:line 108
   at NLog.Layouts.SimpleLayout.set_Text(String value) in C:\dev\NLog\src\NLog\Layouts\SimpleLayout.cs:line 119
   at NLog.Layouts.SimpleLayout..ctor(String txt, ConfigurationItemFactory configurationItemFactory) in C:\dev\NLog\src\NLog\Layouts\SimpleLayout.cs:line 88
   at NLog.Layouts.Layout.FromString(String layoutText, ConfigurationItemFactory configurationItemFactory) in C:\dev\NLog\src\NLog\Layouts\Layout.cs:line 104
   at NLog.Layouts.Layout.FromString(String layoutText) in C:\dev\NLog\src\NLog\Layouts\Layout.cs:line 93
   at NLog.Layouts.Layout.op_Implicit(String text) in C:\dev\NLog\src\NLog\Layouts\Layout.cs:line 83
   at NLog.Targets.TargetWithLayout..ctor() in C:\dev\NLog\src\NLog\Targets\TargetWithLayout.cs:line 54
   at NLog.Targets.TargetWithLayoutHeaderAndFooter..ctor() in C:\dev\NLog\src\NLog\Targets\TargetWithLayoutHeaderAndFooter.cs:line 50
   at NLog.Targets.FileTarget..ctor() in C:\dev\NLog\src\NLog\Targets\FileTarget.cs:line 167
   at NLog.UnitTests.Targets.FileTargetTests.ArchiveFileRollsCorrectly_ExistingArchives() in C:\dev\NLog\tests\NLog.UnitTests\Targets\FileTargetTests.cs:line 2080]]></stack-trace>
        </failure>
      </test>
      <test name="NLog.UnitTests.Targets.PlainFileTargetTests.MultiFileWrite" type="NLog.UnitTests.Targets.PlainFileTargetTests" method="MultiFileWrite" time="0.0012624" result="Fail">
        <failure exception-type="System.ArgumentException">
          <message><![CDATA[System.ArgumentException : LayoutRenderer cannot be found: 'longdate']]></message>
          <stack-trace><![CDATA[   at NLog.Config.Factory`2.CreateInstance(String name) in C:\dev\NLog\src\NLog\Config\Factory.cs:line 199
   at NLog.Layouts.LayoutParser.ParseLayoutRenderer(ConfigurationItemFactory configurationItemFactory, SimpleStringReader sr) in C:\dev\NLog\src\NLog\Layouts\LayoutParser.cs:line 345
   at NLog.Layouts.LayoutParser.CompileLayout(ConfigurationItemFactory configurationItemFactory, SimpleStringReader sr, Boolean isNested, String& text) in C:\dev\NLog\src\NLog\Layouts\LayoutParser.cs:line 108
   at NLog.Layouts.SimpleLayout.set_Text(String value) in C:\dev\NLog\src\NLog\Layouts\SimpleLayout.cs:line 119
   at NLog.Layouts.SimpleLayout..ctor(String txt, ConfigurationItemFactory configurationItemFactory) in C:\dev\NLog\src\NLog\Layouts\SimpleLayout.cs:line 88
   at NLog.Layouts.Layout.FromString(String layoutText, ConfigurationItemFactory configurationItemFactory) in C:\dev\NLog\src\NLog\Layouts\Layout.cs:line 104
   at NLog.Layouts.Layout.FromString(String layoutText) in C:\dev\NLog\src\NLog\Layouts\Layout.cs:line 93
   at NLog.Layouts.Layout.op_Implicit(String text) in C:\dev\NLog\src\NLog\Layouts\Layout.cs:line 83
   at NLog.Targets.TargetWithLayout..ctor() in C:\dev\NLog\src\NLog\Targets\TargetWithLayout.cs:line 54
   at NLog.Targets.TargetWithLayoutHeaderAndFooter..ctor() in C:\dev\NLog\src\NLog\Targets\TargetWithLayoutHeaderAndFooter.cs:line 50
   at NLog.Targets.FileTarget..ctor() in C:\dev\NLog\src\NLog\Targets\FileTarget.cs:line 167
   at NLog.UnitTests.Targets.FileTargetTests.MultiFileWrite() in C:\dev\NLog\tests\NLog.UnitTests\Targets\FileTargetTests.cs:line 1510]]></stack-trace>
        </failure>
      </test>
      <test name="NLog.UnitTests.Targets.PlainFileTargetTests.DeleteFileOnStartTest" type="NLog.UnitTests.Targets.PlainFileTargetTests" method="DeleteFileOnStartTest" time="0.0018397" result="Fail">
        <failure exception-type="System.ArgumentException">
          <message><![CDATA[System.ArgumentException : LayoutRenderer cannot be found: 'longdate']]></message>
          <stack-trace><![CDATA[   at NLog.Config.Factory`2.CreateInstance(String name) in C:\dev\NLog\src\NLog\Config\Factory.cs:line 199
   at NLog.Layouts.LayoutParser.ParseLayoutRenderer(ConfigurationItemFactory configurationItemFactory, SimpleStringReader sr) in C:\dev\NLog\src\NLog\Layouts\LayoutParser.cs:line 345
   at NLog.Layouts.LayoutParser.CompileLayout(ConfigurationItemFactory configurationItemFactory, SimpleStringReader sr, Boolean isNested, String& text) in C:\dev\NLog\src\NLog\Layouts\LayoutParser.cs:line 108
   at NLog.Layouts.SimpleLayout.set_Text(String value) in C:\dev\NLog\src\NLog\Layouts\SimpleLayout.cs:line 119
   at NLog.Layouts.SimpleLayout..ctor(String txt, ConfigurationItemFactory configurationItemFactory) in C:\dev\NLog\src\NLog\Layouts\SimpleLayout.cs:line 88
   at NLog.Layouts.Layout.FromString(String layoutText, ConfigurationItemFactory configurationItemFactory) in C:\dev\NLog\src\NLog\Layouts\Layout.cs:line 104
   at NLog.Layouts.Layout.FromString(String layoutText) in C:\dev\NLog\src\NLog\Layouts\Layout.cs:line 93
   at NLog.Layouts.Layout.op_Implicit(String text) in C:\dev\NLog\src\NLog\Layouts\Layout.cs:line 83
   at NLog.Targets.TargetWithLayout..ctor() in C:\dev\NLog\src\NLog\Targets\TargetWithLayout.cs:line 54
   at NLog.Targets.TargetWithLayoutHeaderAndFooter..ctor() in C:\dev\NLog\src\NLog\Targets\TargetWithLayoutHeaderAndFooter.cs:line 50
   at NLog.Targets.FileTarget..ctor() in C:\dev\NLog\src\NLog\Targets\FileTarget.cs:line 167
   at NLog.UnitTests.Targets.FileTargetTests.DeleteFileOnStartTest() in C:\dev\NLog\tests\NLog.UnitTests\Targets\FileTargetTests.cs:line 157]]></stack-trace>
        </failure>
      </test>
      <test name="NLog.UnitTests.Targets.PlainFileTargetTests.RepeatingHeaderTest" type="NLog.UnitTests.Targets.PlainFileTargetTests" method="RepeatingHeaderTest" time="0.000943" result="Fail">
        <failure exception-type="System.ArgumentException">
          <message><![CDATA[System.ArgumentException : LayoutRenderer cannot be found: 'longdate']]></message>
          <stack-trace><![CDATA[   at NLog.Config.Factory`2.CreateInstance(String name) in C:\dev\NLog\src\NLog\Config\Factory.cs:line 199
   at NLog.Layouts.LayoutParser.ParseLayoutRenderer(ConfigurationItemFactory configurationItemFactory, SimpleStringReader sr) in C:\dev\NLog\src\NLog\Layouts\LayoutParser.cs:line 345
   at NLog.Layouts.LayoutParser.CompileLayout(ConfigurationItemFactory configurationItemFactory, SimpleStringReader sr, Boolean isNested, String& text) in C:\dev\NLog\src\NLog\Layouts\LayoutParser.cs:line 108
   at NLog.Layouts.SimpleLayout.set_Text(String value) in C:\dev\NLog\src\NLog\Layouts\SimpleLayout.cs:line 119
   at NLog.Layouts.SimpleLayout..ctor(String txt, ConfigurationItemFactory configurationItemFactory) in C:\dev\NLog\src\NLog\Layouts\SimpleLayout.cs:line 88
   at NLog.Layouts.Layout.FromString(String layoutText, ConfigurationItemFactory configurationItemFactory) in C:\dev\NLog\src\NLog\Layouts\Layout.cs:line 104
   at NLog.Layouts.Layout.FromString(String layoutText) in C:\dev\NLog\src\NLog\Layouts\Layout.cs:line 93
   at NLog.Layouts.Layout.op_Implicit(String text) in C:\dev\NLog\src\NLog\Layouts\Layout.cs:line 83
   at NLog.Targets.TargetWithLayout..ctor() in C:\dev\NLog\src\NLog\Targets\TargetWithLayout.cs:line 54
   at NLog.Targets.TargetWithLayoutHeaderAndFooter..ctor() in C:\dev\NLog\src\NLog\Targets\TargetWithLayoutHeaderAndFooter.cs:line 50
   at NLog.Targets.FileTarget..ctor() in C:\dev\NLog\src\NLog\Targets\FileTarget.cs:line 167
   at NLog.UnitTests.Targets.FileTargetTests.RepeatingHeaderTest() in C:\dev\NLog\tests\NLog.UnitTests\Targets\FileTargetTests.cs:line 1254]]></stack-trace>
        </failure>
      </test>
      <test name="NLog.UnitTests.Targets.PlainFileTargetTests.DisposingFileTarget_WhenNotIntialized_ShouldNotThrow" type="NLog.UnitTests.Targets.PlainFileTargetTests" method="DisposingFileTarget_WhenNotIntialized_ShouldNotThrow" time="0.000314" result="Fail">
        <failure exception-type="System.ArgumentException">
          <message><![CDATA[System.ArgumentException : LayoutRenderer cannot be found: 'longdate']]></message>
          <stack-trace><![CDATA[   at NLog.Config.Factory`2.CreateInstance(String name) in C:\dev\NLog\src\NLog\Config\Factory.cs:line 199
   at NLog.Layouts.LayoutParser.ParseLayoutRenderer(ConfigurationItemFactory configurationItemFactory, SimpleStringReader sr) in C:\dev\NLog\src\NLog\Layouts\LayoutParser.cs:line 345
   at NLog.Layouts.LayoutParser.CompileLayout(ConfigurationItemFactory configurationItemFactory, SimpleStringReader sr, Boolean isNested, String& text) in C:\dev\NLog\src\NLog\Layouts\LayoutParser.cs:line 108
   at NLog.Layouts.SimpleLayout.set_Text(String value) in C:\dev\NLog\src\NLog\Layouts\SimpleLayout.cs:line 119
   at NLog.Layouts.SimpleLayout..ctor(String txt, ConfigurationItemFactory configurationItemFactory) in C:\dev\NLog\src\NLog\Layouts\SimpleLayout.cs:line 88
   at NLog.Layouts.Layout.FromString(String layoutText, ConfigurationItemFactory configurationItemFactory) in C:\dev\NLog\src\NLog\Layouts\Layout.cs:line 104
   at NLog.Layouts.Layout.FromString(String layoutText) in C:\dev\NLog\src\NLog\Layouts\Layout.cs:line 93
   at NLog.Layouts.Layout.op_Implicit(String text) in C:\dev\NLog\src\NLog\Layouts\Layout.cs:line 83
   at NLog.Targets.TargetWithLayout..ctor() in C:\dev\NLog\src\NLog\Targets\TargetWithLayout.cs:line 54
   at NLog.Targets.TargetWithLayoutHeaderAndFooter..ctor() in C:\dev\NLog\src\NLog\Targets\TargetWithLayoutHeaderAndFooter.cs:line 50
   at NLog.Targets.FileTarget..ctor() in C:\dev\NLog\src\NLog\Targets\FileTarget.cs:line 167
   at NLog.UnitTests.Targets.FileTargetTests.DisposingFileTarget_WhenNotIntialized_ShouldNotThrow() in C:\dev\NLog\tests\NLog.UnitTests\Targets\FileTargetTests.cs:line 1675]]></stack-trace>
        </failure>
      </test>
      <test name="NLog.UnitTests.Targets.PlainFileTargetTests.BatchErrorHandlingTest" type="NLog.UnitTests.Targets.PlainFileTargetTests" method="BatchErrorHandlingTest" time="0.0006796" result="Fail">
        <failure exception-type="System.ArgumentException">
          <message><![CDATA[System.ArgumentException : LayoutRenderer cannot be found: 'longdate']]></message>
          <stack-trace><![CDATA[   at NLog.Config.Factory`2.CreateInstance(String name) in C:\dev\NLog\src\NLog\Config\Factory.cs:line 199
   at NLog.Layouts.LayoutParser.ParseLayoutRenderer(ConfigurationItemFactory configurationItemFactory, SimpleStringReader sr) in C:\dev\NLog\src\NLog\Layouts\LayoutParser.cs:line 345
   at NLog.Layouts.LayoutParser.CompileLayout(ConfigurationItemFactory configurationItemFactory, SimpleStringReader sr, Boolean isNested, String& text) in C:\dev\NLog\src\NLog\Layouts\LayoutParser.cs:line 108
   at NLog.Layouts.SimpleLayout.set_Text(String value) in C:\dev\NLog\src\NLog\Layouts\SimpleLayout.cs:line 119
   at NLog.Layouts.SimpleLayout..ctor(String txt, ConfigurationItemFactory configurationItemFactory) in C:\dev\NLog\src\NLog\Layouts\SimpleLayout.cs:line 88
   at NLog.Layouts.Layout.FromString(String layoutText, ConfigurationItemFactory configurationItemFactory) in C:\dev\NLog\src\NLog\Layouts\Layout.cs:line 104
   at NLog.Layouts.Layout.FromString(String layoutText) in C:\dev\NLog\src\NLog\Layouts\Layout.cs:line 93
   at NLog.Layouts.Layout.op_Implicit(String text) in C:\dev\NLog\src\NLog\Layouts\Layout.cs:line 83
   at NLog.Targets.TargetWithLayout..ctor() in C:\dev\NLog\src\NLog\Targets\TargetWithLayout.cs:line 54
   at NLog.Targets.TargetWithLayoutHeaderAndFooter..ctor() in C:\dev\NLog\src\NLog\Targets\TargetWithLayoutHeaderAndFooter.cs:line 50
   at NLog.Targets.FileTarget..ctor() in C:\dev\NLog\src\NLog\Targets\FileTarget.cs:line 167
   at NLog.UnitTests.Targets.PlainFileTargetTests.BatchErrorHandlingTest() in C:\dev\NLog\tests\NLog.UnitTests\Targets\FileTargetTests.cs:line 2605]]></stack-trace>
        </failure>
      </test>
      <test name="NLog.UnitTests.Targets.PlainFileTargetTests.SimpleFileTest(concurrentWrites: True, keepFileOpen: True, networkWrites: True)" type="NLog.UnitTests.Targets.PlainFileTargetTests" method="SimpleFileTest" time="0.001331" result="Fail">
        <failure exception-type="System.ArgumentException">
          <message><![CDATA[System.ArgumentException : LayoutRenderer cannot be found: 'longdate']]></message>
          <stack-trace><![CDATA[   at NLog.Config.Factory`2.CreateInstance(String name) in C:\dev\NLog\src\NLog\Config\Factory.cs:line 199
   at NLog.Layouts.LayoutParser.ParseLayoutRenderer(ConfigurationItemFactory configurationItemFactory, SimpleStringReader sr) in C:\dev\NLog\src\NLog\Layouts\LayoutParser.cs:line 345
   at NLog.Layouts.LayoutParser.CompileLayout(ConfigurationItemFactory configurationItemFactory, SimpleStringReader sr, Boolean isNested, String& text) in C:\dev\NLog\src\NLog\Layouts\LayoutParser.cs:line 108
   at NLog.Layouts.SimpleLayout.set_Text(String value) in C:\dev\NLog\src\NLog\Layouts\SimpleLayout.cs:line 119
   at NLog.Layouts.SimpleLayout..ctor(String txt, ConfigurationItemFactory configurationItemFactory) in C:\dev\NLog\src\NLog\Layouts\SimpleLayout.cs:line 88
   at NLog.Layouts.Layout.FromString(String layoutText, ConfigurationItemFactory configurationItemFactory) in C:\dev\NLog\src\NLog\Layouts\Layout.cs:line 104
   at NLog.Layouts.Layout.FromString(String layoutText) in C:\dev\NLog\src\NLog\Layouts\Layout.cs:line 93
   at NLog.Layouts.Layout.op_Implicit(String text) in C:\dev\NLog\src\NLog\Layouts\Layout.cs:line 83
   at NLog.Targets.TargetWithLayout..ctor() in C:\dev\NLog\src\NLog\Targets\TargetWithLayout.cs:line 54
   at NLog.Targets.TargetWithLayoutHeaderAndFooter..ctor() in C:\dev\NLog\src\NLog\Targets\TargetWithLayoutHeaderAndFooter.cs:line 50
   at NLog.Targets.FileTarget..ctor() in C:\dev\NLog\src\NLog\Targets\FileTarget.cs:line 167
   at NLog.UnitTests.Targets.FileTargetTests.SimpleFileTest(Boolean concurrentWrites, Boolean keepFileOpen, Boolean networkWrites) in C:\dev\NLog\tests\NLog.UnitTests\Targets\FileTargetTests.cs:line 82]]></stack-trace>
        </failure>
      </test>
      <test name="NLog.UnitTests.Targets.PlainFileTargetTests.SimpleFileTest(concurrentWrites: True, keepFileOpen: True, networkWrites: False)" type="NLog.UnitTests.Targets.PlainFileTargetTests" method="SimpleFileTest" time="0.0009436" result="Fail">
        <failure exception-type="System.ArgumentException">
          <message><![CDATA[System.ArgumentException : LayoutRenderer cannot be found: 'longdate']]></message>
          <stack-trace><![CDATA[   at NLog.Config.Factory`2.CreateInstance(String name) in C:\dev\NLog\src\NLog\Config\Factory.cs:line 199
   at NLog.Layouts.LayoutParser.ParseLayoutRenderer(ConfigurationItemFactory configurationItemFactory, SimpleStringReader sr) in C:\dev\NLog\src\NLog\Layouts\LayoutParser.cs:line 345
   at NLog.Layouts.LayoutParser.CompileLayout(ConfigurationItemFactory configurationItemFactory, SimpleStringReader sr, Boolean isNested, String& text) in C:\dev\NLog\src\NLog\Layouts\LayoutParser.cs:line 108
   at NLog.Layouts.SimpleLayout.set_Text(String value) in C:\dev\NLog\src\NLog\Layouts\SimpleLayout.cs:line 119
   at NLog.Layouts.SimpleLayout..ctor(String txt, ConfigurationItemFactory configurationItemFactory) in C:\dev\NLog\src\NLog\Layouts\SimpleLayout.cs:line 88
   at NLog.Layouts.Layout.FromString(String layoutText, ConfigurationItemFactory configurationItemFactory) in C:\dev\NLog\src\NLog\Layouts\Layout.cs:line 104
   at NLog.Layouts.Layout.FromString(String layoutText) in C:\dev\NLog\src\NLog\Layouts\Layout.cs:line 93
   at NLog.Layouts.Layout.op_Implicit(String text) in C:\dev\NLog\src\NLog\Layouts\Layout.cs:line 83
   at NLog.Targets.TargetWithLayout..ctor() in C:\dev\NLog\src\NLog\Targets\TargetWithLayout.cs:line 54
   at NLog.Targets.TargetWithLayoutHeaderAndFooter..ctor() in C:\dev\NLog\src\NLog\Targets\TargetWithLayoutHeaderAndFooter.cs:line 50
   at NLog.Targets.FileTarget..ctor() in C:\dev\NLog\src\NLog\Targets\FileTarget.cs:line 167
   at NLog.UnitTests.Targets.FileTargetTests.SimpleFileTest(Boolean concurrentWrites, Boolean keepFileOpen, Boolean networkWrites) in C:\dev\NLog\tests\NLog.UnitTests\Targets\FileTargetTests.cs:line 82]]></stack-trace>
        </failure>
      </test>
      <test name="NLog.UnitTests.Targets.PlainFileTargetTests.SimpleFileTest(concurrentWrites: True, keepFileOpen: False, networkWrites: True)" type="NLog.UnitTests.Targets.PlainFileTargetTests" method="SimpleFileTest" time="0.0009648" result="Fail">
        <failure exception-type="System.ArgumentException">
          <message><![CDATA[System.ArgumentException : LayoutRenderer cannot be found: 'longdate']]></message>
          <stack-trace><![CDATA[   at NLog.Config.Factory`2.CreateInstance(String name) in C:\dev\NLog\src\NLog\Config\Factory.cs:line 199
   at NLog.Layouts.LayoutParser.ParseLayoutRenderer(ConfigurationItemFactory configurationItemFactory, SimpleStringReader sr) in C:\dev\NLog\src\NLog\Layouts\LayoutParser.cs:line 345
   at NLog.Layouts.LayoutParser.CompileLayout(ConfigurationItemFactory configurationItemFactory, SimpleStringReader sr, Boolean isNested, String& text) in C:\dev\NLog\src\NLog\Layouts\LayoutParser.cs:line 108
   at NLog.Layouts.SimpleLayout.set_Text(String value) in C:\dev\NLog\src\NLog\Layouts\SimpleLayout.cs:line 119
   at NLog.Layouts.SimpleLayout..ctor(String txt, ConfigurationItemFactory configurationItemFactory) in C:\dev\NLog\src\NLog\Layouts\SimpleLayout.cs:line 88
   at NLog.Layouts.Layout.FromString(String layoutText, ConfigurationItemFactory configurationItemFactory) in C:\dev\NLog\src\NLog\Layouts\Layout.cs:line 104
   at NLog.Layouts.Layout.FromString(String layoutText) in C:\dev\NLog\src\NLog\Layouts\Layout.cs:line 93
   at NLog.Layouts.Layout.op_Implicit(String text) in C:\dev\NLog\src\NLog\Layouts\Layout.cs:line 83
   at NLog.Targets.TargetWithLayout..ctor() in C:\dev\NLog\src\NLog\Targets\TargetWithLayout.cs:line 54
   at NLog.Targets.TargetWithLayoutHeaderAndFooter..ctor() in C:\dev\NLog\src\NLog\Targets\TargetWithLayoutHeaderAndFooter.cs:line 50
   at NLog.Targets.FileTarget..ctor() in C:\dev\NLog\src\NLog\Targets\FileTarget.cs:line 167
   at NLog.UnitTests.Targets.FileTargetTests.SimpleFileTest(Boolean concurrentWrites, Boolean keepFileOpen, Boolean networkWrites) in C:\dev\NLog\tests\NLog.UnitTests\Targets\FileTargetTests.cs:line 82]]></stack-trace>
        </failure>
      </test>
      <test name="NLog.UnitTests.Targets.PlainFileTargetTests.SimpleFileTest(concurrentWrites: True, keepFileOpen: False, networkWrites: False)" type="NLog.UnitTests.Targets.PlainFileTargetTests" method="SimpleFileTest" time="0.0010865" result="Fail">
        <failure exception-type="System.ArgumentException">
          <message><![CDATA[System.ArgumentException : LayoutRenderer cannot be found: 'longdate']]></message>
          <stack-trace><![CDATA[   at NLog.Config.Factory`2.CreateInstance(String name) in C:\dev\NLog\src\NLog\Config\Factory.cs:line 199
   at NLog.Layouts.LayoutParser.ParseLayoutRenderer(ConfigurationItemFactory configurationItemFactory, SimpleStringReader sr) in C:\dev\NLog\src\NLog\Layouts\LayoutParser.cs:line 345
   at NLog.Layouts.LayoutParser.CompileLayout(ConfigurationItemFactory configurationItemFactory, SimpleStringReader sr, Boolean isNested, String& text) in C:\dev\NLog\src\NLog\Layouts\LayoutParser.cs:line 108
   at NLog.Layouts.SimpleLayout.set_Text(String value) in C:\dev\NLog\src\NLog\Layouts\SimpleLayout.cs:line 119
   at NLog.Layouts.SimpleLayout..ctor(String txt, ConfigurationItemFactory configurationItemFactory) in C:\dev\NLog\src\NLog\Layouts\SimpleLayout.cs:line 88
   at NLog.Layouts.Layout.FromString(String layoutText, ConfigurationItemFactory configurationItemFactory) in C:\dev\NLog\src\NLog\Layouts\Layout.cs:line 104
   at NLog.Layouts.Layout.FromString(String layoutText) in C:\dev\NLog\src\NLog\Layouts\Layout.cs:line 93
   at NLog.Layouts.Layout.op_Implicit(String text) in C:\dev\NLog\src\NLog\Layouts\Layout.cs:line 83
   at NLog.Targets.TargetWithLayout..ctor() in C:\dev\NLog\src\NLog\Targets\TargetWithLayout.cs:line 54
   at NLog.Targets.TargetWithLayoutHeaderAndFooter..ctor() in C:\dev\NLog\src\NLog\Targets\TargetWithLayoutHeaderAndFooter.cs:line 50
   at NLog.Targets.FileTarget..ctor() in C:\dev\NLog\src\NLog\Targets\FileTarget.cs:line 167
   at NLog.UnitTests.Targets.FileTargetTests.SimpleFileTest(Boolean concurrentWrites, Boolean keepFileOpen, Boolean networkWrites) in C:\dev\NLog\tests\NLog.UnitTests\Targets\FileTargetTests.cs:line 82]]></stack-trace>
        </failure>
      </test>
      <test name="NLog.UnitTests.Targets.PlainFileTargetTests.SimpleFileTest(concurrentWrites: False, keepFileOpen: True, networkWrites: True)" type="NLog.UnitTests.Targets.PlainFileTargetTests" method="SimpleFileTest" time="0.0009662" result="Fail">
        <failure exception-type="System.ArgumentException">
          <message><![CDATA[System.ArgumentException : LayoutRenderer cannot be found: 'longdate']]></message>
          <stack-trace><![CDATA[   at NLog.Config.Factory`2.CreateInstance(String name) in C:\dev\NLog\src\NLog\Config\Factory.cs:line 199
   at NLog.Layouts.LayoutParser.ParseLayoutRenderer(ConfigurationItemFactory configurationItemFactory, SimpleStringReader sr) in C:\dev\NLog\src\NLog\Layouts\LayoutParser.cs:line 345
   at NLog.Layouts.LayoutParser.CompileLayout(ConfigurationItemFactory configurationItemFactory, SimpleStringReader sr, Boolean isNested, String& text) in C:\dev\NLog\src\NLog\Layouts\LayoutParser.cs:line 108
   at NLog.Layouts.SimpleLayout.set_Text(String value) in C:\dev\NLog\src\NLog\Layouts\SimpleLayout.cs:line 119
   at NLog.Layouts.SimpleLayout..ctor(String txt, ConfigurationItemFactory configurationItemFactory) in C:\dev\NLog\src\NLog\Layouts\SimpleLayout.cs:line 88
   at NLog.Layouts.Layout.FromString(String layoutText, ConfigurationItemFactory configurationItemFactory) in C:\dev\NLog\src\NLog\Layouts\Layout.cs:line 104
   at NLog.Layouts.Layout.FromString(String layoutText) in C:\dev\NLog\src\NLog\Layouts\Layout.cs:line 93
   at NLog.Layouts.Layout.op_Implicit(String text) in C:\dev\NLog\src\NLog\Layouts\Layout.cs:line 83
   at NLog.Targets.TargetWithLayout..ctor() in C:\dev\NLog\src\NLog\Targets\TargetWithLayout.cs:line 54
   at NLog.Targets.TargetWithLayoutHeaderAndFooter..ctor() in C:\dev\NLog\src\NLog\Targets\TargetWithLayoutHeaderAndFooter.cs:line 50
   at NLog.Targets.FileTarget..ctor() in C:\dev\NLog\src\NLog\Targets\FileTarget.cs:line 167
   at NLog.UnitTests.Targets.FileTargetTests.SimpleFileTest(Boolean concurrentWrites, Boolean keepFileOpen, Boolean networkWrites) in C:\dev\NLog\tests\NLog.UnitTests\Targets\FileTargetTests.cs:line 82]]></stack-trace>
        </failure>
      </test>
      <test name="NLog.UnitTests.Targets.PlainFileTargetTests.SimpleFileTest(concurrentWrites: False, keepFileOpen: True, networkWrites: False)" type="NLog.UnitTests.Targets.PlainFileTargetTests" method="SimpleFileTest" time="0.0011358" result="Fail">
        <failure exception-type="System.ArgumentException">
          <message><![CDATA[System.ArgumentException : LayoutRenderer cannot be found: 'longdate']]></message>
          <stack-trace><![CDATA[   at NLog.Config.Factory`2.CreateInstance(String name) in C:\dev\NLog\src\NLog\Config\Factory.cs:line 199
   at NLog.Layouts.LayoutParser.ParseLayoutRenderer(ConfigurationItemFactory configurationItemFactory, SimpleStringReader sr) in C:\dev\NLog\src\NLog\Layouts\LayoutParser.cs:line 345
   at NLog.Layouts.LayoutParser.CompileLayout(ConfigurationItemFactory configurationItemFactory, SimpleStringReader sr, Boolean isNested, String& text) in C:\dev\NLog\src\NLog\Layouts\LayoutParser.cs:line 108
   at NLog.Layouts.SimpleLayout.set_Text(String value) in C:\dev\NLog\src\NLog\Layouts\SimpleLayout.cs:line 119
   at NLog.Layouts.SimpleLayout..ctor(String txt, ConfigurationItemFactory configurationItemFactory) in C:\dev\NLog\src\NLog\Layouts\SimpleLayout.cs:line 88
   at NLog.Layouts.Layout.FromString(String layoutText, ConfigurationItemFactory configurationItemFactory) in C:\dev\NLog\src\NLog\Layouts\Layout.cs:line 104
   at NLog.Layouts.Layout.FromString(String layoutText) in C:\dev\NLog\src\NLog\Layouts\Layout.cs:line 93
   at NLog.Layouts.Layout.op_Implicit(String text) in C:\dev\NLog\src\NLog\Layouts\Layout.cs:line 83
   at NLog.Targets.TargetWithLayout..ctor() in C:\dev\NLog\src\NLog\Targets\TargetWithLayout.cs:line 54
   at NLog.Targets.TargetWithLayoutHeaderAndFooter..ctor() in C:\dev\NLog\src\NLog\Targets\TargetWithLayoutHeaderAndFooter.cs:line 50
   at NLog.Targets.FileTarget..ctor() in C:\dev\NLog\src\NLog\Targets\FileTarget.cs:line 167
   at NLog.UnitTests.Targets.FileTargetTests.SimpleFileTest(Boolean concurrentWrites, Boolean keepFileOpen, Boolean networkWrites) in C:\dev\NLog\tests\NLog.UnitTests\Targets\FileTargetTests.cs:line 82]]></stack-trace>
        </failure>
      </test>
      <test name="NLog.UnitTests.Targets.PlainFileTargetTests.SimpleFileTest(concurrentWrites: False, keepFileOpen: False, networkWrites: True)" type="NLog.UnitTests.Targets.PlainFileTargetTests" method="SimpleFileTest" time="0.0009581" result="Fail">
        <failure exception-type="System.ArgumentException">
          <message><![CDATA[System.ArgumentException : LayoutRenderer cannot be found: 'longdate']]></message>
          <stack-trace><![CDATA[   at NLog.Config.Factory`2.CreateInstance(String name) in C:\dev\NLog\src\NLog\Config\Factory.cs:line 199
   at NLog.Layouts.LayoutParser.ParseLayoutRenderer(ConfigurationItemFactory configurationItemFactory, SimpleStringReader sr) in C:\dev\NLog\src\NLog\Layouts\LayoutParser.cs:line 345
   at NLog.Layouts.LayoutParser.CompileLayout(ConfigurationItemFactory configurationItemFactory, SimpleStringReader sr, Boolean isNested, String& text) in C:\dev\NLog\src\NLog\Layouts\LayoutParser.cs:line 108
   at NLog.Layouts.SimpleLayout.set_Text(String value) in C:\dev\NLog\src\NLog\Layouts\SimpleLayout.cs:line 119
   at NLog.Layouts.SimpleLayout..ctor(String txt, ConfigurationItemFactory configurationItemFactory) in C:\dev\NLog\src\NLog\Layouts\SimpleLayout.cs:line 88
   at NLog.Layouts.Layout.FromString(String layoutText, ConfigurationItemFactory configurationItemFactory) in C:\dev\NLog\src\NLog\Layouts\Layout.cs:line 104
   at NLog.Layouts.Layout.FromString(String layoutText) in C:\dev\NLog\src\NLog\Layouts\Layout.cs:line 93
   at NLog.Layouts.Layout.op_Implicit(String text) in C:\dev\NLog\src\NLog\Layouts\Layout.cs:line 83
   at NLog.Targets.TargetWithLayout..ctor() in C:\dev\NLog\src\NLog\Targets\TargetWithLayout.cs:line 54
   at NLog.Targets.TargetWithLayoutHeaderAndFooter..ctor() in C:\dev\NLog\src\NLog\Targets\TargetWithLayoutHeaderAndFooter.cs:line 50
   at NLog.Targets.FileTarget..ctor() in C:\dev\NLog\src\NLog\Targets\FileTarget.cs:line 167
   at NLog.UnitTests.Targets.FileTargetTests.SimpleFileTest(Boolean concurrentWrites, Boolean keepFileOpen, Boolean networkWrites) in C:\dev\NLog\tests\NLog.UnitTests\Targets\FileTargetTests.cs:line 82]]></stack-trace>
        </failure>
      </test>
      <test name="NLog.UnitTests.Targets.PlainFileTargetTests.SimpleFileTest(concurrentWrites: False, keepFileOpen: False, networkWrites: False)" type="NLog.UnitTests.Targets.PlainFileTargetTests" method="SimpleFileTest" time="0.0010087" result="Fail">
        <failure exception-type="System.ArgumentException">
          <message><![CDATA[System.ArgumentException : LayoutRenderer cannot be found: 'longdate']]></message>
          <stack-trace><![CDATA[   at NLog.Config.Factory`2.CreateInstance(String name) in C:\dev\NLog\src\NLog\Config\Factory.cs:line 199
   at NLog.Layouts.LayoutParser.ParseLayoutRenderer(ConfigurationItemFactory configurationItemFactory, SimpleStringReader sr) in C:\dev\NLog\src\NLog\Layouts\LayoutParser.cs:line 345
   at NLog.Layouts.LayoutParser.CompileLayout(ConfigurationItemFactory configurationItemFactory, SimpleStringReader sr, Boolean isNested, String& text) in C:\dev\NLog\src\NLog\Layouts\LayoutParser.cs:line 108
   at NLog.Layouts.SimpleLayout.set_Text(String value) in C:\dev\NLog\src\NLog\Layouts\SimpleLayout.cs:line 119
   at NLog.Layouts.SimpleLayout..ctor(String txt, ConfigurationItemFactory configurationItemFactory) in C:\dev\NLog\src\NLog\Layouts\SimpleLayout.cs:line 88
   at NLog.Layouts.Layout.FromString(String layoutText, ConfigurationItemFactory configurationItemFactory) in C:\dev\NLog\src\NLog\Layouts\Layout.cs:line 104
   at NLog.Layouts.Layout.FromString(String layoutText) in C:\dev\NLog\src\NLog\Layouts\Layout.cs:line 93
   at NLog.Layouts.Layout.op_Implicit(String text) in C:\dev\NLog\src\NLog\Layouts\Layout.cs:line 83
   at NLog.Targets.TargetWithLayout..ctor() in C:\dev\NLog\src\NLog\Targets\TargetWithLayout.cs:line 54
   at NLog.Targets.TargetWithLayoutHeaderAndFooter..ctor() in C:\dev\NLog\src\NLog\Targets\TargetWithLayoutHeaderAndFooter.cs:line 50
   at NLog.Targets.FileTarget..ctor() in C:\dev\NLog\src\NLog\Targets\FileTarget.cs:line 167
   at NLog.UnitTests.Targets.FileTargetTests.SimpleFileTest(Boolean concurrentWrites, Boolean keepFileOpen, Boolean networkWrites) in C:\dev\NLog\tests\NLog.UnitTests\Targets\FileTargetTests.cs:line 82]]></stack-trace>
        </failure>
      </test>
      <test name="NLog.UnitTests.Targets.PlainFileTargetTests.DateArchive_AllLoggersTransferToCurrentLogFile(concurrentWrites: True, keepFileOpen: True, networkWrites: True, includeSequenceInArchive: True, enableArchiveCompression: True)" type="NLog.UnitTests.Targets.PlainFileTargetTests" method="DateArchive_AllLoggersTransferToCurrentLogFile" time="0.0011005" result="Fail">
        <failure exception-type="System.ArgumentException">
          <message><![CDATA[System.ArgumentException : LayoutRenderer cannot be found: 'longdate']]></message>
          <stack-trace><![CDATA[   at NLog.Config.Factory`2.CreateInstance(String name) in C:\dev\NLog\src\NLog\Config\Factory.cs:line 199
   at NLog.Layouts.LayoutParser.ParseLayoutRenderer(ConfigurationItemFactory configurationItemFactory, SimpleStringReader sr) in C:\dev\NLog\src\NLog\Layouts\LayoutParser.cs:line 345
   at NLog.Layouts.LayoutParser.CompileLayout(ConfigurationItemFactory configurationItemFactory, SimpleStringReader sr, Boolean isNested, String& text) in C:\dev\NLog\src\NLog\Layouts\LayoutParser.cs:line 108
   at NLog.Layouts.SimpleLayout.set_Text(String value) in C:\dev\NLog\src\NLog\Layouts\SimpleLayout.cs:line 119
   at NLog.Layouts.SimpleLayout..ctor(String txt, ConfigurationItemFactory configurationItemFactory) in C:\dev\NLog\src\NLog\Layouts\SimpleLayout.cs:line 88
   at NLog.Layouts.Layout.FromString(String layoutText, ConfigurationItemFactory configurationItemFactory) in C:\dev\NLog\src\NLog\Layouts\Layout.cs:line 104
   at NLog.Layouts.Layout.FromString(String layoutText) in C:\dev\NLog\src\NLog\Layouts\Layout.cs:line 93
   at NLog.Layouts.Layout.op_Implicit(String text) in C:\dev\NLog\src\NLog\Layouts\Layout.cs:line 83
   at NLog.Targets.TargetWithLayout..ctor() in C:\dev\NLog\src\NLog\Targets\TargetWithLayout.cs:line 54
   at NLog.Targets.TargetWithLayoutHeaderAndFooter..ctor() in C:\dev\NLog\src\NLog\Targets\TargetWithLayoutHeaderAndFooter.cs:line 50
   at NLog.Targets.FileTarget..ctor() in C:\dev\NLog\src\NLog\Targets\FileTarget.cs:line 167
   at NLog.UnitTests.Targets.FileTargetTests.DateArchive_AllLoggersTransferToCurrentLogFile(Boolean concurrentWrites, Boolean keepFileOpen, Boolean networkWrites, Boolean includeSequenceInArchive, Boolean enableArchiveCompression) in C:\dev\NLog\tests\NLog.UnitTests\Targets\FileTargetTests.cs:line 1048]]></stack-trace>
        </failure>
      </test>
      <test name="NLog.UnitTests.Targets.PlainFileTargetTests.DateArchive_AllLoggersTransferToCurrentLogFile(concurrentWrites: True, keepFileOpen: True, networkWrites: True, includeSequenceInArchive: True, enableArchiveCompression: False)" type="NLog.UnitTests.Targets.PlainFileTargetTests" method="DateArchive_AllLoggersTransferToCurrentLogFile" time="0.0002555" result="Fail">
        <failure exception-type="System.ArgumentException">
          <message><![CDATA[System.ArgumentException : LayoutRenderer cannot be found: 'longdate']]></message>
          <stack-trace><![CDATA[   at NLog.Config.Factory`2.CreateInstance(String name) in C:\dev\NLog\src\NLog\Config\Factory.cs:line 199
   at NLog.Layouts.LayoutParser.ParseLayoutRenderer(ConfigurationItemFactory configurationItemFactory, SimpleStringReader sr) in C:\dev\NLog\src\NLog\Layouts\LayoutParser.cs:line 345
   at NLog.Layouts.LayoutParser.CompileLayout(ConfigurationItemFactory configurationItemFactory, SimpleStringReader sr, Boolean isNested, String& text) in C:\dev\NLog\src\NLog\Layouts\LayoutParser.cs:line 108
   at NLog.Layouts.SimpleLayout.set_Text(String value) in C:\dev\NLog\src\NLog\Layouts\SimpleLayout.cs:line 119
   at NLog.Layouts.SimpleLayout..ctor(String txt, ConfigurationItemFactory configurationItemFactory) in C:\dev\NLog\src\NLog\Layouts\SimpleLayout.cs:line 88
   at NLog.Layouts.Layout.FromString(String layoutText, ConfigurationItemFactory configurationItemFactory) in C:\dev\NLog\src\NLog\Layouts\Layout.cs:line 104
   at NLog.Layouts.Layout.FromString(String layoutText) in C:\dev\NLog\src\NLog\Layouts\Layout.cs:line 93
   at NLog.Layouts.Layout.op_Implicit(String text) in C:\dev\NLog\src\NLog\Layouts\Layout.cs:line 83
   at NLog.Targets.TargetWithLayout..ctor() in C:\dev\NLog\src\NLog\Targets\TargetWithLayout.cs:line 54
   at NLog.Targets.TargetWithLayoutHeaderAndFooter..ctor() in C:\dev\NLog\src\NLog\Targets\TargetWithLayoutHeaderAndFooter.cs:line 50
   at NLog.Targets.FileTarget..ctor() in C:\dev\NLog\src\NLog\Targets\FileTarget.cs:line 167
   at NLog.UnitTests.Targets.FileTargetTests.DateArchive_AllLoggersTransferToCurrentLogFile(Boolean concurrentWrites, Boolean keepFileOpen, Boolean networkWrites, Boolean includeSequenceInArchive, Boolean enableArchiveCompression) in C:\dev\NLog\tests\NLog.UnitTests\Targets\FileTargetTests.cs:line 1048]]></stack-trace>
        </failure>
      </test>
      <test name="NLog.UnitTests.Targets.PlainFileTargetTests.DateArchive_AllLoggersTransferToCurrentLogFile(concurrentWrites: True, keepFileOpen: True, networkWrites: True, includeSequenceInArchive: False, enableArchiveCompression: True)" type="NLog.UnitTests.Targets.PlainFileTargetTests" method="DateArchive_AllLoggersTransferToCurrentLogFile" time="0.0002177" result="Fail">
        <failure exception-type="System.ArgumentException">
          <message><![CDATA[System.ArgumentException : LayoutRenderer cannot be found: 'longdate']]></message>
          <stack-trace><![CDATA[   at NLog.Config.Factory`2.CreateInstance(String name) in C:\dev\NLog\src\NLog\Config\Factory.cs:line 199
   at NLog.Layouts.LayoutParser.ParseLayoutRenderer(ConfigurationItemFactory configurationItemFactory, SimpleStringReader sr) in C:\dev\NLog\src\NLog\Layouts\LayoutParser.cs:line 345
   at NLog.Layouts.LayoutParser.CompileLayout(ConfigurationItemFactory configurationItemFactory, SimpleStringReader sr, Boolean isNested, String& text) in C:\dev\NLog\src\NLog\Layouts\LayoutParser.cs:line 108
   at NLog.Layouts.SimpleLayout.set_Text(String value) in C:\dev\NLog\src\NLog\Layouts\SimpleLayout.cs:line 119
   at NLog.Layouts.SimpleLayout..ctor(String txt, ConfigurationItemFactory configurationItemFactory) in C:\dev\NLog\src\NLog\Layouts\SimpleLayout.cs:line 88
   at NLog.Layouts.Layout.FromString(String layoutText, ConfigurationItemFactory configurationItemFactory) in C:\dev\NLog\src\NLog\Layouts\Layout.cs:line 104
   at NLog.Layouts.Layout.FromString(String layoutText) in C:\dev\NLog\src\NLog\Layouts\Layout.cs:line 93
   at NLog.Layouts.Layout.op_Implicit(String text) in C:\dev\NLog\src\NLog\Layouts\Layout.cs:line 83
   at NLog.Targets.TargetWithLayout..ctor() in C:\dev\NLog\src\NLog\Targets\TargetWithLayout.cs:line 54
   at NLog.Targets.TargetWithLayoutHeaderAndFooter..ctor() in C:\dev\NLog\src\NLog\Targets\TargetWithLayoutHeaderAndFooter.cs:line 50
   at NLog.Targets.FileTarget..ctor() in C:\dev\NLog\src\NLog\Targets\FileTarget.cs:line 167
   at NLog.UnitTests.Targets.FileTargetTests.DateArchive_AllLoggersTransferToCurrentLogFile(Boolean concurrentWrites, Boolean keepFileOpen, Boolean networkWrites, Boolean includeSequenceInArchive, Boolean enableArchiveCompression) in C:\dev\NLog\tests\NLog.UnitTests\Targets\FileTargetTests.cs:line 1048]]></stack-trace>
        </failure>
      </test>
      <test name="NLog.UnitTests.Targets.PlainFileTargetTests.DateArchive_AllLoggersTransferToCurrentLogFile(concurrentWrites: True, keepFileOpen: True, networkWrites: True, includeSequenceInArchive: False, enableArchiveCompression: False)" type="NLog.UnitTests.Targets.PlainFileTargetTests" method="DateArchive_AllLoggersTransferToCurrentLogFile" time="0.00021" result="Fail">
        <failure exception-type="System.ArgumentException">
          <message><![CDATA[System.ArgumentException : LayoutRenderer cannot be found: 'longdate']]></message>
          <stack-trace><![CDATA[   at NLog.Config.Factory`2.CreateInstance(String name) in C:\dev\NLog\src\NLog\Config\Factory.cs:line 199
   at NLog.Layouts.LayoutParser.ParseLayoutRenderer(ConfigurationItemFactory configurationItemFactory, SimpleStringReader sr) in C:\dev\NLog\src\NLog\Layouts\LayoutParser.cs:line 345
   at NLog.Layouts.LayoutParser.CompileLayout(ConfigurationItemFactory configurationItemFactory, SimpleStringReader sr, Boolean isNested, String& text) in C:\dev\NLog\src\NLog\Layouts\LayoutParser.cs:line 108
   at NLog.Layouts.SimpleLayout.set_Text(String value) in C:\dev\NLog\src\NLog\Layouts\SimpleLayout.cs:line 119
   at NLog.Layouts.SimpleLayout..ctor(String txt, ConfigurationItemFactory configurationItemFactory) in C:\dev\NLog\src\NLog\Layouts\SimpleLayout.cs:line 88
   at NLog.Layouts.Layout.FromString(String layoutText, ConfigurationItemFactory configurationItemFactory) in C:\dev\NLog\src\NLog\Layouts\Layout.cs:line 104
   at NLog.Layouts.Layout.FromString(String layoutText) in C:\dev\NLog\src\NLog\Layouts\Layout.cs:line 93
   at NLog.Layouts.Layout.op_Implicit(String text) in C:\dev\NLog\src\NLog\Layouts\Layout.cs:line 83
   at NLog.Targets.TargetWithLayout..ctor() in C:\dev\NLog\src\NLog\Targets\TargetWithLayout.cs:line 54
   at NLog.Targets.TargetWithLayoutHeaderAndFooter..ctor() in C:\dev\NLog\src\NLog\Targets\TargetWithLayoutHeaderAndFooter.cs:line 50
   at NLog.Targets.FileTarget..ctor() in C:\dev\NLog\src\NLog\Targets\FileTarget.cs:line 167
   at NLog.UnitTests.Targets.FileTargetTests.DateArchive_AllLoggersTransferToCurrentLogFile(Boolean concurrentWrites, Boolean keepFileOpen, Boolean networkWrites, Boolean includeSequenceInArchive, Boolean enableArchiveCompression) in C:\dev\NLog\tests\NLog.UnitTests\Targets\FileTargetTests.cs:line 1048]]></stack-trace>
        </failure>
      </test>
      <test name="NLog.UnitTests.Targets.PlainFileTargetTests.DateArchive_AllLoggersTransferToCurrentLogFile(concurrentWrites: True, keepFileOpen: True, networkWrites: False, includeSequenceInArchive: True, enableArchiveCompression: True)" type="NLog.UnitTests.Targets.PlainFileTargetTests" method="DateArchive_AllLoggersTransferToCurrentLogFile" time="0.0001993" result="Fail">
        <failure exception-type="System.ArgumentException">
          <message><![CDATA[System.ArgumentException : LayoutRenderer cannot be found: 'longdate']]></message>
          <stack-trace><![CDATA[   at NLog.Config.Factory`2.CreateInstance(String name) in C:\dev\NLog\src\NLog\Config\Factory.cs:line 199
   at NLog.Layouts.LayoutParser.ParseLayoutRenderer(ConfigurationItemFactory configurationItemFactory, SimpleStringReader sr) in C:\dev\NLog\src\NLog\Layouts\LayoutParser.cs:line 345
   at NLog.Layouts.LayoutParser.CompileLayout(ConfigurationItemFactory configurationItemFactory, SimpleStringReader sr, Boolean isNested, String& text) in C:\dev\NLog\src\NLog\Layouts\LayoutParser.cs:line 108
   at NLog.Layouts.SimpleLayout.set_Text(String value) in C:\dev\NLog\src\NLog\Layouts\SimpleLayout.cs:line 119
   at NLog.Layouts.SimpleLayout..ctor(String txt, ConfigurationItemFactory configurationItemFactory) in C:\dev\NLog\src\NLog\Layouts\SimpleLayout.cs:line 88
   at NLog.Layouts.Layout.FromString(String layoutText, ConfigurationItemFactory configurationItemFactory) in C:\dev\NLog\src\NLog\Layouts\Layout.cs:line 104
   at NLog.Layouts.Layout.FromString(String layoutText) in C:\dev\NLog\src\NLog\Layouts\Layout.cs:line 93
   at NLog.Layouts.Layout.op_Implicit(String text) in C:\dev\NLog\src\NLog\Layouts\Layout.cs:line 83
   at NLog.Targets.TargetWithLayout..ctor() in C:\dev\NLog\src\NLog\Targets\TargetWithLayout.cs:line 54
   at NLog.Targets.TargetWithLayoutHeaderAndFooter..ctor() in C:\dev\NLog\src\NLog\Targets\TargetWithLayoutHeaderAndFooter.cs:line 50
   at NLog.Targets.FileTarget..ctor() in C:\dev\NLog\src\NLog\Targets\FileTarget.cs:line 167
   at NLog.UnitTests.Targets.FileTargetTests.DateArchive_AllLoggersTransferToCurrentLogFile(Boolean concurrentWrites, Boolean keepFileOpen, Boolean networkWrites, Boolean includeSequenceInArchive, Boolean enableArchiveCompression) in C:\dev\NLog\tests\NLog.UnitTests\Targets\FileTargetTests.cs:line 1048]]></stack-trace>
        </failure>
      </test>
      <test name="NLog.UnitTests.Targets.PlainFileTargetTests.DateArchive_AllLoggersTransferToCurrentLogFile(concurrentWrites: True, keepFileOpen: True, networkWrites: False, includeSequenceInArchive: True, enableArchiveCompression: False)" type="NLog.UnitTests.Targets.PlainFileTargetTests" method="DateArchive_AllLoggersTransferToCurrentLogFile" time="0.0001969" result="Fail">
        <failure exception-type="System.ArgumentException">
          <message><![CDATA[System.ArgumentException : LayoutRenderer cannot be found: 'longdate']]></message>
          <stack-trace><![CDATA[   at NLog.Config.Factory`2.CreateInstance(String name) in C:\dev\NLog\src\NLog\Config\Factory.cs:line 199
   at NLog.Layouts.LayoutParser.ParseLayoutRenderer(ConfigurationItemFactory configurationItemFactory, SimpleStringReader sr) in C:\dev\NLog\src\NLog\Layouts\LayoutParser.cs:line 345
   at NLog.Layouts.LayoutParser.CompileLayout(ConfigurationItemFactory configurationItemFactory, SimpleStringReader sr, Boolean isNested, String& text) in C:\dev\NLog\src\NLog\Layouts\LayoutParser.cs:line 108
   at NLog.Layouts.SimpleLayout.set_Text(String value) in C:\dev\NLog\src\NLog\Layouts\SimpleLayout.cs:line 119
   at NLog.Layouts.SimpleLayout..ctor(String txt, ConfigurationItemFactory configurationItemFactory) in C:\dev\NLog\src\NLog\Layouts\SimpleLayout.cs:line 88
   at NLog.Layouts.Layout.FromString(String layoutText, ConfigurationItemFactory configurationItemFactory) in C:\dev\NLog\src\NLog\Layouts\Layout.cs:line 104
   at NLog.Layouts.Layout.FromString(String layoutText) in C:\dev\NLog\src\NLog\Layouts\Layout.cs:line 93
   at NLog.Layouts.Layout.op_Implicit(String text) in C:\dev\NLog\src\NLog\Layouts\Layout.cs:line 83
   at NLog.Targets.TargetWithLayout..ctor() in C:\dev\NLog\src\NLog\Targets\TargetWithLayout.cs:line 54
   at NLog.Targets.TargetWithLayoutHeaderAndFooter..ctor() in C:\dev\NLog\src\NLog\Targets\TargetWithLayoutHeaderAndFooter.cs:line 50
   at NLog.Targets.FileTarget..ctor() in C:\dev\NLog\src\NLog\Targets\FileTarget.cs:line 167
   at NLog.UnitTests.Targets.FileTargetTests.DateArchive_AllLoggersTransferToCurrentLogFile(Boolean concurrentWrites, Boolean keepFileOpen, Boolean networkWrites, Boolean includeSequenceInArchive, Boolean enableArchiveCompression) in C:\dev\NLog\tests\NLog.UnitTests\Targets\FileTargetTests.cs:line 1048]]></stack-trace>
        </failure>
      </test>
      <test name="NLog.UnitTests.Targets.PlainFileTargetTests.DateArchive_AllLoggersTransferToCurrentLogFile(concurrentWrites: True, keepFileOpen: True, networkWrites: False, includeSequenceInArchive: False, enableArchiveCompression: True)" type="NLog.UnitTests.Targets.PlainFileTargetTests" method="DateArchive_AllLoggersTransferToCurrentLogFile" time="0.0002017" result="Fail">
        <failure exception-type="System.ArgumentException">
          <message><![CDATA[System.ArgumentException : LayoutRenderer cannot be found: 'longdate']]></message>
          <stack-trace><![CDATA[   at NLog.Config.Factory`2.CreateInstance(String name) in C:\dev\NLog\src\NLog\Config\Factory.cs:line 199
   at NLog.Layouts.LayoutParser.ParseLayoutRenderer(ConfigurationItemFactory configurationItemFactory, SimpleStringReader sr) in C:\dev\NLog\src\NLog\Layouts\LayoutParser.cs:line 345
   at NLog.Layouts.LayoutParser.CompileLayout(ConfigurationItemFactory configurationItemFactory, SimpleStringReader sr, Boolean isNested, String& text) in C:\dev\NLog\src\NLog\Layouts\LayoutParser.cs:line 108
   at NLog.Layouts.SimpleLayout.set_Text(String value) in C:\dev\NLog\src\NLog\Layouts\SimpleLayout.cs:line 119
   at NLog.Layouts.SimpleLayout..ctor(String txt, ConfigurationItemFactory configurationItemFactory) in C:\dev\NLog\src\NLog\Layouts\SimpleLayout.cs:line 88
   at NLog.Layouts.Layout.FromString(String layoutText, ConfigurationItemFactory configurationItemFactory) in C:\dev\NLog\src\NLog\Layouts\Layout.cs:line 104
   at NLog.Layouts.Layout.FromString(String layoutText) in C:\dev\NLog\src\NLog\Layouts\Layout.cs:line 93
   at NLog.Layouts.Layout.op_Implicit(String text) in C:\dev\NLog\src\NLog\Layouts\Layout.cs:line 83
   at NLog.Targets.TargetWithLayout..ctor() in C:\dev\NLog\src\NLog\Targets\TargetWithLayout.cs:line 54
   at NLog.Targets.TargetWithLayoutHeaderAndFooter..ctor() in C:\dev\NLog\src\NLog\Targets\TargetWithLayoutHeaderAndFooter.cs:line 50
   at NLog.Targets.FileTarget..ctor() in C:\dev\NLog\src\NLog\Targets\FileTarget.cs:line 167
   at NLog.UnitTests.Targets.FileTargetTests.DateArchive_AllLoggersTransferToCurrentLogFile(Boolean concurrentWrites, Boolean keepFileOpen, Boolean networkWrites, Boolean includeSequenceInArchive, Boolean enableArchiveCompression) in C:\dev\NLog\tests\NLog.UnitTests\Targets\FileTargetTests.cs:line 1048]]></stack-trace>
        </failure>
      </test>
      <test name="NLog.UnitTests.Targets.PlainFileTargetTests.DateArchive_AllLoggersTransferToCurrentLogFile(concurrentWrites: True, keepFileOpen: True, networkWrites: False, includeSequenceInArchive: False, enableArchiveCompression: False)" type="NLog.UnitTests.Targets.PlainFileTargetTests" method="DateArchive_AllLoggersTransferToCurrentLogFile" time="0.0001893" result="Fail">
        <failure exception-type="System.ArgumentException">
          <message><![CDATA[System.ArgumentException : LayoutRenderer cannot be found: 'longdate']]></message>
          <stack-trace><![CDATA[   at NLog.Config.Factory`2.CreateInstance(String name) in C:\dev\NLog\src\NLog\Config\Factory.cs:line 199
   at NLog.Layouts.LayoutParser.ParseLayoutRenderer(ConfigurationItemFactory configurationItemFactory, SimpleStringReader sr) in C:\dev\NLog\src\NLog\Layouts\LayoutParser.cs:line 345
   at NLog.Layouts.LayoutParser.CompileLayout(ConfigurationItemFactory configurationItemFactory, SimpleStringReader sr, Boolean isNested, String& text) in C:\dev\NLog\src\NLog\Layouts\LayoutParser.cs:line 108
   at NLog.Layouts.SimpleLayout.set_Text(String value) in C:\dev\NLog\src\NLog\Layouts\SimpleLayout.cs:line 119
   at NLog.Layouts.SimpleLayout..ctor(String txt, ConfigurationItemFactory configurationItemFactory) in C:\dev\NLog\src\NLog\Layouts\SimpleLayout.cs:line 88
   at NLog.Layouts.Layout.FromString(String layoutText, ConfigurationItemFactory configurationItemFactory) in C:\dev\NLog\src\NLog\Layouts\Layout.cs:line 104
   at NLog.Layouts.Layout.FromString(String layoutText) in C:\dev\NLog\src\NLog\Layouts\Layout.cs:line 93
   at NLog.Layouts.Layout.op_Implicit(String text) in C:\dev\NLog\src\NLog\Layouts\Layout.cs:line 83
   at NLog.Targets.TargetWithLayout..ctor() in C:\dev\NLog\src\NLog\Targets\TargetWithLayout.cs:line 54
   at NLog.Targets.TargetWithLayoutHeaderAndFooter..ctor() in C:\dev\NLog\src\NLog\Targets\TargetWithLayoutHeaderAndFooter.cs:line 50
   at NLog.Targets.FileTarget..ctor() in C:\dev\NLog\src\NLog\Targets\FileTarget.cs:line 167
   at NLog.UnitTests.Targets.FileTargetTests.DateArchive_AllLoggersTransferToCurrentLogFile(Boolean concurrentWrites, Boolean keepFileOpen, Boolean networkWrites, Boolean includeSequenceInArchive, Boolean enableArchiveCompression) in C:\dev\NLog\tests\NLog.UnitTests\Targets\FileTargetTests.cs:line 1048]]></stack-trace>
        </failure>
      </test>
      <test name="NLog.UnitTests.Targets.PlainFileTargetTests.DateArchive_AllLoggersTransferToCurrentLogFile(concurrentWrites: True, keepFileOpen: False, networkWrites: True, includeSequenceInArchive: True, enableArchiveCompression: True)" type="NLog.UnitTests.Targets.PlainFileTargetTests" method="DateArchive_AllLoggersTransferToCurrentLogFile" time="0.0002189" result="Fail">
        <failure exception-type="System.ArgumentException">
          <message><![CDATA[System.ArgumentException : LayoutRenderer cannot be found: 'longdate']]></message>
          <stack-trace><![CDATA[   at NLog.Config.Factory`2.CreateInstance(String name) in C:\dev\NLog\src\NLog\Config\Factory.cs:line 199
   at NLog.Layouts.LayoutParser.ParseLayoutRenderer(ConfigurationItemFactory configurationItemFactory, SimpleStringReader sr) in C:\dev\NLog\src\NLog\Layouts\LayoutParser.cs:line 345
   at NLog.Layouts.LayoutParser.CompileLayout(ConfigurationItemFactory configurationItemFactory, SimpleStringReader sr, Boolean isNested, String& text) in C:\dev\NLog\src\NLog\Layouts\LayoutParser.cs:line 108
   at NLog.Layouts.SimpleLayout.set_Text(String value) in C:\dev\NLog\src\NLog\Layouts\SimpleLayout.cs:line 119
   at NLog.Layouts.SimpleLayout..ctor(String txt, ConfigurationItemFactory configurationItemFactory) in C:\dev\NLog\src\NLog\Layouts\SimpleLayout.cs:line 88
   at NLog.Layouts.Layout.FromString(String layoutText, ConfigurationItemFactory configurationItemFactory) in C:\dev\NLog\src\NLog\Layouts\Layout.cs:line 104
   at NLog.Layouts.Layout.FromString(String layoutText) in C:\dev\NLog\src\NLog\Layouts\Layout.cs:line 93
   at NLog.Layouts.Layout.op_Implicit(String text) in C:\dev\NLog\src\NLog\Layouts\Layout.cs:line 83
   at NLog.Targets.TargetWithLayout..ctor() in C:\dev\NLog\src\NLog\Targets\TargetWithLayout.cs:line 54
   at NLog.Targets.TargetWithLayoutHeaderAndFooter..ctor() in C:\dev\NLog\src\NLog\Targets\TargetWithLayoutHeaderAndFooter.cs:line 50
   at NLog.Targets.FileTarget..ctor() in C:\dev\NLog\src\NLog\Targets\FileTarget.cs:line 167
   at NLog.UnitTests.Targets.FileTargetTests.DateArchive_AllLoggersTransferToCurrentLogFile(Boolean concurrentWrites, Boolean keepFileOpen, Boolean networkWrites, Boolean includeSequenceInArchive, Boolean enableArchiveCompression) in C:\dev\NLog\tests\NLog.UnitTests\Targets\FileTargetTests.cs:line 1048]]></stack-trace>
        </failure>
      </test>
      <test name="NLog.UnitTests.Targets.PlainFileTargetTests.DateArchive_AllLoggersTransferToCurrentLogFile(concurrentWrites: True, keepFileOpen: False, networkWrites: True, includeSequenceInArchive: True, enableArchiveCompression: False)" type="NLog.UnitTests.Targets.PlainFileTargetTests" method="DateArchive_AllLoggersTransferToCurrentLogFile" time="0.0001816" result="Fail">
        <failure exception-type="System.ArgumentException">
          <message><![CDATA[System.ArgumentException : LayoutRenderer cannot be found: 'longdate']]></message>
          <stack-trace><![CDATA[   at NLog.Config.Factory`2.CreateInstance(String name) in C:\dev\NLog\src\NLog\Config\Factory.cs:line 199
   at NLog.Layouts.LayoutParser.ParseLayoutRenderer(ConfigurationItemFactory configurationItemFactory, SimpleStringReader sr) in C:\dev\NLog\src\NLog\Layouts\LayoutParser.cs:line 345
   at NLog.Layouts.LayoutParser.CompileLayout(ConfigurationItemFactory configurationItemFactory, SimpleStringReader sr, Boolean isNested, String& text) in C:\dev\NLog\src\NLog\Layouts\LayoutParser.cs:line 108
   at NLog.Layouts.SimpleLayout.set_Text(String value) in C:\dev\NLog\src\NLog\Layouts\SimpleLayout.cs:line 119
   at NLog.Layouts.SimpleLayout..ctor(String txt, ConfigurationItemFactory configurationItemFactory) in C:\dev\NLog\src\NLog\Layouts\SimpleLayout.cs:line 88
   at NLog.Layouts.Layout.FromString(String layoutText, ConfigurationItemFactory configurationItemFactory) in C:\dev\NLog\src\NLog\Layouts\Layout.cs:line 104
   at NLog.Layouts.Layout.FromString(String layoutText) in C:\dev\NLog\src\NLog\Layouts\Layout.cs:line 93
   at NLog.Layouts.Layout.op_Implicit(String text) in C:\dev\NLog\src\NLog\Layouts\Layout.cs:line 83
   at NLog.Targets.TargetWithLayout..ctor() in C:\dev\NLog\src\NLog\Targets\TargetWithLayout.cs:line 54
   at NLog.Targets.TargetWithLayoutHeaderAndFooter..ctor() in C:\dev\NLog\src\NLog\Targets\TargetWithLayoutHeaderAndFooter.cs:line 50
   at NLog.Targets.FileTarget..ctor() in C:\dev\NLog\src\NLog\Targets\FileTarget.cs:line 167
   at NLog.UnitTests.Targets.FileTargetTests.DateArchive_AllLoggersTransferToCurrentLogFile(Boolean concurrentWrites, Boolean keepFileOpen, Boolean networkWrites, Boolean includeSequenceInArchive, Boolean enableArchiveCompression) in C:\dev\NLog\tests\NLog.UnitTests\Targets\FileTargetTests.cs:line 1048]]></stack-trace>
        </failure>
      </test>
      <test name="NLog.UnitTests.Targets.PlainFileTargetTests.DateArchive_AllLoggersTransferToCurrentLogFile(concurrentWrites: True, keepFileOpen: False, networkWrites: True, includeSequenceInArchive: False, enableArchiveCompression: True)" type="NLog.UnitTests.Targets.PlainFileTargetTests" method="DateArchive_AllLoggersTransferToCurrentLogFile" time="0.0001873" result="Fail">
        <failure exception-type="System.ArgumentException">
          <message><![CDATA[System.ArgumentException : LayoutRenderer cannot be found: 'longdate']]></message>
          <stack-trace><![CDATA[   at NLog.Config.Factory`2.CreateInstance(String name) in C:\dev\NLog\src\NLog\Config\Factory.cs:line 199
   at NLog.Layouts.LayoutParser.ParseLayoutRenderer(ConfigurationItemFactory configurationItemFactory, SimpleStringReader sr) in C:\dev\NLog\src\NLog\Layouts\LayoutParser.cs:line 345
   at NLog.Layouts.LayoutParser.CompileLayout(ConfigurationItemFactory configurationItemFactory, SimpleStringReader sr, Boolean isNested, String& text) in C:\dev\NLog\src\NLog\Layouts\LayoutParser.cs:line 108
   at NLog.Layouts.SimpleLayout.set_Text(String value) in C:\dev\NLog\src\NLog\Layouts\SimpleLayout.cs:line 119
   at NLog.Layouts.SimpleLayout..ctor(String txt, ConfigurationItemFactory configurationItemFactory) in C:\dev\NLog\src\NLog\Layouts\SimpleLayout.cs:line 88
   at NLog.Layouts.Layout.FromString(String layoutText, ConfigurationItemFactory configurationItemFactory) in C:\dev\NLog\src\NLog\Layouts\Layout.cs:line 104
   at NLog.Layouts.Layout.FromString(String layoutText) in C:\dev\NLog\src\NLog\Layouts\Layout.cs:line 93
   at NLog.Layouts.Layout.op_Implicit(String text) in C:\dev\NLog\src\NLog\Layouts\Layout.cs:line 83
   at NLog.Targets.TargetWithLayout..ctor() in C:\dev\NLog\src\NLog\Targets\TargetWithLayout.cs:line 54
   at NLog.Targets.TargetWithLayoutHeaderAndFooter..ctor() in C:\dev\NLog\src\NLog\Targets\TargetWithLayoutHeaderAndFooter.cs:line 50
   at NLog.Targets.FileTarget..ctor() in C:\dev\NLog\src\NLog\Targets\FileTarget.cs:line 167
   at NLog.UnitTests.Targets.FileTargetTests.DateArchive_AllLoggersTransferToCurrentLogFile(Boolean concurrentWrites, Boolean keepFileOpen, Boolean networkWrites, Boolean includeSequenceInArchive, Boolean enableArchiveCompression) in C:\dev\NLog\tests\NLog.UnitTests\Targets\FileTargetTests.cs:line 1048]]></stack-trace>
        </failure>
      </test>
      <test name="NLog.UnitTests.Targets.PlainFileTargetTests.DateArchive_AllLoggersTransferToCurrentLogFile(concurrentWrites: True, keepFileOpen: False, networkWrites: True, includeSequenceInArchive: False, enableArchiveCompression: False)" type="NLog.UnitTests.Targets.PlainFileTargetTests" method="DateArchive_AllLoggersTransferToCurrentLogFile" time="0.0001798" result="Fail">
        <failure exception-type="System.ArgumentException">
          <message><![CDATA[System.ArgumentException : LayoutRenderer cannot be found: 'longdate']]></message>
          <stack-trace><![CDATA[   at NLog.Config.Factory`2.CreateInstance(String name) in C:\dev\NLog\src\NLog\Config\Factory.cs:line 199
   at NLog.Layouts.LayoutParser.ParseLayoutRenderer(ConfigurationItemFactory configurationItemFactory, SimpleStringReader sr) in C:\dev\NLog\src\NLog\Layouts\LayoutParser.cs:line 345
   at NLog.Layouts.LayoutParser.CompileLayout(ConfigurationItemFactory configurationItemFactory, SimpleStringReader sr, Boolean isNested, String& text) in C:\dev\NLog\src\NLog\Layouts\LayoutParser.cs:line 108
   at NLog.Layouts.SimpleLayout.set_Text(String value) in C:\dev\NLog\src\NLog\Layouts\SimpleLayout.cs:line 119
   at NLog.Layouts.SimpleLayout..ctor(String txt, ConfigurationItemFactory configurationItemFactory) in C:\dev\NLog\src\NLog\Layouts\SimpleLayout.cs:line 88
   at NLog.Layouts.Layout.FromString(String layoutText, ConfigurationItemFactory configurationItemFactory) in C:\dev\NLog\src\NLog\Layouts\Layout.cs:line 104
   at NLog.Layouts.Layout.FromString(String layoutText) in C:\dev\NLog\src\NLog\Layouts\Layout.cs:line 93
   at NLog.Layouts.Layout.op_Implicit(String text) in C:\dev\NLog\src\NLog\Layouts\Layout.cs:line 83
   at NLog.Targets.TargetWithLayout..ctor() in C:\dev\NLog\src\NLog\Targets\TargetWithLayout.cs:line 54
   at NLog.Targets.TargetWithLayoutHeaderAndFooter..ctor() in C:\dev\NLog\src\NLog\Targets\TargetWithLayoutHeaderAndFooter.cs:line 50
   at NLog.Targets.FileTarget..ctor() in C:\dev\NLog\src\NLog\Targets\FileTarget.cs:line 167
   at NLog.UnitTests.Targets.FileTargetTests.DateArchive_AllLoggersTransferToCurrentLogFile(Boolean concurrentWrites, Boolean keepFileOpen, Boolean networkWrites, Boolean includeSequenceInArchive, Boolean enableArchiveCompression) in C:\dev\NLog\tests\NLog.UnitTests\Targets\FileTargetTests.cs:line 1048]]></stack-trace>
        </failure>
      </test>
      <test name="NLog.UnitTests.Targets.PlainFileTargetTests.DateArchive_AllLoggersTransferToCurrentLogFile(concurrentWrites: True, keepFileOpen: False, networkWrites: False, includeSequenceInArchive: True, enableArchiveCompression: True)" type="NLog.UnitTests.Targets.PlainFileTargetTests" method="DateArchive_AllLoggersTransferToCurrentLogFile" time="0.0001748" result="Fail">
        <failure exception-type="System.ArgumentException">
          <message><![CDATA[System.ArgumentException : LayoutRenderer cannot be found: 'longdate']]></message>
          <stack-trace><![CDATA[   at NLog.Config.Factory`2.CreateInstance(String name) in C:\dev\NLog\src\NLog\Config\Factory.cs:line 199
   at NLog.Layouts.LayoutParser.ParseLayoutRenderer(ConfigurationItemFactory configurationItemFactory, SimpleStringReader sr) in C:\dev\NLog\src\NLog\Layouts\LayoutParser.cs:line 345
   at NLog.Layouts.LayoutParser.CompileLayout(ConfigurationItemFactory configurationItemFactory, SimpleStringReader sr, Boolean isNested, String& text) in C:\dev\NLog\src\NLog\Layouts\LayoutParser.cs:line 108
   at NLog.Layouts.SimpleLayout.set_Text(String value) in C:\dev\NLog\src\NLog\Layouts\SimpleLayout.cs:line 119
   at NLog.Layouts.SimpleLayout..ctor(String txt, ConfigurationItemFactory configurationItemFactory) in C:\dev\NLog\src\NLog\Layouts\SimpleLayout.cs:line 88
   at NLog.Layouts.Layout.FromString(String layoutText, ConfigurationItemFactory configurationItemFactory) in C:\dev\NLog\src\NLog\Layouts\Layout.cs:line 104
   at NLog.Layouts.Layout.FromString(String layoutText) in C:\dev\NLog\src\NLog\Layouts\Layout.cs:line 93
   at NLog.Layouts.Layout.op_Implicit(String text) in C:\dev\NLog\src\NLog\Layouts\Layout.cs:line 83
   at NLog.Targets.TargetWithLayout..ctor() in C:\dev\NLog\src\NLog\Targets\TargetWithLayout.cs:line 54
   at NLog.Targets.TargetWithLayoutHeaderAndFooter..ctor() in C:\dev\NLog\src\NLog\Targets\TargetWithLayoutHeaderAndFooter.cs:line 50
   at NLog.Targets.FileTarget..ctor() in C:\dev\NLog\src\NLog\Targets\FileTarget.cs:line 167
   at NLog.UnitTests.Targets.FileTargetTests.DateArchive_AllLoggersTransferToCurrentLogFile(Boolean concurrentWrites, Boolean keepFileOpen, Boolean networkWrites, Boolean includeSequenceInArchive, Boolean enableArchiveCompression) in C:\dev\NLog\tests\NLog.UnitTests\Targets\FileTargetTests.cs:line 1048]]></stack-trace>
        </failure>
      </test>
      <test name="NLog.UnitTests.Targets.PlainFileTargetTests.DateArchive_AllLoggersTransferToCurrentLogFile(concurrentWrites: True, keepFileOpen: False, networkWrites: False, includeSequenceInArchive: True, enableArchiveCompression: False)" type="NLog.UnitTests.Targets.PlainFileTargetTests" method="DateArchive_AllLoggersTransferToCurrentLogFile" time="0.0001764" result="Fail">
        <failure exception-type="System.ArgumentException">
          <message><![CDATA[System.ArgumentException : LayoutRenderer cannot be found: 'longdate']]></message>
          <stack-trace><![CDATA[   at NLog.Config.Factory`2.CreateInstance(String name) in C:\dev\NLog\src\NLog\Config\Factory.cs:line 199
   at NLog.Layouts.LayoutParser.ParseLayoutRenderer(ConfigurationItemFactory configurationItemFactory, SimpleStringReader sr) in C:\dev\NLog\src\NLog\Layouts\LayoutParser.cs:line 345
   at NLog.Layouts.LayoutParser.CompileLayout(ConfigurationItemFactory configurationItemFactory, SimpleStringReader sr, Boolean isNested, String& text) in C:\dev\NLog\src\NLog\Layouts\LayoutParser.cs:line 108
   at NLog.Layouts.SimpleLayout.set_Text(String value) in C:\dev\NLog\src\NLog\Layouts\SimpleLayout.cs:line 119
   at NLog.Layouts.SimpleLayout..ctor(String txt, ConfigurationItemFactory configurationItemFactory) in C:\dev\NLog\src\NLog\Layouts\SimpleLayout.cs:line 88
   at NLog.Layouts.Layout.FromString(String layoutText, ConfigurationItemFactory configurationItemFactory) in C:\dev\NLog\src\NLog\Layouts\Layout.cs:line 104
   at NLog.Layouts.Layout.FromString(String layoutText) in C:\dev\NLog\src\NLog\Layouts\Layout.cs:line 93
   at NLog.Layouts.Layout.op_Implicit(String text) in C:\dev\NLog\src\NLog\Layouts\Layout.cs:line 83
   at NLog.Targets.TargetWithLayout..ctor() in C:\dev\NLog\src\NLog\Targets\TargetWithLayout.cs:line 54
   at NLog.Targets.TargetWithLayoutHeaderAndFooter..ctor() in C:\dev\NLog\src\NLog\Targets\TargetWithLayoutHeaderAndFooter.cs:line 50
   at NLog.Targets.FileTarget..ctor() in C:\dev\NLog\src\NLog\Targets\FileTarget.cs:line 167
   at NLog.UnitTests.Targets.FileTargetTests.DateArchive_AllLoggersTransferToCurrentLogFile(Boolean concurrentWrites, Boolean keepFileOpen, Boolean networkWrites, Boolean includeSequenceInArchive, Boolean enableArchiveCompression) in C:\dev\NLog\tests\NLog.UnitTests\Targets\FileTargetTests.cs:line 1048]]></stack-trace>
        </failure>
      </test>
      <test name="NLog.UnitTests.Targets.PlainFileTargetTests.DateArchive_AllLoggersTransferToCurrentLogFile(concurrentWrites: True, keepFileOpen: False, networkWrites: False, includeSequenceInArchive: False, enableArchiveCompression: True)" type="NLog.UnitTests.Targets.PlainFileTargetTests" method="DateArchive_AllLoggersTransferToCurrentLogFile" time="0.0001761" result="Fail">
        <failure exception-type="System.ArgumentException">
          <message><![CDATA[System.ArgumentException : LayoutRenderer cannot be found: 'longdate']]></message>
          <stack-trace><![CDATA[   at NLog.Config.Factory`2.CreateInstance(String name) in C:\dev\NLog\src\NLog\Config\Factory.cs:line 199
   at NLog.Layouts.LayoutParser.ParseLayoutRenderer(ConfigurationItemFactory configurationItemFactory, SimpleStringReader sr) in C:\dev\NLog\src\NLog\Layouts\LayoutParser.cs:line 345
   at NLog.Layouts.LayoutParser.CompileLayout(ConfigurationItemFactory configurationItemFactory, SimpleStringReader sr, Boolean isNested, String& text) in C:\dev\NLog\src\NLog\Layouts\LayoutParser.cs:line 108
   at NLog.Layouts.SimpleLayout.set_Text(String value) in C:\dev\NLog\src\NLog\Layouts\SimpleLayout.cs:line 119
   at NLog.Layouts.SimpleLayout..ctor(String txt, ConfigurationItemFactory configurationItemFactory) in C:\dev\NLog\src\NLog\Layouts\SimpleLayout.cs:line 88
   at NLog.Layouts.Layout.FromString(String layoutText, ConfigurationItemFactory configurationItemFactory) in C:\dev\NLog\src\NLog\Layouts\Layout.cs:line 104
   at NLog.Layouts.Layout.FromString(String layoutText) in C:\dev\NLog\src\NLog\Layouts\Layout.cs:line 93
   at NLog.Layouts.Layout.op_Implicit(String text) in C:\dev\NLog\src\NLog\Layouts\Layout.cs:line 83
   at NLog.Targets.TargetWithLayout..ctor() in C:\dev\NLog\src\NLog\Targets\TargetWithLayout.cs:line 54
   at NLog.Targets.TargetWithLayoutHeaderAndFooter..ctor() in C:\dev\NLog\src\NLog\Targets\TargetWithLayoutHeaderAndFooter.cs:line 50
   at NLog.Targets.FileTarget..ctor() in C:\dev\NLog\src\NLog\Targets\FileTarget.cs:line 167
   at NLog.UnitTests.Targets.FileTargetTests.DateArchive_AllLoggersTransferToCurrentLogFile(Boolean concurrentWrites, Boolean keepFileOpen, Boolean networkWrites, Boolean includeSequenceInArchive, Boolean enableArchiveCompression) in C:\dev\NLog\tests\NLog.UnitTests\Targets\FileTargetTests.cs:line 1048]]></stack-trace>
        </failure>
      </test>
      <test name="NLog.UnitTests.Targets.PlainFileTargetTests.DateArchive_AllLoggersTransferToCurrentLogFile(concurrentWrites: True, keepFileOpen: False, networkWrites: False, includeSequenceInArchive: False, enableArchiveCompression: False)" type="NLog.UnitTests.Targets.PlainFileTargetTests" method="DateArchive_AllLoggersTransferToCurrentLogFile" time="0.0001926" result="Fail">
        <failure exception-type="System.ArgumentException">
          <message><![CDATA[System.ArgumentException : LayoutRenderer cannot be found: 'longdate']]></message>
          <stack-trace><![CDATA[   at NLog.Config.Factory`2.CreateInstance(String name) in C:\dev\NLog\src\NLog\Config\Factory.cs:line 199
   at NLog.Layouts.LayoutParser.ParseLayoutRenderer(ConfigurationItemFactory configurationItemFactory, SimpleStringReader sr) in C:\dev\NLog\src\NLog\Layouts\LayoutParser.cs:line 345
   at NLog.Layouts.LayoutParser.CompileLayout(ConfigurationItemFactory configurationItemFactory, SimpleStringReader sr, Boolean isNested, String& text) in C:\dev\NLog\src\NLog\Layouts\LayoutParser.cs:line 108
   at NLog.Layouts.SimpleLayout.set_Text(String value) in C:\dev\NLog\src\NLog\Layouts\SimpleLayout.cs:line 119
   at NLog.Layouts.SimpleLayout..ctor(String txt, ConfigurationItemFactory configurationItemFactory) in C:\dev\NLog\src\NLog\Layouts\SimpleLayout.cs:line 88
   at NLog.Layouts.Layout.FromString(String layoutText, ConfigurationItemFactory configurationItemFactory) in C:\dev\NLog\src\NLog\Layouts\Layout.cs:line 104
   at NLog.Layouts.Layout.FromString(String layoutText) in C:\dev\NLog\src\NLog\Layouts\Layout.cs:line 93
   at NLog.Layouts.Layout.op_Implicit(String text) in C:\dev\NLog\src\NLog\Layouts\Layout.cs:line 83
   at NLog.Targets.TargetWithLayout..ctor() in C:\dev\NLog\src\NLog\Targets\TargetWithLayout.cs:line 54
   at NLog.Targets.TargetWithLayoutHeaderAndFooter..ctor() in C:\dev\NLog\src\NLog\Targets\TargetWithLayoutHeaderAndFooter.cs:line 50
   at NLog.Targets.FileTarget..ctor() in C:\dev\NLog\src\NLog\Targets\FileTarget.cs:line 167
   at NLog.UnitTests.Targets.FileTargetTests.DateArchive_AllLoggersTransferToCurrentLogFile(Boolean concurrentWrites, Boolean keepFileOpen, Boolean networkWrites, Boolean includeSequenceInArchive, Boolean enableArchiveCompression) in C:\dev\NLog\tests\NLog.UnitTests\Targets\FileTargetTests.cs:line 1048]]></stack-trace>
        </failure>
      </test>
      <test name="NLog.UnitTests.Targets.PlainFileTargetTests.DateArchive_AllLoggersTransferToCurrentLogFile(concurrentWrites: False, keepFileOpen: True, networkWrites: True, includeSequenceInArchive: True, enableArchiveCompression: True)" type="NLog.UnitTests.Targets.PlainFileTargetTests" method="DateArchive_AllLoggersTransferToCurrentLogFile" time="0.000178" result="Fail">
        <failure exception-type="System.ArgumentException">
          <message><![CDATA[System.ArgumentException : LayoutRenderer cannot be found: 'longdate']]></message>
          <stack-trace><![CDATA[   at NLog.Config.Factory`2.CreateInstance(String name) in C:\dev\NLog\src\NLog\Config\Factory.cs:line 199
   at NLog.Layouts.LayoutParser.ParseLayoutRenderer(ConfigurationItemFactory configurationItemFactory, SimpleStringReader sr) in C:\dev\NLog\src\NLog\Layouts\LayoutParser.cs:line 345
   at NLog.Layouts.LayoutParser.CompileLayout(ConfigurationItemFactory configurationItemFactory, SimpleStringReader sr, Boolean isNested, String& text) in C:\dev\NLog\src\NLog\Layouts\LayoutParser.cs:line 108
   at NLog.Layouts.SimpleLayout.set_Text(String value) in C:\dev\NLog\src\NLog\Layouts\SimpleLayout.cs:line 119
   at NLog.Layouts.SimpleLayout..ctor(String txt, ConfigurationItemFactory configurationItemFactory) in C:\dev\NLog\src\NLog\Layouts\SimpleLayout.cs:line 88
   at NLog.Layouts.Layout.FromString(String layoutText, ConfigurationItemFactory configurationItemFactory) in C:\dev\NLog\src\NLog\Layouts\Layout.cs:line 104
   at NLog.Layouts.Layout.FromString(String layoutText) in C:\dev\NLog\src\NLog\Layouts\Layout.cs:line 93
   at NLog.Layouts.Layout.op_Implicit(String text) in C:\dev\NLog\src\NLog\Layouts\Layout.cs:line 83
   at NLog.Targets.TargetWithLayout..ctor() in C:\dev\NLog\src\NLog\Targets\TargetWithLayout.cs:line 54
   at NLog.Targets.TargetWithLayoutHeaderAndFooter..ctor() in C:\dev\NLog\src\NLog\Targets\TargetWithLayoutHeaderAndFooter.cs:line 50
   at NLog.Targets.FileTarget..ctor() in C:\dev\NLog\src\NLog\Targets\FileTarget.cs:line 167
   at NLog.UnitTests.Targets.FileTargetTests.DateArchive_AllLoggersTransferToCurrentLogFile(Boolean concurrentWrites, Boolean keepFileOpen, Boolean networkWrites, Boolean includeSequenceInArchive, Boolean enableArchiveCompression) in C:\dev\NLog\tests\NLog.UnitTests\Targets\FileTargetTests.cs:line 1048]]></stack-trace>
        </failure>
      </test>
      <test name="NLog.UnitTests.Targets.PlainFileTargetTests.DateArchive_AllLoggersTransferToCurrentLogFile(concurrentWrites: False, keepFileOpen: True, networkWrites: True, includeSequenceInArchive: True, enableArchiveCompression: False)" type="NLog.UnitTests.Targets.PlainFileTargetTests" method="DateArchive_AllLoggersTransferToCurrentLogFile" time="0.0001745" result="Fail">
        <failure exception-type="System.ArgumentException">
          <message><![CDATA[System.ArgumentException : LayoutRenderer cannot be found: 'longdate']]></message>
          <stack-trace><![CDATA[   at NLog.Config.Factory`2.CreateInstance(String name) in C:\dev\NLog\src\NLog\Config\Factory.cs:line 199
   at NLog.Layouts.LayoutParser.ParseLayoutRenderer(ConfigurationItemFactory configurationItemFactory, SimpleStringReader sr) in C:\dev\NLog\src\NLog\Layouts\LayoutParser.cs:line 345
   at NLog.Layouts.LayoutParser.CompileLayout(ConfigurationItemFactory configurationItemFactory, SimpleStringReader sr, Boolean isNested, String& text) in C:\dev\NLog\src\NLog\Layouts\LayoutParser.cs:line 108
   at NLog.Layouts.SimpleLayout.set_Text(String value) in C:\dev\NLog\src\NLog\Layouts\SimpleLayout.cs:line 119
   at NLog.Layouts.SimpleLayout..ctor(String txt, ConfigurationItemFactory configurationItemFactory) in C:\dev\NLog\src\NLog\Layouts\SimpleLayout.cs:line 88
   at NLog.Layouts.Layout.FromString(String layoutText, ConfigurationItemFactory configurationItemFactory) in C:\dev\NLog\src\NLog\Layouts\Layout.cs:line 104
   at NLog.Layouts.Layout.FromString(String layoutText) in C:\dev\NLog\src\NLog\Layouts\Layout.cs:line 93
   at NLog.Layouts.Layout.op_Implicit(String text) in C:\dev\NLog\src\NLog\Layouts\Layout.cs:line 83
   at NLog.Targets.TargetWithLayout..ctor() in C:\dev\NLog\src\NLog\Targets\TargetWithLayout.cs:line 54
   at NLog.Targets.TargetWithLayoutHeaderAndFooter..ctor() in C:\dev\NLog\src\NLog\Targets\TargetWithLayoutHeaderAndFooter.cs:line 50
   at NLog.Targets.FileTarget..ctor() in C:\dev\NLog\src\NLog\Targets\FileTarget.cs:line 167
   at NLog.UnitTests.Targets.FileTargetTests.DateArchive_AllLoggersTransferToCurrentLogFile(Boolean concurrentWrites, Boolean keepFileOpen, Boolean networkWrites, Boolean includeSequenceInArchive, Boolean enableArchiveCompression) in C:\dev\NLog\tests\NLog.UnitTests\Targets\FileTargetTests.cs:line 1048]]></stack-trace>
        </failure>
      </test>
      <test name="NLog.UnitTests.Targets.PlainFileTargetTests.DateArchive_AllLoggersTransferToCurrentLogFile(concurrentWrites: False, keepFileOpen: True, networkWrites: True, includeSequenceInArchive: False, enableArchiveCompression: True)" type="NLog.UnitTests.Targets.PlainFileTargetTests" method="DateArchive_AllLoggersTransferToCurrentLogFile" time="0.0001734" result="Fail">
        <failure exception-type="System.ArgumentException">
          <message><![CDATA[System.ArgumentException : LayoutRenderer cannot be found: 'longdate']]></message>
          <stack-trace><![CDATA[   at NLog.Config.Factory`2.CreateInstance(String name) in C:\dev\NLog\src\NLog\Config\Factory.cs:line 199
   at NLog.Layouts.LayoutParser.ParseLayoutRenderer(ConfigurationItemFactory configurationItemFactory, SimpleStringReader sr) in C:\dev\NLog\src\NLog\Layouts\LayoutParser.cs:line 345
   at NLog.Layouts.LayoutParser.CompileLayout(ConfigurationItemFactory configurationItemFactory, SimpleStringReader sr, Boolean isNested, String& text) in C:\dev\NLog\src\NLog\Layouts\LayoutParser.cs:line 108
   at NLog.Layouts.SimpleLayout.set_Text(String value) in C:\dev\NLog\src\NLog\Layouts\SimpleLayout.cs:line 119
   at NLog.Layouts.SimpleLayout..ctor(String txt, ConfigurationItemFactory configurationItemFactory) in C:\dev\NLog\src\NLog\Layouts\SimpleLayout.cs:line 88
   at NLog.Layouts.Layout.FromString(String layoutText, ConfigurationItemFactory configurationItemFactory) in C:\dev\NLog\src\NLog\Layouts\Layout.cs:line 104
   at NLog.Layouts.Layout.FromString(String layoutText) in C:\dev\NLog\src\NLog\Layouts\Layout.cs:line 93
   at NLog.Layouts.Layout.op_Implicit(String text) in C:\dev\NLog\src\NLog\Layouts\Layout.cs:line 83
   at NLog.Targets.TargetWithLayout..ctor() in C:\dev\NLog\src\NLog\Targets\TargetWithLayout.cs:line 54
   at NLog.Targets.TargetWithLayoutHeaderAndFooter..ctor() in C:\dev\NLog\src\NLog\Targets\TargetWithLayoutHeaderAndFooter.cs:line 50
   at NLog.Targets.FileTarget..ctor() in C:\dev\NLog\src\NLog\Targets\FileTarget.cs:line 167
   at NLog.UnitTests.Targets.FileTargetTests.DateArchive_AllLoggersTransferToCurrentLogFile(Boolean concurrentWrites, Boolean keepFileOpen, Boolean networkWrites, Boolean includeSequenceInArchive, Boolean enableArchiveCompression) in C:\dev\NLog\tests\NLog.UnitTests\Targets\FileTargetTests.cs:line 1048]]></stack-trace>
        </failure>
      </test>
      <test name="NLog.UnitTests.Targets.PlainFileTargetTests.DateArchive_AllLoggersTransferToCurrentLogFile(concurrentWrites: False, keepFileOpen: True, networkWrites: True, includeSequenceInArchive: False, enableArchiveCompression: False)" type="NLog.UnitTests.Targets.PlainFileTargetTests" method="DateArchive_AllLoggersTransferToCurrentLogFile" time="0.0002267" result="Fail">
        <failure exception-type="System.ArgumentException">
          <message><![CDATA[System.ArgumentException : LayoutRenderer cannot be found: 'longdate']]></message>
          <stack-trace><![CDATA[   at NLog.Config.Factory`2.CreateInstance(String name) in C:\dev\NLog\src\NLog\Config\Factory.cs:line 199
   at NLog.Layouts.LayoutParser.ParseLayoutRenderer(ConfigurationItemFactory configurationItemFactory, SimpleStringReader sr) in C:\dev\NLog\src\NLog\Layouts\LayoutParser.cs:line 345
   at NLog.Layouts.LayoutParser.CompileLayout(ConfigurationItemFactory configurationItemFactory, SimpleStringReader sr, Boolean isNested, String& text) in C:\dev\NLog\src\NLog\Layouts\LayoutParser.cs:line 108
   at NLog.Layouts.SimpleLayout.set_Text(String value) in C:\dev\NLog\src\NLog\Layouts\SimpleLayout.cs:line 119
   at NLog.Layouts.SimpleLayout..ctor(String txt, ConfigurationItemFactory configurationItemFactory) in C:\dev\NLog\src\NLog\Layouts\SimpleLayout.cs:line 88
   at NLog.Layouts.Layout.FromString(String layoutText, ConfigurationItemFactory configurationItemFactory) in C:\dev\NLog\src\NLog\Layouts\Layout.cs:line 104
   at NLog.Layouts.Layout.FromString(String layoutText) in C:\dev\NLog\src\NLog\Layouts\Layout.cs:line 93
   at NLog.Layouts.Layout.op_Implicit(String text) in C:\dev\NLog\src\NLog\Layouts\Layout.cs:line 83
   at NLog.Targets.TargetWithLayout..ctor() in C:\dev\NLog\src\NLog\Targets\TargetWithLayout.cs:line 54
   at NLog.Targets.TargetWithLayoutHeaderAndFooter..ctor() in C:\dev\NLog\src\NLog\Targets\TargetWithLayoutHeaderAndFooter.cs:line 50
   at NLog.Targets.FileTarget..ctor() in C:\dev\NLog\src\NLog\Targets\FileTarget.cs:line 167
   at NLog.UnitTests.Targets.FileTargetTests.DateArchive_AllLoggersTransferToCurrentLogFile(Boolean concurrentWrites, Boolean keepFileOpen, Boolean networkWrites, Boolean includeSequenceInArchive, Boolean enableArchiveCompression) in C:\dev\NLog\tests\NLog.UnitTests\Targets\FileTargetTests.cs:line 1048]]></stack-trace>
        </failure>
      </test>
      <test name="NLog.UnitTests.Targets.PlainFileTargetTests.DateArchive_AllLoggersTransferToCurrentLogFile(concurrentWrites: False, keepFileOpen: False, networkWrites: True, includeSequenceInArchive: True, enableArchiveCompression: True)" type="NLog.UnitTests.Targets.PlainFileTargetTests" method="DateArchive_AllLoggersTransferToCurrentLogFile" time="0.000194" result="Fail">
        <failure exception-type="System.ArgumentException">
          <message><![CDATA[System.ArgumentException : LayoutRenderer cannot be found: 'longdate']]></message>
          <stack-trace><![CDATA[   at NLog.Config.Factory`2.CreateInstance(String name) in C:\dev\NLog\src\NLog\Config\Factory.cs:line 199
   at NLog.Layouts.LayoutParser.ParseLayoutRenderer(ConfigurationItemFactory configurationItemFactory, SimpleStringReader sr) in C:\dev\NLog\src\NLog\Layouts\LayoutParser.cs:line 345
   at NLog.Layouts.LayoutParser.CompileLayout(ConfigurationItemFactory configurationItemFactory, SimpleStringReader sr, Boolean isNested, String& text) in C:\dev\NLog\src\NLog\Layouts\LayoutParser.cs:line 108
   at NLog.Layouts.SimpleLayout.set_Text(String value) in C:\dev\NLog\src\NLog\Layouts\SimpleLayout.cs:line 119
   at NLog.Layouts.SimpleLayout..ctor(String txt, ConfigurationItemFactory configurationItemFactory) in C:\dev\NLog\src\NLog\Layouts\SimpleLayout.cs:line 88
   at NLog.Layouts.Layout.FromString(String layoutText, ConfigurationItemFactory configurationItemFactory) in C:\dev\NLog\src\NLog\Layouts\Layout.cs:line 104
   at NLog.Layouts.Layout.FromString(String layoutText) in C:\dev\NLog\src\NLog\Layouts\Layout.cs:line 93
   at NLog.Layouts.Layout.op_Implicit(String text) in C:\dev\NLog\src\NLog\Layouts\Layout.cs:line 83
   at NLog.Targets.TargetWithLayout..ctor() in C:\dev\NLog\src\NLog\Targets\TargetWithLayout.cs:line 54
   at NLog.Targets.TargetWithLayoutHeaderAndFooter..ctor() in C:\dev\NLog\src\NLog\Targets\TargetWithLayoutHeaderAndFooter.cs:line 50
   at NLog.Targets.FileTarget..ctor() in C:\dev\NLog\src\NLog\Targets\FileTarget.cs:line 167
   at NLog.UnitTests.Targets.FileTargetTests.DateArchive_AllLoggersTransferToCurrentLogFile(Boolean concurrentWrites, Boolean keepFileOpen, Boolean networkWrites, Boolean includeSequenceInArchive, Boolean enableArchiveCompression) in C:\dev\NLog\tests\NLog.UnitTests\Targets\FileTargetTests.cs:line 1048]]></stack-trace>
        </failure>
      </test>
      <test name="NLog.UnitTests.Targets.PlainFileTargetTests.DateArchive_AllLoggersTransferToCurrentLogFile(concurrentWrites: False, keepFileOpen: False, networkWrites: True, includeSequenceInArchive: True, enableArchiveCompression: False)" type="NLog.UnitTests.Targets.PlainFileTargetTests" method="DateArchive_AllLoggersTransferToCurrentLogFile" time="0.0001862" result="Fail">
        <failure exception-type="System.ArgumentException">
          <message><![CDATA[System.ArgumentException : LayoutRenderer cannot be found: 'longdate']]></message>
          <stack-trace><![CDATA[   at NLog.Config.Factory`2.CreateInstance(String name) in C:\dev\NLog\src\NLog\Config\Factory.cs:line 199
   at NLog.Layouts.LayoutParser.ParseLayoutRenderer(ConfigurationItemFactory configurationItemFactory, SimpleStringReader sr) in C:\dev\NLog\src\NLog\Layouts\LayoutParser.cs:line 345
   at NLog.Layouts.LayoutParser.CompileLayout(ConfigurationItemFactory configurationItemFactory, SimpleStringReader sr, Boolean isNested, String& text) in C:\dev\NLog\src\NLog\Layouts\LayoutParser.cs:line 108
   at NLog.Layouts.SimpleLayout.set_Text(String value) in C:\dev\NLog\src\NLog\Layouts\SimpleLayout.cs:line 119
   at NLog.Layouts.SimpleLayout..ctor(String txt, ConfigurationItemFactory configurationItemFactory) in C:\dev\NLog\src\NLog\Layouts\SimpleLayout.cs:line 88
   at NLog.Layouts.Layout.FromString(String layoutText, ConfigurationItemFactory configurationItemFactory) in C:\dev\NLog\src\NLog\Layouts\Layout.cs:line 104
   at NLog.Layouts.Layout.FromString(String layoutText) in C:\dev\NLog\src\NLog\Layouts\Layout.cs:line 93
   at NLog.Layouts.Layout.op_Implicit(String text) in C:\dev\NLog\src\NLog\Layouts\Layout.cs:line 83
   at NLog.Targets.TargetWithLayout..ctor() in C:\dev\NLog\src\NLog\Targets\TargetWithLayout.cs:line 54
   at NLog.Targets.TargetWithLayoutHeaderAndFooter..ctor() in C:\dev\NLog\src\NLog\Targets\TargetWithLayoutHeaderAndFooter.cs:line 50
   at NLog.Targets.FileTarget..ctor() in C:\dev\NLog\src\NLog\Targets\FileTarget.cs:line 167
   at NLog.UnitTests.Targets.FileTargetTests.DateArchive_AllLoggersTransferToCurrentLogFile(Boolean concurrentWrites, Boolean keepFileOpen, Boolean networkWrites, Boolean includeSequenceInArchive, Boolean enableArchiveCompression) in C:\dev\NLog\tests\NLog.UnitTests\Targets\FileTargetTests.cs:line 1048]]></stack-trace>
        </failure>
      </test>
      <test name="NLog.UnitTests.Targets.PlainFileTargetTests.DateArchive_AllLoggersTransferToCurrentLogFile(concurrentWrites: False, keepFileOpen: False, networkWrites: True, includeSequenceInArchive: False, enableArchiveCompression: True)" type="NLog.UnitTests.Targets.PlainFileTargetTests" method="DateArchive_AllLoggersTransferToCurrentLogFile" time="0.0001834" result="Fail">
        <failure exception-type="System.ArgumentException">
          <message><![CDATA[System.ArgumentException : LayoutRenderer cannot be found: 'longdate']]></message>
          <stack-trace><![CDATA[   at NLog.Config.Factory`2.CreateInstance(String name) in C:\dev\NLog\src\NLog\Config\Factory.cs:line 199
   at NLog.Layouts.LayoutParser.ParseLayoutRenderer(ConfigurationItemFactory configurationItemFactory, SimpleStringReader sr) in C:\dev\NLog\src\NLog\Layouts\LayoutParser.cs:line 345
   at NLog.Layouts.LayoutParser.CompileLayout(ConfigurationItemFactory configurationItemFactory, SimpleStringReader sr, Boolean isNested, String& text) in C:\dev\NLog\src\NLog\Layouts\LayoutParser.cs:line 108
   at NLog.Layouts.SimpleLayout.set_Text(String value) in C:\dev\NLog\src\NLog\Layouts\SimpleLayout.cs:line 119
   at NLog.Layouts.SimpleLayout..ctor(String txt, ConfigurationItemFactory configurationItemFactory) in C:\dev\NLog\src\NLog\Layouts\SimpleLayout.cs:line 88
   at NLog.Layouts.Layout.FromString(String layoutText, ConfigurationItemFactory configurationItemFactory) in C:\dev\NLog\src\NLog\Layouts\Layout.cs:line 104
   at NLog.Layouts.Layout.FromString(String layoutText) in C:\dev\NLog\src\NLog\Layouts\Layout.cs:line 93
   at NLog.Layouts.Layout.op_Implicit(String text) in C:\dev\NLog\src\NLog\Layouts\Layout.cs:line 83
   at NLog.Targets.TargetWithLayout..ctor() in C:\dev\NLog\src\NLog\Targets\TargetWithLayout.cs:line 54
   at NLog.Targets.TargetWithLayoutHeaderAndFooter..ctor() in C:\dev\NLog\src\NLog\Targets\TargetWithLayoutHeaderAndFooter.cs:line 50
   at NLog.Targets.FileTarget..ctor() in C:\dev\NLog\src\NLog\Targets\FileTarget.cs:line 167
   at NLog.UnitTests.Targets.FileTargetTests.DateArchive_AllLoggersTransferToCurrentLogFile(Boolean concurrentWrites, Boolean keepFileOpen, Boolean networkWrites, Boolean includeSequenceInArchive, Boolean enableArchiveCompression) in C:\dev\NLog\tests\NLog.UnitTests\Targets\FileTargetTests.cs:line 1048]]></stack-trace>
        </failure>
      </test>
      <test name="NLog.UnitTests.Targets.PlainFileTargetTests.DateArchive_AllLoggersTransferToCurrentLogFile(concurrentWrites: False, keepFileOpen: False, networkWrites: True, includeSequenceInArchive: False, enableArchiveCompression: False)" type="NLog.UnitTests.Targets.PlainFileTargetTests" method="DateArchive_AllLoggersTransferToCurrentLogFile" time="0.000178" result="Fail">
        <failure exception-type="System.ArgumentException">
          <message><![CDATA[System.ArgumentException : LayoutRenderer cannot be found: 'longdate']]></message>
          <stack-trace><![CDATA[   at NLog.Config.Factory`2.CreateInstance(String name) in C:\dev\NLog\src\NLog\Config\Factory.cs:line 199
   at NLog.Layouts.LayoutParser.ParseLayoutRenderer(ConfigurationItemFactory configurationItemFactory, SimpleStringReader sr) in C:\dev\NLog\src\NLog\Layouts\LayoutParser.cs:line 345
   at NLog.Layouts.LayoutParser.CompileLayout(ConfigurationItemFactory configurationItemFactory, SimpleStringReader sr, Boolean isNested, String& text) in C:\dev\NLog\src\NLog\Layouts\LayoutParser.cs:line 108
   at NLog.Layouts.SimpleLayout.set_Text(String value) in C:\dev\NLog\src\NLog\Layouts\SimpleLayout.cs:line 119
   at NLog.Layouts.SimpleLayout..ctor(String txt, ConfigurationItemFactory configurationItemFactory) in C:\dev\NLog\src\NLog\Layouts\SimpleLayout.cs:line 88
   at NLog.Layouts.Layout.FromString(String layoutText, ConfigurationItemFactory configurationItemFactory) in C:\dev\NLog\src\NLog\Layouts\Layout.cs:line 104
   at NLog.Layouts.Layout.FromString(String layoutText) in C:\dev\NLog\src\NLog\Layouts\Layout.cs:line 93
   at NLog.Layouts.Layout.op_Implicit(String text) in C:\dev\NLog\src\NLog\Layouts\Layout.cs:line 83
   at NLog.Targets.TargetWithLayout..ctor() in C:\dev\NLog\src\NLog\Targets\TargetWithLayout.cs:line 54
   at NLog.Targets.TargetWithLayoutHeaderAndFooter..ctor() in C:\dev\NLog\src\NLog\Targets\TargetWithLayoutHeaderAndFooter.cs:line 50
   at NLog.Targets.FileTarget..ctor() in C:\dev\NLog\src\NLog\Targets\FileTarget.cs:line 167
   at NLog.UnitTests.Targets.FileTargetTests.DateArchive_AllLoggersTransferToCurrentLogFile(Boolean concurrentWrites, Boolean keepFileOpen, Boolean networkWrites, Boolean includeSequenceInArchive, Boolean enableArchiveCompression) in C:\dev\NLog\tests\NLog.UnitTests\Targets\FileTargetTests.cs:line 1048]]></stack-trace>
        </failure>
      </test>
      <test name="NLog.UnitTests.Targets.PlainFileTargetTests.DateArchive_AllLoggersTransferToCurrentLogFile(concurrentWrites: False, keepFileOpen: False, networkWrites: False, includeSequenceInArchive: True, enableArchiveCompression: True)" type="NLog.UnitTests.Targets.PlainFileTargetTests" method="DateArchive_AllLoggersTransferToCurrentLogFile" time="0.0003043" result="Fail">
        <failure exception-type="System.ArgumentException">
          <message><![CDATA[System.ArgumentException : LayoutRenderer cannot be found: 'longdate']]></message>
          <stack-trace><![CDATA[   at NLog.Config.Factory`2.CreateInstance(String name) in C:\dev\NLog\src\NLog\Config\Factory.cs:line 199
   at NLog.Layouts.LayoutParser.ParseLayoutRenderer(ConfigurationItemFactory configurationItemFactory, SimpleStringReader sr) in C:\dev\NLog\src\NLog\Layouts\LayoutParser.cs:line 345
   at NLog.Layouts.LayoutParser.CompileLayout(ConfigurationItemFactory configurationItemFactory, SimpleStringReader sr, Boolean isNested, String& text) in C:\dev\NLog\src\NLog\Layouts\LayoutParser.cs:line 108
   at NLog.Layouts.SimpleLayout.set_Text(String value) in C:\dev\NLog\src\NLog\Layouts\SimpleLayout.cs:line 119
   at NLog.Layouts.SimpleLayout..ctor(String txt, ConfigurationItemFactory configurationItemFactory) in C:\dev\NLog\src\NLog\Layouts\SimpleLayout.cs:line 88
   at NLog.Layouts.Layout.FromString(String layoutText, ConfigurationItemFactory configurationItemFactory) in C:\dev\NLog\src\NLog\Layouts\Layout.cs:line 104
   at NLog.Layouts.Layout.FromString(String layoutText) in C:\dev\NLog\src\NLog\Layouts\Layout.cs:line 93
   at NLog.Layouts.Layout.op_Implicit(String text) in C:\dev\NLog\src\NLog\Layouts\Layout.cs:line 83
   at NLog.Targets.TargetWithLayout..ctor() in C:\dev\NLog\src\NLog\Targets\TargetWithLayout.cs:line 54
   at NLog.Targets.TargetWithLayoutHeaderAndFooter..ctor() in C:\dev\NLog\src\NLog\Targets\TargetWithLayoutHeaderAndFooter.cs:line 50
   at NLog.Targets.FileTarget..ctor() in C:\dev\NLog\src\NLog\Targets\FileTarget.cs:line 167
   at NLog.UnitTests.Targets.FileTargetTests.DateArchive_AllLoggersTransferToCurrentLogFile(Boolean concurrentWrites, Boolean keepFileOpen, Boolean networkWrites, Boolean includeSequenceInArchive, Boolean enableArchiveCompression) in C:\dev\NLog\tests\NLog.UnitTests\Targets\FileTargetTests.cs:line 1048]]></stack-trace>
        </failure>
      </test>
      <test name="NLog.UnitTests.Targets.PlainFileTargetTests.DateArchive_AllLoggersTransferToCurrentLogFile(concurrentWrites: False, keepFileOpen: False, networkWrites: False, includeSequenceInArchive: True, enableArchiveCompression: False)" type="NLog.UnitTests.Targets.PlainFileTargetTests" method="DateArchive_AllLoggersTransferToCurrentLogFile" time="0.0012263" result="Fail">
        <failure exception-type="System.ArgumentException">
          <message><![CDATA[System.ArgumentException : LayoutRenderer cannot be found: 'longdate']]></message>
          <stack-trace><![CDATA[   at NLog.Config.Factory`2.CreateInstance(String name) in C:\dev\NLog\src\NLog\Config\Factory.cs:line 199
   at NLog.Layouts.LayoutParser.ParseLayoutRenderer(ConfigurationItemFactory configurationItemFactory, SimpleStringReader sr) in C:\dev\NLog\src\NLog\Layouts\LayoutParser.cs:line 345
   at NLog.Layouts.LayoutParser.CompileLayout(ConfigurationItemFactory configurationItemFactory, SimpleStringReader sr, Boolean isNested, String& text) in C:\dev\NLog\src\NLog\Layouts\LayoutParser.cs:line 108
   at NLog.Layouts.SimpleLayout.set_Text(String value) in C:\dev\NLog\src\NLog\Layouts\SimpleLayout.cs:line 119
   at NLog.Layouts.SimpleLayout..ctor(String txt, ConfigurationItemFactory configurationItemFactory) in C:\dev\NLog\src\NLog\Layouts\SimpleLayout.cs:line 88
   at NLog.Layouts.Layout.FromString(String layoutText, ConfigurationItemFactory configurationItemFactory) in C:\dev\NLog\src\NLog\Layouts\Layout.cs:line 104
   at NLog.Layouts.Layout.FromString(String layoutText) in C:\dev\NLog\src\NLog\Layouts\Layout.cs:line 93
   at NLog.Layouts.Layout.op_Implicit(String text) in C:\dev\NLog\src\NLog\Layouts\Layout.cs:line 83
   at NLog.Targets.TargetWithLayout..ctor() in C:\dev\NLog\src\NLog\Targets\TargetWithLayout.cs:line 54
   at NLog.Targets.TargetWithLayoutHeaderAndFooter..ctor() in C:\dev\NLog\src\NLog\Targets\TargetWithLayoutHeaderAndFooter.cs:line 50
   at NLog.Targets.FileTarget..ctor() in C:\dev\NLog\src\NLog\Targets\FileTarget.cs:line 167
   at NLog.UnitTests.Targets.FileTargetTests.DateArchive_AllLoggersTransferToCurrentLogFile(Boolean concurrentWrites, Boolean keepFileOpen, Boolean networkWrites, Boolean includeSequenceInArchive, Boolean enableArchiveCompression) in C:\dev\NLog\tests\NLog.UnitTests\Targets\FileTargetTests.cs:line 1048]]></stack-trace>
        </failure>
      </test>
      <test name="NLog.UnitTests.Targets.PlainFileTargetTests.DateArchive_AllLoggersTransferToCurrentLogFile(concurrentWrites: False, keepFileOpen: False, networkWrites: False, includeSequenceInArchive: False, enableArchiveCompression: True)" type="NLog.UnitTests.Targets.PlainFileTargetTests" method="DateArchive_AllLoggersTransferToCurrentLogFile" time="0.0006493" result="Fail">
        <failure exception-type="System.ArgumentException">
          <message><![CDATA[System.ArgumentException : LayoutRenderer cannot be found: 'longdate']]></message>
          <stack-trace><![CDATA[   at NLog.Config.Factory`2.CreateInstance(String name) in C:\dev\NLog\src\NLog\Config\Factory.cs:line 199
   at NLog.Layouts.LayoutParser.ParseLayoutRenderer(ConfigurationItemFactory configurationItemFactory, SimpleStringReader sr) in C:\dev\NLog\src\NLog\Layouts\LayoutParser.cs:line 345
   at NLog.Layouts.LayoutParser.CompileLayout(ConfigurationItemFactory configurationItemFactory, SimpleStringReader sr, Boolean isNested, String& text) in C:\dev\NLog\src\NLog\Layouts\LayoutParser.cs:line 108
   at NLog.Layouts.SimpleLayout.set_Text(String value) in C:\dev\NLog\src\NLog\Layouts\SimpleLayout.cs:line 119
   at NLog.Layouts.SimpleLayout..ctor(String txt, ConfigurationItemFactory configurationItemFactory) in C:\dev\NLog\src\NLog\Layouts\SimpleLayout.cs:line 88
   at NLog.Layouts.Layout.FromString(String layoutText, ConfigurationItemFactory configurationItemFactory) in C:\dev\NLog\src\NLog\Layouts\Layout.cs:line 104
   at NLog.Layouts.Layout.FromString(String layoutText) in C:\dev\NLog\src\NLog\Layouts\Layout.cs:line 93
   at NLog.Layouts.Layout.op_Implicit(String text) in C:\dev\NLog\src\NLog\Layouts\Layout.cs:line 83
   at NLog.Targets.TargetWithLayout..ctor() in C:\dev\NLog\src\NLog\Targets\TargetWithLayout.cs:line 54
   at NLog.Targets.TargetWithLayoutHeaderAndFooter..ctor() in C:\dev\NLog\src\NLog\Targets\TargetWithLayoutHeaderAndFooter.cs:line 50
   at NLog.Targets.FileTarget..ctor() in C:\dev\NLog\src\NLog\Targets\FileTarget.cs:line 167
   at NLog.UnitTests.Targets.FileTargetTests.DateArchive_AllLoggersTransferToCurrentLogFile(Boolean concurrentWrites, Boolean keepFileOpen, Boolean networkWrites, Boolean includeSequenceInArchive, Boolean enableArchiveCompression) in C:\dev\NLog\tests\NLog.UnitTests\Targets\FileTargetTests.cs:line 1048]]></stack-trace>
        </failure>
      </test>
      <test name="NLog.UnitTests.Targets.PlainFileTargetTests.DateArchive_AllLoggersTransferToCurrentLogFile(concurrentWrites: False, keepFileOpen: False, networkWrites: False, includeSequenceInArchive: False, enableArchiveCompression: False)" type="NLog.UnitTests.Targets.PlainFileTargetTests" method="DateArchive_AllLoggersTransferToCurrentLogFile" time="0.0005152" result="Fail">
        <failure exception-type="System.ArgumentException">
          <message><![CDATA[System.ArgumentException : LayoutRenderer cannot be found: 'longdate']]></message>
          <stack-trace><![CDATA[   at NLog.Config.Factory`2.CreateInstance(String name) in C:\dev\NLog\src\NLog\Config\Factory.cs:line 199
   at NLog.Layouts.LayoutParser.ParseLayoutRenderer(ConfigurationItemFactory configurationItemFactory, SimpleStringReader sr) in C:\dev\NLog\src\NLog\Layouts\LayoutParser.cs:line 345
   at NLog.Layouts.LayoutParser.CompileLayout(ConfigurationItemFactory configurationItemFactory, SimpleStringReader sr, Boolean isNested, String& text) in C:\dev\NLog\src\NLog\Layouts\LayoutParser.cs:line 108
   at NLog.Layouts.SimpleLayout.set_Text(String value) in C:\dev\NLog\src\NLog\Layouts\SimpleLayout.cs:line 119
   at NLog.Layouts.SimpleLayout..ctor(String txt, ConfigurationItemFactory configurationItemFactory) in C:\dev\NLog\src\NLog\Layouts\SimpleLayout.cs:line 88
   at NLog.Layouts.Layout.FromString(String layoutText, ConfigurationItemFactory configurationItemFactory) in C:\dev\NLog\src\NLog\Layouts\Layout.cs:line 104
   at NLog.Layouts.Layout.FromString(String layoutText) in C:\dev\NLog\src\NLog\Layouts\Layout.cs:line 93
   at NLog.Layouts.Layout.op_Implicit(String text) in C:\dev\NLog\src\NLog\Layouts\Layout.cs:line 83
   at NLog.Targets.TargetWithLayout..ctor() in C:\dev\NLog\src\NLog\Targets\TargetWithLayout.cs:line 54
   at NLog.Targets.TargetWithLayoutHeaderAndFooter..ctor() in C:\dev\NLog\src\NLog\Targets\TargetWithLayoutHeaderAndFooter.cs:line 50
   at NLog.Targets.FileTarget..ctor() in C:\dev\NLog\src\NLog\Targets\FileTarget.cs:line 167
   at NLog.UnitTests.Targets.FileTargetTests.DateArchive_AllLoggersTransferToCurrentLogFile(Boolean concurrentWrites, Boolean keepFileOpen, Boolean networkWrites, Boolean includeSequenceInArchive, Boolean enableArchiveCompression) in C:\dev\NLog\tests\NLog.UnitTests\Targets\FileTargetTests.cs:line 1048]]></stack-trace>
        </failure>
      </test>
      <test name="NLog.UnitTests.Targets.PlainFileTargetTests.FileTarget_WithDateAndSequenceArchiveNumbering_ShouldPadSequenceNumberInArchiveFileName(placeHolderSharps: &quot;##&quot;, sequenceNumber: 0, expectedSequenceInArchiveFileName: &quot;00&quot;)" type="NLog.UnitTests.Targets.PlainFileTargetTests" method="FileTarget_WithDateAndSequenceArchiveNumbering_ShouldPadSequenceNumberInArchiveFileName" time="0.002434" result="Fail">
        <failure exception-type="System.ArgumentException">
          <message><![CDATA[System.ArgumentException : LayoutRenderer cannot be found: 'longdate']]></message>
          <stack-trace><![CDATA[   at NLog.Config.Factory`2.CreateInstance(String name) in C:\dev\NLog\src\NLog\Config\Factory.cs:line 199
   at NLog.Layouts.LayoutParser.ParseLayoutRenderer(ConfigurationItemFactory configurationItemFactory, SimpleStringReader sr) in C:\dev\NLog\src\NLog\Layouts\LayoutParser.cs:line 345
   at NLog.Layouts.LayoutParser.CompileLayout(ConfigurationItemFactory configurationItemFactory, SimpleStringReader sr, Boolean isNested, String& text) in C:\dev\NLog\src\NLog\Layouts\LayoutParser.cs:line 108
   at NLog.Layouts.SimpleLayout.set_Text(String value) in C:\dev\NLog\src\NLog\Layouts\SimpleLayout.cs:line 119
   at NLog.Layouts.SimpleLayout..ctor(String txt, ConfigurationItemFactory configurationItemFactory) in C:\dev\NLog\src\NLog\Layouts\SimpleLayout.cs:line 88
   at NLog.Layouts.Layout.FromString(String layoutText, ConfigurationItemFactory configurationItemFactory) in C:\dev\NLog\src\NLog\Layouts\Layout.cs:line 104
   at NLog.Layouts.Layout.FromString(String layoutText) in C:\dev\NLog\src\NLog\Layouts\Layout.cs:line 93
   at NLog.Layouts.Layout.op_Implicit(String text) in C:\dev\NLog\src\NLog\Layouts\Layout.cs:line 83
   at NLog.Targets.TargetWithLayout..ctor() in C:\dev\NLog\src\NLog\Targets\TargetWithLayout.cs:line 54
   at NLog.Targets.TargetWithLayoutHeaderAndFooter..ctor() in C:\dev\NLog\src\NLog\Targets\TargetWithLayoutHeaderAndFooter.cs:line 50
   at NLog.Targets.FileTarget..ctor() in C:\dev\NLog\src\NLog\Targets\FileTarget.cs:line 167
   at NLog.UnitTests.Targets.FileTargetTests.GenerateArchives(Int32 count, String archiveDateFormat, String archiveFileName, ArchiveNumberingMode archiveNumbering) in C:\dev\NLog\tests\NLog.UnitTests\Targets\FileTargetTests.cs:line 2274
   at NLog.UnitTests.Targets.FileTargetTests.FileTarget_WithDateAndSequenceArchiveNumbering_ShouldPadSequenceNumberInArchiveFileName(String placeHolderSharps, Int32 sequenceNumber, String expectedSequenceInArchiveFileName) in C:\dev\NLog\tests\NLog.UnitTests\Targets\FileTargetTests.cs:line 2240]]></stack-trace>
        </failure>
      </test>
      <test name="NLog.UnitTests.Targets.PlainFileTargetTests.FileTarget_WithDateAndSequenceArchiveNumbering_ShouldPadSequenceNumberInArchiveFileName(placeHolderSharps: &quot;###&quot;, sequenceNumber: 1, expectedSequenceInArchiveFileName: &quot;001&quot;)" type="NLog.UnitTests.Targets.PlainFileTargetTests" method="FileTarget_WithDateAndSequenceArchiveNumbering_ShouldPadSequenceNumberInArchiveFileName" time="0.0009499" result="Fail">
        <failure exception-type="System.ArgumentException">
          <message><![CDATA[System.ArgumentException : LayoutRenderer cannot be found: 'longdate']]></message>
          <stack-trace><![CDATA[   at NLog.Config.Factory`2.CreateInstance(String name) in C:\dev\NLog\src\NLog\Config\Factory.cs:line 199
   at NLog.Layouts.LayoutParser.ParseLayoutRenderer(ConfigurationItemFactory configurationItemFactory, SimpleStringReader sr) in C:\dev\NLog\src\NLog\Layouts\LayoutParser.cs:line 345
   at NLog.Layouts.LayoutParser.CompileLayout(ConfigurationItemFactory configurationItemFactory, SimpleStringReader sr, Boolean isNested, String& text) in C:\dev\NLog\src\NLog\Layouts\LayoutParser.cs:line 108
   at NLog.Layouts.SimpleLayout.set_Text(String value) in C:\dev\NLog\src\NLog\Layouts\SimpleLayout.cs:line 119
   at NLog.Layouts.SimpleLayout..ctor(String txt, ConfigurationItemFactory configurationItemFactory) in C:\dev\NLog\src\NLog\Layouts\SimpleLayout.cs:line 88
   at NLog.Layouts.Layout.FromString(String layoutText, ConfigurationItemFactory configurationItemFactory) in C:\dev\NLog\src\NLog\Layouts\Layout.cs:line 104
   at NLog.Layouts.Layout.FromString(String layoutText) in C:\dev\NLog\src\NLog\Layouts\Layout.cs:line 93
   at NLog.Layouts.Layout.op_Implicit(String text) in C:\dev\NLog\src\NLog\Layouts\Layout.cs:line 83
   at NLog.Targets.TargetWithLayout..ctor() in C:\dev\NLog\src\NLog\Targets\TargetWithLayout.cs:line 54
   at NLog.Targets.TargetWithLayoutHeaderAndFooter..ctor() in C:\dev\NLog\src\NLog\Targets\TargetWithLayoutHeaderAndFooter.cs:line 50
   at NLog.Targets.FileTarget..ctor() in C:\dev\NLog\src\NLog\Targets\FileTarget.cs:line 167
   at NLog.UnitTests.Targets.FileTargetTests.GenerateArchives(Int32 count, String archiveDateFormat, String archiveFileName, ArchiveNumberingMode archiveNumbering) in C:\dev\NLog\tests\NLog.UnitTests\Targets\FileTargetTests.cs:line 2274
   at NLog.UnitTests.Targets.FileTargetTests.FileTarget_WithDateAndSequenceArchiveNumbering_ShouldPadSequenceNumberInArchiveFileName(String placeHolderSharps, Int32 sequenceNumber, String expectedSequenceInArchiveFileName) in C:\dev\NLog\tests\NLog.UnitTests\Targets\FileTargetTests.cs:line 2240]]></stack-trace>
        </failure>
      </test>
      <test name="NLog.UnitTests.Targets.PlainFileTargetTests.FileTarget_WithDateAndSequenceArchiveNumbering_ShouldPadSequenceNumberInArchiveFileName(placeHolderSharps: &quot;#&quot;, sequenceNumber: 20, expectedSequenceInArchiveFileName: &quot;20&quot;)" type="NLog.UnitTests.Targets.PlainFileTargetTests" method="FileTarget_WithDateAndSequenceArchiveNumbering_ShouldPadSequenceNumberInArchiveFileName" time="0.0007207" result="Fail">
        <failure exception-type="System.ArgumentException">
          <message><![CDATA[System.ArgumentException : LayoutRenderer cannot be found: 'longdate']]></message>
          <stack-trace><![CDATA[   at NLog.Config.Factory`2.CreateInstance(String name) in C:\dev\NLog\src\NLog\Config\Factory.cs:line 199
   at NLog.Layouts.LayoutParser.ParseLayoutRenderer(ConfigurationItemFactory configurationItemFactory, SimpleStringReader sr) in C:\dev\NLog\src\NLog\Layouts\LayoutParser.cs:line 345
   at NLog.Layouts.LayoutParser.CompileLayout(ConfigurationItemFactory configurationItemFactory, SimpleStringReader sr, Boolean isNested, String& text) in C:\dev\NLog\src\NLog\Layouts\LayoutParser.cs:line 108
   at NLog.Layouts.SimpleLayout.set_Text(String value) in C:\dev\NLog\src\NLog\Layouts\SimpleLayout.cs:line 119
   at NLog.Layouts.SimpleLayout..ctor(String txt, ConfigurationItemFactory configurationItemFactory) in C:\dev\NLog\src\NLog\Layouts\SimpleLayout.cs:line 88
   at NLog.Layouts.Layout.FromString(String layoutText, ConfigurationItemFactory configurationItemFactory) in C:\dev\NLog\src\NLog\Layouts\Layout.cs:line 104
   at NLog.Layouts.Layout.FromString(String layoutText) in C:\dev\NLog\src\NLog\Layouts\Layout.cs:line 93
   at NLog.Layouts.Layout.op_Implicit(String text) in C:\dev\NLog\src\NLog\Layouts\Layout.cs:line 83
   at NLog.Targets.TargetWithLayout..ctor() in C:\dev\NLog\src\NLog\Targets\TargetWithLayout.cs:line 54
   at NLog.Targets.TargetWithLayoutHeaderAndFooter..ctor() in C:\dev\NLog\src\NLog\Targets\TargetWithLayoutHeaderAndFooter.cs:line 50
   at NLog.Targets.FileTarget..ctor() in C:\dev\NLog\src\NLog\Targets\FileTarget.cs:line 167
   at NLog.UnitTests.Targets.FileTargetTests.GenerateArchives(Int32 count, String archiveDateFormat, String archiveFileName, ArchiveNumberingMode archiveNumbering) in C:\dev\NLog\tests\NLog.UnitTests\Targets\FileTargetTests.cs:line 2274
   at NLog.UnitTests.Targets.FileTargetTests.FileTarget_WithDateAndSequenceArchiveNumbering_ShouldPadSequenceNumberInArchiveFileName(String placeHolderSharps, Int32 sequenceNumber, String expectedSequenceInArchiveFileName) in C:\dev\NLog\tests\NLog.UnitTests\Targets\FileTargetTests.cs:line 2240]]></stack-trace>
        </failure>
      </test>
      <test name="NLog.UnitTests.Targets.PlainFileTargetTests.RelativeFileNaming_DirectoryNavigation_ShouldSuccess" type="NLog.UnitTests.Targets.PlainFileTargetTests" method="RelativeFileNaming_DirectoryNavigation_ShouldSuccess" time="0.0006208" result="Fail">
        <failure exception-type="System.ArgumentException">
          <message><![CDATA[System.ArgumentException : LayoutRenderer cannot be found: 'longdate']]></message>
          <stack-trace><![CDATA[   at NLog.Config.Factory`2.CreateInstance(String name) in C:\dev\NLog\src\NLog\Config\Factory.cs:line 199
   at NLog.Layouts.LayoutParser.ParseLayoutRenderer(ConfigurationItemFactory configurationItemFactory, SimpleStringReader sr) in C:\dev\NLog\src\NLog\Layouts\LayoutParser.cs:line 345
   at NLog.Layouts.LayoutParser.CompileLayout(ConfigurationItemFactory configurationItemFactory, SimpleStringReader sr, Boolean isNested, String& text) in C:\dev\NLog\src\NLog\Layouts\LayoutParser.cs:line 108
   at NLog.Layouts.SimpleLayout.set_Text(String value) in C:\dev\NLog\src\NLog\Layouts\SimpleLayout.cs:line 119
   at NLog.Layouts.SimpleLayout..ctor(String txt, ConfigurationItemFactory configurationItemFactory) in C:\dev\NLog\src\NLog\Layouts\SimpleLayout.cs:line 88
   at NLog.Layouts.Layout.FromString(String layoutText, ConfigurationItemFactory configurationItemFactory) in C:\dev\NLog\src\NLog\Layouts\Layout.cs:line 104
   at NLog.Layouts.Layout.FromString(String layoutText) in C:\dev\NLog\src\NLog\Layouts\Layout.cs:line 93
   at NLog.Layouts.Layout.op_Implicit(String text) in C:\dev\NLog\src\NLog\Layouts\Layout.cs:line 83
   at NLog.Targets.TargetWithLayout..ctor() in C:\dev\NLog\src\NLog\Targets\TargetWithLayout.cs:line 54
   at NLog.Targets.TargetWithLayoutHeaderAndFooter..ctor() in C:\dev\NLog\src\NLog\Targets\TargetWithLayoutHeaderAndFooter.cs:line 50
   at NLog.Targets.FileTarget..ctor() in C:\dev\NLog\src\NLog\Targets\FileTarget.cs:line 167
   at NLog.UnitTests.Targets.FileTargetTests.RelativeFileNaming_DirectoryNavigation_ShouldSuccess() in C:\dev\NLog\tests\NLog.UnitTests\Targets\FileTargetTests.cs:line 2501]]></stack-trace>
        </failure>
      </test>
      <test name="NLog.UnitTests.Targets.PlainFileTargetTests.ArchiveFileRollsCorrectly" type="NLog.UnitTests.Targets.PlainFileTargetTests" method="ArchiveFileRollsCorrectly" time="0.0010354" result="Fail">
        <failure exception-type="System.ArgumentException">
          <message><![CDATA[System.ArgumentException : LayoutRenderer cannot be found: 'longdate']]></message>
          <stack-trace><![CDATA[   at NLog.Config.Factory`2.CreateInstance(String name) in C:\dev\NLog\src\NLog\Config\Factory.cs:line 199
   at NLog.Layouts.LayoutParser.ParseLayoutRenderer(ConfigurationItemFactory configurationItemFactory, SimpleStringReader sr) in C:\dev\NLog\src\NLog\Layouts\LayoutParser.cs:line 345
   at NLog.Layouts.LayoutParser.CompileLayout(ConfigurationItemFactory configurationItemFactory, SimpleStringReader sr, Boolean isNested, String& text) in C:\dev\NLog\src\NLog\Layouts\LayoutParser.cs:line 108
   at NLog.Layouts.SimpleLayout.set_Text(String value) in C:\dev\NLog\src\NLog\Layouts\SimpleLayout.cs:line 119
   at NLog.Layouts.SimpleLayout..ctor(String txt, ConfigurationItemFactory configurationItemFactory) in C:\dev\NLog\src\NLog\Layouts\SimpleLayout.cs:line 88
   at NLog.Layouts.Layout.FromString(String layoutText, ConfigurationItemFactory configurationItemFactory) in C:\dev\NLog\src\NLog\Layouts\Layout.cs:line 104
   at NLog.Layouts.Layout.FromString(String layoutText) in C:\dev\NLog\src\NLog\Layouts\Layout.cs:line 93
   at NLog.Layouts.Layout.op_Implicit(String text) in C:\dev\NLog\src\NLog\Layouts\Layout.cs:line 83
   at NLog.Targets.TargetWithLayout..ctor() in C:\dev\NLog\src\NLog\Targets\TargetWithLayout.cs:line 54
   at NLog.Targets.TargetWithLayoutHeaderAndFooter..ctor() in C:\dev\NLog\src\NLog\Targets\TargetWithLayoutHeaderAndFooter.cs:line 50
   at NLog.Targets.FileTarget..ctor() in C:\dev\NLog\src\NLog\Targets\FileTarget.cs:line 167
   at NLog.UnitTests.Targets.FileTargetTests.ArchiveFileRollsCorrectly() in C:\dev\NLog\tests\NLog.UnitTests\Targets\FileTargetTests.cs:line 2001]]></stack-trace>
        </failure>
      </test>
      <test name="NLog.UnitTests.Targets.PlainFileTargetTests.ArchiveFileOnStartTest_WithCompression" type="NLog.UnitTests.Targets.PlainFileTargetTests" method="ArchiveFileOnStartTest_WithCompression" time="0.0016787" result="Fail">
        <failure exception-type="System.ArgumentException">
          <message><![CDATA[System.ArgumentException : LayoutRenderer cannot be found: 'longdate']]></message>
          <stack-trace><![CDATA[   at NLog.Config.Factory`2.CreateInstance(String name) in C:\dev\NLog\src\NLog\Config\Factory.cs:line 199
   at NLog.Layouts.LayoutParser.ParseLayoutRenderer(ConfigurationItemFactory configurationItemFactory, SimpleStringReader sr) in C:\dev\NLog\src\NLog\Layouts\LayoutParser.cs:line 345
   at NLog.Layouts.LayoutParser.CompileLayout(ConfigurationItemFactory configurationItemFactory, SimpleStringReader sr, Boolean isNested, String& text) in C:\dev\NLog\src\NLog\Layouts\LayoutParser.cs:line 108
   at NLog.Layouts.SimpleLayout.set_Text(String value) in C:\dev\NLog\src\NLog\Layouts\SimpleLayout.cs:line 119
   at NLog.Layouts.SimpleLayout..ctor(String txt, ConfigurationItemFactory configurationItemFactory) in C:\dev\NLog\src\NLog\Layouts\SimpleLayout.cs:line 88
   at NLog.Layouts.Layout.FromString(String layoutText, ConfigurationItemFactory configurationItemFactory) in C:\dev\NLog\src\NLog\Layouts\Layout.cs:line 104
   at NLog.Layouts.Layout.FromString(String layoutText) in C:\dev\NLog\src\NLog\Layouts\Layout.cs:line 93
   at NLog.Layouts.Layout.op_Implicit(String text) in C:\dev\NLog\src\NLog\Layouts\Layout.cs:line 83
   at NLog.Targets.TargetWithLayout..ctor() in C:\dev\NLog\src\NLog\Targets\TargetWithLayout.cs:line 54
   at NLog.Targets.TargetWithLayoutHeaderAndFooter..ctor() in C:\dev\NLog\src\NLog\Targets\TargetWithLayoutHeaderAndFooter.cs:line 50
   at NLog.Targets.FileTarget..ctor() in C:\dev\NLog\src\NLog\Targets\FileTarget.cs:line 167
   at NLog.UnitTests.Targets.FileTargetTests.ArchiveFileOnStartTests(Boolean enableCompression) in C:\dev\NLog\tests\NLog.UnitTests\Targets\FileTargetTests.cs:line 243
   at NLog.UnitTests.Targets.FileTargetTests.ArchiveFileOnStartTest_WithCompression() in C:\dev\NLog\tests\NLog.UnitTests\Targets\FileTargetTests.cs:line 231]]></stack-trace>
        </failure>
      </test>
      <test name="NLog.UnitTests.Targets.PlainFileTargetTests.SequentialArchiveTest" type="NLog.UnitTests.Targets.PlainFileTargetTests" method="SequentialArchiveTest" time="0.0009231" result="Fail">
        <failure exception-type="System.ArgumentException">
          <message><![CDATA[System.ArgumentException : LayoutRenderer cannot be found: 'longdate']]></message>
          <stack-trace><![CDATA[   at NLog.Config.Factory`2.CreateInstance(String name) in C:\dev\NLog\src\NLog\Config\Factory.cs:line 199
   at NLog.Layouts.LayoutParser.ParseLayoutRenderer(ConfigurationItemFactory configurationItemFactory, SimpleStringReader sr) in C:\dev\NLog\src\NLog\Layouts\LayoutParser.cs:line 345
   at NLog.Layouts.LayoutParser.CompileLayout(ConfigurationItemFactory configurationItemFactory, SimpleStringReader sr, Boolean isNested, String& text) in C:\dev\NLog\src\NLog\Layouts\LayoutParser.cs:line 108
   at NLog.Layouts.SimpleLayout.set_Text(String value) in C:\dev\NLog\src\NLog\Layouts\SimpleLayout.cs:line 119
   at NLog.Layouts.SimpleLayout..ctor(String txt, ConfigurationItemFactory configurationItemFactory) in C:\dev\NLog\src\NLog\Layouts\SimpleLayout.cs:line 88
   at NLog.Layouts.Layout.FromString(String layoutText, ConfigurationItemFactory configurationItemFactory) in C:\dev\NLog\src\NLog\Layouts\Layout.cs:line 104
   at NLog.Layouts.Layout.FromString(String layoutText) in C:\dev\NLog\src\NLog\Layouts\Layout.cs:line 93
   at NLog.Layouts.Layout.op_Implicit(String text) in C:\dev\NLog\src\NLog\Layouts\Layout.cs:line 83
   at NLog.Targets.TargetWithLayout..ctor() in C:\dev\NLog\src\NLog\Targets\TargetWithLayout.cs:line 54
   at NLog.Targets.TargetWithLayoutHeaderAndFooter..ctor() in C:\dev\NLog\src\NLog\Targets\TargetWithLayoutHeaderAndFooter.cs:line 50
   at NLog.Targets.FileTarget..ctor() in C:\dev\NLog\src\NLog\Targets\FileTarget.cs:line 167
   at NLog.UnitTests.Targets.FileTargetTests.SequentialArchiveTest() in C:\dev\NLog\tests\NLog.UnitTests\Targets\FileTargetTests.cs:line 423]]></stack-trace>
        </failure>
      </test>
      <test name="NLog.UnitTests.Targets.PlainFileTargetTests.MaxArchiveFilesWithDate(changeCreationAndWriteTime: True)" type="NLog.UnitTests.Targets.PlainFileTargetTests" method="MaxArchiveFilesWithDate" time="0.0976452" result="Fail">
        <failure exception-type="NLog.NLogConfigurationException">
          <message><![CDATA[NLog.NLogConfigurationException : Exception occurred when loading configuration from 
---- System.ArgumentException : Target cannot be found: 'File']]></message>
          <stack-trace><![CDATA[   at NLog.Config.XmlLoggingConfiguration.Initialize(XmlReader reader, String fileName, Boolean ignoreErrors) in C:\dev\NLog\src\NLog\Config\XmlLoggingConfiguration.cs:line 361
   at NLog.Config.XmlLoggingConfiguration..ctor(XmlReader reader, String fileName) in C:\dev\NLog\src\NLog\Config\XmlLoggingConfiguration.cs:line 138
   at NLog.UnitTests.NLogTestBase.CreateConfigurationFromString(String configXml) in C:\dev\NLog\tests\NLog.UnitTests\NLogTestBase.cs:line 254
   at NLog.UnitTests.Targets.FileTargetTests.TestMaxArchiveFilesWithDate(String archivePath, String logdir, Int32 maxArchiveFilesConfig, Int32 expectedArchiveFiles, String dateFormat, Boolean changeCreationAndWriteTime) in C:\dev\NLog\tests\NLog.UnitTests\Targets\FileTargetTests.cs:line 2411
   at NLog.UnitTests.Targets.FileTargetTests.MaxArchiveFilesWithDate(Boolean changeCreationAndWriteTime) in C:\dev\NLog\tests\NLog.UnitTests\Targets\FileTargetTests.cs:line 2341
----- Inner Stack Trace -----
   at NLog.Config.Factory`2.CreateInstance(String name) in C:\dev\NLog\src\NLog\Config\Factory.cs:line 199
   at NLog.Config.XmlLoggingConfiguration.ParseTargetsElement(NLogXmlElement targetsElement) in C:\dev\NLog\src\NLog\Config\XmlLoggingConfiguration.cs:line 723
   at NLog.Config.XmlLoggingConfiguration.ParseNLogElement(NLogXmlElement nlogElement, String filePath, Boolean autoReloadDefault) in C:\dev\NLog\src\NLog\Config\XmlLoggingConfiguration.cs:line 513
   at NLog.Config.XmlLoggingConfiguration.ParseTopLevel(NLogXmlElement content, String filePath, Boolean autoReloadDefault) in C:\dev\NLog\src\NLog\Config\XmlLoggingConfiguration.cs:line 428
   at NLog.Config.XmlLoggingConfiguration.Initialize(XmlReader reader, String fileName, Boolean ignoreErrors) in C:\dev\NLog\src\NLog\Config\XmlLoggingConfiguration.cs:line 339]]></stack-trace>
        </failure>
      </test>
      <test name="NLog.UnitTests.Targets.PlainFileTargetTests.MaxArchiveFilesWithDate(changeCreationAndWriteTime: False)" type="NLog.UnitTests.Targets.PlainFileTargetTests" method="MaxArchiveFilesWithDate" time="0.0856932" result="Fail">
        <failure exception-type="NLog.NLogConfigurationException">
          <message><![CDATA[NLog.NLogConfigurationException : Exception occurred when loading configuration from 
---- System.ArgumentException : Target cannot be found: 'File']]></message>
          <stack-trace><![CDATA[   at NLog.Config.XmlLoggingConfiguration.Initialize(XmlReader reader, String fileName, Boolean ignoreErrors) in C:\dev\NLog\src\NLog\Config\XmlLoggingConfiguration.cs:line 361
   at NLog.Config.XmlLoggingConfiguration..ctor(XmlReader reader, String fileName) in C:\dev\NLog\src\NLog\Config\XmlLoggingConfiguration.cs:line 138
   at NLog.UnitTests.NLogTestBase.CreateConfigurationFromString(String configXml) in C:\dev\NLog\tests\NLog.UnitTests\NLogTestBase.cs:line 254
   at NLog.UnitTests.Targets.FileTargetTests.TestMaxArchiveFilesWithDate(String archivePath, String logdir, Int32 maxArchiveFilesConfig, Int32 expectedArchiveFiles, String dateFormat, Boolean changeCreationAndWriteTime) in C:\dev\NLog\tests\NLog.UnitTests\Targets\FileTargetTests.cs:line 2411
   at NLog.UnitTests.Targets.FileTargetTests.MaxArchiveFilesWithDate(Boolean changeCreationAndWriteTime) in C:\dev\NLog\tests\NLog.UnitTests\Targets\FileTargetTests.cs:line 2341
----- Inner Stack Trace -----
   at NLog.Config.Factory`2.CreateInstance(String name) in C:\dev\NLog\src\NLog\Config\Factory.cs:line 199
   at NLog.Config.XmlLoggingConfiguration.ParseTargetsElement(NLogXmlElement targetsElement) in C:\dev\NLog\src\NLog\Config\XmlLoggingConfiguration.cs:line 723
   at NLog.Config.XmlLoggingConfiguration.ParseNLogElement(NLogXmlElement nlogElement, String filePath, Boolean autoReloadDefault) in C:\dev\NLog\src\NLog\Config\XmlLoggingConfiguration.cs:line 513
   at NLog.Config.XmlLoggingConfiguration.ParseTopLevel(NLogXmlElement content, String filePath, Boolean autoReloadDefault) in C:\dev\NLog\src\NLog\Config\XmlLoggingConfiguration.cs:line 428
   at NLog.Config.XmlLoggingConfiguration.Initialize(XmlReader reader, String fileName, Boolean ignoreErrors) in C:\dev\NLog\src\NLog\Config\XmlLoggingConfiguration.cs:line 339]]></stack-trace>
        </failure>
      </test>
      <test name="NLog.UnitTests.Targets.PlainFileTargetTests.DeleteArchiveFilesByDate_MaxArchiveFiles_0" type="NLog.UnitTests.Targets.PlainFileTargetTests" method="DeleteArchiveFilesByDate_MaxArchiveFiles_0" time="0.0009436" result="Fail">
        <failure exception-type="System.ArgumentException">
          <message><![CDATA[System.ArgumentException : LayoutRenderer cannot be found: 'longdate']]></message>
          <stack-trace><![CDATA[   at NLog.Config.Factory`2.CreateInstance(String name) in C:\dev\NLog\src\NLog\Config\Factory.cs:line 199
   at NLog.Layouts.LayoutParser.ParseLayoutRenderer(ConfigurationItemFactory configurationItemFactory, SimpleStringReader sr) in C:\dev\NLog\src\NLog\Layouts\LayoutParser.cs:line 345
   at NLog.Layouts.LayoutParser.CompileLayout(ConfigurationItemFactory configurationItemFactory, SimpleStringReader sr, Boolean isNested, String& text) in C:\dev\NLog\src\NLog\Layouts\LayoutParser.cs:line 108
   at NLog.Layouts.SimpleLayout.set_Text(String value) in C:\dev\NLog\src\NLog\Layouts\SimpleLayout.cs:line 119
   at NLog.Layouts.SimpleLayout..ctor(String txt, ConfigurationItemFactory configurationItemFactory) in C:\dev\NLog\src\NLog\Layouts\SimpleLayout.cs:line 88
   at NLog.Layouts.Layout.FromString(String layoutText, ConfigurationItemFactory configurationItemFactory) in C:\dev\NLog\src\NLog\Layouts\Layout.cs:line 104
   at NLog.Layouts.Layout.FromString(String layoutText) in C:\dev\NLog\src\NLog\Layouts\Layout.cs:line 93
   at NLog.Layouts.Layout.op_Implicit(String text) in C:\dev\NLog\src\NLog\Layouts\Layout.cs:line 83
   at NLog.Targets.TargetWithLayout..ctor() in C:\dev\NLog\src\NLog\Targets\TargetWithLayout.cs:line 54
   at NLog.Targets.TargetWithLayoutHeaderAndFooter..ctor() in C:\dev\NLog\src\NLog\Targets\TargetWithLayoutHeaderAndFooter.cs:line 50
   at NLog.Targets.FileTarget..ctor() in C:\dev\NLog\src\NLog\Targets\FileTarget.cs:line 167
   at NLog.UnitTests.Targets.FileTargetTests.DeleteArchiveFilesByDate_MaxArchiveFiles_0() in C:\dev\NLog\tests\NLog.UnitTests\Targets\FileTargetTests.cs:line 1119]]></stack-trace>
        </failure>
      </test>
      <test name="NLog.UnitTests.Targets.PlainFileTargetTests.FileTarget_ArchiveNumbering_DateAndSequence_WithCompression" type="NLog.UnitTests.Targets.PlainFileTargetTests" method="FileTarget_ArchiveNumbering_DateAndSequence_WithCompression" time="0.0009825" result="Fail">
        <failure exception-type="System.ArgumentException">
          <message><![CDATA[System.ArgumentException : LayoutRenderer cannot be found: 'longdate']]></message>
          <stack-trace><![CDATA[   at NLog.Config.Factory`2.CreateInstance(String name) in C:\dev\NLog\src\NLog\Config\Factory.cs:line 199
   at NLog.Layouts.LayoutParser.ParseLayoutRenderer(ConfigurationItemFactory configurationItemFactory, SimpleStringReader sr) in C:\dev\NLog\src\NLog\Layouts\LayoutParser.cs:line 345
   at NLog.Layouts.LayoutParser.CompileLayout(ConfigurationItemFactory configurationItemFactory, SimpleStringReader sr, Boolean isNested, String& text) in C:\dev\NLog\src\NLog\Layouts\LayoutParser.cs:line 108
   at NLog.Layouts.SimpleLayout.set_Text(String value) in C:\dev\NLog\src\NLog\Layouts\SimpleLayout.cs:line 119
   at NLog.Layouts.SimpleLayout..ctor(String txt, ConfigurationItemFactory configurationItemFactory) in C:\dev\NLog\src\NLog\Layouts\SimpleLayout.cs:line 88
   at NLog.Layouts.Layout.FromString(String layoutText, ConfigurationItemFactory configurationItemFactory) in C:\dev\NLog\src\NLog\Layouts\Layout.cs:line 104
   at NLog.Layouts.Layout.FromString(String layoutText) in C:\dev\NLog\src\NLog\Layouts\Layout.cs:line 93
   at NLog.Layouts.Layout.op_Implicit(String text) in C:\dev\NLog\src\NLog\Layouts\Layout.cs:line 83
   at NLog.Targets.TargetWithLayout..ctor() in C:\dev\NLog\src\NLog\Targets\TargetWithLayout.cs:line 54
   at NLog.Targets.TargetWithLayoutHeaderAndFooter..ctor() in C:\dev\NLog\src\NLog\Targets\TargetWithLayoutHeaderAndFooter.cs:line 50
   at NLog.Targets.FileTarget..ctor() in C:\dev\NLog\src\NLog\Targets\FileTarget.cs:line 167
   at NLog.UnitTests.Targets.FileTargetTests.FileTarget_ArchiveNumbering_DateAndSequenceTests(Boolean enableCompression) in C:\dev\NLog\tests\NLog.UnitTests\Targets\FileTargetTests.cs:line 1713
   at NLog.UnitTests.Targets.FileTargetTests.FileTarget_ArchiveNumbering_DateAndSequence_WithCompression() in C:\dev\NLog\tests\NLog.UnitTests\Targets\FileTargetTests.cs:line 1699]]></stack-trace>
        </failure>
      </test>
      <test name="NLog.UnitTests.Targets.PlainFileTargetTests.CsvHeaderTest" type="NLog.UnitTests.Targets.PlainFileTargetTests" method="CsvHeaderTest" time="0.0022283" result="Fail">
        <failure exception-type="System.ArgumentException">
          <message><![CDATA[System.ArgumentException : LayoutRenderer cannot be found: 'logger']]></message>
          <stack-trace><![CDATA[   at NLog.Config.Factory`2.CreateInstance(String name) in C:\dev\NLog\src\NLog\Config\Factory.cs:line 199
   at NLog.Layouts.LayoutParser.ParseLayoutRenderer(ConfigurationItemFactory configurationItemFactory, SimpleStringReader sr) in C:\dev\NLog\src\NLog\Layouts\LayoutParser.cs:line 345
   at NLog.Layouts.LayoutParser.CompileLayout(ConfigurationItemFactory configurationItemFactory, SimpleStringReader sr, Boolean isNested, String& text) in C:\dev\NLog\src\NLog\Layouts\LayoutParser.cs:line 108
   at NLog.Layouts.SimpleLayout.set_Text(String value) in C:\dev\NLog\src\NLog\Layouts\SimpleLayout.cs:line 119
   at NLog.Layouts.SimpleLayout..ctor(String txt, ConfigurationItemFactory configurationItemFactory) in C:\dev\NLog\src\NLog\Layouts\SimpleLayout.cs:line 88
   at NLog.Layouts.Layout.FromString(String layoutText, ConfigurationItemFactory configurationItemFactory) in C:\dev\NLog\src\NLog\Layouts\Layout.cs:line 104
   at NLog.Layouts.Layout.FromString(String layoutText) in C:\dev\NLog\src\NLog\Layouts\Layout.cs:line 93
   at NLog.Layouts.Layout.op_Implicit(String text) in C:\dev\NLog\src\NLog\Layouts\Layout.cs:line 83
   at NLog.UnitTests.Targets.FileTargetTests.CsvHeaderTest() in C:\dev\NLog\tests\NLog.UnitTests\Targets\FileTargetTests.cs:line 117]]></stack-trace>
        </failure>
      </test>
      <test name="NLog.UnitTests.Targets.PlainFileTargetTests.DeleteArchiveFilesByDate" type="NLog.UnitTests.Targets.PlainFileTargetTests" method="DeleteArchiveFilesByDate" time="0.0010741" result="Fail">
        <failure exception-type="System.ArgumentException">
          <message><![CDATA[System.ArgumentException : LayoutRenderer cannot be found: 'longdate']]></message>
          <stack-trace><![CDATA[   at NLog.Config.Factory`2.CreateInstance(String name) in C:\dev\NLog\src\NLog\Config\Factory.cs:line 199
   at NLog.Layouts.LayoutParser.ParseLayoutRenderer(ConfigurationItemFactory configurationItemFactory, SimpleStringReader sr) in C:\dev\NLog\src\NLog\Layouts\LayoutParser.cs:line 345
   at NLog.Layouts.LayoutParser.CompileLayout(ConfigurationItemFactory configurationItemFactory, SimpleStringReader sr, Boolean isNested, String& text) in C:\dev\NLog\src\NLog\Layouts\LayoutParser.cs:line 108
   at NLog.Layouts.SimpleLayout.set_Text(String value) in C:\dev\NLog\src\NLog\Layouts\SimpleLayout.cs:line 119
   at NLog.Layouts.SimpleLayout..ctor(String txt, ConfigurationItemFactory configurationItemFactory) in C:\dev\NLog\src\NLog\Layouts\SimpleLayout.cs:line 88
   at NLog.Layouts.Layout.FromString(String layoutText, ConfigurationItemFactory configurationItemFactory) in C:\dev\NLog\src\NLog\Layouts\Layout.cs:line 104
   at NLog.Layouts.Layout.FromString(String layoutText) in C:\dev\NLog\src\NLog\Layouts\Layout.cs:line 93
   at NLog.Layouts.Layout.op_Implicit(String text) in C:\dev\NLog\src\NLog\Layouts\Layout.cs:line 83
   at NLog.Targets.TargetWithLayout..ctor() in C:\dev\NLog\src\NLog\Targets\TargetWithLayout.cs:line 54
   at NLog.Targets.TargetWithLayoutHeaderAndFooter..ctor() in C:\dev\NLog\src\NLog\Targets\TargetWithLayoutHeaderAndFooter.cs:line 50
   at NLog.Targets.FileTarget..ctor() in C:\dev\NLog\src\NLog\Targets\FileTarget.cs:line 167
   at NLog.UnitTests.Targets.FileTargetTests.DeleteArchiveFilesByDate() in C:\dev\NLog\tests\NLog.UnitTests\Targets\FileTargetTests.cs:line 626]]></stack-trace>
        </failure>
      </test>
      <test name="NLog.UnitTests.Targets.PlainFileTargetTests.ReplaceFileContentsOnEachWriteTest(useHeader: False, useFooter: False)" type="NLog.UnitTests.Targets.PlainFileTargetTests" method="ReplaceFileContentsOnEachWriteTest" time="0.0013706" result="Fail">
        <failure exception-type="System.ArgumentException">
          <message><![CDATA[System.ArgumentException : LayoutRenderer cannot be found: 'longdate']]></message>
          <stack-trace><![CDATA[   at NLog.Config.Factory`2.CreateInstance(String name) in C:\dev\NLog\src\NLog\Config\Factory.cs:line 199
   at NLog.Layouts.LayoutParser.ParseLayoutRenderer(ConfigurationItemFactory configurationItemFactory, SimpleStringReader sr) in C:\dev\NLog\src\NLog\Layouts\LayoutParser.cs:line 345
   at NLog.Layouts.LayoutParser.CompileLayout(ConfigurationItemFactory configurationItemFactory, SimpleStringReader sr, Boolean isNested, String& text) in C:\dev\NLog\src\NLog\Layouts\LayoutParser.cs:line 108
   at NLog.Layouts.SimpleLayout.set_Text(String value) in C:\dev\NLog\src\NLog\Layouts\SimpleLayout.cs:line 119
   at NLog.Layouts.SimpleLayout..ctor(String txt, ConfigurationItemFactory configurationItemFactory) in C:\dev\NLog\src\NLog\Layouts\SimpleLayout.cs:line 88
   at NLog.Layouts.Layout.FromString(String layoutText, ConfigurationItemFactory configurationItemFactory) in C:\dev\NLog\src\NLog\Layouts\Layout.cs:line 104
   at NLog.Layouts.Layout.FromString(String layoutText) in C:\dev\NLog\src\NLog\Layouts\Layout.cs:line 93
   at NLog.Layouts.Layout.op_Implicit(String text) in C:\dev\NLog\src\NLog\Layouts\Layout.cs:line 83
   at NLog.Targets.TargetWithLayout..ctor() in C:\dev\NLog\src\NLog\Targets\TargetWithLayout.cs:line 54
   at NLog.Targets.TargetWithLayoutHeaderAndFooter..ctor() in C:\dev\NLog\src\NLog\Targets\TargetWithLayoutHeaderAndFooter.cs:line 50
   at NLog.Targets.FileTarget..ctor() in C:\dev\NLog\src\NLog\Targets\FileTarget.cs:line 167
   at NLog.UnitTests.Targets.FileTargetTests.ReplaceFileContentsOnEachWriteTest(Boolean useHeader, Boolean useFooter) in C:\dev\NLog\tests\NLog.UnitTests\Targets\FileTargetTests.cs:line 349]]></stack-trace>
        </failure>
      </test>
      <test name="NLog.UnitTests.Targets.PlainFileTargetTests.ReplaceFileContentsOnEachWriteTest(useHeader: False, useFooter: True)" type="NLog.UnitTests.Targets.PlainFileTargetTests" method="ReplaceFileContentsOnEachWriteTest" time="0.0008712" result="Fail">
        <failure exception-type="System.ArgumentException">
          <message><![CDATA[System.ArgumentException : LayoutRenderer cannot be found: 'longdate']]></message>
          <stack-trace><![CDATA[   at NLog.Config.Factory`2.CreateInstance(String name) in C:\dev\NLog\src\NLog\Config\Factory.cs:line 199
   at NLog.Layouts.LayoutParser.ParseLayoutRenderer(ConfigurationItemFactory configurationItemFactory, SimpleStringReader sr) in C:\dev\NLog\src\NLog\Layouts\LayoutParser.cs:line 345
   at NLog.Layouts.LayoutParser.CompileLayout(ConfigurationItemFactory configurationItemFactory, SimpleStringReader sr, Boolean isNested, String& text) in C:\dev\NLog\src\NLog\Layouts\LayoutParser.cs:line 108
   at NLog.Layouts.SimpleLayout.set_Text(String value) in C:\dev\NLog\src\NLog\Layouts\SimpleLayout.cs:line 119
   at NLog.Layouts.SimpleLayout..ctor(String txt, ConfigurationItemFactory configurationItemFactory) in C:\dev\NLog\src\NLog\Layouts\SimpleLayout.cs:line 88
   at NLog.Layouts.Layout.FromString(String layoutText, ConfigurationItemFactory configurationItemFactory) in C:\dev\NLog\src\NLog\Layouts\Layout.cs:line 104
   at NLog.Layouts.Layout.FromString(String layoutText) in C:\dev\NLog\src\NLog\Layouts\Layout.cs:line 93
   at NLog.Layouts.Layout.op_Implicit(String text) in C:\dev\NLog\src\NLog\Layouts\Layout.cs:line 83
   at NLog.Targets.TargetWithLayout..ctor() in C:\dev\NLog\src\NLog\Targets\TargetWithLayout.cs:line 54
   at NLog.Targets.TargetWithLayoutHeaderAndFooter..ctor() in C:\dev\NLog\src\NLog\Targets\TargetWithLayoutHeaderAndFooter.cs:line 50
   at NLog.Targets.FileTarget..ctor() in C:\dev\NLog\src\NLog\Targets\FileTarget.cs:line 167
   at NLog.UnitTests.Targets.FileTargetTests.ReplaceFileContentsOnEachWriteTest(Boolean useHeader, Boolean useFooter) in C:\dev\NLog\tests\NLog.UnitTests\Targets\FileTargetTests.cs:line 349]]></stack-trace>
        </failure>
      </test>
      <test name="NLog.UnitTests.Targets.PlainFileTargetTests.ReplaceFileContentsOnEachWriteTest(useHeader: True, useFooter: False)" type="NLog.UnitTests.Targets.PlainFileTargetTests" method="ReplaceFileContentsOnEachWriteTest" time="0.0007985" result="Fail">
        <failure exception-type="System.ArgumentException">
          <message><![CDATA[System.ArgumentException : LayoutRenderer cannot be found: 'longdate']]></message>
          <stack-trace><![CDATA[   at NLog.Config.Factory`2.CreateInstance(String name) in C:\dev\NLog\src\NLog\Config\Factory.cs:line 199
   at NLog.Layouts.LayoutParser.ParseLayoutRenderer(ConfigurationItemFactory configurationItemFactory, SimpleStringReader sr) in C:\dev\NLog\src\NLog\Layouts\LayoutParser.cs:line 345
   at NLog.Layouts.LayoutParser.CompileLayout(ConfigurationItemFactory configurationItemFactory, SimpleStringReader sr, Boolean isNested, String& text) in C:\dev\NLog\src\NLog\Layouts\LayoutParser.cs:line 108
   at NLog.Layouts.SimpleLayout.set_Text(String value) in C:\dev\NLog\src\NLog\Layouts\SimpleLayout.cs:line 119
   at NLog.Layouts.SimpleLayout..ctor(String txt, ConfigurationItemFactory configurationItemFactory) in C:\dev\NLog\src\NLog\Layouts\SimpleLayout.cs:line 88
   at NLog.Layouts.Layout.FromString(String layoutText, ConfigurationItemFactory configurationItemFactory) in C:\dev\NLog\src\NLog\Layouts\Layout.cs:line 104
   at NLog.Layouts.Layout.FromString(String layoutText) in C:\dev\NLog\src\NLog\Layouts\Layout.cs:line 93
   at NLog.Layouts.Layout.op_Implicit(String text) in C:\dev\NLog\src\NLog\Layouts\Layout.cs:line 83
   at NLog.Targets.TargetWithLayout..ctor() in C:\dev\NLog\src\NLog\Targets\TargetWithLayout.cs:line 54
   at NLog.Targets.TargetWithLayoutHeaderAndFooter..ctor() in C:\dev\NLog\src\NLog\Targets\TargetWithLayoutHeaderAndFooter.cs:line 50
   at NLog.Targets.FileTarget..ctor() in C:\dev\NLog\src\NLog\Targets\FileTarget.cs:line 167
   at NLog.UnitTests.Targets.FileTargetTests.ReplaceFileContentsOnEachWriteTest(Boolean useHeader, Boolean useFooter) in C:\dev\NLog\tests\NLog.UnitTests\Targets\FileTargetTests.cs:line 349]]></stack-trace>
        </failure>
      </test>
      <test name="NLog.UnitTests.Targets.PlainFileTargetTests.ReplaceFileContentsOnEachWriteTest(useHeader: True, useFooter: True)" type="NLog.UnitTests.Targets.PlainFileTargetTests" method="ReplaceFileContentsOnEachWriteTest" time="0.0009478" result="Fail">
        <failure exception-type="System.ArgumentException">
          <message><![CDATA[System.ArgumentException : LayoutRenderer cannot be found: 'longdate']]></message>
          <stack-trace><![CDATA[   at NLog.Config.Factory`2.CreateInstance(String name) in C:\dev\NLog\src\NLog\Config\Factory.cs:line 199
   at NLog.Layouts.LayoutParser.ParseLayoutRenderer(ConfigurationItemFactory configurationItemFactory, SimpleStringReader sr) in C:\dev\NLog\src\NLog\Layouts\LayoutParser.cs:line 345
   at NLog.Layouts.LayoutParser.CompileLayout(ConfigurationItemFactory configurationItemFactory, SimpleStringReader sr, Boolean isNested, String& text) in C:\dev\NLog\src\NLog\Layouts\LayoutParser.cs:line 108
   at NLog.Layouts.SimpleLayout.set_Text(String value) in C:\dev\NLog\src\NLog\Layouts\SimpleLayout.cs:line 119
   at NLog.Layouts.SimpleLayout..ctor(String txt, ConfigurationItemFactory configurationItemFactory) in C:\dev\NLog\src\NLog\Layouts\SimpleLayout.cs:line 88
   at NLog.Layouts.Layout.FromString(String layoutText, ConfigurationItemFactory configurationItemFactory) in C:\dev\NLog\src\NLog\Layouts\Layout.cs:line 104
   at NLog.Layouts.Layout.FromString(String layoutText) in C:\dev\NLog\src\NLog\Layouts\Layout.cs:line 93
   at NLog.Layouts.Layout.op_Implicit(String text) in C:\dev\NLog\src\NLog\Layouts\Layout.cs:line 83
   at NLog.Targets.TargetWithLayout..ctor() in C:\dev\NLog\src\NLog\Targets\TargetWithLayout.cs:line 54
   at NLog.Targets.TargetWithLayoutHeaderAndFooter..ctor() in C:\dev\NLog\src\NLog\Targets\TargetWithLayoutHeaderAndFooter.cs:line 50
   at NLog.Targets.FileTarget..ctor() in C:\dev\NLog\src\NLog\Targets\FileTarget.cs:line 167
   at NLog.UnitTests.Targets.FileTargetTests.ReplaceFileContentsOnEachWriteTest(Boolean useHeader, Boolean useFooter) in C:\dev\NLog\tests\NLog.UnitTests\Targets\FileTargetTests.cs:line 349]]></stack-trace>
        </failure>
      </test>
      <test name="NLog.UnitTests.Targets.PlainFileTargetTests.FileTarget_ArchiveNumbering_DateAndSequence" type="NLog.UnitTests.Targets.PlainFileTargetTests" method="FileTarget_ArchiveNumbering_DateAndSequence" time="0.0004048" result="Fail">
        <failure exception-type="System.ArgumentException">
          <message><![CDATA[System.ArgumentException : LayoutRenderer cannot be found: 'longdate']]></message>
          <stack-trace><![CDATA[   at NLog.Config.Factory`2.CreateInstance(String name) in C:\dev\NLog\src\NLog\Config\Factory.cs:line 199
   at NLog.Layouts.LayoutParser.ParseLayoutRenderer(ConfigurationItemFactory configurationItemFactory, SimpleStringReader sr) in C:\dev\NLog\src\NLog\Layouts\LayoutParser.cs:line 345
   at NLog.Layouts.LayoutParser.CompileLayout(ConfigurationItemFactory configurationItemFactory, SimpleStringReader sr, Boolean isNested, String& text) in C:\dev\NLog\src\NLog\Layouts\LayoutParser.cs:line 108
   at NLog.Layouts.SimpleLayout.set_Text(String value) in C:\dev\NLog\src\NLog\Layouts\SimpleLayout.cs:line 119
   at NLog.Layouts.SimpleLayout..ctor(String txt, ConfigurationItemFactory configurationItemFactory) in C:\dev\NLog\src\NLog\Layouts\SimpleLayout.cs:line 88
   at NLog.Layouts.Layout.FromString(String layoutText, ConfigurationItemFactory configurationItemFactory) in C:\dev\NLog\src\NLog\Layouts\Layout.cs:line 104
   at NLog.Layouts.Layout.FromString(String layoutText) in C:\dev\NLog\src\NLog\Layouts\Layout.cs:line 93
   at NLog.Layouts.Layout.op_Implicit(String text) in C:\dev\NLog\src\NLog\Layouts\Layout.cs:line 83
   at NLog.Targets.TargetWithLayout..ctor() in C:\dev\NLog\src\NLog\Targets\TargetWithLayout.cs:line 54
   at NLog.Targets.TargetWithLayoutHeaderAndFooter..ctor() in C:\dev\NLog\src\NLog\Targets\TargetWithLayoutHeaderAndFooter.cs:line 50
   at NLog.Targets.FileTarget..ctor() in C:\dev\NLog\src\NLog\Targets\FileTarget.cs:line 167
   at NLog.UnitTests.Targets.FileTargetTests.FileTarget_ArchiveNumbering_DateAndSequenceTests(Boolean enableCompression) in C:\dev\NLog\tests\NLog.UnitTests\Targets\FileTargetTests.cs:line 1713
   at NLog.UnitTests.Targets.FileTargetTests.FileTarget_ArchiveNumbering_DateAndSequence() in C:\dev\NLog\tests\NLog.UnitTests\Targets\FileTargetTests.cs:line 1692]]></stack-trace>
        </failure>
      </test>
      <test name="NLog.UnitTests.Targets.PlainFileTargetTests.RelativeFileNaming_ShouldSuccess" type="NLog.UnitTests.Targets.PlainFileTargetTests" method="RelativeFileNaming_ShouldSuccess" time="0.0004636" result="Fail">
        <failure exception-type="System.ArgumentException">
          <message><![CDATA[System.ArgumentException : LayoutRenderer cannot be found: 'longdate']]></message>
          <stack-trace><![CDATA[   at NLog.Config.Factory`2.CreateInstance(String name) in C:\dev\NLog\src\NLog\Config\Factory.cs:line 199
   at NLog.Layouts.LayoutParser.ParseLayoutRenderer(ConfigurationItemFactory configurationItemFactory, SimpleStringReader sr) in C:\dev\NLog\src\NLog\Layouts\LayoutParser.cs:line 345
   at NLog.Layouts.LayoutParser.CompileLayout(ConfigurationItemFactory configurationItemFactory, SimpleStringReader sr, Boolean isNested, String& text) in C:\dev\NLog\src\NLog\Layouts\LayoutParser.cs:line 108
   at NLog.Layouts.SimpleLayout.set_Text(String value) in C:\dev\NLog\src\NLog\Layouts\SimpleLayout.cs:line 119
   at NLog.Layouts.SimpleLayout..ctor(String txt, ConfigurationItemFactory configurationItemFactory) in C:\dev\NLog\src\NLog\Layouts\SimpleLayout.cs:line 88
   at NLog.Layouts.Layout.FromString(String layoutText, ConfigurationItemFactory configurationItemFactory) in C:\dev\NLog\src\NLog\Layouts\Layout.cs:line 104
   at NLog.Layouts.Layout.FromString(String layoutText) in C:\dev\NLog\src\NLog\Layouts\Layout.cs:line 93
   at NLog.Layouts.Layout.op_Implicit(String text) in C:\dev\NLog\src\NLog\Layouts\Layout.cs:line 83
   at NLog.Targets.TargetWithLayout..ctor() in C:\dev\NLog\src\NLog\Targets\TargetWithLayout.cs:line 54
   at NLog.Targets.TargetWithLayoutHeaderAndFooter..ctor() in C:\dev\NLog\src\NLog\Targets\TargetWithLayoutHeaderAndFooter.cs:line 50
   at NLog.Targets.FileTarget..ctor() in C:\dev\NLog\src\NLog\Targets\FileTarget.cs:line 167
   at NLog.UnitTests.Targets.FileTargetTests.RelativeFileNaming_ShouldSuccess() in C:\dev\NLog\tests\NLog.UnitTests\Targets\FileTargetTests.cs:line 2471]]></stack-trace>
        </failure>
      </test>
      <test name="NLog.UnitTests.Targets.PlainFileTargetTests.BufferedMultiFileWrite" type="NLog.UnitTests.Targets.PlainFileTargetTests" method="BufferedMultiFileWrite" time="0.0008316" result="Fail">
        <failure exception-type="System.ArgumentException">
          <message><![CDATA[System.ArgumentException : LayoutRenderer cannot be found: 'longdate']]></message>
          <stack-trace><![CDATA[   at NLog.Config.Factory`2.CreateInstance(String name) in C:\dev\NLog\src\NLog\Config\Factory.cs:line 199
   at NLog.Layouts.LayoutParser.ParseLayoutRenderer(ConfigurationItemFactory configurationItemFactory, SimpleStringReader sr) in C:\dev\NLog\src\NLog\Layouts\LayoutParser.cs:line 345
   at NLog.Layouts.LayoutParser.CompileLayout(ConfigurationItemFactory configurationItemFactory, SimpleStringReader sr, Boolean isNested, String& text) in C:\dev\NLog\src\NLog\Layouts\LayoutParser.cs:line 108
   at NLog.Layouts.SimpleLayout.set_Text(String value) in C:\dev\NLog\src\NLog\Layouts\SimpleLayout.cs:line 119
   at NLog.Layouts.SimpleLayout..ctor(String txt, ConfigurationItemFactory configurationItemFactory) in C:\dev\NLog\src\NLog\Layouts\SimpleLayout.cs:line 88
   at NLog.Layouts.Layout.FromString(String layoutText, ConfigurationItemFactory configurationItemFactory) in C:\dev\NLog\src\NLog\Layouts\Layout.cs:line 104
   at NLog.Layouts.Layout.FromString(String layoutText) in C:\dev\NLog\src\NLog\Layouts\Layout.cs:line 93
   at NLog.Layouts.Layout.op_Implicit(String text) in C:\dev\NLog\src\NLog\Layouts\Layout.cs:line 83
   at NLog.Targets.TargetWithLayout..ctor() in C:\dev\NLog\src\NLog\Targets\TargetWithLayout.cs:line 54
   at NLog.Targets.TargetWithLayoutHeaderAndFooter..ctor() in C:\dev\NLog\src\NLog\Targets\TargetWithLayoutHeaderAndFooter.cs:line 50
   at NLog.Targets.FileTarget..ctor() in C:\dev\NLog\src\NLog\Targets\FileTarget.cs:line 167
   at NLog.UnitTests.Targets.FileTargetTests.BufferedMultiFileWrite() in C:\dev\NLog\tests\NLog.UnitTests\Targets\FileTargetTests.cs:line 1561]]></stack-trace>
        </failure>
      </test>
      <test name="NLog.UnitTests.Targets.PlainFileTargetTests.RollingArchiveTest_MaxArchiveFiles_0(slash: &quot;/&quot;)" type="NLog.UnitTests.Targets.PlainFileTargetTests" method="RollingArchiveTest_MaxArchiveFiles_0" time="0.0009826" result="Fail">
        <failure exception-type="System.ArgumentException">
          <message><![CDATA[System.ArgumentException : LayoutRenderer cannot be found: 'longdate']]></message>
          <stack-trace><![CDATA[   at NLog.Config.Factory`2.CreateInstance(String name) in C:\dev\NLog\src\NLog\Config\Factory.cs:line 199
   at NLog.Layouts.LayoutParser.ParseLayoutRenderer(ConfigurationItemFactory configurationItemFactory, SimpleStringReader sr) in C:\dev\NLog\src\NLog\Layouts\LayoutParser.cs:line 345
   at NLog.Layouts.LayoutParser.CompileLayout(ConfigurationItemFactory configurationItemFactory, SimpleStringReader sr, Boolean isNested, String& text) in C:\dev\NLog\src\NLog\Layouts\LayoutParser.cs:line 108
   at NLog.Layouts.SimpleLayout.set_Text(String value) in C:\dev\NLog\src\NLog\Layouts\SimpleLayout.cs:line 119
   at NLog.Layouts.SimpleLayout..ctor(String txt, ConfigurationItemFactory configurationItemFactory) in C:\dev\NLog\src\NLog\Layouts\SimpleLayout.cs:line 88
   at NLog.Layouts.Layout.FromString(String layoutText, ConfigurationItemFactory configurationItemFactory) in C:\dev\NLog\src\NLog\Layouts\Layout.cs:line 104
   at NLog.Layouts.Layout.FromString(String layoutText) in C:\dev\NLog\src\NLog\Layouts\Layout.cs:line 93
   at NLog.Layouts.Layout.op_Implicit(String text) in C:\dev\NLog\src\NLog\Layouts\Layout.cs:line 83
   at NLog.Targets.TargetWithLayout..ctor() in C:\dev\NLog\src\NLog\Targets\TargetWithLayout.cs:line 54
   at NLog.Targets.TargetWithLayoutHeaderAndFooter..ctor() in C:\dev\NLog\src\NLog\Targets\TargetWithLayoutHeaderAndFooter.cs:line 50
   at NLog.Targets.FileTarget..ctor() in C:\dev\NLog\src\NLog\Targets\FileTarget.cs:line 167
   at NLog.UnitTests.Targets.FileTargetTests.RollingArchiveTest_MaxArchiveFiles_0(String slash) in C:\dev\NLog\tests\NLog.UnitTests\Targets\FileTargetTests.cs:line 1442]]></stack-trace>
        </failure>
      </test>
      <test name="NLog.UnitTests.Targets.PlainFileTargetTests.RollingArchiveTest_MaxArchiveFiles_0(slash: &quot;\&quot;)" type="NLog.UnitTests.Targets.PlainFileTargetTests" method="RollingArchiveTest_MaxArchiveFiles_0" time="0.0002695" result="Fail">
        <failure exception-type="System.ArgumentException">
          <message><![CDATA[System.ArgumentException : LayoutRenderer cannot be found: 'longdate']]></message>
          <stack-trace><![CDATA[   at NLog.Config.Factory`2.CreateInstance(String name) in C:\dev\NLog\src\NLog\Config\Factory.cs:line 199
   at NLog.Layouts.LayoutParser.ParseLayoutRenderer(ConfigurationItemFactory configurationItemFactory, SimpleStringReader sr) in C:\dev\NLog\src\NLog\Layouts\LayoutParser.cs:line 345
   at NLog.Layouts.LayoutParser.CompileLayout(ConfigurationItemFactory configurationItemFactory, SimpleStringReader sr, Boolean isNested, String& text) in C:\dev\NLog\src\NLog\Layouts\LayoutParser.cs:line 108
   at NLog.Layouts.SimpleLayout.set_Text(String value) in C:\dev\NLog\src\NLog\Layouts\SimpleLayout.cs:line 119
   at NLog.Layouts.SimpleLayout..ctor(String txt, ConfigurationItemFactory configurationItemFactory) in C:\dev\NLog\src\NLog\Layouts\SimpleLayout.cs:line 88
   at NLog.Layouts.Layout.FromString(String layoutText, ConfigurationItemFactory configurationItemFactory) in C:\dev\NLog\src\NLog\Layouts\Layout.cs:line 104
   at NLog.Layouts.Layout.FromString(String layoutText) in C:\dev\NLog\src\NLog\Layouts\Layout.cs:line 93
   at NLog.Layouts.Layout.op_Implicit(String text) in C:\dev\NLog\src\NLog\Layouts\Layout.cs:line 83
   at NLog.Targets.TargetWithLayout..ctor() in C:\dev\NLog\src\NLog\Targets\TargetWithLayout.cs:line 54
   at NLog.Targets.TargetWithLayoutHeaderAndFooter..ctor() in C:\dev\NLog\src\NLog\Targets\TargetWithLayoutHeaderAndFooter.cs:line 50
   at NLog.Targets.FileTarget..ctor() in C:\dev\NLog\src\NLog\Targets\FileTarget.cs:line 167
   at NLog.UnitTests.Targets.FileTargetTests.RollingArchiveTest_MaxArchiveFiles_0(String slash) in C:\dev\NLog\tests\NLog.UnitTests\Targets\FileTargetTests.cs:line 1442]]></stack-trace>
        </failure>
      </test>
      <test name="NLog.UnitTests.Targets.PlainFileTargetTests.DeleteArchiveFilesByDateWithDateName" type="NLog.UnitTests.Targets.PlainFileTargetTests" method="DeleteArchiveFilesByDateWithDateName" time="0.0010421" result="Fail">
        <failure exception-type="System.ArgumentException">
          <message><![CDATA[System.ArgumentException : LayoutRenderer cannot be found: 'longdate']]></message>
          <stack-trace><![CDATA[   at NLog.Config.Factory`2.CreateInstance(String name) in C:\dev\NLog\src\NLog\Config\Factory.cs:line 199
   at NLog.Layouts.LayoutParser.ParseLayoutRenderer(ConfigurationItemFactory configurationItemFactory, SimpleStringReader sr) in C:\dev\NLog\src\NLog\Layouts\LayoutParser.cs:line 345
   at NLog.Layouts.LayoutParser.CompileLayout(ConfigurationItemFactory configurationItemFactory, SimpleStringReader sr, Boolean isNested, String& text) in C:\dev\NLog\src\NLog\Layouts\LayoutParser.cs:line 108
   at NLog.Layouts.SimpleLayout.set_Text(String value) in C:\dev\NLog\src\NLog\Layouts\SimpleLayout.cs:line 119
   at NLog.Layouts.SimpleLayout..ctor(String txt, ConfigurationItemFactory configurationItemFactory) in C:\dev\NLog\src\NLog\Layouts\SimpleLayout.cs:line 88
   at NLog.Layouts.Layout.FromString(String layoutText, ConfigurationItemFactory configurationItemFactory) in C:\dev\NLog\src\NLog\Layouts\Layout.cs:line 104
   at NLog.Layouts.Layout.FromString(String layoutText) in C:\dev\NLog\src\NLog\Layouts\Layout.cs:line 93
   at NLog.Layouts.Layout.op_Implicit(String text) in C:\dev\NLog\src\NLog\Layouts\Layout.cs:line 83
   at NLog.Targets.TargetWithLayout..ctor() in C:\dev\NLog\src\NLog\Targets\TargetWithLayout.cs:line 54
   at NLog.Targets.TargetWithLayoutHeaderAndFooter..ctor() in C:\dev\NLog\src\NLog\Targets\TargetWithLayoutHeaderAndFooter.cs:line 50
   at NLog.Targets.FileTarget..ctor() in C:\dev\NLog\src\NLog\Targets\FileTarget.cs:line 167
   at NLog.UnitTests.Targets.FileTargetTests.DeleteArchiveFilesByDateWithDateName() in C:\dev\NLog\tests\NLog.UnitTests\Targets\FileTargetTests.cs:line 691]]></stack-trace>
        </failure>
      </test>
      <test name="NLog.UnitTests.Targets.PlainFileTargetTests.FileTarget_LogAndArchiveFilesWithSameName_ShouldArchive" type="NLog.UnitTests.Targets.PlainFileTargetTests" method="FileTarget_LogAndArchiveFilesWithSameName_ShouldArchive" time="0.0006525" result="Fail">
        <failure exception-type="System.ArgumentException">
          <message><![CDATA[System.ArgumentException : LayoutRenderer cannot be found: 'longdate']]></message>
          <stack-trace><![CDATA[   at NLog.Config.Factory`2.CreateInstance(String name) in C:\dev\NLog\src\NLog\Config\Factory.cs:line 199
   at NLog.Layouts.LayoutParser.ParseLayoutRenderer(ConfigurationItemFactory configurationItemFactory, SimpleStringReader sr) in C:\dev\NLog\src\NLog\Layouts\LayoutParser.cs:line 345
   at NLog.Layouts.LayoutParser.CompileLayout(ConfigurationItemFactory configurationItemFactory, SimpleStringReader sr, Boolean isNested, String& text) in C:\dev\NLog\src\NLog\Layouts\LayoutParser.cs:line 108
   at NLog.Layouts.SimpleLayout.set_Text(String value) in C:\dev\NLog\src\NLog\Layouts\SimpleLayout.cs:line 119
   at NLog.Layouts.SimpleLayout..ctor(String txt, ConfigurationItemFactory configurationItemFactory) in C:\dev\NLog\src\NLog\Layouts\SimpleLayout.cs:line 88
   at NLog.Layouts.Layout.FromString(String layoutText, ConfigurationItemFactory configurationItemFactory) in C:\dev\NLog\src\NLog\Layouts\Layout.cs:line 104
   at NLog.Layouts.Layout.FromString(String layoutText) in C:\dev\NLog\src\NLog\Layouts\Layout.cs:line 93
   at NLog.Layouts.Layout.op_Implicit(String text) in C:\dev\NLog\src\NLog\Layouts\Layout.cs:line 83
   at NLog.Targets.TargetWithLayout..ctor() in C:\dev\NLog\src\NLog\Targets\TargetWithLayout.cs:line 54
   at NLog.Targets.TargetWithLayoutHeaderAndFooter..ctor() in C:\dev\NLog\src\NLog\Targets\TargetWithLayoutHeaderAndFooter.cs:line 50
   at NLog.Targets.FileTarget..ctor() in C:\dev\NLog\src\NLog\Targets\FileTarget.cs:line 167
   at NLog.UnitTests.Targets.FileTargetTests.FileTarget_LogAndArchiveFilesWithSameName_ShouldArchive() in C:\dev\NLog\tests\NLog.UnitTests\Targets\FileTargetTests.cs:line 1851]]></stack-trace>
        </failure>
      </test>
      <test name="NLog.UnitTests.Targets.WrappedFileTargetTests.BufferedMultiFileWrite" type="NLog.UnitTests.Targets.WrappedFileTargetTests" method="BufferedMultiFileWrite" time="0.0004097" result="Fail">
        <failure exception-type="System.ArgumentException">
          <message><![CDATA[System.ArgumentException : LayoutRenderer cannot be found: 'longdate']]></message>
          <stack-trace><![CDATA[   at NLog.Config.Factory`2.CreateInstance(String name) in C:\dev\NLog\src\NLog\Config\Factory.cs:line 199
   at NLog.Layouts.LayoutParser.ParseLayoutRenderer(ConfigurationItemFactory configurationItemFactory, SimpleStringReader sr) in C:\dev\NLog\src\NLog\Layouts\LayoutParser.cs:line 345
   at NLog.Layouts.LayoutParser.CompileLayout(ConfigurationItemFactory configurationItemFactory, SimpleStringReader sr, Boolean isNested, String& text) in C:\dev\NLog\src\NLog\Layouts\LayoutParser.cs:line 108
   at NLog.Layouts.SimpleLayout.set_Text(String value) in C:\dev\NLog\src\NLog\Layouts\SimpleLayout.cs:line 119
   at NLog.Layouts.SimpleLayout..ctor(String txt, ConfigurationItemFactory configurationItemFactory) in C:\dev\NLog\src\NLog\Layouts\SimpleLayout.cs:line 88
   at NLog.Layouts.Layout.FromString(String layoutText, ConfigurationItemFactory configurationItemFactory) in C:\dev\NLog\src\NLog\Layouts\Layout.cs:line 104
   at NLog.Layouts.Layout.FromString(String layoutText) in C:\dev\NLog\src\NLog\Layouts\Layout.cs:line 93
   at NLog.Layouts.Layout.op_Implicit(String text) in C:\dev\NLog\src\NLog\Layouts\Layout.cs:line 83
   at NLog.Targets.TargetWithLayout..ctor() in C:\dev\NLog\src\NLog\Targets\TargetWithLayout.cs:line 54
   at NLog.Targets.TargetWithLayoutHeaderAndFooter..ctor() in C:\dev\NLog\src\NLog\Targets\TargetWithLayoutHeaderAndFooter.cs:line 50
   at NLog.Targets.FileTarget..ctor() in C:\dev\NLog\src\NLog\Targets\FileTarget.cs:line 167
   at NLog.UnitTests.Targets.FileTargetTests.BufferedMultiFileWrite() in C:\dev\NLog\tests\NLog.UnitTests\Targets\FileTargetTests.cs:line 1561]]></stack-trace>
        </failure>
      </test>
      <test name="NLog.UnitTests.Targets.WrappedFileTargetTests.RelativeFileNaming_ShouldSuccess" type="NLog.UnitTests.Targets.WrappedFileTargetTests" method="RelativeFileNaming_ShouldSuccess" time="0.0002294" result="Fail">
        <failure exception-type="System.ArgumentException">
          <message><![CDATA[System.ArgumentException : LayoutRenderer cannot be found: 'longdate']]></message>
          <stack-trace><![CDATA[   at NLog.Config.Factory`2.CreateInstance(String name) in C:\dev\NLog\src\NLog\Config\Factory.cs:line 199
   at NLog.Layouts.LayoutParser.ParseLayoutRenderer(ConfigurationItemFactory configurationItemFactory, SimpleStringReader sr) in C:\dev\NLog\src\NLog\Layouts\LayoutParser.cs:line 345
   at NLog.Layouts.LayoutParser.CompileLayout(ConfigurationItemFactory configurationItemFactory, SimpleStringReader sr, Boolean isNested, String& text) in C:\dev\NLog\src\NLog\Layouts\LayoutParser.cs:line 108
   at NLog.Layouts.SimpleLayout.set_Text(String value) in C:\dev\NLog\src\NLog\Layouts\SimpleLayout.cs:line 119
   at NLog.Layouts.SimpleLayout..ctor(String txt, ConfigurationItemFactory configurationItemFactory) in C:\dev\NLog\src\NLog\Layouts\SimpleLayout.cs:line 88
   at NLog.Layouts.Layout.FromString(String layoutText, ConfigurationItemFactory configurationItemFactory) in C:\dev\NLog\src\NLog\Layouts\Layout.cs:line 104
   at NLog.Layouts.Layout.FromString(String layoutText) in C:\dev\NLog\src\NLog\Layouts\Layout.cs:line 93
   at NLog.Layouts.Layout.op_Implicit(String text) in C:\dev\NLog\src\NLog\Layouts\Layout.cs:line 83
   at NLog.Targets.TargetWithLayout..ctor() in C:\dev\NLog\src\NLog\Targets\TargetWithLayout.cs:line 54
   at NLog.Targets.TargetWithLayoutHeaderAndFooter..ctor() in C:\dev\NLog\src\NLog\Targets\TargetWithLayoutHeaderAndFooter.cs:line 50
   at NLog.Targets.FileTarget..ctor() in C:\dev\NLog\src\NLog\Targets\FileTarget.cs:line 167
   at NLog.UnitTests.Targets.FileTargetTests.RelativeFileNaming_ShouldSuccess() in C:\dev\NLog\tests\NLog.UnitTests\Targets\FileTargetTests.cs:line 2471]]></stack-trace>
        </failure>
      </test>
      <test name="NLog.UnitTests.Targets.WrappedFileTargetTests.ArchiveFileRollsCorrectly_ExistingArchives" type="NLog.UnitTests.Targets.WrappedFileTargetTests" method="ArchiveFileRollsCorrectly_ExistingArchives" time="0.0022942" result="Fail">
        <failure exception-type="System.ArgumentException">
          <message><![CDATA[System.ArgumentException : LayoutRenderer cannot be found: 'longdate']]></message>
          <stack-trace><![CDATA[   at NLog.Config.Factory`2.CreateInstance(String name) in C:\dev\NLog\src\NLog\Config\Factory.cs:line 199
   at NLog.Layouts.LayoutParser.ParseLayoutRenderer(ConfigurationItemFactory configurationItemFactory, SimpleStringReader sr) in C:\dev\NLog\src\NLog\Layouts\LayoutParser.cs:line 345
   at NLog.Layouts.LayoutParser.CompileLayout(ConfigurationItemFactory configurationItemFactory, SimpleStringReader sr, Boolean isNested, String& text) in C:\dev\NLog\src\NLog\Layouts\LayoutParser.cs:line 108
   at NLog.Layouts.SimpleLayout.set_Text(String value) in C:\dev\NLog\src\NLog\Layouts\SimpleLayout.cs:line 119
   at NLog.Layouts.SimpleLayout..ctor(String txt, ConfigurationItemFactory configurationItemFactory) in C:\dev\NLog\src\NLog\Layouts\SimpleLayout.cs:line 88
   at NLog.Layouts.Layout.FromString(String layoutText, ConfigurationItemFactory configurationItemFactory) in C:\dev\NLog\src\NLog\Layouts\Layout.cs:line 104
   at NLog.Layouts.Layout.FromString(String layoutText) in C:\dev\NLog\src\NLog\Layouts\Layout.cs:line 93
   at NLog.Layouts.Layout.op_Implicit(String text) in C:\dev\NLog\src\NLog\Layouts\Layout.cs:line 83
   at NLog.Targets.TargetWithLayout..ctor() in C:\dev\NLog\src\NLog\Targets\TargetWithLayout.cs:line 54
   at NLog.Targets.TargetWithLayoutHeaderAndFooter..ctor() in C:\dev\NLog\src\NLog\Targets\TargetWithLayoutHeaderAndFooter.cs:line 50
   at NLog.Targets.FileTarget..ctor() in C:\dev\NLog\src\NLog\Targets\FileTarget.cs:line 167
   at NLog.UnitTests.Targets.FileTargetTests.ArchiveFileRollsCorrectly_ExistingArchives() in C:\dev\NLog\tests\NLog.UnitTests\Targets\FileTargetTests.cs:line 2080]]></stack-trace>
        </failure>
      </test>
      <test name="NLog.UnitTests.Targets.WrappedFileTargetTests.RepeatingHeaderTest" type="NLog.UnitTests.Targets.WrappedFileTargetTests" method="RepeatingHeaderTest" time="0.0003109" result="Fail">
        <failure exception-type="System.ArgumentException">
          <message><![CDATA[System.ArgumentException : LayoutRenderer cannot be found: 'longdate']]></message>
          <stack-trace><![CDATA[   at NLog.Config.Factory`2.CreateInstance(String name) in C:\dev\NLog\src\NLog\Config\Factory.cs:line 199
   at NLog.Layouts.LayoutParser.ParseLayoutRenderer(ConfigurationItemFactory configurationItemFactory, SimpleStringReader sr) in C:\dev\NLog\src\NLog\Layouts\LayoutParser.cs:line 345
   at NLog.Layouts.LayoutParser.CompileLayout(ConfigurationItemFactory configurationItemFactory, SimpleStringReader sr, Boolean isNested, String& text) in C:\dev\NLog\src\NLog\Layouts\LayoutParser.cs:line 108
   at NLog.Layouts.SimpleLayout.set_Text(String value) in C:\dev\NLog\src\NLog\Layouts\SimpleLayout.cs:line 119
   at NLog.Layouts.SimpleLayout..ctor(String txt, ConfigurationItemFactory configurationItemFactory) in C:\dev\NLog\src\NLog\Layouts\SimpleLayout.cs:line 88
   at NLog.Layouts.Layout.FromString(String layoutText, ConfigurationItemFactory configurationItemFactory) in C:\dev\NLog\src\NLog\Layouts\Layout.cs:line 104
   at NLog.Layouts.Layout.FromString(String layoutText) in C:\dev\NLog\src\NLog\Layouts\Layout.cs:line 93
   at NLog.Layouts.Layout.op_Implicit(String text) in C:\dev\NLog\src\NLog\Layouts\Layout.cs:line 83
   at NLog.Targets.TargetWithLayout..ctor() in C:\dev\NLog\src\NLog\Targets\TargetWithLayout.cs:line 54
   at NLog.Targets.TargetWithLayoutHeaderAndFooter..ctor() in C:\dev\NLog\src\NLog\Targets\TargetWithLayoutHeaderAndFooter.cs:line 50
   at NLog.Targets.FileTarget..ctor() in C:\dev\NLog\src\NLog\Targets\FileTarget.cs:line 167
   at NLog.UnitTests.Targets.FileTargetTests.RepeatingHeaderTest() in C:\dev\NLog\tests\NLog.UnitTests\Targets\FileTargetTests.cs:line 1254]]></stack-trace>
        </failure>
      </test>
      <test name="NLog.UnitTests.Targets.WrappedFileTargetTests.ArchiveFileRollsCorrectly" type="NLog.UnitTests.Targets.WrappedFileTargetTests" method="ArchiveFileRollsCorrectly" time="0.0004143" result="Fail">
        <failure exception-type="System.ArgumentException">
          <message><![CDATA[System.ArgumentException : LayoutRenderer cannot be found: 'longdate']]></message>
          <stack-trace><![CDATA[   at NLog.Config.Factory`2.CreateInstance(String name) in C:\dev\NLog\src\NLog\Config\Factory.cs:line 199
   at NLog.Layouts.LayoutParser.ParseLayoutRenderer(ConfigurationItemFactory configurationItemFactory, SimpleStringReader sr) in C:\dev\NLog\src\NLog\Layouts\LayoutParser.cs:line 345
   at NLog.Layouts.LayoutParser.CompileLayout(ConfigurationItemFactory configurationItemFactory, SimpleStringReader sr, Boolean isNested, String& text) in C:\dev\NLog\src\NLog\Layouts\LayoutParser.cs:line 108
   at NLog.Layouts.SimpleLayout.set_Text(String value) in C:\dev\NLog\src\NLog\Layouts\SimpleLayout.cs:line 119
   at NLog.Layouts.SimpleLayout..ctor(String txt, ConfigurationItemFactory configurationItemFactory) in C:\dev\NLog\src\NLog\Layouts\SimpleLayout.cs:line 88
   at NLog.Layouts.Layout.FromString(String layoutText, ConfigurationItemFactory configurationItemFactory) in C:\dev\NLog\src\NLog\Layouts\Layout.cs:line 104
   at NLog.Layouts.Layout.FromString(String layoutText) in C:\dev\NLog\src\NLog\Layouts\Layout.cs:line 93
   at NLog.Layouts.Layout.op_Implicit(String text) in C:\dev\NLog\src\NLog\Layouts\Layout.cs:line 83
   at NLog.Targets.TargetWithLayout..ctor() in C:\dev\NLog\src\NLog\Targets\TargetWithLayout.cs:line 54
   at NLog.Targets.TargetWithLayoutHeaderAndFooter..ctor() in C:\dev\NLog\src\NLog\Targets\TargetWithLayoutHeaderAndFooter.cs:line 50
   at NLog.Targets.FileTarget..ctor() in C:\dev\NLog\src\NLog\Targets\FileTarget.cs:line 167
   at NLog.UnitTests.Targets.FileTargetTests.ArchiveFileRollsCorrectly() in C:\dev\NLog\tests\NLog.UnitTests\Targets\FileTargetTests.cs:line 2001]]></stack-trace>
        </failure>
      </test>
      <test name="NLog.UnitTests.Targets.WrappedFileTargetTests.DateArchive_AllLoggersTransferToCurrentLogFile(concurrentWrites: True, keepFileOpen: True, networkWrites: True, includeSequenceInArchive: True, enableArchiveCompression: True)" type="NLog.UnitTests.Targets.WrappedFileTargetTests" method="DateArchive_AllLoggersTransferToCurrentLogFile" time="0.0002653" result="Fail">
        <failure exception-type="System.ArgumentException">
          <message><![CDATA[System.ArgumentException : LayoutRenderer cannot be found: 'longdate']]></message>
          <stack-trace><![CDATA[   at NLog.Config.Factory`2.CreateInstance(String name) in C:\dev\NLog\src\NLog\Config\Factory.cs:line 199
   at NLog.Layouts.LayoutParser.ParseLayoutRenderer(ConfigurationItemFactory configurationItemFactory, SimpleStringReader sr) in C:\dev\NLog\src\NLog\Layouts\LayoutParser.cs:line 345
   at NLog.Layouts.LayoutParser.CompileLayout(ConfigurationItemFactory configurationItemFactory, SimpleStringReader sr, Boolean isNested, String& text) in C:\dev\NLog\src\NLog\Layouts\LayoutParser.cs:line 108
   at NLog.Layouts.SimpleLayout.set_Text(String value) in C:\dev\NLog\src\NLog\Layouts\SimpleLayout.cs:line 119
   at NLog.Layouts.SimpleLayout..ctor(String txt, ConfigurationItemFactory configurationItemFactory) in C:\dev\NLog\src\NLog\Layouts\SimpleLayout.cs:line 88
   at NLog.Layouts.Layout.FromString(String layoutText, ConfigurationItemFactory configurationItemFactory) in C:\dev\NLog\src\NLog\Layouts\Layout.cs:line 104
   at NLog.Layouts.Layout.FromString(String layoutText) in C:\dev\NLog\src\NLog\Layouts\Layout.cs:line 93
   at NLog.Layouts.Layout.op_Implicit(String text) in C:\dev\NLog\src\NLog\Layouts\Layout.cs:line 83
   at NLog.Targets.TargetWithLayout..ctor() in C:\dev\NLog\src\NLog\Targets\TargetWithLayout.cs:line 54
   at NLog.Targets.TargetWithLayoutHeaderAndFooter..ctor() in C:\dev\NLog\src\NLog\Targets\TargetWithLayoutHeaderAndFooter.cs:line 50
   at NLog.Targets.FileTarget..ctor() in C:\dev\NLog\src\NLog\Targets\FileTarget.cs:line 167
   at NLog.UnitTests.Targets.FileTargetTests.DateArchive_AllLoggersTransferToCurrentLogFile(Boolean concurrentWrites, Boolean keepFileOpen, Boolean networkWrites, Boolean includeSequenceInArchive, Boolean enableArchiveCompression) in C:\dev\NLog\tests\NLog.UnitTests\Targets\FileTargetTests.cs:line 1048]]></stack-trace>
        </failure>
      </test>
      <test name="NLog.UnitTests.Targets.WrappedFileTargetTests.DateArchive_AllLoggersTransferToCurrentLogFile(concurrentWrites: True, keepFileOpen: True, networkWrites: True, includeSequenceInArchive: True, enableArchiveCompression: False)" type="NLog.UnitTests.Targets.WrappedFileTargetTests" method="DateArchive_AllLoggersTransferToCurrentLogFile" time="0.0002086" result="Fail">
        <failure exception-type="System.ArgumentException">
          <message><![CDATA[System.ArgumentException : LayoutRenderer cannot be found: 'longdate']]></message>
          <stack-trace><![CDATA[   at NLog.Config.Factory`2.CreateInstance(String name) in C:\dev\NLog\src\NLog\Config\Factory.cs:line 199
   at NLog.Layouts.LayoutParser.ParseLayoutRenderer(ConfigurationItemFactory configurationItemFactory, SimpleStringReader sr) in C:\dev\NLog\src\NLog\Layouts\LayoutParser.cs:line 345
   at NLog.Layouts.LayoutParser.CompileLayout(ConfigurationItemFactory configurationItemFactory, SimpleStringReader sr, Boolean isNested, String& text) in C:\dev\NLog\src\NLog\Layouts\LayoutParser.cs:line 108
   at NLog.Layouts.SimpleLayout.set_Text(String value) in C:\dev\NLog\src\NLog\Layouts\SimpleLayout.cs:line 119
   at NLog.Layouts.SimpleLayout..ctor(String txt, ConfigurationItemFactory configurationItemFactory) in C:\dev\NLog\src\NLog\Layouts\SimpleLayout.cs:line 88
   at NLog.Layouts.Layout.FromString(String layoutText, ConfigurationItemFactory configurationItemFactory) in C:\dev\NLog\src\NLog\Layouts\Layout.cs:line 104
   at NLog.Layouts.Layout.FromString(String layoutText) in C:\dev\NLog\src\NLog\Layouts\Layout.cs:line 93
   at NLog.Layouts.Layout.op_Implicit(String text) in C:\dev\NLog\src\NLog\Layouts\Layout.cs:line 83
   at NLog.Targets.TargetWithLayout..ctor() in C:\dev\NLog\src\NLog\Targets\TargetWithLayout.cs:line 54
   at NLog.Targets.TargetWithLayoutHeaderAndFooter..ctor() in C:\dev\NLog\src\NLog\Targets\TargetWithLayoutHeaderAndFooter.cs:line 50
   at NLog.Targets.FileTarget..ctor() in C:\dev\NLog\src\NLog\Targets\FileTarget.cs:line 167
   at NLog.UnitTests.Targets.FileTargetTests.DateArchive_AllLoggersTransferToCurrentLogFile(Boolean concurrentWrites, Boolean keepFileOpen, Boolean networkWrites, Boolean includeSequenceInArchive, Boolean enableArchiveCompression) in C:\dev\NLog\tests\NLog.UnitTests\Targets\FileTargetTests.cs:line 1048]]></stack-trace>
        </failure>
      </test>
      <test name="NLog.UnitTests.Targets.WrappedFileTargetTests.DateArchive_AllLoggersTransferToCurrentLogFile(concurrentWrites: True, keepFileOpen: True, networkWrites: True, includeSequenceInArchive: False, enableArchiveCompression: True)" type="NLog.UnitTests.Targets.WrappedFileTargetTests" method="DateArchive_AllLoggersTransferToCurrentLogFile" time="0.0001968" result="Fail">
        <failure exception-type="System.ArgumentException">
          <message><![CDATA[System.ArgumentException : LayoutRenderer cannot be found: 'longdate']]></message>
          <stack-trace><![CDATA[   at NLog.Config.Factory`2.CreateInstance(String name) in C:\dev\NLog\src\NLog\Config\Factory.cs:line 199
   at NLog.Layouts.LayoutParser.ParseLayoutRenderer(ConfigurationItemFactory configurationItemFactory, SimpleStringReader sr) in C:\dev\NLog\src\NLog\Layouts\LayoutParser.cs:line 345
   at NLog.Layouts.LayoutParser.CompileLayout(ConfigurationItemFactory configurationItemFactory, SimpleStringReader sr, Boolean isNested, String& text) in C:\dev\NLog\src\NLog\Layouts\LayoutParser.cs:line 108
   at NLog.Layouts.SimpleLayout.set_Text(String value) in C:\dev\NLog\src\NLog\Layouts\SimpleLayout.cs:line 119
   at NLog.Layouts.SimpleLayout..ctor(String txt, ConfigurationItemFactory configurationItemFactory) in C:\dev\NLog\src\NLog\Layouts\SimpleLayout.cs:line 88
   at NLog.Layouts.Layout.FromString(String layoutText, ConfigurationItemFactory configurationItemFactory) in C:\dev\NLog\src\NLog\Layouts\Layout.cs:line 104
   at NLog.Layouts.Layout.FromString(String layoutText) in C:\dev\NLog\src\NLog\Layouts\Layout.cs:line 93
   at NLog.Layouts.Layout.op_Implicit(String text) in C:\dev\NLog\src\NLog\Layouts\Layout.cs:line 83
   at NLog.Targets.TargetWithLayout..ctor() in C:\dev\NLog\src\NLog\Targets\TargetWithLayout.cs:line 54
   at NLog.Targets.TargetWithLayoutHeaderAndFooter..ctor() in C:\dev\NLog\src\NLog\Targets\TargetWithLayoutHeaderAndFooter.cs:line 50
   at NLog.Targets.FileTarget..ctor() in C:\dev\NLog\src\NLog\Targets\FileTarget.cs:line 167
   at NLog.UnitTests.Targets.FileTargetTests.DateArchive_AllLoggersTransferToCurrentLogFile(Boolean concurrentWrites, Boolean keepFileOpen, Boolean networkWrites, Boolean includeSequenceInArchive, Boolean enableArchiveCompression) in C:\dev\NLog\tests\NLog.UnitTests\Targets\FileTargetTests.cs:line 1048]]></stack-trace>
        </failure>
      </test>
      <test name="NLog.UnitTests.Targets.WrappedFileTargetTests.DateArchive_AllLoggersTransferToCurrentLogFile(concurrentWrites: True, keepFileOpen: True, networkWrites: True, includeSequenceInArchive: False, enableArchiveCompression: False)" type="NLog.UnitTests.Targets.WrappedFileTargetTests" method="DateArchive_AllLoggersTransferToCurrentLogFile" time="0.0001865" result="Fail">
        <failure exception-type="System.ArgumentException">
          <message><![CDATA[System.ArgumentException : LayoutRenderer cannot be found: 'longdate']]></message>
          <stack-trace><![CDATA[   at NLog.Config.Factory`2.CreateInstance(String name) in C:\dev\NLog\src\NLog\Config\Factory.cs:line 199
   at NLog.Layouts.LayoutParser.ParseLayoutRenderer(ConfigurationItemFactory configurationItemFactory, SimpleStringReader sr) in C:\dev\NLog\src\NLog\Layouts\LayoutParser.cs:line 345
   at NLog.Layouts.LayoutParser.CompileLayout(ConfigurationItemFactory configurationItemFactory, SimpleStringReader sr, Boolean isNested, String& text) in C:\dev\NLog\src\NLog\Layouts\LayoutParser.cs:line 108
   at NLog.Layouts.SimpleLayout.set_Text(String value) in C:\dev\NLog\src\NLog\Layouts\SimpleLayout.cs:line 119
   at NLog.Layouts.SimpleLayout..ctor(String txt, ConfigurationItemFactory configurationItemFactory) in C:\dev\NLog\src\NLog\Layouts\SimpleLayout.cs:line 88
   at NLog.Layouts.Layout.FromString(String layoutText, ConfigurationItemFactory configurationItemFactory) in C:\dev\NLog\src\NLog\Layouts\Layout.cs:line 104
   at NLog.Layouts.Layout.FromString(String layoutText) in C:\dev\NLog\src\NLog\Layouts\Layout.cs:line 93
   at NLog.Layouts.Layout.op_Implicit(String text) in C:\dev\NLog\src\NLog\Layouts\Layout.cs:line 83
   at NLog.Targets.TargetWithLayout..ctor() in C:\dev\NLog\src\NLog\Targets\TargetWithLayout.cs:line 54
   at NLog.Targets.TargetWithLayoutHeaderAndFooter..ctor() in C:\dev\NLog\src\NLog\Targets\TargetWithLayoutHeaderAndFooter.cs:line 50
   at NLog.Targets.FileTarget..ctor() in C:\dev\NLog\src\NLog\Targets\FileTarget.cs:line 167
   at NLog.UnitTests.Targets.FileTargetTests.DateArchive_AllLoggersTransferToCurrentLogFile(Boolean concurrentWrites, Boolean keepFileOpen, Boolean networkWrites, Boolean includeSequenceInArchive, Boolean enableArchiveCompression) in C:\dev\NLog\tests\NLog.UnitTests\Targets\FileTargetTests.cs:line 1048]]></stack-trace>
        </failure>
      </test>
      <test name="NLog.UnitTests.Targets.WrappedFileTargetTests.DateArchive_AllLoggersTransferToCurrentLogFile(concurrentWrites: True, keepFileOpen: True, networkWrites: False, includeSequenceInArchive: True, enableArchiveCompression: True)" type="NLog.UnitTests.Targets.WrappedFileTargetTests" method="DateArchive_AllLoggersTransferToCurrentLogFile" time="0.0001884" result="Fail">
        <failure exception-type="System.ArgumentException">
          <message><![CDATA[System.ArgumentException : LayoutRenderer cannot be found: 'longdate']]></message>
          <stack-trace><![CDATA[   at NLog.Config.Factory`2.CreateInstance(String name) in C:\dev\NLog\src\NLog\Config\Factory.cs:line 199
   at NLog.Layouts.LayoutParser.ParseLayoutRenderer(ConfigurationItemFactory configurationItemFactory, SimpleStringReader sr) in C:\dev\NLog\src\NLog\Layouts\LayoutParser.cs:line 345
   at NLog.Layouts.LayoutParser.CompileLayout(ConfigurationItemFactory configurationItemFactory, SimpleStringReader sr, Boolean isNested, String& text) in C:\dev\NLog\src\NLog\Layouts\LayoutParser.cs:line 108
   at NLog.Layouts.SimpleLayout.set_Text(String value) in C:\dev\NLog\src\NLog\Layouts\SimpleLayout.cs:line 119
   at NLog.Layouts.SimpleLayout..ctor(String txt, ConfigurationItemFactory configurationItemFactory) in C:\dev\NLog\src\NLog\Layouts\SimpleLayout.cs:line 88
   at NLog.Layouts.Layout.FromString(String layoutText, ConfigurationItemFactory configurationItemFactory) in C:\dev\NLog\src\NLog\Layouts\Layout.cs:line 104
   at NLog.Layouts.Layout.FromString(String layoutText) in C:\dev\NLog\src\NLog\Layouts\Layout.cs:line 93
   at NLog.Layouts.Layout.op_Implicit(String text) in C:\dev\NLog\src\NLog\Layouts\Layout.cs:line 83
   at NLog.Targets.TargetWithLayout..ctor() in C:\dev\NLog\src\NLog\Targets\TargetWithLayout.cs:line 54
   at NLog.Targets.TargetWithLayoutHeaderAndFooter..ctor() in C:\dev\NLog\src\NLog\Targets\TargetWithLayoutHeaderAndFooter.cs:line 50
   at NLog.Targets.FileTarget..ctor() in C:\dev\NLog\src\NLog\Targets\FileTarget.cs:line 167
   at NLog.UnitTests.Targets.FileTargetTests.DateArchive_AllLoggersTransferToCurrentLogFile(Boolean concurrentWrites, Boolean keepFileOpen, Boolean networkWrites, Boolean includeSequenceInArchive, Boolean enableArchiveCompression) in C:\dev\NLog\tests\NLog.UnitTests\Targets\FileTargetTests.cs:line 1048]]></stack-trace>
        </failure>
      </test>
      <test name="NLog.UnitTests.Targets.WrappedFileTargetTests.DateArchive_AllLoggersTransferToCurrentLogFile(concurrentWrites: True, keepFileOpen: True, networkWrites: False, includeSequenceInArchive: True, enableArchiveCompression: False)" type="NLog.UnitTests.Targets.WrappedFileTargetTests" method="DateArchive_AllLoggersTransferToCurrentLogFile" time="0.0001838" result="Fail">
        <failure exception-type="System.ArgumentException">
          <message><![CDATA[System.ArgumentException : LayoutRenderer cannot be found: 'longdate']]></message>
          <stack-trace><![CDATA[   at NLog.Config.Factory`2.CreateInstance(String name) in C:\dev\NLog\src\NLog\Config\Factory.cs:line 199
   at NLog.Layouts.LayoutParser.ParseLayoutRenderer(ConfigurationItemFactory configurationItemFactory, SimpleStringReader sr) in C:\dev\NLog\src\NLog\Layouts\LayoutParser.cs:line 345
   at NLog.Layouts.LayoutParser.CompileLayout(ConfigurationItemFactory configurationItemFactory, SimpleStringReader sr, Boolean isNested, String& text) in C:\dev\NLog\src\NLog\Layouts\LayoutParser.cs:line 108
   at NLog.Layouts.SimpleLayout.set_Text(String value) in C:\dev\NLog\src\NLog\Layouts\SimpleLayout.cs:line 119
   at NLog.Layouts.SimpleLayout..ctor(String txt, ConfigurationItemFactory configurationItemFactory) in C:\dev\NLog\src\NLog\Layouts\SimpleLayout.cs:line 88
   at NLog.Layouts.Layout.FromString(String layoutText, ConfigurationItemFactory configurationItemFactory) in C:\dev\NLog\src\NLog\Layouts\Layout.cs:line 104
   at NLog.Layouts.Layout.FromString(String layoutText) in C:\dev\NLog\src\NLog\Layouts\Layout.cs:line 93
   at NLog.Layouts.Layout.op_Implicit(String text) in C:\dev\NLog\src\NLog\Layouts\Layout.cs:line 83
   at NLog.Targets.TargetWithLayout..ctor() in C:\dev\NLog\src\NLog\Targets\TargetWithLayout.cs:line 54
   at NLog.Targets.TargetWithLayoutHeaderAndFooter..ctor() in C:\dev\NLog\src\NLog\Targets\TargetWithLayoutHeaderAndFooter.cs:line 50
   at NLog.Targets.FileTarget..ctor() in C:\dev\NLog\src\NLog\Targets\FileTarget.cs:line 167
   at NLog.UnitTests.Targets.FileTargetTests.DateArchive_AllLoggersTransferToCurrentLogFile(Boolean concurrentWrites, Boolean keepFileOpen, Boolean networkWrites, Boolean includeSequenceInArchive, Boolean enableArchiveCompression) in C:\dev\NLog\tests\NLog.UnitTests\Targets\FileTargetTests.cs:line 1048]]></stack-trace>
        </failure>
      </test>
      <test name="NLog.UnitTests.Targets.WrappedFileTargetTests.DateArchive_AllLoggersTransferToCurrentLogFile(concurrentWrites: True, keepFileOpen: True, networkWrites: False, includeSequenceInArchive: False, enableArchiveCompression: True)" type="NLog.UnitTests.Targets.WrappedFileTargetTests" method="DateArchive_AllLoggersTransferToCurrentLogFile" time="0.0001865" result="Fail">
        <failure exception-type="System.ArgumentException">
          <message><![CDATA[System.ArgumentException : LayoutRenderer cannot be found: 'longdate']]></message>
          <stack-trace><![CDATA[   at NLog.Config.Factory`2.CreateInstance(String name) in C:\dev\NLog\src\NLog\Config\Factory.cs:line 199
   at NLog.Layouts.LayoutParser.ParseLayoutRenderer(ConfigurationItemFactory configurationItemFactory, SimpleStringReader sr) in C:\dev\NLog\src\NLog\Layouts\LayoutParser.cs:line 345
   at NLog.Layouts.LayoutParser.CompileLayout(ConfigurationItemFactory configurationItemFactory, SimpleStringReader sr, Boolean isNested, String& text) in C:\dev\NLog\src\NLog\Layouts\LayoutParser.cs:line 108
   at NLog.Layouts.SimpleLayout.set_Text(String value) in C:\dev\NLog\src\NLog\Layouts\SimpleLayout.cs:line 119
   at NLog.Layouts.SimpleLayout..ctor(String txt, ConfigurationItemFactory configurationItemFactory) in C:\dev\NLog\src\NLog\Layouts\SimpleLayout.cs:line 88
   at NLog.Layouts.Layout.FromString(String layoutText, ConfigurationItemFactory configurationItemFactory) in C:\dev\NLog\src\NLog\Layouts\Layout.cs:line 104
   at NLog.Layouts.Layout.FromString(String layoutText) in C:\dev\NLog\src\NLog\Layouts\Layout.cs:line 93
   at NLog.Layouts.Layout.op_Implicit(String text) in C:\dev\NLog\src\NLog\Layouts\Layout.cs:line 83
   at NLog.Targets.TargetWithLayout..ctor() in C:\dev\NLog\src\NLog\Targets\TargetWithLayout.cs:line 54
   at NLog.Targets.TargetWithLayoutHeaderAndFooter..ctor() in C:\dev\NLog\src\NLog\Targets\TargetWithLayoutHeaderAndFooter.cs:line 50
   at NLog.Targets.FileTarget..ctor() in C:\dev\NLog\src\NLog\Targets\FileTarget.cs:line 167
   at NLog.UnitTests.Targets.FileTargetTests.DateArchive_AllLoggersTransferToCurrentLogFile(Boolean concurrentWrites, Boolean keepFileOpen, Boolean networkWrites, Boolean includeSequenceInArchive, Boolean enableArchiveCompression) in C:\dev\NLog\tests\NLog.UnitTests\Targets\FileTargetTests.cs:line 1048]]></stack-trace>
        </failure>
      </test>
      <test name="NLog.UnitTests.Targets.WrappedFileTargetTests.DateArchive_AllLoggersTransferToCurrentLogFile(concurrentWrites: True, keepFileOpen: True, networkWrites: False, includeSequenceInArchive: False, enableArchiveCompression: False)" type="NLog.UnitTests.Targets.WrappedFileTargetTests" method="DateArchive_AllLoggersTransferToCurrentLogFile" time="0.0001818" result="Fail">
        <failure exception-type="System.ArgumentException">
          <message><![CDATA[System.ArgumentException : LayoutRenderer cannot be found: 'longdate']]></message>
          <stack-trace><![CDATA[   at NLog.Config.Factory`2.CreateInstance(String name) in C:\dev\NLog\src\NLog\Config\Factory.cs:line 199
   at NLog.Layouts.LayoutParser.ParseLayoutRenderer(ConfigurationItemFactory configurationItemFactory, SimpleStringReader sr) in C:\dev\NLog\src\NLog\Layouts\LayoutParser.cs:line 345
   at NLog.Layouts.LayoutParser.CompileLayout(ConfigurationItemFactory configurationItemFactory, SimpleStringReader sr, Boolean isNested, String& text) in C:\dev\NLog\src\NLog\Layouts\LayoutParser.cs:line 108
   at NLog.Layouts.SimpleLayout.set_Text(String value) in C:\dev\NLog\src\NLog\Layouts\SimpleLayout.cs:line 119
   at NLog.Layouts.SimpleLayout..ctor(String txt, ConfigurationItemFactory configurationItemFactory) in C:\dev\NLog\src\NLog\Layouts\SimpleLayout.cs:line 88
   at NLog.Layouts.Layout.FromString(String layoutText, ConfigurationItemFactory configurationItemFactory) in C:\dev\NLog\src\NLog\Layouts\Layout.cs:line 104
   at NLog.Layouts.Layout.FromString(String layoutText) in C:\dev\NLog\src\NLog\Layouts\Layout.cs:line 93
   at NLog.Layouts.Layout.op_Implicit(String text) in C:\dev\NLog\src\NLog\Layouts\Layout.cs:line 83
   at NLog.Targets.TargetWithLayout..ctor() in C:\dev\NLog\src\NLog\Targets\TargetWithLayout.cs:line 54
   at NLog.Targets.TargetWithLayoutHeaderAndFooter..ctor() in C:\dev\NLog\src\NLog\Targets\TargetWithLayoutHeaderAndFooter.cs:line 50
   at NLog.Targets.FileTarget..ctor() in C:\dev\NLog\src\NLog\Targets\FileTarget.cs:line 167
   at NLog.UnitTests.Targets.FileTargetTests.DateArchive_AllLoggersTransferToCurrentLogFile(Boolean concurrentWrites, Boolean keepFileOpen, Boolean networkWrites, Boolean includeSequenceInArchive, Boolean enableArchiveCompression) in C:\dev\NLog\tests\NLog.UnitTests\Targets\FileTargetTests.cs:line 1048]]></stack-trace>
        </failure>
      </test>
      <test name="NLog.UnitTests.Targets.WrappedFileTargetTests.DateArchive_AllLoggersTransferToCurrentLogFile(concurrentWrites: True, keepFileOpen: False, networkWrites: True, includeSequenceInArchive: True, enableArchiveCompression: True)" type="NLog.UnitTests.Targets.WrappedFileTargetTests" method="DateArchive_AllLoggersTransferToCurrentLogFile" time="0.0001763" result="Fail">
        <failure exception-type="System.ArgumentException">
          <message><![CDATA[System.ArgumentException : LayoutRenderer cannot be found: 'longdate']]></message>
          <stack-trace><![CDATA[   at NLog.Config.Factory`2.CreateInstance(String name) in C:\dev\NLog\src\NLog\Config\Factory.cs:line 199
   at NLog.Layouts.LayoutParser.ParseLayoutRenderer(ConfigurationItemFactory configurationItemFactory, SimpleStringReader sr) in C:\dev\NLog\src\NLog\Layouts\LayoutParser.cs:line 345
   at NLog.Layouts.LayoutParser.CompileLayout(ConfigurationItemFactory configurationItemFactory, SimpleStringReader sr, Boolean isNested, String& text) in C:\dev\NLog\src\NLog\Layouts\LayoutParser.cs:line 108
   at NLog.Layouts.SimpleLayout.set_Text(String value) in C:\dev\NLog\src\NLog\Layouts\SimpleLayout.cs:line 119
   at NLog.Layouts.SimpleLayout..ctor(String txt, ConfigurationItemFactory configurationItemFactory) in C:\dev\NLog\src\NLog\Layouts\SimpleLayout.cs:line 88
   at NLog.Layouts.Layout.FromString(String layoutText, ConfigurationItemFactory configurationItemFactory) in C:\dev\NLog\src\NLog\Layouts\Layout.cs:line 104
   at NLog.Layouts.Layout.FromString(String layoutText) in C:\dev\NLog\src\NLog\Layouts\Layout.cs:line 93
   at NLog.Layouts.Layout.op_Implicit(String text) in C:\dev\NLog\src\NLog\Layouts\Layout.cs:line 83
   at NLog.Targets.TargetWithLayout..ctor() in C:\dev\NLog\src\NLog\Targets\TargetWithLayout.cs:line 54
   at NLog.Targets.TargetWithLayoutHeaderAndFooter..ctor() in C:\dev\NLog\src\NLog\Targets\TargetWithLayoutHeaderAndFooter.cs:line 50
   at NLog.Targets.FileTarget..ctor() in C:\dev\NLog\src\NLog\Targets\FileTarget.cs:line 167
   at NLog.UnitTests.Targets.FileTargetTests.DateArchive_AllLoggersTransferToCurrentLogFile(Boolean concurrentWrites, Boolean keepFileOpen, Boolean networkWrites, Boolean includeSequenceInArchive, Boolean enableArchiveCompression) in C:\dev\NLog\tests\NLog.UnitTests\Targets\FileTargetTests.cs:line 1048]]></stack-trace>
        </failure>
      </test>
      <test name="NLog.UnitTests.Targets.WrappedFileTargetTests.DateArchive_AllLoggersTransferToCurrentLogFile(concurrentWrites: True, keepFileOpen: False, networkWrites: True, includeSequenceInArchive: True, enableArchiveCompression: False)" type="NLog.UnitTests.Targets.WrappedFileTargetTests" method="DateArchive_AllLoggersTransferToCurrentLogFile" time="0.000178" result="Fail">
        <failure exception-type="System.ArgumentException">
          <message><![CDATA[System.ArgumentException : LayoutRenderer cannot be found: 'longdate']]></message>
          <stack-trace><![CDATA[   at NLog.Config.Factory`2.CreateInstance(String name) in C:\dev\NLog\src\NLog\Config\Factory.cs:line 199
   at NLog.Layouts.LayoutParser.ParseLayoutRenderer(ConfigurationItemFactory configurationItemFactory, SimpleStringReader sr) in C:\dev\NLog\src\NLog\Layouts\LayoutParser.cs:line 345
   at NLog.Layouts.LayoutParser.CompileLayout(ConfigurationItemFactory configurationItemFactory, SimpleStringReader sr, Boolean isNested, String& text) in C:\dev\NLog\src\NLog\Layouts\LayoutParser.cs:line 108
   at NLog.Layouts.SimpleLayout.set_Text(String value) in C:\dev\NLog\src\NLog\Layouts\SimpleLayout.cs:line 119
   at NLog.Layouts.SimpleLayout..ctor(String txt, ConfigurationItemFactory configurationItemFactory) in C:\dev\NLog\src\NLog\Layouts\SimpleLayout.cs:line 88
   at NLog.Layouts.Layout.FromString(String layoutText, ConfigurationItemFactory configurationItemFactory) in C:\dev\NLog\src\NLog\Layouts\Layout.cs:line 104
   at NLog.Layouts.Layout.FromString(String layoutText) in C:\dev\NLog\src\NLog\Layouts\Layout.cs:line 93
   at NLog.Layouts.Layout.op_Implicit(String text) in C:\dev\NLog\src\NLog\Layouts\Layout.cs:line 83
   at NLog.Targets.TargetWithLayout..ctor() in C:\dev\NLog\src\NLog\Targets\TargetWithLayout.cs:line 54
   at NLog.Targets.TargetWithLayoutHeaderAndFooter..ctor() in C:\dev\NLog\src\NLog\Targets\TargetWithLayoutHeaderAndFooter.cs:line 50
   at NLog.Targets.FileTarget..ctor() in C:\dev\NLog\src\NLog\Targets\FileTarget.cs:line 167
   at NLog.UnitTests.Targets.FileTargetTests.DateArchive_AllLoggersTransferToCurrentLogFile(Boolean concurrentWrites, Boolean keepFileOpen, Boolean networkWrites, Boolean includeSequenceInArchive, Boolean enableArchiveCompression) in C:\dev\NLog\tests\NLog.UnitTests\Targets\FileTargetTests.cs:line 1048]]></stack-trace>
        </failure>
      </test>
      <test name="NLog.UnitTests.Targets.WrappedFileTargetTests.DateArchive_AllLoggersTransferToCurrentLogFile(concurrentWrites: True, keepFileOpen: False, networkWrites: True, includeSequenceInArchive: False, enableArchiveCompression: True)" type="NLog.UnitTests.Targets.WrappedFileTargetTests" method="DateArchive_AllLoggersTransferToCurrentLogFile" time="0.0001729" result="Fail">
        <failure exception-type="System.ArgumentException">
          <message><![CDATA[System.ArgumentException : LayoutRenderer cannot be found: 'longdate']]></message>
          <stack-trace><![CDATA[   at NLog.Config.Factory`2.CreateInstance(String name) in C:\dev\NLog\src\NLog\Config\Factory.cs:line 199
   at NLog.Layouts.LayoutParser.ParseLayoutRenderer(ConfigurationItemFactory configurationItemFactory, SimpleStringReader sr) in C:\dev\NLog\src\NLog\Layouts\LayoutParser.cs:line 345
   at NLog.Layouts.LayoutParser.CompileLayout(ConfigurationItemFactory configurationItemFactory, SimpleStringReader sr, Boolean isNested, String& text) in C:\dev\NLog\src\NLog\Layouts\LayoutParser.cs:line 108
   at NLog.Layouts.SimpleLayout.set_Text(String value) in C:\dev\NLog\src\NLog\Layouts\SimpleLayout.cs:line 119
   at NLog.Layouts.SimpleLayout..ctor(String txt, ConfigurationItemFactory configurationItemFactory) in C:\dev\NLog\src\NLog\Layouts\SimpleLayout.cs:line 88
   at NLog.Layouts.Layout.FromString(String layoutText, ConfigurationItemFactory configurationItemFactory) in C:\dev\NLog\src\NLog\Layouts\Layout.cs:line 104
   at NLog.Layouts.Layout.FromString(String layoutText) in C:\dev\NLog\src\NLog\Layouts\Layout.cs:line 93
   at NLog.Layouts.Layout.op_Implicit(String text) in C:\dev\NLog\src\NLog\Layouts\Layout.cs:line 83
   at NLog.Targets.TargetWithLayout..ctor() in C:\dev\NLog\src\NLog\Targets\TargetWithLayout.cs:line 54
   at NLog.Targets.TargetWithLayoutHeaderAndFooter..ctor() in C:\dev\NLog\src\NLog\Targets\TargetWithLayoutHeaderAndFooter.cs:line 50
   at NLog.Targets.FileTarget..ctor() in C:\dev\NLog\src\NLog\Targets\FileTarget.cs:line 167
   at NLog.UnitTests.Targets.FileTargetTests.DateArchive_AllLoggersTransferToCurrentLogFile(Boolean concurrentWrites, Boolean keepFileOpen, Boolean networkWrites, Boolean includeSequenceInArchive, Boolean enableArchiveCompression) in C:\dev\NLog\tests\NLog.UnitTests\Targets\FileTargetTests.cs:line 1048]]></stack-trace>
        </failure>
      </test>
      <test name="NLog.UnitTests.Targets.WrappedFileTargetTests.DateArchive_AllLoggersTransferToCurrentLogFile(concurrentWrites: True, keepFileOpen: False, networkWrites: True, includeSequenceInArchive: False, enableArchiveCompression: False)" type="NLog.UnitTests.Targets.WrappedFileTargetTests" method="DateArchive_AllLoggersTransferToCurrentLogFile" time="0.0001733" result="Fail">
        <failure exception-type="System.ArgumentException">
          <message><![CDATA[System.ArgumentException : LayoutRenderer cannot be found: 'longdate']]></message>
          <stack-trace><![CDATA[   at NLog.Config.Factory`2.CreateInstance(String name) in C:\dev\NLog\src\NLog\Config\Factory.cs:line 199
   at NLog.Layouts.LayoutParser.ParseLayoutRenderer(ConfigurationItemFactory configurationItemFactory, SimpleStringReader sr) in C:\dev\NLog\src\NLog\Layouts\LayoutParser.cs:line 345
   at NLog.Layouts.LayoutParser.CompileLayout(ConfigurationItemFactory configurationItemFactory, SimpleStringReader sr, Boolean isNested, String& text) in C:\dev\NLog\src\NLog\Layouts\LayoutParser.cs:line 108
   at NLog.Layouts.SimpleLayout.set_Text(String value) in C:\dev\NLog\src\NLog\Layouts\SimpleLayout.cs:line 119
   at NLog.Layouts.SimpleLayout..ctor(String txt, ConfigurationItemFactory configurationItemFactory) in C:\dev\NLog\src\NLog\Layouts\SimpleLayout.cs:line 88
   at NLog.Layouts.Layout.FromString(String layoutText, ConfigurationItemFactory configurationItemFactory) in C:\dev\NLog\src\NLog\Layouts\Layout.cs:line 104
   at NLog.Layouts.Layout.FromString(String layoutText) in C:\dev\NLog\src\NLog\Layouts\Layout.cs:line 93
   at NLog.Layouts.Layout.op_Implicit(String text) in C:\dev\NLog\src\NLog\Layouts\Layout.cs:line 83
   at NLog.Targets.TargetWithLayout..ctor() in C:\dev\NLog\src\NLog\Targets\TargetWithLayout.cs:line 54
   at NLog.Targets.TargetWithLayoutHeaderAndFooter..ctor() in C:\dev\NLog\src\NLog\Targets\TargetWithLayoutHeaderAndFooter.cs:line 50
   at NLog.Targets.FileTarget..ctor() in C:\dev\NLog\src\NLog\Targets\FileTarget.cs:line 167
   at NLog.UnitTests.Targets.FileTargetTests.DateArchive_AllLoggersTransferToCurrentLogFile(Boolean concurrentWrites, Boolean keepFileOpen, Boolean networkWrites, Boolean includeSequenceInArchive, Boolean enableArchiveCompression) in C:\dev\NLog\tests\NLog.UnitTests\Targets\FileTargetTests.cs:line 1048]]></stack-trace>
        </failure>
      </test>
      <test name="NLog.UnitTests.Targets.WrappedFileTargetTests.DateArchive_AllLoggersTransferToCurrentLogFile(concurrentWrites: True, keepFileOpen: False, networkWrites: False, includeSequenceInArchive: True, enableArchiveCompression: True)" type="NLog.UnitTests.Targets.WrappedFileTargetTests" method="DateArchive_AllLoggersTransferToCurrentLogFile" time="0.0001716" result="Fail">
        <failure exception-type="System.ArgumentException">
          <message><![CDATA[System.ArgumentException : LayoutRenderer cannot be found: 'longdate']]></message>
          <stack-trace><![CDATA[   at NLog.Config.Factory`2.CreateInstance(String name) in C:\dev\NLog\src\NLog\Config\Factory.cs:line 199
   at NLog.Layouts.LayoutParser.ParseLayoutRenderer(ConfigurationItemFactory configurationItemFactory, SimpleStringReader sr) in C:\dev\NLog\src\NLog\Layouts\LayoutParser.cs:line 345
   at NLog.Layouts.LayoutParser.CompileLayout(ConfigurationItemFactory configurationItemFactory, SimpleStringReader sr, Boolean isNested, String& text) in C:\dev\NLog\src\NLog\Layouts\LayoutParser.cs:line 108
   at NLog.Layouts.SimpleLayout.set_Text(String value) in C:\dev\NLog\src\NLog\Layouts\SimpleLayout.cs:line 119
   at NLog.Layouts.SimpleLayout..ctor(String txt, ConfigurationItemFactory configurationItemFactory) in C:\dev\NLog\src\NLog\Layouts\SimpleLayout.cs:line 88
   at NLog.Layouts.Layout.FromString(String layoutText, ConfigurationItemFactory configurationItemFactory) in C:\dev\NLog\src\NLog\Layouts\Layout.cs:line 104
   at NLog.Layouts.Layout.FromString(String layoutText) in C:\dev\NLog\src\NLog\Layouts\Layout.cs:line 93
   at NLog.Layouts.Layout.op_Implicit(String text) in C:\dev\NLog\src\NLog\Layouts\Layout.cs:line 83
   at NLog.Targets.TargetWithLayout..ctor() in C:\dev\NLog\src\NLog\Targets\TargetWithLayout.cs:line 54
   at NLog.Targets.TargetWithLayoutHeaderAndFooter..ctor() in C:\dev\NLog\src\NLog\Targets\TargetWithLayoutHeaderAndFooter.cs:line 50
   at NLog.Targets.FileTarget..ctor() in C:\dev\NLog\src\NLog\Targets\FileTarget.cs:line 167
   at NLog.UnitTests.Targets.FileTargetTests.DateArchive_AllLoggersTransferToCurrentLogFile(Boolean concurrentWrites, Boolean keepFileOpen, Boolean networkWrites, Boolean includeSequenceInArchive, Boolean enableArchiveCompression) in C:\dev\NLog\tests\NLog.UnitTests\Targets\FileTargetTests.cs:line 1048]]></stack-trace>
        </failure>
      </test>
      <test name="NLog.UnitTests.Targets.WrappedFileTargetTests.DateArchive_AllLoggersTransferToCurrentLogFile(concurrentWrites: True, keepFileOpen: False, networkWrites: False, includeSequenceInArchive: True, enableArchiveCompression: False)" type="NLog.UnitTests.Targets.WrappedFileTargetTests" method="DateArchive_AllLoggersTransferToCurrentLogFile" time="0.0001699" result="Fail">
        <failure exception-type="System.ArgumentException">
          <message><![CDATA[System.ArgumentException : LayoutRenderer cannot be found: 'longdate']]></message>
          <stack-trace><![CDATA[   at NLog.Config.Factory`2.CreateInstance(String name) in C:\dev\NLog\src\NLog\Config\Factory.cs:line 199
   at NLog.Layouts.LayoutParser.ParseLayoutRenderer(ConfigurationItemFactory configurationItemFactory, SimpleStringReader sr) in C:\dev\NLog\src\NLog\Layouts\LayoutParser.cs:line 345
   at NLog.Layouts.LayoutParser.CompileLayout(ConfigurationItemFactory configurationItemFactory, SimpleStringReader sr, Boolean isNested, String& text) in C:\dev\NLog\src\NLog\Layouts\LayoutParser.cs:line 108
   at NLog.Layouts.SimpleLayout.set_Text(String value) in C:\dev\NLog\src\NLog\Layouts\SimpleLayout.cs:line 119
   at NLog.Layouts.SimpleLayout..ctor(String txt, ConfigurationItemFactory configurationItemFactory) in C:\dev\NLog\src\NLog\Layouts\SimpleLayout.cs:line 88
   at NLog.Layouts.Layout.FromString(String layoutText, ConfigurationItemFactory configurationItemFactory) in C:\dev\NLog\src\NLog\Layouts\Layout.cs:line 104
   at NLog.Layouts.Layout.FromString(String layoutText) in C:\dev\NLog\src\NLog\Layouts\Layout.cs:line 93
   at NLog.Layouts.Layout.op_Implicit(String text) in C:\dev\NLog\src\NLog\Layouts\Layout.cs:line 83
   at NLog.Targets.TargetWithLayout..ctor() in C:\dev\NLog\src\NLog\Targets\TargetWithLayout.cs:line 54
   at NLog.Targets.TargetWithLayoutHeaderAndFooter..ctor() in C:\dev\NLog\src\NLog\Targets\TargetWithLayoutHeaderAndFooter.cs:line 50
   at NLog.Targets.FileTarget..ctor() in C:\dev\NLog\src\NLog\Targets\FileTarget.cs:line 167
   at NLog.UnitTests.Targets.FileTargetTests.DateArchive_AllLoggersTransferToCurrentLogFile(Boolean concurrentWrites, Boolean keepFileOpen, Boolean networkWrites, Boolean includeSequenceInArchive, Boolean enableArchiveCompression) in C:\dev\NLog\tests\NLog.UnitTests\Targets\FileTargetTests.cs:line 1048]]></stack-trace>
        </failure>
      </test>
      <test name="NLog.UnitTests.Targets.WrappedFileTargetTests.DateArchive_AllLoggersTransferToCurrentLogFile(concurrentWrites: True, keepFileOpen: False, networkWrites: False, includeSequenceInArchive: False, enableArchiveCompression: True)" type="NLog.UnitTests.Targets.WrappedFileTargetTests" method="DateArchive_AllLoggersTransferToCurrentLogFile" time="0.0001739" result="Fail">
        <failure exception-type="System.ArgumentException">
          <message><![CDATA[System.ArgumentException : LayoutRenderer cannot be found: 'longdate']]></message>
          <stack-trace><![CDATA[   at NLog.Config.Factory`2.CreateInstance(String name) in C:\dev\NLog\src\NLog\Config\Factory.cs:line 199
   at NLog.Layouts.LayoutParser.ParseLayoutRenderer(ConfigurationItemFactory configurationItemFactory, SimpleStringReader sr) in C:\dev\NLog\src\NLog\Layouts\LayoutParser.cs:line 345
   at NLog.Layouts.LayoutParser.CompileLayout(ConfigurationItemFactory configurationItemFactory, SimpleStringReader sr, Boolean isNested, String& text) in C:\dev\NLog\src\NLog\Layouts\LayoutParser.cs:line 108
   at NLog.Layouts.SimpleLayout.set_Text(String value) in C:\dev\NLog\src\NLog\Layouts\SimpleLayout.cs:line 119
   at NLog.Layouts.SimpleLayout..ctor(String txt, ConfigurationItemFactory configurationItemFactory) in C:\dev\NLog\src\NLog\Layouts\SimpleLayout.cs:line 88
   at NLog.Layouts.Layout.FromString(String layoutText, ConfigurationItemFactory configurationItemFactory) in C:\dev\NLog\src\NLog\Layouts\Layout.cs:line 104
   at NLog.Layouts.Layout.FromString(String layoutText) in C:\dev\NLog\src\NLog\Layouts\Layout.cs:line 93
   at NLog.Layouts.Layout.op_Implicit(String text) in C:\dev\NLog\src\NLog\Layouts\Layout.cs:line 83
   at NLog.Targets.TargetWithLayout..ctor() in C:\dev\NLog\src\NLog\Targets\TargetWithLayout.cs:line 54
   at NLog.Targets.TargetWithLayoutHeaderAndFooter..ctor() in C:\dev\NLog\src\NLog\Targets\TargetWithLayoutHeaderAndFooter.cs:line 50
   at NLog.Targets.FileTarget..ctor() in C:\dev\NLog\src\NLog\Targets\FileTarget.cs:line 167
   at NLog.UnitTests.Targets.FileTargetTests.DateArchive_AllLoggersTransferToCurrentLogFile(Boolean concurrentWrites, Boolean keepFileOpen, Boolean networkWrites, Boolean includeSequenceInArchive, Boolean enableArchiveCompression) in C:\dev\NLog\tests\NLog.UnitTests\Targets\FileTargetTests.cs:line 1048]]></stack-trace>
        </failure>
      </test>
      <test name="NLog.UnitTests.Targets.WrappedFileTargetTests.DateArchive_AllLoggersTransferToCurrentLogFile(concurrentWrites: True, keepFileOpen: False, networkWrites: False, includeSequenceInArchive: False, enableArchiveCompression: False)" type="NLog.UnitTests.Targets.WrappedFileTargetTests" method="DateArchive_AllLoggersTransferToCurrentLogFile" time="0.0001737" result="Fail">
        <failure exception-type="System.ArgumentException">
          <message><![CDATA[System.ArgumentException : LayoutRenderer cannot be found: 'longdate']]></message>
          <stack-trace><![CDATA[   at NLog.Config.Factory`2.CreateInstance(String name) in C:\dev\NLog\src\NLog\Config\Factory.cs:line 199
   at NLog.Layouts.LayoutParser.ParseLayoutRenderer(ConfigurationItemFactory configurationItemFactory, SimpleStringReader sr) in C:\dev\NLog\src\NLog\Layouts\LayoutParser.cs:line 345
   at NLog.Layouts.LayoutParser.CompileLayout(ConfigurationItemFactory configurationItemFactory, SimpleStringReader sr, Boolean isNested, String& text) in C:\dev\NLog\src\NLog\Layouts\LayoutParser.cs:line 108
   at NLog.Layouts.SimpleLayout.set_Text(String value) in C:\dev\NLog\src\NLog\Layouts\SimpleLayout.cs:line 119
   at NLog.Layouts.SimpleLayout..ctor(String txt, ConfigurationItemFactory configurationItemFactory) in C:\dev\NLog\src\NLog\Layouts\SimpleLayout.cs:line 88
   at NLog.Layouts.Layout.FromString(String layoutText, ConfigurationItemFactory configurationItemFactory) in C:\dev\NLog\src\NLog\Layouts\Layout.cs:line 104
   at NLog.Layouts.Layout.FromString(String layoutText) in C:\dev\NLog\src\NLog\Layouts\Layout.cs:line 93
   at NLog.Layouts.Layout.op_Implicit(String text) in C:\dev\NLog\src\NLog\Layouts\Layout.cs:line 83
   at NLog.Targets.TargetWithLayout..ctor() in C:\dev\NLog\src\NLog\Targets\TargetWithLayout.cs:line 54
   at NLog.Targets.TargetWithLayoutHeaderAndFooter..ctor() in C:\dev\NLog\src\NLog\Targets\TargetWithLayoutHeaderAndFooter.cs:line 50
   at NLog.Targets.FileTarget..ctor() in C:\dev\NLog\src\NLog\Targets\FileTarget.cs:line 167
   at NLog.UnitTests.Targets.FileTargetTests.DateArchive_AllLoggersTransferToCurrentLogFile(Boolean concurrentWrites, Boolean keepFileOpen, Boolean networkWrites, Boolean includeSequenceInArchive, Boolean enableArchiveCompression) in C:\dev\NLog\tests\NLog.UnitTests\Targets\FileTargetTests.cs:line 1048]]></stack-trace>
        </failure>
      </test>
      <test name="NLog.UnitTests.Targets.WrappedFileTargetTests.DateArchive_AllLoggersTransferToCurrentLogFile(concurrentWrites: False, keepFileOpen: True, networkWrites: True, includeSequenceInArchive: True, enableArchiveCompression: True)" type="NLog.UnitTests.Targets.WrappedFileTargetTests" method="DateArchive_AllLoggersTransferToCurrentLogFile" time="0.0001706" result="Fail">
        <failure exception-type="System.ArgumentException">
          <message><![CDATA[System.ArgumentException : LayoutRenderer cannot be found: 'longdate']]></message>
          <stack-trace><![CDATA[   at NLog.Config.Factory`2.CreateInstance(String name) in C:\dev\NLog\src\NLog\Config\Factory.cs:line 199
   at NLog.Layouts.LayoutParser.ParseLayoutRenderer(ConfigurationItemFactory configurationItemFactory, SimpleStringReader sr) in C:\dev\NLog\src\NLog\Layouts\LayoutParser.cs:line 345
   at NLog.Layouts.LayoutParser.CompileLayout(ConfigurationItemFactory configurationItemFactory, SimpleStringReader sr, Boolean isNested, String& text) in C:\dev\NLog\src\NLog\Layouts\LayoutParser.cs:line 108
   at NLog.Layouts.SimpleLayout.set_Text(String value) in C:\dev\NLog\src\NLog\Layouts\SimpleLayout.cs:line 119
   at NLog.Layouts.SimpleLayout..ctor(String txt, ConfigurationItemFactory configurationItemFactory) in C:\dev\NLog\src\NLog\Layouts\SimpleLayout.cs:line 88
   at NLog.Layouts.Layout.FromString(String layoutText, ConfigurationItemFactory configurationItemFactory) in C:\dev\NLog\src\NLog\Layouts\Layout.cs:line 104
   at NLog.Layouts.Layout.FromString(String layoutText) in C:\dev\NLog\src\NLog\Layouts\Layout.cs:line 93
   at NLog.Layouts.Layout.op_Implicit(String text) in C:\dev\NLog\src\NLog\Layouts\Layout.cs:line 83
   at NLog.Targets.TargetWithLayout..ctor() in C:\dev\NLog\src\NLog\Targets\TargetWithLayout.cs:line 54
   at NLog.Targets.TargetWithLayoutHeaderAndFooter..ctor() in C:\dev\NLog\src\NLog\Targets\TargetWithLayoutHeaderAndFooter.cs:line 50
   at NLog.Targets.FileTarget..ctor() in C:\dev\NLog\src\NLog\Targets\FileTarget.cs:line 167
   at NLog.UnitTests.Targets.FileTargetTests.DateArchive_AllLoggersTransferToCurrentLogFile(Boolean concurrentWrites, Boolean keepFileOpen, Boolean networkWrites, Boolean includeSequenceInArchive, Boolean enableArchiveCompression) in C:\dev\NLog\tests\NLog.UnitTests\Targets\FileTargetTests.cs:line 1048]]></stack-trace>
        </failure>
      </test>
      <test name="NLog.UnitTests.Targets.WrappedFileTargetTests.DateArchive_AllLoggersTransferToCurrentLogFile(concurrentWrites: False, keepFileOpen: True, networkWrites: True, includeSequenceInArchive: True, enableArchiveCompression: False)" type="NLog.UnitTests.Targets.WrappedFileTargetTests" method="DateArchive_AllLoggersTransferToCurrentLogFile" time="0.0001705" result="Fail">
        <failure exception-type="System.ArgumentException">
          <message><![CDATA[System.ArgumentException : LayoutRenderer cannot be found: 'longdate']]></message>
          <stack-trace><![CDATA[   at NLog.Config.Factory`2.CreateInstance(String name) in C:\dev\NLog\src\NLog\Config\Factory.cs:line 199
   at NLog.Layouts.LayoutParser.ParseLayoutRenderer(ConfigurationItemFactory configurationItemFactory, SimpleStringReader sr) in C:\dev\NLog\src\NLog\Layouts\LayoutParser.cs:line 345
   at NLog.Layouts.LayoutParser.CompileLayout(ConfigurationItemFactory configurationItemFactory, SimpleStringReader sr, Boolean isNested, String& text) in C:\dev\NLog\src\NLog\Layouts\LayoutParser.cs:line 108
   at NLog.Layouts.SimpleLayout.set_Text(String value) in C:\dev\NLog\src\NLog\Layouts\SimpleLayout.cs:line 119
   at NLog.Layouts.SimpleLayout..ctor(String txt, ConfigurationItemFactory configurationItemFactory) in C:\dev\NLog\src\NLog\Layouts\SimpleLayout.cs:line 88
   at NLog.Layouts.Layout.FromString(String layoutText, ConfigurationItemFactory configurationItemFactory) in C:\dev\NLog\src\NLog\Layouts\Layout.cs:line 104
   at NLog.Layouts.Layout.FromString(String layoutText) in C:\dev\NLog\src\NLog\Layouts\Layout.cs:line 93
   at NLog.Layouts.Layout.op_Implicit(String text) in C:\dev\NLog\src\NLog\Layouts\Layout.cs:line 83
   at NLog.Targets.TargetWithLayout..ctor() in C:\dev\NLog\src\NLog\Targets\TargetWithLayout.cs:line 54
   at NLog.Targets.TargetWithLayoutHeaderAndFooter..ctor() in C:\dev\NLog\src\NLog\Targets\TargetWithLayoutHeaderAndFooter.cs:line 50
   at NLog.Targets.FileTarget..ctor() in C:\dev\NLog\src\NLog\Targets\FileTarget.cs:line 167
   at NLog.UnitTests.Targets.FileTargetTests.DateArchive_AllLoggersTransferToCurrentLogFile(Boolean concurrentWrites, Boolean keepFileOpen, Boolean networkWrites, Boolean includeSequenceInArchive, Boolean enableArchiveCompression) in C:\dev\NLog\tests\NLog.UnitTests\Targets\FileTargetTests.cs:line 1048]]></stack-trace>
        </failure>
      </test>
      <test name="NLog.UnitTests.Targets.WrappedFileTargetTests.DateArchive_AllLoggersTransferToCurrentLogFile(concurrentWrites: False, keepFileOpen: True, networkWrites: True, includeSequenceInArchive: False, enableArchiveCompression: True)" type="NLog.UnitTests.Targets.WrappedFileTargetTests" method="DateArchive_AllLoggersTransferToCurrentLogFile" time="0.0001734" result="Fail">
        <failure exception-type="System.ArgumentException">
          <message><![CDATA[System.ArgumentException : LayoutRenderer cannot be found: 'longdate']]></message>
          <stack-trace><![CDATA[   at NLog.Config.Factory`2.CreateInstance(String name) in C:\dev\NLog\src\NLog\Config\Factory.cs:line 199
   at NLog.Layouts.LayoutParser.ParseLayoutRenderer(ConfigurationItemFactory configurationItemFactory, SimpleStringReader sr) in C:\dev\NLog\src\NLog\Layouts\LayoutParser.cs:line 345
   at NLog.Layouts.LayoutParser.CompileLayout(ConfigurationItemFactory configurationItemFactory, SimpleStringReader sr, Boolean isNested, String& text) in C:\dev\NLog\src\NLog\Layouts\LayoutParser.cs:line 108
   at NLog.Layouts.SimpleLayout.set_Text(String value) in C:\dev\NLog\src\NLog\Layouts\SimpleLayout.cs:line 119
   at NLog.Layouts.SimpleLayout..ctor(String txt, ConfigurationItemFactory configurationItemFactory) in C:\dev\NLog\src\NLog\Layouts\SimpleLayout.cs:line 88
   at NLog.Layouts.Layout.FromString(String layoutText, ConfigurationItemFactory configurationItemFactory) in C:\dev\NLog\src\NLog\Layouts\Layout.cs:line 104
   at NLog.Layouts.Layout.FromString(String layoutText) in C:\dev\NLog\src\NLog\Layouts\Layout.cs:line 93
   at NLog.Layouts.Layout.op_Implicit(String text) in C:\dev\NLog\src\NLog\Layouts\Layout.cs:line 83
   at NLog.Targets.TargetWithLayout..ctor() in C:\dev\NLog\src\NLog\Targets\TargetWithLayout.cs:line 54
   at NLog.Targets.TargetWithLayoutHeaderAndFooter..ctor() in C:\dev\NLog\src\NLog\Targets\TargetWithLayoutHeaderAndFooter.cs:line 50
   at NLog.Targets.FileTarget..ctor() in C:\dev\NLog\src\NLog\Targets\FileTarget.cs:line 167
   at NLog.UnitTests.Targets.FileTargetTests.DateArchive_AllLoggersTransferToCurrentLogFile(Boolean concurrentWrites, Boolean keepFileOpen, Boolean networkWrites, Boolean includeSequenceInArchive, Boolean enableArchiveCompression) in C:\dev\NLog\tests\NLog.UnitTests\Targets\FileTargetTests.cs:line 1048]]></stack-trace>
        </failure>
      </test>
      <test name="NLog.UnitTests.Targets.WrappedFileTargetTests.DateArchive_AllLoggersTransferToCurrentLogFile(concurrentWrites: False, keepFileOpen: True, networkWrites: True, includeSequenceInArchive: False, enableArchiveCompression: False)" type="NLog.UnitTests.Targets.WrappedFileTargetTests" method="DateArchive_AllLoggersTransferToCurrentLogFile" time="0.0001717" result="Fail">
        <failure exception-type="System.ArgumentException">
          <message><![CDATA[System.ArgumentException : LayoutRenderer cannot be found: 'longdate']]></message>
          <stack-trace><![CDATA[   at NLog.Config.Factory`2.CreateInstance(String name) in C:\dev\NLog\src\NLog\Config\Factory.cs:line 199
   at NLog.Layouts.LayoutParser.ParseLayoutRenderer(ConfigurationItemFactory configurationItemFactory, SimpleStringReader sr) in C:\dev\NLog\src\NLog\Layouts\LayoutParser.cs:line 345
   at NLog.Layouts.LayoutParser.CompileLayout(ConfigurationItemFactory configurationItemFactory, SimpleStringReader sr, Boolean isNested, String& text) in C:\dev\NLog\src\NLog\Layouts\LayoutParser.cs:line 108
   at NLog.Layouts.SimpleLayout.set_Text(String value) in C:\dev\NLog\src\NLog\Layouts\SimpleLayout.cs:line 119
   at NLog.Layouts.SimpleLayout..ctor(String txt, ConfigurationItemFactory configurationItemFactory) in C:\dev\NLog\src\NLog\Layouts\SimpleLayout.cs:line 88
   at NLog.Layouts.Layout.FromString(String layoutText, ConfigurationItemFactory configurationItemFactory) in C:\dev\NLog\src\NLog\Layouts\Layout.cs:line 104
   at NLog.Layouts.Layout.FromString(String layoutText) in C:\dev\NLog\src\NLog\Layouts\Layout.cs:line 93
   at NLog.Layouts.Layout.op_Implicit(String text) in C:\dev\NLog\src\NLog\Layouts\Layout.cs:line 83
   at NLog.Targets.TargetWithLayout..ctor() in C:\dev\NLog\src\NLog\Targets\TargetWithLayout.cs:line 54
   at NLog.Targets.TargetWithLayoutHeaderAndFooter..ctor() in C:\dev\NLog\src\NLog\Targets\TargetWithLayoutHeaderAndFooter.cs:line 50
   at NLog.Targets.FileTarget..ctor() in C:\dev\NLog\src\NLog\Targets\FileTarget.cs:line 167
   at NLog.UnitTests.Targets.FileTargetTests.DateArchive_AllLoggersTransferToCurrentLogFile(Boolean concurrentWrites, Boolean keepFileOpen, Boolean networkWrites, Boolean includeSequenceInArchive, Boolean enableArchiveCompression) in C:\dev\NLog\tests\NLog.UnitTests\Targets\FileTargetTests.cs:line 1048]]></stack-trace>
        </failure>
      </test>
      <test name="NLog.UnitTests.Targets.WrappedFileTargetTests.DateArchive_AllLoggersTransferToCurrentLogFile(concurrentWrites: False, keepFileOpen: False, networkWrites: True, includeSequenceInArchive: True, enableArchiveCompression: True)" type="NLog.UnitTests.Targets.WrappedFileTargetTests" method="DateArchive_AllLoggersTransferToCurrentLogFile" time="0.0001717" result="Fail">
        <failure exception-type="System.ArgumentException">
          <message><![CDATA[System.ArgumentException : LayoutRenderer cannot be found: 'longdate']]></message>
          <stack-trace><![CDATA[   at NLog.Config.Factory`2.CreateInstance(String name) in C:\dev\NLog\src\NLog\Config\Factory.cs:line 199
   at NLog.Layouts.LayoutParser.ParseLayoutRenderer(ConfigurationItemFactory configurationItemFactory, SimpleStringReader sr) in C:\dev\NLog\src\NLog\Layouts\LayoutParser.cs:line 345
   at NLog.Layouts.LayoutParser.CompileLayout(ConfigurationItemFactory configurationItemFactory, SimpleStringReader sr, Boolean isNested, String& text) in C:\dev\NLog\src\NLog\Layouts\LayoutParser.cs:line 108
   at NLog.Layouts.SimpleLayout.set_Text(String value) in C:\dev\NLog\src\NLog\Layouts\SimpleLayout.cs:line 119
   at NLog.Layouts.SimpleLayout..ctor(String txt, ConfigurationItemFactory configurationItemFactory) in C:\dev\NLog\src\NLog\Layouts\SimpleLayout.cs:line 88
   at NLog.Layouts.Layout.FromString(String layoutText, ConfigurationItemFactory configurationItemFactory) in C:\dev\NLog\src\NLog\Layouts\Layout.cs:line 104
   at NLog.Layouts.Layout.FromString(String layoutText) in C:\dev\NLog\src\NLog\Layouts\Layout.cs:line 93
   at NLog.Layouts.Layout.op_Implicit(String text) in C:\dev\NLog\src\NLog\Layouts\Layout.cs:line 83
   at NLog.Targets.TargetWithLayout..ctor() in C:\dev\NLog\src\NLog\Targets\TargetWithLayout.cs:line 54
   at NLog.Targets.TargetWithLayoutHeaderAndFooter..ctor() in C:\dev\NLog\src\NLog\Targets\TargetWithLayoutHeaderAndFooter.cs:line 50
   at NLog.Targets.FileTarget..ctor() in C:\dev\NLog\src\NLog\Targets\FileTarget.cs:line 167
   at NLog.UnitTests.Targets.FileTargetTests.DateArchive_AllLoggersTransferToCurrentLogFile(Boolean concurrentWrites, Boolean keepFileOpen, Boolean networkWrites, Boolean includeSequenceInArchive, Boolean enableArchiveCompression) in C:\dev\NLog\tests\NLog.UnitTests\Targets\FileTargetTests.cs:line 1048]]></stack-trace>
        </failure>
      </test>
      <test name="NLog.UnitTests.Targets.WrappedFileTargetTests.DateArchive_AllLoggersTransferToCurrentLogFile(concurrentWrites: False, keepFileOpen: False, networkWrites: True, includeSequenceInArchive: True, enableArchiveCompression: False)" type="NLog.UnitTests.Targets.WrappedFileTargetTests" method="DateArchive_AllLoggersTransferToCurrentLogFile" time="0.0001733" result="Fail">
        <failure exception-type="System.ArgumentException">
          <message><![CDATA[System.ArgumentException : LayoutRenderer cannot be found: 'longdate']]></message>
          <stack-trace><![CDATA[   at NLog.Config.Factory`2.CreateInstance(String name) in C:\dev\NLog\src\NLog\Config\Factory.cs:line 199
   at NLog.Layouts.LayoutParser.ParseLayoutRenderer(ConfigurationItemFactory configurationItemFactory, SimpleStringReader sr) in C:\dev\NLog\src\NLog\Layouts\LayoutParser.cs:line 345
   at NLog.Layouts.LayoutParser.CompileLayout(ConfigurationItemFactory configurationItemFactory, SimpleStringReader sr, Boolean isNested, String& text) in C:\dev\NLog\src\NLog\Layouts\LayoutParser.cs:line 108
   at NLog.Layouts.SimpleLayout.set_Text(String value) in C:\dev\NLog\src\NLog\Layouts\SimpleLayout.cs:line 119
   at NLog.Layouts.SimpleLayout..ctor(String txt, ConfigurationItemFactory configurationItemFactory) in C:\dev\NLog\src\NLog\Layouts\SimpleLayout.cs:line 88
   at NLog.Layouts.Layout.FromString(String layoutText, ConfigurationItemFactory configurationItemFactory) in C:\dev\NLog\src\NLog\Layouts\Layout.cs:line 104
   at NLog.Layouts.Layout.FromString(String layoutText) in C:\dev\NLog\src\NLog\Layouts\Layout.cs:line 93
   at NLog.Layouts.Layout.op_Implicit(String text) in C:\dev\NLog\src\NLog\Layouts\Layout.cs:line 83
   at NLog.Targets.TargetWithLayout..ctor() in C:\dev\NLog\src\NLog\Targets\TargetWithLayout.cs:line 54
   at NLog.Targets.TargetWithLayoutHeaderAndFooter..ctor() in C:\dev\NLog\src\NLog\Targets\TargetWithLayoutHeaderAndFooter.cs:line 50
   at NLog.Targets.FileTarget..ctor() in C:\dev\NLog\src\NLog\Targets\FileTarget.cs:line 167
   at NLog.UnitTests.Targets.FileTargetTests.DateArchive_AllLoggersTransferToCurrentLogFile(Boolean concurrentWrites, Boolean keepFileOpen, Boolean networkWrites, Boolean includeSequenceInArchive, Boolean enableArchiveCompression) in C:\dev\NLog\tests\NLog.UnitTests\Targets\FileTargetTests.cs:line 1048]]></stack-trace>
        </failure>
      </test>
      <test name="NLog.UnitTests.Targets.WrappedFileTargetTests.DateArchive_AllLoggersTransferToCurrentLogFile(concurrentWrites: False, keepFileOpen: False, networkWrites: True, includeSequenceInArchive: False, enableArchiveCompression: True)" type="NLog.UnitTests.Targets.WrappedFileTargetTests" method="DateArchive_AllLoggersTransferToCurrentLogFile" time="0.0001812" result="Fail">
        <failure exception-type="System.ArgumentException">
          <message><![CDATA[System.ArgumentException : LayoutRenderer cannot be found: 'longdate']]></message>
          <stack-trace><![CDATA[   at NLog.Config.Factory`2.CreateInstance(String name) in C:\dev\NLog\src\NLog\Config\Factory.cs:line 199
   at NLog.Layouts.LayoutParser.ParseLayoutRenderer(ConfigurationItemFactory configurationItemFactory, SimpleStringReader sr) in C:\dev\NLog\src\NLog\Layouts\LayoutParser.cs:line 345
   at NLog.Layouts.LayoutParser.CompileLayout(ConfigurationItemFactory configurationItemFactory, SimpleStringReader sr, Boolean isNested, String& text) in C:\dev\NLog\src\NLog\Layouts\LayoutParser.cs:line 108
   at NLog.Layouts.SimpleLayout.set_Text(String value) in C:\dev\NLog\src\NLog\Layouts\SimpleLayout.cs:line 119
   at NLog.Layouts.SimpleLayout..ctor(String txt, ConfigurationItemFactory configurationItemFactory) in C:\dev\NLog\src\NLog\Layouts\SimpleLayout.cs:line 88
   at NLog.Layouts.Layout.FromString(String layoutText, ConfigurationItemFactory configurationItemFactory) in C:\dev\NLog\src\NLog\Layouts\Layout.cs:line 104
   at NLog.Layouts.Layout.FromString(String layoutText) in C:\dev\NLog\src\NLog\Layouts\Layout.cs:line 93
   at NLog.Layouts.Layout.op_Implicit(String text) in C:\dev\NLog\src\NLog\Layouts\Layout.cs:line 83
   at NLog.Targets.TargetWithLayout..ctor() in C:\dev\NLog\src\NLog\Targets\TargetWithLayout.cs:line 54
   at NLog.Targets.TargetWithLayoutHeaderAndFooter..ctor() in C:\dev\NLog\src\NLog\Targets\TargetWithLayoutHeaderAndFooter.cs:line 50
   at NLog.Targets.FileTarget..ctor() in C:\dev\NLog\src\NLog\Targets\FileTarget.cs:line 167
   at NLog.UnitTests.Targets.FileTargetTests.DateArchive_AllLoggersTransferToCurrentLogFile(Boolean concurrentWrites, Boolean keepFileOpen, Boolean networkWrites, Boolean includeSequenceInArchive, Boolean enableArchiveCompression) in C:\dev\NLog\tests\NLog.UnitTests\Targets\FileTargetTests.cs:line 1048]]></stack-trace>
        </failure>
      </test>
      <test name="NLog.UnitTests.Targets.WrappedFileTargetTests.DateArchive_AllLoggersTransferToCurrentLogFile(concurrentWrites: False, keepFileOpen: False, networkWrites: True, includeSequenceInArchive: False, enableArchiveCompression: False)" type="NLog.UnitTests.Targets.WrappedFileTargetTests" method="DateArchive_AllLoggersTransferToCurrentLogFile" time="0.0001768" result="Fail">
        <failure exception-type="System.ArgumentException">
          <message><![CDATA[System.ArgumentException : LayoutRenderer cannot be found: 'longdate']]></message>
          <stack-trace><![CDATA[   at NLog.Config.Factory`2.CreateInstance(String name) in C:\dev\NLog\src\NLog\Config\Factory.cs:line 199
   at NLog.Layouts.LayoutParser.ParseLayoutRenderer(ConfigurationItemFactory configurationItemFactory, SimpleStringReader sr) in C:\dev\NLog\src\NLog\Layouts\LayoutParser.cs:line 345
   at NLog.Layouts.LayoutParser.CompileLayout(ConfigurationItemFactory configurationItemFactory, SimpleStringReader sr, Boolean isNested, String& text) in C:\dev\NLog\src\NLog\Layouts\LayoutParser.cs:line 108
   at NLog.Layouts.SimpleLayout.set_Text(String value) in C:\dev\NLog\src\NLog\Layouts\SimpleLayout.cs:line 119
   at NLog.Layouts.SimpleLayout..ctor(String txt, ConfigurationItemFactory configurationItemFactory) in C:\dev\NLog\src\NLog\Layouts\SimpleLayout.cs:line 88
   at NLog.Layouts.Layout.FromString(String layoutText, ConfigurationItemFactory configurationItemFactory) in C:\dev\NLog\src\NLog\Layouts\Layout.cs:line 104
   at NLog.Layouts.Layout.FromString(String layoutText) in C:\dev\NLog\src\NLog\Layouts\Layout.cs:line 93
   at NLog.Layouts.Layout.op_Implicit(String text) in C:\dev\NLog\src\NLog\Layouts\Layout.cs:line 83
   at NLog.Targets.TargetWithLayout..ctor() in C:\dev\NLog\src\NLog\Targets\TargetWithLayout.cs:line 54
   at NLog.Targets.TargetWithLayoutHeaderAndFooter..ctor() in C:\dev\NLog\src\NLog\Targets\TargetWithLayoutHeaderAndFooter.cs:line 50
   at NLog.Targets.FileTarget..ctor() in C:\dev\NLog\src\NLog\Targets\FileTarget.cs:line 167
   at NLog.UnitTests.Targets.FileTargetTests.DateArchive_AllLoggersTransferToCurrentLogFile(Boolean concurrentWrites, Boolean keepFileOpen, Boolean networkWrites, Boolean includeSequenceInArchive, Boolean enableArchiveCompression) in C:\dev\NLog\tests\NLog.UnitTests\Targets\FileTargetTests.cs:line 1048]]></stack-trace>
        </failure>
      </test>
      <test name="NLog.UnitTests.Targets.WrappedFileTargetTests.DateArchive_AllLoggersTransferToCurrentLogFile(concurrentWrites: False, keepFileOpen: False, networkWrites: False, includeSequenceInArchive: True, enableArchiveCompression: True)" type="NLog.UnitTests.Targets.WrappedFileTargetTests" method="DateArchive_AllLoggersTransferToCurrentLogFile" time="0.0001714" result="Fail">
        <failure exception-type="System.ArgumentException">
          <message><![CDATA[System.ArgumentException : LayoutRenderer cannot be found: 'longdate']]></message>
          <stack-trace><![CDATA[   at NLog.Config.Factory`2.CreateInstance(String name) in C:\dev\NLog\src\NLog\Config\Factory.cs:line 199
   at NLog.Layouts.LayoutParser.ParseLayoutRenderer(ConfigurationItemFactory configurationItemFactory, SimpleStringReader sr) in C:\dev\NLog\src\NLog\Layouts\LayoutParser.cs:line 345
   at NLog.Layouts.LayoutParser.CompileLayout(ConfigurationItemFactory configurationItemFactory, SimpleStringReader sr, Boolean isNested, String& text) in C:\dev\NLog\src\NLog\Layouts\LayoutParser.cs:line 108
   at NLog.Layouts.SimpleLayout.set_Text(String value) in C:\dev\NLog\src\NLog\Layouts\SimpleLayout.cs:line 119
   at NLog.Layouts.SimpleLayout..ctor(String txt, ConfigurationItemFactory configurationItemFactory) in C:\dev\NLog\src\NLog\Layouts\SimpleLayout.cs:line 88
   at NLog.Layouts.Layout.FromString(String layoutText, ConfigurationItemFactory configurationItemFactory) in C:\dev\NLog\src\NLog\Layouts\Layout.cs:line 104
   at NLog.Layouts.Layout.FromString(String layoutText) in C:\dev\NLog\src\NLog\Layouts\Layout.cs:line 93
   at NLog.Layouts.Layout.op_Implicit(String text) in C:\dev\NLog\src\NLog\Layouts\Layout.cs:line 83
   at NLog.Targets.TargetWithLayout..ctor() in C:\dev\NLog\src\NLog\Targets\TargetWithLayout.cs:line 54
   at NLog.Targets.TargetWithLayoutHeaderAndFooter..ctor() in C:\dev\NLog\src\NLog\Targets\TargetWithLayoutHeaderAndFooter.cs:line 50
   at NLog.Targets.FileTarget..ctor() in C:\dev\NLog\src\NLog\Targets\FileTarget.cs:line 167
   at NLog.UnitTests.Targets.FileTargetTests.DateArchive_AllLoggersTransferToCurrentLogFile(Boolean concurrentWrites, Boolean keepFileOpen, Boolean networkWrites, Boolean includeSequenceInArchive, Boolean enableArchiveCompression) in C:\dev\NLog\tests\NLog.UnitTests\Targets\FileTargetTests.cs:line 1048]]></stack-trace>
        </failure>
      </test>
      <test name="NLog.UnitTests.Targets.WrappedFileTargetTests.DateArchive_AllLoggersTransferToCurrentLogFile(concurrentWrites: False, keepFileOpen: False, networkWrites: False, includeSequenceInArchive: True, enableArchiveCompression: False)" type="NLog.UnitTests.Targets.WrappedFileTargetTests" method="DateArchive_AllLoggersTransferToCurrentLogFile" time="0.0002305" result="Fail">
        <failure exception-type="System.ArgumentException">
          <message><![CDATA[System.ArgumentException : LayoutRenderer cannot be found: 'longdate']]></message>
          <stack-trace><![CDATA[   at NLog.Config.Factory`2.CreateInstance(String name) in C:\dev\NLog\src\NLog\Config\Factory.cs:line 199
   at NLog.Layouts.LayoutParser.ParseLayoutRenderer(ConfigurationItemFactory configurationItemFactory, SimpleStringReader sr) in C:\dev\NLog\src\NLog\Layouts\LayoutParser.cs:line 345
   at NLog.Layouts.LayoutParser.CompileLayout(ConfigurationItemFactory configurationItemFactory, SimpleStringReader sr, Boolean isNested, String& text) in C:\dev\NLog\src\NLog\Layouts\LayoutParser.cs:line 108
   at NLog.Layouts.SimpleLayout.set_Text(String value) in C:\dev\NLog\src\NLog\Layouts\SimpleLayout.cs:line 119
   at NLog.Layouts.SimpleLayout..ctor(String txt, ConfigurationItemFactory configurationItemFactory) in C:\dev\NLog\src\NLog\Layouts\SimpleLayout.cs:line 88
   at NLog.Layouts.Layout.FromString(String layoutText, ConfigurationItemFactory configurationItemFactory) in C:\dev\NLog\src\NLog\Layouts\Layout.cs:line 104
   at NLog.Layouts.Layout.FromString(String layoutText) in C:\dev\NLog\src\NLog\Layouts\Layout.cs:line 93
   at NLog.Layouts.Layout.op_Implicit(String text) in C:\dev\NLog\src\NLog\Layouts\Layout.cs:line 83
   at NLog.Targets.TargetWithLayout..ctor() in C:\dev\NLog\src\NLog\Targets\TargetWithLayout.cs:line 54
   at NLog.Targets.TargetWithLayoutHeaderAndFooter..ctor() in C:\dev\NLog\src\NLog\Targets\TargetWithLayoutHeaderAndFooter.cs:line 50
   at NLog.Targets.FileTarget..ctor() in C:\dev\NLog\src\NLog\Targets\FileTarget.cs:line 167
   at NLog.UnitTests.Targets.FileTargetTests.DateArchive_AllLoggersTransferToCurrentLogFile(Boolean concurrentWrites, Boolean keepFileOpen, Boolean networkWrites, Boolean includeSequenceInArchive, Boolean enableArchiveCompression) in C:\dev\NLog\tests\NLog.UnitTests\Targets\FileTargetTests.cs:line 1048]]></stack-trace>
        </failure>
      </test>
      <test name="NLog.UnitTests.Targets.WrappedFileTargetTests.DateArchive_AllLoggersTransferToCurrentLogFile(concurrentWrites: False, keepFileOpen: False, networkWrites: False, includeSequenceInArchive: False, enableArchiveCompression: True)" type="NLog.UnitTests.Targets.WrappedFileTargetTests" method="DateArchive_AllLoggersTransferToCurrentLogFile" time="0.0001749" result="Fail">
        <failure exception-type="System.ArgumentException">
          <message><![CDATA[System.ArgumentException : LayoutRenderer cannot be found: 'longdate']]></message>
          <stack-trace><![CDATA[   at NLog.Config.Factory`2.CreateInstance(String name) in C:\dev\NLog\src\NLog\Config\Factory.cs:line 199
   at NLog.Layouts.LayoutParser.ParseLayoutRenderer(ConfigurationItemFactory configurationItemFactory, SimpleStringReader sr) in C:\dev\NLog\src\NLog\Layouts\LayoutParser.cs:line 345
   at NLog.Layouts.LayoutParser.CompileLayout(ConfigurationItemFactory configurationItemFactory, SimpleStringReader sr, Boolean isNested, String& text) in C:\dev\NLog\src\NLog\Layouts\LayoutParser.cs:line 108
   at NLog.Layouts.SimpleLayout.set_Text(String value) in C:\dev\NLog\src\NLog\Layouts\SimpleLayout.cs:line 119
   at NLog.Layouts.SimpleLayout..ctor(String txt, ConfigurationItemFactory configurationItemFactory) in C:\dev\NLog\src\NLog\Layouts\SimpleLayout.cs:line 88
   at NLog.Layouts.Layout.FromString(String layoutText, ConfigurationItemFactory configurationItemFactory) in C:\dev\NLog\src\NLog\Layouts\Layout.cs:line 104
   at NLog.Layouts.Layout.FromString(String layoutText) in C:\dev\NLog\src\NLog\Layouts\Layout.cs:line 93
   at NLog.Layouts.Layout.op_Implicit(String text) in C:\dev\NLog\src\NLog\Layouts\Layout.cs:line 83
   at NLog.Targets.TargetWithLayout..ctor() in C:\dev\NLog\src\NLog\Targets\TargetWithLayout.cs:line 54
   at NLog.Targets.TargetWithLayoutHeaderAndFooter..ctor() in C:\dev\NLog\src\NLog\Targets\TargetWithLayoutHeaderAndFooter.cs:line 50
   at NLog.Targets.FileTarget..ctor() in C:\dev\NLog\src\NLog\Targets\FileTarget.cs:line 167
   at NLog.UnitTests.Targets.FileTargetTests.DateArchive_AllLoggersTransferToCurrentLogFile(Boolean concurrentWrites, Boolean keepFileOpen, Boolean networkWrites, Boolean includeSequenceInArchive, Boolean enableArchiveCompression) in C:\dev\NLog\tests\NLog.UnitTests\Targets\FileTargetTests.cs:line 1048]]></stack-trace>
        </failure>
      </test>
      <test name="NLog.UnitTests.Targets.WrappedFileTargetTests.DateArchive_AllLoggersTransferToCurrentLogFile(concurrentWrites: False, keepFileOpen: False, networkWrites: False, includeSequenceInArchive: False, enableArchiveCompression: False)" type="NLog.UnitTests.Targets.WrappedFileTargetTests" method="DateArchive_AllLoggersTransferToCurrentLogFile" time="0.0001699" result="Fail">
        <failure exception-type="System.ArgumentException">
          <message><![CDATA[System.ArgumentException : LayoutRenderer cannot be found: 'longdate']]></message>
          <stack-trace><![CDATA[   at NLog.Config.Factory`2.CreateInstance(String name) in C:\dev\NLog\src\NLog\Config\Factory.cs:line 199
   at NLog.Layouts.LayoutParser.ParseLayoutRenderer(ConfigurationItemFactory configurationItemFactory, SimpleStringReader sr) in C:\dev\NLog\src\NLog\Layouts\LayoutParser.cs:line 345
   at NLog.Layouts.LayoutParser.CompileLayout(ConfigurationItemFactory configurationItemFactory, SimpleStringReader sr, Boolean isNested, String& text) in C:\dev\NLog\src\NLog\Layouts\LayoutParser.cs:line 108
   at NLog.Layouts.SimpleLayout.set_Text(String value) in C:\dev\NLog\src\NLog\Layouts\SimpleLayout.cs:line 119
   at NLog.Layouts.SimpleLayout..ctor(String txt, ConfigurationItemFactory configurationItemFactory) in C:\dev\NLog\src\NLog\Layouts\SimpleLayout.cs:line 88
   at NLog.Layouts.Layout.FromString(String layoutText, ConfigurationItemFactory configurationItemFactory) in C:\dev\NLog\src\NLog\Layouts\Layout.cs:line 104
   at NLog.Layouts.Layout.FromString(String layoutText) in C:\dev\NLog\src\NLog\Layouts\Layout.cs:line 93
   at NLog.Layouts.Layout.op_Implicit(String text) in C:\dev\NLog\src\NLog\Layouts\Layout.cs:line 83
   at NLog.Targets.TargetWithLayout..ctor() in C:\dev\NLog\src\NLog\Targets\TargetWithLayout.cs:line 54
   at NLog.Targets.TargetWithLayoutHeaderAndFooter..ctor() in C:\dev\NLog\src\NLog\Targets\TargetWithLayoutHeaderAndFooter.cs:line 50
   at NLog.Targets.FileTarget..ctor() in C:\dev\NLog\src\NLog\Targets\FileTarget.cs:line 167
   at NLog.UnitTests.Targets.FileTargetTests.DateArchive_AllLoggersTransferToCurrentLogFile(Boolean concurrentWrites, Boolean keepFileOpen, Boolean networkWrites, Boolean includeSequenceInArchive, Boolean enableArchiveCompression) in C:\dev\NLog\tests\NLog.UnitTests\Targets\FileTargetTests.cs:line 1048]]></stack-trace>
        </failure>
      </test>
      <test name="NLog.UnitTests.Targets.WrappedFileTargetTests.RollingArchiveTest(specifyArchiveFileName: False)" type="NLog.UnitTests.Targets.WrappedFileTargetTests" method="RollingArchiveTest" time="0.0002527" result="Fail">
        <failure exception-type="System.ArgumentException">
          <message><![CDATA[System.ArgumentException : LayoutRenderer cannot be found: 'longdate']]></message>
          <stack-trace><![CDATA[   at NLog.Config.Factory`2.CreateInstance(String name) in C:\dev\NLog\src\NLog\Config\Factory.cs:line 199
   at NLog.Layouts.LayoutParser.ParseLayoutRenderer(ConfigurationItemFactory configurationItemFactory, SimpleStringReader sr) in C:\dev\NLog\src\NLog\Layouts\LayoutParser.cs:line 345
   at NLog.Layouts.LayoutParser.CompileLayout(ConfigurationItemFactory configurationItemFactory, SimpleStringReader sr, Boolean isNested, String& text) in C:\dev\NLog\src\NLog\Layouts\LayoutParser.cs:line 108
   at NLog.Layouts.SimpleLayout.set_Text(String value) in C:\dev\NLog\src\NLog\Layouts\SimpleLayout.cs:line 119
   at NLog.Layouts.SimpleLayout..ctor(String txt, ConfigurationItemFactory configurationItemFactory) in C:\dev\NLog\src\NLog\Layouts\SimpleLayout.cs:line 88
   at NLog.Layouts.Layout.FromString(String layoutText, ConfigurationItemFactory configurationItemFactory) in C:\dev\NLog\src\NLog\Layouts\Layout.cs:line 104
   at NLog.Layouts.Layout.FromString(String layoutText) in C:\dev\NLog\src\NLog\Layouts\Layout.cs:line 93
   at NLog.Layouts.Layout.op_Implicit(String text) in C:\dev\NLog\src\NLog\Layouts\Layout.cs:line 83
   at NLog.Targets.TargetWithLayout..ctor() in C:\dev\NLog\src\NLog\Targets\TargetWithLayout.cs:line 54
   at NLog.Targets.TargetWithLayoutHeaderAndFooter..ctor() in C:\dev\NLog\src\NLog\Targets\TargetWithLayoutHeaderAndFooter.cs:line 50
   at NLog.Targets.FileTarget..ctor() in C:\dev\NLog\src\NLog\Targets\FileTarget.cs:line 167
   at NLog.UnitTests.Targets.FileTargetTests.RollingArchiveTests(Boolean enableCompression, Boolean specifyArchiveFileName) in C:\dev\NLog\tests\NLog.UnitTests\Targets\FileTargetTests.cs:line 1364
   at NLog.UnitTests.Targets.FileTargetTests.RollingArchiveTest(Boolean specifyArchiveFileName) in C:\dev\NLog\tests\NLog.UnitTests\Targets\FileTargetTests.cs:line 1344]]></stack-trace>
        </failure>
      </test>
      <test name="NLog.UnitTests.Targets.WrappedFileTargetTests.RollingArchiveTest(specifyArchiveFileName: True)" type="NLog.UnitTests.Targets.WrappedFileTargetTests" method="RollingArchiveTest" time="0.0002425" result="Fail">
        <failure exception-type="System.ArgumentException">
          <message><![CDATA[System.ArgumentException : LayoutRenderer cannot be found: 'longdate']]></message>
          <stack-trace><![CDATA[   at NLog.Config.Factory`2.CreateInstance(String name) in C:\dev\NLog\src\NLog\Config\Factory.cs:line 199
   at NLog.Layouts.LayoutParser.ParseLayoutRenderer(ConfigurationItemFactory configurationItemFactory, SimpleStringReader sr) in C:\dev\NLog\src\NLog\Layouts\LayoutParser.cs:line 345
   at NLog.Layouts.LayoutParser.CompileLayout(ConfigurationItemFactory configurationItemFactory, SimpleStringReader sr, Boolean isNested, String& text) in C:\dev\NLog\src\NLog\Layouts\LayoutParser.cs:line 108
   at NLog.Layouts.SimpleLayout.set_Text(String value) in C:\dev\NLog\src\NLog\Layouts\SimpleLayout.cs:line 119
   at NLog.Layouts.SimpleLayout..ctor(String txt, ConfigurationItemFactory configurationItemFactory) in C:\dev\NLog\src\NLog\Layouts\SimpleLayout.cs:line 88
   at NLog.Layouts.Layout.FromString(String layoutText, ConfigurationItemFactory configurationItemFactory) in C:\dev\NLog\src\NLog\Layouts\Layout.cs:line 104
   at NLog.Layouts.Layout.FromString(String layoutText) in C:\dev\NLog\src\NLog\Layouts\Layout.cs:line 93
   at NLog.Layouts.Layout.op_Implicit(String text) in C:\dev\NLog\src\NLog\Layouts\Layout.cs:line 83
   at NLog.Targets.TargetWithLayout..ctor() in C:\dev\NLog\src\NLog\Targets\TargetWithLayout.cs:line 54
   at NLog.Targets.TargetWithLayoutHeaderAndFooter..ctor() in C:\dev\NLog\src\NLog\Targets\TargetWithLayoutHeaderAndFooter.cs:line 50
   at NLog.Targets.FileTarget..ctor() in C:\dev\NLog\src\NLog\Targets\FileTarget.cs:line 167
   at NLog.UnitTests.Targets.FileTargetTests.RollingArchiveTests(Boolean enableCompression, Boolean specifyArchiveFileName) in C:\dev\NLog\tests\NLog.UnitTests\Targets\FileTargetTests.cs:line 1364
   at NLog.UnitTests.Targets.FileTargetTests.RollingArchiveTest(Boolean specifyArchiveFileName) in C:\dev\NLog\tests\NLog.UnitTests\Targets\FileTargetTests.cs:line 1344]]></stack-trace>
        </failure>
      </test>
      <test name="NLog.UnitTests.Targets.WrappedFileTargetTests.DeleteArchiveFilesByDate_AlteredMaxArchive" type="NLog.UnitTests.Targets.WrappedFileTargetTests" method="DeleteArchiveFilesByDate_AlteredMaxArchive" time="0.0002149" result="Fail">
        <failure exception-type="System.ArgumentException">
          <message><![CDATA[System.ArgumentException : LayoutRenderer cannot be found: 'longdate']]></message>
          <stack-trace><![CDATA[   at NLog.Config.Factory`2.CreateInstance(String name) in C:\dev\NLog\src\NLog\Config\Factory.cs:line 199
   at NLog.Layouts.LayoutParser.ParseLayoutRenderer(ConfigurationItemFactory configurationItemFactory, SimpleStringReader sr) in C:\dev\NLog\src\NLog\Layouts\LayoutParser.cs:line 345
   at NLog.Layouts.LayoutParser.CompileLayout(ConfigurationItemFactory configurationItemFactory, SimpleStringReader sr, Boolean isNested, String& text) in C:\dev\NLog\src\NLog\Layouts\LayoutParser.cs:line 108
   at NLog.Layouts.SimpleLayout.set_Text(String value) in C:\dev\NLog\src\NLog\Layouts\SimpleLayout.cs:line 119
   at NLog.Layouts.SimpleLayout..ctor(String txt, ConfigurationItemFactory configurationItemFactory) in C:\dev\NLog\src\NLog\Layouts\SimpleLayout.cs:line 88
   at NLog.Layouts.Layout.FromString(String layoutText, ConfigurationItemFactory configurationItemFactory) in C:\dev\NLog\src\NLog\Layouts\Layout.cs:line 104
   at NLog.Layouts.Layout.FromString(String layoutText) in C:\dev\NLog\src\NLog\Layouts\Layout.cs:line 93
   at NLog.Layouts.Layout.op_Implicit(String text) in C:\dev\NLog\src\NLog\Layouts\Layout.cs:line 83
   at NLog.Targets.TargetWithLayout..ctor() in C:\dev\NLog\src\NLog\Targets\TargetWithLayout.cs:line 54
   at NLog.Targets.TargetWithLayoutHeaderAndFooter..ctor() in C:\dev\NLog\src\NLog\Targets\TargetWithLayoutHeaderAndFooter.cs:line 50
   at NLog.Targets.FileTarget..ctor() in C:\dev\NLog\src\NLog\Targets\FileTarget.cs:line 167
   at NLog.UnitTests.Targets.FileTargetTests.DeleteArchiveFilesByDate_AlteredMaxArchive() in C:\dev\NLog\tests\NLog.UnitTests\Targets\FileTargetTests.cs:line 1183]]></stack-trace>
        </failure>
      </test>
      <test name="NLog.UnitTests.Targets.WrappedFileTargetTests.SequentialArchiveTest_MaxArchiveFiles_0" type="NLog.UnitTests.Targets.WrappedFileTargetTests" method="SequentialArchiveTest_MaxArchiveFiles_0" time="0.0002134" result="Fail">
        <failure exception-type="System.ArgumentException">
          <message><![CDATA[System.ArgumentException : LayoutRenderer cannot be found: 'longdate']]></message>
          <stack-trace><![CDATA[   at NLog.Config.Factory`2.CreateInstance(String name) in C:\dev\NLog\src\NLog\Config\Factory.cs:line 199
   at NLog.Layouts.LayoutParser.ParseLayoutRenderer(ConfigurationItemFactory configurationItemFactory, SimpleStringReader sr) in C:\dev\NLog\src\NLog\Layouts\LayoutParser.cs:line 345
   at NLog.Layouts.LayoutParser.CompileLayout(ConfigurationItemFactory configurationItemFactory, SimpleStringReader sr, Boolean isNested, String& text) in C:\dev\NLog\src\NLog\Layouts\LayoutParser.cs:line 108
   at NLog.Layouts.SimpleLayout.set_Text(String value) in C:\dev\NLog\src\NLog\Layouts\SimpleLayout.cs:line 119
   at NLog.Layouts.SimpleLayout..ctor(String txt, ConfigurationItemFactory configurationItemFactory) in C:\dev\NLog\src\NLog\Layouts\SimpleLayout.cs:line 88
   at NLog.Layouts.Layout.FromString(String layoutText, ConfigurationItemFactory configurationItemFactory) in C:\dev\NLog\src\NLog\Layouts\Layout.cs:line 104
   at NLog.Layouts.Layout.FromString(String layoutText) in C:\dev\NLog\src\NLog\Layouts\Layout.cs:line 93
   at NLog.Layouts.Layout.op_Implicit(String text) in C:\dev\NLog\src\NLog\Layouts\Layout.cs:line 83
   at NLog.Targets.TargetWithLayout..ctor() in C:\dev\NLog\src\NLog\Targets\TargetWithLayout.cs:line 54
   at NLog.Targets.TargetWithLayoutHeaderAndFooter..ctor() in C:\dev\NLog\src\NLog\Targets\TargetWithLayoutHeaderAndFooter.cs:line 50
   at NLog.Targets.FileTarget..ctor() in C:\dev\NLog\src\NLog\Targets\FileTarget.cs:line 167
   at NLog.UnitTests.Targets.FileTargetTests.SequentialArchiveTest_MaxArchiveFiles_0() in C:\dev\NLog\tests\NLog.UnitTests\Targets\FileTargetTests.cs:line 485]]></stack-trace>
        </failure>
      </test>
      <test name="NLog.UnitTests.Targets.WrappedFileTargetTests.RelativeFileNaming_DirectoryNavigation_ShouldSuccess" type="NLog.UnitTests.Targets.WrappedFileTargetTests" method="RelativeFileNaming_DirectoryNavigation_ShouldSuccess" time="0.000205" result="Fail">
        <failure exception-type="System.ArgumentException">
          <message><![CDATA[System.ArgumentException : LayoutRenderer cannot be found: 'longdate']]></message>
          <stack-trace><![CDATA[   at NLog.Config.Factory`2.CreateInstance(String name) in C:\dev\NLog\src\NLog\Config\Factory.cs:line 199
   at NLog.Layouts.LayoutParser.ParseLayoutRenderer(ConfigurationItemFactory configurationItemFactory, SimpleStringReader sr) in C:\dev\NLog\src\NLog\Layouts\LayoutParser.cs:line 345
   at NLog.Layouts.LayoutParser.CompileLayout(ConfigurationItemFactory configurationItemFactory, SimpleStringReader sr, Boolean isNested, String& text) in C:\dev\NLog\src\NLog\Layouts\LayoutParser.cs:line 108
   at NLog.Layouts.SimpleLayout.set_Text(String value) in C:\dev\NLog\src\NLog\Layouts\SimpleLayout.cs:line 119
   at NLog.Layouts.SimpleLayout..ctor(String txt, ConfigurationItemFactory configurationItemFactory) in C:\dev\NLog\src\NLog\Layouts\SimpleLayout.cs:line 88
   at NLog.Layouts.Layout.FromString(String layoutText, ConfigurationItemFactory configurationItemFactory) in C:\dev\NLog\src\NLog\Layouts\Layout.cs:line 104
   at NLog.Layouts.Layout.FromString(String layoutText) in C:\dev\NLog\src\NLog\Layouts\Layout.cs:line 93
   at NLog.Layouts.Layout.op_Implicit(String text) in C:\dev\NLog\src\NLog\Layouts\Layout.cs:line 83
   at NLog.Targets.TargetWithLayout..ctor() in C:\dev\NLog\src\NLog\Targets\TargetWithLayout.cs:line 54
   at NLog.Targets.TargetWithLayoutHeaderAndFooter..ctor() in C:\dev\NLog\src\NLog\Targets\TargetWithLayoutHeaderAndFooter.cs:line 50
   at NLog.Targets.FileTarget..ctor() in C:\dev\NLog\src\NLog\Targets\FileTarget.cs:line 167
   at NLog.UnitTests.Targets.FileTargetTests.RelativeFileNaming_DirectoryNavigation_ShouldSuccess() in C:\dev\NLog\tests\NLog.UnitTests\Targets\FileTargetTests.cs:line 2501]]></stack-trace>
        </failure>
      </test>
      <test name="NLog.UnitTests.Targets.WrappedFileTargetTests.RepeatingFooterTest" type="NLog.UnitTests.Targets.WrappedFileTargetTests" method="RepeatingFooterTest" time="0.0002244" result="Fail">
        <failure exception-type="System.ArgumentException">
          <message><![CDATA[System.ArgumentException : LayoutRenderer cannot be found: 'longdate']]></message>
          <stack-trace><![CDATA[   at NLog.Config.Factory`2.CreateInstance(String name) in C:\dev\NLog\src\NLog\Config\Factory.cs:line 199
   at NLog.Layouts.LayoutParser.ParseLayoutRenderer(ConfigurationItemFactory configurationItemFactory, SimpleStringReader sr) in C:\dev\NLog\src\NLog\Layouts\LayoutParser.cs:line 345
   at NLog.Layouts.LayoutParser.CompileLayout(ConfigurationItemFactory configurationItemFactory, SimpleStringReader sr, Boolean isNested, String& text) in C:\dev\NLog\src\NLog\Layouts\LayoutParser.cs:line 108
   at NLog.Layouts.SimpleLayout.set_Text(String value) in C:\dev\NLog\src\NLog\Layouts\SimpleLayout.cs:line 119
   at NLog.Layouts.SimpleLayout..ctor(String txt, ConfigurationItemFactory configurationItemFactory) in C:\dev\NLog\src\NLog\Layouts\SimpleLayout.cs:line 88
   at NLog.Layouts.Layout.FromString(String layoutText, ConfigurationItemFactory configurationItemFactory) in C:\dev\NLog\src\NLog\Layouts\Layout.cs:line 104
   at NLog.Layouts.Layout.FromString(String layoutText) in C:\dev\NLog\src\NLog\Layouts\Layout.cs:line 93
   at NLog.Layouts.Layout.op_Implicit(String text) in C:\dev\NLog\src\NLog\Layouts\Layout.cs:line 83
   at NLog.Targets.TargetWithLayout..ctor() in C:\dev\NLog\src\NLog\Targets\TargetWithLayout.cs:line 54
   at NLog.Targets.TargetWithLayoutHeaderAndFooter..ctor() in C:\dev\NLog\src\NLog\Targets\TargetWithLayoutHeaderAndFooter.cs:line 50
   at NLog.Targets.FileTarget..ctor() in C:\dev\NLog\src\NLog\Targets\FileTarget.cs:line 167
   at NLog.UnitTests.Targets.FileTargetTests.RepeatingFooterTest() in C:\dev\NLog\tests\NLog.UnitTests\Targets\FileTargetTests.cs:line 1302]]></stack-trace>
        </failure>
      </test>
      <test name="NLog.UnitTests.Targets.WrappedFileTargetTests.MaxArchiveFilesWithDate_only_date2(changeCreationAndWriteTime: True)" type="NLog.UnitTests.Targets.WrappedFileTargetTests" method="MaxArchiveFilesWithDate_only_date2" time="0.0948152" result="Fail">
        <failure exception-type="NLog.NLogConfigurationException">
          <message><![CDATA[NLog.NLogConfigurationException : Exception occurred when loading configuration from 
---- System.ArgumentException : Target cannot be found: 'File']]></message>
          <stack-trace><![CDATA[   at NLog.Config.XmlLoggingConfiguration.Initialize(XmlReader reader, String fileName, Boolean ignoreErrors) in C:\dev\NLog\src\NLog\Config\XmlLoggingConfiguration.cs:line 361
   at NLog.Config.XmlLoggingConfiguration..ctor(XmlReader reader, String fileName) in C:\dev\NLog\src\NLog\Config\XmlLoggingConfiguration.cs:line 138
   at NLog.UnitTests.NLogTestBase.CreateConfigurationFromString(String configXml) in C:\dev\NLog\tests\NLog.UnitTests\NLogTestBase.cs:line 254
   at NLog.UnitTests.Targets.FileTargetTests.TestMaxArchiveFilesWithDate(String archivePath, String logdir, Int32 maxArchiveFilesConfig, Int32 expectedArchiveFiles, String dateFormat, Boolean changeCreationAndWriteTime) in C:\dev\NLog\tests\NLog.UnitTests\Targets\FileTargetTests.cs:line 2411
   at NLog.UnitTests.Targets.FileTargetTests.MaxArchiveFilesWithDate_only_date2(Boolean changeCreationAndWriteTime) in C:\dev\NLog\tests\NLog.UnitTests\Targets\FileTargetTests.cs:line 2362
----- Inner Stack Trace -----
   at NLog.Config.Factory`2.CreateInstance(String name) in C:\dev\NLog\src\NLog\Config\Factory.cs:line 199
   at NLog.Config.XmlLoggingConfiguration.ParseTargetsElement(NLogXmlElement targetsElement) in C:\dev\NLog\src\NLog\Config\XmlLoggingConfiguration.cs:line 723
   at NLog.Config.XmlLoggingConfiguration.ParseNLogElement(NLogXmlElement nlogElement, String filePath, Boolean autoReloadDefault) in C:\dev\NLog\src\NLog\Config\XmlLoggingConfiguration.cs:line 513
   at NLog.Config.XmlLoggingConfiguration.ParseTopLevel(NLogXmlElement content, String filePath, Boolean autoReloadDefault) in C:\dev\NLog\src\NLog\Config\XmlLoggingConfiguration.cs:line 428
   at NLog.Config.XmlLoggingConfiguration.Initialize(XmlReader reader, String fileName, Boolean ignoreErrors) in C:\dev\NLog\src\NLog\Config\XmlLoggingConfiguration.cs:line 339]]></stack-trace>
        </failure>
      </test>
      <test name="NLog.UnitTests.Targets.WrappedFileTargetTests.MaxArchiveFilesWithDate_only_date2(changeCreationAndWriteTime: False)" type="NLog.UnitTests.Targets.WrappedFileTargetTests" method="MaxArchiveFilesWithDate_only_date2" time="0.0850319" result="Fail">
        <failure exception-type="NLog.NLogConfigurationException">
          <message><![CDATA[NLog.NLogConfigurationException : Exception occurred when loading configuration from 
---- System.ArgumentException : Target cannot be found: 'File']]></message>
          <stack-trace><![CDATA[   at NLog.Config.XmlLoggingConfiguration.Initialize(XmlReader reader, String fileName, Boolean ignoreErrors) in C:\dev\NLog\src\NLog\Config\XmlLoggingConfiguration.cs:line 361
   at NLog.Config.XmlLoggingConfiguration..ctor(XmlReader reader, String fileName) in C:\dev\NLog\src\NLog\Config\XmlLoggingConfiguration.cs:line 138
   at NLog.UnitTests.NLogTestBase.CreateConfigurationFromString(String configXml) in C:\dev\NLog\tests\NLog.UnitTests\NLogTestBase.cs:line 254
   at NLog.UnitTests.Targets.FileTargetTests.TestMaxArchiveFilesWithDate(String archivePath, String logdir, Int32 maxArchiveFilesConfig, Int32 expectedArchiveFiles, String dateFormat, Boolean changeCreationAndWriteTime) in C:\dev\NLog\tests\NLog.UnitTests\Targets\FileTargetTests.cs:line 2411
   at NLog.UnitTests.Targets.FileTargetTests.MaxArchiveFilesWithDate_only_date2(Boolean changeCreationAndWriteTime) in C:\dev\NLog\tests\NLog.UnitTests\Targets\FileTargetTests.cs:line 2362
----- Inner Stack Trace -----
   at NLog.Config.Factory`2.CreateInstance(String name) in C:\dev\NLog\src\NLog\Config\Factory.cs:line 199
   at NLog.Config.XmlLoggingConfiguration.ParseTargetsElement(NLogXmlElement targetsElement) in C:\dev\NLog\src\NLog\Config\XmlLoggingConfiguration.cs:line 723
   at NLog.Config.XmlLoggingConfiguration.ParseNLogElement(NLogXmlElement nlogElement, String filePath, Boolean autoReloadDefault) in C:\dev\NLog\src\NLog\Config\XmlLoggingConfiguration.cs:line 513
   at NLog.Config.XmlLoggingConfiguration.ParseTopLevel(NLogXmlElement content, String filePath, Boolean autoReloadDefault) in C:\dev\NLog\src\NLog\Config\XmlLoggingConfiguration.cs:line 428
   at NLog.Config.XmlLoggingConfiguration.Initialize(XmlReader reader, String fileName, Boolean ignoreErrors) in C:\dev\NLog\src\NLog\Config\XmlLoggingConfiguration.cs:line 339]]></stack-trace>
        </failure>
      </test>
      <test name="NLog.UnitTests.Targets.WrappedFileTargetTests.ArchiveFileOnStartTest" type="NLog.UnitTests.Targets.WrappedFileTargetTests" method="ArchiveFileOnStartTest" time="0.0015331" result="Fail">
        <failure exception-type="System.ArgumentException">
          <message><![CDATA[System.ArgumentException : LayoutRenderer cannot be found: 'longdate']]></message>
          <stack-trace><![CDATA[   at NLog.Config.Factory`2.CreateInstance(String name) in C:\dev\NLog\src\NLog\Config\Factory.cs:line 199
   at NLog.Layouts.LayoutParser.ParseLayoutRenderer(ConfigurationItemFactory configurationItemFactory, SimpleStringReader sr) in C:\dev\NLog\src\NLog\Layouts\LayoutParser.cs:line 345
   at NLog.Layouts.LayoutParser.CompileLayout(ConfigurationItemFactory configurationItemFactory, SimpleStringReader sr, Boolean isNested, String& text) in C:\dev\NLog\src\NLog\Layouts\LayoutParser.cs:line 108
   at NLog.Layouts.SimpleLayout.set_Text(String value) in C:\dev\NLog\src\NLog\Layouts\SimpleLayout.cs:line 119
   at NLog.Layouts.SimpleLayout..ctor(String txt, ConfigurationItemFactory configurationItemFactory) in C:\dev\NLog\src\NLog\Layouts\SimpleLayout.cs:line 88
   at NLog.Layouts.Layout.FromString(String layoutText, ConfigurationItemFactory configurationItemFactory) in C:\dev\NLog\src\NLog\Layouts\Layout.cs:line 104
   at NLog.Layouts.Layout.FromString(String layoutText) in C:\dev\NLog\src\NLog\Layouts\Layout.cs:line 93
   at NLog.Layouts.Layout.op_Implicit(String text) in C:\dev\NLog\src\NLog\Layouts\Layout.cs:line 83
   at NLog.Targets.TargetWithLayout..ctor() in C:\dev\NLog\src\NLog\Targets\TargetWithLayout.cs:line 54
   at NLog.Targets.TargetWithLayoutHeaderAndFooter..ctor() in C:\dev\NLog\src\NLog\Targets\TargetWithLayoutHeaderAndFooter.cs:line 50
   at NLog.Targets.FileTarget..ctor() in C:\dev\NLog\src\NLog\Targets\FileTarget.cs:line 167
   at NLog.UnitTests.Targets.FileTargetTests.ArchiveFileOnStartTests(Boolean enableCompression) in C:\dev\NLog\tests\NLog.UnitTests\Targets\FileTargetTests.cs:line 243
   at NLog.UnitTests.Targets.FileTargetTests.ArchiveFileOnStartTest() in C:\dev\NLog\tests\NLog.UnitTests\Targets\FileTargetTests.cs:line 224]]></stack-trace>
        </failure>
      </test>
      <test name="NLog.UnitTests.Targets.WrappedFileTargetTests.Dont_throw_Exception_when_archiving_is_enabled_with_async" type="NLog.UnitTests.Targets.WrappedFileTargetTests" method="Dont_throw_Exception_when_archiving_is_enabled_with_async" time="0.0002486" result="Fail">
        <failure exception-type="NLog.NLogConfigurationException">
          <message><![CDATA[NLog.NLogConfigurationException : Exception occurred when loading configuration from 
---- System.ArgumentException : Target cannot be found: 'File']]></message>
          <stack-trace><![CDATA[   at NLog.Config.XmlLoggingConfiguration.Initialize(XmlReader reader, String fileName, Boolean ignoreErrors) in C:\dev\NLog\src\NLog\Config\XmlLoggingConfiguration.cs:line 361
   at NLog.Config.XmlLoggingConfiguration..ctor(XmlReader reader, String fileName) in C:\dev\NLog\src\NLog\Config\XmlLoggingConfiguration.cs:line 138
   at NLog.UnitTests.NLogTestBase.CreateConfigurationFromString(String configXml) in C:\dev\NLog\tests\NLog.UnitTests\NLogTestBase.cs:line 254
   at NLog.UnitTests.Targets.FileTargetTests.Dont_throw_Exception_when_archiving_is_enabled_with_async() in C:\dev\NLog\tests\NLog.UnitTests\Targets\FileTargetTests.cs:line 2314
----- Inner Stack Trace -----
   at NLog.Config.Factory`2.CreateInstance(String name) in C:\dev\NLog\src\NLog\Config\Factory.cs:line 199
   at NLog.Config.XmlLoggingConfiguration.ParseTargetsElement(NLogXmlElement targetsElement) in C:\dev\NLog\src\NLog\Config\XmlLoggingConfiguration.cs:line 723
   at NLog.Config.XmlLoggingConfiguration.ParseNLogElement(NLogXmlElement nlogElement, String filePath, Boolean autoReloadDefault) in C:\dev\NLog\src\NLog\Config\XmlLoggingConfiguration.cs:line 513
   at NLog.Config.XmlLoggingConfiguration.ParseTopLevel(NLogXmlElement content, String filePath, Boolean autoReloadDefault) in C:\dev\NLog\src\NLog\Config\XmlLoggingConfiguration.cs:line 428
   at NLog.Config.XmlLoggingConfiguration.Initialize(XmlReader reader, String fileName, Boolean ignoreErrors) in C:\dev\NLog\src\NLog\Config\XmlLoggingConfiguration.cs:line 339]]></stack-trace>
        </failure>
      </test>
      <test name="NLog.UnitTests.Targets.WrappedFileTargetTests.FileTarget_InvalidFileNameCorrection" type="NLog.UnitTests.Targets.WrappedFileTargetTests" method="FileTarget_InvalidFileNameCorrection" time="0.0008543" result="Fail">
        <failure exception-type="System.ArgumentException">
          <message><![CDATA[System.ArgumentException : LayoutRenderer cannot be found: 'longdate']]></message>
          <stack-trace><![CDATA[   at NLog.Config.Factory`2.CreateInstance(String name) in C:\dev\NLog\src\NLog\Config\Factory.cs:line 199
   at NLog.Layouts.LayoutParser.ParseLayoutRenderer(ConfigurationItemFactory configurationItemFactory, SimpleStringReader sr) in C:\dev\NLog\src\NLog\Layouts\LayoutParser.cs:line 345
   at NLog.Layouts.LayoutParser.CompileLayout(ConfigurationItemFactory configurationItemFactory, SimpleStringReader sr, Boolean isNested, String& text) in C:\dev\NLog\src\NLog\Layouts\LayoutParser.cs:line 108
   at NLog.Layouts.SimpleLayout.set_Text(String value) in C:\dev\NLog\src\NLog\Layouts\SimpleLayout.cs:line 119
   at NLog.Layouts.SimpleLayout..ctor(String txt, ConfigurationItemFactory configurationItemFactory) in C:\dev\NLog\src\NLog\Layouts\SimpleLayout.cs:line 88
   at NLog.Layouts.Layout.FromString(String layoutText, ConfigurationItemFactory configurationItemFactory) in C:\dev\NLog\src\NLog\Layouts\Layout.cs:line 104
   at NLog.Layouts.Layout.FromString(String layoutText) in C:\dev\NLog\src\NLog\Layouts\Layout.cs:line 93
   at NLog.Layouts.Layout.op_Implicit(String text) in C:\dev\NLog\src\NLog\Layouts\Layout.cs:line 83
   at NLog.Targets.TargetWithLayout..ctor() in C:\dev\NLog\src\NLog\Targets\TargetWithLayout.cs:line 54
   at NLog.Targets.TargetWithLayoutHeaderAndFooter..ctor() in C:\dev\NLog\src\NLog\Targets\TargetWithLayoutHeaderAndFooter.cs:line 50
   at NLog.Targets.FileTarget..ctor() in C:\dev\NLog\src\NLog\Targets\FileTarget.cs:line 167
   at NLog.UnitTests.Targets.FileTargetTests.FileTarget_InvalidFileNameCorrection() in C:\dev\NLog\tests\NLog.UnitTests\Targets\FileTargetTests.cs:line 1816]]></stack-trace>
        </failure>
      </test>
      <test name="NLog.UnitTests.Targets.WrappedFileTargetTests.AsyncMultiFileWrite" type="NLog.UnitTests.Targets.WrappedFileTargetTests" method="AsyncMultiFileWrite" time="0.0002254" result="Fail">
        <failure exception-type="System.ArgumentException">
          <message><![CDATA[System.ArgumentException : LayoutRenderer cannot be found: 'longdate']]></message>
          <stack-trace><![CDATA[   at NLog.Config.Factory`2.CreateInstance(String name) in C:\dev\NLog\src\NLog\Config\Factory.cs:line 199
   at NLog.Layouts.LayoutParser.ParseLayoutRenderer(ConfigurationItemFactory configurationItemFactory, SimpleStringReader sr) in C:\dev\NLog\src\NLog\Layouts\LayoutParser.cs:line 345
   at NLog.Layouts.LayoutParser.CompileLayout(ConfigurationItemFactory configurationItemFactory, SimpleStringReader sr, Boolean isNested, String& text) in C:\dev\NLog\src\NLog\Layouts\LayoutParser.cs:line 108
   at NLog.Layouts.SimpleLayout.set_Text(String value) in C:\dev\NLog\src\NLog\Layouts\SimpleLayout.cs:line 119
   at NLog.Layouts.SimpleLayout..ctor(String txt, ConfigurationItemFactory configurationItemFactory) in C:\dev\NLog\src\NLog\Layouts\SimpleLayout.cs:line 88
   at NLog.Layouts.Layout.FromString(String layoutText, ConfigurationItemFactory configurationItemFactory) in C:\dev\NLog\src\NLog\Layouts\Layout.cs:line 104
   at NLog.Layouts.Layout.FromString(String layoutText) in C:\dev\NLog\src\NLog\Layouts\Layout.cs:line 93
   at NLog.Layouts.Layout.op_Implicit(String text) in C:\dev\NLog\src\NLog\Layouts\Layout.cs:line 83
   at NLog.Targets.TargetWithLayout..ctor() in C:\dev\NLog\src\NLog\Targets\TargetWithLayout.cs:line 54
   at NLog.Targets.TargetWithLayoutHeaderAndFooter..ctor() in C:\dev\NLog\src\NLog\Targets\TargetWithLayoutHeaderAndFooter.cs:line 50
   at NLog.Targets.FileTarget..ctor() in C:\dev\NLog\src\NLog\Targets\FileTarget.cs:line 167
   at NLog.UnitTests.Targets.FileTargetTests.AsyncMultiFileWrite() in C:\dev\NLog\tests\NLog.UnitTests\Targets\FileTargetTests.cs:line 1612]]></stack-trace>
        </failure>
      </test>
      <test name="NLog.UnitTests.Targets.WrappedFileTargetTests.MaxArchiveFilesWithDate(changeCreationAndWriteTime: True)" type="NLog.UnitTests.Targets.WrappedFileTargetTests" method="MaxArchiveFilesWithDate" time="0.0972507" result="Fail">
        <failure exception-type="NLog.NLogConfigurationException">
          <message><![CDATA[NLog.NLogConfigurationException : Exception occurred when loading configuration from 
---- System.ArgumentException : Target cannot be found: 'File']]></message>
          <stack-trace><![CDATA[   at NLog.Config.XmlLoggingConfiguration.Initialize(XmlReader reader, String fileName, Boolean ignoreErrors) in C:\dev\NLog\src\NLog\Config\XmlLoggingConfiguration.cs:line 361
   at NLog.Config.XmlLoggingConfiguration..ctor(XmlReader reader, String fileName) in C:\dev\NLog\src\NLog\Config\XmlLoggingConfiguration.cs:line 138
   at NLog.UnitTests.NLogTestBase.CreateConfigurationFromString(String configXml) in C:\dev\NLog\tests\NLog.UnitTests\NLogTestBase.cs:line 254
   at NLog.UnitTests.Targets.FileTargetTests.TestMaxArchiveFilesWithDate(String archivePath, String logdir, Int32 maxArchiveFilesConfig, Int32 expectedArchiveFiles, String dateFormat, Boolean changeCreationAndWriteTime) in C:\dev\NLog\tests\NLog.UnitTests\Targets\FileTargetTests.cs:line 2411
   at NLog.UnitTests.Targets.FileTargetTests.MaxArchiveFilesWithDate(Boolean changeCreationAndWriteTime) in C:\dev\NLog\tests\NLog.UnitTests\Targets\FileTargetTests.cs:line 2341
----- Inner Stack Trace -----
   at NLog.Config.Factory`2.CreateInstance(String name) in C:\dev\NLog\src\NLog\Config\Factory.cs:line 199
   at NLog.Config.XmlLoggingConfiguration.ParseTargetsElement(NLogXmlElement targetsElement) in C:\dev\NLog\src\NLog\Config\XmlLoggingConfiguration.cs:line 723
   at NLog.Config.XmlLoggingConfiguration.ParseNLogElement(NLogXmlElement nlogElement, String filePath, Boolean autoReloadDefault) in C:\dev\NLog\src\NLog\Config\XmlLoggingConfiguration.cs:line 513
   at NLog.Config.XmlLoggingConfiguration.ParseTopLevel(NLogXmlElement content, String filePath, Boolean autoReloadDefault) in C:\dev\NLog\src\NLog\Config\XmlLoggingConfiguration.cs:line 428
   at NLog.Config.XmlLoggingConfiguration.Initialize(XmlReader reader, String fileName, Boolean ignoreErrors) in C:\dev\NLog\src\NLog\Config\XmlLoggingConfiguration.cs:line 339]]></stack-trace>
        </failure>
      </test>
      <test name="NLog.UnitTests.Targets.WrappedFileTargetTests.MaxArchiveFilesWithDate(changeCreationAndWriteTime: False)" type="NLog.UnitTests.Targets.WrappedFileTargetTests" method="MaxArchiveFilesWithDate" time="0.0880245" result="Fail">
        <failure exception-type="NLog.NLogConfigurationException">
          <message><![CDATA[NLog.NLogConfigurationException : Exception occurred when loading configuration from 
---- System.ArgumentException : Target cannot be found: 'File']]></message>
          <stack-trace><![CDATA[   at NLog.Config.XmlLoggingConfiguration.Initialize(XmlReader reader, String fileName, Boolean ignoreErrors) in C:\dev\NLog\src\NLog\Config\XmlLoggingConfiguration.cs:line 361
   at NLog.Config.XmlLoggingConfiguration..ctor(XmlReader reader, String fileName) in C:\dev\NLog\src\NLog\Config\XmlLoggingConfiguration.cs:line 138
   at NLog.UnitTests.NLogTestBase.CreateConfigurationFromString(String configXml) in C:\dev\NLog\tests\NLog.UnitTests\NLogTestBase.cs:line 254
   at NLog.UnitTests.Targets.FileTargetTests.TestMaxArchiveFilesWithDate(String archivePath, String logdir, Int32 maxArchiveFilesConfig, Int32 expectedArchiveFiles, String dateFormat, Boolean changeCreationAndWriteTime) in C:\dev\NLog\tests\NLog.UnitTests\Targets\FileTargetTests.cs:line 2411
   at NLog.UnitTests.Targets.FileTargetTests.MaxArchiveFilesWithDate(Boolean changeCreationAndWriteTime) in C:\dev\NLog\tests\NLog.UnitTests\Targets\FileTargetTests.cs:line 2341
----- Inner Stack Trace -----
   at NLog.Config.Factory`2.CreateInstance(String name) in C:\dev\NLog\src\NLog\Config\Factory.cs:line 199
   at NLog.Config.XmlLoggingConfiguration.ParseTargetsElement(NLogXmlElement targetsElement) in C:\dev\NLog\src\NLog\Config\XmlLoggingConfiguration.cs:line 723
   at NLog.Config.XmlLoggingConfiguration.ParseNLogElement(NLogXmlElement nlogElement, String filePath, Boolean autoReloadDefault) in C:\dev\NLog\src\NLog\Config\XmlLoggingConfiguration.cs:line 513
   at NLog.Config.XmlLoggingConfiguration.ParseTopLevel(NLogXmlElement content, String filePath, Boolean autoReloadDefault) in C:\dev\NLog\src\NLog\Config\XmlLoggingConfiguration.cs:line 428
   at NLog.Config.XmlLoggingConfiguration.Initialize(XmlReader reader, String fileName, Boolean ignoreErrors) in C:\dev\NLog\src\NLog\Config\XmlLoggingConfiguration.cs:line 339]]></stack-trace>
        </failure>
      </test>
      <test name="NLog.UnitTests.Targets.WrappedFileTargetTests.FileTarget_LogAndArchiveFilesWithSameName_ShouldArchive" type="NLog.UnitTests.Targets.WrappedFileTargetTests" method="FileTarget_LogAndArchiveFilesWithSameName_ShouldArchive" time="0.0002686" result="Fail">
        <failure exception-type="System.ArgumentException">
          <message><![CDATA[System.ArgumentException : LayoutRenderer cannot be found: 'longdate']]></message>
          <stack-trace><![CDATA[   at NLog.Config.Factory`2.CreateInstance(String name) in C:\dev\NLog\src\NLog\Config\Factory.cs:line 199
   at NLog.Layouts.LayoutParser.ParseLayoutRenderer(ConfigurationItemFactory configurationItemFactory, SimpleStringReader sr) in C:\dev\NLog\src\NLog\Layouts\LayoutParser.cs:line 345
   at NLog.Layouts.LayoutParser.CompileLayout(ConfigurationItemFactory configurationItemFactory, SimpleStringReader sr, Boolean isNested, String& text) in C:\dev\NLog\src\NLog\Layouts\LayoutParser.cs:line 108
   at NLog.Layouts.SimpleLayout.set_Text(String value) in C:\dev\NLog\src\NLog\Layouts\SimpleLayout.cs:line 119
   at NLog.Layouts.SimpleLayout..ctor(String txt, ConfigurationItemFactory configurationItemFactory) in C:\dev\NLog\src\NLog\Layouts\SimpleLayout.cs:line 88
   at NLog.Layouts.Layout.FromString(String layoutText, ConfigurationItemFactory configurationItemFactory) in C:\dev\NLog\src\NLog\Layouts\Layout.cs:line 104
   at NLog.Layouts.Layout.FromString(String layoutText) in C:\dev\NLog\src\NLog\Layouts\Layout.cs:line 93
   at NLog.Layouts.Layout.op_Implicit(String text) in C:\dev\NLog\src\NLog\Layouts\Layout.cs:line 83
   at NLog.Targets.TargetWithLayout..ctor() in C:\dev\NLog\src\NLog\Targets\TargetWithLayout.cs:line 54
   at NLog.Targets.TargetWithLayoutHeaderAndFooter..ctor() in C:\dev\NLog\src\NLog\Targets\TargetWithLayoutHeaderAndFooter.cs:line 50
   at NLog.Targets.FileTarget..ctor() in C:\dev\NLog\src\NLog\Targets\FileTarget.cs:line 167
   at NLog.UnitTests.Targets.FileTargetTests.FileTarget_LogAndArchiveFilesWithSameName_ShouldArchive() in C:\dev\NLog\tests\NLog.UnitTests\Targets\FileTargetTests.cs:line 1851]]></stack-trace>
        </failure>
      </test>
      <test name="NLog.UnitTests.Targets.WrappedFileTargetTests.ArchiveFileOnStartTest_WithCompression" type="NLog.UnitTests.Targets.WrappedFileTargetTests" method="ArchiveFileOnStartTest_WithCompression" time="0.0008861" result="Fail">
        <failure exception-type="System.ArgumentException">
          <message><![CDATA[System.ArgumentException : LayoutRenderer cannot be found: 'longdate']]></message>
          <stack-trace><![CDATA[   at NLog.Config.Factory`2.CreateInstance(String name) in C:\dev\NLog\src\NLog\Config\Factory.cs:line 199
   at NLog.Layouts.LayoutParser.ParseLayoutRenderer(ConfigurationItemFactory configurationItemFactory, SimpleStringReader sr) in C:\dev\NLog\src\NLog\Layouts\LayoutParser.cs:line 345
   at NLog.Layouts.LayoutParser.CompileLayout(ConfigurationItemFactory configurationItemFactory, SimpleStringReader sr, Boolean isNested, String& text) in C:\dev\NLog\src\NLog\Layouts\LayoutParser.cs:line 108
   at NLog.Layouts.SimpleLayout.set_Text(String value) in C:\dev\NLog\src\NLog\Layouts\SimpleLayout.cs:line 119
   at NLog.Layouts.SimpleLayout..ctor(String txt, ConfigurationItemFactory configurationItemFactory) in C:\dev\NLog\src\NLog\Layouts\SimpleLayout.cs:line 88
   at NLog.Layouts.Layout.FromString(String layoutText, ConfigurationItemFactory configurationItemFactory) in C:\dev\NLog\src\NLog\Layouts\Layout.cs:line 104
   at NLog.Layouts.Layout.FromString(String layoutText) in C:\dev\NLog\src\NLog\Layouts\Layout.cs:line 93
   at NLog.Layouts.Layout.op_Implicit(String text) in C:\dev\NLog\src\NLog\Layouts\Layout.cs:line 83
   at NLog.Targets.TargetWithLayout..ctor() in C:\dev\NLog\src\NLog\Targets\TargetWithLayout.cs:line 54
   at NLog.Targets.TargetWithLayoutHeaderAndFooter..ctor() in C:\dev\NLog\src\NLog\Targets\TargetWithLayoutHeaderAndFooter.cs:line 50
   at NLog.Targets.FileTarget..ctor() in C:\dev\NLog\src\NLog\Targets\FileTarget.cs:line 167
   at NLog.UnitTests.Targets.FileTargetTests.ArchiveFileOnStartTests(Boolean enableCompression) in C:\dev\NLog\tests\NLog.UnitTests\Targets\FileTargetTests.cs:line 243
   at NLog.UnitTests.Targets.FileTargetTests.ArchiveFileOnStartTest_WithCompression() in C:\dev\NLog\tests\NLog.UnitTests\Targets\FileTargetTests.cs:line 231]]></stack-trace>
        </failure>
      </test>
      <test name="NLog.UnitTests.Targets.WrappedFileTargetTests.Dont_throw_Exception_when_archiving_is_enabled" type="NLog.UnitTests.Targets.WrappedFileTargetTests" method="Dont_throw_Exception_when_archiving_is_enabled" time="0.0002364" result="Fail">
        <failure exception-type="NLog.NLogConfigurationException">
          <message><![CDATA[NLog.NLogConfigurationException : Exception occurred when loading configuration from 
---- System.ArgumentException : Target cannot be found: 'File']]></message>
          <stack-trace><![CDATA[   at NLog.Config.XmlLoggingConfiguration.Initialize(XmlReader reader, String fileName, Boolean ignoreErrors) in C:\dev\NLog\src\NLog\Config\XmlLoggingConfiguration.cs:line 361
   at NLog.Config.XmlLoggingConfiguration..ctor(XmlReader reader, String fileName) in C:\dev\NLog\src\NLog\Config\XmlLoggingConfiguration.cs:line 138
   at NLog.UnitTests.NLogTestBase.CreateConfigurationFromString(String configXml) in C:\dev\NLog\tests\NLog.UnitTests\NLogTestBase.cs:line 254
   at NLog.UnitTests.Targets.FileTargetTests.Dont_throw_Exception_when_archiving_is_enabled() in C:\dev\NLog\tests\NLog.UnitTests\Targets\FileTargetTests.cs:line 2290
----- Inner Stack Trace -----
   at NLog.Config.Factory`2.CreateInstance(String name) in C:\dev\NLog\src\NLog\Config\Factory.cs:line 199
   at NLog.Config.XmlLoggingConfiguration.ParseTargetsElement(NLogXmlElement targetsElement) in C:\dev\NLog\src\NLog\Config\XmlLoggingConfiguration.cs:line 723
   at NLog.Config.XmlLoggingConfiguration.ParseNLogElement(NLogXmlElement nlogElement, String filePath, Boolean autoReloadDefault) in C:\dev\NLog\src\NLog\Config\XmlLoggingConfiguration.cs:line 513
   at NLog.Config.XmlLoggingConfiguration.ParseTopLevel(NLogXmlElement content, String filePath, Boolean autoReloadDefault) in C:\dev\NLog\src\NLog\Config\XmlLoggingConfiguration.cs:line 428
   at NLog.Config.XmlLoggingConfiguration.Initialize(XmlReader reader, String fileName, Boolean ignoreErrors) in C:\dev\NLog\src\NLog\Config\XmlLoggingConfiguration.cs:line 339]]></stack-trace>
        </failure>
      </test>
      <test name="NLog.UnitTests.Targets.WrappedFileTargetTests.DateArchive_UsesDateFromCurrentTimeSource(timeKind: Utc, concurrentWrites: True, keepFileOpen: True, networkWrites: True, includeSequenceInArchive: True)" type="NLog.UnitTests.Targets.WrappedFileTargetTests" method="DateArchive_UsesDateFromCurrentTimeSource" time="0.0002881" result="Fail">
        <failure exception-type="System.ArgumentException">
          <message><![CDATA[System.ArgumentException : LayoutRenderer cannot be found: 'longdate']]></message>
          <stack-trace><![CDATA[   at NLog.Config.Factory`2.CreateInstance(String name) in C:\dev\NLog\src\NLog\Config\Factory.cs:line 199
   at NLog.Layouts.LayoutParser.ParseLayoutRenderer(ConfigurationItemFactory configurationItemFactory, SimpleStringReader sr) in C:\dev\NLog\src\NLog\Layouts\LayoutParser.cs:line 345
   at NLog.Layouts.LayoutParser.CompileLayout(ConfigurationItemFactory configurationItemFactory, SimpleStringReader sr, Boolean isNested, String& text) in C:\dev\NLog\src\NLog\Layouts\LayoutParser.cs:line 108
   at NLog.Layouts.SimpleLayout.set_Text(String value) in C:\dev\NLog\src\NLog\Layouts\SimpleLayout.cs:line 119
   at NLog.Layouts.SimpleLayout..ctor(String txt, ConfigurationItemFactory configurationItemFactory) in C:\dev\NLog\src\NLog\Layouts\SimpleLayout.cs:line 88
   at NLog.Layouts.Layout.FromString(String layoutText, ConfigurationItemFactory configurationItemFactory) in C:\dev\NLog\src\NLog\Layouts\Layout.cs:line 104
   at NLog.Layouts.Layout.FromString(String layoutText) in C:\dev\NLog\src\NLog\Layouts\Layout.cs:line 93
   at NLog.Layouts.Layout.op_Implicit(String text) in C:\dev\NLog\src\NLog\Layouts\Layout.cs:line 83
   at NLog.Targets.TargetWithLayout..ctor() in C:\dev\NLog\src\NLog\Targets\TargetWithLayout.cs:line 54
   at NLog.Targets.TargetWithLayoutHeaderAndFooter..ctor() in C:\dev\NLog\src\NLog\Targets\TargetWithLayoutHeaderAndFooter.cs:line 50
   at NLog.Targets.FileTarget..ctor() in C:\dev\NLog\src\NLog\Targets\FileTarget.cs:line 167
   at NLog.UnitTests.Targets.FileTargetTests.DateArchive_UsesDateFromCurrentTimeSource(DateTimeKind timeKind, Boolean concurrentWrites, Boolean keepFileOpen, Boolean networkWrites, Boolean includeSequenceInArchive) in C:\dev\NLog\tests\NLog.UnitTests\Targets\FileTargetTests.cs:line 784]]></stack-trace>
        </failure>
      </test>
      <test name="NLog.UnitTests.Targets.WrappedFileTargetTests.DateArchive_UsesDateFromCurrentTimeSource(timeKind: Utc, concurrentWrites: True, keepFileOpen: True, networkWrites: True, includeSequenceInArchive: False)" type="NLog.UnitTests.Targets.WrappedFileTargetTests" method="DateArchive_UsesDateFromCurrentTimeSource" time="0.0002174" result="Fail">
        <failure exception-type="System.ArgumentException">
          <message><![CDATA[System.ArgumentException : LayoutRenderer cannot be found: 'longdate']]></message>
          <stack-trace><![CDATA[   at NLog.Config.Factory`2.CreateInstance(String name) in C:\dev\NLog\src\NLog\Config\Factory.cs:line 199
   at NLog.Layouts.LayoutParser.ParseLayoutRenderer(ConfigurationItemFactory configurationItemFactory, SimpleStringReader sr) in C:\dev\NLog\src\NLog\Layouts\LayoutParser.cs:line 345
   at NLog.Layouts.LayoutParser.CompileLayout(ConfigurationItemFactory configurationItemFactory, SimpleStringReader sr, Boolean isNested, String& text) in C:\dev\NLog\src\NLog\Layouts\LayoutParser.cs:line 108
   at NLog.Layouts.SimpleLayout.set_Text(String value) in C:\dev\NLog\src\NLog\Layouts\SimpleLayout.cs:line 119
   at NLog.Layouts.SimpleLayout..ctor(String txt, ConfigurationItemFactory configurationItemFactory) in C:\dev\NLog\src\NLog\Layouts\SimpleLayout.cs:line 88
   at NLog.Layouts.Layout.FromString(String layoutText, ConfigurationItemFactory configurationItemFactory) in C:\dev\NLog\src\NLog\Layouts\Layout.cs:line 104
   at NLog.Layouts.Layout.FromString(String layoutText) in C:\dev\NLog\src\NLog\Layouts\Layout.cs:line 93
   at NLog.Layouts.Layout.op_Implicit(String text) in C:\dev\NLog\src\NLog\Layouts\Layout.cs:line 83
   at NLog.Targets.TargetWithLayout..ctor() in C:\dev\NLog\src\NLog\Targets\TargetWithLayout.cs:line 54
   at NLog.Targets.TargetWithLayoutHeaderAndFooter..ctor() in C:\dev\NLog\src\NLog\Targets\TargetWithLayoutHeaderAndFooter.cs:line 50
   at NLog.Targets.FileTarget..ctor() in C:\dev\NLog\src\NLog\Targets\FileTarget.cs:line 167
   at NLog.UnitTests.Targets.FileTargetTests.DateArchive_UsesDateFromCurrentTimeSource(DateTimeKind timeKind, Boolean concurrentWrites, Boolean keepFileOpen, Boolean networkWrites, Boolean includeSequenceInArchive) in C:\dev\NLog\tests\NLog.UnitTests\Targets\FileTargetTests.cs:line 784]]></stack-trace>
        </failure>
      </test>
      <test name="NLog.UnitTests.Targets.WrappedFileTargetTests.DateArchive_UsesDateFromCurrentTimeSource(timeKind: Local, concurrentWrites: True, keepFileOpen: True, networkWrites: True, includeSequenceInArchive: True)" type="NLog.UnitTests.Targets.WrappedFileTargetTests" method="DateArchive_UsesDateFromCurrentTimeSource" time="0.0002037" result="Fail">
        <failure exception-type="System.ArgumentException">
          <message><![CDATA[System.ArgumentException : LayoutRenderer cannot be found: 'longdate']]></message>
          <stack-trace><![CDATA[   at NLog.Config.Factory`2.CreateInstance(String name) in C:\dev\NLog\src\NLog\Config\Factory.cs:line 199
   at NLog.Layouts.LayoutParser.ParseLayoutRenderer(ConfigurationItemFactory configurationItemFactory, SimpleStringReader sr) in C:\dev\NLog\src\NLog\Layouts\LayoutParser.cs:line 345
   at NLog.Layouts.LayoutParser.CompileLayout(ConfigurationItemFactory configurationItemFactory, SimpleStringReader sr, Boolean isNested, String& text) in C:\dev\NLog\src\NLog\Layouts\LayoutParser.cs:line 108
   at NLog.Layouts.SimpleLayout.set_Text(String value) in C:\dev\NLog\src\NLog\Layouts\SimpleLayout.cs:line 119
   at NLog.Layouts.SimpleLayout..ctor(String txt, ConfigurationItemFactory configurationItemFactory) in C:\dev\NLog\src\NLog\Layouts\SimpleLayout.cs:line 88
   at NLog.Layouts.Layout.FromString(String layoutText, ConfigurationItemFactory configurationItemFactory) in C:\dev\NLog\src\NLog\Layouts\Layout.cs:line 104
   at NLog.Layouts.Layout.FromString(String layoutText) in C:\dev\NLog\src\NLog\Layouts\Layout.cs:line 93
   at NLog.Layouts.Layout.op_Implicit(String text) in C:\dev\NLog\src\NLog\Layouts\Layout.cs:line 83
   at NLog.Targets.TargetWithLayout..ctor() in C:\dev\NLog\src\NLog\Targets\TargetWithLayout.cs:line 54
   at NLog.Targets.TargetWithLayoutHeaderAndFooter..ctor() in C:\dev\NLog\src\NLog\Targets\TargetWithLayoutHeaderAndFooter.cs:line 50
   at NLog.Targets.FileTarget..ctor() in C:\dev\NLog\src\NLog\Targets\FileTarget.cs:line 167
   at NLog.UnitTests.Targets.FileTargetTests.DateArchive_UsesDateFromCurrentTimeSource(DateTimeKind timeKind, Boolean concurrentWrites, Boolean keepFileOpen, Boolean networkWrites, Boolean includeSequenceInArchive) in C:\dev\NLog\tests\NLog.UnitTests\Targets\FileTargetTests.cs:line 784]]></stack-trace>
        </failure>
      </test>
      <test name="NLog.UnitTests.Targets.WrappedFileTargetTests.DateArchive_UsesDateFromCurrentTimeSource(timeKind: Local, concurrentWrites: True, keepFileOpen: True, networkWrites: True, includeSequenceInArchive: False)" type="NLog.UnitTests.Targets.WrappedFileTargetTests" method="DateArchive_UsesDateFromCurrentTimeSource" time="0.0001943" result="Fail">
        <failure exception-type="System.ArgumentException">
          <message><![CDATA[System.ArgumentException : LayoutRenderer cannot be found: 'longdate']]></message>
          <stack-trace><![CDATA[   at NLog.Config.Factory`2.CreateInstance(String name) in C:\dev\NLog\src\NLog\Config\Factory.cs:line 199
   at NLog.Layouts.LayoutParser.ParseLayoutRenderer(ConfigurationItemFactory configurationItemFactory, SimpleStringReader sr) in C:\dev\NLog\src\NLog\Layouts\LayoutParser.cs:line 345
   at NLog.Layouts.LayoutParser.CompileLayout(ConfigurationItemFactory configurationItemFactory, SimpleStringReader sr, Boolean isNested, String& text) in C:\dev\NLog\src\NLog\Layouts\LayoutParser.cs:line 108
   at NLog.Layouts.SimpleLayout.set_Text(String value) in C:\dev\NLog\src\NLog\Layouts\SimpleLayout.cs:line 119
   at NLog.Layouts.SimpleLayout..ctor(String txt, ConfigurationItemFactory configurationItemFactory) in C:\dev\NLog\src\NLog\Layouts\SimpleLayout.cs:line 88
   at NLog.Layouts.Layout.FromString(String layoutText, ConfigurationItemFactory configurationItemFactory) in C:\dev\NLog\src\NLog\Layouts\Layout.cs:line 104
   at NLog.Layouts.Layout.FromString(String layoutText) in C:\dev\NLog\src\NLog\Layouts\Layout.cs:line 93
   at NLog.Layouts.Layout.op_Implicit(String text) in C:\dev\NLog\src\NLog\Layouts\Layout.cs:line 83
   at NLog.Targets.TargetWithLayout..ctor() in C:\dev\NLog\src\NLog\Targets\TargetWithLayout.cs:line 54
   at NLog.Targets.TargetWithLayoutHeaderAndFooter..ctor() in C:\dev\NLog\src\NLog\Targets\TargetWithLayoutHeaderAndFooter.cs:line 50
   at NLog.Targets.FileTarget..ctor() in C:\dev\NLog\src\NLog\Targets\FileTarget.cs:line 167
   at NLog.UnitTests.Targets.FileTargetTests.DateArchive_UsesDateFromCurrentTimeSource(DateTimeKind timeKind, Boolean concurrentWrites, Boolean keepFileOpen, Boolean networkWrites, Boolean includeSequenceInArchive) in C:\dev\NLog\tests\NLog.UnitTests\Targets\FileTargetTests.cs:line 784]]></stack-trace>
        </failure>
      </test>
      <test name="NLog.UnitTests.Targets.WrappedFileTargetTests.DateArchive_UsesDateFromCurrentTimeSource(timeKind: Utc, concurrentWrites: True, keepFileOpen: True, networkWrites: False, includeSequenceInArchive: True)" type="NLog.UnitTests.Targets.WrappedFileTargetTests" method="DateArchive_UsesDateFromCurrentTimeSource" time="0.0002337" result="Fail">
        <failure exception-type="System.ArgumentException">
          <message><![CDATA[System.ArgumentException : LayoutRenderer cannot be found: 'longdate']]></message>
          <stack-trace><![CDATA[   at NLog.Config.Factory`2.CreateInstance(String name) in C:\dev\NLog\src\NLog\Config\Factory.cs:line 199
   at NLog.Layouts.LayoutParser.ParseLayoutRenderer(ConfigurationItemFactory configurationItemFactory, SimpleStringReader sr) in C:\dev\NLog\src\NLog\Layouts\LayoutParser.cs:line 345
   at NLog.Layouts.LayoutParser.CompileLayout(ConfigurationItemFactory configurationItemFactory, SimpleStringReader sr, Boolean isNested, String& text) in C:\dev\NLog\src\NLog\Layouts\LayoutParser.cs:line 108
   at NLog.Layouts.SimpleLayout.set_Text(String value) in C:\dev\NLog\src\NLog\Layouts\SimpleLayout.cs:line 119
   at NLog.Layouts.SimpleLayout..ctor(String txt, ConfigurationItemFactory configurationItemFactory) in C:\dev\NLog\src\NLog\Layouts\SimpleLayout.cs:line 88
   at NLog.Layouts.Layout.FromString(String layoutText, ConfigurationItemFactory configurationItemFactory) in C:\dev\NLog\src\NLog\Layouts\Layout.cs:line 104
   at NLog.Layouts.Layout.FromString(String layoutText) in C:\dev\NLog\src\NLog\Layouts\Layout.cs:line 93
   at NLog.Layouts.Layout.op_Implicit(String text) in C:\dev\NLog\src\NLog\Layouts\Layout.cs:line 83
   at NLog.Targets.TargetWithLayout..ctor() in C:\dev\NLog\src\NLog\Targets\TargetWithLayout.cs:line 54
   at NLog.Targets.TargetWithLayoutHeaderAndFooter..ctor() in C:\dev\NLog\src\NLog\Targets\TargetWithLayoutHeaderAndFooter.cs:line 50
   at NLog.Targets.FileTarget..ctor() in C:\dev\NLog\src\NLog\Targets\FileTarget.cs:line 167
   at NLog.UnitTests.Targets.FileTargetTests.DateArchive_UsesDateFromCurrentTimeSource(DateTimeKind timeKind, Boolean concurrentWrites, Boolean keepFileOpen, Boolean networkWrites, Boolean includeSequenceInArchive) in C:\dev\NLog\tests\NLog.UnitTests\Targets\FileTargetTests.cs:line 784]]></stack-trace>
        </failure>
      </test>
      <test name="NLog.UnitTests.Targets.WrappedFileTargetTests.DateArchive_UsesDateFromCurrentTimeSource(timeKind: Utc, concurrentWrites: True, keepFileOpen: True, networkWrites: False, includeSequenceInArchive: False)" type="NLog.UnitTests.Targets.WrappedFileTargetTests" method="DateArchive_UsesDateFromCurrentTimeSource" time="0.0002127" result="Fail">
        <failure exception-type="System.ArgumentException">
          <message><![CDATA[System.ArgumentException : LayoutRenderer cannot be found: 'longdate']]></message>
          <stack-trace><![CDATA[   at NLog.Config.Factory`2.CreateInstance(String name) in C:\dev\NLog\src\NLog\Config\Factory.cs:line 199
   at NLog.Layouts.LayoutParser.ParseLayoutRenderer(ConfigurationItemFactory configurationItemFactory, SimpleStringReader sr) in C:\dev\NLog\src\NLog\Layouts\LayoutParser.cs:line 345
   at NLog.Layouts.LayoutParser.CompileLayout(ConfigurationItemFactory configurationItemFactory, SimpleStringReader sr, Boolean isNested, String& text) in C:\dev\NLog\src\NLog\Layouts\LayoutParser.cs:line 108
   at NLog.Layouts.SimpleLayout.set_Text(String value) in C:\dev\NLog\src\NLog\Layouts\SimpleLayout.cs:line 119
   at NLog.Layouts.SimpleLayout..ctor(String txt, ConfigurationItemFactory configurationItemFactory) in C:\dev\NLog\src\NLog\Layouts\SimpleLayout.cs:line 88
   at NLog.Layouts.Layout.FromString(String layoutText, ConfigurationItemFactory configurationItemFactory) in C:\dev\NLog\src\NLog\Layouts\Layout.cs:line 104
   at NLog.Layouts.Layout.FromString(String layoutText) in C:\dev\NLog\src\NLog\Layouts\Layout.cs:line 93
   at NLog.Layouts.Layout.op_Implicit(String text) in C:\dev\NLog\src\NLog\Layouts\Layout.cs:line 83
   at NLog.Targets.TargetWithLayout..ctor() in C:\dev\NLog\src\NLog\Targets\TargetWithLayout.cs:line 54
   at NLog.Targets.TargetWithLayoutHeaderAndFooter..ctor() in C:\dev\NLog\src\NLog\Targets\TargetWithLayoutHeaderAndFooter.cs:line 50
   at NLog.Targets.FileTarget..ctor() in C:\dev\NLog\src\NLog\Targets\FileTarget.cs:line 167
   at NLog.UnitTests.Targets.FileTargetTests.DateArchive_UsesDateFromCurrentTimeSource(DateTimeKind timeKind, Boolean concurrentWrites, Boolean keepFileOpen, Boolean networkWrites, Boolean includeSequenceInArchive) in C:\dev\NLog\tests\NLog.UnitTests\Targets\FileTargetTests.cs:line 784]]></stack-trace>
        </failure>
      </test>
      <test name="NLog.UnitTests.Targets.WrappedFileTargetTests.DateArchive_UsesDateFromCurrentTimeSource(timeKind: Local, concurrentWrites: True, keepFileOpen: True, networkWrites: False, includeSequenceInArchive: True)" type="NLog.UnitTests.Targets.WrappedFileTargetTests" method="DateArchive_UsesDateFromCurrentTimeSource" time="0.0001939" result="Fail">
        <failure exception-type="System.ArgumentException">
          <message><![CDATA[System.ArgumentException : LayoutRenderer cannot be found: 'longdate']]></message>
          <stack-trace><![CDATA[   at NLog.Config.Factory`2.CreateInstance(String name) in C:\dev\NLog\src\NLog\Config\Factory.cs:line 199
   at NLog.Layouts.LayoutParser.ParseLayoutRenderer(ConfigurationItemFactory configurationItemFactory, SimpleStringReader sr) in C:\dev\NLog\src\NLog\Layouts\LayoutParser.cs:line 345
   at NLog.Layouts.LayoutParser.CompileLayout(ConfigurationItemFactory configurationItemFactory, SimpleStringReader sr, Boolean isNested, String& text) in C:\dev\NLog\src\NLog\Layouts\LayoutParser.cs:line 108
   at NLog.Layouts.SimpleLayout.set_Text(String value) in C:\dev\NLog\src\NLog\Layouts\SimpleLayout.cs:line 119
   at NLog.Layouts.SimpleLayout..ctor(String txt, ConfigurationItemFactory configurationItemFactory) in C:\dev\NLog\src\NLog\Layouts\SimpleLayout.cs:line 88
   at NLog.Layouts.Layout.FromString(String layoutText, ConfigurationItemFactory configurationItemFactory) in C:\dev\NLog\src\NLog\Layouts\Layout.cs:line 104
   at NLog.Layouts.Layout.FromString(String layoutText) in C:\dev\NLog\src\NLog\Layouts\Layout.cs:line 93
   at NLog.Layouts.Layout.op_Implicit(String text) in C:\dev\NLog\src\NLog\Layouts\Layout.cs:line 83
   at NLog.Targets.TargetWithLayout..ctor() in C:\dev\NLog\src\NLog\Targets\TargetWithLayout.cs:line 54
   at NLog.Targets.TargetWithLayoutHeaderAndFooter..ctor() in C:\dev\NLog\src\NLog\Targets\TargetWithLayoutHeaderAndFooter.cs:line 50
   at NLog.Targets.FileTarget..ctor() in C:\dev\NLog\src\NLog\Targets\FileTarget.cs:line 167
   at NLog.UnitTests.Targets.FileTargetTests.DateArchive_UsesDateFromCurrentTimeSource(DateTimeKind timeKind, Boolean concurrentWrites, Boolean keepFileOpen, Boolean networkWrites, Boolean includeSequenceInArchive) in C:\dev\NLog\tests\NLog.UnitTests\Targets\FileTargetTests.cs:line 784]]></stack-trace>
        </failure>
      </test>
      <test name="NLog.UnitTests.Targets.WrappedFileTargetTests.DateArchive_UsesDateFromCurrentTimeSource(timeKind: Local, concurrentWrites: True, keepFileOpen: True, networkWrites: False, includeSequenceInArchive: False)" type="NLog.UnitTests.Targets.WrappedFileTargetTests" method="DateArchive_UsesDateFromCurrentTimeSource" time="0.0001964" result="Fail">
        <failure exception-type="System.ArgumentException">
          <message><![CDATA[System.ArgumentException : LayoutRenderer cannot be found: 'longdate']]></message>
          <stack-trace><![CDATA[   at NLog.Config.Factory`2.CreateInstance(String name) in C:\dev\NLog\src\NLog\Config\Factory.cs:line 199
   at NLog.Layouts.LayoutParser.ParseLayoutRenderer(ConfigurationItemFactory configurationItemFactory, SimpleStringReader sr) in C:\dev\NLog\src\NLog\Layouts\LayoutParser.cs:line 345
   at NLog.Layouts.LayoutParser.CompileLayout(ConfigurationItemFactory configurationItemFactory, SimpleStringReader sr, Boolean isNested, String& text) in C:\dev\NLog\src\NLog\Layouts\LayoutParser.cs:line 108
   at NLog.Layouts.SimpleLayout.set_Text(String value) in C:\dev\NLog\src\NLog\Layouts\SimpleLayout.cs:line 119
   at NLog.Layouts.SimpleLayout..ctor(String txt, ConfigurationItemFactory configurationItemFactory) in C:\dev\NLog\src\NLog\Layouts\SimpleLayout.cs:line 88
   at NLog.Layouts.Layout.FromString(String layoutText, ConfigurationItemFactory configurationItemFactory) in C:\dev\NLog\src\NLog\Layouts\Layout.cs:line 104
   at NLog.Layouts.Layout.FromString(String layoutText) in C:\dev\NLog\src\NLog\Layouts\Layout.cs:line 93
   at NLog.Layouts.Layout.op_Implicit(String text) in C:\dev\NLog\src\NLog\Layouts\Layout.cs:line 83
   at NLog.Targets.TargetWithLayout..ctor() in C:\dev\NLog\src\NLog\Targets\TargetWithLayout.cs:line 54
   at NLog.Targets.TargetWithLayoutHeaderAndFooter..ctor() in C:\dev\NLog\src\NLog\Targets\TargetWithLayoutHeaderAndFooter.cs:line 50
   at NLog.Targets.FileTarget..ctor() in C:\dev\NLog\src\NLog\Targets\FileTarget.cs:line 167
   at NLog.UnitTests.Targets.FileTargetTests.DateArchive_UsesDateFromCurrentTimeSource(DateTimeKind timeKind, Boolean concurrentWrites, Boolean keepFileOpen, Boolean networkWrites, Boolean includeSequenceInArchive) in C:\dev\NLog\tests\NLog.UnitTests\Targets\FileTargetTests.cs:line 784]]></stack-trace>
        </failure>
      </test>
      <test name="NLog.UnitTests.Targets.WrappedFileTargetTests.DateArchive_UsesDateFromCurrentTimeSource(timeKind: Utc, concurrentWrites: True, keepFileOpen: False, networkWrites: True, includeSequenceInArchive: True)" type="NLog.UnitTests.Targets.WrappedFileTargetTests" method="DateArchive_UsesDateFromCurrentTimeSource" time="0.0005229" result="Fail">
        <failure exception-type="System.ArgumentException">
          <message><![CDATA[System.ArgumentException : LayoutRenderer cannot be found: 'longdate']]></message>
          <stack-trace><![CDATA[   at NLog.Config.Factory`2.CreateInstance(String name) in C:\dev\NLog\src\NLog\Config\Factory.cs:line 199
   at NLog.Layouts.LayoutParser.ParseLayoutRenderer(ConfigurationItemFactory configurationItemFactory, SimpleStringReader sr) in C:\dev\NLog\src\NLog\Layouts\LayoutParser.cs:line 345
   at NLog.Layouts.LayoutParser.CompileLayout(ConfigurationItemFactory configurationItemFactory, SimpleStringReader sr, Boolean isNested, String& text) in C:\dev\NLog\src\NLog\Layouts\LayoutParser.cs:line 108
   at NLog.Layouts.SimpleLayout.set_Text(String value) in C:\dev\NLog\src\NLog\Layouts\SimpleLayout.cs:line 119
   at NLog.Layouts.SimpleLayout..ctor(String txt, ConfigurationItemFactory configurationItemFactory) in C:\dev\NLog\src\NLog\Layouts\SimpleLayout.cs:line 88
   at NLog.Layouts.Layout.FromString(String layoutText, ConfigurationItemFactory configurationItemFactory) in C:\dev\NLog\src\NLog\Layouts\Layout.cs:line 104
   at NLog.Layouts.Layout.FromString(String layoutText) in C:\dev\NLog\src\NLog\Layouts\Layout.cs:line 93
   at NLog.Layouts.Layout.op_Implicit(String text) in C:\dev\NLog\src\NLog\Layouts\Layout.cs:line 83
   at NLog.Targets.TargetWithLayout..ctor() in C:\dev\NLog\src\NLog\Targets\TargetWithLayout.cs:line 54
   at NLog.Targets.TargetWithLayoutHeaderAndFooter..ctor() in C:\dev\NLog\src\NLog\Targets\TargetWithLayoutHeaderAndFooter.cs:line 50
   at NLog.Targets.FileTarget..ctor() in C:\dev\NLog\src\NLog\Targets\FileTarget.cs:line 167
   at NLog.UnitTests.Targets.FileTargetTests.DateArchive_UsesDateFromCurrentTimeSource(DateTimeKind timeKind, Boolean concurrentWrites, Boolean keepFileOpen, Boolean networkWrites, Boolean includeSequenceInArchive) in C:\dev\NLog\tests\NLog.UnitTests\Targets\FileTargetTests.cs:line 784]]></stack-trace>
        </failure>
      </test>
      <test name="NLog.UnitTests.Targets.WrappedFileTargetTests.DateArchive_UsesDateFromCurrentTimeSource(timeKind: Utc, concurrentWrites: True, keepFileOpen: False, networkWrites: True, includeSequenceInArchive: False)" type="NLog.UnitTests.Targets.WrappedFileTargetTests" method="DateArchive_UsesDateFromCurrentTimeSource" time="0.0003003" result="Fail">
        <failure exception-type="System.ArgumentException">
          <message><![CDATA[System.ArgumentException : LayoutRenderer cannot be found: 'longdate']]></message>
          <stack-trace><![CDATA[   at NLog.Config.Factory`2.CreateInstance(String name) in C:\dev\NLog\src\NLog\Config\Factory.cs:line 199
   at NLog.Layouts.LayoutParser.ParseLayoutRenderer(ConfigurationItemFactory configurationItemFactory, SimpleStringReader sr) in C:\dev\NLog\src\NLog\Layouts\LayoutParser.cs:line 345
   at NLog.Layouts.LayoutParser.CompileLayout(ConfigurationItemFactory configurationItemFactory, SimpleStringReader sr, Boolean isNested, String& text) in C:\dev\NLog\src\NLog\Layouts\LayoutParser.cs:line 108
   at NLog.Layouts.SimpleLayout.set_Text(String value) in C:\dev\NLog\src\NLog\Layouts\SimpleLayout.cs:line 119
   at NLog.Layouts.SimpleLayout..ctor(String txt, ConfigurationItemFactory configurationItemFactory) in C:\dev\NLog\src\NLog\Layouts\SimpleLayout.cs:line 88
   at NLog.Layouts.Layout.FromString(String layoutText, ConfigurationItemFactory configurationItemFactory) in C:\dev\NLog\src\NLog\Layouts\Layout.cs:line 104
   at NLog.Layouts.Layout.FromString(String layoutText) in C:\dev\NLog\src\NLog\Layouts\Layout.cs:line 93
   at NLog.Layouts.Layout.op_Implicit(String text) in C:\dev\NLog\src\NLog\Layouts\Layout.cs:line 83
   at NLog.Targets.TargetWithLayout..ctor() in C:\dev\NLog\src\NLog\Targets\TargetWithLayout.cs:line 54
   at NLog.Targets.TargetWithLayoutHeaderAndFooter..ctor() in C:\dev\NLog\src\NLog\Targets\TargetWithLayoutHeaderAndFooter.cs:line 50
   at NLog.Targets.FileTarget..ctor() in C:\dev\NLog\src\NLog\Targets\FileTarget.cs:line 167
   at NLog.UnitTests.Targets.FileTargetTests.DateArchive_UsesDateFromCurrentTimeSource(DateTimeKind timeKind, Boolean concurrentWrites, Boolean keepFileOpen, Boolean networkWrites, Boolean includeSequenceInArchive) in C:\dev\NLog\tests\NLog.UnitTests\Targets\FileTargetTests.cs:line 784]]></stack-trace>
        </failure>
      </test>
      <test name="NLog.UnitTests.Targets.WrappedFileTargetTests.DateArchive_UsesDateFromCurrentTimeSource(timeKind: Local, concurrentWrites: True, keepFileOpen: False, networkWrites: True, includeSequenceInArchive: True)" type="NLog.UnitTests.Targets.WrappedFileTargetTests" method="DateArchive_UsesDateFromCurrentTimeSource" time="0.0002535" result="Fail">
        <failure exception-type="System.ArgumentException">
          <message><![CDATA[System.ArgumentException : LayoutRenderer cannot be found: 'longdate']]></message>
          <stack-trace><![CDATA[   at NLog.Config.Factory`2.CreateInstance(String name) in C:\dev\NLog\src\NLog\Config\Factory.cs:line 199
   at NLog.Layouts.LayoutParser.ParseLayoutRenderer(ConfigurationItemFactory configurationItemFactory, SimpleStringReader sr) in C:\dev\NLog\src\NLog\Layouts\LayoutParser.cs:line 345
   at NLog.Layouts.LayoutParser.CompileLayout(ConfigurationItemFactory configurationItemFactory, SimpleStringReader sr, Boolean isNested, String& text) in C:\dev\NLog\src\NLog\Layouts\LayoutParser.cs:line 108
   at NLog.Layouts.SimpleLayout.set_Text(String value) in C:\dev\NLog\src\NLog\Layouts\SimpleLayout.cs:line 119
   at NLog.Layouts.SimpleLayout..ctor(String txt, ConfigurationItemFactory configurationItemFactory) in C:\dev\NLog\src\NLog\Layouts\SimpleLayout.cs:line 88
   at NLog.Layouts.Layout.FromString(String layoutText, ConfigurationItemFactory configurationItemFactory) in C:\dev\NLog\src\NLog\Layouts\Layout.cs:line 104
   at NLog.Layouts.Layout.FromString(String layoutText) in C:\dev\NLog\src\NLog\Layouts\Layout.cs:line 93
   at NLog.Layouts.Layout.op_Implicit(String text) in C:\dev\NLog\src\NLog\Layouts\Layout.cs:line 83
   at NLog.Targets.TargetWithLayout..ctor() in C:\dev\NLog\src\NLog\Targets\TargetWithLayout.cs:line 54
   at NLog.Targets.TargetWithLayoutHeaderAndFooter..ctor() in C:\dev\NLog\src\NLog\Targets\TargetWithLayoutHeaderAndFooter.cs:line 50
   at NLog.Targets.FileTarget..ctor() in C:\dev\NLog\src\NLog\Targets\FileTarget.cs:line 167
   at NLog.UnitTests.Targets.FileTargetTests.DateArchive_UsesDateFromCurrentTimeSource(DateTimeKind timeKind, Boolean concurrentWrites, Boolean keepFileOpen, Boolean networkWrites, Boolean includeSequenceInArchive) in C:\dev\NLog\tests\NLog.UnitTests\Targets\FileTargetTests.cs:line 784]]></stack-trace>
        </failure>
      </test>
      <test name="NLog.UnitTests.Targets.WrappedFileTargetTests.DateArchive_UsesDateFromCurrentTimeSource(timeKind: Local, concurrentWrites: True, keepFileOpen: False, networkWrites: True, includeSequenceInArchive: False)" type="NLog.UnitTests.Targets.WrappedFileTargetTests" method="DateArchive_UsesDateFromCurrentTimeSource" time="0.0002234" result="Fail">
        <failure exception-type="System.ArgumentException">
          <message><![CDATA[System.ArgumentException : LayoutRenderer cannot be found: 'longdate']]></message>
          <stack-trace><![CDATA[   at NLog.Config.Factory`2.CreateInstance(String name) in C:\dev\NLog\src\NLog\Config\Factory.cs:line 199
   at NLog.Layouts.LayoutParser.ParseLayoutRenderer(ConfigurationItemFactory configurationItemFactory, SimpleStringReader sr) in C:\dev\NLog\src\NLog\Layouts\LayoutParser.cs:line 345
   at NLog.Layouts.LayoutParser.CompileLayout(ConfigurationItemFactory configurationItemFactory, SimpleStringReader sr, Boolean isNested, String& text) in C:\dev\NLog\src\NLog\Layouts\LayoutParser.cs:line 108
   at NLog.Layouts.SimpleLayout.set_Text(String value) in C:\dev\NLog\src\NLog\Layouts\SimpleLayout.cs:line 119
   at NLog.Layouts.SimpleLayout..ctor(String txt, ConfigurationItemFactory configurationItemFactory) in C:\dev\NLog\src\NLog\Layouts\SimpleLayout.cs:line 88
   at NLog.Layouts.Layout.FromString(String layoutText, ConfigurationItemFactory configurationItemFactory) in C:\dev\NLog\src\NLog\Layouts\Layout.cs:line 104
   at NLog.Layouts.Layout.FromString(String layoutText) in C:\dev\NLog\src\NLog\Layouts\Layout.cs:line 93
   at NLog.Layouts.Layout.op_Implicit(String text) in C:\dev\NLog\src\NLog\Layouts\Layout.cs:line 83
   at NLog.Targets.TargetWithLayout..ctor() in C:\dev\NLog\src\NLog\Targets\TargetWithLayout.cs:line 54
   at NLog.Targets.TargetWithLayoutHeaderAndFooter..ctor() in C:\dev\NLog\src\NLog\Targets\TargetWithLayoutHeaderAndFooter.cs:line 50
   at NLog.Targets.FileTarget..ctor() in C:\dev\NLog\src\NLog\Targets\FileTarget.cs:line 167
   at NLog.UnitTests.Targets.FileTargetTests.DateArchive_UsesDateFromCurrentTimeSource(DateTimeKind timeKind, Boolean concurrentWrites, Boolean keepFileOpen, Boolean networkWrites, Boolean includeSequenceInArchive) in C:\dev\NLog\tests\NLog.UnitTests\Targets\FileTargetTests.cs:line 784]]></stack-trace>
        </failure>
      </test>
      <test name="NLog.UnitTests.Targets.WrappedFileTargetTests.DateArchive_UsesDateFromCurrentTimeSource(timeKind: Utc, concurrentWrites: True, keepFileOpen: False, networkWrites: False, includeSequenceInArchive: True)" type="NLog.UnitTests.Targets.WrappedFileTargetTests" method="DateArchive_UsesDateFromCurrentTimeSource" time="0.0002183" result="Fail">
        <failure exception-type="System.ArgumentException">
          <message><![CDATA[System.ArgumentException : LayoutRenderer cannot be found: 'longdate']]></message>
          <stack-trace><![CDATA[   at NLog.Config.Factory`2.CreateInstance(String name) in C:\dev\NLog\src\NLog\Config\Factory.cs:line 199
   at NLog.Layouts.LayoutParser.ParseLayoutRenderer(ConfigurationItemFactory configurationItemFactory, SimpleStringReader sr) in C:\dev\NLog\src\NLog\Layouts\LayoutParser.cs:line 345
   at NLog.Layouts.LayoutParser.CompileLayout(ConfigurationItemFactory configurationItemFactory, SimpleStringReader sr, Boolean isNested, String& text) in C:\dev\NLog\src\NLog\Layouts\LayoutParser.cs:line 108
   at NLog.Layouts.SimpleLayout.set_Text(String value) in C:\dev\NLog\src\NLog\Layouts\SimpleLayout.cs:line 119
   at NLog.Layouts.SimpleLayout..ctor(String txt, ConfigurationItemFactory configurationItemFactory) in C:\dev\NLog\src\NLog\Layouts\SimpleLayout.cs:line 88
   at NLog.Layouts.Layout.FromString(String layoutText, ConfigurationItemFactory configurationItemFactory) in C:\dev\NLog\src\NLog\Layouts\Layout.cs:line 104
   at NLog.Layouts.Layout.FromString(String layoutText) in C:\dev\NLog\src\NLog\Layouts\Layout.cs:line 93
   at NLog.Layouts.Layout.op_Implicit(String text) in C:\dev\NLog\src\NLog\Layouts\Layout.cs:line 83
   at NLog.Targets.TargetWithLayout..ctor() in C:\dev\NLog\src\NLog\Targets\TargetWithLayout.cs:line 54
   at NLog.Targets.TargetWithLayoutHeaderAndFooter..ctor() in C:\dev\NLog\src\NLog\Targets\TargetWithLayoutHeaderAndFooter.cs:line 50
   at NLog.Targets.FileTarget..ctor() in C:\dev\NLog\src\NLog\Targets\FileTarget.cs:line 167
   at NLog.UnitTests.Targets.FileTargetTests.DateArchive_UsesDateFromCurrentTimeSource(DateTimeKind timeKind, Boolean concurrentWrites, Boolean keepFileOpen, Boolean networkWrites, Boolean includeSequenceInArchive) in C:\dev\NLog\tests\NLog.UnitTests\Targets\FileTargetTests.cs:line 784]]></stack-trace>
        </failure>
      </test>
      <test name="NLog.UnitTests.Targets.WrappedFileTargetTests.DateArchive_UsesDateFromCurrentTimeSource(timeKind: Utc, concurrentWrites: True, keepFileOpen: False, networkWrites: False, includeSequenceInArchive: False)" type="NLog.UnitTests.Targets.WrappedFileTargetTests" method="DateArchive_UsesDateFromCurrentTimeSource" time="0.0002147" result="Fail">
        <failure exception-type="System.ArgumentException">
          <message><![CDATA[System.ArgumentException : LayoutRenderer cannot be found: 'longdate']]></message>
          <stack-trace><![CDATA[   at NLog.Config.Factory`2.CreateInstance(String name) in C:\dev\NLog\src\NLog\Config\Factory.cs:line 199
   at NLog.Layouts.LayoutParser.ParseLayoutRenderer(ConfigurationItemFactory configurationItemFactory, SimpleStringReader sr) in C:\dev\NLog\src\NLog\Layouts\LayoutParser.cs:line 345
   at NLog.Layouts.LayoutParser.CompileLayout(ConfigurationItemFactory configurationItemFactory, SimpleStringReader sr, Boolean isNested, String& text) in C:\dev\NLog\src\NLog\Layouts\LayoutParser.cs:line 108
   at NLog.Layouts.SimpleLayout.set_Text(String value) in C:\dev\NLog\src\NLog\Layouts\SimpleLayout.cs:line 119
   at NLog.Layouts.SimpleLayout..ctor(String txt, ConfigurationItemFactory configurationItemFactory) in C:\dev\NLog\src\NLog\Layouts\SimpleLayout.cs:line 88
   at NLog.Layouts.Layout.FromString(String layoutText, ConfigurationItemFactory configurationItemFactory) in C:\dev\NLog\src\NLog\Layouts\Layout.cs:line 104
   at NLog.Layouts.Layout.FromString(String layoutText) in C:\dev\NLog\src\NLog\Layouts\Layout.cs:line 93
   at NLog.Layouts.Layout.op_Implicit(String text) in C:\dev\NLog\src\NLog\Layouts\Layout.cs:line 83
   at NLog.Targets.TargetWithLayout..ctor() in C:\dev\NLog\src\NLog\Targets\TargetWithLayout.cs:line 54
   at NLog.Targets.TargetWithLayoutHeaderAndFooter..ctor() in C:\dev\NLog\src\NLog\Targets\TargetWithLayoutHeaderAndFooter.cs:line 50
   at NLog.Targets.FileTarget..ctor() in C:\dev\NLog\src\NLog\Targets\FileTarget.cs:line 167
   at NLog.UnitTests.Targets.FileTargetTests.DateArchive_UsesDateFromCurrentTimeSource(DateTimeKind timeKind, Boolean concurrentWrites, Boolean keepFileOpen, Boolean networkWrites, Boolean includeSequenceInArchive) in C:\dev\NLog\tests\NLog.UnitTests\Targets\FileTargetTests.cs:line 784]]></stack-trace>
        </failure>
      </test>
      <test name="NLog.UnitTests.Targets.WrappedFileTargetTests.DateArchive_UsesDateFromCurrentTimeSource(timeKind: Local, concurrentWrites: True, keepFileOpen: False, networkWrites: False, includeSequenceInArchive: True)" type="NLog.UnitTests.Targets.WrappedFileTargetTests" method="DateArchive_UsesDateFromCurrentTimeSource" time="0.000232" result="Fail">
        <failure exception-type="System.ArgumentException">
          <message><![CDATA[System.ArgumentException : LayoutRenderer cannot be found: 'longdate']]></message>
          <stack-trace><![CDATA[   at NLog.Config.Factory`2.CreateInstance(String name) in C:\dev\NLog\src\NLog\Config\Factory.cs:line 199
   at NLog.Layouts.LayoutParser.ParseLayoutRenderer(ConfigurationItemFactory configurationItemFactory, SimpleStringReader sr) in C:\dev\NLog\src\NLog\Layouts\LayoutParser.cs:line 345
   at NLog.Layouts.LayoutParser.CompileLayout(ConfigurationItemFactory configurationItemFactory, SimpleStringReader sr, Boolean isNested, String& text) in C:\dev\NLog\src\NLog\Layouts\LayoutParser.cs:line 108
   at NLog.Layouts.SimpleLayout.set_Text(String value) in C:\dev\NLog\src\NLog\Layouts\SimpleLayout.cs:line 119
   at NLog.Layouts.SimpleLayout..ctor(String txt, ConfigurationItemFactory configurationItemFactory) in C:\dev\NLog\src\NLog\Layouts\SimpleLayout.cs:line 88
   at NLog.Layouts.Layout.FromString(String layoutText, ConfigurationItemFactory configurationItemFactory) in C:\dev\NLog\src\NLog\Layouts\Layout.cs:line 104
   at NLog.Layouts.Layout.FromString(String layoutText) in C:\dev\NLog\src\NLog\Layouts\Layout.cs:line 93
   at NLog.Layouts.Layout.op_Implicit(String text) in C:\dev\NLog\src\NLog\Layouts\Layout.cs:line 83
   at NLog.Targets.TargetWithLayout..ctor() in C:\dev\NLog\src\NLog\Targets\TargetWithLayout.cs:line 54
   at NLog.Targets.TargetWithLayoutHeaderAndFooter..ctor() in C:\dev\NLog\src\NLog\Targets\TargetWithLayoutHeaderAndFooter.cs:line 50
   at NLog.Targets.FileTarget..ctor() in C:\dev\NLog\src\NLog\Targets\FileTarget.cs:line 167
   at NLog.UnitTests.Targets.FileTargetTests.DateArchive_UsesDateFromCurrentTimeSource(DateTimeKind timeKind, Boolean concurrentWrites, Boolean keepFileOpen, Boolean networkWrites, Boolean includeSequenceInArchive) in C:\dev\NLog\tests\NLog.UnitTests\Targets\FileTargetTests.cs:line 784]]></stack-trace>
        </failure>
      </test>
      <test name="NLog.UnitTests.Targets.WrappedFileTargetTests.DateArchive_UsesDateFromCurrentTimeSource(timeKind: Local, concurrentWrites: True, keepFileOpen: False, networkWrites: False, includeSequenceInArchive: False)" type="NLog.UnitTests.Targets.WrappedFileTargetTests" method="DateArchive_UsesDateFromCurrentTimeSource" time="0.0002281" result="Fail">
        <failure exception-type="System.ArgumentException">
          <message><![CDATA[System.ArgumentException : LayoutRenderer cannot be found: 'longdate']]></message>
          <stack-trace><![CDATA[   at NLog.Config.Factory`2.CreateInstance(String name) in C:\dev\NLog\src\NLog\Config\Factory.cs:line 199
   at NLog.Layouts.LayoutParser.ParseLayoutRenderer(ConfigurationItemFactory configurationItemFactory, SimpleStringReader sr) in C:\dev\NLog\src\NLog\Layouts\LayoutParser.cs:line 345
   at NLog.Layouts.LayoutParser.CompileLayout(ConfigurationItemFactory configurationItemFactory, SimpleStringReader sr, Boolean isNested, String& text) in C:\dev\NLog\src\NLog\Layouts\LayoutParser.cs:line 108
   at NLog.Layouts.SimpleLayout.set_Text(String value) in C:\dev\NLog\src\NLog\Layouts\SimpleLayout.cs:line 119
   at NLog.Layouts.SimpleLayout..ctor(String txt, ConfigurationItemFactory configurationItemFactory) in C:\dev\NLog\src\NLog\Layouts\SimpleLayout.cs:line 88
   at NLog.Layouts.Layout.FromString(String layoutText, ConfigurationItemFactory configurationItemFactory) in C:\dev\NLog\src\NLog\Layouts\Layout.cs:line 104
   at NLog.Layouts.Layout.FromString(String layoutText) in C:\dev\NLog\src\NLog\Layouts\Layout.cs:line 93
   at NLog.Layouts.Layout.op_Implicit(String text) in C:\dev\NLog\src\NLog\Layouts\Layout.cs:line 83
   at NLog.Targets.TargetWithLayout..ctor() in C:\dev\NLog\src\NLog\Targets\TargetWithLayout.cs:line 54
   at NLog.Targets.TargetWithLayoutHeaderAndFooter..ctor() in C:\dev\NLog\src\NLog\Targets\TargetWithLayoutHeaderAndFooter.cs:line 50
   at NLog.Targets.FileTarget..ctor() in C:\dev\NLog\src\NLog\Targets\FileTarget.cs:line 167
   at NLog.UnitTests.Targets.FileTargetTests.DateArchive_UsesDateFromCurrentTimeSource(DateTimeKind timeKind, Boolean concurrentWrites, Boolean keepFileOpen, Boolean networkWrites, Boolean includeSequenceInArchive) in C:\dev\NLog\tests\NLog.UnitTests\Targets\FileTargetTests.cs:line 784]]></stack-trace>
        </failure>
      </test>
      <test name="NLog.UnitTests.Targets.WrappedFileTargetTests.DateArchive_UsesDateFromCurrentTimeSource(timeKind: Utc, concurrentWrites: False, keepFileOpen: True, networkWrites: True, includeSequenceInArchive: True)" type="NLog.UnitTests.Targets.WrappedFileTargetTests" method="DateArchive_UsesDateFromCurrentTimeSource" time="0.0002063" result="Fail">
        <failure exception-type="System.ArgumentException">
          <message><![CDATA[System.ArgumentException : LayoutRenderer cannot be found: 'longdate']]></message>
          <stack-trace><![CDATA[   at NLog.Config.Factory`2.CreateInstance(String name) in C:\dev\NLog\src\NLog\Config\Factory.cs:line 199
   at NLog.Layouts.LayoutParser.ParseLayoutRenderer(ConfigurationItemFactory configurationItemFactory, SimpleStringReader sr) in C:\dev\NLog\src\NLog\Layouts\LayoutParser.cs:line 345
   at NLog.Layouts.LayoutParser.CompileLayout(ConfigurationItemFactory configurationItemFactory, SimpleStringReader sr, Boolean isNested, String& text) in C:\dev\NLog\src\NLog\Layouts\LayoutParser.cs:line 108
   at NLog.Layouts.SimpleLayout.set_Text(String value) in C:\dev\NLog\src\NLog\Layouts\SimpleLayout.cs:line 119
   at NLog.Layouts.SimpleLayout..ctor(String txt, ConfigurationItemFactory configurationItemFactory) in C:\dev\NLog\src\NLog\Layouts\SimpleLayout.cs:line 88
   at NLog.Layouts.Layout.FromString(String layoutText, ConfigurationItemFactory configurationItemFactory) in C:\dev\NLog\src\NLog\Layouts\Layout.cs:line 104
   at NLog.Layouts.Layout.FromString(String layoutText) in C:\dev\NLog\src\NLog\Layouts\Layout.cs:line 93
   at NLog.Layouts.Layout.op_Implicit(String text) in C:\dev\NLog\src\NLog\Layouts\Layout.cs:line 83
   at NLog.Targets.TargetWithLayout..ctor() in C:\dev\NLog\src\NLog\Targets\TargetWithLayout.cs:line 54
   at NLog.Targets.TargetWithLayoutHeaderAndFooter..ctor() in C:\dev\NLog\src\NLog\Targets\TargetWithLayoutHeaderAndFooter.cs:line 50
   at NLog.Targets.FileTarget..ctor() in C:\dev\NLog\src\NLog\Targets\FileTarget.cs:line 167
   at NLog.UnitTests.Targets.FileTargetTests.DateArchive_UsesDateFromCurrentTimeSource(DateTimeKind timeKind, Boolean concurrentWrites, Boolean keepFileOpen, Boolean networkWrites, Boolean includeSequenceInArchive) in C:\dev\NLog\tests\NLog.UnitTests\Targets\FileTargetTests.cs:line 784]]></stack-trace>
        </failure>
      </test>
      <test name="NLog.UnitTests.Targets.WrappedFileTargetTests.DateArchive_UsesDateFromCurrentTimeSource(timeKind: Utc, concurrentWrites: False, keepFileOpen: True, networkWrites: True, includeSequenceInArchive: False)" type="NLog.UnitTests.Targets.WrappedFileTargetTests" method="DateArchive_UsesDateFromCurrentTimeSource" time="0.0002061" result="Fail">
        <failure exception-type="System.ArgumentException">
          <message><![CDATA[System.ArgumentException : LayoutRenderer cannot be found: 'longdate']]></message>
          <stack-trace><![CDATA[   at NLog.Config.Factory`2.CreateInstance(String name) in C:\dev\NLog\src\NLog\Config\Factory.cs:line 199
   at NLog.Layouts.LayoutParser.ParseLayoutRenderer(ConfigurationItemFactory configurationItemFactory, SimpleStringReader sr) in C:\dev\NLog\src\NLog\Layouts\LayoutParser.cs:line 345
   at NLog.Layouts.LayoutParser.CompileLayout(ConfigurationItemFactory configurationItemFactory, SimpleStringReader sr, Boolean isNested, String& text) in C:\dev\NLog\src\NLog\Layouts\LayoutParser.cs:line 108
   at NLog.Layouts.SimpleLayout.set_Text(String value) in C:\dev\NLog\src\NLog\Layouts\SimpleLayout.cs:line 119
   at NLog.Layouts.SimpleLayout..ctor(String txt, ConfigurationItemFactory configurationItemFactory) in C:\dev\NLog\src\NLog\Layouts\SimpleLayout.cs:line 88
   at NLog.Layouts.Layout.FromString(String layoutText, ConfigurationItemFactory configurationItemFactory) in C:\dev\NLog\src\NLog\Layouts\Layout.cs:line 104
   at NLog.Layouts.Layout.FromString(String layoutText) in C:\dev\NLog\src\NLog\Layouts\Layout.cs:line 93
   at NLog.Layouts.Layout.op_Implicit(String text) in C:\dev\NLog\src\NLog\Layouts\Layout.cs:line 83
   at NLog.Targets.TargetWithLayout..ctor() in C:\dev\NLog\src\NLog\Targets\TargetWithLayout.cs:line 54
   at NLog.Targets.TargetWithLayoutHeaderAndFooter..ctor() in C:\dev\NLog\src\NLog\Targets\TargetWithLayoutHeaderAndFooter.cs:line 50
   at NLog.Targets.FileTarget..ctor() in C:\dev\NLog\src\NLog\Targets\FileTarget.cs:line 167
   at NLog.UnitTests.Targets.FileTargetTests.DateArchive_UsesDateFromCurrentTimeSource(DateTimeKind timeKind, Boolean concurrentWrites, Boolean keepFileOpen, Boolean networkWrites, Boolean includeSequenceInArchive) in C:\dev\NLog\tests\NLog.UnitTests\Targets\FileTargetTests.cs:line 784]]></stack-trace>
        </failure>
      </test>
      <test name="NLog.UnitTests.Targets.WrappedFileTargetTests.DateArchive_UsesDateFromCurrentTimeSource(timeKind: Local, concurrentWrites: False, keepFileOpen: True, networkWrites: True, includeSequenceInArchive: True)" type="NLog.UnitTests.Targets.WrappedFileTargetTests" method="DateArchive_UsesDateFromCurrentTimeSource" time="0.0002031" result="Fail">
        <failure exception-type="System.ArgumentException">
          <message><![CDATA[System.ArgumentException : LayoutRenderer cannot be found: 'longdate']]></message>
          <stack-trace><![CDATA[   at NLog.Config.Factory`2.CreateInstance(String name) in C:\dev\NLog\src\NLog\Config\Factory.cs:line 199
   at NLog.Layouts.LayoutParser.ParseLayoutRenderer(ConfigurationItemFactory configurationItemFactory, SimpleStringReader sr) in C:\dev\NLog\src\NLog\Layouts\LayoutParser.cs:line 345
   at NLog.Layouts.LayoutParser.CompileLayout(ConfigurationItemFactory configurationItemFactory, SimpleStringReader sr, Boolean isNested, String& text) in C:\dev\NLog\src\NLog\Layouts\LayoutParser.cs:line 108
   at NLog.Layouts.SimpleLayout.set_Text(String value) in C:\dev\NLog\src\NLog\Layouts\SimpleLayout.cs:line 119
   at NLog.Layouts.SimpleLayout..ctor(String txt, ConfigurationItemFactory configurationItemFactory) in C:\dev\NLog\src\NLog\Layouts\SimpleLayout.cs:line 88
   at NLog.Layouts.Layout.FromString(String layoutText, ConfigurationItemFactory configurationItemFactory) in C:\dev\NLog\src\NLog\Layouts\Layout.cs:line 104
   at NLog.Layouts.Layout.FromString(String layoutText) in C:\dev\NLog\src\NLog\Layouts\Layout.cs:line 93
   at NLog.Layouts.Layout.op_Implicit(String text) in C:\dev\NLog\src\NLog\Layouts\Layout.cs:line 83
   at NLog.Targets.TargetWithLayout..ctor() in C:\dev\NLog\src\NLog\Targets\TargetWithLayout.cs:line 54
   at NLog.Targets.TargetWithLayoutHeaderAndFooter..ctor() in C:\dev\NLog\src\NLog\Targets\TargetWithLayoutHeaderAndFooter.cs:line 50
   at NLog.Targets.FileTarget..ctor() in C:\dev\NLog\src\NLog\Targets\FileTarget.cs:line 167
   at NLog.UnitTests.Targets.FileTargetTests.DateArchive_UsesDateFromCurrentTimeSource(DateTimeKind timeKind, Boolean concurrentWrites, Boolean keepFileOpen, Boolean networkWrites, Boolean includeSequenceInArchive) in C:\dev\NLog\tests\NLog.UnitTests\Targets\FileTargetTests.cs:line 784]]></stack-trace>
        </failure>
      </test>
      <test name="NLog.UnitTests.Targets.WrappedFileTargetTests.DateArchive_UsesDateFromCurrentTimeSource(timeKind: Local, concurrentWrites: False, keepFileOpen: True, networkWrites: True, includeSequenceInArchive: False)" type="NLog.UnitTests.Targets.WrappedFileTargetTests" method="DateArchive_UsesDateFromCurrentTimeSource" time="0.0002083" result="Fail">
        <failure exception-type="System.ArgumentException">
          <message><![CDATA[System.ArgumentException : LayoutRenderer cannot be found: 'longdate']]></message>
          <stack-trace><![CDATA[   at NLog.Config.Factory`2.CreateInstance(String name) in C:\dev\NLog\src\NLog\Config\Factory.cs:line 199
   at NLog.Layouts.LayoutParser.ParseLayoutRenderer(ConfigurationItemFactory configurationItemFactory, SimpleStringReader sr) in C:\dev\NLog\src\NLog\Layouts\LayoutParser.cs:line 345
   at NLog.Layouts.LayoutParser.CompileLayout(ConfigurationItemFactory configurationItemFactory, SimpleStringReader sr, Boolean isNested, String& text) in C:\dev\NLog\src\NLog\Layouts\LayoutParser.cs:line 108
   at NLog.Layouts.SimpleLayout.set_Text(String value) in C:\dev\NLog\src\NLog\Layouts\SimpleLayout.cs:line 119
   at NLog.Layouts.SimpleLayout..ctor(String txt, ConfigurationItemFactory configurationItemFactory) in C:\dev\NLog\src\NLog\Layouts\SimpleLayout.cs:line 88
   at NLog.Layouts.Layout.FromString(String layoutText, ConfigurationItemFactory configurationItemFactory) in C:\dev\NLog\src\NLog\Layouts\Layout.cs:line 104
   at NLog.Layouts.Layout.FromString(String layoutText) in C:\dev\NLog\src\NLog\Layouts\Layout.cs:line 93
   at NLog.Layouts.Layout.op_Implicit(String text) in C:\dev\NLog\src\NLog\Layouts\Layout.cs:line 83
   at NLog.Targets.TargetWithLayout..ctor() in C:\dev\NLog\src\NLog\Targets\TargetWithLayout.cs:line 54
   at NLog.Targets.TargetWithLayoutHeaderAndFooter..ctor() in C:\dev\NLog\src\NLog\Targets\TargetWithLayoutHeaderAndFooter.cs:line 50
   at NLog.Targets.FileTarget..ctor() in C:\dev\NLog\src\NLog\Targets\FileTarget.cs:line 167
   at NLog.UnitTests.Targets.FileTargetTests.DateArchive_UsesDateFromCurrentTimeSource(DateTimeKind timeKind, Boolean concurrentWrites, Boolean keepFileOpen, Boolean networkWrites, Boolean includeSequenceInArchive) in C:\dev\NLog\tests\NLog.UnitTests\Targets\FileTargetTests.cs:line 784]]></stack-trace>
        </failure>
      </test>
      <test name="NLog.UnitTests.Targets.WrappedFileTargetTests.DateArchive_UsesDateFromCurrentTimeSource(timeKind: Utc, concurrentWrites: False, keepFileOpen: True, networkWrites: False, includeSequenceInArchive: True)" type="NLog.UnitTests.Targets.WrappedFileTargetTests" method="DateArchive_UsesDateFromCurrentTimeSource" time="0.0001998" result="Fail">
        <failure exception-type="System.ArgumentException">
          <message><![CDATA[System.ArgumentException : LayoutRenderer cannot be found: 'longdate']]></message>
          <stack-trace><![CDATA[   at NLog.Config.Factory`2.CreateInstance(String name) in C:\dev\NLog\src\NLog\Config\Factory.cs:line 199
   at NLog.Layouts.LayoutParser.ParseLayoutRenderer(ConfigurationItemFactory configurationItemFactory, SimpleStringReader sr) in C:\dev\NLog\src\NLog\Layouts\LayoutParser.cs:line 345
   at NLog.Layouts.LayoutParser.CompileLayout(ConfigurationItemFactory configurationItemFactory, SimpleStringReader sr, Boolean isNested, String& text) in C:\dev\NLog\src\NLog\Layouts\LayoutParser.cs:line 108
   at NLog.Layouts.SimpleLayout.set_Text(String value) in C:\dev\NLog\src\NLog\Layouts\SimpleLayout.cs:line 119
   at NLog.Layouts.SimpleLayout..ctor(String txt, ConfigurationItemFactory configurationItemFactory) in C:\dev\NLog\src\NLog\Layouts\SimpleLayout.cs:line 88
   at NLog.Layouts.Layout.FromString(String layoutText, ConfigurationItemFactory configurationItemFactory) in C:\dev\NLog\src\NLog\Layouts\Layout.cs:line 104
   at NLog.Layouts.Layout.FromString(String layoutText) in C:\dev\NLog\src\NLog\Layouts\Layout.cs:line 93
   at NLog.Layouts.Layout.op_Implicit(String text) in C:\dev\NLog\src\NLog\Layouts\Layout.cs:line 83
   at NLog.Targets.TargetWithLayout..ctor() in C:\dev\NLog\src\NLog\Targets\TargetWithLayout.cs:line 54
   at NLog.Targets.TargetWithLayoutHeaderAndFooter..ctor() in C:\dev\NLog\src\NLog\Targets\TargetWithLayoutHeaderAndFooter.cs:line 50
   at NLog.Targets.FileTarget..ctor() in C:\dev\NLog\src\NLog\Targets\FileTarget.cs:line 167
   at NLog.UnitTests.Targets.FileTargetTests.DateArchive_UsesDateFromCurrentTimeSource(DateTimeKind timeKind, Boolean concurrentWrites, Boolean keepFileOpen, Boolean networkWrites, Boolean includeSequenceInArchive) in C:\dev\NLog\tests\NLog.UnitTests\Targets\FileTargetTests.cs:line 784]]></stack-trace>
        </failure>
      </test>
      <test name="NLog.UnitTests.Targets.WrappedFileTargetTests.DateArchive_UsesDateFromCurrentTimeSource(timeKind: Utc, concurrentWrites: False, keepFileOpen: True, networkWrites: False, includeSequenceInArchive: False)" type="NLog.UnitTests.Targets.WrappedFileTargetTests" method="DateArchive_UsesDateFromCurrentTimeSource" time="0.0002004" result="Fail">
        <failure exception-type="System.ArgumentException">
          <message><![CDATA[System.ArgumentException : LayoutRenderer cannot be found: 'longdate']]></message>
          <stack-trace><![CDATA[   at NLog.Config.Factory`2.CreateInstance(String name) in C:\dev\NLog\src\NLog\Config\Factory.cs:line 199
   at NLog.Layouts.LayoutParser.ParseLayoutRenderer(ConfigurationItemFactory configurationItemFactory, SimpleStringReader sr) in C:\dev\NLog\src\NLog\Layouts\LayoutParser.cs:line 345
   at NLog.Layouts.LayoutParser.CompileLayout(ConfigurationItemFactory configurationItemFactory, SimpleStringReader sr, Boolean isNested, String& text) in C:\dev\NLog\src\NLog\Layouts\LayoutParser.cs:line 108
   at NLog.Layouts.SimpleLayout.set_Text(String value) in C:\dev\NLog\src\NLog\Layouts\SimpleLayout.cs:line 119
   at NLog.Layouts.SimpleLayout..ctor(String txt, ConfigurationItemFactory configurationItemFactory) in C:\dev\NLog\src\NLog\Layouts\SimpleLayout.cs:line 88
   at NLog.Layouts.Layout.FromString(String layoutText, ConfigurationItemFactory configurationItemFactory) in C:\dev\NLog\src\NLog\Layouts\Layout.cs:line 104
   at NLog.Layouts.Layout.FromString(String layoutText) in C:\dev\NLog\src\NLog\Layouts\Layout.cs:line 93
   at NLog.Layouts.Layout.op_Implicit(String text) in C:\dev\NLog\src\NLog\Layouts\Layout.cs:line 83
   at NLog.Targets.TargetWithLayout..ctor() in C:\dev\NLog\src\NLog\Targets\TargetWithLayout.cs:line 54
   at NLog.Targets.TargetWithLayoutHeaderAndFooter..ctor() in C:\dev\NLog\src\NLog\Targets\TargetWithLayoutHeaderAndFooter.cs:line 50
   at NLog.Targets.FileTarget..ctor() in C:\dev\NLog\src\NLog\Targets\FileTarget.cs:line 167
   at NLog.UnitTests.Targets.FileTargetTests.DateArchive_UsesDateFromCurrentTimeSource(DateTimeKind timeKind, Boolean concurrentWrites, Boolean keepFileOpen, Boolean networkWrites, Boolean includeSequenceInArchive) in C:\dev\NLog\tests\NLog.UnitTests\Targets\FileTargetTests.cs:line 784]]></stack-trace>
        </failure>
      </test>
      <test name="NLog.UnitTests.Targets.WrappedFileTargetTests.DateArchive_UsesDateFromCurrentTimeSource(timeKind: Local, concurrentWrites: False, keepFileOpen: True, networkWrites: False, includeSequenceInArchive: True)" type="NLog.UnitTests.Targets.WrappedFileTargetTests" method="DateArchive_UsesDateFromCurrentTimeSource" time="0.0002107" result="Fail">
        <failure exception-type="System.ArgumentException">
          <message><![CDATA[System.ArgumentException : LayoutRenderer cannot be found: 'longdate']]></message>
          <stack-trace><![CDATA[   at NLog.Config.Factory`2.CreateInstance(String name) in C:\dev\NLog\src\NLog\Config\Factory.cs:line 199
   at NLog.Layouts.LayoutParser.ParseLayoutRenderer(ConfigurationItemFactory configurationItemFactory, SimpleStringReader sr) in C:\dev\NLog\src\NLog\Layouts\LayoutParser.cs:line 345
   at NLog.Layouts.LayoutParser.CompileLayout(ConfigurationItemFactory configurationItemFactory, SimpleStringReader sr, Boolean isNested, String& text) in C:\dev\NLog\src\NLog\Layouts\LayoutParser.cs:line 108
   at NLog.Layouts.SimpleLayout.set_Text(String value) in C:\dev\NLog\src\NLog\Layouts\SimpleLayout.cs:line 119
   at NLog.Layouts.SimpleLayout..ctor(String txt, ConfigurationItemFactory configurationItemFactory) in C:\dev\NLog\src\NLog\Layouts\SimpleLayout.cs:line 88
   at NLog.Layouts.Layout.FromString(String layoutText, ConfigurationItemFactory configurationItemFactory) in C:\dev\NLog\src\NLog\Layouts\Layout.cs:line 104
   at NLog.Layouts.Layout.FromString(String layoutText) in C:\dev\NLog\src\NLog\Layouts\Layout.cs:line 93
   at NLog.Layouts.Layout.op_Implicit(String text) in C:\dev\NLog\src\NLog\Layouts\Layout.cs:line 83
   at NLog.Targets.TargetWithLayout..ctor() in C:\dev\NLog\src\NLog\Targets\TargetWithLayout.cs:line 54
   at NLog.Targets.TargetWithLayoutHeaderAndFooter..ctor() in C:\dev\NLog\src\NLog\Targets\TargetWithLayoutHeaderAndFooter.cs:line 50
   at NLog.Targets.FileTarget..ctor() in C:\dev\NLog\src\NLog\Targets\FileTarget.cs:line 167
   at NLog.UnitTests.Targets.FileTargetTests.DateArchive_UsesDateFromCurrentTimeSource(DateTimeKind timeKind, Boolean concurrentWrites, Boolean keepFileOpen, Boolean networkWrites, Boolean includeSequenceInArchive) in C:\dev\NLog\tests\NLog.UnitTests\Targets\FileTargetTests.cs:line 784]]></stack-trace>
        </failure>
      </test>
      <test name="NLog.UnitTests.Targets.WrappedFileTargetTests.DateArchive_UsesDateFromCurrentTimeSource(timeKind: Local, concurrentWrites: False, keepFileOpen: True, networkWrites: False, includeSequenceInArchive: False)" type="NLog.UnitTests.Targets.WrappedFileTargetTests" method="DateArchive_UsesDateFromCurrentTimeSource" time="0.0002016" result="Fail">
        <failure exception-type="System.ArgumentException">
          <message><![CDATA[System.ArgumentException : LayoutRenderer cannot be found: 'longdate']]></message>
          <stack-trace><![CDATA[   at NLog.Config.Factory`2.CreateInstance(String name) in C:\dev\NLog\src\NLog\Config\Factory.cs:line 199
   at NLog.Layouts.LayoutParser.ParseLayoutRenderer(ConfigurationItemFactory configurationItemFactory, SimpleStringReader sr) in C:\dev\NLog\src\NLog\Layouts\LayoutParser.cs:line 345
   at NLog.Layouts.LayoutParser.CompileLayout(ConfigurationItemFactory configurationItemFactory, SimpleStringReader sr, Boolean isNested, String& text) in C:\dev\NLog\src\NLog\Layouts\LayoutParser.cs:line 108
   at NLog.Layouts.SimpleLayout.set_Text(String value) in C:\dev\NLog\src\NLog\Layouts\SimpleLayout.cs:line 119
   at NLog.Layouts.SimpleLayout..ctor(String txt, ConfigurationItemFactory configurationItemFactory) in C:\dev\NLog\src\NLog\Layouts\SimpleLayout.cs:line 88
   at NLog.Layouts.Layout.FromString(String layoutText, ConfigurationItemFactory configurationItemFactory) in C:\dev\NLog\src\NLog\Layouts\Layout.cs:line 104
   at NLog.Layouts.Layout.FromString(String layoutText) in C:\dev\NLog\src\NLog\Layouts\Layout.cs:line 93
   at NLog.Layouts.Layout.op_Implicit(String text) in C:\dev\NLog\src\NLog\Layouts\Layout.cs:line 83
   at NLog.Targets.TargetWithLayout..ctor() in C:\dev\NLog\src\NLog\Targets\TargetWithLayout.cs:line 54
   at NLog.Targets.TargetWithLayoutHeaderAndFooter..ctor() in C:\dev\NLog\src\NLog\Targets\TargetWithLayoutHeaderAndFooter.cs:line 50
   at NLog.Targets.FileTarget..ctor() in C:\dev\NLog\src\NLog\Targets\FileTarget.cs:line 167
   at NLog.UnitTests.Targets.FileTargetTests.DateArchive_UsesDateFromCurrentTimeSource(DateTimeKind timeKind, Boolean concurrentWrites, Boolean keepFileOpen, Boolean networkWrites, Boolean includeSequenceInArchive) in C:\dev\NLog\tests\NLog.UnitTests\Targets\FileTargetTests.cs:line 784]]></stack-trace>
        </failure>
      </test>
      <test name="NLog.UnitTests.Targets.WrappedFileTargetTests.DateArchive_UsesDateFromCurrentTimeSource(timeKind: Utc, concurrentWrites: False, keepFileOpen: False, networkWrites: True, includeSequenceInArchive: True)" type="NLog.UnitTests.Targets.WrappedFileTargetTests" method="DateArchive_UsesDateFromCurrentTimeSource" time="0.0002011" result="Fail">
        <failure exception-type="System.ArgumentException">
          <message><![CDATA[System.ArgumentException : LayoutRenderer cannot be found: 'longdate']]></message>
          <stack-trace><![CDATA[   at NLog.Config.Factory`2.CreateInstance(String name) in C:\dev\NLog\src\NLog\Config\Factory.cs:line 199
   at NLog.Layouts.LayoutParser.ParseLayoutRenderer(ConfigurationItemFactory configurationItemFactory, SimpleStringReader sr) in C:\dev\NLog\src\NLog\Layouts\LayoutParser.cs:line 345
   at NLog.Layouts.LayoutParser.CompileLayout(ConfigurationItemFactory configurationItemFactory, SimpleStringReader sr, Boolean isNested, String& text) in C:\dev\NLog\src\NLog\Layouts\LayoutParser.cs:line 108
   at NLog.Layouts.SimpleLayout.set_Text(String value) in C:\dev\NLog\src\NLog\Layouts\SimpleLayout.cs:line 119
   at NLog.Layouts.SimpleLayout..ctor(String txt, ConfigurationItemFactory configurationItemFactory) in C:\dev\NLog\src\NLog\Layouts\SimpleLayout.cs:line 88
   at NLog.Layouts.Layout.FromString(String layoutText, ConfigurationItemFactory configurationItemFactory) in C:\dev\NLog\src\NLog\Layouts\Layout.cs:line 104
   at NLog.Layouts.Layout.FromString(String layoutText) in C:\dev\NLog\src\NLog\Layouts\Layout.cs:line 93
   at NLog.Layouts.Layout.op_Implicit(String text) in C:\dev\NLog\src\NLog\Layouts\Layout.cs:line 83
   at NLog.Targets.TargetWithLayout..ctor() in C:\dev\NLog\src\NLog\Targets\TargetWithLayout.cs:line 54
   at NLog.Targets.TargetWithLayoutHeaderAndFooter..ctor() in C:\dev\NLog\src\NLog\Targets\TargetWithLayoutHeaderAndFooter.cs:line 50
   at NLog.Targets.FileTarget..ctor() in C:\dev\NLog\src\NLog\Targets\FileTarget.cs:line 167
   at NLog.UnitTests.Targets.FileTargetTests.DateArchive_UsesDateFromCurrentTimeSource(DateTimeKind timeKind, Boolean concurrentWrites, Boolean keepFileOpen, Boolean networkWrites, Boolean includeSequenceInArchive) in C:\dev\NLog\tests\NLog.UnitTests\Targets\FileTargetTests.cs:line 784]]></stack-trace>
        </failure>
      </test>
      <test name="NLog.UnitTests.Targets.WrappedFileTargetTests.DateArchive_UsesDateFromCurrentTimeSource(timeKind: Utc, concurrentWrites: False, keepFileOpen: False, networkWrites: True, includeSequenceInArchive: False)" type="NLog.UnitTests.Targets.WrappedFileTargetTests" method="DateArchive_UsesDateFromCurrentTimeSource" time="0.0002495" result="Fail">
        <failure exception-type="System.ArgumentException">
          <message><![CDATA[System.ArgumentException : LayoutRenderer cannot be found: 'longdate']]></message>
          <stack-trace><![CDATA[   at NLog.Config.Factory`2.CreateInstance(String name) in C:\dev\NLog\src\NLog\Config\Factory.cs:line 199
   at NLog.Layouts.LayoutParser.ParseLayoutRenderer(ConfigurationItemFactory configurationItemFactory, SimpleStringReader sr) in C:\dev\NLog\src\NLog\Layouts\LayoutParser.cs:line 345
   at NLog.Layouts.LayoutParser.CompileLayout(ConfigurationItemFactory configurationItemFactory, SimpleStringReader sr, Boolean isNested, String& text) in C:\dev\NLog\src\NLog\Layouts\LayoutParser.cs:line 108
   at NLog.Layouts.SimpleLayout.set_Text(String value) in C:\dev\NLog\src\NLog\Layouts\SimpleLayout.cs:line 119
   at NLog.Layouts.SimpleLayout..ctor(String txt, ConfigurationItemFactory configurationItemFactory) in C:\dev\NLog\src\NLog\Layouts\SimpleLayout.cs:line 88
   at NLog.Layouts.Layout.FromString(String layoutText, ConfigurationItemFactory configurationItemFactory) in C:\dev\NLog\src\NLog\Layouts\Layout.cs:line 104
   at NLog.Layouts.Layout.FromString(String layoutText) in C:\dev\NLog\src\NLog\Layouts\Layout.cs:line 93
   at NLog.Layouts.Layout.op_Implicit(String text) in C:\dev\NLog\src\NLog\Layouts\Layout.cs:line 83
   at NLog.Targets.TargetWithLayout..ctor() in C:\dev\NLog\src\NLog\Targets\TargetWithLayout.cs:line 54
   at NLog.Targets.TargetWithLayoutHeaderAndFooter..ctor() in C:\dev\NLog\src\NLog\Targets\TargetWithLayoutHeaderAndFooter.cs:line 50
   at NLog.Targets.FileTarget..ctor() in C:\dev\NLog\src\NLog\Targets\FileTarget.cs:line 167
   at NLog.UnitTests.Targets.FileTargetTests.DateArchive_UsesDateFromCurrentTimeSource(DateTimeKind timeKind, Boolean concurrentWrites, Boolean keepFileOpen, Boolean networkWrites, Boolean includeSequenceInArchive) in C:\dev\NLog\tests\NLog.UnitTests\Targets\FileTargetTests.cs:line 784]]></stack-trace>
        </failure>
      </test>
      <test name="NLog.UnitTests.Targets.WrappedFileTargetTests.DateArchive_UsesDateFromCurrentTimeSource(timeKind: Local, concurrentWrites: False, keepFileOpen: False, networkWrites: True, includeSequenceInArchive: True)" type="NLog.UnitTests.Targets.WrappedFileTargetTests" method="DateArchive_UsesDateFromCurrentTimeSource" time="0.000218" result="Fail">
        <failure exception-type="System.ArgumentException">
          <message><![CDATA[System.ArgumentException : LayoutRenderer cannot be found: 'longdate']]></message>
          <stack-trace><![CDATA[   at NLog.Config.Factory`2.CreateInstance(String name) in C:\dev\NLog\src\NLog\Config\Factory.cs:line 199
   at NLog.Layouts.LayoutParser.ParseLayoutRenderer(ConfigurationItemFactory configurationItemFactory, SimpleStringReader sr) in C:\dev\NLog\src\NLog\Layouts\LayoutParser.cs:line 345
   at NLog.Layouts.LayoutParser.CompileLayout(ConfigurationItemFactory configurationItemFactory, SimpleStringReader sr, Boolean isNested, String& text) in C:\dev\NLog\src\NLog\Layouts\LayoutParser.cs:line 108
   at NLog.Layouts.SimpleLayout.set_Text(String value) in C:\dev\NLog\src\NLog\Layouts\SimpleLayout.cs:line 119
   at NLog.Layouts.SimpleLayout..ctor(String txt, ConfigurationItemFactory configurationItemFactory) in C:\dev\NLog\src\NLog\Layouts\SimpleLayout.cs:line 88
   at NLog.Layouts.Layout.FromString(String layoutText, ConfigurationItemFactory configurationItemFactory) in C:\dev\NLog\src\NLog\Layouts\Layout.cs:line 104
   at NLog.Layouts.Layout.FromString(String layoutText) in C:\dev\NLog\src\NLog\Layouts\Layout.cs:line 93
   at NLog.Layouts.Layout.op_Implicit(String text) in C:\dev\NLog\src\NLog\Layouts\Layout.cs:line 83
   at NLog.Targets.TargetWithLayout..ctor() in C:\dev\NLog\src\NLog\Targets\TargetWithLayout.cs:line 54
   at NLog.Targets.TargetWithLayoutHeaderAndFooter..ctor() in C:\dev\NLog\src\NLog\Targets\TargetWithLayoutHeaderAndFooter.cs:line 50
   at NLog.Targets.FileTarget..ctor() in C:\dev\NLog\src\NLog\Targets\FileTarget.cs:line 167
   at NLog.UnitTests.Targets.FileTargetTests.DateArchive_UsesDateFromCurrentTimeSource(DateTimeKind timeKind, Boolean concurrentWrites, Boolean keepFileOpen, Boolean networkWrites, Boolean includeSequenceInArchive) in C:\dev\NLog\tests\NLog.UnitTests\Targets\FileTargetTests.cs:line 784]]></stack-trace>
        </failure>
      </test>
      <test name="NLog.UnitTests.Targets.WrappedFileTargetTests.DateArchive_UsesDateFromCurrentTimeSource(timeKind: Local, concurrentWrites: False, keepFileOpen: False, networkWrites: True, includeSequenceInArchive: False)" type="NLog.UnitTests.Targets.WrappedFileTargetTests" method="DateArchive_UsesDateFromCurrentTimeSource" time="0.0001976" result="Fail">
        <failure exception-type="System.ArgumentException">
          <message><![CDATA[System.ArgumentException : LayoutRenderer cannot be found: 'longdate']]></message>
          <stack-trace><![CDATA[   at NLog.Config.Factory`2.CreateInstance(String name) in C:\dev\NLog\src\NLog\Config\Factory.cs:line 199
   at NLog.Layouts.LayoutParser.ParseLayoutRenderer(ConfigurationItemFactory configurationItemFactory, SimpleStringReader sr) in C:\dev\NLog\src\NLog\Layouts\LayoutParser.cs:line 345
   at NLog.Layouts.LayoutParser.CompileLayout(ConfigurationItemFactory configurationItemFactory, SimpleStringReader sr, Boolean isNested, String& text) in C:\dev\NLog\src\NLog\Layouts\LayoutParser.cs:line 108
   at NLog.Layouts.SimpleLayout.set_Text(String value) in C:\dev\NLog\src\NLog\Layouts\SimpleLayout.cs:line 119
   at NLog.Layouts.SimpleLayout..ctor(String txt, ConfigurationItemFactory configurationItemFactory) in C:\dev\NLog\src\NLog\Layouts\SimpleLayout.cs:line 88
   at NLog.Layouts.Layout.FromString(String layoutText, ConfigurationItemFactory configurationItemFactory) in C:\dev\NLog\src\NLog\Layouts\Layout.cs:line 104
   at NLog.Layouts.Layout.FromString(String layoutText) in C:\dev\NLog\src\NLog\Layouts\Layout.cs:line 93
   at NLog.Layouts.Layout.op_Implicit(String text) in C:\dev\NLog\src\NLog\Layouts\Layout.cs:line 83
   at NLog.Targets.TargetWithLayout..ctor() in C:\dev\NLog\src\NLog\Targets\TargetWithLayout.cs:line 54
   at NLog.Targets.TargetWithLayoutHeaderAndFooter..ctor() in C:\dev\NLog\src\NLog\Targets\TargetWithLayoutHeaderAndFooter.cs:line 50
   at NLog.Targets.FileTarget..ctor() in C:\dev\NLog\src\NLog\Targets\FileTarget.cs:line 167
   at NLog.UnitTests.Targets.FileTargetTests.DateArchive_UsesDateFromCurrentTimeSource(DateTimeKind timeKind, Boolean concurrentWrites, Boolean keepFileOpen, Boolean networkWrites, Boolean includeSequenceInArchive) in C:\dev\NLog\tests\NLog.UnitTests\Targets\FileTargetTests.cs:line 784]]></stack-trace>
        </failure>
      </test>
      <test name="NLog.UnitTests.Targets.WrappedFileTargetTests.DateArchive_UsesDateFromCurrentTimeSource(timeKind: Utc, concurrentWrites: False, keepFileOpen: False, networkWrites: False, includeSequenceInArchive: True)" type="NLog.UnitTests.Targets.WrappedFileTargetTests" method="DateArchive_UsesDateFromCurrentTimeSource" time="0.0001932" result="Fail">
        <failure exception-type="System.ArgumentException">
          <message><![CDATA[System.ArgumentException : LayoutRenderer cannot be found: 'longdate']]></message>
          <stack-trace><![CDATA[   at NLog.Config.Factory`2.CreateInstance(String name) in C:\dev\NLog\src\NLog\Config\Factory.cs:line 199
   at NLog.Layouts.LayoutParser.ParseLayoutRenderer(ConfigurationItemFactory configurationItemFactory, SimpleStringReader sr) in C:\dev\NLog\src\NLog\Layouts\LayoutParser.cs:line 345
   at NLog.Layouts.LayoutParser.CompileLayout(ConfigurationItemFactory configurationItemFactory, SimpleStringReader sr, Boolean isNested, String& text) in C:\dev\NLog\src\NLog\Layouts\LayoutParser.cs:line 108
   at NLog.Layouts.SimpleLayout.set_Text(String value) in C:\dev\NLog\src\NLog\Layouts\SimpleLayout.cs:line 119
   at NLog.Layouts.SimpleLayout..ctor(String txt, ConfigurationItemFactory configurationItemFactory) in C:\dev\NLog\src\NLog\Layouts\SimpleLayout.cs:line 88
   at NLog.Layouts.Layout.FromString(String layoutText, ConfigurationItemFactory configurationItemFactory) in C:\dev\NLog\src\NLog\Layouts\Layout.cs:line 104
   at NLog.Layouts.Layout.FromString(String layoutText) in C:\dev\NLog\src\NLog\Layouts\Layout.cs:line 93
   at NLog.Layouts.Layout.op_Implicit(String text) in C:\dev\NLog\src\NLog\Layouts\Layout.cs:line 83
   at NLog.Targets.TargetWithLayout..ctor() in C:\dev\NLog\src\NLog\Targets\TargetWithLayout.cs:line 54
   at NLog.Targets.TargetWithLayoutHeaderAndFooter..ctor() in C:\dev\NLog\src\NLog\Targets\TargetWithLayoutHeaderAndFooter.cs:line 50
   at NLog.Targets.FileTarget..ctor() in C:\dev\NLog\src\NLog\Targets\FileTarget.cs:line 167
   at NLog.UnitTests.Targets.FileTargetTests.DateArchive_UsesDateFromCurrentTimeSource(DateTimeKind timeKind, Boolean concurrentWrites, Boolean keepFileOpen, Boolean networkWrites, Boolean includeSequenceInArchive) in C:\dev\NLog\tests\NLog.UnitTests\Targets\FileTargetTests.cs:line 784]]></stack-trace>
        </failure>
      </test>
      <test name="NLog.UnitTests.Targets.WrappedFileTargetTests.DateArchive_UsesDateFromCurrentTimeSource(timeKind: Utc, concurrentWrites: False, keepFileOpen: False, networkWrites: False, includeSequenceInArchive: False)" type="NLog.UnitTests.Targets.WrappedFileTargetTests" method="DateArchive_UsesDateFromCurrentTimeSource" time="0.0002408" result="Fail">
        <failure exception-type="System.ArgumentException">
          <message><![CDATA[System.ArgumentException : LayoutRenderer cannot be found: 'longdate']]></message>
          <stack-trace><![CDATA[   at NLog.Config.Factory`2.CreateInstance(String name) in C:\dev\NLog\src\NLog\Config\Factory.cs:line 199
   at NLog.Layouts.LayoutParser.ParseLayoutRenderer(ConfigurationItemFactory configurationItemFactory, SimpleStringReader sr) in C:\dev\NLog\src\NLog\Layouts\LayoutParser.cs:line 345
   at NLog.Layouts.LayoutParser.CompileLayout(ConfigurationItemFactory configurationItemFactory, SimpleStringReader sr, Boolean isNested, String& text) in C:\dev\NLog\src\NLog\Layouts\LayoutParser.cs:line 108
   at NLog.Layouts.SimpleLayout.set_Text(String value) in C:\dev\NLog\src\NLog\Layouts\SimpleLayout.cs:line 119
   at NLog.Layouts.SimpleLayout..ctor(String txt, ConfigurationItemFactory configurationItemFactory) in C:\dev\NLog\src\NLog\Layouts\SimpleLayout.cs:line 88
   at NLog.Layouts.Layout.FromString(String layoutText, ConfigurationItemFactory configurationItemFactory) in C:\dev\NLog\src\NLog\Layouts\Layout.cs:line 104
   at NLog.Layouts.Layout.FromString(String layoutText) in C:\dev\NLog\src\NLog\Layouts\Layout.cs:line 93
   at NLog.Layouts.Layout.op_Implicit(String text) in C:\dev\NLog\src\NLog\Layouts\Layout.cs:line 83
   at NLog.Targets.TargetWithLayout..ctor() in C:\dev\NLog\src\NLog\Targets\TargetWithLayout.cs:line 54
   at NLog.Targets.TargetWithLayoutHeaderAndFooter..ctor() in C:\dev\NLog\src\NLog\Targets\TargetWithLayoutHeaderAndFooter.cs:line 50
   at NLog.Targets.FileTarget..ctor() in C:\dev\NLog\src\NLog\Targets\FileTarget.cs:line 167
   at NLog.UnitTests.Targets.FileTargetTests.DateArchive_UsesDateFromCurrentTimeSource(DateTimeKind timeKind, Boolean concurrentWrites, Boolean keepFileOpen, Boolean networkWrites, Boolean includeSequenceInArchive) in C:\dev\NLog\tests\NLog.UnitTests\Targets\FileTargetTests.cs:line 784]]></stack-trace>
        </failure>
      </test>
      <test name="NLog.UnitTests.Targets.WrappedFileTargetTests.DateArchive_UsesDateFromCurrentTimeSource(timeKind: Local, concurrentWrites: False, keepFileOpen: False, networkWrites: False, includeSequenceInArchive: True)" type="NLog.UnitTests.Targets.WrappedFileTargetTests" method="DateArchive_UsesDateFromCurrentTimeSource" time="0.0001967" result="Fail">
        <failure exception-type="System.ArgumentException">
          <message><![CDATA[System.ArgumentException : LayoutRenderer cannot be found: 'longdate']]></message>
          <stack-trace><![CDATA[   at NLog.Config.Factory`2.CreateInstance(String name) in C:\dev\NLog\src\NLog\Config\Factory.cs:line 199
   at NLog.Layouts.LayoutParser.ParseLayoutRenderer(ConfigurationItemFactory configurationItemFactory, SimpleStringReader sr) in C:\dev\NLog\src\NLog\Layouts\LayoutParser.cs:line 345
   at NLog.Layouts.LayoutParser.CompileLayout(ConfigurationItemFactory configurationItemFactory, SimpleStringReader sr, Boolean isNested, String& text) in C:\dev\NLog\src\NLog\Layouts\LayoutParser.cs:line 108
   at NLog.Layouts.SimpleLayout.set_Text(String value) in C:\dev\NLog\src\NLog\Layouts\SimpleLayout.cs:line 119
   at NLog.Layouts.SimpleLayout..ctor(String txt, ConfigurationItemFactory configurationItemFactory) in C:\dev\NLog\src\NLog\Layouts\SimpleLayout.cs:line 88
   at NLog.Layouts.Layout.FromString(String layoutText, ConfigurationItemFactory configurationItemFactory) in C:\dev\NLog\src\NLog\Layouts\Layout.cs:line 104
   at NLog.Layouts.Layout.FromString(String layoutText) in C:\dev\NLog\src\NLog\Layouts\Layout.cs:line 93
   at NLog.Layouts.Layout.op_Implicit(String text) in C:\dev\NLog\src\NLog\Layouts\Layout.cs:line 83
   at NLog.Targets.TargetWithLayout..ctor() in C:\dev\NLog\src\NLog\Targets\TargetWithLayout.cs:line 54
   at NLog.Targets.TargetWithLayoutHeaderAndFooter..ctor() in C:\dev\NLog\src\NLog\Targets\TargetWithLayoutHeaderAndFooter.cs:line 50
   at NLog.Targets.FileTarget..ctor() in C:\dev\NLog\src\NLog\Targets\FileTarget.cs:line 167
   at NLog.UnitTests.Targets.FileTargetTests.DateArchive_UsesDateFromCurrentTimeSource(DateTimeKind timeKind, Boolean concurrentWrites, Boolean keepFileOpen, Boolean networkWrites, Boolean includeSequenceInArchive) in C:\dev\NLog\tests\NLog.UnitTests\Targets\FileTargetTests.cs:line 784]]></stack-trace>
        </failure>
      </test>
      <test name="NLog.UnitTests.Targets.WrappedFileTargetTests.DateArchive_UsesDateFromCurrentTimeSource(timeKind: Local, concurrentWrites: False, keepFileOpen: False, networkWrites: False, includeSequenceInArchive: False)" type="NLog.UnitTests.Targets.WrappedFileTargetTests" method="DateArchive_UsesDateFromCurrentTimeSource" time="0.000194" result="Fail">
        <failure exception-type="System.ArgumentException">
          <message><![CDATA[System.ArgumentException : LayoutRenderer cannot be found: 'longdate']]></message>
          <stack-trace><![CDATA[   at NLog.Config.Factory`2.CreateInstance(String name) in C:\dev\NLog\src\NLog\Config\Factory.cs:line 199
   at NLog.Layouts.LayoutParser.ParseLayoutRenderer(ConfigurationItemFactory configurationItemFactory, SimpleStringReader sr) in C:\dev\NLog\src\NLog\Layouts\LayoutParser.cs:line 345
   at NLog.Layouts.LayoutParser.CompileLayout(ConfigurationItemFactory configurationItemFactory, SimpleStringReader sr, Boolean isNested, String& text) in C:\dev\NLog\src\NLog\Layouts\LayoutParser.cs:line 108
   at NLog.Layouts.SimpleLayout.set_Text(String value) in C:\dev\NLog\src\NLog\Layouts\SimpleLayout.cs:line 119
   at NLog.Layouts.SimpleLayout..ctor(String txt, ConfigurationItemFactory configurationItemFactory) in C:\dev\NLog\src\NLog\Layouts\SimpleLayout.cs:line 88
   at NLog.Layouts.Layout.FromString(String layoutText, ConfigurationItemFactory configurationItemFactory) in C:\dev\NLog\src\NLog\Layouts\Layout.cs:line 104
   at NLog.Layouts.Layout.FromString(String layoutText) in C:\dev\NLog\src\NLog\Layouts\Layout.cs:line 93
   at NLog.Layouts.Layout.op_Implicit(String text) in C:\dev\NLog\src\NLog\Layouts\Layout.cs:line 83
   at NLog.Targets.TargetWithLayout..ctor() in C:\dev\NLog\src\NLog\Targets\TargetWithLayout.cs:line 54
   at NLog.Targets.TargetWithLayoutHeaderAndFooter..ctor() in C:\dev\NLog\src\NLog\Targets\TargetWithLayoutHeaderAndFooter.cs:line 50
   at NLog.Targets.FileTarget..ctor() in C:\dev\NLog\src\NLog\Targets\FileTarget.cs:line 167
   at NLog.UnitTests.Targets.FileTargetTests.DateArchive_UsesDateFromCurrentTimeSource(DateTimeKind timeKind, Boolean concurrentWrites, Boolean keepFileOpen, Boolean networkWrites, Boolean includeSequenceInArchive) in C:\dev\NLog\tests\NLog.UnitTests\Targets\FileTargetTests.cs:line 784]]></stack-trace>
        </failure>
      </test>
      <test name="NLog.UnitTests.Targets.WrappedFileTargetTests.FileTarget_Handle_Other_Files_That_Match_Archive_Format" type="NLog.UnitTests.Targets.WrappedFileTargetTests" method="FileTarget_Handle_Other_Files_That_Match_Archive_Format" time="0.0001918" result="Fail">
        <failure exception-type="System.ArgumentException">
          <message><![CDATA[System.ArgumentException : LayoutRenderer cannot be found: 'longdate']]></message>
          <stack-trace><![CDATA[   at NLog.Config.Factory`2.CreateInstance(String name) in C:\dev\NLog\src\NLog\Config\Factory.cs:line 199
   at NLog.Layouts.LayoutParser.ParseLayoutRenderer(ConfigurationItemFactory configurationItemFactory, SimpleStringReader sr) in C:\dev\NLog\src\NLog\Layouts\LayoutParser.cs:line 345
   at NLog.Layouts.LayoutParser.CompileLayout(ConfigurationItemFactory configurationItemFactory, SimpleStringReader sr, Boolean isNested, String& text) in C:\dev\NLog\src\NLog\Layouts\LayoutParser.cs:line 108
   at NLog.Layouts.SimpleLayout.set_Text(String value) in C:\dev\NLog\src\NLog\Layouts\SimpleLayout.cs:line 119
   at NLog.Layouts.SimpleLayout..ctor(String txt, ConfigurationItemFactory configurationItemFactory) in C:\dev\NLog\src\NLog\Layouts\SimpleLayout.cs:line 88
   at NLog.Layouts.Layout.FromString(String layoutText, ConfigurationItemFactory configurationItemFactory) in C:\dev\NLog\src\NLog\Layouts\Layout.cs:line 104
   at NLog.Layouts.Layout.FromString(String layoutText) in C:\dev\NLog\src\NLog\Layouts\Layout.cs:line 93
   at NLog.Layouts.Layout.op_Implicit(String text) in C:\dev\NLog\src\NLog\Layouts\Layout.cs:line 83
   at NLog.Targets.TargetWithLayout..ctor() in C:\dev\NLog\src\NLog\Targets\TargetWithLayout.cs:line 54
   at NLog.Targets.TargetWithLayoutHeaderAndFooter..ctor() in C:\dev\NLog\src\NLog\Targets\TargetWithLayoutHeaderAndFooter.cs:line 50
   at NLog.Targets.FileTarget..ctor() in C:\dev\NLog\src\NLog\Targets\FileTarget.cs:line 167
   at NLog.UnitTests.Targets.FileTargetTests.FileTarget_Handle_Other_Files_That_Match_Archive_Format() in C:\dev\NLog\tests\NLog.UnitTests\Targets\FileTargetTests.cs:line 1894]]></stack-trace>
        </failure>
      </test>
      <test name="NLog.UnitTests.Targets.WrappedFileTargetTests.SimpleFileTest(concurrentWrites: True, keepFileOpen: True, networkWrites: True)" type="NLog.UnitTests.Targets.WrappedFileTargetTests" method="SimpleFileTest" time="0.0011081" result="Fail">
        <failure exception-type="System.ArgumentException">
          <message><![CDATA[System.ArgumentException : LayoutRenderer cannot be found: 'longdate']]></message>
          <stack-trace><![CDATA[   at NLog.Config.Factory`2.CreateInstance(String name) in C:\dev\NLog\src\NLog\Config\Factory.cs:line 199
   at NLog.Layouts.LayoutParser.ParseLayoutRenderer(ConfigurationItemFactory configurationItemFactory, SimpleStringReader sr) in C:\dev\NLog\src\NLog\Layouts\LayoutParser.cs:line 345
   at NLog.Layouts.LayoutParser.CompileLayout(ConfigurationItemFactory configurationItemFactory, SimpleStringReader sr, Boolean isNested, String& text) in C:\dev\NLog\src\NLog\Layouts\LayoutParser.cs:line 108
   at NLog.Layouts.SimpleLayout.set_Text(String value) in C:\dev\NLog\src\NLog\Layouts\SimpleLayout.cs:line 119
   at NLog.Layouts.SimpleLayout..ctor(String txt, ConfigurationItemFactory configurationItemFactory) in C:\dev\NLog\src\NLog\Layouts\SimpleLayout.cs:line 88
   at NLog.Layouts.Layout.FromString(String layoutText, ConfigurationItemFactory configurationItemFactory) in C:\dev\NLog\src\NLog\Layouts\Layout.cs:line 104
   at NLog.Layouts.Layout.FromString(String layoutText) in C:\dev\NLog\src\NLog\Layouts\Layout.cs:line 93
   at NLog.Layouts.Layout.op_Implicit(String text) in C:\dev\NLog\src\NLog\Layouts\Layout.cs:line 83
   at NLog.Targets.TargetWithLayout..ctor() in C:\dev\NLog\src\NLog\Targets\TargetWithLayout.cs:line 54
   at NLog.Targets.TargetWithLayoutHeaderAndFooter..ctor() in C:\dev\NLog\src\NLog\Targets\TargetWithLayoutHeaderAndFooter.cs:line 50
   at NLog.Targets.FileTarget..ctor() in C:\dev\NLog\src\NLog\Targets\FileTarget.cs:line 167
   at NLog.UnitTests.Targets.FileTargetTests.SimpleFileTest(Boolean concurrentWrites, Boolean keepFileOpen, Boolean networkWrites) in C:\dev\NLog\tests\NLog.UnitTests\Targets\FileTargetTests.cs:line 82]]></stack-trace>
        </failure>
      </test>
      <test name="NLog.UnitTests.Targets.WrappedFileTargetTests.SimpleFileTest(concurrentWrites: True, keepFileOpen: True, networkWrites: False)" type="NLog.UnitTests.Targets.WrappedFileTargetTests" method="SimpleFileTest" time="0.000912" result="Fail">
        <failure exception-type="System.ArgumentException">
          <message><![CDATA[System.ArgumentException : LayoutRenderer cannot be found: 'longdate']]></message>
          <stack-trace><![CDATA[   at NLog.Config.Factory`2.CreateInstance(String name) in C:\dev\NLog\src\NLog\Config\Factory.cs:line 199
   at NLog.Layouts.LayoutParser.ParseLayoutRenderer(ConfigurationItemFactory configurationItemFactory, SimpleStringReader sr) in C:\dev\NLog\src\NLog\Layouts\LayoutParser.cs:line 345
   at NLog.Layouts.LayoutParser.CompileLayout(ConfigurationItemFactory configurationItemFactory, SimpleStringReader sr, Boolean isNested, String& text) in C:\dev\NLog\src\NLog\Layouts\LayoutParser.cs:line 108
   at NLog.Layouts.SimpleLayout.set_Text(String value) in C:\dev\NLog\src\NLog\Layouts\SimpleLayout.cs:line 119
   at NLog.Layouts.SimpleLayout..ctor(String txt, ConfigurationItemFactory configurationItemFactory) in C:\dev\NLog\src\NLog\Layouts\SimpleLayout.cs:line 88
   at NLog.Layouts.Layout.FromString(String layoutText, ConfigurationItemFactory configurationItemFactory) in C:\dev\NLog\src\NLog\Layouts\Layout.cs:line 104
   at NLog.Layouts.Layout.FromString(String layoutText) in C:\dev\NLog\src\NLog\Layouts\Layout.cs:line 93
   at NLog.Layouts.Layout.op_Implicit(String text) in C:\dev\NLog\src\NLog\Layouts\Layout.cs:line 83
   at NLog.Targets.TargetWithLayout..ctor() in C:\dev\NLog\src\NLog\Targets\TargetWithLayout.cs:line 54
   at NLog.Targets.TargetWithLayoutHeaderAndFooter..ctor() in C:\dev\NLog\src\NLog\Targets\TargetWithLayoutHeaderAndFooter.cs:line 50
   at NLog.Targets.FileTarget..ctor() in C:\dev\NLog\src\NLog\Targets\FileTarget.cs:line 167
   at NLog.UnitTests.Targets.FileTargetTests.SimpleFileTest(Boolean concurrentWrites, Boolean keepFileOpen, Boolean networkWrites) in C:\dev\NLog\tests\NLog.UnitTests\Targets\FileTargetTests.cs:line 82]]></stack-trace>
        </failure>
      </test>
      <test name="NLog.UnitTests.Targets.WrappedFileTargetTests.SimpleFileTest(concurrentWrites: True, keepFileOpen: False, networkWrites: True)" type="NLog.UnitTests.Targets.WrappedFileTargetTests" method="SimpleFileTest" time="0.0008382" result="Fail">
        <failure exception-type="System.ArgumentException">
          <message><![CDATA[System.ArgumentException : LayoutRenderer cannot be found: 'longdate']]></message>
          <stack-trace><![CDATA[   at NLog.Config.Factory`2.CreateInstance(String name) in C:\dev\NLog\src\NLog\Config\Factory.cs:line 199
   at NLog.Layouts.LayoutParser.ParseLayoutRenderer(ConfigurationItemFactory configurationItemFactory, SimpleStringReader sr) in C:\dev\NLog\src\NLog\Layouts\LayoutParser.cs:line 345
   at NLog.Layouts.LayoutParser.CompileLayout(ConfigurationItemFactory configurationItemFactory, SimpleStringReader sr, Boolean isNested, String& text) in C:\dev\NLog\src\NLog\Layouts\LayoutParser.cs:line 108
   at NLog.Layouts.SimpleLayout.set_Text(String value) in C:\dev\NLog\src\NLog\Layouts\SimpleLayout.cs:line 119
   at NLog.Layouts.SimpleLayout..ctor(String txt, ConfigurationItemFactory configurationItemFactory) in C:\dev\NLog\src\NLog\Layouts\SimpleLayout.cs:line 88
   at NLog.Layouts.Layout.FromString(String layoutText, ConfigurationItemFactory configurationItemFactory) in C:\dev\NLog\src\NLog\Layouts\Layout.cs:line 104
   at NLog.Layouts.Layout.FromString(String layoutText) in C:\dev\NLog\src\NLog\Layouts\Layout.cs:line 93
   at NLog.Layouts.Layout.op_Implicit(String text) in C:\dev\NLog\src\NLog\Layouts\Layout.cs:line 83
   at NLog.Targets.TargetWithLayout..ctor() in C:\dev\NLog\src\NLog\Targets\TargetWithLayout.cs:line 54
   at NLog.Targets.TargetWithLayoutHeaderAndFooter..ctor() in C:\dev\NLog\src\NLog\Targets\TargetWithLayoutHeaderAndFooter.cs:line 50
   at NLog.Targets.FileTarget..ctor() in C:\dev\NLog\src\NLog\Targets\FileTarget.cs:line 167
   at NLog.UnitTests.Targets.FileTargetTests.SimpleFileTest(Boolean concurrentWrites, Boolean keepFileOpen, Boolean networkWrites) in C:\dev\NLog\tests\NLog.UnitTests\Targets\FileTargetTests.cs:line 82]]></stack-trace>
        </failure>
      </test>
      <test name="NLog.UnitTests.Targets.WrappedFileTargetTests.SimpleFileTest(concurrentWrites: True, keepFileOpen: False, networkWrites: False)" type="NLog.UnitTests.Targets.WrappedFileTargetTests" method="SimpleFileTest" time="0.0008407" result="Fail">
        <failure exception-type="System.ArgumentException">
          <message><![CDATA[System.ArgumentException : LayoutRenderer cannot be found: 'longdate']]></message>
          <stack-trace><![CDATA[   at NLog.Config.Factory`2.CreateInstance(String name) in C:\dev\NLog\src\NLog\Config\Factory.cs:line 199
   at NLog.Layouts.LayoutParser.ParseLayoutRenderer(ConfigurationItemFactory configurationItemFactory, SimpleStringReader sr) in C:\dev\NLog\src\NLog\Layouts\LayoutParser.cs:line 345
   at NLog.Layouts.LayoutParser.CompileLayout(ConfigurationItemFactory configurationItemFactory, SimpleStringReader sr, Boolean isNested, String& text) in C:\dev\NLog\src\NLog\Layouts\LayoutParser.cs:line 108
   at NLog.Layouts.SimpleLayout.set_Text(String value) in C:\dev\NLog\src\NLog\Layouts\SimpleLayout.cs:line 119
   at NLog.Layouts.SimpleLayout..ctor(String txt, ConfigurationItemFactory configurationItemFactory) in C:\dev\NLog\src\NLog\Layouts\SimpleLayout.cs:line 88
   at NLog.Layouts.Layout.FromString(String layoutText, ConfigurationItemFactory configurationItemFactory) in C:\dev\NLog\src\NLog\Layouts\Layout.cs:line 104
   at NLog.Layouts.Layout.FromString(String layoutText) in C:\dev\NLog\src\NLog\Layouts\Layout.cs:line 93
   at NLog.Layouts.Layout.op_Implicit(String text) in C:\dev\NLog\src\NLog\Layouts\Layout.cs:line 83
   at NLog.Targets.TargetWithLayout..ctor() in C:\dev\NLog\src\NLog\Targets\TargetWithLayout.cs:line 54
   at NLog.Targets.TargetWithLayoutHeaderAndFooter..ctor() in C:\dev\NLog\src\NLog\Targets\TargetWithLayoutHeaderAndFooter.cs:line 50
   at NLog.Targets.FileTarget..ctor() in C:\dev\NLog\src\NLog\Targets\FileTarget.cs:line 167
   at NLog.UnitTests.Targets.FileTargetTests.SimpleFileTest(Boolean concurrentWrites, Boolean keepFileOpen, Boolean networkWrites) in C:\dev\NLog\tests\NLog.UnitTests\Targets\FileTargetTests.cs:line 82]]></stack-trace>
        </failure>
      </test>
      <test name="NLog.UnitTests.Targets.WrappedFileTargetTests.SimpleFileTest(concurrentWrites: False, keepFileOpen: True, networkWrites: True)" type="NLog.UnitTests.Targets.WrappedFileTargetTests" method="SimpleFileTest" time="0.0009046" result="Fail">
        <failure exception-type="System.ArgumentException">
          <message><![CDATA[System.ArgumentException : LayoutRenderer cannot be found: 'longdate']]></message>
          <stack-trace><![CDATA[   at NLog.Config.Factory`2.CreateInstance(String name) in C:\dev\NLog\src\NLog\Config\Factory.cs:line 199
   at NLog.Layouts.LayoutParser.ParseLayoutRenderer(ConfigurationItemFactory configurationItemFactory, SimpleStringReader sr) in C:\dev\NLog\src\NLog\Layouts\LayoutParser.cs:line 345
   at NLog.Layouts.LayoutParser.CompileLayout(ConfigurationItemFactory configurationItemFactory, SimpleStringReader sr, Boolean isNested, String& text) in C:\dev\NLog\src\NLog\Layouts\LayoutParser.cs:line 108
   at NLog.Layouts.SimpleLayout.set_Text(String value) in C:\dev\NLog\src\NLog\Layouts\SimpleLayout.cs:line 119
   at NLog.Layouts.SimpleLayout..ctor(String txt, ConfigurationItemFactory configurationItemFactory) in C:\dev\NLog\src\NLog\Layouts\SimpleLayout.cs:line 88
   at NLog.Layouts.Layout.FromString(String layoutText, ConfigurationItemFactory configurationItemFactory) in C:\dev\NLog\src\NLog\Layouts\Layout.cs:line 104
   at NLog.Layouts.Layout.FromString(String layoutText) in C:\dev\NLog\src\NLog\Layouts\Layout.cs:line 93
   at NLog.Layouts.Layout.op_Implicit(String text) in C:\dev\NLog\src\NLog\Layouts\Layout.cs:line 83
   at NLog.Targets.TargetWithLayout..ctor() in C:\dev\NLog\src\NLog\Targets\TargetWithLayout.cs:line 54
   at NLog.Targets.TargetWithLayoutHeaderAndFooter..ctor() in C:\dev\NLog\src\NLog\Targets\TargetWithLayoutHeaderAndFooter.cs:line 50
   at NLog.Targets.FileTarget..ctor() in C:\dev\NLog\src\NLog\Targets\FileTarget.cs:line 167
   at NLog.UnitTests.Targets.FileTargetTests.SimpleFileTest(Boolean concurrentWrites, Boolean keepFileOpen, Boolean networkWrites) in C:\dev\NLog\tests\NLog.UnitTests\Targets\FileTargetTests.cs:line 82]]></stack-trace>
        </failure>
      </test>
      <test name="NLog.UnitTests.Targets.WrappedFileTargetTests.SimpleFileTest(concurrentWrites: False, keepFileOpen: True, networkWrites: False)" type="NLog.UnitTests.Targets.WrappedFileTargetTests" method="SimpleFileTest" time="0.0008708" result="Fail">
        <failure exception-type="System.ArgumentException">
          <message><![CDATA[System.ArgumentException : LayoutRenderer cannot be found: 'longdate']]></message>
          <stack-trace><![CDATA[   at NLog.Config.Factory`2.CreateInstance(String name) in C:\dev\NLog\src\NLog\Config\Factory.cs:line 199
   at NLog.Layouts.LayoutParser.ParseLayoutRenderer(ConfigurationItemFactory configurationItemFactory, SimpleStringReader sr) in C:\dev\NLog\src\NLog\Layouts\LayoutParser.cs:line 345
   at NLog.Layouts.LayoutParser.CompileLayout(ConfigurationItemFactory configurationItemFactory, SimpleStringReader sr, Boolean isNested, String& text) in C:\dev\NLog\src\NLog\Layouts\LayoutParser.cs:line 108
   at NLog.Layouts.SimpleLayout.set_Text(String value) in C:\dev\NLog\src\NLog\Layouts\SimpleLayout.cs:line 119
   at NLog.Layouts.SimpleLayout..ctor(String txt, ConfigurationItemFactory configurationItemFactory) in C:\dev\NLog\src\NLog\Layouts\SimpleLayout.cs:line 88
   at NLog.Layouts.Layout.FromString(String layoutText, ConfigurationItemFactory configurationItemFactory) in C:\dev\NLog\src\NLog\Layouts\Layout.cs:line 104
   at NLog.Layouts.Layout.FromString(String layoutText) in C:\dev\NLog\src\NLog\Layouts\Layout.cs:line 93
   at NLog.Layouts.Layout.op_Implicit(String text) in C:\dev\NLog\src\NLog\Layouts\Layout.cs:line 83
   at NLog.Targets.TargetWithLayout..ctor() in C:\dev\NLog\src\NLog\Targets\TargetWithLayout.cs:line 54
   at NLog.Targets.TargetWithLayoutHeaderAndFooter..ctor() in C:\dev\NLog\src\NLog\Targets\TargetWithLayoutHeaderAndFooter.cs:line 50
   at NLog.Targets.FileTarget..ctor() in C:\dev\NLog\src\NLog\Targets\FileTarget.cs:line 167
   at NLog.UnitTests.Targets.FileTargetTests.SimpleFileTest(Boolean concurrentWrites, Boolean keepFileOpen, Boolean networkWrites) in C:\dev\NLog\tests\NLog.UnitTests\Targets\FileTargetTests.cs:line 82]]></stack-trace>
        </failure>
      </test>
      <test name="NLog.UnitTests.Targets.WrappedFileTargetTests.SimpleFileTest(concurrentWrites: False, keepFileOpen: False, networkWrites: True)" type="NLog.UnitTests.Targets.WrappedFileTargetTests" method="SimpleFileTest" time="0.0008518" result="Fail">
        <failure exception-type="System.ArgumentException">
          <message><![CDATA[System.ArgumentException : LayoutRenderer cannot be found: 'longdate']]></message>
          <stack-trace><![CDATA[   at NLog.Config.Factory`2.CreateInstance(String name) in C:\dev\NLog\src\NLog\Config\Factory.cs:line 199
   at NLog.Layouts.LayoutParser.ParseLayoutRenderer(ConfigurationItemFactory configurationItemFactory, SimpleStringReader sr) in C:\dev\NLog\src\NLog\Layouts\LayoutParser.cs:line 345
   at NLog.Layouts.LayoutParser.CompileLayout(ConfigurationItemFactory configurationItemFactory, SimpleStringReader sr, Boolean isNested, String& text) in C:\dev\NLog\src\NLog\Layouts\LayoutParser.cs:line 108
   at NLog.Layouts.SimpleLayout.set_Text(String value) in C:\dev\NLog\src\NLog\Layouts\SimpleLayout.cs:line 119
   at NLog.Layouts.SimpleLayout..ctor(String txt, ConfigurationItemFactory configurationItemFactory) in C:\dev\NLog\src\NLog\Layouts\SimpleLayout.cs:line 88
   at NLog.Layouts.Layout.FromString(String layoutText, ConfigurationItemFactory configurationItemFactory) in C:\dev\NLog\src\NLog\Layouts\Layout.cs:line 104
   at NLog.Layouts.Layout.FromString(String layoutText) in C:\dev\NLog\src\NLog\Layouts\Layout.cs:line 93
   at NLog.Layouts.Layout.op_Implicit(String text) in C:\dev\NLog\src\NLog\Layouts\Layout.cs:line 83
   at NLog.Targets.TargetWithLayout..ctor() in C:\dev\NLog\src\NLog\Targets\TargetWithLayout.cs:line 54
   at NLog.Targets.TargetWithLayoutHeaderAndFooter..ctor() in C:\dev\NLog\src\NLog\Targets\TargetWithLayoutHeaderAndFooter.cs:line 50
   at NLog.Targets.FileTarget..ctor() in C:\dev\NLog\src\NLog\Targets\FileTarget.cs:line 167
   at NLog.UnitTests.Targets.FileTargetTests.SimpleFileTest(Boolean concurrentWrites, Boolean keepFileOpen, Boolean networkWrites) in C:\dev\NLog\tests\NLog.UnitTests\Targets\FileTargetTests.cs:line 82]]></stack-trace>
        </failure>
      </test>
      <test name="NLog.UnitTests.Targets.WrappedFileTargetTests.SimpleFileTest(concurrentWrites: False, keepFileOpen: False, networkWrites: False)" type="NLog.UnitTests.Targets.WrappedFileTargetTests" method="SimpleFileTest" time="0.0008458" result="Fail">
        <failure exception-type="System.ArgumentException">
          <message><![CDATA[System.ArgumentException : LayoutRenderer cannot be found: 'longdate']]></message>
          <stack-trace><![CDATA[   at NLog.Config.Factory`2.CreateInstance(String name) in C:\dev\NLog\src\NLog\Config\Factory.cs:line 199
   at NLog.Layouts.LayoutParser.ParseLayoutRenderer(ConfigurationItemFactory configurationItemFactory, SimpleStringReader sr) in C:\dev\NLog\src\NLog\Layouts\LayoutParser.cs:line 345
   at NLog.Layouts.LayoutParser.CompileLayout(ConfigurationItemFactory configurationItemFactory, SimpleStringReader sr, Boolean isNested, String& text) in C:\dev\NLog\src\NLog\Layouts\LayoutParser.cs:line 108
   at NLog.Layouts.SimpleLayout.set_Text(String value) in C:\dev\NLog\src\NLog\Layouts\SimpleLayout.cs:line 119
   at NLog.Layouts.SimpleLayout..ctor(String txt, ConfigurationItemFactory configurationItemFactory) in C:\dev\NLog\src\NLog\Layouts\SimpleLayout.cs:line 88
   at NLog.Layouts.Layout.FromString(String layoutText, ConfigurationItemFactory configurationItemFactory) in C:\dev\NLog\src\NLog\Layouts\Layout.cs:line 104
   at NLog.Layouts.Layout.FromString(String layoutText) in C:\dev\NLog\src\NLog\Layouts\Layout.cs:line 93
   at NLog.Layouts.Layout.op_Implicit(String text) in C:\dev\NLog\src\NLog\Layouts\Layout.cs:line 83
   at NLog.Targets.TargetWithLayout..ctor() in C:\dev\NLog\src\NLog\Targets\TargetWithLayout.cs:line 54
   at NLog.Targets.TargetWithLayoutHeaderAndFooter..ctor() in C:\dev\NLog\src\NLog\Targets\TargetWithLayoutHeaderAndFooter.cs:line 50
   at NLog.Targets.FileTarget..ctor() in C:\dev\NLog\src\NLog\Targets\FileTarget.cs:line 167
   at NLog.UnitTests.Targets.FileTargetTests.SimpleFileTest(Boolean concurrentWrites, Boolean keepFileOpen, Boolean networkWrites) in C:\dev\NLog\tests\NLog.UnitTests\Targets\FileTargetTests.cs:line 82]]></stack-trace>
        </failure>
      </test>
      <test name="NLog.UnitTests.Targets.WrappedFileTargetTests.SequentialArchiveTest" type="NLog.UnitTests.Targets.WrappedFileTargetTests" method="SequentialArchiveTest" time="0.0003018" result="Fail">
        <failure exception-type="System.ArgumentException">
          <message><![CDATA[System.ArgumentException : LayoutRenderer cannot be found: 'longdate']]></message>
          <stack-trace><![CDATA[   at NLog.Config.Factory`2.CreateInstance(String name) in C:\dev\NLog\src\NLog\Config\Factory.cs:line 199
   at NLog.Layouts.LayoutParser.ParseLayoutRenderer(ConfigurationItemFactory configurationItemFactory, SimpleStringReader sr) in C:\dev\NLog\src\NLog\Layouts\LayoutParser.cs:line 345
   at NLog.Layouts.LayoutParser.CompileLayout(ConfigurationItemFactory configurationItemFactory, SimpleStringReader sr, Boolean isNested, String& text) in C:\dev\NLog\src\NLog\Layouts\LayoutParser.cs:line 108
   at NLog.Layouts.SimpleLayout.set_Text(String value) in C:\dev\NLog\src\NLog\Layouts\SimpleLayout.cs:line 119
   at NLog.Layouts.SimpleLayout..ctor(String txt, ConfigurationItemFactory configurationItemFactory) in C:\dev\NLog\src\NLog\Layouts\SimpleLayout.cs:line 88
   at NLog.Layouts.Layout.FromString(String layoutText, ConfigurationItemFactory configurationItemFactory) in C:\dev\NLog\src\NLog\Layouts\Layout.cs:line 104
   at NLog.Layouts.Layout.FromString(String layoutText) in C:\dev\NLog\src\NLog\Layouts\Layout.cs:line 93
   at NLog.Layouts.Layout.op_Implicit(String text) in C:\dev\NLog\src\NLog\Layouts\Layout.cs:line 83
   at NLog.Targets.TargetWithLayout..ctor() in C:\dev\NLog\src\NLog\Targets\TargetWithLayout.cs:line 54
   at NLog.Targets.TargetWithLayoutHeaderAndFooter..ctor() in C:\dev\NLog\src\NLog\Targets\TargetWithLayoutHeaderAndFooter.cs:line 50
   at NLog.Targets.FileTarget..ctor() in C:\dev\NLog\src\NLog\Targets\FileTarget.cs:line 167
   at NLog.UnitTests.Targets.FileTargetTests.SequentialArchiveTest() in C:\dev\NLog\tests\NLog.UnitTests\Targets\FileTargetTests.cs:line 423]]></stack-trace>
        </failure>
      </test>
      <test name="NLog.UnitTests.Targets.WrappedFileTargetTests.DisposingFileTarget_WhenNotIntialized_ShouldNotThrow" type="NLog.UnitTests.Targets.WrappedFileTargetTests" method="DisposingFileTarget_WhenNotIntialized_ShouldNotThrow" time="0.0001467" result="Fail">
        <failure exception-type="System.ArgumentException">
          <message><![CDATA[System.ArgumentException : LayoutRenderer cannot be found: 'longdate']]></message>
          <stack-trace><![CDATA[   at NLog.Config.Factory`2.CreateInstance(String name) in C:\dev\NLog\src\NLog\Config\Factory.cs:line 199
   at NLog.Layouts.LayoutParser.ParseLayoutRenderer(ConfigurationItemFactory configurationItemFactory, SimpleStringReader sr) in C:\dev\NLog\src\NLog\Layouts\LayoutParser.cs:line 345
   at NLog.Layouts.LayoutParser.CompileLayout(ConfigurationItemFactory configurationItemFactory, SimpleStringReader sr, Boolean isNested, String& text) in C:\dev\NLog\src\NLog\Layouts\LayoutParser.cs:line 108
   at NLog.Layouts.SimpleLayout.set_Text(String value) in C:\dev\NLog\src\NLog\Layouts\SimpleLayout.cs:line 119
   at NLog.Layouts.SimpleLayout..ctor(String txt, ConfigurationItemFactory configurationItemFactory) in C:\dev\NLog\src\NLog\Layouts\SimpleLayout.cs:line 88
   at NLog.Layouts.Layout.FromString(String layoutText, ConfigurationItemFactory configurationItemFactory) in C:\dev\NLog\src\NLog\Layouts\Layout.cs:line 104
   at NLog.Layouts.Layout.FromString(String layoutText) in C:\dev\NLog\src\NLog\Layouts\Layout.cs:line 93
   at NLog.Layouts.Layout.op_Implicit(String text) in C:\dev\NLog\src\NLog\Layouts\Layout.cs:line 83
   at NLog.Targets.TargetWithLayout..ctor() in C:\dev\NLog\src\NLog\Targets\TargetWithLayout.cs:line 54
   at NLog.Targets.TargetWithLayoutHeaderAndFooter..ctor() in C:\dev\NLog\src\NLog\Targets\TargetWithLayoutHeaderAndFooter.cs:line 50
   at NLog.Targets.FileTarget..ctor() in C:\dev\NLog\src\NLog\Targets\FileTarget.cs:line 167
   at NLog.UnitTests.Targets.FileTargetTests.DisposingFileTarget_WhenNotIntialized_ShouldNotThrow() in C:\dev\NLog\tests\NLog.UnitTests\Targets\FileTargetTests.cs:line 1675]]></stack-trace>
        </failure>
      </test>
      <test name="NLog.UnitTests.Targets.WrappedFileTargetTests.RollingArchiveCompressionTest(specifyArchiveFileName: False)" type="NLog.UnitTests.Targets.WrappedFileTargetTests" method="RollingArchiveCompressionTest" time="0.0002764" result="Fail">
        <failure exception-type="System.ArgumentException">
          <message><![CDATA[System.ArgumentException : LayoutRenderer cannot be found: 'longdate']]></message>
          <stack-trace><![CDATA[   at NLog.Config.Factory`2.CreateInstance(String name) in C:\dev\NLog\src\NLog\Config\Factory.cs:line 199
   at NLog.Layouts.LayoutParser.ParseLayoutRenderer(ConfigurationItemFactory configurationItemFactory, SimpleStringReader sr) in C:\dev\NLog\src\NLog\Layouts\LayoutParser.cs:line 345
   at NLog.Layouts.LayoutParser.CompileLayout(ConfigurationItemFactory configurationItemFactory, SimpleStringReader sr, Boolean isNested, String& text) in C:\dev\NLog\src\NLog\Layouts\LayoutParser.cs:line 108
   at NLog.Layouts.SimpleLayout.set_Text(String value) in C:\dev\NLog\src\NLog\Layouts\SimpleLayout.cs:line 119
   at NLog.Layouts.SimpleLayout..ctor(String txt, ConfigurationItemFactory configurationItemFactory) in C:\dev\NLog\src\NLog\Layouts\SimpleLayout.cs:line 88
   at NLog.Layouts.Layout.FromString(String layoutText, ConfigurationItemFactory configurationItemFactory) in C:\dev\NLog\src\NLog\Layouts\Layout.cs:line 104
   at NLog.Layouts.Layout.FromString(String layoutText) in C:\dev\NLog\src\NLog\Layouts\Layout.cs:line 93
   at NLog.Layouts.Layout.op_Implicit(String text) in C:\dev\NLog\src\NLog\Layouts\Layout.cs:line 83
   at NLog.Targets.TargetWithLayout..ctor() in C:\dev\NLog\src\NLog\Targets\TargetWithLayout.cs:line 54
   at NLog.Targets.TargetWithLayoutHeaderAndFooter..ctor() in C:\dev\NLog\src\NLog\Targets\TargetWithLayoutHeaderAndFooter.cs:line 50
   at NLog.Targets.FileTarget..ctor() in C:\dev\NLog\src\NLog\Targets\FileTarget.cs:line 167
   at NLog.UnitTests.Targets.FileTargetTests.RollingArchiveTests(Boolean enableCompression, Boolean specifyArchiveFileName) in C:\dev\NLog\tests\NLog.UnitTests\Targets\FileTargetTests.cs:line 1364
   at NLog.UnitTests.Targets.FileTargetTests.RollingArchiveCompressionTest(Boolean specifyArchiveFileName) in C:\dev\NLog\tests\NLog.UnitTests\Targets\FileTargetTests.cs:line 1353]]></stack-trace>
        </failure>
      </test>
      <test name="NLog.UnitTests.Targets.WrappedFileTargetTests.RollingArchiveCompressionTest(specifyArchiveFileName: True)" type="NLog.UnitTests.Targets.WrappedFileTargetTests" method="RollingArchiveCompressionTest" time="0.0002345" result="Fail">
        <failure exception-type="System.ArgumentException">
          <message><![CDATA[System.ArgumentException : LayoutRenderer cannot be found: 'longdate']]></message>
          <stack-trace><![CDATA[   at NLog.Config.Factory`2.CreateInstance(String name) in C:\dev\NLog\src\NLog\Config\Factory.cs:line 199
   at NLog.Layouts.LayoutParser.ParseLayoutRenderer(ConfigurationItemFactory configurationItemFactory, SimpleStringReader sr) in C:\dev\NLog\src\NLog\Layouts\LayoutParser.cs:line 345
   at NLog.Layouts.LayoutParser.CompileLayout(ConfigurationItemFactory configurationItemFactory, SimpleStringReader sr, Boolean isNested, String& text) in C:\dev\NLog\src\NLog\Layouts\LayoutParser.cs:line 108
   at NLog.Layouts.SimpleLayout.set_Text(String value) in C:\dev\NLog\src\NLog\Layouts\SimpleLayout.cs:line 119
   at NLog.Layouts.SimpleLayout..ctor(String txt, ConfigurationItemFactory configurationItemFactory) in C:\dev\NLog\src\NLog\Layouts\SimpleLayout.cs:line 88
   at NLog.Layouts.Layout.FromString(String layoutText, ConfigurationItemFactory configurationItemFactory) in C:\dev\NLog\src\NLog\Layouts\Layout.cs:line 104
   at NLog.Layouts.Layout.FromString(String layoutText) in C:\dev\NLog\src\NLog\Layouts\Layout.cs:line 93
   at NLog.Layouts.Layout.op_Implicit(String text) in C:\dev\NLog\src\NLog\Layouts\Layout.cs:line 83
   at NLog.Targets.TargetWithLayout..ctor() in C:\dev\NLog\src\NLog\Targets\TargetWithLayout.cs:line 54
   at NLog.Targets.TargetWithLayoutHeaderAndFooter..ctor() in C:\dev\NLog\src\NLog\Targets\TargetWithLayoutHeaderAndFooter.cs:line 50
   at NLog.Targets.FileTarget..ctor() in C:\dev\NLog\src\NLog\Targets\FileTarget.cs:line 167
   at NLog.UnitTests.Targets.FileTargetTests.RollingArchiveTests(Boolean enableCompression, Boolean specifyArchiveFileName) in C:\dev\NLog\tests\NLog.UnitTests\Targets\FileTargetTests.cs:line 1364
   at NLog.UnitTests.Targets.FileTargetTests.RollingArchiveCompressionTest(Boolean specifyArchiveFileName) in C:\dev\NLog\tests\NLog.UnitTests\Targets\FileTargetTests.cs:line 1353]]></stack-trace>
        </failure>
      </test>
      <test name="NLog.UnitTests.Targets.WrappedFileTargetTests.ReplaceFileContentsOnEachWriteTest(useHeader: False, useFooter: False)" type="NLog.UnitTests.Targets.WrappedFileTargetTests" method="ReplaceFileContentsOnEachWriteTest" time="0.0010195" result="Fail">
        <failure exception-type="System.ArgumentException">
          <message><![CDATA[System.ArgumentException : LayoutRenderer cannot be found: 'longdate']]></message>
          <stack-trace><![CDATA[   at NLog.Config.Factory`2.CreateInstance(String name) in C:\dev\NLog\src\NLog\Config\Factory.cs:line 199
   at NLog.Layouts.LayoutParser.ParseLayoutRenderer(ConfigurationItemFactory configurationItemFactory, SimpleStringReader sr) in C:\dev\NLog\src\NLog\Layouts\LayoutParser.cs:line 345
   at NLog.Layouts.LayoutParser.CompileLayout(ConfigurationItemFactory configurationItemFactory, SimpleStringReader sr, Boolean isNested, String& text) in C:\dev\NLog\src\NLog\Layouts\LayoutParser.cs:line 108
   at NLog.Layouts.SimpleLayout.set_Text(String value) in C:\dev\NLog\src\NLog\Layouts\SimpleLayout.cs:line 119
   at NLog.Layouts.SimpleLayout..ctor(String txt, ConfigurationItemFactory configurationItemFactory) in C:\dev\NLog\src\NLog\Layouts\SimpleLayout.cs:line 88
   at NLog.Layouts.Layout.FromString(String layoutText, ConfigurationItemFactory configurationItemFactory) in C:\dev\NLog\src\NLog\Layouts\Layout.cs:line 104
   at NLog.Layouts.Layout.FromString(String layoutText) in C:\dev\NLog\src\NLog\Layouts\Layout.cs:line 93
   at NLog.Layouts.Layout.op_Implicit(String text) in C:\dev\NLog\src\NLog\Layouts\Layout.cs:line 83
   at NLog.Targets.TargetWithLayout..ctor() in C:\dev\NLog\src\NLog\Targets\TargetWithLayout.cs:line 54
   at NLog.Targets.TargetWithLayoutHeaderAndFooter..ctor() in C:\dev\NLog\src\NLog\Targets\TargetWithLayoutHeaderAndFooter.cs:line 50
   at NLog.Targets.FileTarget..ctor() in C:\dev\NLog\src\NLog\Targets\FileTarget.cs:line 167
   at NLog.UnitTests.Targets.FileTargetTests.ReplaceFileContentsOnEachWriteTest(Boolean useHeader, Boolean useFooter) in C:\dev\NLog\tests\NLog.UnitTests\Targets\FileTargetTests.cs:line 349]]></stack-trace>
        </failure>
      </test>
      <test name="NLog.UnitTests.Targets.WrappedFileTargetTests.ReplaceFileContentsOnEachWriteTest(useHeader: False, useFooter: True)" type="NLog.UnitTests.Targets.WrappedFileTargetTests" method="ReplaceFileContentsOnEachWriteTest" time="0.0009609" result="Fail">
        <failure exception-type="System.ArgumentException">
          <message><![CDATA[System.ArgumentException : LayoutRenderer cannot be found: 'longdate']]></message>
          <stack-trace><![CDATA[   at NLog.Config.Factory`2.CreateInstance(String name) in C:\dev\NLog\src\NLog\Config\Factory.cs:line 199
   at NLog.Layouts.LayoutParser.ParseLayoutRenderer(ConfigurationItemFactory configurationItemFactory, SimpleStringReader sr) in C:\dev\NLog\src\NLog\Layouts\LayoutParser.cs:line 345
   at NLog.Layouts.LayoutParser.CompileLayout(ConfigurationItemFactory configurationItemFactory, SimpleStringReader sr, Boolean isNested, String& text) in C:\dev\NLog\src\NLog\Layouts\LayoutParser.cs:line 108
   at NLog.Layouts.SimpleLayout.set_Text(String value) in C:\dev\NLog\src\NLog\Layouts\SimpleLayout.cs:line 119
   at NLog.Layouts.SimpleLayout..ctor(String txt, ConfigurationItemFactory configurationItemFactory) in C:\dev\NLog\src\NLog\Layouts\SimpleLayout.cs:line 88
   at NLog.Layouts.Layout.FromString(String layoutText, ConfigurationItemFactory configurationItemFactory) in C:\dev\NLog\src\NLog\Layouts\Layout.cs:line 104
   at NLog.Layouts.Layout.FromString(String layoutText) in C:\dev\NLog\src\NLog\Layouts\Layout.cs:line 93
   at NLog.Layouts.Layout.op_Implicit(String text) in C:\dev\NLog\src\NLog\Layouts\Layout.cs:line 83
   at NLog.Targets.TargetWithLayout..ctor() in C:\dev\NLog\src\NLog\Targets\TargetWithLayout.cs:line 54
   at NLog.Targets.TargetWithLayoutHeaderAndFooter..ctor() in C:\dev\NLog\src\NLog\Targets\TargetWithLayoutHeaderAndFooter.cs:line 50
   at NLog.Targets.FileTarget..ctor() in C:\dev\NLog\src\NLog\Targets\FileTarget.cs:line 167
   at NLog.UnitTests.Targets.FileTargetTests.ReplaceFileContentsOnEachWriteTest(Boolean useHeader, Boolean useFooter) in C:\dev\NLog\tests\NLog.UnitTests\Targets\FileTargetTests.cs:line 349]]></stack-trace>
        </failure>
      </test>
      <test name="NLog.UnitTests.Targets.WrappedFileTargetTests.ReplaceFileContentsOnEachWriteTest(useHeader: True, useFooter: False)" type="NLog.UnitTests.Targets.WrappedFileTargetTests" method="ReplaceFileContentsOnEachWriteTest" time="0.0009301" result="Fail">
        <failure exception-type="System.ArgumentException">
          <message><![CDATA[System.ArgumentException : LayoutRenderer cannot be found: 'longdate']]></message>
          <stack-trace><![CDATA[   at NLog.Config.Factory`2.CreateInstance(String name) in C:\dev\NLog\src\NLog\Config\Factory.cs:line 199
   at NLog.Layouts.LayoutParser.ParseLayoutRenderer(ConfigurationItemFactory configurationItemFactory, SimpleStringReader sr) in C:\dev\NLog\src\NLog\Layouts\LayoutParser.cs:line 345
   at NLog.Layouts.LayoutParser.CompileLayout(ConfigurationItemFactory configurationItemFactory, SimpleStringReader sr, Boolean isNested, String& text) in C:\dev\NLog\src\NLog\Layouts\LayoutParser.cs:line 108
   at NLog.Layouts.SimpleLayout.set_Text(String value) in C:\dev\NLog\src\NLog\Layouts\SimpleLayout.cs:line 119
   at NLog.Layouts.SimpleLayout..ctor(String txt, ConfigurationItemFactory configurationItemFactory) in C:\dev\NLog\src\NLog\Layouts\SimpleLayout.cs:line 88
   at NLog.Layouts.Layout.FromString(String layoutText, ConfigurationItemFactory configurationItemFactory) in C:\dev\NLog\src\NLog\Layouts\Layout.cs:line 104
   at NLog.Layouts.Layout.FromString(String layoutText) in C:\dev\NLog\src\NLog\Layouts\Layout.cs:line 93
   at NLog.Layouts.Layout.op_Implicit(String text) in C:\dev\NLog\src\NLog\Layouts\Layout.cs:line 83
   at NLog.Targets.TargetWithLayout..ctor() in C:\dev\NLog\src\NLog\Targets\TargetWithLayout.cs:line 54
   at NLog.Targets.TargetWithLayoutHeaderAndFooter..ctor() in C:\dev\NLog\src\NLog\Targets\TargetWithLayoutHeaderAndFooter.cs:line 50
   at NLog.Targets.FileTarget..ctor() in C:\dev\NLog\src\NLog\Targets\FileTarget.cs:line 167
   at NLog.UnitTests.Targets.FileTargetTests.ReplaceFileContentsOnEachWriteTest(Boolean useHeader, Boolean useFooter) in C:\dev\NLog\tests\NLog.UnitTests\Targets\FileTargetTests.cs:line 349]]></stack-trace>
        </failure>
      </test>
      <test name="NLog.UnitTests.Targets.WrappedFileTargetTests.ReplaceFileContentsOnEachWriteTest(useHeader: True, useFooter: True)" type="NLog.UnitTests.Targets.WrappedFileTargetTests" method="ReplaceFileContentsOnEachWriteTest" time="0.0008608" result="Fail">
        <failure exception-type="System.ArgumentException">
          <message><![CDATA[System.ArgumentException : LayoutRenderer cannot be found: 'longdate']]></message>
          <stack-trace><![CDATA[   at NLog.Config.Factory`2.CreateInstance(String name) in C:\dev\NLog\src\NLog\Config\Factory.cs:line 199
   at NLog.Layouts.LayoutParser.ParseLayoutRenderer(ConfigurationItemFactory configurationItemFactory, SimpleStringReader sr) in C:\dev\NLog\src\NLog\Layouts\LayoutParser.cs:line 345
   at NLog.Layouts.LayoutParser.CompileLayout(ConfigurationItemFactory configurationItemFactory, SimpleStringReader sr, Boolean isNested, String& text) in C:\dev\NLog\src\NLog\Layouts\LayoutParser.cs:line 108
   at NLog.Layouts.SimpleLayout.set_Text(String value) in C:\dev\NLog\src\NLog\Layouts\SimpleLayout.cs:line 119
   at NLog.Layouts.SimpleLayout..ctor(String txt, ConfigurationItemFactory configurationItemFactory) in C:\dev\NLog\src\NLog\Layouts\SimpleLayout.cs:line 88
   at NLog.Layouts.Layout.FromString(String layoutText, ConfigurationItemFactory configurationItemFactory) in C:\dev\NLog\src\NLog\Layouts\Layout.cs:line 104
   at NLog.Layouts.Layout.FromString(String layoutText) in C:\dev\NLog\src\NLog\Layouts\Layout.cs:line 93
   at NLog.Layouts.Layout.op_Implicit(String text) in C:\dev\NLog\src\NLog\Layouts\Layout.cs:line 83
   at NLog.Targets.TargetWithLayout..ctor() in C:\dev\NLog\src\NLog\Targets\TargetWithLayout.cs:line 54
   at NLog.Targets.TargetWithLayoutHeaderAndFooter..ctor() in C:\dev\NLog\src\NLog\Targets\TargetWithLayoutHeaderAndFooter.cs:line 50
   at NLog.Targets.FileTarget..ctor() in C:\dev\NLog\src\NLog\Targets\FileTarget.cs:line 167
   at NLog.UnitTests.Targets.FileTargetTests.ReplaceFileContentsOnEachWriteTest(Boolean useHeader, Boolean useFooter) in C:\dev\NLog\tests\NLog.UnitTests\Targets\FileTargetTests.cs:line 349]]></stack-trace>
        </failure>
      </test>
      <test name="NLog.UnitTests.Targets.WrappedFileTargetTests.FileTarget_WithDateAndSequenceArchiveNumbering_ShouldPadSequenceNumberInArchiveFileName(placeHolderSharps: &quot;##&quot;, sequenceNumber: 0, expectedSequenceInArchiveFileName: &quot;00&quot;)" type="NLog.UnitTests.Targets.WrappedFileTargetTests" method="FileTarget_WithDateAndSequenceArchiveNumbering_ShouldPadSequenceNumberInArchiveFileName" time="0.0006691" result="Fail">
        <failure exception-type="System.ArgumentException">
          <message><![CDATA[System.ArgumentException : LayoutRenderer cannot be found: 'longdate']]></message>
          <stack-trace><![CDATA[   at NLog.Config.Factory`2.CreateInstance(String name) in C:\dev\NLog\src\NLog\Config\Factory.cs:line 199
   at NLog.Layouts.LayoutParser.ParseLayoutRenderer(ConfigurationItemFactory configurationItemFactory, SimpleStringReader sr) in C:\dev\NLog\src\NLog\Layouts\LayoutParser.cs:line 345
   at NLog.Layouts.LayoutParser.CompileLayout(ConfigurationItemFactory configurationItemFactory, SimpleStringReader sr, Boolean isNested, String& text) in C:\dev\NLog\src\NLog\Layouts\LayoutParser.cs:line 108
   at NLog.Layouts.SimpleLayout.set_Text(String value) in C:\dev\NLog\src\NLog\Layouts\SimpleLayout.cs:line 119
   at NLog.Layouts.SimpleLayout..ctor(String txt, ConfigurationItemFactory configurationItemFactory) in C:\dev\NLog\src\NLog\Layouts\SimpleLayout.cs:line 88
   at NLog.Layouts.Layout.FromString(String layoutText, ConfigurationItemFactory configurationItemFactory) in C:\dev\NLog\src\NLog\Layouts\Layout.cs:line 104
   at NLog.Layouts.Layout.FromString(String layoutText) in C:\dev\NLog\src\NLog\Layouts\Layout.cs:line 93
   at NLog.Layouts.Layout.op_Implicit(String text) in C:\dev\NLog\src\NLog\Layouts\Layout.cs:line 83
   at NLog.Targets.TargetWithLayout..ctor() in C:\dev\NLog\src\NLog\Targets\TargetWithLayout.cs:line 54
   at NLog.Targets.TargetWithLayoutHeaderAndFooter..ctor() in C:\dev\NLog\src\NLog\Targets\TargetWithLayoutHeaderAndFooter.cs:line 50
   at NLog.Targets.FileTarget..ctor() in C:\dev\NLog\src\NLog\Targets\FileTarget.cs:line 167
   at NLog.UnitTests.Targets.FileTargetTests.GenerateArchives(Int32 count, String archiveDateFormat, String archiveFileName, ArchiveNumberingMode archiveNumbering) in C:\dev\NLog\tests\NLog.UnitTests\Targets\FileTargetTests.cs:line 2274
   at NLog.UnitTests.Targets.FileTargetTests.FileTarget_WithDateAndSequenceArchiveNumbering_ShouldPadSequenceNumberInArchiveFileName(String placeHolderSharps, Int32 sequenceNumber, String expectedSequenceInArchiveFileName) in C:\dev\NLog\tests\NLog.UnitTests\Targets\FileTargetTests.cs:line 2240]]></stack-trace>
        </failure>
      </test>
      <test name="NLog.UnitTests.Targets.WrappedFileTargetTests.FileTarget_WithDateAndSequenceArchiveNumbering_ShouldPadSequenceNumberInArchiveFileName(placeHolderSharps: &quot;###&quot;, sequenceNumber: 1, expectedSequenceInArchiveFileName: &quot;001&quot;)" type="NLog.UnitTests.Targets.WrappedFileTargetTests" method="FileTarget_WithDateAndSequenceArchiveNumbering_ShouldPadSequenceNumberInArchiveFileName" time="0.0006226" result="Fail">
        <failure exception-type="System.ArgumentException">
          <message><![CDATA[System.ArgumentException : LayoutRenderer cannot be found: 'longdate']]></message>
          <stack-trace><![CDATA[   at NLog.Config.Factory`2.CreateInstance(String name) in C:\dev\NLog\src\NLog\Config\Factory.cs:line 199
   at NLog.Layouts.LayoutParser.ParseLayoutRenderer(ConfigurationItemFactory configurationItemFactory, SimpleStringReader sr) in C:\dev\NLog\src\NLog\Layouts\LayoutParser.cs:line 345
   at NLog.Layouts.LayoutParser.CompileLayout(ConfigurationItemFactory configurationItemFactory, SimpleStringReader sr, Boolean isNested, String& text) in C:\dev\NLog\src\NLog\Layouts\LayoutParser.cs:line 108
   at NLog.Layouts.SimpleLayout.set_Text(String value) in C:\dev\NLog\src\NLog\Layouts\SimpleLayout.cs:line 119
   at NLog.Layouts.SimpleLayout..ctor(String txt, ConfigurationItemFactory configurationItemFactory) in C:\dev\NLog\src\NLog\Layouts\SimpleLayout.cs:line 88
   at NLog.Layouts.Layout.FromString(String layoutText, ConfigurationItemFactory configurationItemFactory) in C:\dev\NLog\src\NLog\Layouts\Layout.cs:line 104
   at NLog.Layouts.Layout.FromString(String layoutText) in C:\dev\NLog\src\NLog\Layouts\Layout.cs:line 93
   at NLog.Layouts.Layout.op_Implicit(String text) in C:\dev\NLog\src\NLog\Layouts\Layout.cs:line 83
   at NLog.Targets.TargetWithLayout..ctor() in C:\dev\NLog\src\NLog\Targets\TargetWithLayout.cs:line 54
   at NLog.Targets.TargetWithLayoutHeaderAndFooter..ctor() in C:\dev\NLog\src\NLog\Targets\TargetWithLayoutHeaderAndFooter.cs:line 50
   at NLog.Targets.FileTarget..ctor() in C:\dev\NLog\src\NLog\Targets\FileTarget.cs:line 167
   at NLog.UnitTests.Targets.FileTargetTests.GenerateArchives(Int32 count, String archiveDateFormat, String archiveFileName, ArchiveNumberingMode archiveNumbering) in C:\dev\NLog\tests\NLog.UnitTests\Targets\FileTargetTests.cs:line 2274
   at NLog.UnitTests.Targets.FileTargetTests.FileTarget_WithDateAndSequenceArchiveNumbering_ShouldPadSequenceNumberInArchiveFileName(String placeHolderSharps, Int32 sequenceNumber, String expectedSequenceInArchiveFileName) in C:\dev\NLog\tests\NLog.UnitTests\Targets\FileTargetTests.cs:line 2240]]></stack-trace>
        </failure>
      </test>
      <test name="NLog.UnitTests.Targets.WrappedFileTargetTests.FileTarget_WithDateAndSequenceArchiveNumbering_ShouldPadSequenceNumberInArchiveFileName(placeHolderSharps: &quot;#&quot;, sequenceNumber: 20, expectedSequenceInArchiveFileName: &quot;20&quot;)" type="NLog.UnitTests.Targets.WrappedFileTargetTests" method="FileTarget_WithDateAndSequenceArchiveNumbering_ShouldPadSequenceNumberInArchiveFileName" time="0.0006248" result="Fail">
        <failure exception-type="System.ArgumentException">
          <message><![CDATA[System.ArgumentException : LayoutRenderer cannot be found: 'longdate']]></message>
          <stack-trace><![CDATA[   at NLog.Config.Factory`2.CreateInstance(String name) in C:\dev\NLog\src\NLog\Config\Factory.cs:line 199
   at NLog.Layouts.LayoutParser.ParseLayoutRenderer(ConfigurationItemFactory configurationItemFactory, SimpleStringReader sr) in C:\dev\NLog\src\NLog\Layouts\LayoutParser.cs:line 345
   at NLog.Layouts.LayoutParser.CompileLayout(ConfigurationItemFactory configurationItemFactory, SimpleStringReader sr, Boolean isNested, String& text) in C:\dev\NLog\src\NLog\Layouts\LayoutParser.cs:line 108
   at NLog.Layouts.SimpleLayout.set_Text(String value) in C:\dev\NLog\src\NLog\Layouts\SimpleLayout.cs:line 119
   at NLog.Layouts.SimpleLayout..ctor(String txt, ConfigurationItemFactory configurationItemFactory) in C:\dev\NLog\src\NLog\Layouts\SimpleLayout.cs:line 88
   at NLog.Layouts.Layout.FromString(String layoutText, ConfigurationItemFactory configurationItemFactory) in C:\dev\NLog\src\NLog\Layouts\Layout.cs:line 104
   at NLog.Layouts.Layout.FromString(String layoutText) in C:\dev\NLog\src\NLog\Layouts\Layout.cs:line 93
   at NLog.Layouts.Layout.op_Implicit(String text) in C:\dev\NLog\src\NLog\Layouts\Layout.cs:line 83
   at NLog.Targets.TargetWithLayout..ctor() in C:\dev\NLog\src\NLog\Targets\TargetWithLayout.cs:line 54
   at NLog.Targets.TargetWithLayoutHeaderAndFooter..ctor() in C:\dev\NLog\src\NLog\Targets\TargetWithLayoutHeaderAndFooter.cs:line 50
   at NLog.Targets.FileTarget..ctor() in C:\dev\NLog\src\NLog\Targets\FileTarget.cs:line 167
   at NLog.UnitTests.Targets.FileTargetTests.GenerateArchives(Int32 count, String archiveDateFormat, String archiveFileName, ArchiveNumberingMode archiveNumbering) in C:\dev\NLog\tests\NLog.UnitTests\Targets\FileTargetTests.cs:line 2274
   at NLog.UnitTests.Targets.FileTargetTests.FileTarget_WithDateAndSequenceArchiveNumbering_ShouldPadSequenceNumberInArchiveFileName(String placeHolderSharps, Int32 sequenceNumber, String expectedSequenceInArchiveFileName) in C:\dev\NLog\tests\NLog.UnitTests\Targets\FileTargetTests.cs:line 2240]]></stack-trace>
        </failure>
      </test>
      <test name="NLog.UnitTests.Targets.WrappedFileTargetTests.FileTarget_ArchiveNumbering_DateAndSequence" type="NLog.UnitTests.Targets.WrappedFileTargetTests" method="FileTarget_ArchiveNumbering_DateAndSequence" time="0.000639" result="Fail">
        <failure exception-type="System.ArgumentException">
          <message><![CDATA[System.ArgumentException : LayoutRenderer cannot be found: 'longdate']]></message>
          <stack-trace><![CDATA[   at NLog.Config.Factory`2.CreateInstance(String name) in C:\dev\NLog\src\NLog\Config\Factory.cs:line 199
   at NLog.Layouts.LayoutParser.ParseLayoutRenderer(ConfigurationItemFactory configurationItemFactory, SimpleStringReader sr) in C:\dev\NLog\src\NLog\Layouts\LayoutParser.cs:line 345
   at NLog.Layouts.LayoutParser.CompileLayout(ConfigurationItemFactory configurationItemFactory, SimpleStringReader sr, Boolean isNested, String& text) in C:\dev\NLog\src\NLog\Layouts\LayoutParser.cs:line 108
   at NLog.Layouts.SimpleLayout.set_Text(String value) in C:\dev\NLog\src\NLog\Layouts\SimpleLayout.cs:line 119
   at NLog.Layouts.SimpleLayout..ctor(String txt, ConfigurationItemFactory configurationItemFactory) in C:\dev\NLog\src\NLog\Layouts\SimpleLayout.cs:line 88
   at NLog.Layouts.Layout.FromString(String layoutText, ConfigurationItemFactory configurationItemFactory) in C:\dev\NLog\src\NLog\Layouts\Layout.cs:line 104
   at NLog.Layouts.Layout.FromString(String layoutText) in C:\dev\NLog\src\NLog\Layouts\Layout.cs:line 93
   at NLog.Layouts.Layout.op_Implicit(String text) in C:\dev\NLog\src\NLog\Layouts\Layout.cs:line 83
   at NLog.Targets.TargetWithLayout..ctor() in C:\dev\NLog\src\NLog\Targets\TargetWithLayout.cs:line 54
   at NLog.Targets.TargetWithLayoutHeaderAndFooter..ctor() in C:\dev\NLog\src\NLog\Targets\TargetWithLayoutHeaderAndFooter.cs:line 50
   at NLog.Targets.FileTarget..ctor() in C:\dev\NLog\src\NLog\Targets\FileTarget.cs:line 167
   at NLog.UnitTests.Targets.FileTargetTests.FileTarget_ArchiveNumbering_DateAndSequenceTests(Boolean enableCompression) in C:\dev\NLog\tests\NLog.UnitTests\Targets\FileTargetTests.cs:line 1713
   at NLog.UnitTests.Targets.FileTargetTests.FileTarget_ArchiveNumbering_DateAndSequence() in C:\dev\NLog\tests\NLog.UnitTests\Targets\FileTargetTests.cs:line 1692]]></stack-trace>
        </failure>
      </test>
      <test name="NLog.UnitTests.Targets.WrappedFileTargetTests.DeleteFileOnStartTest" type="NLog.UnitTests.Targets.WrappedFileTargetTests" method="DeleteFileOnStartTest" time="0.0009774" result="Fail">
        <failure exception-type="System.ArgumentException">
          <message><![CDATA[System.ArgumentException : LayoutRenderer cannot be found: 'longdate']]></message>
          <stack-trace><![CDATA[   at NLog.Config.Factory`2.CreateInstance(String name) in C:\dev\NLog\src\NLog\Config\Factory.cs:line 199
   at NLog.Layouts.LayoutParser.ParseLayoutRenderer(ConfigurationItemFactory configurationItemFactory, SimpleStringReader sr) in C:\dev\NLog\src\NLog\Layouts\LayoutParser.cs:line 345
   at NLog.Layouts.LayoutParser.CompileLayout(ConfigurationItemFactory configurationItemFactory, SimpleStringReader sr, Boolean isNested, String& text) in C:\dev\NLog\src\NLog\Layouts\LayoutParser.cs:line 108
   at NLog.Layouts.SimpleLayout.set_Text(String value) in C:\dev\NLog\src\NLog\Layouts\SimpleLayout.cs:line 119
   at NLog.Layouts.SimpleLayout..ctor(String txt, ConfigurationItemFactory configurationItemFactory) in C:\dev\NLog\src\NLog\Layouts\SimpleLayout.cs:line 88
   at NLog.Layouts.Layout.FromString(String layoutText, ConfigurationItemFactory configurationItemFactory) in C:\dev\NLog\src\NLog\Layouts\Layout.cs:line 104
   at NLog.Layouts.Layout.FromString(String layoutText) in C:\dev\NLog\src\NLog\Layouts\Layout.cs:line 93
   at NLog.Layouts.Layout.op_Implicit(String text) in C:\dev\NLog\src\NLog\Layouts\Layout.cs:line 83
   at NLog.Targets.TargetWithLayout..ctor() in C:\dev\NLog\src\NLog\Targets\TargetWithLayout.cs:line 54
   at NLog.Targets.TargetWithLayoutHeaderAndFooter..ctor() in C:\dev\NLog\src\NLog\Targets\TargetWithLayoutHeaderAndFooter.cs:line 50
   at NLog.Targets.FileTarget..ctor() in C:\dev\NLog\src\NLog\Targets\FileTarget.cs:line 167
   at NLog.UnitTests.Targets.FileTargetTests.DeleteFileOnStartTest() in C:\dev\NLog\tests\NLog.UnitTests\Targets\FileTargetTests.cs:line 157]]></stack-trace>
        </failure>
      </test>
      <test name="NLog.UnitTests.Targets.WrappedFileTargetTests.DateArchive_SkipPeriod(timeKind: Utc, archivePeriod: Day, includeSequenceInArchive: True)" type="NLog.UnitTests.Targets.WrappedFileTargetTests" method="DateArchive_SkipPeriod" time="0.0003243" result="Fail">
        <failure exception-type="System.ArgumentException">
          <message><![CDATA[System.ArgumentException : LayoutRenderer cannot be found: 'longdate']]></message>
          <stack-trace><![CDATA[   at NLog.Config.Factory`2.CreateInstance(String name) in C:\dev\NLog\src\NLog\Config\Factory.cs:line 199
   at NLog.Layouts.LayoutParser.ParseLayoutRenderer(ConfigurationItemFactory configurationItemFactory, SimpleStringReader sr) in C:\dev\NLog\src\NLog\Layouts\LayoutParser.cs:line 345
   at NLog.Layouts.LayoutParser.CompileLayout(ConfigurationItemFactory configurationItemFactory, SimpleStringReader sr, Boolean isNested, String& text) in C:\dev\NLog\src\NLog\Layouts\LayoutParser.cs:line 108
   at NLog.Layouts.SimpleLayout.set_Text(String value) in C:\dev\NLog\src\NLog\Layouts\SimpleLayout.cs:line 119
   at NLog.Layouts.SimpleLayout..ctor(String txt, ConfigurationItemFactory configurationItemFactory) in C:\dev\NLog\src\NLog\Layouts\SimpleLayout.cs:line 88
   at NLog.Layouts.Layout.FromString(String layoutText, ConfigurationItemFactory configurationItemFactory) in C:\dev\NLog\src\NLog\Layouts\Layout.cs:line 104
   at NLog.Layouts.Layout.FromString(String layoutText) in C:\dev\NLog\src\NLog\Layouts\Layout.cs:line 93
   at NLog.Layouts.Layout.op_Implicit(String text) in C:\dev\NLog\src\NLog\Layouts\Layout.cs:line 83
   at NLog.Targets.TargetWithLayout..ctor() in C:\dev\NLog\src\NLog\Targets\TargetWithLayout.cs:line 54
   at NLog.Targets.TargetWithLayoutHeaderAndFooter..ctor() in C:\dev\NLog\src\NLog\Targets\TargetWithLayoutHeaderAndFooter.cs:line 50
   at NLog.Targets.FileTarget..ctor() in C:\dev\NLog\src\NLog\Targets\FileTarget.cs:line 167
   at NLog.UnitTests.Targets.FileTargetTests.DateArchive_SkipPeriod(DateTimeKind timeKind, FileArchivePeriod archivePeriod, Boolean includeSequenceInArchive) in C:\dev\NLog\tests\NLog.UnitTests\Targets\FileTargetTests.cs:line 978]]></stack-trace>
        </failure>
      </test>
      <test name="NLog.UnitTests.Targets.WrappedFileTargetTests.DateArchive_SkipPeriod(timeKind: Utc, archivePeriod: Day, includeSequenceInArchive: False)" type="NLog.UnitTests.Targets.WrappedFileTargetTests" method="DateArchive_SkipPeriod" time="0.0007889" result="Fail">
        <failure exception-type="System.ArgumentException">
          <message><![CDATA[System.ArgumentException : LayoutRenderer cannot be found: 'longdate']]></message>
          <stack-trace><![CDATA[   at NLog.Config.Factory`2.CreateInstance(String name) in C:\dev\NLog\src\NLog\Config\Factory.cs:line 199
   at NLog.Layouts.LayoutParser.ParseLayoutRenderer(ConfigurationItemFactory configurationItemFactory, SimpleStringReader sr) in C:\dev\NLog\src\NLog\Layouts\LayoutParser.cs:line 345
   at NLog.Layouts.LayoutParser.CompileLayout(ConfigurationItemFactory configurationItemFactory, SimpleStringReader sr, Boolean isNested, String& text) in C:\dev\NLog\src\NLog\Layouts\LayoutParser.cs:line 108
   at NLog.Layouts.SimpleLayout.set_Text(String value) in C:\dev\NLog\src\NLog\Layouts\SimpleLayout.cs:line 119
   at NLog.Layouts.SimpleLayout..ctor(String txt, ConfigurationItemFactory configurationItemFactory) in C:\dev\NLog\src\NLog\Layouts\SimpleLayout.cs:line 88
   at NLog.Layouts.Layout.FromString(String layoutText, ConfigurationItemFactory configurationItemFactory) in C:\dev\NLog\src\NLog\Layouts\Layout.cs:line 104
   at NLog.Layouts.Layout.FromString(String layoutText) in C:\dev\NLog\src\NLog\Layouts\Layout.cs:line 93
   at NLog.Layouts.Layout.op_Implicit(String text) in C:\dev\NLog\src\NLog\Layouts\Layout.cs:line 83
   at NLog.Targets.TargetWithLayout..ctor() in C:\dev\NLog\src\NLog\Targets\TargetWithLayout.cs:line 54
   at NLog.Targets.TargetWithLayoutHeaderAndFooter..ctor() in C:\dev\NLog\src\NLog\Targets\TargetWithLayoutHeaderAndFooter.cs:line 50
   at NLog.Targets.FileTarget..ctor() in C:\dev\NLog\src\NLog\Targets\FileTarget.cs:line 167
   at NLog.UnitTests.Targets.FileTargetTests.DateArchive_SkipPeriod(DateTimeKind timeKind, FileArchivePeriod archivePeriod, Boolean includeSequenceInArchive) in C:\dev\NLog\tests\NLog.UnitTests\Targets\FileTargetTests.cs:line 978]]></stack-trace>
        </failure>
      </test>
      <test name="NLog.UnitTests.Targets.WrappedFileTargetTests.DateArchive_SkipPeriod(timeKind: Utc, archivePeriod: Hour, includeSequenceInArchive: True)" type="NLog.UnitTests.Targets.WrappedFileTargetTests" method="DateArchive_SkipPeriod" time="0.0005099" result="Fail">
        <failure exception-type="System.ArgumentException">
          <message><![CDATA[System.ArgumentException : LayoutRenderer cannot be found: 'longdate']]></message>
          <stack-trace><![CDATA[   at NLog.Config.Factory`2.CreateInstance(String name) in C:\dev\NLog\src\NLog\Config\Factory.cs:line 199
   at NLog.Layouts.LayoutParser.ParseLayoutRenderer(ConfigurationItemFactory configurationItemFactory, SimpleStringReader sr) in C:\dev\NLog\src\NLog\Layouts\LayoutParser.cs:line 345
   at NLog.Layouts.LayoutParser.CompileLayout(ConfigurationItemFactory configurationItemFactory, SimpleStringReader sr, Boolean isNested, String& text) in C:\dev\NLog\src\NLog\Layouts\LayoutParser.cs:line 108
   at NLog.Layouts.SimpleLayout.set_Text(String value) in C:\dev\NLog\src\NLog\Layouts\SimpleLayout.cs:line 119
   at NLog.Layouts.SimpleLayout..ctor(String txt, ConfigurationItemFactory configurationItemFactory) in C:\dev\NLog\src\NLog\Layouts\SimpleLayout.cs:line 88
   at NLog.Layouts.Layout.FromString(String layoutText, ConfigurationItemFactory configurationItemFactory) in C:\dev\NLog\src\NLog\Layouts\Layout.cs:line 104
   at NLog.Layouts.Layout.FromString(String layoutText) in C:\dev\NLog\src\NLog\Layouts\Layout.cs:line 93
   at NLog.Layouts.Layout.op_Implicit(String text) in C:\dev\NLog\src\NLog\Layouts\Layout.cs:line 83
   at NLog.Targets.TargetWithLayout..ctor() in C:\dev\NLog\src\NLog\Targets\TargetWithLayout.cs:line 54
   at NLog.Targets.TargetWithLayoutHeaderAndFooter..ctor() in C:\dev\NLog\src\NLog\Targets\TargetWithLayoutHeaderAndFooter.cs:line 50
   at NLog.Targets.FileTarget..ctor() in C:\dev\NLog\src\NLog\Targets\FileTarget.cs:line 167
   at NLog.UnitTests.Targets.FileTargetTests.DateArchive_SkipPeriod(DateTimeKind timeKind, FileArchivePeriod archivePeriod, Boolean includeSequenceInArchive) in C:\dev\NLog\tests\NLog.UnitTests\Targets\FileTargetTests.cs:line 978]]></stack-trace>
        </failure>
      </test>
      <test name="NLog.UnitTests.Targets.WrappedFileTargetTests.DateArchive_SkipPeriod(timeKind: Utc, archivePeriod: Hour, includeSequenceInArchive: False)" type="NLog.UnitTests.Targets.WrappedFileTargetTests" method="DateArchive_SkipPeriod" time="0.0002793" result="Fail">
        <failure exception-type="System.ArgumentException">
          <message><![CDATA[System.ArgumentException : LayoutRenderer cannot be found: 'longdate']]></message>
          <stack-trace><![CDATA[   at NLog.Config.Factory`2.CreateInstance(String name) in C:\dev\NLog\src\NLog\Config\Factory.cs:line 199
   at NLog.Layouts.LayoutParser.ParseLayoutRenderer(ConfigurationItemFactory configurationItemFactory, SimpleStringReader sr) in C:\dev\NLog\src\NLog\Layouts\LayoutParser.cs:line 345
   at NLog.Layouts.LayoutParser.CompileLayout(ConfigurationItemFactory configurationItemFactory, SimpleStringReader sr, Boolean isNested, String& text) in C:\dev\NLog\src\NLog\Layouts\LayoutParser.cs:line 108
   at NLog.Layouts.SimpleLayout.set_Text(String value) in C:\dev\NLog\src\NLog\Layouts\SimpleLayout.cs:line 119
   at NLog.Layouts.SimpleLayout..ctor(String txt, ConfigurationItemFactory configurationItemFactory) in C:\dev\NLog\src\NLog\Layouts\SimpleLayout.cs:line 88
   at NLog.Layouts.Layout.FromString(String layoutText, ConfigurationItemFactory configurationItemFactory) in C:\dev\NLog\src\NLog\Layouts\Layout.cs:line 104
   at NLog.Layouts.Layout.FromString(String layoutText) in C:\dev\NLog\src\NLog\Layouts\Layout.cs:line 93
   at NLog.Layouts.Layout.op_Implicit(String text) in C:\dev\NLog\src\NLog\Layouts\Layout.cs:line 83
   at NLog.Targets.TargetWithLayout..ctor() in C:\dev\NLog\src\NLog\Targets\TargetWithLayout.cs:line 54
   at NLog.Targets.TargetWithLayoutHeaderAndFooter..ctor() in C:\dev\NLog\src\NLog\Targets\TargetWithLayoutHeaderAndFooter.cs:line 50
   at NLog.Targets.FileTarget..ctor() in C:\dev\NLog\src\NLog\Targets\FileTarget.cs:line 167
   at NLog.UnitTests.Targets.FileTargetTests.DateArchive_SkipPeriod(DateTimeKind timeKind, FileArchivePeriod archivePeriod, Boolean includeSequenceInArchive) in C:\dev\NLog\tests\NLog.UnitTests\Targets\FileTargetTests.cs:line 978]]></stack-trace>
        </failure>
      </test>
      <test name="NLog.UnitTests.Targets.WrappedFileTargetTests.DateArchive_SkipPeriod(timeKind: Local, archivePeriod: Day, includeSequenceInArchive: True)" type="NLog.UnitTests.Targets.WrappedFileTargetTests" method="DateArchive_SkipPeriod" time="0.000226" result="Fail">
        <failure exception-type="System.ArgumentException">
          <message><![CDATA[System.ArgumentException : LayoutRenderer cannot be found: 'longdate']]></message>
          <stack-trace><![CDATA[   at NLog.Config.Factory`2.CreateInstance(String name) in C:\dev\NLog\src\NLog\Config\Factory.cs:line 199
   at NLog.Layouts.LayoutParser.ParseLayoutRenderer(ConfigurationItemFactory configurationItemFactory, SimpleStringReader sr) in C:\dev\NLog\src\NLog\Layouts\LayoutParser.cs:line 345
   at NLog.Layouts.LayoutParser.CompileLayout(ConfigurationItemFactory configurationItemFactory, SimpleStringReader sr, Boolean isNested, String& text) in C:\dev\NLog\src\NLog\Layouts\LayoutParser.cs:line 108
   at NLog.Layouts.SimpleLayout.set_Text(String value) in C:\dev\NLog\src\NLog\Layouts\SimpleLayout.cs:line 119
   at NLog.Layouts.SimpleLayout..ctor(String txt, ConfigurationItemFactory configurationItemFactory) in C:\dev\NLog\src\NLog\Layouts\SimpleLayout.cs:line 88
   at NLog.Layouts.Layout.FromString(String layoutText, ConfigurationItemFactory configurationItemFactory) in C:\dev\NLog\src\NLog\Layouts\Layout.cs:line 104
   at NLog.Layouts.Layout.FromString(String layoutText) in C:\dev\NLog\src\NLog\Layouts\Layout.cs:line 93
   at NLog.Layouts.Layout.op_Implicit(String text) in C:\dev\NLog\src\NLog\Layouts\Layout.cs:line 83
   at NLog.Targets.TargetWithLayout..ctor() in C:\dev\NLog\src\NLog\Targets\TargetWithLayout.cs:line 54
   at NLog.Targets.TargetWithLayoutHeaderAndFooter..ctor() in C:\dev\NLog\src\NLog\Targets\TargetWithLayoutHeaderAndFooter.cs:line 50
   at NLog.Targets.FileTarget..ctor() in C:\dev\NLog\src\NLog\Targets\FileTarget.cs:line 167
   at NLog.UnitTests.Targets.FileTargetTests.DateArchive_SkipPeriod(DateTimeKind timeKind, FileArchivePeriod archivePeriod, Boolean includeSequenceInArchive) in C:\dev\NLog\tests\NLog.UnitTests\Targets\FileTargetTests.cs:line 978]]></stack-trace>
        </failure>
      </test>
      <test name="NLog.UnitTests.Targets.WrappedFileTargetTests.DateArchive_SkipPeriod(timeKind: Local, archivePeriod: Day, includeSequenceInArchive: False)" type="NLog.UnitTests.Targets.WrappedFileTargetTests" method="DateArchive_SkipPeriod" time="0.0002115" result="Fail">
        <failure exception-type="System.ArgumentException">
          <message><![CDATA[System.ArgumentException : LayoutRenderer cannot be found: 'longdate']]></message>
          <stack-trace><![CDATA[   at NLog.Config.Factory`2.CreateInstance(String name) in C:\dev\NLog\src\NLog\Config\Factory.cs:line 199
   at NLog.Layouts.LayoutParser.ParseLayoutRenderer(ConfigurationItemFactory configurationItemFactory, SimpleStringReader sr) in C:\dev\NLog\src\NLog\Layouts\LayoutParser.cs:line 345
   at NLog.Layouts.LayoutParser.CompileLayout(ConfigurationItemFactory configurationItemFactory, SimpleStringReader sr, Boolean isNested, String& text) in C:\dev\NLog\src\NLog\Layouts\LayoutParser.cs:line 108
   at NLog.Layouts.SimpleLayout.set_Text(String value) in C:\dev\NLog\src\NLog\Layouts\SimpleLayout.cs:line 119
   at NLog.Layouts.SimpleLayout..ctor(String txt, ConfigurationItemFactory configurationItemFactory) in C:\dev\NLog\src\NLog\Layouts\SimpleLayout.cs:line 88
   at NLog.Layouts.Layout.FromString(String layoutText, ConfigurationItemFactory configurationItemFactory) in C:\dev\NLog\src\NLog\Layouts\Layout.cs:line 104
   at NLog.Layouts.Layout.FromString(String layoutText) in C:\dev\NLog\src\NLog\Layouts\Layout.cs:line 93
   at NLog.Layouts.Layout.op_Implicit(String text) in C:\dev\NLog\src\NLog\Layouts\Layout.cs:line 83
   at NLog.Targets.TargetWithLayout..ctor() in C:\dev\NLog\src\NLog\Targets\TargetWithLayout.cs:line 54
   at NLog.Targets.TargetWithLayoutHeaderAndFooter..ctor() in C:\dev\NLog\src\NLog\Targets\TargetWithLayoutHeaderAndFooter.cs:line 50
   at NLog.Targets.FileTarget..ctor() in C:\dev\NLog\src\NLog\Targets\FileTarget.cs:line 167
   at NLog.UnitTests.Targets.FileTargetTests.DateArchive_SkipPeriod(DateTimeKind timeKind, FileArchivePeriod archivePeriod, Boolean includeSequenceInArchive) in C:\dev\NLog\tests\NLog.UnitTests\Targets\FileTargetTests.cs:line 978]]></stack-trace>
        </failure>
      </test>
      <test name="NLog.UnitTests.Targets.WrappedFileTargetTests.DateArchive_SkipPeriod(timeKind: Local, archivePeriod: Hour, includeSequenceInArchive: True)" type="NLog.UnitTests.Targets.WrappedFileTargetTests" method="DateArchive_SkipPeriod" time="0.0001978" result="Fail">
        <failure exception-type="System.ArgumentException">
          <message><![CDATA[System.ArgumentException : LayoutRenderer cannot be found: 'longdate']]></message>
          <stack-trace><![CDATA[   at NLog.Config.Factory`2.CreateInstance(String name) in C:\dev\NLog\src\NLog\Config\Factory.cs:line 199
   at NLog.Layouts.LayoutParser.ParseLayoutRenderer(ConfigurationItemFactory configurationItemFactory, SimpleStringReader sr) in C:\dev\NLog\src\NLog\Layouts\LayoutParser.cs:line 345
   at NLog.Layouts.LayoutParser.CompileLayout(ConfigurationItemFactory configurationItemFactory, SimpleStringReader sr, Boolean isNested, String& text) in C:\dev\NLog\src\NLog\Layouts\LayoutParser.cs:line 108
   at NLog.Layouts.SimpleLayout.set_Text(String value) in C:\dev\NLog\src\NLog\Layouts\SimpleLayout.cs:line 119
   at NLog.Layouts.SimpleLayout..ctor(String txt, ConfigurationItemFactory configurationItemFactory) in C:\dev\NLog\src\NLog\Layouts\SimpleLayout.cs:line 88
   at NLog.Layouts.Layout.FromString(String layoutText, ConfigurationItemFactory configurationItemFactory) in C:\dev\NLog\src\NLog\Layouts\Layout.cs:line 104
   at NLog.Layouts.Layout.FromString(String layoutText) in C:\dev\NLog\src\NLog\Layouts\Layout.cs:line 93
   at NLog.Layouts.Layout.op_Implicit(String text) in C:\dev\NLog\src\NLog\Layouts\Layout.cs:line 83
   at NLog.Targets.TargetWithLayout..ctor() in C:\dev\NLog\src\NLog\Targets\TargetWithLayout.cs:line 54
   at NLog.Targets.TargetWithLayoutHeaderAndFooter..ctor() in C:\dev\NLog\src\NLog\Targets\TargetWithLayoutHeaderAndFooter.cs:line 50
   at NLog.Targets.FileTarget..ctor() in C:\dev\NLog\src\NLog\Targets\FileTarget.cs:line 167
   at NLog.UnitTests.Targets.FileTargetTests.DateArchive_SkipPeriod(DateTimeKind timeKind, FileArchivePeriod archivePeriod, Boolean includeSequenceInArchive) in C:\dev\NLog\tests\NLog.UnitTests\Targets\FileTargetTests.cs:line 978]]></stack-trace>
        </failure>
      </test>
      <test name="NLog.UnitTests.Targets.WrappedFileTargetTests.DateArchive_SkipPeriod(timeKind: Local, archivePeriod: Hour, includeSequenceInArchive: False)" type="NLog.UnitTests.Targets.WrappedFileTargetTests" method="DateArchive_SkipPeriod" time="0.0002009" result="Fail">
        <failure exception-type="System.ArgumentException">
          <message><![CDATA[System.ArgumentException : LayoutRenderer cannot be found: 'longdate']]></message>
          <stack-trace><![CDATA[   at NLog.Config.Factory`2.CreateInstance(String name) in C:\dev\NLog\src\NLog\Config\Factory.cs:line 199
   at NLog.Layouts.LayoutParser.ParseLayoutRenderer(ConfigurationItemFactory configurationItemFactory, SimpleStringReader sr) in C:\dev\NLog\src\NLog\Layouts\LayoutParser.cs:line 345
   at NLog.Layouts.LayoutParser.CompileLayout(ConfigurationItemFactory configurationItemFactory, SimpleStringReader sr, Boolean isNested, String& text) in C:\dev\NLog\src\NLog\Layouts\LayoutParser.cs:line 108
   at NLog.Layouts.SimpleLayout.set_Text(String value) in C:\dev\NLog\src\NLog\Layouts\SimpleLayout.cs:line 119
   at NLog.Layouts.SimpleLayout..ctor(String txt, ConfigurationItemFactory configurationItemFactory) in C:\dev\NLog\src\NLog\Layouts\SimpleLayout.cs:line 88
   at NLog.Layouts.Layout.FromString(String layoutText, ConfigurationItemFactory configurationItemFactory) in C:\dev\NLog\src\NLog\Layouts\Layout.cs:line 104
   at NLog.Layouts.Layout.FromString(String layoutText) in C:\dev\NLog\src\NLog\Layouts\Layout.cs:line 93
   at NLog.Layouts.Layout.op_Implicit(String text) in C:\dev\NLog\src\NLog\Layouts\Layout.cs:line 83
   at NLog.Targets.TargetWithLayout..ctor() in C:\dev\NLog\src\NLog\Targets\TargetWithLayout.cs:line 54
   at NLog.Targets.TargetWithLayoutHeaderAndFooter..ctor() in C:\dev\NLog\src\NLog\Targets\TargetWithLayoutHeaderAndFooter.cs:line 50
   at NLog.Targets.FileTarget..ctor() in C:\dev\NLog\src\NLog\Targets\FileTarget.cs:line 167
   at NLog.UnitTests.Targets.FileTargetTests.DateArchive_SkipPeriod(DateTimeKind timeKind, FileArchivePeriod archivePeriod, Boolean includeSequenceInArchive) in C:\dev\NLog\tests\NLog.UnitTests\Targets\FileTargetTests.cs:line 978]]></stack-trace>
        </failure>
      </test>
      <test name="NLog.UnitTests.Targets.WrappedFileTargetTests.RelativeSequentialArchiveTest_MaxArchiveFiles_0" type="NLog.UnitTests.Targets.WrappedFileTargetTests" method="RelativeSequentialArchiveTest_MaxArchiveFiles_0" time="0.0002268" result="Fail">
        <failure exception-type="System.ArgumentException">
          <message><![CDATA[System.ArgumentException : LayoutRenderer cannot be found: 'longdate']]></message>
          <stack-trace><![CDATA[   at NLog.Config.Factory`2.CreateInstance(String name) in C:\dev\NLog\src\NLog\Config\Factory.cs:line 199
   at NLog.Layouts.LayoutParser.ParseLayoutRenderer(ConfigurationItemFactory configurationItemFactory, SimpleStringReader sr) in C:\dev\NLog\src\NLog\Layouts\LayoutParser.cs:line 345
   at NLog.Layouts.LayoutParser.CompileLayout(ConfigurationItemFactory configurationItemFactory, SimpleStringReader sr, Boolean isNested, String& text) in C:\dev\NLog\src\NLog\Layouts\LayoutParser.cs:line 108
   at NLog.Layouts.SimpleLayout.set_Text(String value) in C:\dev\NLog\src\NLog\Layouts\SimpleLayout.cs:line 119
   at NLog.Layouts.SimpleLayout..ctor(String txt, ConfigurationItemFactory configurationItemFactory) in C:\dev\NLog\src\NLog\Layouts\SimpleLayout.cs:line 88
   at NLog.Layouts.Layout.FromString(String layoutText, ConfigurationItemFactory configurationItemFactory) in C:\dev\NLog\src\NLog\Layouts\Layout.cs:line 104
   at NLog.Layouts.Layout.FromString(String layoutText) in C:\dev\NLog\src\NLog\Layouts\Layout.cs:line 93
   at NLog.Layouts.Layout.op_Implicit(String text) in C:\dev\NLog\src\NLog\Layouts\Layout.cs:line 83
   at NLog.Targets.TargetWithLayout..ctor() in C:\dev\NLog\src\NLog\Targets\TargetWithLayout.cs:line 54
   at NLog.Targets.TargetWithLayoutHeaderAndFooter..ctor() in C:\dev\NLog\src\NLog\Targets\TargetWithLayoutHeaderAndFooter.cs:line 50
   at NLog.Targets.FileTarget..ctor() in C:\dev\NLog\src\NLog\Targets\FileTarget.cs:line 167
   at NLog.UnitTests.Targets.FileTargetTests.RelativeSequentialArchiveTest_MaxArchiveFiles_0() in C:\dev\NLog\tests\NLog.UnitTests\Targets\FileTargetTests.cs:line 2532]]></stack-trace>
        </failure>
      </test>
      <test name="NLog.UnitTests.Targets.WrappedFileTargetTests.ArchiveAboveSizeWithArchiveNumberingModeDate_maxfiles_o" type="NLog.UnitTests.Targets.WrappedFileTargetTests" method="ArchiveAboveSizeWithArchiveNumberingModeDate_maxfiles_o" time="0" result="Skip">
        <reason><![CDATA[this is not supported, because we cannot create multiple archive files with  ArchiveNumberingMode.Date (for one day)]]></reason>
      </test>
      <test name="NLog.UnitTests.Targets.WrappedFileTargetTests.CreateDirsTest" type="NLog.UnitTests.Targets.WrappedFileTargetTests" method="CreateDirsTest" time="0.000219" result="Fail">
        <failure exception-type="System.ArgumentException">
          <message><![CDATA[System.ArgumentException : LayoutRenderer cannot be found: 'longdate']]></message>
          <stack-trace><![CDATA[   at NLog.Config.Factory`2.CreateInstance(String name) in C:\dev\NLog\src\NLog\Config\Factory.cs:line 199
   at NLog.Layouts.LayoutParser.ParseLayoutRenderer(ConfigurationItemFactory configurationItemFactory, SimpleStringReader sr) in C:\dev\NLog\src\NLog\Layouts\LayoutParser.cs:line 345
   at NLog.Layouts.LayoutParser.CompileLayout(ConfigurationItemFactory configurationItemFactory, SimpleStringReader sr, Boolean isNested, String& text) in C:\dev\NLog\src\NLog\Layouts\LayoutParser.cs:line 108
   at NLog.Layouts.SimpleLayout.set_Text(String value) in C:\dev\NLog\src\NLog\Layouts\SimpleLayout.cs:line 119
   at NLog.Layouts.SimpleLayout..ctor(String txt, ConfigurationItemFactory configurationItemFactory) in C:\dev\NLog\src\NLog\Layouts\SimpleLayout.cs:line 88
   at NLog.Layouts.Layout.FromString(String layoutText, ConfigurationItemFactory configurationItemFactory) in C:\dev\NLog\src\NLog\Layouts\Layout.cs:line 104
   at NLog.Layouts.Layout.FromString(String layoutText) in C:\dev\NLog\src\NLog\Layouts\Layout.cs:line 93
   at NLog.Layouts.Layout.op_Implicit(String text) in C:\dev\NLog\src\NLog\Layouts\Layout.cs:line 83
   at NLog.Targets.TargetWithLayout..ctor() in C:\dev\NLog\src\NLog\Targets\TargetWithLayout.cs:line 54
   at NLog.Targets.TargetWithLayoutHeaderAndFooter..ctor() in C:\dev\NLog\src\NLog\Targets\TargetWithLayoutHeaderAndFooter.cs:line 50
   at NLog.Targets.FileTarget..ctor() in C:\dev\NLog\src\NLog\Targets\FileTarget.cs:line 167
   at NLog.UnitTests.Targets.FileTargetTests.CreateDirsTest() in C:\dev\NLog\tests\NLog.UnitTests\Targets\FileTargetTests.cs:line 390]]></stack-trace>
        </failure>
      </test>
      <test name="NLog.UnitTests.Targets.WrappedFileTargetTests.MaxArchiveFilesWithDate_in_sameDir(changeCreationAndWriteTime: True)" type="NLog.UnitTests.Targets.WrappedFileTargetTests" method="MaxArchiveFilesWithDate_in_sameDir" time="0.1060037" result="Fail">
        <failure exception-type="NLog.NLogConfigurationException">
          <message><![CDATA[NLog.NLogConfigurationException : Exception occurred when loading configuration from 
---- System.ArgumentException : Target cannot be found: 'File']]></message>
          <stack-trace><![CDATA[   at NLog.Config.XmlLoggingConfiguration.Initialize(XmlReader reader, String fileName, Boolean ignoreErrors) in C:\dev\NLog\src\NLog\Config\XmlLoggingConfiguration.cs:line 361
   at NLog.Config.XmlLoggingConfiguration..ctor(XmlReader reader, String fileName) in C:\dev\NLog\src\NLog\Config\XmlLoggingConfiguration.cs:line 138
   at NLog.UnitTests.NLogTestBase.CreateConfigurationFromString(String configXml) in C:\dev\NLog\tests\NLog.UnitTests\NLogTestBase.cs:line 254
   at NLog.UnitTests.Targets.FileTargetTests.TestMaxArchiveFilesWithDate(String archivePath, String logdir, Int32 maxArchiveFilesConfig, Int32 expectedArchiveFiles, String dateFormat, Boolean changeCreationAndWriteTime) in C:\dev\NLog\tests\NLog.UnitTests\Targets\FileTargetTests.cs:line 2411
   at NLog.UnitTests.Targets.FileTargetTests.MaxArchiveFilesWithDate_in_sameDir(Boolean changeCreationAndWriteTime) in C:\dev\NLog\tests\NLog.UnitTests\Targets\FileTargetTests.cs:line 2372
----- Inner Stack Trace -----
   at NLog.Config.Factory`2.CreateInstance(String name) in C:\dev\NLog\src\NLog\Config\Factory.cs:line 199
   at NLog.Config.XmlLoggingConfiguration.ParseTargetsElement(NLogXmlElement targetsElement) in C:\dev\NLog\src\NLog\Config\XmlLoggingConfiguration.cs:line 723
   at NLog.Config.XmlLoggingConfiguration.ParseNLogElement(NLogXmlElement nlogElement, String filePath, Boolean autoReloadDefault) in C:\dev\NLog\src\NLog\Config\XmlLoggingConfiguration.cs:line 513
   at NLog.Config.XmlLoggingConfiguration.ParseTopLevel(NLogXmlElement content, String filePath, Boolean autoReloadDefault) in C:\dev\NLog\src\NLog\Config\XmlLoggingConfiguration.cs:line 428
   at NLog.Config.XmlLoggingConfiguration.Initialize(XmlReader reader, String fileName, Boolean ignoreErrors) in C:\dev\NLog\src\NLog\Config\XmlLoggingConfiguration.cs:line 339]]></stack-trace>
        </failure>
      </test>
      <test name="NLog.UnitTests.Targets.WrappedFileTargetTests.MaxArchiveFilesWithDate_in_sameDir(changeCreationAndWriteTime: False)" type="NLog.UnitTests.Targets.WrappedFileTargetTests" method="MaxArchiveFilesWithDate_in_sameDir" time="0.0869948" result="Fail">
        <failure exception-type="NLog.NLogConfigurationException">
          <message><![CDATA[NLog.NLogConfigurationException : Exception occurred when loading configuration from 
---- System.ArgumentException : Target cannot be found: 'File']]></message>
          <stack-trace><![CDATA[   at NLog.Config.XmlLoggingConfiguration.Initialize(XmlReader reader, String fileName, Boolean ignoreErrors) in C:\dev\NLog\src\NLog\Config\XmlLoggingConfiguration.cs:line 361
   at NLog.Config.XmlLoggingConfiguration..ctor(XmlReader reader, String fileName) in C:\dev\NLog\src\NLog\Config\XmlLoggingConfiguration.cs:line 138
   at NLog.UnitTests.NLogTestBase.CreateConfigurationFromString(String configXml) in C:\dev\NLog\tests\NLog.UnitTests\NLogTestBase.cs:line 254
   at NLog.UnitTests.Targets.FileTargetTests.TestMaxArchiveFilesWithDate(String archivePath, String logdir, Int32 maxArchiveFilesConfig, Int32 expectedArchiveFiles, String dateFormat, Boolean changeCreationAndWriteTime) in C:\dev\NLog\tests\NLog.UnitTests\Targets\FileTargetTests.cs:line 2411
   at NLog.UnitTests.Targets.FileTargetTests.MaxArchiveFilesWithDate_in_sameDir(Boolean changeCreationAndWriteTime) in C:\dev\NLog\tests\NLog.UnitTests\Targets\FileTargetTests.cs:line 2372
----- Inner Stack Trace -----
   at NLog.Config.Factory`2.CreateInstance(String name) in C:\dev\NLog\src\NLog\Config\Factory.cs:line 199
   at NLog.Config.XmlLoggingConfiguration.ParseTargetsElement(NLogXmlElement targetsElement) in C:\dev\NLog\src\NLog\Config\XmlLoggingConfiguration.cs:line 723
   at NLog.Config.XmlLoggingConfiguration.ParseNLogElement(NLogXmlElement nlogElement, String filePath, Boolean autoReloadDefault) in C:\dev\NLog\src\NLog\Config\XmlLoggingConfiguration.cs:line 513
   at NLog.Config.XmlLoggingConfiguration.ParseTopLevel(NLogXmlElement content, String filePath, Boolean autoReloadDefault) in C:\dev\NLog\src\NLog\Config\XmlLoggingConfiguration.cs:line 428
   at NLog.Config.XmlLoggingConfiguration.Initialize(XmlReader reader, String fileName, Boolean ignoreErrors) in C:\dev\NLog\src\NLog\Config\XmlLoggingConfiguration.cs:line 339]]></stack-trace>
        </failure>
      </test>
      <test name="NLog.UnitTests.Targets.WrappedFileTargetTests.FileTarget_WithDateAndSequenceArchiveNumbering_ShouldRespectArchiveDateFormat(archiveDateFormat: &quot;yyyy-MM-dd HHmm&quot;)" type="NLog.UnitTests.Targets.WrappedFileTargetTests" method="FileTarget_WithDateAndSequenceArchiveNumbering_ShouldRespectArchiveDateFormat" time="0.0009216" result="Fail">
        <failure exception-type="System.ArgumentException">
          <message><![CDATA[System.ArgumentException : LayoutRenderer cannot be found: 'longdate']]></message>
          <stack-trace><![CDATA[   at NLog.Config.Factory`2.CreateInstance(String name) in C:\dev\NLog\src\NLog\Config\Factory.cs:line 199
   at NLog.Layouts.LayoutParser.ParseLayoutRenderer(ConfigurationItemFactory configurationItemFactory, SimpleStringReader sr) in C:\dev\NLog\src\NLog\Layouts\LayoutParser.cs:line 345
   at NLog.Layouts.LayoutParser.CompileLayout(ConfigurationItemFactory configurationItemFactory, SimpleStringReader sr, Boolean isNested, String& text) in C:\dev\NLog\src\NLog\Layouts\LayoutParser.cs:line 108
   at NLog.Layouts.SimpleLayout.set_Text(String value) in C:\dev\NLog\src\NLog\Layouts\SimpleLayout.cs:line 119
   at NLog.Layouts.SimpleLayout..ctor(String txt, ConfigurationItemFactory configurationItemFactory) in C:\dev\NLog\src\NLog\Layouts\SimpleLayout.cs:line 88
   at NLog.Layouts.Layout.FromString(String layoutText, ConfigurationItemFactory configurationItemFactory) in C:\dev\NLog\src\NLog\Layouts\Layout.cs:line 104
   at NLog.Layouts.Layout.FromString(String layoutText) in C:\dev\NLog\src\NLog\Layouts\Layout.cs:line 93
   at NLog.Layouts.Layout.op_Implicit(String text) in C:\dev\NLog\src\NLog\Layouts\Layout.cs:line 83
   at NLog.Targets.TargetWithLayout..ctor() in C:\dev\NLog\src\NLog\Targets\TargetWithLayout.cs:line 54
   at NLog.Targets.TargetWithLayoutHeaderAndFooter..ctor() in C:\dev\NLog\src\NLog\Targets\TargetWithLayoutHeaderAndFooter.cs:line 50
   at NLog.Targets.FileTarget..ctor() in C:\dev\NLog\src\NLog\Targets\FileTarget.cs:line 167
   at NLog.UnitTests.Targets.FileTargetTests.GenerateArchives(Int32 count, String archiveDateFormat, String archiveFileName, ArchiveNumberingMode archiveNumbering) in C:\dev\NLog\tests\NLog.UnitTests\Targets\FileTargetTests.cs:line 2274
   at NLog.UnitTests.Targets.FileTargetTests.FileTarget_WithDateAndSequenceArchiveNumbering_ShouldRespectArchiveDateFormat(String archiveDateFormat) in C:\dev\NLog\tests\NLog.UnitTests\Targets\FileTargetTests.cs:line 2262]]></stack-trace>
        </failure>
      </test>
      <test name="NLog.UnitTests.Targets.WrappedFileTargetTests.FileTarget_WithDateAndSequenceArchiveNumbering_ShouldRespectArchiveDateFormat(archiveDateFormat: &quot;y&quot;)" type="NLog.UnitTests.Targets.WrappedFileTargetTests" method="FileTarget_WithDateAndSequenceArchiveNumbering_ShouldRespectArchiveDateFormat" time="0.0008413" result="Fail">
        <failure exception-type="System.ArgumentException">
          <message><![CDATA[System.ArgumentException : LayoutRenderer cannot be found: 'longdate']]></message>
          <stack-trace><![CDATA[   at NLog.Config.Factory`2.CreateInstance(String name) in C:\dev\NLog\src\NLog\Config\Factory.cs:line 199
   at NLog.Layouts.LayoutParser.ParseLayoutRenderer(ConfigurationItemFactory configurationItemFactory, SimpleStringReader sr) in C:\dev\NLog\src\NLog\Layouts\LayoutParser.cs:line 345
   at NLog.Layouts.LayoutParser.CompileLayout(ConfigurationItemFactory configurationItemFactory, SimpleStringReader sr, Boolean isNested, String& text) in C:\dev\NLog\src\NLog\Layouts\LayoutParser.cs:line 108
   at NLog.Layouts.SimpleLayout.set_Text(String value) in C:\dev\NLog\src\NLog\Layouts\SimpleLayout.cs:line 119
   at NLog.Layouts.SimpleLayout..ctor(String txt, ConfigurationItemFactory configurationItemFactory) in C:\dev\NLog\src\NLog\Layouts\SimpleLayout.cs:line 88
   at NLog.Layouts.Layout.FromString(String layoutText, ConfigurationItemFactory configurationItemFactory) in C:\dev\NLog\src\NLog\Layouts\Layout.cs:line 104
   at NLog.Layouts.Layout.FromString(String layoutText) in C:\dev\NLog\src\NLog\Layouts\Layout.cs:line 93
   at NLog.Layouts.Layout.op_Implicit(String text) in C:\dev\NLog\src\NLog\Layouts\Layout.cs:line 83
   at NLog.Targets.TargetWithLayout..ctor() in C:\dev\NLog\src\NLog\Targets\TargetWithLayout.cs:line 54
   at NLog.Targets.TargetWithLayoutHeaderAndFooter..ctor() in C:\dev\NLog\src\NLog\Targets\TargetWithLayoutHeaderAndFooter.cs:line 50
   at NLog.Targets.FileTarget..ctor() in C:\dev\NLog\src\NLog\Targets\FileTarget.cs:line 167
   at NLog.UnitTests.Targets.FileTargetTests.GenerateArchives(Int32 count, String archiveDateFormat, String archiveFileName, ArchiveNumberingMode archiveNumbering) in C:\dev\NLog\tests\NLog.UnitTests\Targets\FileTargetTests.cs:line 2274
   at NLog.UnitTests.Targets.FileTargetTests.FileTarget_WithDateAndSequenceArchiveNumbering_ShouldRespectArchiveDateFormat(String archiveDateFormat) in C:\dev\NLog\tests\NLog.UnitTests\Targets\FileTargetTests.cs:line 2262]]></stack-trace>
        </failure>
      </test>
      <test name="NLog.UnitTests.Targets.WrappedFileTargetTests.FileTarget_WithDateAndSequenceArchiveNumbering_ShouldRespectArchiveDateFormat(archiveDateFormat: &quot;D&quot;)" type="NLog.UnitTests.Targets.WrappedFileTargetTests" method="FileTarget_WithDateAndSequenceArchiveNumbering_ShouldRespectArchiveDateFormat" time="0.0008004" result="Fail">
        <failure exception-type="System.ArgumentException">
          <message><![CDATA[System.ArgumentException : LayoutRenderer cannot be found: 'longdate']]></message>
          <stack-trace><![CDATA[   at NLog.Config.Factory`2.CreateInstance(String name) in C:\dev\NLog\src\NLog\Config\Factory.cs:line 199
   at NLog.Layouts.LayoutParser.ParseLayoutRenderer(ConfigurationItemFactory configurationItemFactory, SimpleStringReader sr) in C:\dev\NLog\src\NLog\Layouts\LayoutParser.cs:line 345
   at NLog.Layouts.LayoutParser.CompileLayout(ConfigurationItemFactory configurationItemFactory, SimpleStringReader sr, Boolean isNested, String& text) in C:\dev\NLog\src\NLog\Layouts\LayoutParser.cs:line 108
   at NLog.Layouts.SimpleLayout.set_Text(String value) in C:\dev\NLog\src\NLog\Layouts\SimpleLayout.cs:line 119
   at NLog.Layouts.SimpleLayout..ctor(String txt, ConfigurationItemFactory configurationItemFactory) in C:\dev\NLog\src\NLog\Layouts\SimpleLayout.cs:line 88
   at NLog.Layouts.Layout.FromString(String layoutText, ConfigurationItemFactory configurationItemFactory) in C:\dev\NLog\src\NLog\Layouts\Layout.cs:line 104
   at NLog.Layouts.Layout.FromString(String layoutText) in C:\dev\NLog\src\NLog\Layouts\Layout.cs:line 93
   at NLog.Layouts.Layout.op_Implicit(String text) in C:\dev\NLog\src\NLog\Layouts\Layout.cs:line 83
   at NLog.Targets.TargetWithLayout..ctor() in C:\dev\NLog\src\NLog\Targets\TargetWithLayout.cs:line 54
   at NLog.Targets.TargetWithLayoutHeaderAndFooter..ctor() in C:\dev\NLog\src\NLog\Targets\TargetWithLayoutHeaderAndFooter.cs:line 50
   at NLog.Targets.FileTarget..ctor() in C:\dev\NLog\src\NLog\Targets\FileTarget.cs:line 167
   at NLog.UnitTests.Targets.FileTargetTests.GenerateArchives(Int32 count, String archiveDateFormat, String archiveFileName, ArchiveNumberingMode archiveNumbering) in C:\dev\NLog\tests\NLog.UnitTests\Targets\FileTargetTests.cs:line 2274
   at NLog.UnitTests.Targets.FileTargetTests.FileTarget_WithDateAndSequenceArchiveNumbering_ShouldRespectArchiveDateFormat(String archiveDateFormat) in C:\dev\NLog\tests\NLog.UnitTests\Targets\FileTargetTests.cs:line 2262]]></stack-trace>
        </failure>
      </test>
      <test name="NLog.UnitTests.Targets.WrappedFileTargetTests.DeleteArchiveFilesByDate_MaxArchiveFiles_0" type="NLog.UnitTests.Targets.WrappedFileTargetTests" method="DeleteArchiveFilesByDate_MaxArchiveFiles_0" time="0.0003202" result="Fail">
        <failure exception-type="System.ArgumentException">
          <message><![CDATA[System.ArgumentException : LayoutRenderer cannot be found: 'longdate']]></message>
          <stack-trace><![CDATA[   at NLog.Config.Factory`2.CreateInstance(String name) in C:\dev\NLog\src\NLog\Config\Factory.cs:line 199
   at NLog.Layouts.LayoutParser.ParseLayoutRenderer(ConfigurationItemFactory configurationItemFactory, SimpleStringReader sr) in C:\dev\NLog\src\NLog\Layouts\LayoutParser.cs:line 345
   at NLog.Layouts.LayoutParser.CompileLayout(ConfigurationItemFactory configurationItemFactory, SimpleStringReader sr, Boolean isNested, String& text) in C:\dev\NLog\src\NLog\Layouts\LayoutParser.cs:line 108
   at NLog.Layouts.SimpleLayout.set_Text(String value) in C:\dev\NLog\src\NLog\Layouts\SimpleLayout.cs:line 119
   at NLog.Layouts.SimpleLayout..ctor(String txt, ConfigurationItemFactory configurationItemFactory) in C:\dev\NLog\src\NLog\Layouts\SimpleLayout.cs:line 88
   at NLog.Layouts.Layout.FromString(String layoutText, ConfigurationItemFactory configurationItemFactory) in C:\dev\NLog\src\NLog\Layouts\Layout.cs:line 104
   at NLog.Layouts.Layout.FromString(String layoutText) in C:\dev\NLog\src\NLog\Layouts\Layout.cs:line 93
   at NLog.Layouts.Layout.op_Implicit(String text) in C:\dev\NLog\src\NLog\Layouts\Layout.cs:line 83
   at NLog.Targets.TargetWithLayout..ctor() in C:\dev\NLog\src\NLog\Targets\TargetWithLayout.cs:line 54
   at NLog.Targets.TargetWithLayoutHeaderAndFooter..ctor() in C:\dev\NLog\src\NLog\Targets\TargetWithLayoutHeaderAndFooter.cs:line 50
   at NLog.Targets.FileTarget..ctor() in C:\dev\NLog\src\NLog\Targets\FileTarget.cs:line 167
   at NLog.UnitTests.Targets.FileTargetTests.DeleteArchiveFilesByDate_MaxArchiveFiles_0() in C:\dev\NLog\tests\NLog.UnitTests\Targets\FileTargetTests.cs:line 1119]]></stack-trace>
        </failure>
      </test>
      <test name="NLog.UnitTests.Targets.WrappedFileTargetTests.DeleteArchiveFilesByDate" type="NLog.UnitTests.Targets.WrappedFileTargetTests" method="DeleteArchiveFilesByDate" time="0.0002983" result="Fail">
        <failure exception-type="System.ArgumentException">
          <message><![CDATA[System.ArgumentException : LayoutRenderer cannot be found: 'longdate']]></message>
          <stack-trace><![CDATA[   at NLog.Config.Factory`2.CreateInstance(String name) in C:\dev\NLog\src\NLog\Config\Factory.cs:line 199
   at NLog.Layouts.LayoutParser.ParseLayoutRenderer(ConfigurationItemFactory configurationItemFactory, SimpleStringReader sr) in C:\dev\NLog\src\NLog\Layouts\LayoutParser.cs:line 345
   at NLog.Layouts.LayoutParser.CompileLayout(ConfigurationItemFactory configurationItemFactory, SimpleStringReader sr, Boolean isNested, String& text) in C:\dev\NLog\src\NLog\Layouts\LayoutParser.cs:line 108
   at NLog.Layouts.SimpleLayout.set_Text(String value) in C:\dev\NLog\src\NLog\Layouts\SimpleLayout.cs:line 119
   at NLog.Layouts.SimpleLayout..ctor(String txt, ConfigurationItemFactory configurationItemFactory) in C:\dev\NLog\src\NLog\Layouts\SimpleLayout.cs:line 88
   at NLog.Layouts.Layout.FromString(String layoutText, ConfigurationItemFactory configurationItemFactory) in C:\dev\NLog\src\NLog\Layouts\Layout.cs:line 104
   at NLog.Layouts.Layout.FromString(String layoutText) in C:\dev\NLog\src\NLog\Layouts\Layout.cs:line 93
   at NLog.Layouts.Layout.op_Implicit(String text) in C:\dev\NLog\src\NLog\Layouts\Layout.cs:line 83
   at NLog.Targets.TargetWithLayout..ctor() in C:\dev\NLog\src\NLog\Targets\TargetWithLayout.cs:line 54
   at NLog.Targets.TargetWithLayoutHeaderAndFooter..ctor() in C:\dev\NLog\src\NLog\Targets\TargetWithLayoutHeaderAndFooter.cs:line 50
   at NLog.Targets.FileTarget..ctor() in C:\dev\NLog\src\NLog\Targets\FileTarget.cs:line 167
   at NLog.UnitTests.Targets.FileTargetTests.DeleteArchiveFilesByDate() in C:\dev\NLog\tests\NLog.UnitTests\Targets\FileTargetTests.cs:line 626]]></stack-trace>
        </failure>
      </test>
      <test name="NLog.UnitTests.Targets.WrappedFileTargetTests.MaxArchiveFilesWithDate_only_date(changeCreationAndWriteTime: True)" type="NLog.UnitTests.Targets.WrappedFileTargetTests" method="MaxArchiveFilesWithDate_only_date" time="0.1027602" result="Fail">
        <failure exception-type="NLog.NLogConfigurationException">
          <message><![CDATA[NLog.NLogConfigurationException : Exception occurred when loading configuration from 
---- System.ArgumentException : Target cannot be found: 'File']]></message>
          <stack-trace><![CDATA[   at NLog.Config.XmlLoggingConfiguration.Initialize(XmlReader reader, String fileName, Boolean ignoreErrors) in C:\dev\NLog\src\NLog\Config\XmlLoggingConfiguration.cs:line 361
   at NLog.Config.XmlLoggingConfiguration..ctor(XmlReader reader, String fileName) in C:\dev\NLog\src\NLog\Config\XmlLoggingConfiguration.cs:line 138
   at NLog.UnitTests.NLogTestBase.CreateConfigurationFromString(String configXml) in C:\dev\NLog\tests\NLog.UnitTests\NLogTestBase.cs:line 254
   at NLog.UnitTests.Targets.FileTargetTests.TestMaxArchiveFilesWithDate(String archivePath, String logdir, Int32 maxArchiveFilesConfig, Int32 expectedArchiveFiles, String dateFormat, Boolean changeCreationAndWriteTime) in C:\dev\NLog\tests\NLog.UnitTests\Targets\FileTargetTests.cs:line 2411
   at NLog.UnitTests.Targets.FileTargetTests.MaxArchiveFilesWithDate_only_date(Boolean changeCreationAndWriteTime) in C:\dev\NLog\tests\NLog.UnitTests\Targets\FileTargetTests.cs:line 2351
----- Inner Stack Trace -----
   at NLog.Config.Factory`2.CreateInstance(String name) in C:\dev\NLog\src\NLog\Config\Factory.cs:line 199
   at NLog.Config.XmlLoggingConfiguration.ParseTargetsElement(NLogXmlElement targetsElement) in C:\dev\NLog\src\NLog\Config\XmlLoggingConfiguration.cs:line 723
   at NLog.Config.XmlLoggingConfiguration.ParseNLogElement(NLogXmlElement nlogElement, String filePath, Boolean autoReloadDefault) in C:\dev\NLog\src\NLog\Config\XmlLoggingConfiguration.cs:line 513
   at NLog.Config.XmlLoggingConfiguration.ParseTopLevel(NLogXmlElement content, String filePath, Boolean autoReloadDefault) in C:\dev\NLog\src\NLog\Config\XmlLoggingConfiguration.cs:line 428
   at NLog.Config.XmlLoggingConfiguration.Initialize(XmlReader reader, String fileName, Boolean ignoreErrors) in C:\dev\NLog\src\NLog\Config\XmlLoggingConfiguration.cs:line 339]]></stack-trace>
        </failure>
      </test>
      <test name="NLog.UnitTests.Targets.WrappedFileTargetTests.MaxArchiveFilesWithDate_only_date(changeCreationAndWriteTime: False)" type="NLog.UnitTests.Targets.WrappedFileTargetTests" method="MaxArchiveFilesWithDate_only_date" time="0.0919871" result="Fail">
        <failure exception-type="NLog.NLogConfigurationException">
          <message><![CDATA[NLog.NLogConfigurationException : Exception occurred when loading configuration from 
---- System.ArgumentException : Target cannot be found: 'File']]></message>
          <stack-trace><![CDATA[   at NLog.Config.XmlLoggingConfiguration.Initialize(XmlReader reader, String fileName, Boolean ignoreErrors) in C:\dev\NLog\src\NLog\Config\XmlLoggingConfiguration.cs:line 361
   at NLog.Config.XmlLoggingConfiguration..ctor(XmlReader reader, String fileName) in C:\dev\NLog\src\NLog\Config\XmlLoggingConfiguration.cs:line 138
   at NLog.UnitTests.NLogTestBase.CreateConfigurationFromString(String configXml) in C:\dev\NLog\tests\NLog.UnitTests\NLogTestBase.cs:line 254
   at NLog.UnitTests.Targets.FileTargetTests.TestMaxArchiveFilesWithDate(String archivePath, String logdir, Int32 maxArchiveFilesConfig, Int32 expectedArchiveFiles, String dateFormat, Boolean changeCreationAndWriteTime) in C:\dev\NLog\tests\NLog.UnitTests\Targets\FileTargetTests.cs:line 2411
   at NLog.UnitTests.Targets.FileTargetTests.MaxArchiveFilesWithDate_only_date(Boolean changeCreationAndWriteTime) in C:\dev\NLog\tests\NLog.UnitTests\Targets\FileTargetTests.cs:line 2351
----- Inner Stack Trace -----
   at NLog.Config.Factory`2.CreateInstance(String name) in C:\dev\NLog\src\NLog\Config\Factory.cs:line 199
   at NLog.Config.XmlLoggingConfiguration.ParseTargetsElement(NLogXmlElement targetsElement) in C:\dev\NLog\src\NLog\Config\XmlLoggingConfiguration.cs:line 723
   at NLog.Config.XmlLoggingConfiguration.ParseNLogElement(NLogXmlElement nlogElement, String filePath, Boolean autoReloadDefault) in C:\dev\NLog\src\NLog\Config\XmlLoggingConfiguration.cs:line 513
   at NLog.Config.XmlLoggingConfiguration.ParseTopLevel(NLogXmlElement content, String filePath, Boolean autoReloadDefault) in C:\dev\NLog\src\NLog\Config\XmlLoggingConfiguration.cs:line 428
   at NLog.Config.XmlLoggingConfiguration.Initialize(XmlReader reader, String fileName, Boolean ignoreErrors) in C:\dev\NLog\src\NLog\Config\XmlLoggingConfiguration.cs:line 339]]></stack-trace>
        </failure>
      </test>
      <test name="NLog.UnitTests.Targets.WrappedFileTargetTests.SingleArchiveFileRollsCorrectly" type="NLog.UnitTests.Targets.WrappedFileTargetTests" method="SingleArchiveFileRollsCorrectly" time="0.0003544" result="Fail">
        <failure exception-type="System.ArgumentException">
          <message><![CDATA[System.ArgumentException : LayoutRenderer cannot be found: 'longdate']]></message>
          <stack-trace><![CDATA[   at NLog.Config.Factory`2.CreateInstance(String name) in C:\dev\NLog\src\NLog\Config\Factory.cs:line 199
   at NLog.Layouts.LayoutParser.ParseLayoutRenderer(ConfigurationItemFactory configurationItemFactory, SimpleStringReader sr) in C:\dev\NLog\src\NLog\Layouts\LayoutParser.cs:line 345
   at NLog.Layouts.LayoutParser.CompileLayout(ConfigurationItemFactory configurationItemFactory, SimpleStringReader sr, Boolean isNested, String& text) in C:\dev\NLog\src\NLog\Layouts\LayoutParser.cs:line 108
   at NLog.Layouts.SimpleLayout.set_Text(String value) in C:\dev\NLog\src\NLog\Layouts\SimpleLayout.cs:line 119
   at NLog.Layouts.SimpleLayout..ctor(String txt, ConfigurationItemFactory configurationItemFactory) in C:\dev\NLog\src\NLog\Layouts\SimpleLayout.cs:line 88
   at NLog.Layouts.Layout.FromString(String layoutText, ConfigurationItemFactory configurationItemFactory) in C:\dev\NLog\src\NLog\Layouts\Layout.cs:line 104
   at NLog.Layouts.Layout.FromString(String layoutText) in C:\dev\NLog\src\NLog\Layouts\Layout.cs:line 93
   at NLog.Layouts.Layout.op_Implicit(String text) in C:\dev\NLog\src\NLog\Layouts\Layout.cs:line 83
   at NLog.Targets.TargetWithLayout..ctor() in C:\dev\NLog\src\NLog\Targets\TargetWithLayout.cs:line 54
   at NLog.Targets.TargetWithLayoutHeaderAndFooter..ctor() in C:\dev\NLog\src\NLog\Targets\TargetWithLayoutHeaderAndFooter.cs:line 50
   at NLog.Targets.FileTarget..ctor() in C:\dev\NLog\src\NLog\Targets\FileTarget.cs:line 167
   at NLog.UnitTests.Targets.FileTargetTests.SingleArchiveFileRollsCorrectly() in C:\dev\NLog\tests\NLog.UnitTests\Targets\FileTargetTests.cs:line 1939]]></stack-trace>
        </failure>
      </test>
      <test name="NLog.UnitTests.Targets.WrappedFileTargetTests.DeleteArchiveFilesByDateWithDateName" type="NLog.UnitTests.Targets.WrappedFileTargetTests" method="DeleteArchiveFilesByDateWithDateName" time="0.0002783" result="Fail">
        <failure exception-type="System.ArgumentException">
          <message><![CDATA[System.ArgumentException : LayoutRenderer cannot be found: 'longdate']]></message>
          <stack-trace><![CDATA[   at NLog.Config.Factory`2.CreateInstance(String name) in C:\dev\NLog\src\NLog\Config\Factory.cs:line 199
   at NLog.Layouts.LayoutParser.ParseLayoutRenderer(ConfigurationItemFactory configurationItemFactory, SimpleStringReader sr) in C:\dev\NLog\src\NLog\Layouts\LayoutParser.cs:line 345
   at NLog.Layouts.LayoutParser.CompileLayout(ConfigurationItemFactory configurationItemFactory, SimpleStringReader sr, Boolean isNested, String& text) in C:\dev\NLog\src\NLog\Layouts\LayoutParser.cs:line 108
   at NLog.Layouts.SimpleLayout.set_Text(String value) in C:\dev\NLog\src\NLog\Layouts\SimpleLayout.cs:line 119
   at NLog.Layouts.SimpleLayout..ctor(String txt, ConfigurationItemFactory configurationItemFactory) in C:\dev\NLog\src\NLog\Layouts\SimpleLayout.cs:line 88
   at NLog.Layouts.Layout.FromString(String layoutText, ConfigurationItemFactory configurationItemFactory) in C:\dev\NLog\src\NLog\Layouts\Layout.cs:line 104
   at NLog.Layouts.Layout.FromString(String layoutText) in C:\dev\NLog\src\NLog\Layouts\Layout.cs:line 93
   at NLog.Layouts.Layout.op_Implicit(String text) in C:\dev\NLog\src\NLog\Layouts\Layout.cs:line 83
   at NLog.Targets.TargetWithLayout..ctor() in C:\dev\NLog\src\NLog\Targets\TargetWithLayout.cs:line 54
   at NLog.Targets.TargetWithLayoutHeaderAndFooter..ctor() in C:\dev\NLog\src\NLog\Targets\TargetWithLayoutHeaderAndFooter.cs:line 50
   at NLog.Targets.FileTarget..ctor() in C:\dev\NLog\src\NLog\Targets\FileTarget.cs:line 167
   at NLog.UnitTests.Targets.FileTargetTests.DeleteArchiveFilesByDateWithDateName() in C:\dev\NLog\tests\NLog.UnitTests\Targets\FileTargetTests.cs:line 691]]></stack-trace>
        </failure>
      </test>
      <test name="NLog.UnitTests.Targets.WrappedFileTargetTests.FileTarget_ArchiveNumbering_remove_correct_order" type="NLog.UnitTests.Targets.WrappedFileTargetTests" method="FileTarget_ArchiveNumbering_remove_correct_order" time="0.0002975" result="Fail">
        <failure exception-type="System.ArgumentException">
          <message><![CDATA[System.ArgumentException : LayoutRenderer cannot be found: 'longdate']]></message>
          <stack-trace><![CDATA[   at NLog.Config.Factory`2.CreateInstance(String name) in C:\dev\NLog\src\NLog\Config\Factory.cs:line 199
   at NLog.Layouts.LayoutParser.ParseLayoutRenderer(ConfigurationItemFactory configurationItemFactory, SimpleStringReader sr) in C:\dev\NLog\src\NLog\Layouts\LayoutParser.cs:line 345
   at NLog.Layouts.LayoutParser.CompileLayout(ConfigurationItemFactory configurationItemFactory, SimpleStringReader sr, Boolean isNested, String& text) in C:\dev\NLog\src\NLog\Layouts\LayoutParser.cs:line 108
   at NLog.Layouts.SimpleLayout.set_Text(String value) in C:\dev\NLog\src\NLog\Layouts\SimpleLayout.cs:line 119
   at NLog.Layouts.SimpleLayout..ctor(String txt, ConfigurationItemFactory configurationItemFactory) in C:\dev\NLog\src\NLog\Layouts\SimpleLayout.cs:line 88
   at NLog.Layouts.Layout.FromString(String layoutText, ConfigurationItemFactory configurationItemFactory) in C:\dev\NLog\src\NLog\Layouts\Layout.cs:line 104
   at NLog.Layouts.Layout.FromString(String layoutText) in C:\dev\NLog\src\NLog\Layouts\Layout.cs:line 93
   at NLog.Layouts.Layout.op_Implicit(String text) in C:\dev\NLog\src\NLog\Layouts\Layout.cs:line 83
   at NLog.Targets.TargetWithLayout..ctor() in C:\dev\NLog\src\NLog\Targets\TargetWithLayout.cs:line 54
   at NLog.Targets.TargetWithLayoutHeaderAndFooter..ctor() in C:\dev\NLog\src\NLog\Targets\TargetWithLayoutHeaderAndFooter.cs:line 50
   at NLog.Targets.FileTarget..ctor() in C:\dev\NLog\src\NLog\Targets\FileTarget.cs:line 167
   at NLog.UnitTests.Targets.FileTargetTests.FileTarget_ArchiveNumbering_remove_correct_order() in C:\dev\NLog\tests\NLog.UnitTests\Targets\FileTargetTests.cs:line 2135]]></stack-trace>
        </failure>
      </test>
      <test name="NLog.UnitTests.Targets.WrappedFileTargetTests.FileTarget_WithArchiveFileNameEndingInNumberPlaceholder_ShouldArchiveFile(slash: &quot;/&quot;)" type="NLog.UnitTests.Targets.WrappedFileTargetTests" method="FileTarget_WithArchiveFileNameEndingInNumberPlaceholder_ShouldArchiveFile" time="0.000896" result="Fail">
        <failure exception-type="System.ArgumentException">
          <message><![CDATA[System.ArgumentException : LayoutRenderer cannot be found: 'longdate']]></message>
          <stack-trace><![CDATA[   at NLog.Config.Factory`2.CreateInstance(String name) in C:\dev\NLog\src\NLog\Config\Factory.cs:line 199
   at NLog.Layouts.LayoutParser.ParseLayoutRenderer(ConfigurationItemFactory configurationItemFactory, SimpleStringReader sr) in C:\dev\NLog\src\NLog\Layouts\LayoutParser.cs:line 345
   at NLog.Layouts.LayoutParser.CompileLayout(ConfigurationItemFactory configurationItemFactory, SimpleStringReader sr, Boolean isNested, String& text) in C:\dev\NLog\src\NLog\Layouts\LayoutParser.cs:line 108
   at NLog.Layouts.SimpleLayout.set_Text(String value) in C:\dev\NLog\src\NLog\Layouts\SimpleLayout.cs:line 119
   at NLog.Layouts.SimpleLayout..ctor(String txt, ConfigurationItemFactory configurationItemFactory) in C:\dev\NLog\src\NLog\Layouts\SimpleLayout.cs:line 88
   at NLog.Layouts.Layout.FromString(String layoutText, ConfigurationItemFactory configurationItemFactory) in C:\dev\NLog\src\NLog\Layouts\Layout.cs:line 104
   at NLog.Layouts.Layout.FromString(String layoutText) in C:\dev\NLog\src\NLog\Layouts\Layout.cs:line 93
   at NLog.Layouts.Layout.op_Implicit(String text) in C:\dev\NLog\src\NLog\Layouts\Layout.cs:line 83
   at NLog.Targets.TargetWithLayout..ctor() in C:\dev\NLog\src\NLog\Targets\TargetWithLayout.cs:line 54
   at NLog.Targets.TargetWithLayoutHeaderAndFooter..ctor() in C:\dev\NLog\src\NLog\Targets\TargetWithLayoutHeaderAndFooter.cs:line 50
   at NLog.Targets.FileTarget..ctor() in C:\dev\NLog\src\NLog\Targets\FileTarget.cs:line 167
   at NLog.UnitTests.Targets.FileTargetTests.FileTarget_WithArchiveFileNameEndingInNumberPlaceholder_ShouldArchiveFile(String slash) in C:\dev\NLog\tests\NLog.UnitTests\Targets\FileTargetTests.cs:line 1780]]></stack-trace>
        </failure>
      </test>
      <test name="NLog.UnitTests.Targets.WrappedFileTargetTests.FileTarget_WithArchiveFileNameEndingInNumberPlaceholder_ShouldArchiveFile(slash: &quot;\&quot;)" type="NLog.UnitTests.Targets.WrappedFileTargetTests" method="FileTarget_WithArchiveFileNameEndingInNumberPlaceholder_ShouldArchiveFile" time="0.0003418" result="Fail">
        <failure exception-type="System.ArgumentException">
          <message><![CDATA[System.ArgumentException : LayoutRenderer cannot be found: 'longdate']]></message>
          <stack-trace><![CDATA[   at NLog.Config.Factory`2.CreateInstance(String name) in C:\dev\NLog\src\NLog\Config\Factory.cs:line 199
   at NLog.Layouts.LayoutParser.ParseLayoutRenderer(ConfigurationItemFactory configurationItemFactory, SimpleStringReader sr) in C:\dev\NLog\src\NLog\Layouts\LayoutParser.cs:line 345
   at NLog.Layouts.LayoutParser.CompileLayout(ConfigurationItemFactory configurationItemFactory, SimpleStringReader sr, Boolean isNested, String& text) in C:\dev\NLog\src\NLog\Layouts\LayoutParser.cs:line 108
   at NLog.Layouts.SimpleLayout.set_Text(String value) in C:\dev\NLog\src\NLog\Layouts\SimpleLayout.cs:line 119
   at NLog.Layouts.SimpleLayout..ctor(String txt, ConfigurationItemFactory configurationItemFactory) in C:\dev\NLog\src\NLog\Layouts\SimpleLayout.cs:line 88
   at NLog.Layouts.Layout.FromString(String layoutText, ConfigurationItemFactory configurationItemFactory) in C:\dev\NLog\src\NLog\Layouts\Layout.cs:line 104
   at NLog.Layouts.Layout.FromString(String layoutText) in C:\dev\NLog\src\NLog\Layouts\Layout.cs:line 93
   at NLog.Layouts.Layout.op_Implicit(String text) in C:\dev\NLog\src\NLog\Layouts\Layout.cs:line 83
   at NLog.Targets.TargetWithLayout..ctor() in C:\dev\NLog\src\NLog\Targets\TargetWithLayout.cs:line 54
   at NLog.Targets.TargetWithLayoutHeaderAndFooter..ctor() in C:\dev\NLog\src\NLog\Targets\TargetWithLayoutHeaderAndFooter.cs:line 50
   at NLog.Targets.FileTarget..ctor() in C:\dev\NLog\src\NLog\Targets\FileTarget.cs:line 167
   at NLog.UnitTests.Targets.FileTargetTests.FileTarget_WithArchiveFileNameEndingInNumberPlaceholder_ShouldArchiveFile(String slash) in C:\dev\NLog\tests\NLog.UnitTests\Targets\FileTargetTests.cs:line 1780]]></stack-trace>
        </failure>
      </test>
      <test name="NLog.UnitTests.Targets.WrappedFileTargetTests.FileTarget_ArchiveNumbering_DateAndSequence_WithCompression" type="NLog.UnitTests.Targets.WrappedFileTargetTests" method="FileTarget_ArchiveNumbering_DateAndSequence_WithCompression" time="0.0002757" result="Fail">
        <failure exception-type="System.ArgumentException">
          <message><![CDATA[System.ArgumentException : LayoutRenderer cannot be found: 'longdate']]></message>
          <stack-trace><![CDATA[   at NLog.Config.Factory`2.CreateInstance(String name) in C:\dev\NLog\src\NLog\Config\Factory.cs:line 199
   at NLog.Layouts.LayoutParser.ParseLayoutRenderer(ConfigurationItemFactory configurationItemFactory, SimpleStringReader sr) in C:\dev\NLog\src\NLog\Layouts\LayoutParser.cs:line 345
   at NLog.Layouts.LayoutParser.CompileLayout(ConfigurationItemFactory configurationItemFactory, SimpleStringReader sr, Boolean isNested, String& text) in C:\dev\NLog\src\NLog\Layouts\LayoutParser.cs:line 108
   at NLog.Layouts.SimpleLayout.set_Text(String value) in C:\dev\NLog\src\NLog\Layouts\SimpleLayout.cs:line 119
   at NLog.Layouts.SimpleLayout..ctor(String txt, ConfigurationItemFactory configurationItemFactory) in C:\dev\NLog\src\NLog\Layouts\SimpleLayout.cs:line 88
   at NLog.Layouts.Layout.FromString(String layoutText, ConfigurationItemFactory configurationItemFactory) in C:\dev\NLog\src\NLog\Layouts\Layout.cs:line 104
   at NLog.Layouts.Layout.FromString(String layoutText) in C:\dev\NLog\src\NLog\Layouts\Layout.cs:line 93
   at NLog.Layouts.Layout.op_Implicit(String text) in C:\dev\NLog\src\NLog\Layouts\Layout.cs:line 83
   at NLog.Targets.TargetWithLayout..ctor() in C:\dev\NLog\src\NLog\Targets\TargetWithLayout.cs:line 54
   at NLog.Targets.TargetWithLayoutHeaderAndFooter..ctor() in C:\dev\NLog\src\NLog\Targets\TargetWithLayoutHeaderAndFooter.cs:line 50
   at NLog.Targets.FileTarget..ctor() in C:\dev\NLog\src\NLog\Targets\FileTarget.cs:line 167
   at NLog.UnitTests.Targets.FileTargetTests.FileTarget_ArchiveNumbering_DateAndSequenceTests(Boolean enableCompression) in C:\dev\NLog\tests\NLog.UnitTests\Targets\FileTargetTests.cs:line 1713
   at NLog.UnitTests.Targets.FileTargetTests.FileTarget_ArchiveNumbering_DateAndSequence_WithCompression() in C:\dev\NLog\tests\NLog.UnitTests\Targets\FileTargetTests.cs:line 1699]]></stack-trace>
        </failure>
      </test>
      <test name="NLog.UnitTests.Targets.WrappedFileTargetTests.DateArchive_ArchiveOnceOnly(concurrentWrites: True, keepFileOpen: True, networkWrites: True, includeSequenceInArchive: True)" type="NLog.UnitTests.Targets.WrappedFileTargetTests" method="DateArchive_ArchiveOnceOnly" time="0.0002478" result="Fail">
        <failure exception-type="System.ArgumentException">
          <message><![CDATA[System.ArgumentException : LayoutRenderer cannot be found: 'longdate']]></message>
          <stack-trace><![CDATA[   at NLog.Config.Factory`2.CreateInstance(String name) in C:\dev\NLog\src\NLog\Config\Factory.cs:line 199
   at NLog.Layouts.LayoutParser.ParseLayoutRenderer(ConfigurationItemFactory configurationItemFactory, SimpleStringReader sr) in C:\dev\NLog\src\NLog\Layouts\LayoutParser.cs:line 345
   at NLog.Layouts.LayoutParser.CompileLayout(ConfigurationItemFactory configurationItemFactory, SimpleStringReader sr, Boolean isNested, String& text) in C:\dev\NLog\src\NLog\Layouts\LayoutParser.cs:line 108
   at NLog.Layouts.SimpleLayout.set_Text(String value) in C:\dev\NLog\src\NLog\Layouts\SimpleLayout.cs:line 119
   at NLog.Layouts.SimpleLayout..ctor(String txt, ConfigurationItemFactory configurationItemFactory) in C:\dev\NLog\src\NLog\Layouts\SimpleLayout.cs:line 88
   at NLog.Layouts.Layout.FromString(String layoutText, ConfigurationItemFactory configurationItemFactory) in C:\dev\NLog\src\NLog\Layouts\Layout.cs:line 104
   at NLog.Layouts.Layout.FromString(String layoutText) in C:\dev\NLog\src\NLog\Layouts\Layout.cs:line 93
   at NLog.Layouts.Layout.op_Implicit(String text) in C:\dev\NLog\src\NLog\Layouts\Layout.cs:line 83
   at NLog.Targets.TargetWithLayout..ctor() in C:\dev\NLog\src\NLog\Targets\TargetWithLayout.cs:line 54
   at NLog.Targets.TargetWithLayoutHeaderAndFooter..ctor() in C:\dev\NLog\src\NLog\Targets\TargetWithLayoutHeaderAndFooter.cs:line 50
   at NLog.Targets.FileTarget..ctor() in C:\dev\NLog\src\NLog\Targets\FileTarget.cs:line 167
   at NLog.UnitTests.Targets.FileTargetTests.DateArchive_ArchiveOnceOnly(Boolean concurrentWrites, Boolean keepFileOpen, Boolean networkWrites, Boolean includeSequenceInArchive) in C:\dev\NLog\tests\NLog.UnitTests\Targets\FileTargetTests.cs:line 906]]></stack-trace>
        </failure>
      </test>
      <test name="NLog.UnitTests.Targets.WrappedFileTargetTests.DateArchive_ArchiveOnceOnly(concurrentWrites: True, keepFileOpen: True, networkWrites: True, includeSequenceInArchive: False)" type="NLog.UnitTests.Targets.WrappedFileTargetTests" method="DateArchive_ArchiveOnceOnly" time="0.000215" result="Fail">
        <failure exception-type="System.ArgumentException">
          <message><![CDATA[System.ArgumentException : LayoutRenderer cannot be found: 'longdate']]></message>
          <stack-trace><![CDATA[   at NLog.Config.Factory`2.CreateInstance(String name) in C:\dev\NLog\src\NLog\Config\Factory.cs:line 199
   at NLog.Layouts.LayoutParser.ParseLayoutRenderer(ConfigurationItemFactory configurationItemFactory, SimpleStringReader sr) in C:\dev\NLog\src\NLog\Layouts\LayoutParser.cs:line 345
   at NLog.Layouts.LayoutParser.CompileLayout(ConfigurationItemFactory configurationItemFactory, SimpleStringReader sr, Boolean isNested, String& text) in C:\dev\NLog\src\NLog\Layouts\LayoutParser.cs:line 108
   at NLog.Layouts.SimpleLayout.set_Text(String value) in C:\dev\NLog\src\NLog\Layouts\SimpleLayout.cs:line 119
   at NLog.Layouts.SimpleLayout..ctor(String txt, ConfigurationItemFactory configurationItemFactory) in C:\dev\NLog\src\NLog\Layouts\SimpleLayout.cs:line 88
   at NLog.Layouts.Layout.FromString(String layoutText, ConfigurationItemFactory configurationItemFactory) in C:\dev\NLog\src\NLog\Layouts\Layout.cs:line 104
   at NLog.Layouts.Layout.FromString(String layoutText) in C:\dev\NLog\src\NLog\Layouts\Layout.cs:line 93
   at NLog.Layouts.Layout.op_Implicit(String text) in C:\dev\NLog\src\NLog\Layouts\Layout.cs:line 83
   at NLog.Targets.TargetWithLayout..ctor() in C:\dev\NLog\src\NLog\Targets\TargetWithLayout.cs:line 54
   at NLog.Targets.TargetWithLayoutHeaderAndFooter..ctor() in C:\dev\NLog\src\NLog\Targets\TargetWithLayoutHeaderAndFooter.cs:line 50
   at NLog.Targets.FileTarget..ctor() in C:\dev\NLog\src\NLog\Targets\FileTarget.cs:line 167
   at NLog.UnitTests.Targets.FileTargetTests.DateArchive_ArchiveOnceOnly(Boolean concurrentWrites, Boolean keepFileOpen, Boolean networkWrites, Boolean includeSequenceInArchive) in C:\dev\NLog\tests\NLog.UnitTests\Targets\FileTargetTests.cs:line 906]]></stack-trace>
        </failure>
      </test>
      <test name="NLog.UnitTests.Targets.WrappedFileTargetTests.DateArchive_ArchiveOnceOnly(concurrentWrites: True, keepFileOpen: True, networkWrites: False, includeSequenceInArchive: True)" type="NLog.UnitTests.Targets.WrappedFileTargetTests" method="DateArchive_ArchiveOnceOnly" time="0.000203" result="Fail">
        <failure exception-type="System.ArgumentException">
          <message><![CDATA[System.ArgumentException : LayoutRenderer cannot be found: 'longdate']]></message>
          <stack-trace><![CDATA[   at NLog.Config.Factory`2.CreateInstance(String name) in C:\dev\NLog\src\NLog\Config\Factory.cs:line 199
   at NLog.Layouts.LayoutParser.ParseLayoutRenderer(ConfigurationItemFactory configurationItemFactory, SimpleStringReader sr) in C:\dev\NLog\src\NLog\Layouts\LayoutParser.cs:line 345
   at NLog.Layouts.LayoutParser.CompileLayout(ConfigurationItemFactory configurationItemFactory, SimpleStringReader sr, Boolean isNested, String& text) in C:\dev\NLog\src\NLog\Layouts\LayoutParser.cs:line 108
   at NLog.Layouts.SimpleLayout.set_Text(String value) in C:\dev\NLog\src\NLog\Layouts\SimpleLayout.cs:line 119
   at NLog.Layouts.SimpleLayout..ctor(String txt, ConfigurationItemFactory configurationItemFactory) in C:\dev\NLog\src\NLog\Layouts\SimpleLayout.cs:line 88
   at NLog.Layouts.Layout.FromString(String layoutText, ConfigurationItemFactory configurationItemFactory) in C:\dev\NLog\src\NLog\Layouts\Layout.cs:line 104
   at NLog.Layouts.Layout.FromString(String layoutText) in C:\dev\NLog\src\NLog\Layouts\Layout.cs:line 93
   at NLog.Layouts.Layout.op_Implicit(String text) in C:\dev\NLog\src\NLog\Layouts\Layout.cs:line 83
   at NLog.Targets.TargetWithLayout..ctor() in C:\dev\NLog\src\NLog\Targets\TargetWithLayout.cs:line 54
   at NLog.Targets.TargetWithLayoutHeaderAndFooter..ctor() in C:\dev\NLog\src\NLog\Targets\TargetWithLayoutHeaderAndFooter.cs:line 50
   at NLog.Targets.FileTarget..ctor() in C:\dev\NLog\src\NLog\Targets\FileTarget.cs:line 167
   at NLog.UnitTests.Targets.FileTargetTests.DateArchive_ArchiveOnceOnly(Boolean concurrentWrites, Boolean keepFileOpen, Boolean networkWrites, Boolean includeSequenceInArchive) in C:\dev\NLog\tests\NLog.UnitTests\Targets\FileTargetTests.cs:line 906]]></stack-trace>
        </failure>
      </test>
      <test name="NLog.UnitTests.Targets.WrappedFileTargetTests.DateArchive_ArchiveOnceOnly(concurrentWrites: True, keepFileOpen: True, networkWrites: False, includeSequenceInArchive: False)" type="NLog.UnitTests.Targets.WrappedFileTargetTests" method="DateArchive_ArchiveOnceOnly" time="0.0002278" result="Fail">
        <failure exception-type="System.ArgumentException">
          <message><![CDATA[System.ArgumentException : LayoutRenderer cannot be found: 'longdate']]></message>
          <stack-trace><![CDATA[   at NLog.Config.Factory`2.CreateInstance(String name) in C:\dev\NLog\src\NLog\Config\Factory.cs:line 199
   at NLog.Layouts.LayoutParser.ParseLayoutRenderer(ConfigurationItemFactory configurationItemFactory, SimpleStringReader sr) in C:\dev\NLog\src\NLog\Layouts\LayoutParser.cs:line 345
   at NLog.Layouts.LayoutParser.CompileLayout(ConfigurationItemFactory configurationItemFactory, SimpleStringReader sr, Boolean isNested, String& text) in C:\dev\NLog\src\NLog\Layouts\LayoutParser.cs:line 108
   at NLog.Layouts.SimpleLayout.set_Text(String value) in C:\dev\NLog\src\NLog\Layouts\SimpleLayout.cs:line 119
   at NLog.Layouts.SimpleLayout..ctor(String txt, ConfigurationItemFactory configurationItemFactory) in C:\dev\NLog\src\NLog\Layouts\SimpleLayout.cs:line 88
   at NLog.Layouts.Layout.FromString(String layoutText, ConfigurationItemFactory configurationItemFactory) in C:\dev\NLog\src\NLog\Layouts\Layout.cs:line 104
   at NLog.Layouts.Layout.FromString(String layoutText) in C:\dev\NLog\src\NLog\Layouts\Layout.cs:line 93
   at NLog.Layouts.Layout.op_Implicit(String text) in C:\dev\NLog\src\NLog\Layouts\Layout.cs:line 83
   at NLog.Targets.TargetWithLayout..ctor() in C:\dev\NLog\src\NLog\Targets\TargetWithLayout.cs:line 54
   at NLog.Targets.TargetWithLayoutHeaderAndFooter..ctor() in C:\dev\NLog\src\NLog\Targets\TargetWithLayoutHeaderAndFooter.cs:line 50
   at NLog.Targets.FileTarget..ctor() in C:\dev\NLog\src\NLog\Targets\FileTarget.cs:line 167
   at NLog.UnitTests.Targets.FileTargetTests.DateArchive_ArchiveOnceOnly(Boolean concurrentWrites, Boolean keepFileOpen, Boolean networkWrites, Boolean includeSequenceInArchive) in C:\dev\NLog\tests\NLog.UnitTests\Targets\FileTargetTests.cs:line 906]]></stack-trace>
        </failure>
      </test>
      <test name="NLog.UnitTests.Targets.WrappedFileTargetTests.DateArchive_ArchiveOnceOnly(concurrentWrites: True, keepFileOpen: False, networkWrites: True, includeSequenceInArchive: True)" type="NLog.UnitTests.Targets.WrappedFileTargetTests" method="DateArchive_ArchiveOnceOnly" time="0.0002059" result="Fail">
        <failure exception-type="System.ArgumentException">
          <message><![CDATA[System.ArgumentException : LayoutRenderer cannot be found: 'longdate']]></message>
          <stack-trace><![CDATA[   at NLog.Config.Factory`2.CreateInstance(String name) in C:\dev\NLog\src\NLog\Config\Factory.cs:line 199
   at NLog.Layouts.LayoutParser.ParseLayoutRenderer(ConfigurationItemFactory configurationItemFactory, SimpleStringReader sr) in C:\dev\NLog\src\NLog\Layouts\LayoutParser.cs:line 345
   at NLog.Layouts.LayoutParser.CompileLayout(ConfigurationItemFactory configurationItemFactory, SimpleStringReader sr, Boolean isNested, String& text) in C:\dev\NLog\src\NLog\Layouts\LayoutParser.cs:line 108
   at NLog.Layouts.SimpleLayout.set_Text(String value) in C:\dev\NLog\src\NLog\Layouts\SimpleLayout.cs:line 119
   at NLog.Layouts.SimpleLayout..ctor(String txt, ConfigurationItemFactory configurationItemFactory) in C:\dev\NLog\src\NLog\Layouts\SimpleLayout.cs:line 88
   at NLog.Layouts.Layout.FromString(String layoutText, ConfigurationItemFactory configurationItemFactory) in C:\dev\NLog\src\NLog\Layouts\Layout.cs:line 104
   at NLog.Layouts.Layout.FromString(String layoutText) in C:\dev\NLog\src\NLog\Layouts\Layout.cs:line 93
   at NLog.Layouts.Layout.op_Implicit(String text) in C:\dev\NLog\src\NLog\Layouts\Layout.cs:line 83
   at NLog.Targets.TargetWithLayout..ctor() in C:\dev\NLog\src\NLog\Targets\TargetWithLayout.cs:line 54
   at NLog.Targets.TargetWithLayoutHeaderAndFooter..ctor() in C:\dev\NLog\src\NLog\Targets\TargetWithLayoutHeaderAndFooter.cs:line 50
   at NLog.Targets.FileTarget..ctor() in C:\dev\NLog\src\NLog\Targets\FileTarget.cs:line 167
   at NLog.UnitTests.Targets.FileTargetTests.DateArchive_ArchiveOnceOnly(Boolean concurrentWrites, Boolean keepFileOpen, Boolean networkWrites, Boolean includeSequenceInArchive) in C:\dev\NLog\tests\NLog.UnitTests\Targets\FileTargetTests.cs:line 906]]></stack-trace>
        </failure>
      </test>
      <test name="NLog.UnitTests.Targets.WrappedFileTargetTests.DateArchive_ArchiveOnceOnly(concurrentWrites: True, keepFileOpen: False, networkWrites: True, includeSequenceInArchive: False)" type="NLog.UnitTests.Targets.WrappedFileTargetTests" method="DateArchive_ArchiveOnceOnly" time="0.0001915" result="Fail">
        <failure exception-type="System.ArgumentException">
          <message><![CDATA[System.ArgumentException : LayoutRenderer cannot be found: 'longdate']]></message>
          <stack-trace><![CDATA[   at NLog.Config.Factory`2.CreateInstance(String name) in C:\dev\NLog\src\NLog\Config\Factory.cs:line 199
   at NLog.Layouts.LayoutParser.ParseLayoutRenderer(ConfigurationItemFactory configurationItemFactory, SimpleStringReader sr) in C:\dev\NLog\src\NLog\Layouts\LayoutParser.cs:line 345
   at NLog.Layouts.LayoutParser.CompileLayout(ConfigurationItemFactory configurationItemFactory, SimpleStringReader sr, Boolean isNested, String& text) in C:\dev\NLog\src\NLog\Layouts\LayoutParser.cs:line 108
   at NLog.Layouts.SimpleLayout.set_Text(String value) in C:\dev\NLog\src\NLog\Layouts\SimpleLayout.cs:line 119
   at NLog.Layouts.SimpleLayout..ctor(String txt, ConfigurationItemFactory configurationItemFactory) in C:\dev\NLog\src\NLog\Layouts\SimpleLayout.cs:line 88
   at NLog.Layouts.Layout.FromString(String layoutText, ConfigurationItemFactory configurationItemFactory) in C:\dev\NLog\src\NLog\Layouts\Layout.cs:line 104
   at NLog.Layouts.Layout.FromString(String layoutText) in C:\dev\NLog\src\NLog\Layouts\Layout.cs:line 93
   at NLog.Layouts.Layout.op_Implicit(String text) in C:\dev\NLog\src\NLog\Layouts\Layout.cs:line 83
   at NLog.Targets.TargetWithLayout..ctor() in C:\dev\NLog\src\NLog\Targets\TargetWithLayout.cs:line 54
   at NLog.Targets.TargetWithLayoutHeaderAndFooter..ctor() in C:\dev\NLog\src\NLog\Targets\TargetWithLayoutHeaderAndFooter.cs:line 50
   at NLog.Targets.FileTarget..ctor() in C:\dev\NLog\src\NLog\Targets\FileTarget.cs:line 167
   at NLog.UnitTests.Targets.FileTargetTests.DateArchive_ArchiveOnceOnly(Boolean concurrentWrites, Boolean keepFileOpen, Boolean networkWrites, Boolean includeSequenceInArchive) in C:\dev\NLog\tests\NLog.UnitTests\Targets\FileTargetTests.cs:line 906]]></stack-trace>
        </failure>
      </test>
      <test name="NLog.UnitTests.Targets.WrappedFileTargetTests.DateArchive_ArchiveOnceOnly(concurrentWrites: True, keepFileOpen: False, networkWrites: False, includeSequenceInArchive: True)" type="NLog.UnitTests.Targets.WrappedFileTargetTests" method="DateArchive_ArchiveOnceOnly" time="0.0001893" result="Fail">
        <failure exception-type="System.ArgumentException">
          <message><![CDATA[System.ArgumentException : LayoutRenderer cannot be found: 'longdate']]></message>
          <stack-trace><![CDATA[   at NLog.Config.Factory`2.CreateInstance(String name) in C:\dev\NLog\src\NLog\Config\Factory.cs:line 199
   at NLog.Layouts.LayoutParser.ParseLayoutRenderer(ConfigurationItemFactory configurationItemFactory, SimpleStringReader sr) in C:\dev\NLog\src\NLog\Layouts\LayoutParser.cs:line 345
   at NLog.Layouts.LayoutParser.CompileLayout(ConfigurationItemFactory configurationItemFactory, SimpleStringReader sr, Boolean isNested, String& text) in C:\dev\NLog\src\NLog\Layouts\LayoutParser.cs:line 108
   at NLog.Layouts.SimpleLayout.set_Text(String value) in C:\dev\NLog\src\NLog\Layouts\SimpleLayout.cs:line 119
   at NLog.Layouts.SimpleLayout..ctor(String txt, ConfigurationItemFactory configurationItemFactory) in C:\dev\NLog\src\NLog\Layouts\SimpleLayout.cs:line 88
   at NLog.Layouts.Layout.FromString(String layoutText, ConfigurationItemFactory configurationItemFactory) in C:\dev\NLog\src\NLog\Layouts\Layout.cs:line 104
   at NLog.Layouts.Layout.FromString(String layoutText) in C:\dev\NLog\src\NLog\Layouts\Layout.cs:line 93
   at NLog.Layouts.Layout.op_Implicit(String text) in C:\dev\NLog\src\NLog\Layouts\Layout.cs:line 83
   at NLog.Targets.TargetWithLayout..ctor() in C:\dev\NLog\src\NLog\Targets\TargetWithLayout.cs:line 54
   at NLog.Targets.TargetWithLayoutHeaderAndFooter..ctor() in C:\dev\NLog\src\NLog\Targets\TargetWithLayoutHeaderAndFooter.cs:line 50
   at NLog.Targets.FileTarget..ctor() in C:\dev\NLog\src\NLog\Targets\FileTarget.cs:line 167
   at NLog.UnitTests.Targets.FileTargetTests.DateArchive_ArchiveOnceOnly(Boolean concurrentWrites, Boolean keepFileOpen, Boolean networkWrites, Boolean includeSequenceInArchive) in C:\dev\NLog\tests\NLog.UnitTests\Targets\FileTargetTests.cs:line 906]]></stack-trace>
        </failure>
      </test>
      <test name="NLog.UnitTests.Targets.WrappedFileTargetTests.DateArchive_ArchiveOnceOnly(concurrentWrites: True, keepFileOpen: False, networkWrites: False, includeSequenceInArchive: False)" type="NLog.UnitTests.Targets.WrappedFileTargetTests" method="DateArchive_ArchiveOnceOnly" time="0.0001976" result="Fail">
        <failure exception-type="System.ArgumentException">
          <message><![CDATA[System.ArgumentException : LayoutRenderer cannot be found: 'longdate']]></message>
          <stack-trace><![CDATA[   at NLog.Config.Factory`2.CreateInstance(String name) in C:\dev\NLog\src\NLog\Config\Factory.cs:line 199
   at NLog.Layouts.LayoutParser.ParseLayoutRenderer(ConfigurationItemFactory configurationItemFactory, SimpleStringReader sr) in C:\dev\NLog\src\NLog\Layouts\LayoutParser.cs:line 345
   at NLog.Layouts.LayoutParser.CompileLayout(ConfigurationItemFactory configurationItemFactory, SimpleStringReader sr, Boolean isNested, String& text) in C:\dev\NLog\src\NLog\Layouts\LayoutParser.cs:line 108
   at NLog.Layouts.SimpleLayout.set_Text(String value) in C:\dev\NLog\src\NLog\Layouts\SimpleLayout.cs:line 119
   at NLog.Layouts.SimpleLayout..ctor(String txt, ConfigurationItemFactory configurationItemFactory) in C:\dev\NLog\src\NLog\Layouts\SimpleLayout.cs:line 88
   at NLog.Layouts.Layout.FromString(String layoutText, ConfigurationItemFactory configurationItemFactory) in C:\dev\NLog\src\NLog\Layouts\Layout.cs:line 104
   at NLog.Layouts.Layout.FromString(String layoutText) in C:\dev\NLog\src\NLog\Layouts\Layout.cs:line 93
   at NLog.Layouts.Layout.op_Implicit(String text) in C:\dev\NLog\src\NLog\Layouts\Layout.cs:line 83
   at NLog.Targets.TargetWithLayout..ctor() in C:\dev\NLog\src\NLog\Targets\TargetWithLayout.cs:line 54
   at NLog.Targets.TargetWithLayoutHeaderAndFooter..ctor() in C:\dev\NLog\src\NLog\Targets\TargetWithLayoutHeaderAndFooter.cs:line 50
   at NLog.Targets.FileTarget..ctor() in C:\dev\NLog\src\NLog\Targets\FileTarget.cs:line 167
   at NLog.UnitTests.Targets.FileTargetTests.DateArchive_ArchiveOnceOnly(Boolean concurrentWrites, Boolean keepFileOpen, Boolean networkWrites, Boolean includeSequenceInArchive) in C:\dev\NLog\tests\NLog.UnitTests\Targets\FileTargetTests.cs:line 906]]></stack-trace>
        </failure>
      </test>
      <test name="NLog.UnitTests.Targets.WrappedFileTargetTests.DateArchive_ArchiveOnceOnly(concurrentWrites: False, keepFileOpen: True, networkWrites: True, includeSequenceInArchive: True)" type="NLog.UnitTests.Targets.WrappedFileTargetTests" method="DateArchive_ArchiveOnceOnly" time="0.0001805" result="Fail">
        <failure exception-type="System.ArgumentException">
          <message><![CDATA[System.ArgumentException : LayoutRenderer cannot be found: 'longdate']]></message>
          <stack-trace><![CDATA[   at NLog.Config.Factory`2.CreateInstance(String name) in C:\dev\NLog\src\NLog\Config\Factory.cs:line 199
   at NLog.Layouts.LayoutParser.ParseLayoutRenderer(ConfigurationItemFactory configurationItemFactory, SimpleStringReader sr) in C:\dev\NLog\src\NLog\Layouts\LayoutParser.cs:line 345
   at NLog.Layouts.LayoutParser.CompileLayout(ConfigurationItemFactory configurationItemFactory, SimpleStringReader sr, Boolean isNested, String& text) in C:\dev\NLog\src\NLog\Layouts\LayoutParser.cs:line 108
   at NLog.Layouts.SimpleLayout.set_Text(String value) in C:\dev\NLog\src\NLog\Layouts\SimpleLayout.cs:line 119
   at NLog.Layouts.SimpleLayout..ctor(String txt, ConfigurationItemFactory configurationItemFactory) in C:\dev\NLog\src\NLog\Layouts\SimpleLayout.cs:line 88
   at NLog.Layouts.Layout.FromString(String layoutText, ConfigurationItemFactory configurationItemFactory) in C:\dev\NLog\src\NLog\Layouts\Layout.cs:line 104
   at NLog.Layouts.Layout.FromString(String layoutText) in C:\dev\NLog\src\NLog\Layouts\Layout.cs:line 93
   at NLog.Layouts.Layout.op_Implicit(String text) in C:\dev\NLog\src\NLog\Layouts\Layout.cs:line 83
   at NLog.Targets.TargetWithLayout..ctor() in C:\dev\NLog\src\NLog\Targets\TargetWithLayout.cs:line 54
   at NLog.Targets.TargetWithLayoutHeaderAndFooter..ctor() in C:\dev\NLog\src\NLog\Targets\TargetWithLayoutHeaderAndFooter.cs:line 50
   at NLog.Targets.FileTarget..ctor() in C:\dev\NLog\src\NLog\Targets\FileTarget.cs:line 167
   at NLog.UnitTests.Targets.FileTargetTests.DateArchive_ArchiveOnceOnly(Boolean concurrentWrites, Boolean keepFileOpen, Boolean networkWrites, Boolean includeSequenceInArchive) in C:\dev\NLog\tests\NLog.UnitTests\Targets\FileTargetTests.cs:line 906]]></stack-trace>
        </failure>
      </test>
      <test name="NLog.UnitTests.Targets.WrappedFileTargetTests.DateArchive_ArchiveOnceOnly(concurrentWrites: False, keepFileOpen: True, networkWrites: True, includeSequenceInArchive: False)" type="NLog.UnitTests.Targets.WrappedFileTargetTests" method="DateArchive_ArchiveOnceOnly" time="0.000177" result="Fail">
        <failure exception-type="System.ArgumentException">
          <message><![CDATA[System.ArgumentException : LayoutRenderer cannot be found: 'longdate']]></message>
          <stack-trace><![CDATA[   at NLog.Config.Factory`2.CreateInstance(String name) in C:\dev\NLog\src\NLog\Config\Factory.cs:line 199
   at NLog.Layouts.LayoutParser.ParseLayoutRenderer(ConfigurationItemFactory configurationItemFactory, SimpleStringReader sr) in C:\dev\NLog\src\NLog\Layouts\LayoutParser.cs:line 345
   at NLog.Layouts.LayoutParser.CompileLayout(ConfigurationItemFactory configurationItemFactory, SimpleStringReader sr, Boolean isNested, String& text) in C:\dev\NLog\src\NLog\Layouts\LayoutParser.cs:line 108
   at NLog.Layouts.SimpleLayout.set_Text(String value) in C:\dev\NLog\src\NLog\Layouts\SimpleLayout.cs:line 119
   at NLog.Layouts.SimpleLayout..ctor(String txt, ConfigurationItemFactory configurationItemFactory) in C:\dev\NLog\src\NLog\Layouts\SimpleLayout.cs:line 88
   at NLog.Layouts.Layout.FromString(String layoutText, ConfigurationItemFactory configurationItemFactory) in C:\dev\NLog\src\NLog\Layouts\Layout.cs:line 104
   at NLog.Layouts.Layout.FromString(String layoutText) in C:\dev\NLog\src\NLog\Layouts\Layout.cs:line 93
   at NLog.Layouts.Layout.op_Implicit(String text) in C:\dev\NLog\src\NLog\Layouts\Layout.cs:line 83
   at NLog.Targets.TargetWithLayout..ctor() in C:\dev\NLog\src\NLog\Targets\TargetWithLayout.cs:line 54
   at NLog.Targets.TargetWithLayoutHeaderAndFooter..ctor() in C:\dev\NLog\src\NLog\Targets\TargetWithLayoutHeaderAndFooter.cs:line 50
   at NLog.Targets.FileTarget..ctor() in C:\dev\NLog\src\NLog\Targets\FileTarget.cs:line 167
   at NLog.UnitTests.Targets.FileTargetTests.DateArchive_ArchiveOnceOnly(Boolean concurrentWrites, Boolean keepFileOpen, Boolean networkWrites, Boolean includeSequenceInArchive) in C:\dev\NLog\tests\NLog.UnitTests\Targets\FileTargetTests.cs:line 906]]></stack-trace>
        </failure>
      </test>
      <test name="NLog.UnitTests.Targets.WrappedFileTargetTests.DateArchive_ArchiveOnceOnly(concurrentWrites: False, keepFileOpen: False, networkWrites: True, includeSequenceInArchive: True)" type="NLog.UnitTests.Targets.WrappedFileTargetTests" method="DateArchive_ArchiveOnceOnly" time="0.0001752" result="Fail">
        <failure exception-type="System.ArgumentException">
          <message><![CDATA[System.ArgumentException : LayoutRenderer cannot be found: 'longdate']]></message>
          <stack-trace><![CDATA[   at NLog.Config.Factory`2.CreateInstance(String name) in C:\dev\NLog\src\NLog\Config\Factory.cs:line 199
   at NLog.Layouts.LayoutParser.ParseLayoutRenderer(ConfigurationItemFactory configurationItemFactory, SimpleStringReader sr) in C:\dev\NLog\src\NLog\Layouts\LayoutParser.cs:line 345
   at NLog.Layouts.LayoutParser.CompileLayout(ConfigurationItemFactory configurationItemFactory, SimpleStringReader sr, Boolean isNested, String& text) in C:\dev\NLog\src\NLog\Layouts\LayoutParser.cs:line 108
   at NLog.Layouts.SimpleLayout.set_Text(String value) in C:\dev\NLog\src\NLog\Layouts\SimpleLayout.cs:line 119
   at NLog.Layouts.SimpleLayout..ctor(String txt, ConfigurationItemFactory configurationItemFactory) in C:\dev\NLog\src\NLog\Layouts\SimpleLayout.cs:line 88
   at NLog.Layouts.Layout.FromString(String layoutText, ConfigurationItemFactory configurationItemFactory) in C:\dev\NLog\src\NLog\Layouts\Layout.cs:line 104
   at NLog.Layouts.Layout.FromString(String layoutText) in C:\dev\NLog\src\NLog\Layouts\Layout.cs:line 93
   at NLog.Layouts.Layout.op_Implicit(String text) in C:\dev\NLog\src\NLog\Layouts\Layout.cs:line 83
   at NLog.Targets.TargetWithLayout..ctor() in C:\dev\NLog\src\NLog\Targets\TargetWithLayout.cs:line 54
   at NLog.Targets.TargetWithLayoutHeaderAndFooter..ctor() in C:\dev\NLog\src\NLog\Targets\TargetWithLayoutHeaderAndFooter.cs:line 50
   at NLog.Targets.FileTarget..ctor() in C:\dev\NLog\src\NLog\Targets\FileTarget.cs:line 167
   at NLog.UnitTests.Targets.FileTargetTests.DateArchive_ArchiveOnceOnly(Boolean concurrentWrites, Boolean keepFileOpen, Boolean networkWrites, Boolean includeSequenceInArchive) in C:\dev\NLog\tests\NLog.UnitTests\Targets\FileTargetTests.cs:line 906]]></stack-trace>
        </failure>
      </test>
      <test name="NLog.UnitTests.Targets.WrappedFileTargetTests.DateArchive_ArchiveOnceOnly(concurrentWrites: False, keepFileOpen: False, networkWrites: True, includeSequenceInArchive: False)" type="NLog.UnitTests.Targets.WrappedFileTargetTests" method="DateArchive_ArchiveOnceOnly" time="0.0001757" result="Fail">
        <failure exception-type="System.ArgumentException">
          <message><![CDATA[System.ArgumentException : LayoutRenderer cannot be found: 'longdate']]></message>
          <stack-trace><![CDATA[   at NLog.Config.Factory`2.CreateInstance(String name) in C:\dev\NLog\src\NLog\Config\Factory.cs:line 199
   at NLog.Layouts.LayoutParser.ParseLayoutRenderer(ConfigurationItemFactory configurationItemFactory, SimpleStringReader sr) in C:\dev\NLog\src\NLog\Layouts\LayoutParser.cs:line 345
   at NLog.Layouts.LayoutParser.CompileLayout(ConfigurationItemFactory configurationItemFactory, SimpleStringReader sr, Boolean isNested, String& text) in C:\dev\NLog\src\NLog\Layouts\LayoutParser.cs:line 108
   at NLog.Layouts.SimpleLayout.set_Text(String value) in C:\dev\NLog\src\NLog\Layouts\SimpleLayout.cs:line 119
   at NLog.Layouts.SimpleLayout..ctor(String txt, ConfigurationItemFactory configurationItemFactory) in C:\dev\NLog\src\NLog\Layouts\SimpleLayout.cs:line 88
   at NLog.Layouts.Layout.FromString(String layoutText, ConfigurationItemFactory configurationItemFactory) in C:\dev\NLog\src\NLog\Layouts\Layout.cs:line 104
   at NLog.Layouts.Layout.FromString(String layoutText) in C:\dev\NLog\src\NLog\Layouts\Layout.cs:line 93
   at NLog.Layouts.Layout.op_Implicit(String text) in C:\dev\NLog\src\NLog\Layouts\Layout.cs:line 83
   at NLog.Targets.TargetWithLayout..ctor() in C:\dev\NLog\src\NLog\Targets\TargetWithLayout.cs:line 54
   at NLog.Targets.TargetWithLayoutHeaderAndFooter..ctor() in C:\dev\NLog\src\NLog\Targets\TargetWithLayoutHeaderAndFooter.cs:line 50
   at NLog.Targets.FileTarget..ctor() in C:\dev\NLog\src\NLog\Targets\FileTarget.cs:line 167
   at NLog.UnitTests.Targets.FileTargetTests.DateArchive_ArchiveOnceOnly(Boolean concurrentWrites, Boolean keepFileOpen, Boolean networkWrites, Boolean includeSequenceInArchive) in C:\dev\NLog\tests\NLog.UnitTests\Targets\FileTargetTests.cs:line 906]]></stack-trace>
        </failure>
      </test>
      <test name="NLog.UnitTests.Targets.WrappedFileTargetTests.DateArchive_ArchiveOnceOnly(concurrentWrites: False, keepFileOpen: False, networkWrites: False, includeSequenceInArchive: True)" type="NLog.UnitTests.Targets.WrappedFileTargetTests" method="DateArchive_ArchiveOnceOnly" time="0.0001736" result="Fail">
        <failure exception-type="System.ArgumentException">
          <message><![CDATA[System.ArgumentException : LayoutRenderer cannot be found: 'longdate']]></message>
          <stack-trace><![CDATA[   at NLog.Config.Factory`2.CreateInstance(String name) in C:\dev\NLog\src\NLog\Config\Factory.cs:line 199
   at NLog.Layouts.LayoutParser.ParseLayoutRenderer(ConfigurationItemFactory configurationItemFactory, SimpleStringReader sr) in C:\dev\NLog\src\NLog\Layouts\LayoutParser.cs:line 345
   at NLog.Layouts.LayoutParser.CompileLayout(ConfigurationItemFactory configurationItemFactory, SimpleStringReader sr, Boolean isNested, String& text) in C:\dev\NLog\src\NLog\Layouts\LayoutParser.cs:line 108
   at NLog.Layouts.SimpleLayout.set_Text(String value) in C:\dev\NLog\src\NLog\Layouts\SimpleLayout.cs:line 119
   at NLog.Layouts.SimpleLayout..ctor(String txt, ConfigurationItemFactory configurationItemFactory) in C:\dev\NLog\src\NLog\Layouts\SimpleLayout.cs:line 88
   at NLog.Layouts.Layout.FromString(String layoutText, ConfigurationItemFactory configurationItemFactory) in C:\dev\NLog\src\NLog\Layouts\Layout.cs:line 104
   at NLog.Layouts.Layout.FromString(String layoutText) in C:\dev\NLog\src\NLog\Layouts\Layout.cs:line 93
   at NLog.Layouts.Layout.op_Implicit(String text) in C:\dev\NLog\src\NLog\Layouts\Layout.cs:line 83
   at NLog.Targets.TargetWithLayout..ctor() in C:\dev\NLog\src\NLog\Targets\TargetWithLayout.cs:line 54
   at NLog.Targets.TargetWithLayoutHeaderAndFooter..ctor() in C:\dev\NLog\src\NLog\Targets\TargetWithLayoutHeaderAndFooter.cs:line 50
   at NLog.Targets.FileTarget..ctor() in C:\dev\NLog\src\NLog\Targets\FileTarget.cs:line 167
   at NLog.UnitTests.Targets.FileTargetTests.DateArchive_ArchiveOnceOnly(Boolean concurrentWrites, Boolean keepFileOpen, Boolean networkWrites, Boolean includeSequenceInArchive) in C:\dev\NLog\tests\NLog.UnitTests\Targets\FileTargetTests.cs:line 906]]></stack-trace>
        </failure>
      </test>
      <test name="NLog.UnitTests.Targets.WrappedFileTargetTests.DateArchive_ArchiveOnceOnly(concurrentWrites: False, keepFileOpen: False, networkWrites: False, includeSequenceInArchive: False)" type="NLog.UnitTests.Targets.WrappedFileTargetTests" method="DateArchive_ArchiveOnceOnly" time="0.0001719" result="Fail">
        <failure exception-type="System.ArgumentException">
          <message><![CDATA[System.ArgumentException : LayoutRenderer cannot be found: 'longdate']]></message>
          <stack-trace><![CDATA[   at NLog.Config.Factory`2.CreateInstance(String name) in C:\dev\NLog\src\NLog\Config\Factory.cs:line 199
   at NLog.Layouts.LayoutParser.ParseLayoutRenderer(ConfigurationItemFactory configurationItemFactory, SimpleStringReader sr) in C:\dev\NLog\src\NLog\Layouts\LayoutParser.cs:line 345
   at NLog.Layouts.LayoutParser.CompileLayout(ConfigurationItemFactory configurationItemFactory, SimpleStringReader sr, Boolean isNested, String& text) in C:\dev\NLog\src\NLog\Layouts\LayoutParser.cs:line 108
   at NLog.Layouts.SimpleLayout.set_Text(String value) in C:\dev\NLog\src\NLog\Layouts\SimpleLayout.cs:line 119
   at NLog.Layouts.SimpleLayout..ctor(String txt, ConfigurationItemFactory configurationItemFactory) in C:\dev\NLog\src\NLog\Layouts\SimpleLayout.cs:line 88
   at NLog.Layouts.Layout.FromString(String layoutText, ConfigurationItemFactory configurationItemFactory) in C:\dev\NLog\src\NLog\Layouts\Layout.cs:line 104
   at NLog.Layouts.Layout.FromString(String layoutText) in C:\dev\NLog\src\NLog\Layouts\Layout.cs:line 93
   at NLog.Layouts.Layout.op_Implicit(String text) in C:\dev\NLog\src\NLog\Layouts\Layout.cs:line 83
   at NLog.Targets.TargetWithLayout..ctor() in C:\dev\NLog\src\NLog\Targets\TargetWithLayout.cs:line 54
   at NLog.Targets.TargetWithLayoutHeaderAndFooter..ctor() in C:\dev\NLog\src\NLog\Targets\TargetWithLayoutHeaderAndFooter.cs:line 50
   at NLog.Targets.FileTarget..ctor() in C:\dev\NLog\src\NLog\Targets\FileTarget.cs:line 167
   at NLog.UnitTests.Targets.FileTargetTests.DateArchive_ArchiveOnceOnly(Boolean concurrentWrites, Boolean keepFileOpen, Boolean networkWrites, Boolean includeSequenceInArchive) in C:\dev\NLog\tests\NLog.UnitTests\Targets\FileTargetTests.cs:line 906]]></stack-trace>
        </failure>
      </test>
      <test name="NLog.UnitTests.Targets.WrappedFileTargetTests.CsvHeaderTest" type="NLog.UnitTests.Targets.WrappedFileTargetTests" method="CsvHeaderTest" time="0.0010126" result="Fail">
        <failure exception-type="System.ArgumentException">
          <message><![CDATA[System.ArgumentException : LayoutRenderer cannot be found: 'logger']]></message>
          <stack-trace><![CDATA[   at NLog.Config.Factory`2.CreateInstance(String name) in C:\dev\NLog\src\NLog\Config\Factory.cs:line 199
   at NLog.Layouts.LayoutParser.ParseLayoutRenderer(ConfigurationItemFactory configurationItemFactory, SimpleStringReader sr) in C:\dev\NLog\src\NLog\Layouts\LayoutParser.cs:line 345
   at NLog.Layouts.LayoutParser.CompileLayout(ConfigurationItemFactory configurationItemFactory, SimpleStringReader sr, Boolean isNested, String& text) in C:\dev\NLog\src\NLog\Layouts\LayoutParser.cs:line 108
   at NLog.Layouts.SimpleLayout.set_Text(String value) in C:\dev\NLog\src\NLog\Layouts\SimpleLayout.cs:line 119
   at NLog.Layouts.SimpleLayout..ctor(String txt, ConfigurationItemFactory configurationItemFactory) in C:\dev\NLog\src\NLog\Layouts\SimpleLayout.cs:line 88
   at NLog.Layouts.Layout.FromString(String layoutText, ConfigurationItemFactory configurationItemFactory) in C:\dev\NLog\src\NLog\Layouts\Layout.cs:line 104
   at NLog.Layouts.Layout.FromString(String layoutText) in C:\dev\NLog\src\NLog\Layouts\Layout.cs:line 93
   at NLog.Layouts.Layout.op_Implicit(String text) in C:\dev\NLog\src\NLog\Layouts\Layout.cs:line 83
   at NLog.UnitTests.Targets.FileTargetTests.CsvHeaderTest() in C:\dev\NLog\tests\NLog.UnitTests\Targets\FileTargetTests.cs:line 117]]></stack-trace>
        </failure>
      </test>
      <test name="NLog.UnitTests.Targets.WrappedFileTargetTests.MultiFileWrite" type="NLog.UnitTests.Targets.WrappedFileTargetTests" method="MultiFileWrite" time="0.0002767" result="Fail">
        <failure exception-type="System.ArgumentException">
          <message><![CDATA[System.ArgumentException : LayoutRenderer cannot be found: 'longdate']]></message>
          <stack-trace><![CDATA[   at NLog.Config.Factory`2.CreateInstance(String name) in C:\dev\NLog\src\NLog\Config\Factory.cs:line 199
   at NLog.Layouts.LayoutParser.ParseLayoutRenderer(ConfigurationItemFactory configurationItemFactory, SimpleStringReader sr) in C:\dev\NLog\src\NLog\Layouts\LayoutParser.cs:line 345
   at NLog.Layouts.LayoutParser.CompileLayout(ConfigurationItemFactory configurationItemFactory, SimpleStringReader sr, Boolean isNested, String& text) in C:\dev\NLog\src\NLog\Layouts\LayoutParser.cs:line 108
   at NLog.Layouts.SimpleLayout.set_Text(String value) in C:\dev\NLog\src\NLog\Layouts\SimpleLayout.cs:line 119
   at NLog.Layouts.SimpleLayout..ctor(String txt, ConfigurationItemFactory configurationItemFactory) in C:\dev\NLog\src\NLog\Layouts\SimpleLayout.cs:line 88
   at NLog.Layouts.Layout.FromString(String layoutText, ConfigurationItemFactory configurationItemFactory) in C:\dev\NLog\src\NLog\Layouts\Layout.cs:line 104
   at NLog.Layouts.Layout.FromString(String layoutText) in C:\dev\NLog\src\NLog\Layouts\Layout.cs:line 93
   at NLog.Layouts.Layout.op_Implicit(String text) in C:\dev\NLog\src\NLog\Layouts\Layout.cs:line 83
   at NLog.Targets.TargetWithLayout..ctor() in C:\dev\NLog\src\NLog\Targets\TargetWithLayout.cs:line 54
   at NLog.Targets.TargetWithLayoutHeaderAndFooter..ctor() in C:\dev\NLog\src\NLog\Targets\TargetWithLayoutHeaderAndFooter.cs:line 50
   at NLog.Targets.FileTarget..ctor() in C:\dev\NLog\src\NLog\Targets\FileTarget.cs:line 167
   at NLog.UnitTests.Targets.FileTargetTests.MultiFileWrite() in C:\dev\NLog\tests\NLog.UnitTests\Targets\FileTargetTests.cs:line 1510]]></stack-trace>
        </failure>
      </test>
      <test name="NLog.UnitTests.Targets.WrappedFileTargetTests.RollingArchiveTest_MaxArchiveFiles_0(slash: &quot;/&quot;)" type="NLog.UnitTests.Targets.WrappedFileTargetTests" method="RollingArchiveTest_MaxArchiveFiles_0" time="0.0002837" result="Fail">
        <failure exception-type="System.ArgumentException">
          <message><![CDATA[System.ArgumentException : LayoutRenderer cannot be found: 'longdate']]></message>
          <stack-trace><![CDATA[   at NLog.Config.Factory`2.CreateInstance(String name) in C:\dev\NLog\src\NLog\Config\Factory.cs:line 199
   at NLog.Layouts.LayoutParser.ParseLayoutRenderer(ConfigurationItemFactory configurationItemFactory, SimpleStringReader sr) in C:\dev\NLog\src\NLog\Layouts\LayoutParser.cs:line 345
   at NLog.Layouts.LayoutParser.CompileLayout(ConfigurationItemFactory configurationItemFactory, SimpleStringReader sr, Boolean isNested, String& text) in C:\dev\NLog\src\NLog\Layouts\LayoutParser.cs:line 108
   at NLog.Layouts.SimpleLayout.set_Text(String value) in C:\dev\NLog\src\NLog\Layouts\SimpleLayout.cs:line 119
   at NLog.Layouts.SimpleLayout..ctor(String txt, ConfigurationItemFactory configurationItemFactory) in C:\dev\NLog\src\NLog\Layouts\SimpleLayout.cs:line 88
   at NLog.Layouts.Layout.FromString(String layoutText, ConfigurationItemFactory configurationItemFactory) in C:\dev\NLog\src\NLog\Layouts\Layout.cs:line 104
   at NLog.Layouts.Layout.FromString(String layoutText) in C:\dev\NLog\src\NLog\Layouts\Layout.cs:line 93
   at NLog.Layouts.Layout.op_Implicit(String text) in C:\dev\NLog\src\NLog\Layouts\Layout.cs:line 83
   at NLog.Targets.TargetWithLayout..ctor() in C:\dev\NLog\src\NLog\Targets\TargetWithLayout.cs:line 54
   at NLog.Targets.TargetWithLayoutHeaderAndFooter..ctor() in C:\dev\NLog\src\NLog\Targets\TargetWithLayoutHeaderAndFooter.cs:line 50
   at NLog.Targets.FileTarget..ctor() in C:\dev\NLog\src\NLog\Targets\FileTarget.cs:line 167
   at NLog.UnitTests.Targets.FileTargetTests.RollingArchiveTest_MaxArchiveFiles_0(String slash) in C:\dev\NLog\tests\NLog.UnitTests\Targets\FileTargetTests.cs:line 1442]]></stack-trace>
        </failure>
      </test>
      <test name="NLog.UnitTests.Targets.WrappedFileTargetTests.RollingArchiveTest_MaxArchiveFiles_0(slash: &quot;\&quot;)" type="NLog.UnitTests.Targets.WrappedFileTargetTests" method="RollingArchiveTest_MaxArchiveFiles_0" time="0.000233" result="Fail">
        <failure exception-type="System.ArgumentException">
          <message><![CDATA[System.ArgumentException : LayoutRenderer cannot be found: 'longdate']]></message>
          <stack-trace><![CDATA[   at NLog.Config.Factory`2.CreateInstance(String name) in C:\dev\NLog\src\NLog\Config\Factory.cs:line 199
   at NLog.Layouts.LayoutParser.ParseLayoutRenderer(ConfigurationItemFactory configurationItemFactory, SimpleStringReader sr) in C:\dev\NLog\src\NLog\Layouts\LayoutParser.cs:line 345
   at NLog.Layouts.LayoutParser.CompileLayout(ConfigurationItemFactory configurationItemFactory, SimpleStringReader sr, Boolean isNested, String& text) in C:\dev\NLog\src\NLog\Layouts\LayoutParser.cs:line 108
   at NLog.Layouts.SimpleLayout.set_Text(String value) in C:\dev\NLog\src\NLog\Layouts\SimpleLayout.cs:line 119
   at NLog.Layouts.SimpleLayout..ctor(String txt, ConfigurationItemFactory configurationItemFactory) in C:\dev\NLog\src\NLog\Layouts\SimpleLayout.cs:line 88
   at NLog.Layouts.Layout.FromString(String layoutText, ConfigurationItemFactory configurationItemFactory) in C:\dev\NLog\src\NLog\Layouts\Layout.cs:line 104
   at NLog.Layouts.Layout.FromString(String layoutText) in C:\dev\NLog\src\NLog\Layouts\Layout.cs:line 93
   at NLog.Layouts.Layout.op_Implicit(String text) in C:\dev\NLog\src\NLog\Layouts\Layout.cs:line 83
   at NLog.Targets.TargetWithLayout..ctor() in C:\dev\NLog\src\NLog\Targets\TargetWithLayout.cs:line 54
   at NLog.Targets.TargetWithLayoutHeaderAndFooter..ctor() in C:\dev\NLog\src\NLog\Targets\TargetWithLayoutHeaderAndFooter.cs:line 50
   at NLog.Targets.FileTarget..ctor() in C:\dev\NLog\src\NLog\Targets\FileTarget.cs:line 167
   at NLog.UnitTests.Targets.FileTargetTests.RollingArchiveTest_MaxArchiveFiles_0(String slash) in C:\dev\NLog\tests\NLog.UnitTests\Targets\FileTargetTests.cs:line 1442]]></stack-trace>
        </failure>
      </test>
      <test name="NLog.UnitTests.Targets.LineEndingModeTests.LineEndingModeInequalityTest" type="NLog.UnitTests.Targets.LineEndingModeTests" method="LineEndingModeInequalityTest" time="0.0005062" result="Pass" />
      <test name="NLog.UnitTests.Targets.LineEndingModeTests.LineEndingModeToStringTest" type="NLog.UnitTests.Targets.LineEndingModeTests" method="LineEndingModeToStringTest" time="0.0002562" result="Pass" />
      <test name="NLog.UnitTests.Targets.LineEndingModeTests.LineEndingModeNullComparison" type="NLog.UnitTests.Targets.LineEndingModeTests" method="LineEndingModeNullComparison" time="0.0002245" result="Pass" />
      <test name="NLog.UnitTests.Targets.LineEndingModeTests.LineEndingModeEqualityTest" type="NLog.UnitTests.Targets.LineEndingModeTests" method="LineEndingModeEqualityTest" time="0.00017" result="Pass" />
      <test name="NLog.UnitTests.Targets.MemoryTargetTests.MemoryTarget_ClearLogsTest" type="NLog.UnitTests.Targets.MemoryTargetTests" method="MemoryTarget_ClearLogsTest" time="0.0006424" result="Fail">
        <failure exception-type="System.ArgumentException">
          <message><![CDATA[System.ArgumentException : LayoutRenderer cannot be found: 'longdate']]></message>
          <stack-trace><![CDATA[   at NLog.Config.Factory`2.CreateInstance(String name) in C:\dev\NLog\src\NLog\Config\Factory.cs:line 199
   at NLog.Layouts.LayoutParser.ParseLayoutRenderer(ConfigurationItemFactory configurationItemFactory, SimpleStringReader sr) in C:\dev\NLog\src\NLog\Layouts\LayoutParser.cs:line 345
   at NLog.Layouts.LayoutParser.CompileLayout(ConfigurationItemFactory configurationItemFactory, SimpleStringReader sr, Boolean isNested, String& text) in C:\dev\NLog\src\NLog\Layouts\LayoutParser.cs:line 108
   at NLog.Layouts.SimpleLayout.set_Text(String value) in C:\dev\NLog\src\NLog\Layouts\SimpleLayout.cs:line 119
   at NLog.Layouts.SimpleLayout..ctor(String txt, ConfigurationItemFactory configurationItemFactory) in C:\dev\NLog\src\NLog\Layouts\SimpleLayout.cs:line 88
   at NLog.Layouts.Layout.FromString(String layoutText, ConfigurationItemFactory configurationItemFactory) in C:\dev\NLog\src\NLog\Layouts\Layout.cs:line 104
   at NLog.Layouts.Layout.FromString(String layoutText) in C:\dev\NLog\src\NLog\Layouts\Layout.cs:line 93
   at NLog.Layouts.Layout.op_Implicit(String text) in C:\dev\NLog\src\NLog\Layouts\Layout.cs:line 83
   at NLog.Targets.TargetWithLayout..ctor() in C:\dev\NLog\src\NLog\Targets\TargetWithLayout.cs:line 54
   at NLog.Targets.MemoryTarget..ctor() in C:\dev\NLog\src\NLog\Targets\MemoryTarget.cs:line 66
   at NLog.UnitTests.Targets.MemoryTargetTests.MemoryTarget_ClearLogsTest() in C:\dev\NLog\tests\NLog.UnitTests\Targets\MemoryTargetTests.cs:line 126]]></stack-trace>
        </failure>
      </test>
      <test name="NLog.UnitTests.Targets.MemoryTargetTests.MemoryTarget_EmptyMessageTest" type="NLog.UnitTests.Targets.MemoryTargetTests" method="MemoryTarget_EmptyMessageTest" time="0.0004389" result="Fail">
        <failure exception-type="System.ArgumentException">
          <message><![CDATA[System.ArgumentException : LayoutRenderer cannot be found: 'longdate']]></message>
          <stack-trace><![CDATA[   at NLog.Config.Factory`2.CreateInstance(String name) in C:\dev\NLog\src\NLog\Config\Factory.cs:line 199
   at NLog.Layouts.LayoutParser.ParseLayoutRenderer(ConfigurationItemFactory configurationItemFactory, SimpleStringReader sr) in C:\dev\NLog\src\NLog\Layouts\LayoutParser.cs:line 345
   at NLog.Layouts.LayoutParser.CompileLayout(ConfigurationItemFactory configurationItemFactory, SimpleStringReader sr, Boolean isNested, String& text) in C:\dev\NLog\src\NLog\Layouts\LayoutParser.cs:line 108
   at NLog.Layouts.SimpleLayout.set_Text(String value) in C:\dev\NLog\src\NLog\Layouts\SimpleLayout.cs:line 119
   at NLog.Layouts.SimpleLayout..ctor(String txt, ConfigurationItemFactory configurationItemFactory) in C:\dev\NLog\src\NLog\Layouts\SimpleLayout.cs:line 88
   at NLog.Layouts.Layout.FromString(String layoutText, ConfigurationItemFactory configurationItemFactory) in C:\dev\NLog\src\NLog\Layouts\Layout.cs:line 104
   at NLog.Layouts.Layout.FromString(String layoutText) in C:\dev\NLog\src\NLog\Layouts\Layout.cs:line 93
   at NLog.Layouts.Layout.op_Implicit(String text) in C:\dev\NLog\src\NLog\Layouts\Layout.cs:line 83
   at NLog.Targets.TargetWithLayout..ctor() in C:\dev\NLog\src\NLog\Targets\TargetWithLayout.cs:line 54
   at NLog.Targets.MemoryTarget..ctor() in C:\dev\NLog\src\NLog\Targets\MemoryTarget.cs:line 66
   at NLog.UnitTests.Targets.MemoryTargetTests.MemoryTarget_EmptyMessageTest() in C:\dev\NLog\tests\NLog.UnitTests\Targets\MemoryTargetTests.cs:line 186]]></stack-trace>
        </failure>
      </test>
      <test name="NLog.UnitTests.Targets.MemoryTargetTests.MemoryTarget_ReconfigureTest_SameTarget_ExpectLogsEmptied" type="NLog.UnitTests.Targets.MemoryTargetTests" method="MemoryTarget_ReconfigureTest_SameTarget_ExpectLogsEmptied" time="0.0005543" result="Fail">
        <failure exception-type="System.ArgumentException">
          <message><![CDATA[System.ArgumentException : LayoutRenderer cannot be found: 'longdate']]></message>
          <stack-trace><![CDATA[   at NLog.Config.Factory`2.CreateInstance(String name) in C:\dev\NLog\src\NLog\Config\Factory.cs:line 199
   at NLog.Layouts.LayoutParser.ParseLayoutRenderer(ConfigurationItemFactory configurationItemFactory, SimpleStringReader sr) in C:\dev\NLog\src\NLog\Layouts\LayoutParser.cs:line 345
   at NLog.Layouts.LayoutParser.CompileLayout(ConfigurationItemFactory configurationItemFactory, SimpleStringReader sr, Boolean isNested, String& text) in C:\dev\NLog\src\NLog\Layouts\LayoutParser.cs:line 108
   at NLog.Layouts.SimpleLayout.set_Text(String value) in C:\dev\NLog\src\NLog\Layouts\SimpleLayout.cs:line 119
   at NLog.Layouts.SimpleLayout..ctor(String txt, ConfigurationItemFactory configurationItemFactory) in C:\dev\NLog\src\NLog\Layouts\SimpleLayout.cs:line 88
   at NLog.Layouts.Layout.FromString(String layoutText, ConfigurationItemFactory configurationItemFactory) in C:\dev\NLog\src\NLog\Layouts\Layout.cs:line 104
   at NLog.Layouts.Layout.FromString(String layoutText) in C:\dev\NLog\src\NLog\Layouts\Layout.cs:line 93
   at NLog.Layouts.Layout.op_Implicit(String text) in C:\dev\NLog\src\NLog\Layouts\Layout.cs:line 83
   at NLog.Targets.TargetWithLayout..ctor() in C:\dev\NLog\src\NLog\Targets\TargetWithLayout.cs:line 54
   at NLog.Targets.MemoryTarget..ctor() in C:\dev\NLog\src\NLog\Targets\MemoryTarget.cs:line 66
   at NLog.UnitTests.Targets.MemoryTargetTests.MemoryTarget_ReconfigureTest_SameTarget_ExpectLogsEmptied() in C:\dev\NLog\tests\NLog.UnitTests\Targets\MemoryTargetTests.cs:line 83]]></stack-trace>
        </failure>
      </test>
      <test name="NLog.UnitTests.Targets.MemoryTargetTests.MemoryTarget_LogLevelTest" type="NLog.UnitTests.Targets.MemoryTargetTests" method="MemoryTarget_LogLevelTest" time="0.0004962" result="Fail">
        <failure exception-type="System.ArgumentException">
          <message><![CDATA[System.ArgumentException : LayoutRenderer cannot be found: 'longdate']]></message>
          <stack-trace><![CDATA[   at NLog.Config.Factory`2.CreateInstance(String name) in C:\dev\NLog\src\NLog\Config\Factory.cs:line 199
   at NLog.Layouts.LayoutParser.ParseLayoutRenderer(ConfigurationItemFactory configurationItemFactory, SimpleStringReader sr) in C:\dev\NLog\src\NLog\Layouts\LayoutParser.cs:line 345
   at NLog.Layouts.LayoutParser.CompileLayout(ConfigurationItemFactory configurationItemFactory, SimpleStringReader sr, Boolean isNested, String& text) in C:\dev\NLog\src\NLog\Layouts\LayoutParser.cs:line 108
   at NLog.Layouts.SimpleLayout.set_Text(String value) in C:\dev\NLog\src\NLog\Layouts\SimpleLayout.cs:line 119
   at NLog.Layouts.SimpleLayout..ctor(String txt, ConfigurationItemFactory configurationItemFactory) in C:\dev\NLog\src\NLog\Layouts\SimpleLayout.cs:line 88
   at NLog.Layouts.Layout.FromString(String layoutText, ConfigurationItemFactory configurationItemFactory) in C:\dev\NLog\src\NLog\Layouts\Layout.cs:line 104
   at NLog.Layouts.Layout.FromString(String layoutText) in C:\dev\NLog\src\NLog\Layouts\Layout.cs:line 93
   at NLog.Layouts.Layout.op_Implicit(String text) in C:\dev\NLog\src\NLog\Layouts\Layout.cs:line 83
   at NLog.Targets.TargetWithLayout..ctor() in C:\dev\NLog\src\NLog\Targets\TargetWithLayout.cs:line 54
   at NLog.Targets.MemoryTarget..ctor() in C:\dev\NLog\src\NLog\Targets\MemoryTarget.cs:line 66
   at NLog.UnitTests.Targets.MemoryTargetTests.MemoryTarget_LogLevelTest() in C:\dev\NLog\tests\NLog.UnitTests\Targets\MemoryTargetTests.cs:line 52]]></stack-trace>
        </failure>
      </test>
      <test name="NLog.UnitTests.Targets.MemoryTargetTests.MemoryTarget_NullMessageTest" type="NLog.UnitTests.Targets.MemoryTargetTests" method="MemoryTarget_NullMessageTest" time="0.0003993" result="Fail">
        <failure exception-type="System.ArgumentException">
          <message><![CDATA[System.ArgumentException : LayoutRenderer cannot be found: 'longdate']]></message>
          <stack-trace><![CDATA[   at NLog.Config.Factory`2.CreateInstance(String name) in C:\dev\NLog\src\NLog\Config\Factory.cs:line 199
   at NLog.Layouts.LayoutParser.ParseLayoutRenderer(ConfigurationItemFactory configurationItemFactory, SimpleStringReader sr) in C:\dev\NLog\src\NLog\Layouts\LayoutParser.cs:line 345
   at NLog.Layouts.LayoutParser.CompileLayout(ConfigurationItemFactory configurationItemFactory, SimpleStringReader sr, Boolean isNested, String& text) in C:\dev\NLog\src\NLog\Layouts\LayoutParser.cs:line 108
   at NLog.Layouts.SimpleLayout.set_Text(String value) in C:\dev\NLog\src\NLog\Layouts\SimpleLayout.cs:line 119
   at NLog.Layouts.SimpleLayout..ctor(String txt, ConfigurationItemFactory configurationItemFactory) in C:\dev\NLog\src\NLog\Layouts\SimpleLayout.cs:line 88
   at NLog.Layouts.Layout.FromString(String layoutText, ConfigurationItemFactory configurationItemFactory) in C:\dev\NLog\src\NLog\Layouts\Layout.cs:line 104
   at NLog.Layouts.Layout.FromString(String layoutText) in C:\dev\NLog\src\NLog\Layouts\Layout.cs:line 93
   at NLog.Layouts.Layout.op_Implicit(String text) in C:\dev\NLog\src\NLog\Layouts\Layout.cs:line 83
   at NLog.Targets.TargetWithLayout..ctor() in C:\dev\NLog\src\NLog\Targets\TargetWithLayout.cs:line 54
   at NLog.Targets.MemoryTarget..ctor() in C:\dev\NLog\src\NLog\Targets\MemoryTarget.cs:line 66
   at NLog.UnitTests.Targets.MemoryTargetTests.MemoryTarget_NullMessageTest() in C:\dev\NLog\tests\NLog.UnitTests\Targets\MemoryTargetTests.cs:line 156]]></stack-trace>
        </failure>
      </test>
      <test name="NLog.UnitTests.Targets.MethodCallTests.TestMethodCall2" type="NLog.UnitTests.Targets.MethodCallTests" method="TestMethodCall2" time="0.0322356" result="Pass" />
      <test name="NLog.UnitTests.Targets.MethodCallTests.WrongClassDontThrow" type="NLog.UnitTests.Targets.MethodCallTests" method="WrongClassDontThrow" time="0.0068668" result="Pass" />
      <test name="NLog.UnitTests.Targets.MethodCallTests.WrongParametersDontThrow" type="NLog.UnitTests.Targets.MethodCallTests" method="WrongParametersDontThrow" time="0.0064341" result="Pass" />
      <test name="NLog.UnitTests.Targets.MethodCallTests.TestMethodCall1" type="NLog.UnitTests.Targets.MethodCallTests" method="TestMethodCall1" time="0.0061453" result="Pass" />
      <test name="NLog.UnitTests.Targets.MethodCallTests.TooLessParametersDontThrow" type="NLog.UnitTests.Targets.MethodCallTests" method="TooLessParametersDontThrow" time="0.0061759" result="Pass" />
      <test name="NLog.UnitTests.Targets.MethodCallTests.TooManyParametersDontThrow" type="NLog.UnitTests.Targets.MethodCallTests" method="TooManyParametersDontThrow" time="0.0088249" result="Pass" />
      <test name="NLog.UnitTests.Targets.MethodCallTests.OptionalParameters" type="NLog.UnitTests.Targets.MethodCallTests" method="OptionalParameters" time="0.0069217" result="Pass" />
      <test name="NLog.UnitTests.Targets.MethodCallTests.PrivateMethodDontThrow" type="NLog.UnitTests.Targets.MethodCallTests" method="PrivateMethodDontThrow" time="0.0087195" result="Pass" />
      <test name="NLog.UnitTests.Targets.TargetTests.FlushTest" type="NLog.UnitTests.Targets.TargetTests" method="FlushTest" time="0.0014346" result="Pass" />
      <test name="NLog.UnitTests.Targets.TargetTests.FlushOnClosedTargetTest" type="NLog.UnitTests.Targets.TargetTests" method="FlushOnClosedTargetTest" time="0.0004187" result="Pass" />
      <test name="NLog.UnitTests.Targets.TargetTests.WriteOnClosedTargetTest" type="NLog.UnitTests.Targets.TargetTests" method="WriteOnClosedTargetTest" time="0.0010375" result="Pass" />
      <test name="NLog.UnitTests.Targets.TargetTests.WriteFormattedStringEvent_WithNullArgument" type="NLog.UnitTests.Targets.TargetTests" method="WriteFormattedStringEvent_WithNullArgument" time="0.0031552" result="Pass" />
      <test name="NLog.UnitTests.Targets.TargetTests.CloseWithoutInitializeTest" type="NLog.UnitTests.Targets.TargetTests" method="CloseWithoutInitializeTest" time="0.0001446" result="Pass" />
      <test name="NLog.UnitTests.Targets.TargetTests.DoubleInitializeTest" type="NLog.UnitTests.Targets.TargetTests" method="DoubleInitializeTest" time="0.0001621" result="Pass" />
      <test name="NLog.UnitTests.Targets.TargetTests.InitializeTest" type="NLog.UnitTests.Targets.TargetTests" method="InitializeTest" time="0.0001498" result="Pass" />
      <test name="NLog.UnitTests.Targets.TargetTests.GivenNullEvents_WhenWriteAsyncLogEvents_ThenNoExceptionAreThrown" type="NLog.UnitTests.Targets.TargetTests" method="GivenNullEvents_WhenWriteAsyncLogEvents_ThenNoExceptionAreThrown" time="0.0001173" result="Pass" />
      <test name="NLog.UnitTests.Targets.TargetTests.WrongMyTargetShouldThrowException" type="NLog.UnitTests.Targets.TargetTests" method="WrongMyTargetShouldThrowException" time="0.0007072" result="Pass" />
      <test name="NLog.UnitTests.Targets.TargetTests.FlushWithoutInitializeTest" type="NLog.UnitTests.Targets.TargetTests" method="FlushWithoutInitializeTest" time="0.0002151" result="Pass" />
      <test name="NLog.UnitTests.Targets.TargetTests.InitializeFailedTest" type="NLog.UnitTests.Targets.TargetTests" method="InitializeFailedTest" time="0.0010057" result="Pass" />
      <test name="NLog.UnitTests.Targets.TargetTests.DoubleCloseTest" type="NLog.UnitTests.Targets.TargetTests" method="DoubleCloseTest" time="0.0001855" result="Pass" />
      <test name="NLog.UnitTests.Targets.TargetTests.WriteWithoutInitializeTest" type="NLog.UnitTests.Targets.TargetTests" method="WriteWithoutInitializeTest" time="0.000312" result="Pass" />
      <test name="NLog.UnitTests.Targets.TargetTests.WrongMyTargetShouldNotThrowExceptionWhenThrowExceptionsIsFalse" type="NLog.UnitTests.Targets.TargetTests" method="WrongMyTargetShouldNotThrowExceptionWhenThrowExceptionsIsFalse" time="0.0020743" result="Pass" />
      <test name="NLog.UnitTests.Targets.WebServiceTargetTests.WebserviceTest_httppost_utf8_default_no_bom" type="NLog.UnitTests.Targets.WebServiceTargetTests" method="WebserviceTest_httppost_utf8_default_no_bom" time="0.0119503" result="Fail">
        <failure exception-type="Xunit.Sdk.NotNullException">
          <message><![CDATA[Assert.NotNull() Failure]]></message>
          <stack-trace><![CDATA[   at NLog.UnitTests.Targets.WebServiceTargetTests.WebserviceTest_httppost_utf8(String bomAttr, Boolean includeBom) in C:\dev\NLog\tests\NLog.UnitTests\Targets\WebServiceTargetTests.cs:line 132
   at NLog.UnitTests.Targets.WebServiceTargetTests.WebserviceTest_httppost_utf8_default_no_bom() in C:\dev\NLog\tests\NLog.UnitTests\Targets\WebServiceTargetTests.cs:line 93]]></stack-trace>
        </failure>
      </test>
      <test name="NLog.UnitTests.Targets.WebServiceTargetTests.WebserviceTest_httppost_utf8_no_boml" type="NLog.UnitTests.Targets.WebServiceTargetTests" method="WebserviceTest_httppost_utf8_no_boml" time="0.0004058" result="Fail">
        <failure exception-type="Xunit.Sdk.NotNullException">
          <message><![CDATA[Assert.NotNull() Failure]]></message>
          <stack-trace><![CDATA[   at NLog.UnitTests.Targets.WebServiceTargetTests.WebserviceTest_httppost_utf8(String bomAttr, Boolean includeBom) in C:\dev\NLog\tests\NLog.UnitTests\Targets\WebServiceTargetTests.cs:line 132
   at NLog.UnitTests.Targets.WebServiceTargetTests.WebserviceTest_httppost_utf8_no_boml() in C:\dev\NLog\tests\NLog.UnitTests\Targets\WebServiceTargetTests.cs:line 106]]></stack-trace>
        </failure>
      </test>
      <test name="NLog.UnitTests.Targets.WebServiceTargetTests.WebserviceTest_httppost_utf8_with_bom" type="NLog.UnitTests.Targets.WebServiceTargetTests" method="WebserviceTest_httppost_utf8_with_bom" time="0.0003443" result="Fail">
        <failure exception-type="Xunit.Sdk.NotNullException">
          <message><![CDATA[Assert.NotNull() Failure]]></message>
          <stack-trace><![CDATA[   at NLog.UnitTests.Targets.WebServiceTargetTests.WebserviceTest_httppost_utf8(String bomAttr, Boolean includeBom) in C:\dev\NLog\tests\NLog.UnitTests\Targets\WebServiceTargetTests.cs:line 132
   at NLog.UnitTests.Targets.WebServiceTargetTests.WebserviceTest_httppost_utf8_with_bom() in C:\dev\NLog\tests\NLog.UnitTests\Targets\WebServiceTargetTests.cs:line 100]]></stack-trace>
        </failure>
      </test>
      <test name="NLog.UnitTests.Targets.WebServiceTargetTests.Stream_CopyWithOffset_test" type="NLog.UnitTests.Targets.WebServiceTargetTests" method="Stream_CopyWithOffset_test" time="0.0039746" result="Pass" />
      <test name="NLog.UnitTests.Targets.Wrappers.AsyncRequestQueueTests.AsyncRequestQueueClearTest" type="NLog.UnitTests.Targets.Wrappers.AsyncRequestQueueTests" method="AsyncRequestQueueClearTest" time="0.0043062" result="Pass" />
      <test name="NLog.UnitTests.Targets.Wrappers.AsyncRequestQueueTests.AsyncRequestQueueWithGrowBehaviorTest" type="NLog.UnitTests.Targets.Wrappers.AsyncRequestQueueTests" method="AsyncRequestQueueWithGrowBehaviorTest" time="0.0015495" result="Pass" />
      <test name="NLog.UnitTests.Targets.Wrappers.AsyncRequestQueueTests.AsyncRequestQueueWithDiscardBehaviorTest" type="NLog.UnitTests.Targets.Wrappers.AsyncRequestQueueTests" method="AsyncRequestQueueWithDiscardBehaviorTest" time="0.0013277" result="Pass" />
      <test name="NLog.UnitTests.Targets.Wrappers.AsyncTargetWrapperTests.FlushingMultipleTimesSimultaneous" type="NLog.UnitTests.Targets.Wrappers.AsyncTargetWrapperTests" method="FlushingMultipleTimesSimultaneous" time="0.0015054" result="Fail">
        <failure exception-type="System.ArgumentException">
          <message><![CDATA[System.ArgumentException : LayoutRenderer cannot be found: 'longdate']]></message>
          <stack-trace><![CDATA[   at NLog.Config.Factory`2.CreateInstance(String name) in C:\dev\NLog\src\NLog\Config\Factory.cs:line 199
   at NLog.Layouts.LayoutParser.ParseLayoutRenderer(ConfigurationItemFactory configurationItemFactory, SimpleStringReader sr) in C:\dev\NLog\src\NLog\Layouts\LayoutParser.cs:line 345
   at NLog.Layouts.LayoutParser.CompileLayout(ConfigurationItemFactory configurationItemFactory, SimpleStringReader sr, Boolean isNested, String& text) in C:\dev\NLog\src\NLog\Layouts\LayoutParser.cs:line 108
   at NLog.Layouts.SimpleLayout.set_Text(String value) in C:\dev\NLog\src\NLog\Layouts\SimpleLayout.cs:line 119
   at NLog.Layouts.SimpleLayout..ctor(String txt, ConfigurationItemFactory configurationItemFactory) in C:\dev\NLog\src\NLog\Layouts\SimpleLayout.cs:line 88
   at NLog.Layouts.Layout.FromString(String layoutText, ConfigurationItemFactory configurationItemFactory) in C:\dev\NLog\src\NLog\Layouts\Layout.cs:line 104
   at NLog.Layouts.Layout.FromString(String layoutText) in C:\dev\NLog\src\NLog\Layouts\Layout.cs:line 93
   at NLog.Layouts.Layout.op_Implicit(String text) in C:\dev\NLog\src\NLog\Layouts\Layout.cs:line 83
   at NLog.Targets.TargetWithLayout..ctor() in C:\dev\NLog\src\NLog\Targets\TargetWithLayout.cs:line 54
   at NLog.Targets.DebugTarget..ctor() in C:\dev\NLog\src\NLog\Targets\DebugTarget.cs:line 66
   at NLog.UnitTests.Targets.Wrappers.AsyncTargetWrapperTests.FlushingMultipleTimesSimultaneous() in C:\dev\NLog\tests\NLog.UnitTests\Targets\Wrappers\AsyncTargetWrapperTests.cs:line 312]]></stack-trace>
        </failure>
      </test>
      <test name="NLog.UnitTests.Targets.Wrappers.AsyncTargetWrapperTests.AsyncTargetWrapperInitTest" type="NLog.UnitTests.Targets.Wrappers.AsyncTargetWrapperTests" method="AsyncTargetWrapperInitTest" time="0.0005332" result="Pass" />
      <test name="NLog.UnitTests.Targets.Wrappers.AsyncTargetWrapperTests.AsyncTargetWrapperExceptionTest" type="NLog.UnitTests.Targets.Wrappers.AsyncTargetWrapperTests" method="AsyncTargetWrapperExceptionTest" time="0.0005135" result="Fail">
        <failure exception-type="System.ArgumentException">
          <message><![CDATA[System.ArgumentException : LayoutRenderer cannot be found: 'longdate']]></message>
          <stack-trace><![CDATA[   at NLog.Config.Factory`2.CreateInstance(String name) in C:\dev\NLog\src\NLog\Config\Factory.cs:line 199
   at NLog.Layouts.LayoutParser.ParseLayoutRenderer(ConfigurationItemFactory configurationItemFactory, SimpleStringReader sr) in C:\dev\NLog\src\NLog\Layouts\LayoutParser.cs:line 345
   at NLog.Layouts.LayoutParser.CompileLayout(ConfigurationItemFactory configurationItemFactory, SimpleStringReader sr, Boolean isNested, String& text) in C:\dev\NLog\src\NLog\Layouts\LayoutParser.cs:line 108
   at NLog.Layouts.SimpleLayout.set_Text(String value) in C:\dev\NLog\src\NLog\Layouts\SimpleLayout.cs:line 119
   at NLog.Layouts.SimpleLayout..ctor(String txt, ConfigurationItemFactory configurationItemFactory) in C:\dev\NLog\src\NLog\Layouts\SimpleLayout.cs:line 88
   at NLog.Layouts.Layout.FromString(String layoutText, ConfigurationItemFactory configurationItemFactory) in C:\dev\NLog\src\NLog\Layouts\Layout.cs:line 104
   at NLog.Layouts.Layout.FromString(String layoutText) in C:\dev\NLog\src\NLog\Layouts\Layout.cs:line 93
   at NLog.Layouts.Layout.op_Implicit(String text) in C:\dev\NLog\src\NLog\Layouts\Layout.cs:line 83
   at NLog.Targets.TargetWithLayout..ctor() in C:\dev\NLog\src\NLog\Targets\TargetWithLayout.cs:line 54
   at NLog.Targets.DebugTarget..ctor() in C:\dev\NLog\src\NLog\Targets\DebugTarget.cs:line 66
   at NLog.UnitTests.Targets.Wrappers.AsyncTargetWrapperTests.AsyncTargetWrapperExceptionTest() in C:\dev\NLog\tests\NLog.UnitTests\Targets\Wrappers\AsyncTargetWrapperTests.cs:line 284]]></stack-trace>
        </failure>
      </test>
      <test name="NLog.UnitTests.Targets.Wrappers.AsyncTargetWrapperTests.AsyncTargetWrapperFlushTest" type="NLog.UnitTests.Targets.Wrappers.AsyncTargetWrapperTests" method="AsyncTargetWrapperFlushTest" time="0.0635493" result="Pass" />
      <test name="NLog.UnitTests.Targets.Wrappers.AsyncTargetWrapperTests.AsyncTargetWrapperAsyncTest1" type="NLog.UnitTests.Targets.Wrappers.AsyncTargetWrapperTests" method="AsyncTargetWrapperAsyncTest1" time="0.1175866" result="Pass" />
      <test name="NLog.UnitTests.Targets.Wrappers.AsyncTargetWrapperTests.AsyncTargetWrapperCloseTest" type="NLog.UnitTests.Targets.Wrappers.AsyncTargetWrapperTests" method="AsyncTargetWrapperCloseTest" time="0.0007038" result="Pass" />
      <test name="NLog.UnitTests.Targets.Wrappers.AsyncTargetWrapperTests.AsyncTargetWrapperInitTest2" type="NLog.UnitTests.Targets.Wrappers.AsyncTargetWrapperTests" method="AsyncTargetWrapperInitTest2" time="0.0002894" result="Pass" />
      <test name="NLog.UnitTests.Targets.Wrappers.AsyncTargetWrapperTests.AsyncTargetWrapperAsyncWithExceptionTest1" type="NLog.UnitTests.Targets.Wrappers.AsyncTargetWrapperTests" method="AsyncTargetWrapperAsyncWithExceptionTest1" time="0.1400255" result="Pass" />
      <test name="NLog.UnitTests.Targets.Wrappers.AutoFlushTargetWrapperTests.AutoFlushTargetWrapperSyncTest1" type="NLog.UnitTests.Targets.Wrappers.AutoFlushTargetWrapperTests" method="AutoFlushTargetWrapperSyncTest1" time="0.0021" result="Pass" />
      <test name="NLog.UnitTests.Targets.Wrappers.AutoFlushTargetWrapperTests.AutoFlushTargetWrapperAsyncTest1" type="NLog.UnitTests.Targets.Wrappers.AutoFlushTargetWrapperTests" method="AutoFlushTargetWrapperAsyncTest1" time="0.0015917" result="Pass" />
      <test name="NLog.UnitTests.Targets.Wrappers.AutoFlushTargetWrapperTests.AutoFlushTargetWrapperAsyncWithExceptionTest1" type="NLog.UnitTests.Targets.Wrappers.AutoFlushTargetWrapperTests" method="AutoFlushTargetWrapperAsyncWithExceptionTest1" time="0.0008284" result="Pass" />
      <test name="NLog.UnitTests.Targets.Wrappers.BufferingTargetWrapperTests.WhenWrappedTargetThrowsExceptionThisIsHandled" type="NLog.UnitTests.Targets.Wrappers.BufferingTargetWrapperTests" method="WhenWrappedTargetThrowsExceptionThisIsHandled" time="0.0032483" result="Pass" />
      <test name="NLog.UnitTests.Targets.Wrappers.FallbackGroupTargetTests.FallbackGroupTargetSyncTest5" type="NLog.UnitTests.Targets.Wrappers.FallbackGroupTargetTests" method="FallbackGroupTargetSyncTest5" time="0.0050183" result="Pass" />
      <test name="NLog.UnitTests.Targets.Wrappers.FallbackGroupTargetTests.FirstTargetWorks_Write_AllEventsAreWrittenToFirstTarget" type="NLog.UnitTests.Targets.Wrappers.FallbackGroupTargetTests" method="FirstTargetWorks_Write_AllEventsAreWrittenToFirstTarget" time="0.000617" result="Pass" />
      <test name="NLog.UnitTests.Targets.Wrappers.FallbackGroupTargetTests.FallbackGroupTargetSyncTest6" type="NLog.UnitTests.Targets.Wrappers.FallbackGroupTargetTests" method="FallbackGroupTargetSyncTest6" time="0.0011391" result="Pass" />
      <test name="NLog.UnitTests.Targets.Wrappers.FallbackGroupTargetTests.ReturnToFirstOnSuccessAndSecondTargetSucceeds_Write_ReturnToFirstTargetOnSuccess" type="NLog.UnitTests.Targets.Wrappers.FallbackGroupTargetTests" method="ReturnToFirstOnSuccessAndSecondTargetSucceeds_Write_ReturnToFirstTargetOnSuccess" time="0.0003484" result="Pass" />
      <test name="NLog.UnitTests.Targets.Wrappers.FallbackGroupTargetTests.FirstTwoTargetsFails_Write_ThirdTargetWritesAllEvents" type="NLog.UnitTests.Targets.Wrappers.FallbackGroupTargetTests" method="FirstTwoTargetsFails_Write_ThirdTargetWritesAllEvents" time="0.0003472" result="Pass" />
      <test name="NLog.UnitTests.Targets.Wrappers.FallbackGroupTargetTests.FirstTargetFails_Write_SecondTargetWritesAllEvents" type="NLog.UnitTests.Targets.Wrappers.FallbackGroupTargetTests" method="FirstTargetFails_Write_SecondTargetWritesAllEvents" time="0.0003411" result="Pass" />
      <test name="NLog.UnitTests.Targets.Wrappers.FilteringTargetWrapperTests.FilteringTargetWrapperAsyncWithExceptionTest2" type="NLog.UnitTests.Targets.Wrappers.FilteringTargetWrapperTests" method="FilteringTargetWrapperAsyncWithExceptionTest2" time="0.0014642" result="Pass" />
      <test name="NLog.UnitTests.Targets.Wrappers.FilteringTargetWrapperTests.FilteringTargetWrapperSyncTest2" type="NLog.UnitTests.Targets.Wrappers.FilteringTargetWrapperTests" method="FilteringTargetWrapperSyncTest2" time="0.0005598" result="Pass" />
      <test name="NLog.UnitTests.Targets.Wrappers.FilteringTargetWrapperTests.FilteringTargetWrapperAsyncTest2" type="NLog.UnitTests.Targets.Wrappers.FilteringTargetWrapperTests" method="FilteringTargetWrapperAsyncTest2" time="0.0004413" result="Pass" />
      <test name="NLog.UnitTests.Targets.Wrappers.FilteringTargetWrapperTests.FilteringTargetWrapperAsyncWithExceptionTest1" type="NLog.UnitTests.Targets.Wrappers.FilteringTargetWrapperTests" method="FilteringTargetWrapperAsyncWithExceptionTest1" time="0.0010944" result="Pass" />
      <test name="NLog.UnitTests.Targets.Wrappers.FilteringTargetWrapperTests.FilteringTargetWrapperSyncTest1" type="NLog.UnitTests.Targets.Wrappers.FilteringTargetWrapperTests" method="FilteringTargetWrapperSyncTest1" time="0.0005554" result="Pass" />
      <test name="NLog.UnitTests.Targets.Wrappers.FilteringTargetWrapperTests.FilteringTargetWrapperAsyncTest1" type="NLog.UnitTests.Targets.Wrappers.FilteringTargetWrapperTests" method="FilteringTargetWrapperAsyncTest1" time="0.0006343" result="Pass" />
      <test name="NLog.UnitTests.Targets.Wrappers.PostFilteringTargetWrapperTests.PostFilteringTargetWrapperUsingDefaultNonFilterTest" type="NLog.UnitTests.Targets.Wrappers.PostFilteringTargetWrapperTests" method="PostFilteringTargetWrapperUsingDefaultNonFilterTest" time="0.0119389" result="Pass" />
      <test name="NLog.UnitTests.Targets.Wrappers.PostFilteringTargetWrapperTests.PostFilteringTargetWrapperNoFiltersDefined" type="NLog.UnitTests.Targets.Wrappers.PostFilteringTargetWrapperTests" method="PostFilteringTargetWrapperNoFiltersDefined" time="0.0008126" result="Pass" />
      <test name="NLog.UnitTests.Targets.Wrappers.PostFilteringTargetWrapperTests.PostFilteringTargetWrapperUsingDefaultNonFilterTest2" type="NLog.UnitTests.Targets.Wrappers.PostFilteringTargetWrapperTests" method="PostFilteringTargetWrapperUsingDefaultNonFilterTest2" time="0.0013452" result="Pass" />
      <test name="NLog.UnitTests.Targets.Wrappers.PostFilteringTargetWrapperTests.PostFilteringTargetWrapperUsingDefaultFilterTest" type="NLog.UnitTests.Targets.Wrappers.PostFilteringTargetWrapperTests" method="PostFilteringTargetWrapperUsingDefaultFilterTest" time="0.0010485" result="Pass" />
      <test name="NLog.UnitTests.Targets.Wrappers.RandomizeGroupTargetTests.RandomizeGroupSyncTest1" type="NLog.UnitTests.Targets.Wrappers.RandomizeGroupTargetTests" method="RandomizeGroupSyncTest1" time="0.0017769" result="Pass" />
      <test name="NLog.UnitTests.Targets.Wrappers.RandomizeGroupTargetTests.RandomizeGroupSyncTest2" type="NLog.UnitTests.Targets.Wrappers.RandomizeGroupTargetTests" method="RandomizeGroupSyncTest2" time="0.0005098" result="Pass" />
      <test name="NLog.UnitTests.Targets.Wrappers.RepeatingTargetWrapperTests.RepeatingTargetWrapperTest1" type="NLog.UnitTests.Targets.Wrappers.RepeatingTargetWrapperTests" method="RepeatingTargetWrapperTest1" time="0.0016465" result="Pass" />
      <test name="NLog.UnitTests.Targets.Wrappers.RepeatingTargetWrapperTests.RepeatingTargetWrapperTest2" type="NLog.UnitTests.Targets.Wrappers.RepeatingTargetWrapperTests" method="RepeatingTargetWrapperTest2" time="0.0008578" result="Pass" />
      <test name="NLog.UnitTests.Targets.Wrappers.RetryingTargetWrapperTests.RetryingTargetWrapperTest1" type="NLog.UnitTests.Targets.Wrappers.RetryingTargetWrapperTests" method="RetryingTargetWrapperTest1" time="0.0017228" result="Pass" />
      <test name="NLog.UnitTests.Targets.Wrappers.RetryingTargetWrapperTests.RetryingTargetWrapperTest2" type="NLog.UnitTests.Targets.Wrappers.RetryingTargetWrapperTests" method="RetryingTargetWrapperTest2" time="0.0009707" result="Pass" />
      <test name="NLog.UnitTests.Targets.Wrappers.RoundRobinGroupTargetTests.RoundRobinGroupTargetSyncTest1" type="NLog.UnitTests.Targets.Wrappers.RoundRobinGroupTargetTests" method="RoundRobinGroupTargetSyncTest1" time="0.001933" result="Pass" />
      <test name="NLog.UnitTests.Targets.Wrappers.RoundRobinGroupTargetTests.RoundRobinGroupTargetSyncTest2" type="NLog.UnitTests.Targets.Wrappers.RoundRobinGroupTargetTests" method="RoundRobinGroupTargetSyncTest2" time="0.0005877" result="Pass" />
      <test name="NLog.UnitTests.Targets.Wrappers.SplitGroupTargetTests.SplitGroupSyncTest2" type="NLog.UnitTests.Targets.Wrappers.SplitGroupTargetTests" method="SplitGroupSyncTest2" time="0.0014599" result="Pass" />
      <test name="NLog.UnitTests.Targets.Wrappers.SplitGroupTargetTests.SplitGroupSyncTest1" type="NLog.UnitTests.Targets.Wrappers.SplitGroupTargetTests" method="SplitGroupSyncTest1" time="0.0021171" result="Pass" />
      <test name="NLog.UnitTests.Targets.Wrappers.WrapperTargetBaseTests.WrapperTargetFlushTest" type="NLog.UnitTests.Targets.Wrappers.WrapperTargetBaseTests" method="WrapperTargetFlushTest" time="0.0006922" result="Pass" />
      <test name="NLog.UnitTests.Targets.Wrappers.WrapperTargetBaseTests.WrapperTargetDefaultWriteTest" type="NLog.UnitTests.Targets.Wrappers.WrapperTargetBaseTests" method="WrapperTargetDefaultWriteTest" time="0.0004448" result="Pass" />
      <test name="NLog.UnitTests.Targets.Wrappers.WrapperTargetBaseTests.WrapperTargetToStringTest" type="NLog.UnitTests.Targets.Wrappers.WrapperTargetBaseTests" method="WrapperTargetToStringTest" time="0.0002852" result="Fail">
        <failure exception-type="System.ArgumentException">
          <message><![CDATA[System.ArgumentException : LayoutRenderer cannot be found: 'longdate']]></message>
          <stack-trace><![CDATA[   at NLog.Config.Factory`2.CreateInstance(String name) in C:\dev\NLog\src\NLog\Config\Factory.cs:line 199
   at NLog.Layouts.LayoutParser.ParseLayoutRenderer(ConfigurationItemFactory configurationItemFactory, SimpleStringReader sr) in C:\dev\NLog\src\NLog\Layouts\LayoutParser.cs:line 345
   at NLog.Layouts.LayoutParser.CompileLayout(ConfigurationItemFactory configurationItemFactory, SimpleStringReader sr, Boolean isNested, String& text) in C:\dev\NLog\src\NLog\Layouts\LayoutParser.cs:line 108
   at NLog.Layouts.SimpleLayout.set_Text(String value) in C:\dev\NLog\src\NLog\Layouts\SimpleLayout.cs:line 119
   at NLog.Layouts.SimpleLayout..ctor(String txt, ConfigurationItemFactory configurationItemFactory) in C:\dev\NLog\src\NLog\Layouts\SimpleLayout.cs:line 88
   at NLog.Layouts.Layout.FromString(String layoutText, ConfigurationItemFactory configurationItemFactory) in C:\dev\NLog\src\NLog\Layouts\Layout.cs:line 104
   at NLog.Layouts.Layout.FromString(String layoutText) in C:\dev\NLog\src\NLog\Layouts\Layout.cs:line 93
   at NLog.Layouts.Layout.op_Implicit(String text) in C:\dev\NLog\src\NLog\Layouts\Layout.cs:line 83
   at NLog.Targets.TargetWithLayout..ctor() in C:\dev\NLog\src\NLog\Targets\TargetWithLayout.cs:line 54
   at NLog.Targets.DebugTarget..ctor() in C:\dev\NLog\src\NLog\Targets\DebugTarget.cs:line 66
   at NLog.UnitTests.Targets.Wrappers.WrapperTargetBaseTests.WrapperTargetToStringTest() in C:\dev\NLog\tests\NLog.UnitTests\Targets\Wrappers\WrapperTargetBaseTests.cs:line 47]]></stack-trace>
        </failure>
      </test>
      <test name="NLog.UnitTests.Layouts.AllEventPropertiesTests.CustomSeparator" type="NLog.UnitTests.Layouts.AllEventPropertiesTests" method="CustomSeparator" time="0.0048191" result="Pass" />
      <test name="NLog.UnitTests.Layouts.AllEventPropertiesTests.AllParametersAreSetToDefault" type="NLog.UnitTests.Layouts.AllEventPropertiesTests" method="AllParametersAreSetToDefault" time="0.0001606" result="Pass" />
      <test name="NLog.UnitTests.Layouts.AllEventPropertiesTests.TestInvalidCustomFormatWithoutValuePlaceholder" type="NLog.UnitTests.Layouts.AllEventPropertiesTests" method="TestInvalidCustomFormatWithoutValuePlaceholder" time="0.0002999" result="Pass" />
      <test name="NLog.UnitTests.Layouts.AllEventPropertiesTests.TestInvalidCustomFormatWithoutKeyPlaceholder" type="NLog.UnitTests.Layouts.AllEventPropertiesTests" method="TestInvalidCustomFormatWithoutKeyPlaceholder" time="0.0002514" result="Pass" />
      <test name="NLog.UnitTests.Layouts.AllEventPropertiesTests.CustomFormat" type="NLog.UnitTests.Layouts.AllEventPropertiesTests" method="CustomFormat" time="0.0001181" result="Pass" />
      <test name="NLog.UnitTests.Layouts.AllEventPropertiesTests.AllEventWithFluent_without_callerInformation" type="NLog.UnitTests.Layouts.AllEventPropertiesTests" method="AllEventWithFluent_without_callerInformation" time="0.0005123" result="Fail">
        <failure exception-type="NLog.NLogConfigurationException">
          <message><![CDATA[NLog.NLogConfigurationException : Exception occurred when loading configuration from 
---- System.ArgumentException : Target cannot be found: 'Debug']]></message>
          <stack-trace><![CDATA[   at NLog.Config.XmlLoggingConfiguration.Initialize(XmlReader reader, String fileName, Boolean ignoreErrors) in C:\dev\NLog\src\NLog\Config\XmlLoggingConfiguration.cs:line 361
   at NLog.Config.XmlLoggingConfiguration..ctor(XmlReader reader, String fileName) in C:\dev\NLog\src\NLog\Config\XmlLoggingConfiguration.cs:line 138
   at NLog.UnitTests.NLogTestBase.CreateConfigurationFromString(String configXml) in C:\dev\NLog\tests\NLog.UnitTests\NLogTestBase.cs:line 254
   at NLog.UnitTests.Layouts.AllEventPropertiesTests.AllEventWithFluent_without_callerInformation() in C:\dev\NLog\tests\NLog.UnitTests\Layouts\AllEventPropertiesTests.cs:line 117
----- Inner Stack Trace -----
   at NLog.Config.Factory`2.CreateInstance(String name) in C:\dev\NLog\src\NLog\Config\Factory.cs:line 199
   at NLog.Config.XmlLoggingConfiguration.ParseTargetsElement(NLogXmlElement targetsElement) in C:\dev\NLog\src\NLog\Config\XmlLoggingConfiguration.cs:line 723
   at NLog.Config.XmlLoggingConfiguration.ParseNLogElement(NLogXmlElement nlogElement, String filePath, Boolean autoReloadDefault) in C:\dev\NLog\src\NLog\Config\XmlLoggingConfiguration.cs:line 513
   at NLog.Config.XmlLoggingConfiguration.ParseTopLevel(NLogXmlElement content, String filePath, Boolean autoReloadDefault) in C:\dev\NLog\src\NLog\Config\XmlLoggingConfiguration.cs:line 428
   at NLog.Config.XmlLoggingConfiguration.Initialize(XmlReader reader, String fileName, Boolean ignoreErrors) in C:\dev\NLog\src\NLog\Config\XmlLoggingConfiguration.cs:line 339]]></stack-trace>
        </failure>
      </test>
      <test name="NLog.UnitTests.Layouts.AllEventPropertiesTests.NoProperties" type="NLog.UnitTests.Layouts.AllEventPropertiesTests" method="NoProperties" time="0.0001606" result="Pass" />
      <test name="NLog.UnitTests.Layouts.AllEventPropertiesTests.AllEventWithFluent_with_callerInformation" type="NLog.UnitTests.Layouts.AllEventPropertiesTests" method="AllEventWithFluent_with_callerInformation" time="0.0004407" result="Fail">
        <failure exception-type="NLog.NLogConfigurationException">
          <message><![CDATA[NLog.NLogConfigurationException : Exception occurred when loading configuration from 
---- System.ArgumentException : Target cannot be found: 'Debug']]></message>
          <stack-trace><![CDATA[   at NLog.Config.XmlLoggingConfiguration.Initialize(XmlReader reader, String fileName, Boolean ignoreErrors) in C:\dev\NLog\src\NLog\Config\XmlLoggingConfiguration.cs:line 361
   at NLog.Config.XmlLoggingConfiguration..ctor(XmlReader reader, String fileName) in C:\dev\NLog\src\NLog\Config\XmlLoggingConfiguration.cs:line 138
   at NLog.UnitTests.NLogTestBase.CreateConfigurationFromString(String configXml) in C:\dev\NLog\tests\NLog.UnitTests\NLogTestBase.cs:line 254
   at NLog.UnitTests.Layouts.AllEventPropertiesTests.AllEventWithFluent_with_callerInformation() in C:\dev\NLog\tests\NLog.UnitTests\Layouts\AllEventPropertiesTests.cs:line 158
----- Inner Stack Trace -----
   at NLog.Config.Factory`2.CreateInstance(String name) in C:\dev\NLog\src\NLog\Config\Factory.cs:line 199
   at NLog.Config.XmlLoggingConfiguration.ParseTargetsElement(NLogXmlElement targetsElement) in C:\dev\NLog\src\NLog\Config\XmlLoggingConfiguration.cs:line 723
   at NLog.Config.XmlLoggingConfiguration.ParseNLogElement(NLogXmlElement nlogElement, String filePath, Boolean autoReloadDefault) in C:\dev\NLog\src\NLog\Config\XmlLoggingConfiguration.cs:line 513
   at NLog.Config.XmlLoggingConfiguration.ParseTopLevel(NLogXmlElement content, String filePath, Boolean autoReloadDefault) in C:\dev\NLog\src\NLog\Config\XmlLoggingConfiguration.cs:line 428
   at NLog.Config.XmlLoggingConfiguration.Initialize(XmlReader reader, String fileName, Boolean ignoreErrors) in C:\dev\NLog\src\NLog\Config\XmlLoggingConfiguration.cs:line 339]]></stack-trace>
        </failure>
      </test>
      <test name="NLog.UnitTests.Layouts.CsvLayoutTests.CsvLayoutRenderingFullQuoting" type="NLog.UnitTests.Layouts.CsvLayoutTests" method="CsvLayoutRenderingFullQuoting" time="0.0049007" result="Fail">
        <failure exception-type="System.ArgumentException">
          <message><![CDATA[System.ArgumentException : LayoutRenderer cannot be found: 'longdate']]></message>
          <stack-trace><![CDATA[   at NLog.Config.Factory`2.CreateInstance(String name) in C:\dev\NLog\src\NLog\Config\Factory.cs:line 199
   at NLog.Layouts.LayoutParser.ParseLayoutRenderer(ConfigurationItemFactory configurationItemFactory, SimpleStringReader sr) in C:\dev\NLog\src\NLog\Layouts\LayoutParser.cs:line 345
   at NLog.Layouts.LayoutParser.CompileLayout(ConfigurationItemFactory configurationItemFactory, SimpleStringReader sr, Boolean isNested, String& text) in C:\dev\NLog\src\NLog\Layouts\LayoutParser.cs:line 108
   at NLog.Layouts.SimpleLayout.set_Text(String value) in C:\dev\NLog\src\NLog\Layouts\SimpleLayout.cs:line 119
   at NLog.Layouts.SimpleLayout..ctor(String txt, ConfigurationItemFactory configurationItemFactory) in C:\dev\NLog\src\NLog\Layouts\SimpleLayout.cs:line 88
   at NLog.Layouts.Layout.FromString(String layoutText, ConfigurationItemFactory configurationItemFactory) in C:\dev\NLog\src\NLog\Layouts\Layout.cs:line 104
   at NLog.Layouts.Layout.FromString(String layoutText) in C:\dev\NLog\src\NLog\Layouts\Layout.cs:line 93
   at NLog.Layouts.Layout.op_Implicit(String text) in C:\dev\NLog\src\NLog\Layouts\Layout.cs:line 83
   at NLog.UnitTests.Layouts.CsvLayoutTests.CsvLayoutRenderingFullQuoting() in C:\dev\NLog\tests\NLog.UnitTests\Layouts\CsvLayoutTests.cs:line 190]]></stack-trace>
        </failure>
      </test>
      <test name="NLog.UnitTests.Layouts.CsvLayoutTests.CsvLayoutRenderingNoQuoting" type="NLog.UnitTests.Layouts.CsvLayoutTests" method="CsvLayoutRenderingNoQuoting" time="0.0007948" result="Fail">
        <failure exception-type="System.ArgumentException">
          <message><![CDATA[System.ArgumentException : LayoutRenderer cannot be found: 'longdate']]></message>
          <stack-trace><![CDATA[   at NLog.Config.Factory`2.CreateInstance(String name) in C:\dev\NLog\src\NLog\Config\Factory.cs:line 199
   at NLog.Layouts.LayoutParser.ParseLayoutRenderer(ConfigurationItemFactory configurationItemFactory, SimpleStringReader sr) in C:\dev\NLog\src\NLog\Layouts\LayoutParser.cs:line 345
   at NLog.Layouts.LayoutParser.CompileLayout(ConfigurationItemFactory configurationItemFactory, SimpleStringReader sr, Boolean isNested, String& text) in C:\dev\NLog\src\NLog\Layouts\LayoutParser.cs:line 108
   at NLog.Layouts.SimpleLayout.set_Text(String value) in C:\dev\NLog\src\NLog\Layouts\SimpleLayout.cs:line 119
   at NLog.Layouts.SimpleLayout..ctor(String txt, ConfigurationItemFactory configurationItemFactory) in C:\dev\NLog\src\NLog\Layouts\SimpleLayout.cs:line 88
   at NLog.Layouts.Layout.FromString(String layoutText, ConfigurationItemFactory configurationItemFactory) in C:\dev\NLog\src\NLog\Layouts\Layout.cs:line 104
   at NLog.Layouts.Layout.FromString(String layoutText) in C:\dev\NLog\src\NLog\Layouts\Layout.cs:line 93
   at NLog.Layouts.Layout.op_Implicit(String text) in C:\dev\NLog\src\NLog\Layouts\Layout.cs:line 83
   at NLog.UnitTests.Layouts.CsvLayoutTests.CsvLayoutRenderingNoQuoting() in C:\dev\NLog\tests\NLog.UnitTests\Layouts\CsvLayoutTests.cs:line 150]]></stack-trace>
        </failure>
      </test>
      <test name="NLog.UnitTests.Layouts.CsvLayoutTests.CsvLayoutCachingTest" type="NLog.UnitTests.Layouts.CsvLayoutTests" method="CsvLayoutCachingTest" time="0.0005924" result="Fail">
        <failure exception-type="System.ArgumentException">
          <message><![CDATA[System.ArgumentException : LayoutRenderer cannot be found: 'longdate']]></message>
          <stack-trace><![CDATA[   at NLog.Config.Factory`2.CreateInstance(String name) in C:\dev\NLog\src\NLog\Config\Factory.cs:line 199
   at NLog.Layouts.LayoutParser.ParseLayoutRenderer(ConfigurationItemFactory configurationItemFactory, SimpleStringReader sr) in C:\dev\NLog\src\NLog\Layouts\LayoutParser.cs:line 345
   at NLog.Layouts.LayoutParser.CompileLayout(ConfigurationItemFactory configurationItemFactory, SimpleStringReader sr, Boolean isNested, String& text) in C:\dev\NLog\src\NLog\Layouts\LayoutParser.cs:line 108
   at NLog.Layouts.SimpleLayout.set_Text(String value) in C:\dev\NLog\src\NLog\Layouts\SimpleLayout.cs:line 119
   at NLog.Layouts.SimpleLayout..ctor(String txt, ConfigurationItemFactory configurationItemFactory) in C:\dev\NLog\src\NLog\Layouts\SimpleLayout.cs:line 88
   at NLog.Layouts.Layout.FromString(String layoutText, ConfigurationItemFactory configurationItemFactory) in C:\dev\NLog\src\NLog\Layouts\Layout.cs:line 104
   at NLog.Layouts.Layout.FromString(String layoutText) in C:\dev\NLog\src\NLog\Layouts\Layout.cs:line 93
   at NLog.Layouts.Layout.op_Implicit(String text) in C:\dev\NLog\src\NLog\Layouts\Layout.cs:line 83
   at NLog.UnitTests.Layouts.CsvLayoutTests.CsvLayoutCachingTest() in C:\dev\NLog\tests\NLog.UnitTests\Layouts\CsvLayoutTests.cs:line 277]]></stack-trace>
        </failure>
      </test>
      <test name="NLog.UnitTests.Layouts.CsvLayoutTests.CsvLayoutRenderingAutoQuoting" type="NLog.UnitTests.Layouts.CsvLayoutTests" method="CsvLayoutRenderingAutoQuoting" time="0.0006433" result="Fail">
        <failure exception-type="System.ArgumentException">
          <message><![CDATA[System.ArgumentException : LayoutRenderer cannot be found: 'longdate']]></message>
          <stack-trace><![CDATA[   at NLog.Config.Factory`2.CreateInstance(String name) in C:\dev\NLog\src\NLog\Config\Factory.cs:line 199
   at NLog.Layouts.LayoutParser.ParseLayoutRenderer(ConfigurationItemFactory configurationItemFactory, SimpleStringReader sr) in C:\dev\NLog\src\NLog\Layouts\LayoutParser.cs:line 345
   at NLog.Layouts.LayoutParser.CompileLayout(ConfigurationItemFactory configurationItemFactory, SimpleStringReader sr, Boolean isNested, String& text) in C:\dev\NLog\src\NLog\Layouts\LayoutParser.cs:line 108
   at NLog.Layouts.SimpleLayout.set_Text(String value) in C:\dev\NLog\src\NLog\Layouts\SimpleLayout.cs:line 119
   at NLog.Layouts.SimpleLayout..ctor(String txt, ConfigurationItemFactory configurationItemFactory) in C:\dev\NLog\src\NLog\Layouts\SimpleLayout.cs:line 88
   at NLog.Layouts.Layout.FromString(String layoutText, ConfigurationItemFactory configurationItemFactory) in C:\dev\NLog\src\NLog\Layouts\Layout.cs:line 104
   at NLog.Layouts.Layout.FromString(String layoutText) in C:\dev\NLog\src\NLog\Layouts\Layout.cs:line 93
   at NLog.Layouts.Layout.op_Implicit(String text) in C:\dev\NLog\src\NLog\Layouts\Layout.cs:line 83
   at NLog.UnitTests.Layouts.CsvLayoutTests.CsvLayoutRenderingAutoQuoting() in C:\dev\NLog\tests\NLog.UnitTests\Layouts\CsvLayoutTests.cs:line 218]]></stack-trace>
        </failure>
      </test>
      <test name="NLog.UnitTests.Layouts.JsonLayoutTests.JsonLayoutRenderingAndEncodingSpecialCharacters" type="NLog.UnitTests.Layouts.JsonLayoutTests" method="JsonLayoutRenderingAndEncodingSpecialCharacters" time="0.0008885" result="Fail">
        <failure exception-type="System.ArgumentException">
          <message><![CDATA[System.ArgumentException : LayoutRenderer cannot be found: 'longdate']]></message>
          <stack-trace><![CDATA[   at NLog.Config.Factory`2.CreateInstance(String name) in C:\dev\NLog\src\NLog\Config\Factory.cs:line 199
   at NLog.Layouts.LayoutParser.ParseLayoutRenderer(ConfigurationItemFactory configurationItemFactory, SimpleStringReader sr) in C:\dev\NLog\src\NLog\Layouts\LayoutParser.cs:line 345
   at NLog.Layouts.LayoutParser.CompileLayout(ConfigurationItemFactory configurationItemFactory, SimpleStringReader sr, Boolean isNested, String& text) in C:\dev\NLog\src\NLog\Layouts\LayoutParser.cs:line 108
   at NLog.Layouts.SimpleLayout.set_Text(String value) in C:\dev\NLog\src\NLog\Layouts\SimpleLayout.cs:line 119
   at NLog.Layouts.SimpleLayout..ctor(String txt, ConfigurationItemFactory configurationItemFactory) in C:\dev\NLog\src\NLog\Layouts\SimpleLayout.cs:line 88
   at NLog.Layouts.Layout.FromString(String layoutText, ConfigurationItemFactory configurationItemFactory) in C:\dev\NLog\src\NLog\Layouts\Layout.cs:line 104
   at NLog.Layouts.Layout.FromString(String layoutText) in C:\dev\NLog\src\NLog\Layouts\Layout.cs:line 93
   at NLog.Layouts.Layout.op_Implicit(String text) in C:\dev\NLog\src\NLog\Layouts\Layout.cs:line 83
   at NLog.UnitTests.Layouts.JsonLayoutTests.JsonLayoutRenderingAndEncodingSpecialCharacters() in C:\dev\NLog\tests\NLog.UnitTests\Layouts\JsonLayoutTests.cs:line 91]]></stack-trace>
        </failure>
      </test>
      <test name="NLog.UnitTests.Layouts.JsonLayoutTests.JsonLayoutRenderingAndEncodingLineBreaks" type="NLog.UnitTests.Layouts.JsonLayoutTests" method="JsonLayoutRenderingAndEncodingLineBreaks" time="0.000377" result="Fail">
        <failure exception-type="System.ArgumentException">
          <message><![CDATA[System.ArgumentException : LayoutRenderer cannot be found: 'longdate']]></message>
          <stack-trace><![CDATA[   at NLog.Config.Factory`2.CreateInstance(String name) in C:\dev\NLog\src\NLog\Config\Factory.cs:line 199
   at NLog.Layouts.LayoutParser.ParseLayoutRenderer(ConfigurationItemFactory configurationItemFactory, SimpleStringReader sr) in C:\dev\NLog\src\NLog\Layouts\LayoutParser.cs:line 345
   at NLog.Layouts.LayoutParser.CompileLayout(ConfigurationItemFactory configurationItemFactory, SimpleStringReader sr, Boolean isNested, String& text) in C:\dev\NLog\src\NLog\Layouts\LayoutParser.cs:line 108
   at NLog.Layouts.SimpleLayout.set_Text(String value) in C:\dev\NLog\src\NLog\Layouts\SimpleLayout.cs:line 119
   at NLog.Layouts.SimpleLayout..ctor(String txt, ConfigurationItemFactory configurationItemFactory) in C:\dev\NLog\src\NLog\Layouts\SimpleLayout.cs:line 88
   at NLog.Layouts.Layout.FromString(String layoutText, ConfigurationItemFactory configurationItemFactory) in C:\dev\NLog\src\NLog\Layouts\Layout.cs:line 104
   at NLog.Layouts.Layout.FromString(String layoutText) in C:\dev\NLog\src\NLog\Layouts\Layout.cs:line 93
   at NLog.Layouts.Layout.op_Implicit(String text) in C:\dev\NLog\src\NLog\Layouts\Layout.cs:line 83
   at NLog.UnitTests.Layouts.JsonLayoutTests.JsonLayoutRenderingAndEncodingLineBreaks() in C:\dev\NLog\tests\NLog.UnitTests\Layouts\JsonLayoutTests.cs:line 112]]></stack-trace>
        </failure>
      </test>
      <test name="NLog.UnitTests.Layouts.JsonLayoutTests.JsonLayoutRenderingNoSpaces" type="NLog.UnitTests.Layouts.JsonLayoutTests" method="JsonLayoutRenderingNoSpaces" time="0.0003492" result="Fail">
        <failure exception-type="System.ArgumentException">
          <message><![CDATA[System.ArgumentException : LayoutRenderer cannot be found: 'longdate']]></message>
          <stack-trace><![CDATA[   at NLog.Config.Factory`2.CreateInstance(String name) in C:\dev\NLog\src\NLog\Config\Factory.cs:line 199
   at NLog.Layouts.LayoutParser.ParseLayoutRenderer(ConfigurationItemFactory configurationItemFactory, SimpleStringReader sr) in C:\dev\NLog\src\NLog\Layouts\LayoutParser.cs:line 345
   at NLog.Layouts.LayoutParser.CompileLayout(ConfigurationItemFactory configurationItemFactory, SimpleStringReader sr, Boolean isNested, String& text) in C:\dev\NLog\src\NLog\Layouts\LayoutParser.cs:line 108
   at NLog.Layouts.SimpleLayout.set_Text(String value) in C:\dev\NLog\src\NLog\Layouts\SimpleLayout.cs:line 119
   at NLog.Layouts.SimpleLayout..ctor(String txt, ConfigurationItemFactory configurationItemFactory) in C:\dev\NLog\src\NLog\Layouts\SimpleLayout.cs:line 88
   at NLog.Layouts.Layout.FromString(String layoutText, ConfigurationItemFactory configurationItemFactory) in C:\dev\NLog\src\NLog\Layouts\Layout.cs:line 104
   at NLog.Layouts.Layout.FromString(String layoutText) in C:\dev\NLog\src\NLog\Layouts\Layout.cs:line 93
   at NLog.Layouts.Layout.op_Implicit(String text) in C:\dev\NLog\src\NLog\Layouts\Layout.cs:line 83
   at NLog.UnitTests.Layouts.JsonLayoutTests.JsonLayoutRenderingNoSpaces() in C:\dev\NLog\tests\NLog.UnitTests\Layouts\JsonLayoutTests.cs:line 69]]></stack-trace>
        </failure>
      </test>
      <test name="NLog.UnitTests.Layouts.JsonLayoutTests.JsonLayoutRenderingAndNotEncodingMessageAttribute" type="NLog.UnitTests.Layouts.JsonLayoutTests" method="JsonLayoutRenderingAndNotEncodingMessageAttribute" time="0.0004377" result="Fail">
        <failure exception-type="System.ArgumentException">
          <message><![CDATA[System.ArgumentException : LayoutRenderer cannot be found: 'longdate']]></message>
          <stack-trace><![CDATA[   at NLog.Config.Factory`2.CreateInstance(String name) in C:\dev\NLog\src\NLog\Config\Factory.cs:line 199
   at NLog.Layouts.LayoutParser.ParseLayoutRenderer(ConfigurationItemFactory configurationItemFactory, SimpleStringReader sr) in C:\dev\NLog\src\NLog\Layouts\LayoutParser.cs:line 345
   at NLog.Layouts.LayoutParser.CompileLayout(ConfigurationItemFactory configurationItemFactory, SimpleStringReader sr, Boolean isNested, String& text) in C:\dev\NLog\src\NLog\Layouts\LayoutParser.cs:line 108
   at NLog.Layouts.SimpleLayout.set_Text(String value) in C:\dev\NLog\src\NLog\Layouts\SimpleLayout.cs:line 119
   at NLog.Layouts.SimpleLayout..ctor(String txt, ConfigurationItemFactory configurationItemFactory) in C:\dev\NLog\src\NLog\Layouts\SimpleLayout.cs:line 88
   at NLog.Layouts.Layout.FromString(String layoutText, ConfigurationItemFactory configurationItemFactory) in C:\dev\NLog\src\NLog\Layouts\Layout.cs:line 104
   at NLog.Layouts.Layout.FromString(String layoutText) in C:\dev\NLog\src\NLog\Layouts\Layout.cs:line 93
   at NLog.Layouts.Layout.op_Implicit(String text) in C:\dev\NLog\src\NLog\Layouts\Layout.cs:line 83
   at NLog.UnitTests.Layouts.JsonLayoutTests.JsonLayoutRenderingAndNotEncodingMessageAttribute() in C:\dev\NLog\tests\NLog.UnitTests\Layouts\JsonLayoutTests.cs:line 133]]></stack-trace>
        </failure>
      </test>
      <test name="NLog.UnitTests.Layouts.JsonLayoutTests.JsonLayoutRendering" type="NLog.UnitTests.Layouts.JsonLayoutTests" method="JsonLayoutRendering" time="0.0003584" result="Fail">
        <failure exception-type="System.ArgumentException">
          <message><![CDATA[System.ArgumentException : LayoutRenderer cannot be found: 'longdate']]></message>
          <stack-trace><![CDATA[   at NLog.Config.Factory`2.CreateInstance(String name) in C:\dev\NLog\src\NLog\Config\Factory.cs:line 199
   at NLog.Layouts.LayoutParser.ParseLayoutRenderer(ConfigurationItemFactory configurationItemFactory, SimpleStringReader sr) in C:\dev\NLog\src\NLog\Layouts\LayoutParser.cs:line 345
   at NLog.Layouts.LayoutParser.CompileLayout(ConfigurationItemFactory configurationItemFactory, SimpleStringReader sr, Boolean isNested, String& text) in C:\dev\NLog\src\NLog\Layouts\LayoutParser.cs:line 108
   at NLog.Layouts.SimpleLayout.set_Text(String value) in C:\dev\NLog\src\NLog\Layouts\SimpleLayout.cs:line 119
   at NLog.Layouts.SimpleLayout..ctor(String txt, ConfigurationItemFactory configurationItemFactory) in C:\dev\NLog\src\NLog\Layouts\SimpleLayout.cs:line 88
   at NLog.Layouts.Layout.FromString(String layoutText, ConfigurationItemFactory configurationItemFactory) in C:\dev\NLog\src\NLog\Layouts\Layout.cs:line 104
   at NLog.Layouts.Layout.FromString(String layoutText) in C:\dev\NLog\src\NLog\Layouts\Layout.cs:line 93
   at NLog.Layouts.Layout.op_Implicit(String text) in C:\dev\NLog\src\NLog\Layouts\Layout.cs:line 83
   at NLog.UnitTests.Layouts.JsonLayoutTests.JsonLayoutRendering() in C:\dev\NLog\tests\NLog.UnitTests\Layouts\JsonLayoutTests.cs:line 48]]></stack-trace>
        </failure>
      </test>
      <test name="NLog.UnitTests.Layouts.JsonLayoutTests.JsonLayoutRenderingAndEncodingMessageAttribute" type="NLog.UnitTests.Layouts.JsonLayoutTests" method="JsonLayoutRenderingAndEncodingMessageAttribute" time="0.0003418" result="Fail">
        <failure exception-type="System.ArgumentException">
          <message><![CDATA[System.ArgumentException : LayoutRenderer cannot be found: 'longdate']]></message>
          <stack-trace><![CDATA[   at NLog.Config.Factory`2.CreateInstance(String name) in C:\dev\NLog\src\NLog\Config\Factory.cs:line 199
   at NLog.Layouts.LayoutParser.ParseLayoutRenderer(ConfigurationItemFactory configurationItemFactory, SimpleStringReader sr) in C:\dev\NLog\src\NLog\Layouts\LayoutParser.cs:line 345
   at NLog.Layouts.LayoutParser.CompileLayout(ConfigurationItemFactory configurationItemFactory, SimpleStringReader sr, Boolean isNested, String& text) in C:\dev\NLog\src\NLog\Layouts\LayoutParser.cs:line 108
   at NLog.Layouts.SimpleLayout.set_Text(String value) in C:\dev\NLog\src\NLog\Layouts\SimpleLayout.cs:line 119
   at NLog.Layouts.SimpleLayout..ctor(String txt, ConfigurationItemFactory configurationItemFactory) in C:\dev\NLog\src\NLog\Layouts\SimpleLayout.cs:line 88
   at NLog.Layouts.Layout.FromString(String layoutText, ConfigurationItemFactory configurationItemFactory) in C:\dev\NLog\src\NLog\Layouts\Layout.cs:line 104
   at NLog.Layouts.Layout.FromString(String layoutText) in C:\dev\NLog\src\NLog\Layouts\Layout.cs:line 93
   at NLog.Layouts.Layout.op_Implicit(String text) in C:\dev\NLog\src\NLog\Layouts\Layout.cs:line 83
   at NLog.UnitTests.Layouts.JsonLayoutTests.JsonLayoutRenderingAndEncodingMessageAttribute() in C:\dev\NLog\tests\NLog.UnitTests\Layouts\JsonLayoutTests.cs:line 154]]></stack-trace>
        </failure>
      </test>
      <test name="NLog.UnitTests.Layouts.SimpleLayoutOutputTests.SimpleLayoutToStringTest" type="NLog.UnitTests.Layouts.SimpleLayoutOutputTests" method="SimpleLayoutToStringTest" time="0.0004313" result="Fail">
        <failure exception-type="System.ArgumentException">
          <message><![CDATA[System.ArgumentException : LayoutRenderer cannot be found: 'level']]></message>
          <stack-trace><![CDATA[   at NLog.Config.Factory`2.CreateInstance(String name) in C:\dev\NLog\src\NLog\Config\Factory.cs:line 199
   at NLog.Layouts.LayoutParser.ParseLayoutRenderer(ConfigurationItemFactory configurationItemFactory, SimpleStringReader sr) in C:\dev\NLog\src\NLog\Layouts\LayoutParser.cs:line 345
   at NLog.Layouts.LayoutParser.CompileLayout(ConfigurationItemFactory configurationItemFactory, SimpleStringReader sr, Boolean isNested, String& text) in C:\dev\NLog\src\NLog\Layouts\LayoutParser.cs:line 108
   at NLog.Layouts.SimpleLayout.set_Text(String value) in C:\dev\NLog\src\NLog\Layouts\SimpleLayout.cs:line 119
   at NLog.Layouts.SimpleLayout..ctor(String txt, ConfigurationItemFactory configurationItemFactory) in C:\dev\NLog\src\NLog\Layouts\SimpleLayout.cs:line 88
   at NLog.Layouts.SimpleLayout..ctor(String txt) in C:\dev\NLog\src\NLog\Layouts\SimpleLayout.cs:line 76
   at NLog.UnitTests.Layouts.SimpleLayoutOutputTests.SimpleLayoutToStringTest() in C:\dev\NLog\tests\NLog.UnitTests\Layouts\SimpleLayoutOutputTests.cs:line 82]]></stack-trace>
        </failure>
      </test>
      <test name="NLog.UnitTests.Layouts.SimpleLayoutOutputTests.LayoutRendererThrows" type="NLog.UnitTests.Layouts.SimpleLayoutOutputTests" method="LayoutRendererThrows" time="0.0023155" result="Pass" />
      <test name="NLog.UnitTests.Layouts.SimpleLayoutOutputTests.LayoutInitTest1" type="NLog.UnitTests.Layouts.SimpleLayoutOutputTests" method="LayoutInitTest1" time="0.0005811" result="Pass" />
      <test name="NLog.UnitTests.Layouts.SimpleLayoutOutputTests.LayoutRendererThrows2" type="NLog.UnitTests.Layouts.SimpleLayoutOutputTests" method="LayoutRendererThrows2" time="0.0040561" result="Pass" />
      <test name="NLog.UnitTests.Layouts.SimpleLayoutOutputTests.VeryLongRendererOutput" type="NLog.UnitTests.Layouts.SimpleLayoutOutputTests" method="VeryLongRendererOutput" time="0.0053479" result="Fail">
        <failure exception-type="System.ArgumentException">
          <message><![CDATA[System.ArgumentException : LayoutRenderer cannot be found: 'message']]></message>
          <stack-trace><![CDATA[   at NLog.Config.Factory`2.CreateInstance(String name) in C:\dev\NLog\src\NLog\Config\Factory.cs:line 199
   at NLog.Layouts.LayoutParser.ParseLayoutRenderer(ConfigurationItemFactory configurationItemFactory, SimpleStringReader sr) in C:\dev\NLog\src\NLog\Layouts\LayoutParser.cs:line 345
   at NLog.Layouts.LayoutParser.CompileLayout(ConfigurationItemFactory configurationItemFactory, SimpleStringReader sr, Boolean isNested, String& text) in C:\dev\NLog\src\NLog\Layouts\LayoutParser.cs:line 108
   at NLog.Layouts.SimpleLayout.set_Text(String value) in C:\dev\NLog\src\NLog\Layouts\SimpleLayout.cs:line 119
   at NLog.Layouts.SimpleLayout..ctor(String txt, ConfigurationItemFactory configurationItemFactory) in C:\dev\NLog\src\NLog\Layouts\SimpleLayout.cs:line 88
   at NLog.Layouts.SimpleLayout..ctor(String txt) in C:\dev\NLog\src\NLog\Layouts\SimpleLayout.cs:line 76
   at NLog.Layouts.SimpleLayout.op_Implicit(String text) in C:\dev\NLog\src\NLog\Layouts\SimpleLayout.cs:line 156
   at NLog.UnitTests.Layouts.SimpleLayoutOutputTests.VeryLongRendererOutput() in C:\dev\NLog\tests\NLog.UnitTests\Layouts\SimpleLayoutOutputTests.cs:line 50]]></stack-trace>
        </failure>
      </test>
      <test name="NLog.UnitTests.Layouts.SimpleLayoutOutputTests.SimpleLayoutCachingTest" type="NLog.UnitTests.Layouts.SimpleLayoutOutputTests" method="SimpleLayoutCachingTest" time="0.0003345" result="Fail">
        <failure exception-type="System.ArgumentException">
          <message><![CDATA[System.ArgumentException : LayoutRenderer cannot be found: 'level']]></message>
          <stack-trace><![CDATA[   at NLog.Config.Factory`2.CreateInstance(String name) in C:\dev\NLog\src\NLog\Config\Factory.cs:line 199
   at NLog.Layouts.LayoutParser.ParseLayoutRenderer(ConfigurationItemFactory configurationItemFactory, SimpleStringReader sr) in C:\dev\NLog\src\NLog\Layouts\LayoutParser.cs:line 345
   at NLog.Layouts.LayoutParser.CompileLayout(ConfigurationItemFactory configurationItemFactory, SimpleStringReader sr, Boolean isNested, String& text) in C:\dev\NLog\src\NLog\Layouts\LayoutParser.cs:line 108
   at NLog.Layouts.SimpleLayout.set_Text(String value) in C:\dev\NLog\src\NLog\Layouts\SimpleLayout.cs:line 119
   at NLog.Layouts.SimpleLayout..ctor(String txt, ConfigurationItemFactory configurationItemFactory) in C:\dev\NLog\src\NLog\Layouts\SimpleLayout.cs:line 88
   at NLog.Layouts.SimpleLayout..ctor(String txt) in C:\dev\NLog\src\NLog\Layouts\SimpleLayout.cs:line 76
   at NLog.UnitTests.Layouts.SimpleLayoutOutputTests.SimpleLayoutCachingTest() in C:\dev\NLog\tests\NLog.UnitTests\Layouts\SimpleLayoutOutputTests.cs:line 72]]></stack-trace>
        </failure>
      </test>
      <test name="NLog.UnitTests.Layouts.SimpleLayoutOutputTests.LayoutInitTest2" type="NLog.UnitTests.Layouts.SimpleLayoutOutputTests" method="LayoutInitTest2" time="0.0003373" result="Pass" />
      <test name="NLog.UnitTests.Layouts.SimpleLayoutParserTests.DoubleNestedLayoutWithDefaultLayoutParametersTest" type="NLog.UnitTests.Layouts.SimpleLayoutParserTests" method="DoubleNestedLayoutWithDefaultLayoutParametersTest" time="0.0006697" result="Fail">
        <failure exception-type="System.ArgumentException">
          <message><![CDATA[System.ArgumentException : LayoutRenderer cannot be found: 'rot13']]></message>
          <stack-trace><![CDATA[   at NLog.Config.Factory`2.CreateInstance(String name) in C:\dev\NLog\src\NLog\Config\Factory.cs:line 199
   at NLog.Layouts.LayoutParser.ParseLayoutRenderer(ConfigurationItemFactory configurationItemFactory, SimpleStringReader sr) in C:\dev\NLog\src\NLog\Layouts\LayoutParser.cs:line 345
   at NLog.Layouts.LayoutParser.CompileLayout(ConfigurationItemFactory configurationItemFactory, SimpleStringReader sr, Boolean isNested, String& text) in C:\dev\NLog\src\NLog\Layouts\LayoutParser.cs:line 108
   at NLog.Layouts.SimpleLayout.set_Text(String value) in C:\dev\NLog\src\NLog\Layouts\SimpleLayout.cs:line 119
   at NLog.Layouts.SimpleLayout..ctor(String txt, ConfigurationItemFactory configurationItemFactory) in C:\dev\NLog\src\NLog\Layouts\SimpleLayout.cs:line 88
   at NLog.Layouts.SimpleLayout..ctor(String txt) in C:\dev\NLog\src\NLog\Layouts\SimpleLayout.cs:line 76
   at NLog.Layouts.SimpleLayout.op_Implicit(String text) in C:\dev\NLog\src\NLog\Layouts\SimpleLayout.cs:line 156
   at NLog.UnitTests.Layouts.SimpleLayoutParserTests.DoubleNestedLayoutWithDefaultLayoutParametersTest() in C:\dev\NLog\tests\NLog.UnitTests\Layouts\SimpleLayoutParserTests.cs:line 181]]></stack-trace>
        </failure>
      </test>
      <test name="NLog.UnitTests.Layouts.SimpleLayoutParserTests.InnerLayoutWithHashTest_and_layoutrender" type="NLog.UnitTests.Layouts.SimpleLayoutParserTests" method="InnerLayoutWithHashTest_and_layoutrender" time="0.0003177" result="Fail">
        <failure exception-type="System.ArgumentException">
          <message><![CDATA[System.ArgumentException : LayoutRenderer cannot be found: 'when']]></message>
          <stack-trace><![CDATA[   at NLog.Config.Factory`2.CreateInstance(String name) in C:\dev\NLog\src\NLog\Config\Factory.cs:line 199
   at NLog.Layouts.LayoutParser.ParseLayoutRenderer(ConfigurationItemFactory configurationItemFactory, SimpleStringReader sr) in C:\dev\NLog\src\NLog\Layouts\LayoutParser.cs:line 345
   at NLog.Layouts.LayoutParser.CompileLayout(ConfigurationItemFactory configurationItemFactory, SimpleStringReader sr, Boolean isNested, String& text) in C:\dev\NLog\src\NLog\Layouts\LayoutParser.cs:line 108
   at NLog.Layouts.SimpleLayout.set_Text(String value) in C:\dev\NLog\src\NLog\Layouts\SimpleLayout.cs:line 119
   at NLog.Layouts.SimpleLayout..ctor(String txt, ConfigurationItemFactory configurationItemFactory) in C:\dev\NLog\src\NLog\Layouts\SimpleLayout.cs:line 88
   at NLog.Layouts.SimpleLayout..ctor(String txt) in C:\dev\NLog\src\NLog\Layouts\SimpleLayout.cs:line 76
   at NLog.Layouts.SimpleLayout.op_Implicit(String text) in C:\dev\NLog\src\NLog\Layouts\SimpleLayout.cs:line 156
   at NLog.UnitTests.Layouts.SimpleLayoutParserTests.InnerLayoutWithHashTest_and_layoutrender() in C:\dev\NLog\tests\NLog.UnitTests\Layouts\SimpleLayoutParserTests.cs:line 512]]></stack-trace>
        </failure>
      </test>
      <test name="NLog.UnitTests.Layouts.SimpleLayoutParserTests.InnerLayoutWithSlashTest" type="NLog.UnitTests.Layouts.SimpleLayoutParserTests" method="InnerLayoutWithSlashTest" time="0.0002533" result="Fail">
        <failure exception-type="System.ArgumentException">
          <message><![CDATA[System.ArgumentException : LayoutRenderer cannot be found: 'when']]></message>
          <stack-trace><![CDATA[   at NLog.Config.Factory`2.CreateInstance(String name) in C:\dev\NLog\src\NLog\Config\Factory.cs:line 199
   at NLog.Layouts.LayoutParser.ParseLayoutRenderer(ConfigurationItemFactory configurationItemFactory, SimpleStringReader sr) in C:\dev\NLog\src\NLog\Layouts\LayoutParser.cs:line 345
   at NLog.Layouts.LayoutParser.CompileLayout(ConfigurationItemFactory configurationItemFactory, SimpleStringReader sr, Boolean isNested, String& text) in C:\dev\NLog\src\NLog\Layouts\LayoutParser.cs:line 108
   at NLog.Layouts.SimpleLayout.set_Text(String value) in C:\dev\NLog\src\NLog\Layouts\SimpleLayout.cs:line 119
   at NLog.Layouts.SimpleLayout..ctor(String txt, ConfigurationItemFactory configurationItemFactory) in C:\dev\NLog\src\NLog\Layouts\SimpleLayout.cs:line 88
   at NLog.Layouts.SimpleLayout..ctor(String txt) in C:\dev\NLog\src\NLog\Layouts\SimpleLayout.cs:line 76
   at NLog.Layouts.SimpleLayout.op_Implicit(String text) in C:\dev\NLog\src\NLog\Layouts\SimpleLayout.cs:line 156
   at NLog.UnitTests.Layouts.SimpleLayoutParserTests.InnerLayoutWithSlashTest() in C:\dev\NLog\tests\NLog.UnitTests\Layouts\SimpleLayoutParserTests.cs:line 399]]></stack-trace>
        </failure>
      </test>
      <test name="NLog.UnitTests.Layouts.SimpleLayoutParserTests.InnerLayoutWithHashTest" type="NLog.UnitTests.Layouts.SimpleLayoutParserTests" method="InnerLayoutWithHashTest" time="0.0002277" result="Fail">
        <failure exception-type="System.ArgumentException">
          <message><![CDATA[System.ArgumentException : LayoutRenderer cannot be found: 'when']]></message>
          <stack-trace><![CDATA[   at NLog.Config.Factory`2.CreateInstance(String name) in C:\dev\NLog\src\NLog\Config\Factory.cs:line 199
   at NLog.Layouts.LayoutParser.ParseLayoutRenderer(ConfigurationItemFactory configurationItemFactory, SimpleStringReader sr) in C:\dev\NLog\src\NLog\Layouts\LayoutParser.cs:line 345
   at NLog.Layouts.LayoutParser.CompileLayout(ConfigurationItemFactory configurationItemFactory, SimpleStringReader sr, Boolean isNested, String& text) in C:\dev\NLog\src\NLog\Layouts\LayoutParser.cs:line 108
   at NLog.Layouts.SimpleLayout.set_Text(String value) in C:\dev\NLog\src\NLog\Layouts\SimpleLayout.cs:line 119
   at NLog.Layouts.SimpleLayout..ctor(String txt, ConfigurationItemFactory configurationItemFactory) in C:\dev\NLog\src\NLog\Layouts\SimpleLayout.cs:line 88
   at NLog.Layouts.SimpleLayout..ctor(String txt) in C:\dev\NLog\src\NLog\Layouts\SimpleLayout.cs:line 76
   at NLog.Layouts.SimpleLayout.op_Implicit(String text) in C:\dev\NLog\src\NLog\Layouts\SimpleLayout.cs:line 156
   at NLog.UnitTests.Layouts.SimpleLayoutParserTests.InnerLayoutWithHashTest() in C:\dev\NLog\tests\NLog.UnitTests\Layouts\SimpleLayoutParserTests.cs:line 446]]></stack-trace>
        </failure>
      </test>
      <test name="NLog.UnitTests.Layouts.SimpleLayoutParserTests.ReverseDoubleAmbientPropertyTest" type="NLog.UnitTests.Layouts.SimpleLayoutParserTests" method="ReverseDoubleAmbientPropertyTest" time="0.0005077" result="Fail">
        <failure exception-type="System.ArgumentException">
          <message><![CDATA[System.ArgumentException : LayoutRenderer cannot be found: 'message']]></message>
          <stack-trace><![CDATA[   at NLog.Config.Factory`2.CreateInstance(String name) in C:\dev\NLog\src\NLog\Config\Factory.cs:line 199
   at NLog.Layouts.LayoutParser.ParseLayoutRenderer(ConfigurationItemFactory configurationItemFactory, SimpleStringReader sr) in C:\dev\NLog\src\NLog\Layouts\LayoutParser.cs:line 345
   at NLog.Layouts.LayoutParser.CompileLayout(ConfigurationItemFactory configurationItemFactory, SimpleStringReader sr, Boolean isNested, String& text) in C:\dev\NLog\src\NLog\Layouts\LayoutParser.cs:line 108
   at NLog.Layouts.SimpleLayout.set_Text(String value) in C:\dev\NLog\src\NLog\Layouts\SimpleLayout.cs:line 119
   at NLog.Layouts.SimpleLayout..ctor(String txt, ConfigurationItemFactory configurationItemFactory) in C:\dev\NLog\src\NLog\Layouts\SimpleLayout.cs:line 88
   at NLog.Layouts.SimpleLayout..ctor(String txt) in C:\dev\NLog\src\NLog\Layouts\SimpleLayout.cs:line 76
   at NLog.Layouts.SimpleLayout.op_Implicit(String text) in C:\dev\NLog\src\NLog\Layouts\SimpleLayout.cs:line 156
   at NLog.UnitTests.Layouts.SimpleLayoutParserTests.ReverseDoubleAmbientPropertyTest() in C:\dev\NLog\tests\NLog.UnitTests\Layouts\SimpleLayoutParserTests.cs:line 237]]></stack-trace>
        </failure>
      </test>
      <test name="NLog.UnitTests.Layouts.SimpleLayoutParserTests.InnerLayoutWithBracketsTest" type="NLog.UnitTests.Layouts.SimpleLayoutParserTests" method="InnerLayoutWithBracketsTest" time="0.0002348" result="Fail">
        <failure exception-type="System.ArgumentException">
          <message><![CDATA[System.ArgumentException : LayoutRenderer cannot be found: 'when']]></message>
          <stack-trace><![CDATA[   at NLog.Config.Factory`2.CreateInstance(String name) in C:\dev\NLog\src\NLog\Config\Factory.cs:line 199
   at NLog.Layouts.LayoutParser.ParseLayoutRenderer(ConfigurationItemFactory configurationItemFactory, SimpleStringReader sr) in C:\dev\NLog\src\NLog\Layouts\LayoutParser.cs:line 345
   at NLog.Layouts.LayoutParser.CompileLayout(ConfigurationItemFactory configurationItemFactory, SimpleStringReader sr, Boolean isNested, String& text) in C:\dev\NLog\src\NLog\Layouts\LayoutParser.cs:line 108
   at NLog.Layouts.SimpleLayout.set_Text(String value) in C:\dev\NLog\src\NLog\Layouts\SimpleLayout.cs:line 119
   at NLog.Layouts.SimpleLayout..ctor(String txt, ConfigurationItemFactory configurationItemFactory) in C:\dev\NLog\src\NLog\Layouts\SimpleLayout.cs:line 88
   at NLog.Layouts.SimpleLayout..ctor(String txt) in C:\dev\NLog\src\NLog\Layouts\SimpleLayout.cs:line 76
   at NLog.Layouts.SimpleLayout.op_Implicit(String text) in C:\dev\NLog\src\NLog\Layouts\SimpleLayout.cs:line 156
   at NLog.UnitTests.Layouts.SimpleLayoutParserTests.InnerLayoutWithBracketsTest() in C:\dev\NLog\tests\NLog.UnitTests\Layouts\SimpleLayoutParserTests.cs:line 408]]></stack-trace>
        </failure>
      </test>
      <test name="NLog.UnitTests.Layouts.SimpleLayoutParserTests.UnclosedTest" type="NLog.UnitTests.Layouts.SimpleLayoutParserTests" method="UnclosedTest" time="0.0001897" result="Fail">
        <failure exception-type="System.ArgumentException">
          <message><![CDATA[System.ArgumentException : LayoutRenderer cannot be found: 'message']]></message>
          <stack-trace><![CDATA[   at NLog.Config.Factory`2.CreateInstance(String name) in C:\dev\NLog\src\NLog\Config\Factory.cs:line 199
   at NLog.Layouts.LayoutParser.ParseLayoutRenderer(ConfigurationItemFactory configurationItemFactory, SimpleStringReader sr) in C:\dev\NLog\src\NLog\Layouts\LayoutParser.cs:line 345
   at NLog.Layouts.LayoutParser.CompileLayout(ConfigurationItemFactory configurationItemFactory, SimpleStringReader sr, Boolean isNested, String& text) in C:\dev\NLog\src\NLog\Layouts\LayoutParser.cs:line 108
   at NLog.Layouts.SimpleLayout.set_Text(String value) in C:\dev\NLog\src\NLog\Layouts\SimpleLayout.cs:line 119
   at NLog.Layouts.SimpleLayout..ctor(String txt, ConfigurationItemFactory configurationItemFactory) in C:\dev\NLog\src\NLog\Layouts\SimpleLayout.cs:line 88
   at NLog.Layouts.SimpleLayout..ctor(String txt) in C:\dev\NLog\src\NLog\Layouts\SimpleLayout.cs:line 76
   at NLog.UnitTests.Layouts.SimpleLayoutParserTests.UnclosedTest() in C:\dev\NLog\tests\NLog.UnitTests\Layouts\SimpleLayoutParserTests.cs:line 55]]></stack-trace>
        </failure>
      </test>
      <test name="NLog.UnitTests.Layouts.SimpleLayoutParserTests.InnerLayoutWithSlashSingleTest" type="NLog.UnitTests.Layouts.SimpleLayoutParserTests" method="InnerLayoutWithSlashSingleTest" time="0.0002282" result="Fail">
        <failure exception-type="System.ArgumentException">
          <message><![CDATA[System.ArgumentException : LayoutRenderer cannot be found: 'when']]></message>
          <stack-trace><![CDATA[   at NLog.Config.Factory`2.CreateInstance(String name) in C:\dev\NLog\src\NLog\Config\Factory.cs:line 199
   at NLog.Layouts.LayoutParser.ParseLayoutRenderer(ConfigurationItemFactory configurationItemFactory, SimpleStringReader sr) in C:\dev\NLog\src\NLog\Layouts\LayoutParser.cs:line 345
   at NLog.Layouts.LayoutParser.CompileLayout(ConfigurationItemFactory configurationItemFactory, SimpleStringReader sr, Boolean isNested, String& text) in C:\dev\NLog\src\NLog\Layouts\LayoutParser.cs:line 108
   at NLog.Layouts.SimpleLayout.set_Text(String value) in C:\dev\NLog\src\NLog\Layouts\SimpleLayout.cs:line 119
   at NLog.Layouts.SimpleLayout..ctor(String txt, ConfigurationItemFactory configurationItemFactory) in C:\dev\NLog\src\NLog\Layouts\SimpleLayout.cs:line 88
   at NLog.Layouts.SimpleLayout..ctor(String txt) in C:\dev\NLog\src\NLog\Layouts\SimpleLayout.cs:line 76
   at NLog.Layouts.SimpleLayout.op_Implicit(String text) in C:\dev\NLog\src\NLog\Layouts\SimpleLayout.cs:line 156
   at NLog.UnitTests.Layouts.SimpleLayoutParserTests.InnerLayoutWithSlashSingleTest() in C:\dev\NLog\tests\NLog.UnitTests\Layouts\SimpleLayoutParserTests.cs:line 390]]></stack-trace>
        </failure>
      </test>
      <test name="NLog.UnitTests.Layouts.SimpleLayoutParserTests.InnerLayoutWithBracketsTest_needEscape" type="NLog.UnitTests.Layouts.SimpleLayoutParserTests" method="InnerLayoutWithBracketsTest_needEscape" time="0.0002264" result="Fail">
        <failure exception-type="System.ArgumentException">
          <message><![CDATA[System.ArgumentException : LayoutRenderer cannot be found: 'when']]></message>
          <stack-trace><![CDATA[   at NLog.Config.Factory`2.CreateInstance(String name) in C:\dev\NLog\src\NLog\Config\Factory.cs:line 199
   at NLog.Layouts.LayoutParser.ParseLayoutRenderer(ConfigurationItemFactory configurationItemFactory, SimpleStringReader sr) in C:\dev\NLog\src\NLog\Layouts\LayoutParser.cs:line 345
   at NLog.Layouts.LayoutParser.CompileLayout(ConfigurationItemFactory configurationItemFactory, SimpleStringReader sr, Boolean isNested, String& text) in C:\dev\NLog\src\NLog\Layouts\LayoutParser.cs:line 108
   at NLog.Layouts.SimpleLayout.set_Text(String value) in C:\dev\NLog\src\NLog\Layouts\SimpleLayout.cs:line 119
   at NLog.Layouts.SimpleLayout..ctor(String txt, ConfigurationItemFactory configurationItemFactory) in C:\dev\NLog\src\NLog\Layouts\SimpleLayout.cs:line 88
   at NLog.Layouts.SimpleLayout..ctor(String txt) in C:\dev\NLog\src\NLog\Layouts\SimpleLayout.cs:line 76
   at NLog.Layouts.SimpleLayout.op_Implicit(String text) in C:\dev\NLog\src\NLog\Layouts\SimpleLayout.cs:line 156
   at NLog.UnitTests.Layouts.SimpleLayoutParserTests.InnerLayoutWithBracketsTest_needEscape() in C:\dev\NLog\tests\NLog.UnitTests\Layouts\SimpleLayoutParserTests.cs:line 466]]></stack-trace>
        </failure>
      </test>
      <test name="NLog.UnitTests.Layouts.SimpleLayoutParserTests.InnerLayoutWithColonTest_with_workaround" type="NLog.UnitTests.Layouts.SimpleLayoutParserTests" method="InnerLayoutWithColonTest_with_workaround" time="0.0002207" result="Fail">
        <failure exception-type="System.ArgumentException">
          <message><![CDATA[System.ArgumentException : LayoutRenderer cannot be found: 'when']]></message>
          <stack-trace><![CDATA[   at NLog.Config.Factory`2.CreateInstance(String name) in C:\dev\NLog\src\NLog\Config\Factory.cs:line 199
   at NLog.Layouts.LayoutParser.ParseLayoutRenderer(ConfigurationItemFactory configurationItemFactory, SimpleStringReader sr) in C:\dev\NLog\src\NLog\Layouts\LayoutParser.cs:line 345
   at NLog.Layouts.LayoutParser.CompileLayout(ConfigurationItemFactory configurationItemFactory, SimpleStringReader sr, Boolean isNested, String& text) in C:\dev\NLog\src\NLog\Layouts\LayoutParser.cs:line 108
   at NLog.Layouts.SimpleLayout.set_Text(String value) in C:\dev\NLog\src\NLog\Layouts\SimpleLayout.cs:line 119
   at NLog.Layouts.SimpleLayout..ctor(String txt, ConfigurationItemFactory configurationItemFactory) in C:\dev\NLog\src\NLog\Layouts\SimpleLayout.cs:line 88
   at NLog.Layouts.SimpleLayout..ctor(String txt) in C:\dev\NLog\src\NLog\Layouts\SimpleLayout.cs:line 76
   at NLog.Layouts.SimpleLayout.op_Implicit(String text) in C:\dev\NLog\src\NLog\Layouts\SimpleLayout.cs:line 156
   at NLog.UnitTests.Layouts.SimpleLayoutParserTests.InnerLayoutWithColonTest_with_workaround() in C:\dev\NLog\tests\NLog.UnitTests\Layouts\SimpleLayoutParserTests.cs:line 372]]></stack-trace>
        </failure>
      </test>
      <test name="NLog.UnitTests.Layouts.SimpleLayoutParserTests.InnerLayoutWithBracketsTest_needEscape3" type="NLog.UnitTests.Layouts.SimpleLayoutParserTests" method="InnerLayoutWithBracketsTest_needEscape3" time="0.0002196" result="Fail">
        <failure exception-type="System.ArgumentException">
          <message><![CDATA[System.ArgumentException : LayoutRenderer cannot be found: 'when']]></message>
          <stack-trace><![CDATA[   at NLog.Config.Factory`2.CreateInstance(String name) in C:\dev\NLog\src\NLog\Config\Factory.cs:line 199
   at NLog.Layouts.LayoutParser.ParseLayoutRenderer(ConfigurationItemFactory configurationItemFactory, SimpleStringReader sr) in C:\dev\NLog\src\NLog\Layouts\LayoutParser.cs:line 345
   at NLog.Layouts.LayoutParser.CompileLayout(ConfigurationItemFactory configurationItemFactory, SimpleStringReader sr, Boolean isNested, String& text) in C:\dev\NLog\src\NLog\Layouts\LayoutParser.cs:line 108
   at NLog.Layouts.SimpleLayout.set_Text(String value) in C:\dev\NLog\src\NLog\Layouts\SimpleLayout.cs:line 119
   at NLog.Layouts.SimpleLayout..ctor(String txt, ConfigurationItemFactory configurationItemFactory) in C:\dev\NLog\src\NLog\Layouts\SimpleLayout.cs:line 88
   at NLog.Layouts.SimpleLayout..ctor(String txt) in C:\dev\NLog\src\NLog\Layouts\SimpleLayout.cs:line 76
   at NLog.Layouts.SimpleLayout.op_Implicit(String text) in C:\dev\NLog\src\NLog\Layouts\SimpleLayout.cs:line 156
   at NLog.UnitTests.Layouts.SimpleLayoutParserTests.InnerLayoutWithBracketsTest_needEscape3() in C:\dev\NLog\tests\NLog.UnitTests\Layouts\SimpleLayoutParserTests.cs:line 485]]></stack-trace>
        </failure>
      </test>
      <test name="NLog.UnitTests.Layouts.SimpleLayoutParserTests.EvaluateTest2" type="NLog.UnitTests.Layouts.SimpleLayoutParserTests" method="EvaluateTest2" time="0.0005303" result="Fail">
        <failure exception-type="System.ArgumentException">
          <message><![CDATA[System.ArgumentException : LayoutRenderer cannot be found: 'level']]></message>
          <stack-trace><![CDATA[   at NLog.Config.Factory`2.CreateInstance(String name) in C:\dev\NLog\src\NLog\Config\Factory.cs:line 199
   at NLog.Layouts.LayoutParser.ParseLayoutRenderer(ConfigurationItemFactory configurationItemFactory, SimpleStringReader sr) in C:\dev\NLog\src\NLog\Layouts\LayoutParser.cs:line 345
   at NLog.Layouts.LayoutParser.CompileLayout(ConfigurationItemFactory configurationItemFactory, SimpleStringReader sr, Boolean isNested, String& text) in C:\dev\NLog\src\NLog\Layouts\LayoutParser.cs:line 108
   at NLog.Layouts.SimpleLayout.set_Text(String value) in C:\dev\NLog\src\NLog\Layouts\SimpleLayout.cs:line 119
   at NLog.Layouts.SimpleLayout..ctor(String txt, ConfigurationItemFactory configurationItemFactory) in C:\dev\NLog\src\NLog\Layouts\SimpleLayout.cs:line 88
   at NLog.Layouts.SimpleLayout..ctor(String txt) in C:\dev\NLog\src\NLog\Layouts\SimpleLayout.cs:line 76
   at NLog.Layouts.SimpleLayout.Evaluate(String text, LogEventInfo logEvent) in C:\dev\NLog\src\NLog\Layouts\SimpleLayout.cs:line 185
   at NLog.Layouts.SimpleLayout.Evaluate(String text) in C:\dev\NLog\src\NLog\Layouts\SimpleLayout.cs:line 198
   at NLog.UnitTests.Layouts.SimpleLayoutParserTests.EvaluateTest2() in C:\dev\NLog\tests\NLog.UnitTests\Layouts\SimpleLayoutParserTests.cs:line 271]]></stack-trace>
        </failure>
      </test>
      <test name="NLog.UnitTests.Layouts.SimpleLayoutParserTests.AmbientPropertyTest" type="NLog.UnitTests.Layouts.SimpleLayoutParserTests" method="AmbientPropertyTest" time="0.0003282" result="Fail">
        <failure exception-type="System.ArgumentException">
          <message><![CDATA[System.ArgumentException : LayoutRenderer cannot be found: 'message']]></message>
          <stack-trace><![CDATA[   at NLog.Config.Factory`2.CreateInstance(String name) in C:\dev\NLog\src\NLog\Config\Factory.cs:line 199
   at NLog.Layouts.LayoutParser.ParseLayoutRenderer(ConfigurationItemFactory configurationItemFactory, SimpleStringReader sr) in C:\dev\NLog\src\NLog\Layouts\LayoutParser.cs:line 345
   at NLog.Layouts.LayoutParser.CompileLayout(ConfigurationItemFactory configurationItemFactory, SimpleStringReader sr, Boolean isNested, String& text) in C:\dev\NLog\src\NLog\Layouts\LayoutParser.cs:line 108
   at NLog.Layouts.SimpleLayout.set_Text(String value) in C:\dev\NLog\src\NLog\Layouts\SimpleLayout.cs:line 119
   at NLog.Layouts.SimpleLayout..ctor(String txt, ConfigurationItemFactory configurationItemFactory) in C:\dev\NLog\src\NLog\Layouts\SimpleLayout.cs:line 88
   at NLog.Layouts.SimpleLayout..ctor(String txt) in C:\dev\NLog\src\NLog\Layouts\SimpleLayout.cs:line 76
   at NLog.Layouts.SimpleLayout.op_Implicit(String text) in C:\dev\NLog\src\NLog\Layouts\SimpleLayout.cs:line 156
   at NLog.UnitTests.Layouts.SimpleLayoutParserTests.AmbientPropertyTest() in C:\dev\NLog\tests\NLog.UnitTests\Layouts\SimpleLayoutParserTests.cs:line 204]]></stack-trace>
        </failure>
      </test>
      <test name="NLog.UnitTests.Layouts.SimpleLayoutParserTests.InnerLayoutWithBracketsTest2" type="NLog.UnitTests.Layouts.SimpleLayoutParserTests" method="InnerLayoutWithBracketsTest2" time="0.0002687" result="Fail">
        <failure exception-type="System.ArgumentException">
          <message><![CDATA[System.ArgumentException : LayoutRenderer cannot be found: 'when']]></message>
          <stack-trace><![CDATA[   at NLog.Config.Factory`2.CreateInstance(String name) in C:\dev\NLog\src\NLog\Config\Factory.cs:line 199
   at NLog.Layouts.LayoutParser.ParseLayoutRenderer(ConfigurationItemFactory configurationItemFactory, SimpleStringReader sr) in C:\dev\NLog\src\NLog\Layouts\LayoutParser.cs:line 345
   at NLog.Layouts.LayoutParser.CompileLayout(ConfigurationItemFactory configurationItemFactory, SimpleStringReader sr, Boolean isNested, String& text) in C:\dev\NLog\src\NLog\Layouts\LayoutParser.cs:line 108
   at NLog.Layouts.SimpleLayout.set_Text(String value) in C:\dev\NLog\src\NLog\Layouts\SimpleLayout.cs:line 119
   at NLog.Layouts.SimpleLayout..ctor(String txt, ConfigurationItemFactory configurationItemFactory) in C:\dev\NLog\src\NLog\Layouts\SimpleLayout.cs:line 88
   at NLog.Layouts.SimpleLayout..ctor(String txt) in C:\dev\NLog\src\NLog\Layouts\SimpleLayout.cs:line 76
   at NLog.Layouts.SimpleLayout.op_Implicit(String text) in C:\dev\NLog\src\NLog\Layouts\SimpleLayout.cs:line 156
   at NLog.UnitTests.Layouts.SimpleLayoutParserTests.InnerLayoutWithBracketsTest2() in C:\dev\NLog\tests\NLog.UnitTests\Layouts\SimpleLayoutParserTests.cs:line 417]]></stack-trace>
        </failure>
      </test>
      <test name="NLog.UnitTests.Layouts.SimpleLayoutParserTests.EscapeTest" type="NLog.UnitTests.Layouts.SimpleLayoutParserTests" method="EscapeTest" time="0.0003837" result="Fail">
        <failure exception-type="System.ArgumentException">
          <message><![CDATA[System.ArgumentException : LayoutRenderer cannot be found: 'literal']]></message>
          <stack-trace><![CDATA[   at NLog.Config.Factory`2.CreateInstance(String name) in C:\dev\NLog\src\NLog\Config\Factory.cs:line 199
   at NLog.Layouts.LayoutParser.ParseLayoutRenderer(ConfigurationItemFactory configurationItemFactory, SimpleStringReader sr) in C:\dev\NLog\src\NLog\Layouts\LayoutParser.cs:line 345
   at NLog.Layouts.LayoutParser.CompileLayout(ConfigurationItemFactory configurationItemFactory, SimpleStringReader sr, Boolean isNested, String& text) in C:\dev\NLog\src\NLog\Layouts\LayoutParser.cs:line 108
   at NLog.Layouts.SimpleLayout.set_Text(String value) in C:\dev\NLog\src\NLog\Layouts\SimpleLayout.cs:line 119
   at NLog.Layouts.SimpleLayout..ctor(String txt, ConfigurationItemFactory configurationItemFactory) in C:\dev\NLog\src\NLog\Layouts\SimpleLayout.cs:line 88
   at NLog.Layouts.SimpleLayout..ctor(String txt) in C:\dev\NLog\src\NLog\Layouts\SimpleLayout.cs:line 76
   at NLog.Layouts.SimpleLayout.op_Implicit(String text) in C:\dev\NLog\src\NLog\Layouts\SimpleLayout.cs:line 156
   at NLog.UnitTests.Layouts.SimpleLayoutParserTests.AssertEscapeRoundTrips(String originalString) in C:\dev\NLog\tests\NLog.UnitTests\Layouts\SimpleLayoutParserTests.cs:line 279
   at NLog.UnitTests.Layouts.SimpleLayoutParserTests.EscapeTest() in C:\dev\NLog\tests\NLog.UnitTests\Layouts\SimpleLayoutParserTests.cs:line 251]]></stack-trace>
        </failure>
      </test>
      <test name="NLog.UnitTests.Layouts.SimpleLayoutParserTests.DoubleNestedLayoutTest" type="NLog.UnitTests.Layouts.SimpleLayoutParserTests" method="DoubleNestedLayoutTest" time="0.0003669" result="Fail">
        <failure exception-type="System.ArgumentException">
          <message><![CDATA[System.ArgumentException : LayoutRenderer cannot be found: 'rot13']]></message>
          <stack-trace><![CDATA[   at NLog.Config.Factory`2.CreateInstance(String name) in C:\dev\NLog\src\NLog\Config\Factory.cs:line 199
   at NLog.Layouts.LayoutParser.ParseLayoutRenderer(ConfigurationItemFactory configurationItemFactory, SimpleStringReader sr) in C:\dev\NLog\src\NLog\Layouts\LayoutParser.cs:line 345
   at NLog.Layouts.LayoutParser.CompileLayout(ConfigurationItemFactory configurationItemFactory, SimpleStringReader sr, Boolean isNested, String& text) in C:\dev\NLog\src\NLog\Layouts\LayoutParser.cs:line 108
   at NLog.Layouts.SimpleLayout.set_Text(String value) in C:\dev\NLog\src\NLog\Layouts\SimpleLayout.cs:line 119
   at NLog.Layouts.SimpleLayout..ctor(String txt, ConfigurationItemFactory configurationItemFactory) in C:\dev\NLog\src\NLog\Layouts\SimpleLayout.cs:line 88
   at NLog.Layouts.SimpleLayout..ctor(String txt) in C:\dev\NLog\src\NLog\Layouts\SimpleLayout.cs:line 76
   at NLog.Layouts.SimpleLayout.op_Implicit(String text) in C:\dev\NLog\src\NLog\Layouts\SimpleLayout.cs:line 156
   at NLog.UnitTests.Layouts.SimpleLayoutParserTests.DoubleNestedLayoutTest() in C:\dev\NLog\tests\NLog.UnitTests\Layouts\SimpleLayoutParserTests.cs:line 158]]></stack-trace>
        </failure>
      </test>
      <test name="NLog.UnitTests.Layouts.SimpleLayoutParserTests.InnerLayoutWithBracketsTest_reverse" type="NLog.UnitTests.Layouts.SimpleLayoutParserTests" method="InnerLayoutWithBracketsTest_reverse" time="0.0002309" result="Fail">
        <failure exception-type="System.ArgumentException">
          <message><![CDATA[System.ArgumentException : LayoutRenderer cannot be found: 'when']]></message>
          <stack-trace><![CDATA[   at NLog.Config.Factory`2.CreateInstance(String name) in C:\dev\NLog\src\NLog\Config\Factory.cs:line 199
   at NLog.Layouts.LayoutParser.ParseLayoutRenderer(ConfigurationItemFactory configurationItemFactory, SimpleStringReader sr) in C:\dev\NLog\src\NLog\Layouts\LayoutParser.cs:line 345
   at NLog.Layouts.LayoutParser.CompileLayout(ConfigurationItemFactory configurationItemFactory, SimpleStringReader sr, Boolean isNested, String& text) in C:\dev\NLog\src\NLog\Layouts\LayoutParser.cs:line 108
   at NLog.Layouts.SimpleLayout.set_Text(String value) in C:\dev\NLog\src\NLog\Layouts\SimpleLayout.cs:line 119
   at NLog.Layouts.SimpleLayout..ctor(String txt, ConfigurationItemFactory configurationItemFactory) in C:\dev\NLog\src\NLog\Layouts\SimpleLayout.cs:line 88
   at NLog.Layouts.SimpleLayout..ctor(String txt) in C:\dev\NLog\src\NLog\Layouts\SimpleLayout.cs:line 76
   at NLog.Layouts.SimpleLayout.op_Implicit(String text) in C:\dev\NLog\src\NLog\Layouts\SimpleLayout.cs:line 156
   at NLog.UnitTests.Layouts.SimpleLayoutParserTests.InnerLayoutWithBracketsTest_reverse() in C:\dev\NLog\tests\NLog.UnitTests\Layouts\SimpleLayoutParserTests.cs:line 426]]></stack-trace>
        </failure>
      </test>
      <test name="NLog.UnitTests.Layouts.SimpleLayoutParserTests.SimpleTest" type="NLog.UnitTests.Layouts.SimpleLayoutParserTests" method="SimpleTest" time="0.0002671" result="Fail">
        <failure exception-type="System.ArgumentException">
          <message><![CDATA[System.ArgumentException : LayoutRenderer cannot be found: 'message']]></message>
          <stack-trace><![CDATA[   at NLog.Config.Factory`2.CreateInstance(String name) in C:\dev\NLog\src\NLog\Config\Factory.cs:line 199
   at NLog.Layouts.LayoutParser.ParseLayoutRenderer(ConfigurationItemFactory configurationItemFactory, SimpleStringReader sr) in C:\dev\NLog\src\NLog\Layouts\LayoutParser.cs:line 345
   at NLog.Layouts.LayoutParser.CompileLayout(ConfigurationItemFactory configurationItemFactory, SimpleStringReader sr, Boolean isNested, String& text) in C:\dev\NLog\src\NLog\Layouts\LayoutParser.cs:line 108
   at NLog.Layouts.SimpleLayout.set_Text(String value) in C:\dev\NLog\src\NLog\Layouts\SimpleLayout.cs:line 119
   at NLog.Layouts.SimpleLayout..ctor(String txt, ConfigurationItemFactory configurationItemFactory) in C:\dev\NLog\src\NLog\Layouts\SimpleLayout.cs:line 88
   at NLog.Layouts.SimpleLayout..ctor(String txt) in C:\dev\NLog\src\NLog\Layouts\SimpleLayout.cs:line 76
   at NLog.Layouts.SimpleLayout.op_Implicit(String text) in C:\dev\NLog\src\NLog\Layouts\SimpleLayout.cs:line 156
   at NLog.UnitTests.Layouts.SimpleLayoutParserTests.SimpleTest() in C:\dev\NLog\tests\NLog.UnitTests\Layouts\SimpleLayoutParserTests.cs:line 47]]></stack-trace>
        </failure>
      </test>
      <test name="NLog.UnitTests.Layouts.SimpleLayoutParserTests.MissingLayoutRendererTest" type="NLog.UnitTests.Layouts.SimpleLayoutParserTests" method="MissingLayoutRendererTest" time="0.0040212" result="Fail">
        <failure exception-type="Xunit.Sdk.ThrowsException">
          <message><![CDATA[Assert.Throws() Failure
Expected: typeof(NLog.NLogConfigurationException)
Actual:   typeof(System.ArgumentException): LayoutRenderer cannot be found: 'rot13']]></message>
          <stack-trace><![CDATA[   at NLog.Config.Factory`2.CreateInstance(String name) in C:\dev\NLog\src\NLog\Config\Factory.cs:line 199
   at NLog.Layouts.LayoutParser.ParseLayoutRenderer(ConfigurationItemFactory configurationItemFactory, SimpleStringReader sr) in C:\dev\NLog\src\NLog\Layouts\LayoutParser.cs:line 345
   at NLog.Layouts.LayoutParser.CompileLayout(ConfigurationItemFactory configurationItemFactory, SimpleStringReader sr, Boolean isNested, String& text) in C:\dev\NLog\src\NLog\Layouts\LayoutParser.cs:line 108
   at NLog.Layouts.SimpleLayout.set_Text(String value) in C:\dev\NLog\src\NLog\Layouts\SimpleLayout.cs:line 119
   at NLog.Layouts.SimpleLayout..ctor(String txt, ConfigurationItemFactory configurationItemFactory) in C:\dev\NLog\src\NLog\Layouts\SimpleLayout.cs:line 88
   at NLog.Layouts.SimpleLayout..ctor(String txt) in C:\dev\NLog\src\NLog\Layouts\SimpleLayout.cs:line 76
   at NLog.Layouts.SimpleLayout.op_Implicit(String text) in C:\dev\NLog\src\NLog\Layouts\SimpleLayout.cs:line 156
   at NLog.UnitTests.Layouts.SimpleLayoutParserTests.<>c.<MissingLayoutRendererTest>b__6_0() in C:\dev\NLog\tests\NLog.UnitTests\Layouts\SimpleLayoutParserTests.cs:line 217]]></stack-trace>
        </failure>
      </test>
      <test name="NLog.UnitTests.Layouts.SimpleLayoutParserTests.DoubleAmbientPropertyTest" type="NLog.UnitTests.Layouts.SimpleLayoutParserTests" method="DoubleAmbientPropertyTest" time="0.0003791" result="Fail">
        <failure exception-type="System.ArgumentException">
          <message><![CDATA[System.ArgumentException : LayoutRenderer cannot be found: 'message']]></message>
          <stack-trace><![CDATA[   at NLog.Config.Factory`2.CreateInstance(String name) in C:\dev\NLog\src\NLog\Config\Factory.cs:line 199
   at NLog.Layouts.LayoutParser.ParseLayoutRenderer(ConfigurationItemFactory configurationItemFactory, SimpleStringReader sr) in C:\dev\NLog\src\NLog\Layouts\LayoutParser.cs:line 345
   at NLog.Layouts.LayoutParser.CompileLayout(ConfigurationItemFactory configurationItemFactory, SimpleStringReader sr, Boolean isNested, String& text) in C:\dev\NLog\src\NLog\Layouts\LayoutParser.cs:line 108
   at NLog.Layouts.SimpleLayout.set_Text(String value) in C:\dev\NLog\src\NLog\Layouts\SimpleLayout.cs:line 119
   at NLog.Layouts.SimpleLayout..ctor(String txt, ConfigurationItemFactory configurationItemFactory) in C:\dev\NLog\src\NLog\Layouts\SimpleLayout.cs:line 88
   at NLog.Layouts.SimpleLayout..ctor(String txt) in C:\dev\NLog\src\NLog\Layouts\SimpleLayout.cs:line 76
   at NLog.Layouts.SimpleLayout.op_Implicit(String text) in C:\dev\NLog\src\NLog\Layouts\SimpleLayout.cs:line 156
   at NLog.UnitTests.Layouts.SimpleLayoutParserTests.DoubleAmbientPropertyTest() in C:\dev\NLog\tests\NLog.UnitTests\Layouts\SimpleLayoutParserTests.cs:line 224]]></stack-trace>
        </failure>
      </test>
      <test name="NLog.UnitTests.Layouts.SimpleLayoutParserTests.EvaluateTest" type="NLog.UnitTests.Layouts.SimpleLayoutParserTests" method="EvaluateTest" time="0.0003017" result="Fail">
        <failure exception-type="System.ArgumentException">
          <message><![CDATA[System.ArgumentException : LayoutRenderer cannot be found: 'level']]></message>
          <stack-trace><![CDATA[   at NLog.Config.Factory`2.CreateInstance(String name) in C:\dev\NLog\src\NLog\Config\Factory.cs:line 199
   at NLog.Layouts.LayoutParser.ParseLayoutRenderer(ConfigurationItemFactory configurationItemFactory, SimpleStringReader sr) in C:\dev\NLog\src\NLog\Layouts\LayoutParser.cs:line 345
   at NLog.Layouts.LayoutParser.CompileLayout(ConfigurationItemFactory configurationItemFactory, SimpleStringReader sr, Boolean isNested, String& text) in C:\dev\NLog\src\NLog\Layouts\LayoutParser.cs:line 108
   at NLog.Layouts.SimpleLayout.set_Text(String value) in C:\dev\NLog\src\NLog\Layouts\SimpleLayout.cs:line 119
   at NLog.Layouts.SimpleLayout..ctor(String txt, ConfigurationItemFactory configurationItemFactory) in C:\dev\NLog\src\NLog\Layouts\SimpleLayout.cs:line 88
   at NLog.Layouts.SimpleLayout..ctor(String txt) in C:\dev\NLog\src\NLog\Layouts\SimpleLayout.cs:line 76
   at NLog.Layouts.SimpleLayout.Evaluate(String text, LogEventInfo logEvent) in C:\dev\NLog\src\NLog\Layouts\SimpleLayout.cs:line 185
   at NLog.UnitTests.Layouts.SimpleLayoutParserTests.EvaluateTest() in C:\dev\NLog\tests\NLog.UnitTests\Layouts\SimpleLayoutParserTests.cs:line 265]]></stack-trace>
        </failure>
      </test>
      <test name="NLog.UnitTests.Layouts.SimpleLayoutParserTests.InnerLayoutWithBracketsTest_needEscape4" type="NLog.UnitTests.Layouts.SimpleLayoutParserTests" method="InnerLayoutWithBracketsTest_needEscape4" time="0.0002749" result="Fail">
        <failure exception-type="System.ArgumentException">
          <message><![CDATA[System.ArgumentException : LayoutRenderer cannot be found: 'when']]></message>
          <stack-trace><![CDATA[   at NLog.Config.Factory`2.CreateInstance(String name) in C:\dev\NLog\src\NLog\Config\Factory.cs:line 199
   at NLog.Layouts.LayoutParser.ParseLayoutRenderer(ConfigurationItemFactory configurationItemFactory, SimpleStringReader sr) in C:\dev\NLog\src\NLog\Layouts\LayoutParser.cs:line 345
   at NLog.Layouts.LayoutParser.CompileLayout(ConfigurationItemFactory configurationItemFactory, SimpleStringReader sr, Boolean isNested, String& text) in C:\dev\NLog\src\NLog\Layouts\LayoutParser.cs:line 108
   at NLog.Layouts.SimpleLayout.set_Text(String value) in C:\dev\NLog\src\NLog\Layouts\SimpleLayout.cs:line 119
   at NLog.Layouts.SimpleLayout..ctor(String txt, ConfigurationItemFactory configurationItemFactory) in C:\dev\NLog\src\NLog\Layouts\SimpleLayout.cs:line 88
   at NLog.Layouts.SimpleLayout..ctor(String txt) in C:\dev\NLog\src\NLog\Layouts\SimpleLayout.cs:line 76
   at NLog.Layouts.SimpleLayout.op_Implicit(String text) in C:\dev\NLog\src\NLog\Layouts\SimpleLayout.cs:line 156
   at NLog.UnitTests.Layouts.SimpleLayoutParserTests.InnerLayoutWithBracketsTest_needEscape4() in C:\dev\NLog\tests\NLog.UnitTests\Layouts\SimpleLayoutParserTests.cs:line 494]]></stack-trace>
        </failure>
      </test>
      <test name="NLog.UnitTests.Layouts.SimpleLayoutParserTests.LayoutParserEscapeCodesForRegExTestV2" type="NLog.UnitTests.Layouts.SimpleLayoutParserTests" method="LayoutParserEscapeCodesForRegExTestV2" time="0.001981" result="Fail">
        <failure exception-type="NLog.NLogConfigurationException">
          <message><![CDATA[NLog.NLogConfigurationException : Exception occurred when loading configuration from 
---- System.ArgumentException : LayoutRenderer cannot be found: 'replace']]></message>
          <stack-trace><![CDATA[   at NLog.Config.XmlLoggingConfiguration.Initialize(XmlReader reader, String fileName, Boolean ignoreErrors) in C:\dev\NLog\src\NLog\Config\XmlLoggingConfiguration.cs:line 361
   at NLog.Config.XmlLoggingConfiguration..ctor(XmlReader reader, String fileName) in C:\dev\NLog\src\NLog\Config\XmlLoggingConfiguration.cs:line 138
   at NLog.UnitTests.NLogTestBase.CreateConfigurationFromString(String configXml) in C:\dev\NLog\tests\NLog.UnitTests\NLogTestBase.cs:line 254
   at NLog.UnitTests.Layouts.SimpleLayoutParserTests.LayoutParserEscapeCodesForRegExTestV2() in C:\dev\NLog\tests\NLog.UnitTests\Layouts\SimpleLayoutParserTests.cs:line 332
----- Inner Stack Trace -----
   at NLog.Config.Factory`2.CreateInstance(String name) in C:\dev\NLog\src\NLog\Config\Factory.cs:line 199
   at NLog.Layouts.LayoutParser.ParseLayoutRenderer(ConfigurationItemFactory configurationItemFactory, SimpleStringReader sr) in C:\dev\NLog\src\NLog\Layouts\LayoutParser.cs:line 345
   at NLog.Layouts.LayoutParser.CompileLayout(ConfigurationItemFactory configurationItemFactory, SimpleStringReader sr, Boolean isNested, String& text) in C:\dev\NLog\src\NLog\Layouts\LayoutParser.cs:line 108
   at NLog.Layouts.SimpleLayout.set_Text(String value) in C:\dev\NLog\src\NLog\Layouts\SimpleLayout.cs:line 119
   at NLog.Layouts.SimpleLayout..ctor(String txt, ConfigurationItemFactory configurationItemFactory) in C:\dev\NLog\src\NLog\Layouts\SimpleLayout.cs:line 88
   at NLog.Layouts.SimpleLayout..ctor(String txt) in C:\dev\NLog\src\NLog\Layouts\SimpleLayout.cs:line 76
   at NLog.Layouts.SimpleLayout.op_Implicit(String text) in C:\dev\NLog\src\NLog\Layouts\SimpleLayout.cs:line 156
   at NLog.Config.XmlLoggingConfiguration.ParseVariableElement(NLogXmlElement variableElement) in C:\dev\NLog\src\NLog\Config\XmlLoggingConfiguration.cs:line 681
   at NLog.Config.XmlLoggingConfiguration.ParseNLogElement(NLogXmlElement nlogElement, String filePath, Boolean autoReloadDefault) in C:\dev\NLog\src\NLog\Config\XmlLoggingConfiguration.cs:line 517
   at NLog.Config.XmlLoggingConfiguration.ParseTopLevel(NLogXmlElement content, String filePath, Boolean autoReloadDefault) in C:\dev\NLog\src\NLog\Config\XmlLoggingConfiguration.cs:line 428
   at NLog.Config.XmlLoggingConfiguration.Initialize(XmlReader reader, String fileName, Boolean ignoreErrors) in C:\dev\NLog\src\NLog\Config\XmlLoggingConfiguration.cs:line 339]]></stack-trace>
        </failure>
      </test>
      <test name="NLog.UnitTests.Layouts.SimpleLayoutParserTests.InnerLayoutWithHashTest_need_escape" type="NLog.UnitTests.Layouts.SimpleLayoutParserTests" method="InnerLayoutWithHashTest_need_escape" time="0.0002538" result="Fail">
        <failure exception-type="System.ArgumentException">
          <message><![CDATA[System.ArgumentException : LayoutRenderer cannot be found: 'when']]></message>
          <stack-trace><![CDATA[   at NLog.Config.Factory`2.CreateInstance(String name) in C:\dev\NLog\src\NLog\Config\Factory.cs:line 199
   at NLog.Layouts.LayoutParser.ParseLayoutRenderer(ConfigurationItemFactory configurationItemFactory, SimpleStringReader sr) in C:\dev\NLog\src\NLog\Layouts\LayoutParser.cs:line 345
   at NLog.Layouts.LayoutParser.CompileLayout(ConfigurationItemFactory configurationItemFactory, SimpleStringReader sr, Boolean isNested, String& text) in C:\dev\NLog\src\NLog\Layouts\LayoutParser.cs:line 108
   at NLog.Layouts.SimpleLayout.set_Text(String value) in C:\dev\NLog\src\NLog\Layouts\SimpleLayout.cs:line 119
   at NLog.Layouts.SimpleLayout..ctor(String txt, ConfigurationItemFactory configurationItemFactory) in C:\dev\NLog\src\NLog\Layouts\SimpleLayout.cs:line 88
   at NLog.Layouts.SimpleLayout..ctor(String txt) in C:\dev\NLog\src\NLog\Layouts\SimpleLayout.cs:line 76
   at NLog.Layouts.SimpleLayout.op_Implicit(String text) in C:\dev\NLog\src\NLog\Layouts\SimpleLayout.cs:line 156
   at NLog.UnitTests.Layouts.SimpleLayoutParserTests.InnerLayoutWithHashTest_need_escape() in C:\dev\NLog\tests\NLog.UnitTests\Layouts\SimpleLayoutParserTests.cs:line 457]]></stack-trace>
        </failure>
      </test>
      <test name="NLog.UnitTests.Layouts.SimpleLayoutParserTests.InnerLayoutWithColonTest" type="NLog.UnitTests.Layouts.SimpleLayoutParserTests" method="InnerLayoutWithColonTest" time="0.0002263" result="Fail">
        <failure exception-type="System.ArgumentException">
          <message><![CDATA[System.ArgumentException : LayoutRenderer cannot be found: 'when']]></message>
          <stack-trace><![CDATA[   at NLog.Config.Factory`2.CreateInstance(String name) in C:\dev\NLog\src\NLog\Config\Factory.cs:line 199
   at NLog.Layouts.LayoutParser.ParseLayoutRenderer(ConfigurationItemFactory configurationItemFactory, SimpleStringReader sr) in C:\dev\NLog\src\NLog\Layouts\LayoutParser.cs:line 345
   at NLog.Layouts.LayoutParser.CompileLayout(ConfigurationItemFactory configurationItemFactory, SimpleStringReader sr, Boolean isNested, String& text) in C:\dev\NLog\src\NLog\Layouts\LayoutParser.cs:line 108
   at NLog.Layouts.SimpleLayout.set_Text(String value) in C:\dev\NLog\src\NLog\Layouts\SimpleLayout.cs:line 119
   at NLog.Layouts.SimpleLayout..ctor(String txt, ConfigurationItemFactory configurationItemFactory) in C:\dev\NLog\src\NLog\Layouts\SimpleLayout.cs:line 88
   at NLog.Layouts.SimpleLayout..ctor(String txt) in C:\dev\NLog\src\NLog\Layouts\SimpleLayout.cs:line 76
   at NLog.Layouts.SimpleLayout.op_Implicit(String text) in C:\dev\NLog\src\NLog\Layouts\SimpleLayout.cs:line 156
   at NLog.UnitTests.Layouts.SimpleLayoutParserTests.InnerLayoutWithColonTest() in C:\dev\NLog\tests\NLog.UnitTests\Layouts\SimpleLayoutParserTests.cs:line 381]]></stack-trace>
        </failure>
      </test>
      <test name="NLog.UnitTests.Layouts.SimpleLayoutParserTests.InnerLayoutWithBracketsTest_needEscape2" type="NLog.UnitTests.Layouts.SimpleLayoutParserTests" method="InnerLayoutWithBracketsTest_needEscape2" time="0.0002273" result="Fail">
        <failure exception-type="System.ArgumentException">
          <message><![CDATA[System.ArgumentException : LayoutRenderer cannot be found: 'when']]></message>
          <stack-trace><![CDATA[   at NLog.Config.Factory`2.CreateInstance(String name) in C:\dev\NLog\src\NLog\Config\Factory.cs:line 199
   at NLog.Layouts.LayoutParser.ParseLayoutRenderer(ConfigurationItemFactory configurationItemFactory, SimpleStringReader sr) in C:\dev\NLog\src\NLog\Layouts\LayoutParser.cs:line 345
   at NLog.Layouts.LayoutParser.CompileLayout(ConfigurationItemFactory configurationItemFactory, SimpleStringReader sr, Boolean isNested, String& text) in C:\dev\NLog\src\NLog\Layouts\LayoutParser.cs:line 108
   at NLog.Layouts.SimpleLayout.set_Text(String value) in C:\dev\NLog\src\NLog\Layouts\SimpleLayout.cs:line 119
   at NLog.Layouts.SimpleLayout..ctor(String txt, ConfigurationItemFactory configurationItemFactory) in C:\dev\NLog\src\NLog\Layouts\SimpleLayout.cs:line 88
   at NLog.Layouts.SimpleLayout..ctor(String txt) in C:\dev\NLog\src\NLog\Layouts\SimpleLayout.cs:line 76
   at NLog.Layouts.SimpleLayout.op_Implicit(String text) in C:\dev\NLog\src\NLog\Layouts\SimpleLayout.cs:line 156
   at NLog.UnitTests.Layouts.SimpleLayoutParserTests.InnerLayoutWithBracketsTest_needEscape2() in C:\dev\NLog\tests\NLog.UnitTests\Layouts\SimpleLayoutParserTests.cs:line 476]]></stack-trace>
        </failure>
      </test>
      <test name="NLog.UnitTests.Layouts.SimpleLayoutParserTests.InnerLayoutWithBracketsTest_needEscape5" type="NLog.UnitTests.Layouts.SimpleLayoutParserTests" method="InnerLayoutWithBracketsTest_needEscape5" time="0.0002285" result="Fail">
        <failure exception-type="System.ArgumentException">
          <message><![CDATA[System.ArgumentException : LayoutRenderer cannot be found: 'when']]></message>
          <stack-trace><![CDATA[   at NLog.Config.Factory`2.CreateInstance(String name) in C:\dev\NLog\src\NLog\Config\Factory.cs:line 199
   at NLog.Layouts.LayoutParser.ParseLayoutRenderer(ConfigurationItemFactory configurationItemFactory, SimpleStringReader sr) in C:\dev\NLog\src\NLog\Layouts\LayoutParser.cs:line 345
   at NLog.Layouts.LayoutParser.CompileLayout(ConfigurationItemFactory configurationItemFactory, SimpleStringReader sr, Boolean isNested, String& text) in C:\dev\NLog\src\NLog\Layouts\LayoutParser.cs:line 108
   at NLog.Layouts.SimpleLayout.set_Text(String value) in C:\dev\NLog\src\NLog\Layouts\SimpleLayout.cs:line 119
   at NLog.Layouts.SimpleLayout..ctor(String txt, ConfigurationItemFactory configurationItemFactory) in C:\dev\NLog\src\NLog\Layouts\SimpleLayout.cs:line 88
   at NLog.Layouts.SimpleLayout..ctor(String txt) in C:\dev\NLog\src\NLog\Layouts\SimpleLayout.cs:line 76
   at NLog.Layouts.SimpleLayout.op_Implicit(String text) in C:\dev\NLog\src\NLog\Layouts\SimpleLayout.cs:line 156
   at NLog.UnitTests.Layouts.SimpleLayoutParserTests.InnerLayoutWithBracketsTest_needEscape5() in C:\dev\NLog\tests\NLog.UnitTests\Layouts\SimpleLayoutParserTests.cs:line 503]]></stack-trace>
        </failure>
      </test>
      <test name="NLog.UnitTests.Layouts.SimpleLayoutParserTests.InnerLayoutWithBracketsTest_no_escape" type="NLog.UnitTests.Layouts.SimpleLayoutParserTests" method="InnerLayoutWithBracketsTest_no_escape" time="0.0002305" result="Fail">
        <failure exception-type="System.ArgumentException">
          <message><![CDATA[System.ArgumentException : LayoutRenderer cannot be found: 'when']]></message>
          <stack-trace><![CDATA[   at NLog.Config.Factory`2.CreateInstance(String name) in C:\dev\NLog\src\NLog\Config\Factory.cs:line 199
   at NLog.Layouts.LayoutParser.ParseLayoutRenderer(ConfigurationItemFactory configurationItemFactory, SimpleStringReader sr) in C:\dev\NLog\src\NLog\Layouts\LayoutParser.cs:line 345
   at NLog.Layouts.LayoutParser.CompileLayout(ConfigurationItemFactory configurationItemFactory, SimpleStringReader sr, Boolean isNested, String& text) in C:\dev\NLog\src\NLog\Layouts\LayoutParser.cs:line 108
   at NLog.Layouts.SimpleLayout.set_Text(String value) in C:\dev\NLog\src\NLog\Layouts\SimpleLayout.cs:line 119
   at NLog.Layouts.SimpleLayout..ctor(String txt, ConfigurationItemFactory configurationItemFactory) in C:\dev\NLog\src\NLog\Layouts\SimpleLayout.cs:line 88
   at NLog.Layouts.SimpleLayout..ctor(String txt) in C:\dev\NLog\src\NLog\Layouts\SimpleLayout.cs:line 76
   at NLog.Layouts.SimpleLayout.op_Implicit(String text) in C:\dev\NLog\src\NLog\Layouts\SimpleLayout.cs:line 156
   at NLog.UnitTests.Layouts.SimpleLayoutParserTests.InnerLayoutWithBracketsTest_no_escape() in C:\dev\NLog\tests\NLog.UnitTests\Layouts\SimpleLayoutParserTests.cs:line 437]]></stack-trace>
        </failure>
      </test>
      <test name="NLog.UnitTests.Layouts.SimpleLayoutParserTests.LayoutParserEscapeCodesForRegExTestV1" type="NLog.UnitTests.Layouts.SimpleLayoutParserTests" method="LayoutParserEscapeCodesForRegExTestV1" time="0.0004745" result="Fail">
        <failure exception-type="NLog.NLogConfigurationException">
          <message><![CDATA[NLog.NLogConfigurationException : Exception occurred when loading configuration from 
---- System.ArgumentException : LayoutRenderer cannot be found: 'replace']]></message>
          <stack-trace><![CDATA[   at NLog.Config.XmlLoggingConfiguration.Initialize(XmlReader reader, String fileName, Boolean ignoreErrors) in C:\dev\NLog\src\NLog\Config\XmlLoggingConfiguration.cs:line 361
   at NLog.Config.XmlLoggingConfiguration..ctor(XmlReader reader, String fileName) in C:\dev\NLog\src\NLog\Config\XmlLoggingConfiguration.cs:line 138
   at NLog.UnitTests.NLogTestBase.CreateConfigurationFromString(String configXml) in C:\dev\NLog\tests\NLog.UnitTests\NLogTestBase.cs:line 254
   at NLog.UnitTests.Layouts.SimpleLayoutParserTests.LayoutParserEscapeCodesForRegExTestV1() in C:\dev\NLog\tests\NLog.UnitTests\Layouts\SimpleLayoutParserTests.cs:line 291
----- Inner Stack Trace -----
   at NLog.Config.Factory`2.CreateInstance(String name) in C:\dev\NLog\src\NLog\Config\Factory.cs:line 199
   at NLog.Layouts.LayoutParser.ParseLayoutRenderer(ConfigurationItemFactory configurationItemFactory, SimpleStringReader sr) in C:\dev\NLog\src\NLog\Layouts\LayoutParser.cs:line 345
   at NLog.Layouts.LayoutParser.CompileLayout(ConfigurationItemFactory configurationItemFactory, SimpleStringReader sr, Boolean isNested, String& text) in C:\dev\NLog\src\NLog\Layouts\LayoutParser.cs:line 108
   at NLog.Layouts.SimpleLayout.set_Text(String value) in C:\dev\NLog\src\NLog\Layouts\SimpleLayout.cs:line 119
   at NLog.Layouts.SimpleLayout..ctor(String txt, ConfigurationItemFactory configurationItemFactory) in C:\dev\NLog\src\NLog\Layouts\SimpleLayout.cs:line 88
   at NLog.Layouts.SimpleLayout..ctor(String txt) in C:\dev\NLog\src\NLog\Layouts\SimpleLayout.cs:line 76
   at NLog.Layouts.SimpleLayout.op_Implicit(String text) in C:\dev\NLog\src\NLog\Layouts\SimpleLayout.cs:line 156
   at NLog.Config.XmlLoggingConfiguration.ParseVariableElement(NLogXmlElement variableElement) in C:\dev\NLog\src\NLog\Config\XmlLoggingConfiguration.cs:line 681
   at NLog.Config.XmlLoggingConfiguration.ParseNLogElement(NLogXmlElement nlogElement, String filePath, Boolean autoReloadDefault) in C:\dev\NLog\src\NLog\Config\XmlLoggingConfiguration.cs:line 517
   at NLog.Config.XmlLoggingConfiguration.ParseTopLevel(NLogXmlElement content, String filePath, Boolean autoReloadDefault) in C:\dev\NLog\src\NLog\Config\XmlLoggingConfiguration.cs:line 428
   at NLog.Config.XmlLoggingConfiguration.Initialize(XmlReader reader, String fileName, Boolean ignoreErrors) in C:\dev\NLog\src\NLog\Config\XmlLoggingConfiguration.cs:line 339]]></stack-trace>
        </failure>
      </test>
      <test name="NLog.UnitTests.Layouts.SimpleLayoutParserTests.NestedLayoutTest" type="NLog.UnitTests.Layouts.SimpleLayoutParserTests" method="NestedLayoutTest" time="0.0004446" result="Fail">
        <failure exception-type="System.ArgumentException">
          <message><![CDATA[System.ArgumentException : LayoutRenderer cannot be found: 'rot13']]></message>
          <stack-trace><![CDATA[   at NLog.Config.Factory`2.CreateInstance(String name) in C:\dev\NLog\src\NLog\Config\Factory.cs:line 199
   at NLog.Layouts.LayoutParser.ParseLayoutRenderer(ConfigurationItemFactory configurationItemFactory, SimpleStringReader sr) in C:\dev\NLog\src\NLog\Layouts\LayoutParser.cs:line 345
   at NLog.Layouts.LayoutParser.CompileLayout(ConfigurationItemFactory configurationItemFactory, SimpleStringReader sr, Boolean isNested, String& text) in C:\dev\NLog\src\NLog\Layouts\LayoutParser.cs:line 108
   at NLog.Layouts.SimpleLayout.set_Text(String value) in C:\dev\NLog\src\NLog\Layouts\SimpleLayout.cs:line 119
   at NLog.Layouts.SimpleLayout..ctor(String txt, ConfigurationItemFactory configurationItemFactory) in C:\dev\NLog\src\NLog\Layouts\SimpleLayout.cs:line 88
   at NLog.Layouts.SimpleLayout..ctor(String txt) in C:\dev\NLog\src\NLog\Layouts\SimpleLayout.cs:line 76
   at NLog.Layouts.SimpleLayout.op_Implicit(String text) in C:\dev\NLog\src\NLog\Layouts\SimpleLayout.cs:line 156
   at NLog.UnitTests.Layouts.SimpleLayoutParserTests.NestedLayoutTest() in C:\dev\NLog\tests\NLog.UnitTests\Layouts\SimpleLayoutParserTests.cs:line 138]]></stack-trace>
        </failure>
      </test>
      <test name="NLog.UnitTests.Layouts.ThreadAgnosticTests.ThreadAgnosticAttributeTest" type="NLog.UnitTests.Layouts.ThreadAgnosticTests" method="ThreadAgnosticAttributeTest" time="0.0003856" result="Pass" />
      <test name="NLog.UnitTests.Layouts.ThreadAgnosticTests.AgnosticPlusAgnostic" type="NLog.UnitTests.Layouts.ThreadAgnosticTests" method="AgnosticPlusAgnostic" time="0.0003204" result="Fail">
        <failure exception-type="System.ArgumentException">
          <message><![CDATA[System.ArgumentException : LayoutRenderer cannot be found: 'message']]></message>
          <stack-trace><![CDATA[   at NLog.Config.Factory`2.CreateInstance(String name) in C:\dev\NLog\src\NLog\Config\Factory.cs:line 199
   at NLog.Layouts.LayoutParser.ParseLayoutRenderer(ConfigurationItemFactory configurationItemFactory, SimpleStringReader sr) in C:\dev\NLog\src\NLog\Layouts\LayoutParser.cs:line 345
   at NLog.Layouts.LayoutParser.CompileLayout(ConfigurationItemFactory configurationItemFactory, SimpleStringReader sr, Boolean isNested, String& text) in C:\dev\NLog\src\NLog\Layouts\LayoutParser.cs:line 108
   at NLog.Layouts.SimpleLayout.set_Text(String value) in C:\dev\NLog\src\NLog\Layouts\SimpleLayout.cs:line 119
   at NLog.Layouts.SimpleLayout..ctor(String txt, ConfigurationItemFactory configurationItemFactory) in C:\dev\NLog\src\NLog\Layouts\SimpleLayout.cs:line 88
   at NLog.Layouts.SimpleLayout..ctor(String txt) in C:\dev\NLog\src\NLog\Layouts\SimpleLayout.cs:line 76
   at NLog.UnitTests.Layouts.ThreadAgnosticTests.AgnosticPlusAgnostic() in C:\dev\NLog\tests\NLog.UnitTests\Layouts\ThreadAgnosticTests.cs:line 90]]></stack-trace>
        </failure>
      </test>
      <test name="NLog.UnitTests.Layouts.ThreadAgnosticTests.DoubleWrapperOverAgnostic" type="NLog.UnitTests.Layouts.ThreadAgnosticTests" method="DoubleWrapperOverAgnostic" time="0.0002708" result="Fail">
        <failure exception-type="System.ArgumentException">
          <message><![CDATA[System.ArgumentException : LayoutRenderer cannot be found: 'lowercase']]></message>
          <stack-trace><![CDATA[   at NLog.Config.Factory`2.CreateInstance(String name) in C:\dev\NLog\src\NLog\Config\Factory.cs:line 199
   at NLog.Layouts.LayoutParser.ParseLayoutRenderer(ConfigurationItemFactory configurationItemFactory, SimpleStringReader sr) in C:\dev\NLog\src\NLog\Layouts\LayoutParser.cs:line 345
   at NLog.Layouts.LayoutParser.CompileLayout(ConfigurationItemFactory configurationItemFactory, SimpleStringReader sr, Boolean isNested, String& text) in C:\dev\NLog\src\NLog\Layouts\LayoutParser.cs:line 108
   at NLog.Layouts.SimpleLayout.set_Text(String value) in C:\dev\NLog\src\NLog\Layouts\SimpleLayout.cs:line 119
   at NLog.Layouts.SimpleLayout..ctor(String txt, ConfigurationItemFactory configurationItemFactory) in C:\dev\NLog\src\NLog\Layouts\SimpleLayout.cs:line 88
   at NLog.Layouts.SimpleLayout..ctor(String txt) in C:\dev\NLog\src\NLog\Layouts\SimpleLayout.cs:line 76
   at NLog.UnitTests.Layouts.ThreadAgnosticTests.DoubleWrapperOverAgnostic() in C:\dev\NLog\tests\NLog.UnitTests\Layouts\ThreadAgnosticTests.cs:line 106]]></stack-trace>
        </failure>
      </test>
      <test name="NLog.UnitTests.Layouts.ThreadAgnosticTests.TripleWrapperOverAgnostic" type="NLog.UnitTests.Layouts.ThreadAgnosticTests" method="TripleWrapperOverAgnostic" time="0.0003091" result="Fail">
        <failure exception-type="System.ArgumentException">
          <message><![CDATA[System.ArgumentException : LayoutRenderer cannot be found: 'uppercase']]></message>
          <stack-trace><![CDATA[   at NLog.Config.Factory`2.CreateInstance(String name) in C:\dev\NLog\src\NLog\Config\Factory.cs:line 199
   at NLog.Layouts.LayoutParser.ParseLayoutRenderer(ConfigurationItemFactory configurationItemFactory, SimpleStringReader sr) in C:\dev\NLog\src\NLog\Layouts\LayoutParser.cs:line 345
   at NLog.Layouts.LayoutParser.CompileLayout(ConfigurationItemFactory configurationItemFactory, SimpleStringReader sr, Boolean isNested, String& text) in C:\dev\NLog\src\NLog\Layouts\LayoutParser.cs:line 108
   at NLog.Layouts.SimpleLayout.set_Text(String value) in C:\dev\NLog\src\NLog\Layouts\SimpleLayout.cs:line 119
   at NLog.Layouts.SimpleLayout..ctor(String txt, ConfigurationItemFactory configurationItemFactory) in C:\dev\NLog\src\NLog\Layouts\SimpleLayout.cs:line 88
   at NLog.Layouts.SimpleLayout..ctor(String txt) in C:\dev\NLog\src\NLog\Layouts\SimpleLayout.cs:line 76
   at NLog.UnitTests.Layouts.ThreadAgnosticTests.TripleWrapperOverAgnostic() in C:\dev\NLog\tests\NLog.UnitTests\Layouts\ThreadAgnosticTests.cs:line 114]]></stack-trace>
        </failure>
      </test>
      <test name="NLog.UnitTests.Layouts.ThreadAgnosticTests.ComplexAgnosticWithCondition" type="NLog.UnitTests.Layouts.ThreadAgnosticTests" method="ComplexAgnosticWithCondition" time="0.0002717" result="Fail">
        <failure exception-type="System.ArgumentException">
          <message><![CDATA[System.ArgumentException : LayoutRenderer cannot be found: 'message']]></message>
          <stack-trace><![CDATA[   at NLog.Config.Factory`2.CreateInstance(String name) in C:\dev\NLog\src\NLog\Config\Factory.cs:line 199
   at NLog.Layouts.LayoutParser.ParseLayoutRenderer(ConfigurationItemFactory configurationItemFactory, SimpleStringReader sr) in C:\dev\NLog\src\NLog\Layouts\LayoutParser.cs:line 345
   at NLog.Layouts.LayoutParser.CompileLayout(ConfigurationItemFactory configurationItemFactory, SimpleStringReader sr, Boolean isNested, String& text) in C:\dev\NLog\src\NLog\Layouts\LayoutParser.cs:line 108
   at NLog.Layouts.SimpleLayout.set_Text(String value) in C:\dev\NLog\src\NLog\Layouts\SimpleLayout.cs:line 119
   at NLog.Layouts.SimpleLayout..ctor(String txt, ConfigurationItemFactory configurationItemFactory) in C:\dev\NLog\src\NLog\Layouts\SimpleLayout.cs:line 88
   at NLog.Layouts.Layout.FromString(String layoutText, ConfigurationItemFactory configurationItemFactory) in C:\dev\NLog\src\NLog\Layouts\Layout.cs:line 104
   at NLog.Layouts.Layout.FromString(String layoutText) in C:\dev\NLog\src\NLog\Layouts\Layout.cs:line 93
   at NLog.Layouts.Layout.op_Implicit(String text) in C:\dev\NLog\src\NLog\Layouts\Layout.cs:line 83
   at NLog.UnitTests.Layouts.ThreadAgnosticTests.ComplexAgnosticWithCondition() in C:\dev\NLog\tests\NLog.UnitTests\Layouts\ThreadAgnosticTests.cs:line 130]]></stack-trace>
        </failure>
      </test>
      <test name="NLog.UnitTests.Layouts.ThreadAgnosticTests.TripleWrapperOverNonAgnostic" type="NLog.UnitTests.Layouts.ThreadAgnosticTests" method="TripleWrapperOverNonAgnostic" time="0.0002578" result="Fail">
        <failure exception-type="System.ArgumentException">
          <message><![CDATA[System.ArgumentException : LayoutRenderer cannot be found: 'uppercase']]></message>
          <stack-trace><![CDATA[   at NLog.Config.Factory`2.CreateInstance(String name) in C:\dev\NLog\src\NLog\Config\Factory.cs:line 199
   at NLog.Layouts.LayoutParser.ParseLayoutRenderer(ConfigurationItemFactory configurationItemFactory, SimpleStringReader sr) in C:\dev\NLog\src\NLog\Layouts\LayoutParser.cs:line 345
   at NLog.Layouts.LayoutParser.CompileLayout(ConfigurationItemFactory configurationItemFactory, SimpleStringReader sr, Boolean isNested, String& text) in C:\dev\NLog\src\NLog\Layouts\LayoutParser.cs:line 108
   at NLog.Layouts.SimpleLayout.set_Text(String value) in C:\dev\NLog\src\NLog\Layouts\SimpleLayout.cs:line 119
   at NLog.Layouts.SimpleLayout..ctor(String txt, ConfigurationItemFactory configurationItemFactory) in C:\dev\NLog\src\NLog\Layouts\SimpleLayout.cs:line 88
   at NLog.Layouts.SimpleLayout..ctor(String txt) in C:\dev\NLog\src\NLog\Layouts\SimpleLayout.cs:line 76
   at NLog.UnitTests.Layouts.ThreadAgnosticTests.TripleWrapperOverNonAgnostic() in C:\dev\NLog\tests\NLog.UnitTests\Layouts\ThreadAgnosticTests.cs:line 122]]></stack-trace>
        </failure>
      </test>
      <test name="NLog.UnitTests.Layouts.ThreadAgnosticTests.CustomNotAgnosticTests" type="NLog.UnitTests.Layouts.ThreadAgnosticTests" method="CustomNotAgnosticTests" time="0.0022258" result="Pass" />
      <test name="NLog.UnitTests.Layouts.ThreadAgnosticTests.CsvNonAgnostic" type="NLog.UnitTests.Layouts.ThreadAgnosticTests" method="CsvNonAgnostic" time="0.000393" result="Fail">
        <failure exception-type="System.ArgumentException">
          <message><![CDATA[System.ArgumentException : LayoutRenderer cannot be found: 'message']]></message>
          <stack-trace><![CDATA[   at NLog.Config.Factory`2.CreateInstance(String name) in C:\dev\NLog\src\NLog\Config\Factory.cs:line 199
   at NLog.Layouts.LayoutParser.ParseLayoutRenderer(ConfigurationItemFactory configurationItemFactory, SimpleStringReader sr) in C:\dev\NLog\src\NLog\Layouts\LayoutParser.cs:line 345
   at NLog.Layouts.LayoutParser.CompileLayout(ConfigurationItemFactory configurationItemFactory, SimpleStringReader sr, Boolean isNested, String& text) in C:\dev\NLog\src\NLog\Layouts\LayoutParser.cs:line 108
   at NLog.Layouts.SimpleLayout.set_Text(String value) in C:\dev\NLog\src\NLog\Layouts\SimpleLayout.cs:line 119
   at NLog.Layouts.SimpleLayout..ctor(String txt, ConfigurationItemFactory configurationItemFactory) in C:\dev\NLog\src\NLog\Layouts\SimpleLayout.cs:line 88
   at NLog.Layouts.Layout.FromString(String layoutText, ConfigurationItemFactory configurationItemFactory) in C:\dev\NLog\src\NLog\Layouts\Layout.cs:line 104
   at NLog.Layouts.Layout.FromString(String layoutText) in C:\dev\NLog\src\NLog\Layouts\Layout.cs:line 93
   at NLog.Layouts.Layout.op_Implicit(String text) in C:\dev\NLog\src\NLog\Layouts\Layout.cs:line 83
   at NLog.UnitTests.Layouts.ThreadAgnosticTests.CsvNonAgnostic() in C:\dev\NLog\tests\NLog.UnitTests\Layouts\ThreadAgnosticTests.cs:line 164]]></stack-trace>
        </failure>
      </test>
      <test name="NLog.UnitTests.Layouts.ThreadAgnosticTests.WrapperOverAgnostic" type="NLog.UnitTests.Layouts.ThreadAgnosticTests" method="WrapperOverAgnostic" time="0.0002799" result="Fail">
        <failure exception-type="System.ArgumentException">
          <message><![CDATA[System.ArgumentException : LayoutRenderer cannot be found: 'rot13']]></message>
          <stack-trace><![CDATA[   at NLog.Config.Factory`2.CreateInstance(String name) in C:\dev\NLog\src\NLog\Config\Factory.cs:line 199
   at NLog.Layouts.LayoutParser.ParseLayoutRenderer(ConfigurationItemFactory configurationItemFactory, SimpleStringReader sr) in C:\dev\NLog\src\NLog\Layouts\LayoutParser.cs:line 345
   at NLog.Layouts.LayoutParser.CompileLayout(ConfigurationItemFactory configurationItemFactory, SimpleStringReader sr, Boolean isNested, String& text) in C:\dev\NLog\src\NLog\Layouts\LayoutParser.cs:line 108
   at NLog.Layouts.SimpleLayout.set_Text(String value) in C:\dev\NLog\src\NLog\Layouts\SimpleLayout.cs:line 119
   at NLog.Layouts.SimpleLayout..ctor(String txt, ConfigurationItemFactory configurationItemFactory) in C:\dev\NLog\src\NLog\Layouts\SimpleLayout.cs:line 88
   at NLog.Layouts.SimpleLayout..ctor(String txt) in C:\dev\NLog\src\NLog\Layouts\SimpleLayout.cs:line 76
   at NLog.UnitTests.Layouts.ThreadAgnosticTests.WrapperOverAgnostic() in C:\dev\NLog\tests\NLog.UnitTests\Layouts\ThreadAgnosticTests.cs:line 98]]></stack-trace>
        </failure>
      </test>
      <test name="NLog.UnitTests.Layouts.ThreadAgnosticTests.AgnosticPlusNonAgnostic" type="NLog.UnitTests.Layouts.ThreadAgnosticTests" method="AgnosticPlusNonAgnostic" time="0.00028" result="Fail">
        <failure exception-type="System.ArgumentException">
          <message><![CDATA[System.ArgumentException : LayoutRenderer cannot be found: 'message']]></message>
          <stack-trace><![CDATA[   at NLog.Config.Factory`2.CreateInstance(String name) in C:\dev\NLog\src\NLog\Config\Factory.cs:line 199
   at NLog.Layouts.LayoutParser.ParseLayoutRenderer(ConfigurationItemFactory configurationItemFactory, SimpleStringReader sr) in C:\dev\NLog\src\NLog\Layouts\LayoutParser.cs:line 345
   at NLog.Layouts.LayoutParser.CompileLayout(ConfigurationItemFactory configurationItemFactory, SimpleStringReader sr, Boolean isNested, String& text) in C:\dev\NLog\src\NLog\Layouts\LayoutParser.cs:line 108
   at NLog.Layouts.SimpleLayout.set_Text(String value) in C:\dev\NLog\src\NLog\Layouts\SimpleLayout.cs:line 119
   at NLog.Layouts.SimpleLayout..ctor(String txt, ConfigurationItemFactory configurationItemFactory) in C:\dev\NLog\src\NLog\Layouts\SimpleLayout.cs:line 88
   at NLog.Layouts.SimpleLayout..ctor(String txt) in C:\dev\NLog\src\NLog\Layouts\SimpleLayout.cs:line 76
   at NLog.UnitTests.Layouts.ThreadAgnosticTests.AgnosticPlusNonAgnostic() in C:\dev\NLog\tests\NLog.UnitTests\Layouts\ThreadAgnosticTests.cs:line 82]]></stack-trace>
        </failure>
      </test>
      <test name="NLog.UnitTests.Layouts.ThreadAgnosticTests.CustomAgnosticTests" type="NLog.UnitTests.Layouts.ThreadAgnosticTests" method="CustomAgnosticTests" time="0.0005244" result="Pass" />
      <test name="NLog.UnitTests.Layouts.ThreadAgnosticTests.ThreadAgnosticTest" type="NLog.UnitTests.Layouts.ThreadAgnosticTests" method="ThreadAgnosticTest" time="0.0003204" result="Fail">
        <failure exception-type="System.ArgumentException">
          <message><![CDATA[System.ArgumentException : LayoutRenderer cannot be found: 'message']]></message>
          <stack-trace><![CDATA[   at NLog.Config.Factory`2.CreateInstance(String name) in C:\dev\NLog\src\NLog\Config\Factory.cs:line 199
   at NLog.Layouts.LayoutParser.ParseLayoutRenderer(ConfigurationItemFactory configurationItemFactory, SimpleStringReader sr) in C:\dev\NLog\src\NLog\Layouts\LayoutParser.cs:line 345
   at NLog.Layouts.LayoutParser.CompileLayout(ConfigurationItemFactory configurationItemFactory, SimpleStringReader sr, Boolean isNested, String& text) in C:\dev\NLog\src\NLog\Layouts\LayoutParser.cs:line 108
   at NLog.Layouts.SimpleLayout.set_Text(String value) in C:\dev\NLog\src\NLog\Layouts\SimpleLayout.cs:line 119
   at NLog.Layouts.SimpleLayout..ctor(String txt, ConfigurationItemFactory configurationItemFactory) in C:\dev\NLog\src\NLog\Layouts\SimpleLayout.cs:line 88
   at NLog.Layouts.SimpleLayout..ctor(String txt) in C:\dev\NLog\src\NLog\Layouts\SimpleLayout.cs:line 76
   at NLog.UnitTests.Layouts.ThreadAgnosticTests.ThreadAgnosticTest() in C:\dev\NLog\tests\NLog.UnitTests\Layouts\ThreadAgnosticTests.cs:line 66]]></stack-trace>
        </failure>
      </test>
      <test name="NLog.UnitTests.Layouts.ThreadAgnosticTests.NonThreadAgnosticTest" type="NLog.UnitTests.Layouts.ThreadAgnosticTests" method="NonThreadAgnosticTest" time="0.000287" result="Fail">
        <failure exception-type="System.ArgumentException">
          <message><![CDATA[System.ArgumentException : LayoutRenderer cannot be found: 'guid']]></message>
          <stack-trace><![CDATA[   at NLog.Config.Factory`2.CreateInstance(String name) in C:\dev\NLog\src\NLog\Config\Factory.cs:line 199
   at NLog.Layouts.LayoutParser.ParseLayoutRenderer(ConfigurationItemFactory configurationItemFactory, SimpleStringReader sr) in C:\dev\NLog\src\NLog\Layouts\LayoutParser.cs:line 345
   at NLog.Layouts.LayoutParser.CompileLayout(ConfigurationItemFactory configurationItemFactory, SimpleStringReader sr, Boolean isNested, String& text) in C:\dev\NLog\src\NLog\Layouts\LayoutParser.cs:line 108
   at NLog.Layouts.SimpleLayout.set_Text(String value) in C:\dev\NLog\src\NLog\Layouts\SimpleLayout.cs:line 119
   at NLog.Layouts.SimpleLayout..ctor(String txt, ConfigurationItemFactory configurationItemFactory) in C:\dev\NLog\src\NLog\Layouts\SimpleLayout.cs:line 88
   at NLog.Layouts.SimpleLayout..ctor(String txt) in C:\dev\NLog\src\NLog\Layouts\SimpleLayout.cs:line 76
   at NLog.UnitTests.Layouts.ThreadAgnosticTests.NonThreadAgnosticTest() in C:\dev\NLog\tests\NLog.UnitTests\Layouts\ThreadAgnosticTests.cs:line 74]]></stack-trace>
        </failure>
      </test>
      <test name="NLog.UnitTests.Layouts.ThreadAgnosticTests.CsvThreadAgnostic" type="NLog.UnitTests.Layouts.ThreadAgnosticTests" method="CsvThreadAgnostic" time="0.0003722" result="Fail">
        <failure exception-type="System.ArgumentException">
          <message><![CDATA[System.ArgumentException : LayoutRenderer cannot be found: 'message']]></message>
          <stack-trace><![CDATA[   at NLog.Config.Factory`2.CreateInstance(String name) in C:\dev\NLog\src\NLog\Config\Factory.cs:line 199
   at NLog.Layouts.LayoutParser.ParseLayoutRenderer(ConfigurationItemFactory configurationItemFactory, SimpleStringReader sr) in C:\dev\NLog\src\NLog\Layouts\LayoutParser.cs:line 345
   at NLog.Layouts.LayoutParser.CompileLayout(ConfigurationItemFactory configurationItemFactory, SimpleStringReader sr, Boolean isNested, String& text) in C:\dev\NLog\src\NLog\Layouts\LayoutParser.cs:line 108
   at NLog.Layouts.SimpleLayout.set_Text(String value) in C:\dev\NLog\src\NLog\Layouts\SimpleLayout.cs:line 119
   at NLog.Layouts.SimpleLayout..ctor(String txt, ConfigurationItemFactory configurationItemFactory) in C:\dev\NLog\src\NLog\Layouts\SimpleLayout.cs:line 88
   at NLog.Layouts.Layout.FromString(String layoutText, ConfigurationItemFactory configurationItemFactory) in C:\dev\NLog\src\NLog\Layouts\Layout.cs:line 104
   at NLog.Layouts.Layout.FromString(String layoutText) in C:\dev\NLog\src\NLog\Layouts\Layout.cs:line 93
   at NLog.Layouts.Layout.op_Implicit(String text) in C:\dev\NLog\src\NLog\Layouts\Layout.cs:line 83
   at NLog.UnitTests.Layouts.ThreadAgnosticTests.CsvThreadAgnostic() in C:\dev\NLog\tests\NLog.UnitTests\Layouts\ThreadAgnosticTests.cs:line 146]]></stack-trace>
        </failure>
      </test>
      <test name="NLog.UnitTests.Layouts.ThreadAgnosticTests.ComplexNonAgnosticWithCondition" type="NLog.UnitTests.Layouts.ThreadAgnosticTests" method="ComplexNonAgnosticWithCondition" time="0.0002638" result="Fail">
        <failure exception-type="System.ArgumentException">
          <message><![CDATA[System.ArgumentException : LayoutRenderer cannot be found: 'message']]></message>
          <stack-trace><![CDATA[   at NLog.Config.Factory`2.CreateInstance(String name) in C:\dev\NLog\src\NLog\Config\Factory.cs:line 199
   at NLog.Layouts.LayoutParser.ParseLayoutRenderer(ConfigurationItemFactory configurationItemFactory, SimpleStringReader sr) in C:\dev\NLog\src\NLog\Layouts\LayoutParser.cs:line 345
   at NLog.Layouts.LayoutParser.CompileLayout(ConfigurationItemFactory configurationItemFactory, SimpleStringReader sr, Boolean isNested, String& text) in C:\dev\NLog\src\NLog\Layouts\LayoutParser.cs:line 108
   at NLog.Layouts.SimpleLayout.set_Text(String value) in C:\dev\NLog\src\NLog\Layouts\SimpleLayout.cs:line 119
   at NLog.Layouts.SimpleLayout..ctor(String txt, ConfigurationItemFactory configurationItemFactory) in C:\dev\NLog\src\NLog\Layouts\SimpleLayout.cs:line 88
   at NLog.Layouts.Layout.FromString(String layoutText, ConfigurationItemFactory configurationItemFactory) in C:\dev\NLog\src\NLog\Layouts\Layout.cs:line 104
   at NLog.Layouts.Layout.FromString(String layoutText) in C:\dev\NLog\src\NLog\Layouts\Layout.cs:line 93
   at NLog.Layouts.Layout.op_Implicit(String text) in C:\dev\NLog\src\NLog\Layouts\Layout.cs:line 83
   at NLog.UnitTests.Layouts.ThreadAgnosticTests.ComplexNonAgnosticWithCondition() in C:\dev\NLog\tests\NLog.UnitTests\Layouts\ThreadAgnosticTests.cs:line 138]]></stack-trace>
        </failure>
      </test>
      <test name="NLog.UnitTests.LayoutRenderers.BaseDirTests.BaseDirFileCombineTest" type="NLog.UnitTests.LayoutRenderers.BaseDirTests" method="BaseDirFileCombineTest" time="0.0004374" result="Fail">
        <failure exception-type="System.ArgumentException">
          <message><![CDATA[System.ArgumentException : LayoutRenderer cannot be found: 'basedir']]></message>
          <stack-trace><![CDATA[   at NLog.Config.Factory`2.CreateInstance(String name) in C:\dev\NLog\src\NLog\Config\Factory.cs:line 199
   at NLog.Layouts.LayoutParser.ParseLayoutRenderer(ConfigurationItemFactory configurationItemFactory, SimpleStringReader sr) in C:\dev\NLog\src\NLog\Layouts\LayoutParser.cs:line 345
   at NLog.Layouts.LayoutParser.CompileLayout(ConfigurationItemFactory configurationItemFactory, SimpleStringReader sr, Boolean isNested, String& text) in C:\dev\NLog\src\NLog\Layouts\LayoutParser.cs:line 108
   at NLog.Layouts.SimpleLayout.set_Text(String value) in C:\dev\NLog\src\NLog\Layouts\SimpleLayout.cs:line 119
   at NLog.Layouts.SimpleLayout..ctor(String txt, ConfigurationItemFactory configurationItemFactory) in C:\dev\NLog\src\NLog\Layouts\SimpleLayout.cs:line 88
   at NLog.Layouts.Layout.FromString(String layoutText, ConfigurationItemFactory configurationItemFactory) in C:\dev\NLog\src\NLog\Layouts\Layout.cs:line 104
   at NLog.Layouts.Layout.FromString(String layoutText) in C:\dev\NLog\src\NLog\Layouts\Layout.cs:line 93
   at NLog.Layouts.Layout.op_Implicit(String text) in C:\dev\NLog\src\NLog\Layouts\Layout.cs:line 83
   at NLog.UnitTests.LayoutRenderers.BaseDirTests.BaseDirFileCombineTest() in C:\dev\NLog\tests\NLog.UnitTests\LayoutRenderers\BaseDirTests.cs:line 65]]></stack-trace>
        </failure>
      </test>
      <test name="NLog.UnitTests.LayoutRenderers.BaseDirTests.BaseDirCombineTest" type="NLog.UnitTests.LayoutRenderers.BaseDirTests" method="BaseDirCombineTest" time="0.0003027" result="Fail">
        <failure exception-type="System.ArgumentException">
          <message><![CDATA[System.ArgumentException : LayoutRenderer cannot be found: 'basedir']]></message>
          <stack-trace><![CDATA[   at NLog.Config.Factory`2.CreateInstance(String name) in C:\dev\NLog\src\NLog\Config\Factory.cs:line 199
   at NLog.Layouts.LayoutParser.ParseLayoutRenderer(ConfigurationItemFactory configurationItemFactory, SimpleStringReader sr) in C:\dev\NLog\src\NLog\Layouts\LayoutParser.cs:line 345
   at NLog.Layouts.LayoutParser.CompileLayout(ConfigurationItemFactory configurationItemFactory, SimpleStringReader sr, Boolean isNested, String& text) in C:\dev\NLog\src\NLog\Layouts\LayoutParser.cs:line 108
   at NLog.Layouts.SimpleLayout.set_Text(String value) in C:\dev\NLog\src\NLog\Layouts\SimpleLayout.cs:line 119
   at NLog.Layouts.SimpleLayout..ctor(String txt, ConfigurationItemFactory configurationItemFactory) in C:\dev\NLog\src\NLog\Layouts\SimpleLayout.cs:line 88
   at NLog.Layouts.Layout.FromString(String layoutText, ConfigurationItemFactory configurationItemFactory) in C:\dev\NLog\src\NLog\Layouts\Layout.cs:line 104
   at NLog.Layouts.Layout.FromString(String layoutText) in C:\dev\NLog\src\NLog\Layouts\Layout.cs:line 93
   at NLog.Layouts.Layout.op_Implicit(String text) in C:\dev\NLog\src\NLog\Layouts\Layout.cs:line 83
   at NLog.UnitTests.LayoutRenderers.BaseDirTests.BaseDirCombineTest() in C:\dev\NLog\tests\NLog.UnitTests\LayoutRenderers\BaseDirTests.cs:line 59]]></stack-trace>
        </failure>
      </test>
      <test name="NLog.UnitTests.LayoutRenderers.BaseDirTests.BaseDirTest" type="NLog.UnitTests.LayoutRenderers.BaseDirTests" method="BaseDirTest" time="0.0004065" result="Fail">
        <failure exception-type="System.ArgumentException">
          <message><![CDATA[System.ArgumentException : LayoutRenderer cannot be found: 'basedir']]></message>
          <stack-trace><![CDATA[   at NLog.Config.Factory`2.CreateInstance(String name) in C:\dev\NLog\src\NLog\Config\Factory.cs:line 199
   at NLog.Layouts.LayoutParser.ParseLayoutRenderer(ConfigurationItemFactory configurationItemFactory, SimpleStringReader sr) in C:\dev\NLog\src\NLog\Layouts\LayoutParser.cs:line 345
   at NLog.Layouts.LayoutParser.CompileLayout(ConfigurationItemFactory configurationItemFactory, SimpleStringReader sr, Boolean isNested, String& text) in C:\dev\NLog\src\NLog\Layouts\LayoutParser.cs:line 108
   at NLog.Layouts.SimpleLayout.set_Text(String value) in C:\dev\NLog\src\NLog\Layouts\SimpleLayout.cs:line 119
   at NLog.Layouts.SimpleLayout..ctor(String txt, ConfigurationItemFactory configurationItemFactory) in C:\dev\NLog\src\NLog\Layouts\SimpleLayout.cs:line 88
   at NLog.Layouts.Layout.FromString(String layoutText, ConfigurationItemFactory configurationItemFactory) in C:\dev\NLog\src\NLog\Layouts\Layout.cs:line 104
   at NLog.Layouts.Layout.FromString(String layoutText) in C:\dev\NLog\src\NLog\Layouts\Layout.cs:line 93
   at NLog.Layouts.Layout.op_Implicit(String text) in C:\dev\NLog\src\NLog\Layouts\Layout.cs:line 83
   at NLog.UnitTests.LayoutRenderers.BaseDirTests.BaseDirTest() in C:\dev\NLog\tests\NLog.UnitTests\LayoutRenderers\BaseDirTests.cs:line 53]]></stack-trace>
        </failure>
      </test>
      <test name="NLog.UnitTests.LayoutRenderers.BaseDirTests.BaseDirDirFileCombineTest" type="NLog.UnitTests.LayoutRenderers.BaseDirTests" method="BaseDirDirFileCombineTest" time="0.0002998" result="Fail">
        <failure exception-type="System.ArgumentException">
          <message><![CDATA[System.ArgumentException : LayoutRenderer cannot be found: 'basedir']]></message>
          <stack-trace><![CDATA[   at NLog.Config.Factory`2.CreateInstance(String name) in C:\dev\NLog\src\NLog\Config\Factory.cs:line 199
   at NLog.Layouts.LayoutParser.ParseLayoutRenderer(ConfigurationItemFactory configurationItemFactory, SimpleStringReader sr) in C:\dev\NLog\src\NLog\Layouts\LayoutParser.cs:line 345
   at NLog.Layouts.LayoutParser.CompileLayout(ConfigurationItemFactory configurationItemFactory, SimpleStringReader sr, Boolean isNested, String& text) in C:\dev\NLog\src\NLog\Layouts\LayoutParser.cs:line 108
   at NLog.Layouts.SimpleLayout.set_Text(String value) in C:\dev\NLog\src\NLog\Layouts\SimpleLayout.cs:line 119
   at NLog.Layouts.SimpleLayout..ctor(String txt, ConfigurationItemFactory configurationItemFactory) in C:\dev\NLog\src\NLog\Layouts\SimpleLayout.cs:line 88
   at NLog.Layouts.Layout.FromString(String layoutText, ConfigurationItemFactory configurationItemFactory) in C:\dev\NLog\src\NLog\Layouts\Layout.cs:line 104
   at NLog.Layouts.Layout.FromString(String layoutText) in C:\dev\NLog\src\NLog\Layouts\Layout.cs:line 93
   at NLog.Layouts.Layout.op_Implicit(String text) in C:\dev\NLog\src\NLog\Layouts\Layout.cs:line 83
   at NLog.UnitTests.LayoutRenderers.BaseDirTests.BaseDirDirFileCombineTest() in C:\dev\NLog\tests\NLog.UnitTests\LayoutRenderers\BaseDirTests.cs:line 71]]></stack-trace>
        </failure>
      </test>
      <test name="NLog.UnitTests.LayoutRenderers.CallSiteTests.MethodNameWithPaddingTestPadLeftAlignRightTest" type="NLog.UnitTests.LayoutRenderers.CallSiteTests" method="MethodNameWithPaddingTestPadLeftAlignRightTest" time="0.0006888" result="Fail">
        <failure exception-type="Xunit.Sdk.NotNullException">
          <message><![CDATA[Assert.NotNull() Failure]]></message>
          <stack-trace><![CDATA[   at NLog.UnitTests.NLogTestBase.GetDebugTarget(String targetName, LoggingConfiguration configuration) in C:\dev\NLog\tests\NLog.UnitTests\NLogTestBase.cs:line 109
   at NLog.UnitTests.NLogTestBase.GetDebugLastMessage(String targetName, LoggingConfiguration configuration) in C:\dev\NLog\tests\NLog.UnitTests\NLogTestBase.cs:line 98
   at NLog.UnitTests.NLogTestBase.GetDebugLastMessage(String targetName) in C:\dev\NLog\tests\NLog.UnitTests\NLogTestBase.cs:line 93
   at NLog.UnitTests.NLogTestBase.AssertDebugLastMessage(String targetName, String msg) in C:\dev\NLog\tests\NLog.UnitTests\NLogTestBase.cs:line 81
   at NLog.UnitTests.LayoutRenderers.CallSiteTests.MethodNameWithPaddingTestPadLeftAlignRightTest() in C:\dev\NLog\tests\NLog.UnitTests\LayoutRenderers\CallSiteTests.cs:line 283]]></stack-trace>
        </failure>
      </test>
      <test name="NLog.UnitTests.LayoutRenderers.CallSiteTests.When_WrappedInCompsition_Ignore_Wrapper_Methods_In_Callstack" type="NLog.UnitTests.LayoutRenderers.CallSiteTests" method="When_WrappedInCompsition_Ignore_Wrapper_Methods_In_Callstack" time="0.0006988" result="Fail">
        <failure exception-type="Xunit.Sdk.NotNullException">
          <message><![CDATA[Assert.NotNull() Failure]]></message>
          <stack-trace><![CDATA[   at NLog.UnitTests.NLogTestBase.GetDebugTarget(String targetName, LoggingConfiguration configuration) in C:\dev\NLog\tests\NLog.UnitTests\NLogTestBase.cs:line 109
   at NLog.UnitTests.NLogTestBase.GetDebugLastMessage(String targetName, LoggingConfiguration configuration) in C:\dev\NLog\tests\NLog.UnitTests\NLogTestBase.cs:line 98
   at NLog.UnitTests.NLogTestBase.GetDebugLastMessage(String targetName) in C:\dev\NLog\tests\NLog.UnitTests\NLogTestBase.cs:line 93
   at NLog.UnitTests.NLogTestBase.AssertDebugLastMessage(String targetName, String msg) in C:\dev\NLog\tests\NLog.UnitTests\NLogTestBase.cs:line 81
   at NLog.UnitTests.LayoutRenderers.CallSiteTests.When_WrappedInCompsition_Ignore_Wrapper_Methods_In_Callstack() in C:\dev\NLog\tests\NLog.UnitTests\LayoutRenderers\CallSiteTests.cs:line 550]]></stack-trace>
        </failure>
      </test>
      <test name="NLog.UnitTests.LayoutRenderers.CallSiteTests.GivenSkipFrameNotDefined_WhenLogging_ThenLogFirstUserStackFrame" type="NLog.UnitTests.LayoutRenderers.CallSiteTests" method="GivenSkipFrameNotDefined_WhenLogging_ThenLogFirstUserStackFrame" time="0.0006779" result="Fail">
        <failure exception-type="Xunit.Sdk.NotNullException">
          <message><![CDATA[Assert.NotNull() Failure]]></message>
          <stack-trace><![CDATA[   at NLog.UnitTests.NLogTestBase.GetDebugTarget(String targetName, LoggingConfiguration configuration) in C:\dev\NLog\tests\NLog.UnitTests\NLogTestBase.cs:line 109
   at NLog.UnitTests.NLogTestBase.GetDebugLastMessage(String targetName, LoggingConfiguration configuration) in C:\dev\NLog\tests\NLog.UnitTests\NLogTestBase.cs:line 98
   at NLog.UnitTests.NLogTestBase.GetDebugLastMessage(String targetName) in C:\dev\NLog\tests\NLog.UnitTests\NLogTestBase.cs:line 93
   at NLog.UnitTests.NLogTestBase.AssertDebugLastMessage(String targetName, String msg) in C:\dev\NLog\tests\NLog.UnitTests\NLogTestBase.cs:line 81
   at NLog.UnitTests.LayoutRenderers.CallSiteTests.GivenSkipFrameNotDefined_WhenLogging_ThenLogFirstUserStackFrame() in C:\dev\NLog\tests\NLog.UnitTests\LayoutRenderers\CallSiteTests.cs:line 331]]></stack-trace>
        </failure>
      </test>
      <test name="NLog.UnitTests.LayoutRenderers.CallSiteTests.When_Wrapped_Ignore_Wrapper_Methods_In_Callstack" type="NLog.UnitTests.LayoutRenderers.CallSiteTests" method="When_Wrapped_Ignore_Wrapper_Methods_In_Callstack" time="0.0006169" result="Fail">
        <failure exception-type="Xunit.Sdk.NotNullException">
          <message><![CDATA[Assert.NotNull() Failure]]></message>
          <stack-trace><![CDATA[   at NLog.UnitTests.NLogTestBase.GetDebugTarget(String targetName, LoggingConfiguration configuration) in C:\dev\NLog\tests\NLog.UnitTests\NLogTestBase.cs:line 109
   at NLog.UnitTests.NLogTestBase.GetDebugLastMessage(String targetName, LoggingConfiguration configuration) in C:\dev\NLog\tests\NLog.UnitTests\NLogTestBase.cs:line 98
   at NLog.UnitTests.NLogTestBase.GetDebugLastMessage(String targetName) in C:\dev\NLog\tests\NLog.UnitTests\NLogTestBase.cs:line 93
   at NLog.UnitTests.NLogTestBase.AssertDebugLastMessage(String targetName, String msg) in C:\dev\NLog\tests\NLog.UnitTests\NLogTestBase.cs:line 81
   at NLog.UnitTests.LayoutRenderers.CallSiteTests.When_Wrapped_Ignore_Wrapper_Methods_In_Callstack() in C:\dev\NLog\tests\NLog.UnitTests\LayoutRenderers\CallSiteTests.cs:line 520]]></stack-trace>
        </failure>
      </test>
      <test name="NLog.UnitTests.LayoutRenderers.CallSiteTests.CallsiteBySubclass_interface" type="NLog.UnitTests.LayoutRenderers.CallSiteTests" method="CallsiteBySubclass_interface" time="0.0007307" result="Fail">
        <failure exception-type="Xunit.Sdk.NotNullException">
          <message><![CDATA[Assert.NotNull() Failure]]></message>
          <stack-trace><![CDATA[   at NLog.UnitTests.NLogTestBase.GetDebugTarget(String targetName, LoggingConfiguration configuration) in C:\dev\NLog\tests\NLog.UnitTests\NLogTestBase.cs:line 109
   at NLog.UnitTests.NLogTestBase.GetDebugLastMessage(String targetName, LoggingConfiguration configuration) in C:\dev\NLog\tests\NLog.UnitTests\NLogTestBase.cs:line 98
   at NLog.UnitTests.NLogTestBase.GetDebugLastMessage(String targetName) in C:\dev\NLog\tests\NLog.UnitTests\NLogTestBase.cs:line 93
   at NLog.UnitTests.NLogTestBase.AssertDebugLastMessage(String targetName, String msg) in C:\dev\NLog\tests\NLog.UnitTests\NLogTestBase.cs:line 81
   at NLog.UnitTests.LayoutRenderers.CallSiteTests.CallsiteBySubclass_interface() in C:\dev\NLog\tests\NLog.UnitTests\LayoutRenderers\CallSiteTests.cs:line 753]]></stack-trace>
        </failure>
      </test>
      <test name="NLog.UnitTests.LayoutRenderers.CallSiteTests.MethodNameWithPaddingTestPadLeftAlignLeftTest" type="NLog.UnitTests.LayoutRenderers.CallSiteTests" method="MethodNameWithPaddingTestPadLeftAlignLeftTest" time="0.000552" result="Fail">
        <failure exception-type="Xunit.Sdk.NotNullException">
          <message><![CDATA[Assert.NotNull() Failure]]></message>
          <stack-trace><![CDATA[   at NLog.UnitTests.NLogTestBase.GetDebugTarget(String targetName, LoggingConfiguration configuration) in C:\dev\NLog\tests\NLog.UnitTests\NLogTestBase.cs:line 109
   at NLog.UnitTests.NLogTestBase.GetDebugLastMessage(String targetName, LoggingConfiguration configuration) in C:\dev\NLog\tests\NLog.UnitTests\NLogTestBase.cs:line 98
   at NLog.UnitTests.NLogTestBase.GetDebugLastMessage(String targetName) in C:\dev\NLog\tests\NLog.UnitTests\NLogTestBase.cs:line 93
   at NLog.UnitTests.NLogTestBase.AssertDebugLastMessage(String targetName, String msg) in C:\dev\NLog\tests\NLog.UnitTests\NLogTestBase.cs:line 81
   at NLog.UnitTests.LayoutRenderers.CallSiteTests.MethodNameWithPaddingTestPadLeftAlignLeftTest() in C:\dev\NLog\tests\NLog.UnitTests\LayoutRenderers\CallSiteTests.cs:line 267]]></stack-trace>
        </failure>
      </test>
      <test name="NLog.UnitTests.LayoutRenderers.CallSiteTests.MethodNameWithPaddingTestPadRightAlignRightTest" type="NLog.UnitTests.LayoutRenderers.CallSiteTests" method="MethodNameWithPaddingTestPadRightAlignRightTest" time="0.0005606" result="Fail">
        <failure exception-type="Xunit.Sdk.NotNullException">
          <message><![CDATA[Assert.NotNull() Failure]]></message>
          <stack-trace><![CDATA[   at NLog.UnitTests.NLogTestBase.GetDebugTarget(String targetName, LoggingConfiguration configuration) in C:\dev\NLog\tests\NLog.UnitTests\NLogTestBase.cs:line 109
   at NLog.UnitTests.NLogTestBase.GetDebugLastMessage(String targetName, LoggingConfiguration configuration) in C:\dev\NLog\tests\NLog.UnitTests\NLogTestBase.cs:line 98
   at NLog.UnitTests.NLogTestBase.GetDebugLastMessage(String targetName) in C:\dev\NLog\tests\NLog.UnitTests\NLogTestBase.cs:line 93
   at NLog.UnitTests.NLogTestBase.AssertDebugLastMessage(String targetName, String msg) in C:\dev\NLog\tests\NLog.UnitTests\NLogTestBase.cs:line 81
   at NLog.UnitTests.LayoutRenderers.CallSiteTests.MethodNameWithPaddingTestPadRightAlignRightTest() in C:\dev\NLog\tests\NLog.UnitTests\LayoutRenderers\CallSiteTests.cs:line 315]]></stack-trace>
        </failure>
      </test>
      <test name="NLog.UnitTests.LayoutRenderers.CallSiteTests.GivenOneSkipFrameDefined_WhenLogging_ShouldSkipOneUserStackFrame" type="NLog.UnitTests.LayoutRenderers.CallSiteTests" method="GivenOneSkipFrameDefined_WhenLogging_ShouldSkipOneUserStackFrame" time="0.0007336" result="Fail">
        <failure exception-type="Xunit.Sdk.NotNullException">
          <message><![CDATA[Assert.NotNull() Failure]]></message>
          <stack-trace><![CDATA[   at NLog.UnitTests.NLogTestBase.GetDebugTarget(String targetName, LoggingConfiguration configuration) in C:\dev\NLog\tests\NLog.UnitTests\NLogTestBase.cs:line 109
   at NLog.UnitTests.NLogTestBase.GetDebugLastMessage(String targetName, LoggingConfiguration configuration) in C:\dev\NLog\tests\NLog.UnitTests\NLogTestBase.cs:line 98
   at NLog.UnitTests.NLogTestBase.GetDebugLastMessage(String targetName) in C:\dev\NLog\tests\NLog.UnitTests\NLogTestBase.cs:line 93
   at NLog.UnitTests.NLogTestBase.AssertDebugLastMessage(String targetName, String msg) in C:\dev\NLog\tests\NLog.UnitTests\NLogTestBase.cs:line 81
   at NLog.UnitTests.LayoutRenderers.CallSiteTests.GivenOneSkipFrameDefined_WhenLogging_ShouldSkipOneUserStackFrame() in C:\dev\NLog\tests\NLog.UnitTests\LayoutRenderers\CallSiteTests.cs:line 348]]></stack-trace>
        </failure>
      </test>
      <test name="NLog.UnitTests.LayoutRenderers.CallSiteTests.CallsiteBySubclass_mylogger" type="NLog.UnitTests.LayoutRenderers.CallSiteTests" method="CallsiteBySubclass_mylogger" time="0.0005837" result="Fail">
        <failure exception-type="Xunit.Sdk.NotNullException">
          <message><![CDATA[Assert.NotNull() Failure]]></message>
          <stack-trace><![CDATA[   at NLog.UnitTests.NLogTestBase.GetDebugTarget(String targetName, LoggingConfiguration configuration) in C:\dev\NLog\tests\NLog.UnitTests\NLogTestBase.cs:line 109
   at NLog.UnitTests.NLogTestBase.GetDebugLastMessage(String targetName, LoggingConfiguration configuration) in C:\dev\NLog\tests\NLog.UnitTests\NLogTestBase.cs:line 98
   at NLog.UnitTests.NLogTestBase.GetDebugLastMessage(String targetName) in C:\dev\NLog\tests\NLog.UnitTests\NLogTestBase.cs:line 93
   at NLog.UnitTests.NLogTestBase.AssertDebugLastMessage(String targetName, String msg) in C:\dev\NLog\tests\NLog.UnitTests\NLogTestBase.cs:line 81
   at NLog.UnitTests.LayoutRenderers.CallSiteTests.CallsiteBySubclass_mylogger() in C:\dev\NLog\tests\NLog.UnitTests\LayoutRenderers\CallSiteTests.cs:line 772]]></stack-trace>
        </failure>
      </test>
      <test name="NLog.UnitTests.LayoutRenderers.CallSiteTests.Show_correct_method_for_moveNext" type="NLog.UnitTests.LayoutRenderers.CallSiteTests" method="Show_correct_method_for_moveNext" time="0.0007574" result="Fail">
        <failure exception-type="Xunit.Sdk.NotNullException">
          <message><![CDATA[Assert.NotNull() Failure]]></message>
          <stack-trace><![CDATA[   at NLog.UnitTests.NLogTestBase.GetDebugTarget(String targetName, LoggingConfiguration configuration) in C:\dev\NLog\tests\NLog.UnitTests\NLogTestBase.cs:line 109
   at NLog.UnitTests.NLogTestBase.GetDebugLastMessage(String targetName, LoggingConfiguration configuration) in C:\dev\NLog\tests\NLog.UnitTests\NLogTestBase.cs:line 98
   at NLog.UnitTests.NLogTestBase.GetDebugLastMessage(String targetName) in C:\dev\NLog\tests\NLog.UnitTests\NLogTestBase.cs:line 93
   at NLog.UnitTests.NLogTestBase.AssertDebugLastMessage(String targetName, String msg) in C:\dev\NLog\tests\NLog.UnitTests\NLogTestBase.cs:line 81
   at NLog.UnitTests.LayoutRenderers.CallSiteTests.Show_correct_method_for_moveNext() in C:\dev\NLog\tests\NLog.UnitTests\LayoutRenderers\CallSiteTests.cs:line 671]]></stack-trace>
        </failure>
      </test>
      <test name="NLog.UnitTests.LayoutRenderers.CallSiteTests.MethodNameWithPaddingTestPadRightAlignLeftTest" type="NLog.UnitTests.LayoutRenderers.CallSiteTests" method="MethodNameWithPaddingTestPadRightAlignLeftTest" time="0.0005675" result="Fail">
        <failure exception-type="Xunit.Sdk.NotNullException">
          <message><![CDATA[Assert.NotNull() Failure]]></message>
          <stack-trace><![CDATA[   at NLog.UnitTests.NLogTestBase.GetDebugTarget(String targetName, LoggingConfiguration configuration) in C:\dev\NLog\tests\NLog.UnitTests\NLogTestBase.cs:line 109
   at NLog.UnitTests.NLogTestBase.GetDebugLastMessage(String targetName, LoggingConfiguration configuration) in C:\dev\NLog\tests\NLog.UnitTests\NLogTestBase.cs:line 98
   at NLog.UnitTests.NLogTestBase.GetDebugLastMessage(String targetName) in C:\dev\NLog\tests\NLog.UnitTests\NLogTestBase.cs:line 93
   at NLog.UnitTests.NLogTestBase.AssertDebugLastMessage(String targetName, String msg) in C:\dev\NLog\tests\NLog.UnitTests\NLogTestBase.cs:line 81
   at NLog.UnitTests.LayoutRenderers.CallSiteTests.MethodNameWithPaddingTestPadRightAlignLeftTest() in C:\dev\NLog\tests\NLog.UnitTests\LayoutRenderers\CallSiteTests.cs:line 299]]></stack-trace>
        </failure>
      </test>
      <test name="NLog.UnitTests.LayoutRenderers.CallSiteTests.CallsiteBySubclass_logger" type="NLog.UnitTests.LayoutRenderers.CallSiteTests" method="CallsiteBySubclass_logger" time="0.0005824" result="Fail">
        <failure exception-type="Xunit.Sdk.NotNullException">
          <message><![CDATA[Assert.NotNull() Failure]]></message>
          <stack-trace><![CDATA[   at NLog.UnitTests.NLogTestBase.GetDebugTarget(String targetName, LoggingConfiguration configuration) in C:\dev\NLog\tests\NLog.UnitTests\NLogTestBase.cs:line 109
   at NLog.UnitTests.NLogTestBase.GetDebugLastMessage(String targetName, LoggingConfiguration configuration) in C:\dev\NLog\tests\NLog.UnitTests\NLogTestBase.cs:line 98
   at NLog.UnitTests.NLogTestBase.GetDebugLastMessage(String targetName) in C:\dev\NLog\tests\NLog.UnitTests\NLogTestBase.cs:line 93
   at NLog.UnitTests.NLogTestBase.AssertDebugLastMessage(String targetName, String msg) in C:\dev\NLog\tests\NLog.UnitTests\NLogTestBase.cs:line 81
   at NLog.UnitTests.LayoutRenderers.CallSiteTests.CallsiteBySubclass_logger() in C:\dev\NLog\tests\NLog.UnitTests\LayoutRenderers\CallSiteTests.cs:line 792]]></stack-trace>
        </failure>
      </test>
      <test name="NLog.UnitTests.LayoutRenderers.CounterTests.LayoutCounterTest" type="NLog.UnitTests.LayoutRenderers.CounterTests" method="LayoutCounterTest" time="0.0016925" result="Fail">
        <failure exception-type="Xunit.Sdk.NotNullException">
          <message><![CDATA[Assert.NotNull() Failure]]></message>
          <stack-trace><![CDATA[   at NLog.UnitTests.NLogTestBase.GetDebugTarget(String targetName, LoggingConfiguration configuration) in C:\dev\NLog\tests\NLog.UnitTests\NLogTestBase.cs:line 109
   at NLog.UnitTests.NLogTestBase.GetDebugLastMessage(String targetName, LoggingConfiguration configuration) in C:\dev\NLog\tests\NLog.UnitTests\NLogTestBase.cs:line 98
   at NLog.UnitTests.NLogTestBase.GetDebugLastMessage(String targetName) in C:\dev\NLog\tests\NLog.UnitTests\NLogTestBase.cs:line 93
   at NLog.UnitTests.NLogTestBase.AssertDebugLastMessage(String targetName, String msg) in C:\dev\NLog\tests\NLog.UnitTests\NLogTestBase.cs:line 81
   at NLog.UnitTests.LayoutRenderers.CounterTests.LayoutCounterTest() in C:\dev\NLog\tests\NLog.UnitTests\LayoutRenderers\CounterTests.cs:line 81]]></stack-trace>
        </failure>
      </test>
      <test name="NLog.UnitTests.LayoutRenderers.CounterTests.NamedCounterTest" type="NLog.UnitTests.LayoutRenderers.CounterTests" method="NamedCounterTest" time="0.0006512" result="Fail">
        <failure exception-type="Xunit.Sdk.NotNullException">
          <message><![CDATA[Assert.NotNull() Failure]]></message>
          <stack-trace><![CDATA[   at NLog.UnitTests.NLogTestBase.GetDebugTarget(String targetName, LoggingConfiguration configuration) in C:\dev\NLog\tests\NLog.UnitTests\NLogTestBase.cs:line 109
   at NLog.UnitTests.NLogTestBase.GetDebugLastMessage(String targetName, LoggingConfiguration configuration) in C:\dev\NLog\tests\NLog.UnitTests\NLogTestBase.cs:line 98
   at NLog.UnitTests.NLogTestBase.GetDebugLastMessage(String targetName) in C:\dev\NLog\tests\NLog.UnitTests\NLogTestBase.cs:line 93
   at NLog.UnitTests.NLogTestBase.AssertDebugLastMessage(String targetName, String msg) in C:\dev\NLog\tests\NLog.UnitTests\NLogTestBase.cs:line 81
   at NLog.UnitTests.LayoutRenderers.CounterTests.NamedCounterTest() in C:\dev\NLog\tests\NLog.UnitTests\LayoutRenderers\CounterTests.cs:line 131]]></stack-trace>
        </failure>
      </test>
      <test name="NLog.UnitTests.LayoutRenderers.CounterTests.PresetCounterTest" type="NLog.UnitTests.LayoutRenderers.CounterTests" method="PresetCounterTest" time="0.0006895" result="Fail">
        <failure exception-type="Xunit.Sdk.NotNullException">
          <message><![CDATA[Assert.NotNull() Failure]]></message>
          <stack-trace><![CDATA[   at NLog.UnitTests.NLogTestBase.GetDebugTarget(String targetName, LoggingConfiguration configuration) in C:\dev\NLog\tests\NLog.UnitTests\NLogTestBase.cs:line 109
   at NLog.UnitTests.NLogTestBase.GetDebugLastMessage(String targetName, LoggingConfiguration configuration) in C:\dev\NLog\tests\NLog.UnitTests\NLogTestBase.cs:line 98
   at NLog.UnitTests.NLogTestBase.GetDebugLastMessage(String targetName) in C:\dev\NLog\tests\NLog.UnitTests\NLogTestBase.cs:line 93
   at NLog.UnitTests.NLogTestBase.AssertDebugLastMessage(String targetName, String msg) in C:\dev\NLog\tests\NLog.UnitTests\NLogTestBase.cs:line 81
   at NLog.UnitTests.LayoutRenderers.CounterTests.PresetCounterTest() in C:\dev\NLog\tests\NLog.UnitTests\LayoutRenderers\CounterTests.cs:line 104]]></stack-trace>
        </failure>
      </test>
      <test name="NLog.UnitTests.LayoutRenderers.CounterTests.DefaultCounterTest" type="NLog.UnitTests.LayoutRenderers.CounterTests" method="DefaultCounterTest" time="0.0005153" result="Fail">
        <failure exception-type="Xunit.Sdk.NotNullException">
          <message><![CDATA[Assert.NotNull() Failure]]></message>
          <stack-trace><![CDATA[   at NLog.UnitTests.NLogTestBase.GetDebugTarget(String targetName, LoggingConfiguration configuration) in C:\dev\NLog\tests\NLog.UnitTests\NLogTestBase.cs:line 109
   at NLog.UnitTests.NLogTestBase.GetDebugLastMessage(String targetName, LoggingConfiguration configuration) in C:\dev\NLog\tests\NLog.UnitTests\NLogTestBase.cs:line 98
   at NLog.UnitTests.NLogTestBase.GetDebugLastMessage(String targetName) in C:\dev\NLog\tests\NLog.UnitTests\NLogTestBase.cs:line 93
   at NLog.UnitTests.NLogTestBase.AssertDebugLastMessage(String targetName, String msg) in C:\dev\NLog\tests\NLog.UnitTests\NLogTestBase.cs:line 81
   at NLog.UnitTests.LayoutRenderers.CounterTests.DefaultCounterTest() in C:\dev\NLog\tests\NLog.UnitTests\LayoutRenderers\CounterTests.cs:line 55]]></stack-trace>
        </failure>
      </test>
      <test name="NLog.UnitTests.LayoutRenderers.DateTests.LocalTimeTest" type="NLog.UnitTests.LayoutRenderers.DateTests" method="LocalTimeTest" time="0.0008415" result="Pass" />
      <test name="NLog.UnitTests.LayoutRenderers.DateTests.FormattedDateTest" type="NLog.UnitTests.LayoutRenderers.DateTests" method="FormattedDateTest" time="0.0005576" result="Fail">
        <failure exception-type="Xunit.Sdk.NotNullException">
          <message><![CDATA[Assert.NotNull() Failure]]></message>
          <stack-trace><![CDATA[   at NLog.UnitTests.NLogTestBase.GetDebugTarget(String targetName, LoggingConfiguration configuration) in C:\dev\NLog\tests\NLog.UnitTests\NLogTestBase.cs:line 109
   at NLog.UnitTests.NLogTestBase.GetDebugLastMessage(String targetName, LoggingConfiguration configuration) in C:\dev\NLog\tests\NLog.UnitTests\NLogTestBase.cs:line 98
   at NLog.UnitTests.NLogTestBase.GetDebugLastMessage(String targetName) in C:\dev\NLog\tests\NLog.UnitTests\NLogTestBase.cs:line 93
   at NLog.UnitTests.NLogTestBase.AssertDebugLastMessage(String targetName, String msg) in C:\dev\NLog\tests\NLog.UnitTests\NLogTestBase.cs:line 81
   at NLog.UnitTests.LayoutRenderers.DateTests.FormattedDateTest() in C:\dev\NLog\tests\NLog.UnitTests\LayoutRenderers\DateTests.cs:line 125]]></stack-trace>
        </failure>
      </test>
      <test name="NLog.UnitTests.LayoutRenderers.DateTests.DefaultDateTest" type="NLog.UnitTests.LayoutRenderers.DateTests" method="DefaultDateTest" time="0.0006078" result="Fail">
        <failure exception-type="Xunit.Sdk.NotNullException">
          <message><![CDATA[Assert.NotNull() Failure]]></message>
          <stack-trace><![CDATA[   at NLog.UnitTests.NLogTestBase.GetDebugTarget(String targetName, LoggingConfiguration configuration) in C:\dev\NLog\tests\NLog.UnitTests\NLogTestBase.cs:line 109
   at NLog.UnitTests.NLogTestBase.GetDebugLastMessage(String targetName, LoggingConfiguration configuration) in C:\dev\NLog\tests\NLog.UnitTests\NLogTestBase.cs:line 98
   at NLog.UnitTests.NLogTestBase.GetDebugLastMessage(String targetName) in C:\dev\NLog\tests\NLog.UnitTests\NLogTestBase.cs:line 93
   at NLog.UnitTests.LayoutRenderers.DateTests.DefaultDateTest() in C:\dev\NLog\tests\NLog.UnitTests\LayoutRenderers\DateTests.cs:line 55]]></stack-trace>
        </failure>
      </test>
      <test name="NLog.UnitTests.LayoutRenderers.DateTests.UniversalTimeTest" type="NLog.UnitTests.LayoutRenderers.DateTests" method="UniversalTimeTest" time="0.0002044" result="Pass" />
      <test name="NLog.UnitTests.LayoutRenderers.EventContextTests.Test2" type="NLog.UnitTests.LayoutRenderers.EventContextTests" method="Test2" time="0.000357" result="Fail">
        <failure exception-type="System.ArgumentException">
          <message><![CDATA[System.ArgumentException : LayoutRenderer cannot be found: 'event-context']]></message>
          <stack-trace><![CDATA[   at NLog.Config.Factory`2.CreateInstance(String name) in C:\dev\NLog\src\NLog\Config\Factory.cs:line 199
   at NLog.Layouts.LayoutParser.ParseLayoutRenderer(ConfigurationItemFactory configurationItemFactory, SimpleStringReader sr) in C:\dev\NLog\src\NLog\Layouts\LayoutParser.cs:line 345
   at NLog.Layouts.LayoutParser.CompileLayout(ConfigurationItemFactory configurationItemFactory, SimpleStringReader sr, Boolean isNested, String& text) in C:\dev\NLog\src\NLog\Layouts\LayoutParser.cs:line 108
   at NLog.Layouts.SimpleLayout.set_Text(String value) in C:\dev\NLog\src\NLog\Layouts\SimpleLayout.cs:line 119
   at NLog.Layouts.SimpleLayout..ctor(String txt, ConfigurationItemFactory configurationItemFactory) in C:\dev\NLog\src\NLog\Layouts\SimpleLayout.cs:line 88
   at NLog.Layouts.Layout.FromString(String layoutText, ConfigurationItemFactory configurationItemFactory) in C:\dev\NLog\src\NLog\Layouts\Layout.cs:line 104
   at NLog.Layouts.Layout.FromString(String layoutText) in C:\dev\NLog\src\NLog\Layouts\Layout.cs:line 93
   at NLog.Layouts.Layout.op_Implicit(String text) in C:\dev\NLog\src\NLog\Layouts\Layout.cs:line 83
   at NLog.UnitTests.LayoutRenderers.EventContextTests.Test2() in C:\dev\NLog\tests\NLog.UnitTests\LayoutRenderers\EventContextTests.cs:line 54]]></stack-trace>
        </failure>
      </test>
      <test name="NLog.UnitTests.LayoutRenderers.EventContextTests.Test1" type="NLog.UnitTests.LayoutRenderers.EventContextTests" method="Test1" time="0.00027" result="Fail">
        <failure exception-type="System.ArgumentException">
          <message><![CDATA[System.ArgumentException : LayoutRenderer cannot be found: 'event-context']]></message>
          <stack-trace><![CDATA[   at NLog.Config.Factory`2.CreateInstance(String name) in C:\dev\NLog\src\NLog\Config\Factory.cs:line 199
   at NLog.Layouts.LayoutParser.ParseLayoutRenderer(ConfigurationItemFactory configurationItemFactory, SimpleStringReader sr) in C:\dev\NLog\src\NLog\Layouts\LayoutParser.cs:line 345
   at NLog.Layouts.LayoutParser.CompileLayout(ConfigurationItemFactory configurationItemFactory, SimpleStringReader sr, Boolean isNested, String& text) in C:\dev\NLog\src\NLog\Layouts\LayoutParser.cs:line 108
   at NLog.Layouts.SimpleLayout.set_Text(String value) in C:\dev\NLog\src\NLog\Layouts\SimpleLayout.cs:line 119
   at NLog.Layouts.SimpleLayout..ctor(String txt, ConfigurationItemFactory configurationItemFactory) in C:\dev\NLog\src\NLog\Layouts\SimpleLayout.cs:line 88
   at NLog.Layouts.Layout.FromString(String layoutText, ConfigurationItemFactory configurationItemFactory) in C:\dev\NLog\src\NLog\Layouts\Layout.cs:line 104
   at NLog.Layouts.Layout.FromString(String layoutText) in C:\dev\NLog\src\NLog\Layouts\Layout.cs:line 93
   at NLog.Layouts.Layout.op_Implicit(String text) in C:\dev\NLog\src\NLog\Layouts\Layout.cs:line 83
   at NLog.UnitTests.LayoutRenderers.EventContextTests.Test1() in C:\dev\NLog\tests\NLog.UnitTests\LayoutRenderers\EventContextTests.cs:line 44]]></stack-trace>
        </failure>
      </test>
      <test name="NLog.UnitTests.LayoutRenderers.EventPropertiesTests.DateTimeFormat" type="NLog.UnitTests.LayoutRenderers.EventPropertiesTests" method="DateTimeFormat" time="0.0003951" result="Fail">
        <failure exception-type="System.ArgumentException">
          <message><![CDATA[System.ArgumentException : LayoutRenderer cannot be found: 'event-properties']]></message>
          <stack-trace><![CDATA[   at NLog.Config.Factory`2.CreateInstance(String name) in C:\dev\NLog\src\NLog\Config\Factory.cs:line 199
   at NLog.Layouts.LayoutParser.ParseLayoutRenderer(ConfigurationItemFactory configurationItemFactory, SimpleStringReader sr) in C:\dev\NLog\src\NLog\Layouts\LayoutParser.cs:line 345
   at NLog.Layouts.LayoutParser.CompileLayout(ConfigurationItemFactory configurationItemFactory, SimpleStringReader sr, Boolean isNested, String& text) in C:\dev\NLog\src\NLog\Layouts\LayoutParser.cs:line 108
   at NLog.Layouts.SimpleLayout.set_Text(String value) in C:\dev\NLog\src\NLog\Layouts\SimpleLayout.cs:line 119
   at NLog.Layouts.SimpleLayout..ctor(String txt, ConfigurationItemFactory configurationItemFactory) in C:\dev\NLog\src\NLog\Layouts\SimpleLayout.cs:line 88
   at NLog.Layouts.Layout.FromString(String layoutText, ConfigurationItemFactory configurationItemFactory) in C:\dev\NLog\src\NLog\Layouts\Layout.cs:line 104
   at NLog.Layouts.Layout.FromString(String layoutText) in C:\dev\NLog\src\NLog\Layouts\Layout.cs:line 93
   at NLog.Layouts.Layout.op_Implicit(String text) in C:\dev\NLog\src\NLog\Layouts\Layout.cs:line 83
   at NLog.UnitTests.LayoutRenderers.EventPropertiesTests.DateTimeFormat() in C:\dev\NLog\tests\NLog.UnitTests\LayoutRenderers\EventPropertiesTests.cs:line 99]]></stack-trace>
        </failure>
      </test>
      <test name="NLog.UnitTests.LayoutRenderers.EventPropertiesTests.Test2" type="NLog.UnitTests.LayoutRenderers.EventPropertiesTests" method="Test2" time="0.000294" result="Fail">
        <failure exception-type="System.ArgumentException">
          <message><![CDATA[System.ArgumentException : LayoutRenderer cannot be found: 'event-properties']]></message>
          <stack-trace><![CDATA[   at NLog.Config.Factory`2.CreateInstance(String name) in C:\dev\NLog\src\NLog\Config\Factory.cs:line 199
   at NLog.Layouts.LayoutParser.ParseLayoutRenderer(ConfigurationItemFactory configurationItemFactory, SimpleStringReader sr) in C:\dev\NLog\src\NLog\Layouts\LayoutParser.cs:line 345
   at NLog.Layouts.LayoutParser.CompileLayout(ConfigurationItemFactory configurationItemFactory, SimpleStringReader sr, Boolean isNested, String& text) in C:\dev\NLog\src\NLog\Layouts\LayoutParser.cs:line 108
   at NLog.Layouts.SimpleLayout.set_Text(String value) in C:\dev\NLog\src\NLog\Layouts\SimpleLayout.cs:line 119
   at NLog.Layouts.SimpleLayout..ctor(String txt, ConfigurationItemFactory configurationItemFactory) in C:\dev\NLog\src\NLog\Layouts\SimpleLayout.cs:line 88
   at NLog.Layouts.Layout.FromString(String layoutText, ConfigurationItemFactory configurationItemFactory) in C:\dev\NLog\src\NLog\Layouts\Layout.cs:line 104
   at NLog.Layouts.Layout.FromString(String layoutText) in C:\dev\NLog\src\NLog\Layouts\Layout.cs:line 93
   at NLog.Layouts.Layout.op_Implicit(String text) in C:\dev\NLog\src\NLog\Layouts\Layout.cs:line 83
   at NLog.UnitTests.LayoutRenderers.EventPropertiesTests.Test2() in C:\dev\NLog\tests\NLog.UnitTests\LayoutRenderers\EventPropertiesTests.cs:line 56]]></stack-trace>
        </failure>
      </test>
      <test name="NLog.UnitTests.LayoutRenderers.EventPropertiesTests.DateTimeCulture" type="NLog.UnitTests.LayoutRenderers.EventPropertiesTests" method="DateTimeCulture" time="0.0003136" result="Fail">
        <failure exception-type="System.ArgumentException">
          <message><![CDATA[System.ArgumentException : LayoutRenderer cannot be found: 'event-properties']]></message>
          <stack-trace><![CDATA[   at NLog.Config.Factory`2.CreateInstance(String name) in C:\dev\NLog\src\NLog\Config\Factory.cs:line 199
   at NLog.Layouts.LayoutParser.ParseLayoutRenderer(ConfigurationItemFactory configurationItemFactory, SimpleStringReader sr) in C:\dev\NLog\src\NLog\Layouts\LayoutParser.cs:line 345
   at NLog.Layouts.LayoutParser.CompileLayout(ConfigurationItemFactory configurationItemFactory, SimpleStringReader sr, Boolean isNested, String& text) in C:\dev\NLog\src\NLog\Layouts\LayoutParser.cs:line 108
   at NLog.Layouts.SimpleLayout.set_Text(String value) in C:\dev\NLog\src\NLog\Layouts\SimpleLayout.cs:line 119
   at NLog.Layouts.SimpleLayout..ctor(String txt, ConfigurationItemFactory configurationItemFactory) in C:\dev\NLog\src\NLog\Layouts\SimpleLayout.cs:line 88
   at NLog.Layouts.Layout.FromString(String layoutText, ConfigurationItemFactory configurationItemFactory) in C:\dev\NLog\src\NLog\Layouts\Layout.cs:line 104
   at NLog.Layouts.Layout.FromString(String layoutText) in C:\dev\NLog\src\NLog\Layouts\Layout.cs:line 93
   at NLog.Layouts.Layout.op_Implicit(String text) in C:\dev\NLog\src\NLog\Layouts\Layout.cs:line 83
   at NLog.UnitTests.LayoutRenderers.EventPropertiesTests.DateTimeCulture() in C:\dev\NLog\tests\NLog.UnitTests\LayoutRenderers\EventPropertiesTests.cs:line 108]]></stack-trace>
        </failure>
      </test>
      <test name="NLog.UnitTests.LayoutRenderers.EventPropertiesTests.Test1" type="NLog.UnitTests.LayoutRenderers.EventPropertiesTests" method="Test1" time="0.0002503" result="Fail">
        <failure exception-type="System.ArgumentException">
          <message><![CDATA[System.ArgumentException : LayoutRenderer cannot be found: 'event-properties']]></message>
          <stack-trace><![CDATA[   at NLog.Config.Factory`2.CreateInstance(String name) in C:\dev\NLog\src\NLog\Config\Factory.cs:line 199
   at NLog.Layouts.LayoutParser.ParseLayoutRenderer(ConfigurationItemFactory configurationItemFactory, SimpleStringReader sr) in C:\dev\NLog\src\NLog\Layouts\LayoutParser.cs:line 345
   at NLog.Layouts.LayoutParser.CompileLayout(ConfigurationItemFactory configurationItemFactory, SimpleStringReader sr, Boolean isNested, String& text) in C:\dev\NLog\src\NLog\Layouts\LayoutParser.cs:line 108
   at NLog.Layouts.SimpleLayout.set_Text(String value) in C:\dev\NLog\src\NLog\Layouts\SimpleLayout.cs:line 119
   at NLog.Layouts.SimpleLayout..ctor(String txt, ConfigurationItemFactory configurationItemFactory) in C:\dev\NLog\src\NLog\Layouts\SimpleLayout.cs:line 88
   at NLog.Layouts.Layout.FromString(String layoutText, ConfigurationItemFactory configurationItemFactory) in C:\dev\NLog\src\NLog\Layouts\Layout.cs:line 104
   at NLog.Layouts.Layout.FromString(String layoutText) in C:\dev\NLog\src\NLog\Layouts\Layout.cs:line 93
   at NLog.Layouts.Layout.op_Implicit(String text) in C:\dev\NLog\src\NLog\Layouts\Layout.cs:line 83
   at NLog.UnitTests.LayoutRenderers.EventPropertiesTests.Test1() in C:\dev\NLog\tests\NLog.UnitTests\LayoutRenderers\EventPropertiesTests.cs:line 47]]></stack-trace>
        </failure>
      </test>
      <test name="NLog.UnitTests.LayoutRenderers.EventPropertiesTests.Null" type="NLog.UnitTests.LayoutRenderers.EventPropertiesTests" method="Null" time="0.0003012" result="Fail">
        <failure exception-type="System.ArgumentException">
          <message><![CDATA[System.ArgumentException : LayoutRenderer cannot be found: 'event-properties']]></message>
          <stack-trace><![CDATA[   at NLog.Config.Factory`2.CreateInstance(String name) in C:\dev\NLog\src\NLog\Config\Factory.cs:line 199
   at NLog.Layouts.LayoutParser.ParseLayoutRenderer(ConfigurationItemFactory configurationItemFactory, SimpleStringReader sr) in C:\dev\NLog\src\NLog\Layouts\LayoutParser.cs:line 345
   at NLog.Layouts.LayoutParser.CompileLayout(ConfigurationItemFactory configurationItemFactory, SimpleStringReader sr, Boolean isNested, String& text) in C:\dev\NLog\src\NLog\Layouts\LayoutParser.cs:line 108
   at NLog.Layouts.SimpleLayout.set_Text(String value) in C:\dev\NLog\src\NLog\Layouts\SimpleLayout.cs:line 119
   at NLog.Layouts.SimpleLayout..ctor(String txt, ConfigurationItemFactory configurationItemFactory) in C:\dev\NLog\src\NLog\Layouts\SimpleLayout.cs:line 88
   at NLog.Layouts.Layout.FromString(String layoutText, ConfigurationItemFactory configurationItemFactory) in C:\dev\NLog\src\NLog\Layouts\Layout.cs:line 104
   at NLog.Layouts.Layout.FromString(String layoutText) in C:\dev\NLog\src\NLog\Layouts\Layout.cs:line 93
   at NLog.Layouts.Layout.op_Implicit(String text) in C:\dev\NLog\src\NLog\Layouts\Layout.cs:line 83
   at NLog.UnitTests.LayoutRenderers.EventPropertiesTests.Null() in C:\dev\NLog\tests\NLog.UnitTests\LayoutRenderers\EventPropertiesTests.cs:line 78]]></stack-trace>
        </failure>
      </test>
      <test name="NLog.UnitTests.LayoutRenderers.EventPropertiesTests.DateTime" type="NLog.UnitTests.LayoutRenderers.EventPropertiesTests" method="DateTime" time="0.0003041" result="Fail">
        <failure exception-type="System.ArgumentException">
          <message><![CDATA[System.ArgumentException : LayoutRenderer cannot be found: 'event-properties']]></message>
          <stack-trace><![CDATA[   at NLog.Config.Factory`2.CreateInstance(String name) in C:\dev\NLog\src\NLog\Config\Factory.cs:line 199
   at NLog.Layouts.LayoutParser.ParseLayoutRenderer(ConfigurationItemFactory configurationItemFactory, SimpleStringReader sr) in C:\dev\NLog\src\NLog\Layouts\LayoutParser.cs:line 345
   at NLog.Layouts.LayoutParser.CompileLayout(ConfigurationItemFactory configurationItemFactory, SimpleStringReader sr, Boolean isNested, String& text) in C:\dev\NLog\src\NLog\Layouts\LayoutParser.cs:line 108
   at NLog.Layouts.SimpleLayout.set_Text(String value) in C:\dev\NLog\src\NLog\Layouts\SimpleLayout.cs:line 119
   at NLog.Layouts.SimpleLayout..ctor(String txt, ConfigurationItemFactory configurationItemFactory) in C:\dev\NLog\src\NLog\Layouts\SimpleLayout.cs:line 88
   at NLog.Layouts.Layout.FromString(String layoutText, ConfigurationItemFactory configurationItemFactory) in C:\dev\NLog\src\NLog\Layouts\Layout.cs:line 104
   at NLog.Layouts.Layout.FromString(String layoutText) in C:\dev\NLog\src\NLog\Layouts\Layout.cs:line 93
   at NLog.Layouts.Layout.op_Implicit(String text) in C:\dev\NLog\src\NLog\Layouts\Layout.cs:line 83
   at NLog.UnitTests.LayoutRenderers.EventPropertiesTests.DateTime() in C:\dev\NLog\tests\NLog.UnitTests\LayoutRenderers\EventPropertiesTests.cs:line 89]]></stack-trace>
        </failure>
      </test>
      <test name="NLog.UnitTests.LayoutRenderers.EventPropertiesTests.NoSet" type="NLog.UnitTests.LayoutRenderers.EventPropertiesTests" method="NoSet" time="0.000238" result="Fail">
        <failure exception-type="System.ArgumentException">
          <message><![CDATA[System.ArgumentException : LayoutRenderer cannot be found: 'event-properties']]></message>
          <stack-trace><![CDATA[   at NLog.Config.Factory`2.CreateInstance(String name) in C:\dev\NLog\src\NLog\Config\Factory.cs:line 199
   at NLog.Layouts.LayoutParser.ParseLayoutRenderer(ConfigurationItemFactory configurationItemFactory, SimpleStringReader sr) in C:\dev\NLog\src\NLog\Layouts\LayoutParser.cs:line 345
   at NLog.Layouts.LayoutParser.CompileLayout(ConfigurationItemFactory configurationItemFactory, SimpleStringReader sr, Boolean isNested, String& text) in C:\dev\NLog\src\NLog\Layouts\LayoutParser.cs:line 108
   at NLog.Layouts.SimpleLayout.set_Text(String value) in C:\dev\NLog\src\NLog\Layouts\SimpleLayout.cs:line 119
   at NLog.Layouts.SimpleLayout..ctor(String txt, ConfigurationItemFactory configurationItemFactory) in C:\dev\NLog\src\NLog\Layouts\SimpleLayout.cs:line 88
   at NLog.Layouts.Layout.FromString(String layoutText, ConfigurationItemFactory configurationItemFactory) in C:\dev\NLog\src\NLog\Layouts\Layout.cs:line 104
   at NLog.Layouts.Layout.FromString(String layoutText) in C:\dev\NLog\src\NLog\Layouts\Layout.cs:line 93
   at NLog.Layouts.Layout.op_Implicit(String text) in C:\dev\NLog\src\NLog\Layouts\Layout.cs:line 83
   at NLog.UnitTests.LayoutRenderers.EventPropertiesTests.NoSet() in C:\dev\NLog\tests\NLog.UnitTests\LayoutRenderers\EventPropertiesTests.cs:line 67]]></stack-trace>
        </failure>
      </test>
      <test name="NLog.UnitTests.LayoutRenderers.ExceptionTests.ExceptionNewLineSeparatorTest" type="NLog.UnitTests.LayoutRenderers.ExceptionTests" method="ExceptionNewLineSeparatorTest" time="0.0017859" result="Fail">
        <failure exception-type="Xunit.Sdk.NotNullException">
          <message><![CDATA[Assert.NotNull() Failure]]></message>
          <stack-trace><![CDATA[   at NLog.UnitTests.NLogTestBase.GetDebugTarget(String targetName, LoggingConfiguration configuration) in C:\dev\NLog\tests\NLog.UnitTests\NLogTestBase.cs:line 109
   at NLog.UnitTests.NLogTestBase.GetDebugLastMessage(String targetName, LoggingConfiguration configuration) in C:\dev\NLog\tests\NLog.UnitTests\NLogTestBase.cs:line 98
   at NLog.UnitTests.NLogTestBase.GetDebugLastMessage(String targetName) in C:\dev\NLog\tests\NLog.UnitTests\NLogTestBase.cs:line 93
   at NLog.UnitTests.NLogTestBase.AssertDebugLastMessage(String targetName, String msg) in C:\dev\NLog\tests\NLog.UnitTests\NLogTestBase.cs:line 81
   at NLog.UnitTests.LayoutRenderers.ExceptionTests.ExceptionNewLineSeparatorTest() in C:\dev\NLog\tests\NLog.UnitTests\LayoutRenderers\ExceptionTests.cs:line 284]]></stack-trace>
        </failure>
      </test>
      <test name="NLog.UnitTests.LayoutRenderers.ExceptionTests.ExcpetionTestAPI" type="NLog.UnitTests.LayoutRenderers.ExceptionTests" method="ExcpetionTestAPI" time="0.0013097" result="Fail">
        <failure exception-type="System.ArgumentException">
          <message><![CDATA[System.ArgumentException : LayoutRenderer cannot be found: 'longdate']]></message>
          <stack-trace><![CDATA[   at NLog.Config.Factory`2.CreateInstance(String name) in C:\dev\NLog\src\NLog\Config\Factory.cs:line 199
   at NLog.Layouts.LayoutParser.ParseLayoutRenderer(ConfigurationItemFactory configurationItemFactory, SimpleStringReader sr) in C:\dev\NLog\src\NLog\Layouts\LayoutParser.cs:line 345
   at NLog.Layouts.LayoutParser.CompileLayout(ConfigurationItemFactory configurationItemFactory, SimpleStringReader sr, Boolean isNested, String& text) in C:\dev\NLog\src\NLog\Layouts\LayoutParser.cs:line 108
   at NLog.Layouts.SimpleLayout.set_Text(String value) in C:\dev\NLog\src\NLog\Layouts\SimpleLayout.cs:line 119
   at NLog.Layouts.SimpleLayout..ctor(String txt, ConfigurationItemFactory configurationItemFactory) in C:\dev\NLog\src\NLog\Layouts\SimpleLayout.cs:line 88
   at NLog.Layouts.Layout.FromString(String layoutText, ConfigurationItemFactory configurationItemFactory) in C:\dev\NLog\src\NLog\Layouts\Layout.cs:line 104
   at NLog.Layouts.Layout.FromString(String layoutText) in C:\dev\NLog\src\NLog\Layouts\Layout.cs:line 93
   at NLog.Layouts.Layout.op_Implicit(String text) in C:\dev\NLog\src\NLog\Layouts\Layout.cs:line 83
   at NLog.Targets.TargetWithLayout..ctor() in C:\dev\NLog\src\NLog\Targets\TargetWithLayout.cs:line 54
   at NLog.Targets.DebugTarget..ctor() in C:\dev\NLog\src\NLog\Targets\DebugTarget.cs:line 66
   at NLog.UnitTests.LayoutRenderers.ExceptionTests.ExcpetionTestAPI() in C:\dev\NLog\tests\NLog.UnitTests\LayoutRenderers\ExceptionTests.cs:line 579]]></stack-trace>
        </failure>
      </test>
      <test name="NLog.UnitTests.LayoutRenderers.ExceptionTests.CustomInnerException_ObsoleteMethodTest" type="NLog.UnitTests.LayoutRenderers.ExceptionTests" method="CustomInnerException_ObsoleteMethodTest" time="0.0010423" result="Fail">
        <failure exception-type="System.ArgumentOutOfRangeException">
          <message><![CDATA[System.ArgumentOutOfRangeException : Index was out of range. Must be non-negative and less than the size of the collection.
Parameter name: index]]></message>
          <stack-trace><![CDATA[   at System.ThrowHelper.ThrowArgumentOutOfRangeException(ExceptionArgument argument, ExceptionResource resource)
   at System.Collections.Generic.List`1.get_Item(Int32 index)
   at System.Collections.ObjectModel.ReadOnlyCollection`1.get_Item(Int32 index)
   at NLog.UnitTests.LayoutRenderers.ExceptionTests.CustomInnerException_ObsoleteMethodTest() in C:\dev\NLog\tests\NLog.UnitTests\LayoutRenderers\ExceptionTests.cs:line 406]]></stack-trace>
        </failure>
      </test>
      <test name="NLog.UnitTests.LayoutRenderers.ExceptionTests.ExceptionUsingInfoMethodTest" type="NLog.UnitTests.LayoutRenderers.ExceptionTests" method="ExceptionUsingInfoMethodTest" time="0.0007486" result="Fail">
        <failure exception-type="Xunit.Sdk.NotNullException">
          <message><![CDATA[Assert.NotNull() Failure]]></message>
          <stack-trace><![CDATA[   at NLog.UnitTests.NLogTestBase.GetDebugTarget(String targetName, LoggingConfiguration configuration) in C:\dev\NLog\tests\NLog.UnitTests\NLogTestBase.cs:line 109
   at NLog.UnitTests.NLogTestBase.GetDebugLastMessage(String targetName, LoggingConfiguration configuration) in C:\dev\NLog\tests\NLog.UnitTests\NLogTestBase.cs:line 98
   at NLog.UnitTests.NLogTestBase.GetDebugLastMessage(String targetName) in C:\dev\NLog\tests\NLog.UnitTests\NLogTestBase.cs:line 93
   at NLog.UnitTests.NLogTestBase.AssertDebugLastMessage(String targetName, String msg) in C:\dev\NLog\tests\NLog.UnitTests\NLogTestBase.cs:line 81
   at NLog.UnitTests.LayoutRenderers.ExceptionTests.ExceptionUsingInfoMethodTest() in C:\dev\NLog\tests\NLog.UnitTests\LayoutRenderers\ExceptionTests.cs:line 328]]></stack-trace>
        </failure>
      </test>
      <test name="NLog.UnitTests.LayoutRenderers.ExceptionTests.InnerExceptionTestAPI" type="NLog.UnitTests.LayoutRenderers.ExceptionTests" method="InnerExceptionTestAPI" time="0.0012428" result="Fail">
        <failure exception-type="Xunit.Sdk.NotNullException">
          <message><![CDATA[Assert.NotNull() Failure]]></message>
          <stack-trace><![CDATA[   at NLog.UnitTests.NLogTestBase.GetDebugTarget(String targetName, LoggingConfiguration configuration) in C:\dev\NLog\tests\NLog.UnitTests\NLogTestBase.cs:line 109
   at NLog.UnitTests.NLogTestBase.GetDebugLastMessage(String targetName, LoggingConfiguration configuration) in C:\dev\NLog\tests\NLog.UnitTests\NLogTestBase.cs:line 98
   at NLog.UnitTests.NLogTestBase.GetDebugLastMessage(String targetName) in C:\dev\NLog\tests\NLog.UnitTests\NLogTestBase.cs:line 93
   at NLog.UnitTests.NLogTestBase.AssertDebugLastMessage(String targetName, String msg) in C:\dev\NLog\tests\NLog.UnitTests\NLogTestBase.cs:line 81
   at NLog.UnitTests.LayoutRenderers.ExceptionTests.InnerExceptionTestAPI() in C:\dev\NLog\tests\NLog.UnitTests\LayoutRenderers\ExceptionTests.cs:line 631]]></stack-trace>
        </failure>
      </test>
      <test name="NLog.UnitTests.LayoutRenderers.ExceptionTests.ExceptionUsingFatalMethodTest" type="NLog.UnitTests.LayoutRenderers.ExceptionTests" method="ExceptionUsingFatalMethodTest" time="0.0006472" result="Fail">
        <failure exception-type="Xunit.Sdk.NotNullException">
          <message><![CDATA[Assert.NotNull() Failure]]></message>
          <stack-trace><![CDATA[   at NLog.UnitTests.NLogTestBase.GetDebugTarget(String targetName, LoggingConfiguration configuration) in C:\dev\NLog\tests\NLog.UnitTests\NLogTestBase.cs:line 109
   at NLog.UnitTests.NLogTestBase.GetDebugLastMessage(String targetName, LoggingConfiguration configuration) in C:\dev\NLog\tests\NLog.UnitTests\NLogTestBase.cs:line 98
   at NLog.UnitTests.NLogTestBase.GetDebugLastMessage(String targetName) in C:\dev\NLog\tests\NLog.UnitTests\NLogTestBase.cs:line 93
   at NLog.UnitTests.NLogTestBase.AssertDebugLastMessage(String targetName, String msg) in C:\dev\NLog\tests\NLog.UnitTests\NLogTestBase.cs:line 81
   at NLog.UnitTests.LayoutRenderers.ExceptionTests.ExceptionUsingFatalMethodTest() in C:\dev\NLog\tests\NLog.UnitTests\LayoutRenderers\ExceptionTests.cs:line 358]]></stack-trace>
        </failure>
      </test>
      <test name="NLog.UnitTests.LayoutRenderers.ExceptionTests.ErrorException_should_not_throw_exception_when_exception_message_property_throw_exception" type="NLog.UnitTests.LayoutRenderers.ExceptionTests" method="ErrorException_should_not_throw_exception_when_exception_message_property_throw_exception" time="0.000362" result="Pass" />
      <test name="NLog.UnitTests.LayoutRenderers.ExceptionTests.CustomInnerExceptionTest" type="NLog.UnitTests.LayoutRenderers.ExceptionTests" method="CustomInnerExceptionTest" time="0.0006225" result="Fail">
        <failure exception-type="System.ArgumentOutOfRangeException">
          <message><![CDATA[System.ArgumentOutOfRangeException : Index was out of range. Must be non-negative and less than the size of the collection.
Parameter name: index]]></message>
          <stack-trace><![CDATA[   at System.ThrowHelper.ThrowArgumentOutOfRangeException(ExceptionArgument argument, ExceptionResource resource)
   at System.Collections.Generic.List`1.get_Item(Int32 index)
   at System.Collections.ObjectModel.ReadOnlyCollection`1.get_Item(Int32 index)
   at NLog.UnitTests.LayoutRenderers.ExceptionTests.CustomInnerExceptionTest() in C:\dev\NLog\tests\NLog.UnitTests\LayoutRenderers\ExceptionTests.cs:line 442]]></stack-trace>
        </failure>
      </test>
      <test name="NLog.UnitTests.LayoutRenderers.ExceptionTests.ExceptionUsingTraceMethodTest" type="NLog.UnitTests.LayoutRenderers.ExceptionTests" method="ExceptionUsingTraceMethodTest" time="0.0005526" result="Fail">
        <failure exception-type="Xunit.Sdk.NotNullException">
          <message><![CDATA[Assert.NotNull() Failure]]></message>
          <stack-trace><![CDATA[   at NLog.UnitTests.NLogTestBase.GetDebugTarget(String targetName, LoggingConfiguration configuration) in C:\dev\NLog\tests\NLog.UnitTests\NLogTestBase.cs:line 109
   at NLog.UnitTests.NLogTestBase.GetDebugLastMessage(String targetName, LoggingConfiguration configuration) in C:\dev\NLog\tests\NLog.UnitTests\NLogTestBase.cs:line 98
   at NLog.UnitTests.NLogTestBase.GetDebugLastMessage(String targetName) in C:\dev\NLog\tests\NLog.UnitTests\NLogTestBase.cs:line 93
   at NLog.UnitTests.NLogTestBase.AssertDebugLastMessage(String targetName, String msg) in C:\dev\NLog\tests\NLog.UnitTests\NLogTestBase.cs:line 81
   at NLog.UnitTests.LayoutRenderers.ExceptionTests.ExceptionUsingTraceMethodTest() in C:\dev\NLog\tests\NLog.UnitTests\LayoutRenderers\ExceptionTests.cs:line 308]]></stack-trace>
        </failure>
      </test>
      <test name="NLog.UnitTests.LayoutRenderers.ExceptionTests.ExceptionWithoutStackTrace_ObsoleteMethodTest" type="NLog.UnitTests.LayoutRenderers.ExceptionTests" method="ExceptionWithoutStackTrace_ObsoleteMethodTest" time="0.0010308" result="Fail">
        <failure exception-type="Xunit.Sdk.NotNullException">
          <message><![CDATA[Assert.NotNull() Failure]]></message>
          <stack-trace><![CDATA[   at NLog.UnitTests.NLogTestBase.GetDebugTarget(String targetName, LoggingConfiguration configuration) in C:\dev\NLog\tests\NLog.UnitTests\NLogTestBase.cs:line 109
   at NLog.UnitTests.NLogTestBase.GetDebugLastMessage(String targetName, LoggingConfiguration configuration) in C:\dev\NLog\tests\NLog.UnitTests\NLogTestBase.cs:line 98
   at NLog.UnitTests.NLogTestBase.GetDebugLastMessage(String targetName) in C:\dev\NLog\tests\NLog.UnitTests\NLogTestBase.cs:line 93
   at NLog.UnitTests.NLogTestBase.AssertDebugLastMessage(String targetName, String msg) in C:\dev\NLog\tests\NLog.UnitTests\NLogTestBase.cs:line 81
   at NLog.UnitTests.LayoutRenderers.ExceptionTests.ExceptionWithoutStackTrace_ObsoleteMethodTest() in C:\dev\NLog\tests\NLog.UnitTests\LayoutRenderers\ExceptionTests.cs:line 216]]></stack-trace>
        </failure>
      </test>
      <test name="NLog.UnitTests.LayoutRenderers.ExceptionTests.ExceptionWithStackTrace_ObsoleteMethodTest" type="NLog.UnitTests.LayoutRenderers.ExceptionTests" method="ExceptionWithStackTrace_ObsoleteMethodTest" time="0.000824" result="Fail">
        <failure exception-type="Xunit.Sdk.NotNullException">
          <message><![CDATA[Assert.NotNull() Failure]]></message>
          <stack-trace><![CDATA[   at NLog.UnitTests.NLogTestBase.GetDebugTarget(String targetName, LoggingConfiguration configuration) in C:\dev\NLog\tests\NLog.UnitTests\NLogTestBase.cs:line 109
   at NLog.UnitTests.NLogTestBase.GetDebugLastMessage(String targetName, LoggingConfiguration configuration) in C:\dev\NLog\tests\NLog.UnitTests\NLogTestBase.cs:line 98
   at NLog.UnitTests.NLogTestBase.GetDebugLastMessage(String targetName) in C:\dev\NLog\tests\NLog.UnitTests\NLogTestBase.cs:line 93
   at NLog.UnitTests.NLogTestBase.AssertDebugLastMessage(String targetName, String msg) in C:\dev\NLog\tests\NLog.UnitTests\NLogTestBase.cs:line 81
   at NLog.UnitTests.LayoutRenderers.ExceptionTests.ExceptionWithStackTrace_ObsoleteMethodTest() in C:\dev\NLog\tests\NLog.UnitTests\LayoutRenderers\ExceptionTests.cs:line 80]]></stack-trace>
        </failure>
      </test>
      <test name="NLog.UnitTests.LayoutRenderers.ExceptionTests.ExceptionWithoutMessageParam" type="NLog.UnitTests.LayoutRenderers.ExceptionTests" method="ExceptionWithoutMessageParam" time="0.0010501" result="Fail">
        <failure exception-type="Xunit.Sdk.NotNullException">
          <message><![CDATA[Assert.NotNull() Failure]]></message>
          <stack-trace><![CDATA[   at NLog.UnitTests.NLogTestBase.GetDebugTarget(String targetName, LoggingConfiguration configuration) in C:\dev\NLog\tests\NLog.UnitTests\NLogTestBase.cs:line 109
   at NLog.UnitTests.NLogTestBase.GetDebugLastMessage(String targetName, LoggingConfiguration configuration) in C:\dev\NLog\tests\NLog.UnitTests\NLogTestBase.cs:line 98
   at NLog.UnitTests.NLogTestBase.GetDebugLastMessage(String targetName) in C:\dev\NLog\tests\NLog.UnitTests\NLogTestBase.cs:line 93
   at NLog.UnitTests.NLogTestBase.AssertDebugLastMessage(String targetName, String msg) in C:\dev\NLog\tests\NLog.UnitTests\NLogTestBase.cs:line 81
   at NLog.UnitTests.LayoutRenderers.ExceptionTests.ExceptionWithoutMessageParam() in C:\dev\NLog\tests\NLog.UnitTests\LayoutRenderers\ExceptionTests.cs:line 169]]></stack-trace>
        </failure>
      </test>
      <test name="NLog.UnitTests.LayoutRenderers.ExceptionTests.ExceptionWithoutStackTraceTest" type="NLog.UnitTests.LayoutRenderers.ExceptionTests" method="ExceptionWithoutStackTraceTest" time="0.0013724" result="Fail">
        <failure exception-type="Xunit.Sdk.NotNullException">
          <message><![CDATA[Assert.NotNull() Failure]]></message>
          <stack-trace><![CDATA[   at NLog.UnitTests.NLogTestBase.GetDebugTarget(String targetName, LoggingConfiguration configuration) in C:\dev\NLog\tests\NLog.UnitTests\NLogTestBase.cs:line 109
   at NLog.UnitTests.NLogTestBase.GetDebugLastMessage(String targetName, LoggingConfiguration configuration) in C:\dev\NLog\tests\NLog.UnitTests\NLogTestBase.cs:line 98
   at NLog.UnitTests.NLogTestBase.GetDebugLastMessage(String targetName) in C:\dev\NLog\tests\NLog.UnitTests\NLogTestBase.cs:line 93
   at NLog.UnitTests.NLogTestBase.AssertDebugLastMessage(String targetName, String msg) in C:\dev\NLog\tests\NLog.UnitTests\NLogTestBase.cs:line 81
   at NLog.UnitTests.LayoutRenderers.ExceptionTests.ExceptionWithoutStackTraceTest() in C:\dev\NLog\tests\NLog.UnitTests\LayoutRenderers\ExceptionTests.cs:line 254]]></stack-trace>
        </failure>
      </test>
      <test name="NLog.UnitTests.LayoutRenderers.ExceptionTests.CustomExceptionLayoutRendrerInnerExceptionTest" type="NLog.UnitTests.LayoutRenderers.ExceptionTests" method="CustomExceptionLayoutRendrerInnerExceptionTest" time="0.001059" result="Fail">
        <failure exception-type="System.ArgumentOutOfRangeException">
          <message><![CDATA[System.ArgumentOutOfRangeException : Index was out of range. Must be non-negative and less than the size of the collection.
Parameter name: index]]></message>
          <stack-trace><![CDATA[   at System.ThrowHelper.ThrowArgumentOutOfRangeException(ExceptionArgument argument, ExceptionResource resource)
   at System.Collections.Generic.List`1.get_Item(Int32 index)
   at System.Collections.ObjectModel.ReadOnlyCollection`1.get_Item(Int32 index)
   at NLog.UnitTests.LayoutRenderers.ExceptionTests.CustomExceptionLayoutRendrerInnerExceptionTest() in C:\dev\NLog\tests\NLog.UnitTests\LayoutRenderers\ExceptionTests.cs:line 668]]></stack-trace>
        </failure>
      </test>
      <test name="NLog.UnitTests.LayoutRenderers.ExceptionTests.InnerExceptionTest" type="NLog.UnitTests.LayoutRenderers.ExceptionTests" method="InnerExceptionTest" time="0.0007566" result="Fail">
        <failure exception-type="Xunit.Sdk.NotNullException">
          <message><![CDATA[Assert.NotNull() Failure]]></message>
          <stack-trace><![CDATA[   at NLog.UnitTests.NLogTestBase.GetDebugTarget(String targetName, LoggingConfiguration configuration) in C:\dev\NLog\tests\NLog.UnitTests\NLogTestBase.cs:line 109
   at NLog.UnitTests.NLogTestBase.GetDebugLastMessage(String targetName, LoggingConfiguration configuration) in C:\dev\NLog\tests\NLog.UnitTests\NLogTestBase.cs:line 98
   at NLog.UnitTests.NLogTestBase.GetDebugLastMessage(String targetName) in C:\dev\NLog\tests\NLog.UnitTests\NLogTestBase.cs:line 93
   at NLog.UnitTests.NLogTestBase.AssertDebugLastMessage(String targetName, String msg) in C:\dev\NLog\tests\NLog.UnitTests\NLogTestBase.cs:line 81
   at NLog.UnitTests.LayoutRenderers.ExceptionTests.InnerExceptionTest() in C:\dev\NLog\tests\NLog.UnitTests\LayoutRenderers\ExceptionTests.cs:line 380]]></stack-trace>
        </failure>
      </test>
      <test name="NLog.UnitTests.LayoutRenderers.ExceptionTests.ExceptionUsingErrorMethodTest" type="NLog.UnitTests.LayoutRenderers.ExceptionTests" method="ExceptionUsingErrorMethodTest" time="0.0006062" result="Fail">
        <failure exception-type="Xunit.Sdk.NotNullException">
          <message><![CDATA[Assert.NotNull() Failure]]></message>
          <stack-trace><![CDATA[   at NLog.UnitTests.NLogTestBase.GetDebugTarget(String targetName, LoggingConfiguration configuration) in C:\dev\NLog\tests\NLog.UnitTests\NLogTestBase.cs:line 109
   at NLog.UnitTests.NLogTestBase.GetDebugLastMessage(String targetName, LoggingConfiguration configuration) in C:\dev\NLog\tests\NLog.UnitTests\NLogTestBase.cs:line 98
   at NLog.UnitTests.NLogTestBase.GetDebugLastMessage(String targetName) in C:\dev\NLog\tests\NLog.UnitTests\NLogTestBase.cs:line 93
   at NLog.UnitTests.NLogTestBase.AssertDebugLastMessage(String targetName, String msg) in C:\dev\NLog\tests\NLog.UnitTests\NLogTestBase.cs:line 81
   at NLog.UnitTests.LayoutRenderers.ExceptionTests.ExceptionUsingErrorMethodTest() in C:\dev\NLog\tests\NLog.UnitTests\LayoutRenderers\ExceptionTests.cs:line 348]]></stack-trace>
        </failure>
      </test>
      <test name="NLog.UnitTests.LayoutRenderers.ExceptionTests.ExceptionUsingLogMethodTest" type="NLog.UnitTests.LayoutRenderers.ExceptionTests" method="ExceptionUsingLogMethodTest" time="0.0006186" result="Fail">
        <failure exception-type="Xunit.Sdk.NotNullException">
          <message><![CDATA[Assert.NotNull() Failure]]></message>
          <stack-trace><![CDATA[   at NLog.UnitTests.NLogTestBase.GetDebugTarget(String targetName, LoggingConfiguration configuration) in C:\dev\NLog\tests\NLog.UnitTests\NLogTestBase.cs:line 109
   at NLog.UnitTests.NLogTestBase.GetDebugLastMessage(String targetName, LoggingConfiguration configuration) in C:\dev\NLog\tests\NLog.UnitTests\NLogTestBase.cs:line 98
   at NLog.UnitTests.NLogTestBase.GetDebugLastMessage(String targetName) in C:\dev\NLog\tests\NLog.UnitTests\NLogTestBase.cs:line 93
   at NLog.UnitTests.NLogTestBase.AssertDebugLastMessage(String targetName, String msg) in C:\dev\NLog\tests\NLog.UnitTests\NLogTestBase.cs:line 81
   at NLog.UnitTests.LayoutRenderers.ExceptionTests.ExceptionUsingLogMethodTest() in C:\dev\NLog\tests\NLog.UnitTests\LayoutRenderers\ExceptionTests.cs:line 298]]></stack-trace>
        </failure>
      </test>
      <test name="NLog.UnitTests.LayoutRenderers.ExceptionTests.ExceptionWithStackTraceTest" type="NLog.UnitTests.LayoutRenderers.ExceptionTests" method="ExceptionWithStackTraceTest" time="0.0009128" result="Fail">
        <failure exception-type="Xunit.Sdk.NotNullException">
          <message><![CDATA[Assert.NotNull() Failure]]></message>
          <stack-trace><![CDATA[   at NLog.UnitTests.NLogTestBase.GetDebugTarget(String targetName, LoggingConfiguration configuration) in C:\dev\NLog\tests\NLog.UnitTests\NLogTestBase.cs:line 109
   at NLog.UnitTests.NLogTestBase.GetDebugLastMessage(String targetName, LoggingConfiguration configuration) in C:\dev\NLog\tests\NLog.UnitTests\NLogTestBase.cs:line 98
   at NLog.UnitTests.NLogTestBase.GetDebugLastMessage(String targetName) in C:\dev\NLog\tests\NLog.UnitTests\NLogTestBase.cs:line 93
   at NLog.UnitTests.NLogTestBase.AssertDebugLastMessage(String targetName, String msg) in C:\dev\NLog\tests\NLog.UnitTests\NLogTestBase.cs:line 81
   at NLog.UnitTests.LayoutRenderers.ExceptionTests.ExceptionWithStackTraceTest() in C:\dev\NLog\tests\NLog.UnitTests\LayoutRenderers\ExceptionTests.cs:line 123]]></stack-trace>
        </failure>
      </test>
      <test name="NLog.UnitTests.LayoutRenderers.ExceptionTests.ExceptionUsingWarnMethodTest" type="NLog.UnitTests.LayoutRenderers.ExceptionTests" method="ExceptionUsingWarnMethodTest" time="0.000608" result="Fail">
        <failure exception-type="Xunit.Sdk.NotNullException">
          <message><![CDATA[Assert.NotNull() Failure]]></message>
          <stack-trace><![CDATA[   at NLog.UnitTests.NLogTestBase.GetDebugTarget(String targetName, LoggingConfiguration configuration) in C:\dev\NLog\tests\NLog.UnitTests\NLogTestBase.cs:line 109
   at NLog.UnitTests.NLogTestBase.GetDebugLastMessage(String targetName, LoggingConfiguration configuration) in C:\dev\NLog\tests\NLog.UnitTests\NLogTestBase.cs:line 98
   at NLog.UnitTests.NLogTestBase.GetDebugLastMessage(String targetName) in C:\dev\NLog\tests\NLog.UnitTests\NLogTestBase.cs:line 93
   at NLog.UnitTests.NLogTestBase.AssertDebugLastMessage(String targetName, String msg) in C:\dev\NLog\tests\NLog.UnitTests\NLogTestBase.cs:line 81
   at NLog.UnitTests.LayoutRenderers.ExceptionTests.ExceptionUsingWarnMethodTest() in C:\dev\NLog\tests\NLog.UnitTests\LayoutRenderers\ExceptionTests.cs:line 338]]></stack-trace>
        </failure>
      </test>
      <test name="NLog.UnitTests.LayoutRenderers.ExceptionTests.ExceptionUsingDebugMethodTest" type="NLog.UnitTests.LayoutRenderers.ExceptionTests" method="ExceptionUsingDebugMethodTest" time="0.0007526" result="Fail">
        <failure exception-type="Xunit.Sdk.NotNullException">
          <message><![CDATA[Assert.NotNull() Failure]]></message>
          <stack-trace><![CDATA[   at NLog.UnitTests.NLogTestBase.GetDebugTarget(String targetName, LoggingConfiguration configuration) in C:\dev\NLog\tests\NLog.UnitTests\NLogTestBase.cs:line 109
   at NLog.UnitTests.NLogTestBase.GetDebugLastMessage(String targetName, LoggingConfiguration configuration) in C:\dev\NLog\tests\NLog.UnitTests\NLogTestBase.cs:line 98
   at NLog.UnitTests.NLogTestBase.GetDebugLastMessage(String targetName) in C:\dev\NLog\tests\NLog.UnitTests\NLogTestBase.cs:line 93
   at NLog.UnitTests.NLogTestBase.AssertDebugLastMessage(String targetName, String msg) in C:\dev\NLog\tests\NLog.UnitTests\NLogTestBase.cs:line 81
   at NLog.UnitTests.LayoutRenderers.ExceptionTests.ExceptionUsingDebugMethodTest() in C:\dev\NLog\tests\NLog.UnitTests\LayoutRenderers\ExceptionTests.cs:line 318]]></stack-trace>
        </failure>
      </test>
      <test name="NLog.UnitTests.LayoutRenderers.GDCTests.GDCTest" type="NLog.UnitTests.LayoutRenderers.GDCTests" method="GDCTest" time="0.0006515" result="Fail">
        <failure exception-type="Xunit.Sdk.NotNullException">
          <message><![CDATA[Assert.NotNull() Failure]]></message>
          <stack-trace><![CDATA[   at NLog.UnitTests.NLogTestBase.GetDebugTarget(String targetName, LoggingConfiguration configuration) in C:\dev\NLog\tests\NLog.UnitTests\NLogTestBase.cs:line 109
   at NLog.UnitTests.NLogTestBase.GetDebugLastMessage(String targetName, LoggingConfiguration configuration) in C:\dev\NLog\tests\NLog.UnitTests\NLogTestBase.cs:line 98
   at NLog.UnitTests.NLogTestBase.GetDebugLastMessage(String targetName) in C:\dev\NLog\tests\NLog.UnitTests\NLogTestBase.cs:line 93
   at NLog.UnitTests.NLogTestBase.AssertDebugLastMessage(String targetName, String msg) in C:\dev\NLog\tests\NLog.UnitTests\NLogTestBase.cs:line 81
   at NLog.UnitTests.LayoutRenderers.GDCTests.GDCTest() in C:\dev\NLog\tests\NLog.UnitTests\LayoutRenderers\GDCTests.cs:line 53]]></stack-trace>
        </failure>
      </test>
      <test name="NLog.UnitTests.LayoutRenderers.LiteralTests.LiteralTest" type="NLog.UnitTests.LayoutRenderers.LiteralTests" method="LiteralTest" time="0.0005747" result="Fail">
        <failure exception-type="Xunit.Sdk.NotNullException">
          <message><![CDATA[Assert.NotNull() Failure]]></message>
          <stack-trace><![CDATA[   at NLog.UnitTests.NLogTestBase.GetDebugTarget(String targetName, LoggingConfiguration configuration) in C:\dev\NLog\tests\NLog.UnitTests\NLogTestBase.cs:line 109
   at NLog.UnitTests.NLogTestBase.GetDebugLastMessage(String targetName, LoggingConfiguration configuration) in C:\dev\NLog\tests\NLog.UnitTests\NLogTestBase.cs:line 98
   at NLog.UnitTests.NLogTestBase.GetDebugLastMessage(String targetName) in C:\dev\NLog\tests\NLog.UnitTests\NLogTestBase.cs:line 93
   at NLog.UnitTests.NLogTestBase.AssertDebugLastMessage(String targetName, String msg) in C:\dev\NLog\tests\NLog.UnitTests\NLogTestBase.cs:line 81
   at NLog.UnitTests.LayoutRenderers.LiteralTests.LiteralTest() in C:\dev\NLog\tests\NLog.UnitTests\LayoutRenderers\LiteralTests.cs:line 53]]></stack-trace>
        </failure>
      </test>
      <test name="NLog.UnitTests.LayoutRenderers.LoggerNameTests.LoggerNameTest" type="NLog.UnitTests.LayoutRenderers.LoggerNameTests" method="LoggerNameTest" time="0.0005589" result="Fail">
        <failure exception-type="Xunit.Sdk.NotNullException">
          <message><![CDATA[Assert.NotNull() Failure]]></message>
          <stack-trace><![CDATA[   at NLog.UnitTests.NLogTestBase.GetDebugTarget(String targetName, LoggingConfiguration configuration) in C:\dev\NLog\tests\NLog.UnitTests\NLogTestBase.cs:line 109
   at NLog.UnitTests.NLogTestBase.GetDebugLastMessage(String targetName, LoggingConfiguration configuration) in C:\dev\NLog\tests\NLog.UnitTests\NLogTestBase.cs:line 98
   at NLog.UnitTests.NLogTestBase.GetDebugLastMessage(String targetName) in C:\dev\NLog\tests\NLog.UnitTests\NLogTestBase.cs:line 93
   at NLog.UnitTests.NLogTestBase.AssertDebugLastMessage(String targetName, String msg) in C:\dev\NLog\tests\NLog.UnitTests\NLogTestBase.cs:line 81
   at NLog.UnitTests.LayoutRenderers.LoggerNameTests.LoggerNameTest() in C:\dev\NLog\tests\NLog.UnitTests\LayoutRenderers\LoggerNameTests.cs:line 53]]></stack-trace>
        </failure>
      </test>
      <test name="NLog.UnitTests.LayoutRenderers.LogLevelTests.LogLevelTest" type="NLog.UnitTests.LayoutRenderers.LogLevelTests" method="LogLevelTest" time="0.000693" result="Fail">
        <failure exception-type="Xunit.Sdk.NotNullException">
          <message><![CDATA[Assert.NotNull() Failure]]></message>
          <stack-trace><![CDATA[   at NLog.UnitTests.NLogTestBase.GetDebugTarget(String targetName, LoggingConfiguration configuration) in C:\dev\NLog\tests\NLog.UnitTests\NLogTestBase.cs:line 109
   at NLog.UnitTests.NLogTestBase.GetDebugLastMessage(String targetName, LoggingConfiguration configuration) in C:\dev\NLog\tests\NLog.UnitTests\NLogTestBase.cs:line 98
   at NLog.UnitTests.NLogTestBase.GetDebugLastMessage(String targetName) in C:\dev\NLog\tests\NLog.UnitTests\NLogTestBase.cs:line 93
   at NLog.UnitTests.NLogTestBase.AssertDebugLastMessage(String targetName, String msg) in C:\dev\NLog\tests\NLog.UnitTests\NLogTestBase.cs:line 81
   at NLog.UnitTests.LayoutRenderers.LogLevelTests.LogLevelTest() in C:\dev\NLog\tests\NLog.UnitTests\LayoutRenderers\LogLevelTests.cs:line 53]]></stack-trace>
        </failure>
      </test>
      <test name="NLog.UnitTests.LayoutRenderers.LongDateTests.LocalTimeTest" type="NLog.UnitTests.LayoutRenderers.LongDateTests" method="LocalTimeTest" time="0.0008419" result="Pass" />
      <test name="NLog.UnitTests.LayoutRenderers.LongDateTests.LongDateWithPaddingPadRightAlignLeft" type="NLog.UnitTests.LayoutRenderers.LongDateTests" method="LongDateWithPaddingPadRightAlignLeft" time="0.0006979" result="Fail">
        <failure exception-type="Xunit.Sdk.NotNullException">
          <message><![CDATA[Assert.NotNull() Failure]]></message>
          <stack-trace><![CDATA[   at NLog.UnitTests.NLogTestBase.GetDebugTarget(String targetName, LoggingConfiguration configuration) in C:\dev\NLog\tests\NLog.UnitTests\NLogTestBase.cs:line 109
   at NLog.UnitTests.NLogTestBase.GetDebugLastMessage(String targetName, LoggingConfiguration configuration) in C:\dev\NLog\tests\NLog.UnitTests\NLogTestBase.cs:line 98
   at NLog.UnitTests.NLogTestBase.GetDebugLastMessage(String targetName) in C:\dev\NLog\tests\NLog.UnitTests\NLogTestBase.cs:line 93
   at NLog.UnitTests.LayoutRenderers.LongDateTests.LongDateWithPaddingPadRightAlignLeft() in C:\dev\NLog\tests\NLog.UnitTests\LayoutRenderers\LongDateTests.cs:line 129]]></stack-trace>
        </failure>
      </test>
      <test name="NLog.UnitTests.LayoutRenderers.LongDateTests.LongDateWithPaddingPadLeftAlignLeft" type="NLog.UnitTests.LayoutRenderers.LongDateTests" method="LongDateWithPaddingPadLeftAlignLeft" time="0.0005408" result="Fail">
        <failure exception-type="Xunit.Sdk.NotNullException">
          <message><![CDATA[Assert.NotNull() Failure]]></message>
          <stack-trace><![CDATA[   at NLog.UnitTests.NLogTestBase.GetDebugTarget(String targetName, LoggingConfiguration configuration) in C:\dev\NLog\tests\NLog.UnitTests\NLogTestBase.cs:line 109
   at NLog.UnitTests.NLogTestBase.GetDebugLastMessage(String targetName, LoggingConfiguration configuration) in C:\dev\NLog\tests\NLog.UnitTests\NLogTestBase.cs:line 98
   at NLog.UnitTests.NLogTestBase.GetDebugLastMessage(String targetName) in C:\dev\NLog\tests\NLog.UnitTests\NLogTestBase.cs:line 93
   at NLog.UnitTests.LayoutRenderers.LongDateTests.LongDateWithPaddingPadLeftAlignLeft() in C:\dev\NLog\tests\NLog.UnitTests\LayoutRenderers\LongDateTests.cs:line 95]]></stack-trace>
        </failure>
      </test>
      <test name="NLog.UnitTests.LayoutRenderers.LongDateTests.UniversalTimeTest" type="NLog.UnitTests.LayoutRenderers.LongDateTests" method="UniversalTimeTest" time="0.0001855" result="Pass" />
      <test name="NLog.UnitTests.LayoutRenderers.LongDateTests.LongDateWithPaddingPadLeftAlignRight" type="NLog.UnitTests.LayoutRenderers.LongDateTests" method="LongDateWithPaddingPadLeftAlignRight" time="0.0004728" result="Fail">
        <failure exception-type="Xunit.Sdk.NotNullException">
          <message><![CDATA[Assert.NotNull() Failure]]></message>
          <stack-trace><![CDATA[   at NLog.UnitTests.NLogTestBase.GetDebugTarget(String targetName, LoggingConfiguration configuration) in C:\dev\NLog\tests\NLog.UnitTests\NLogTestBase.cs:line 109
   at NLog.UnitTests.NLogTestBase.GetDebugLastMessage(String targetName, LoggingConfiguration configuration) in C:\dev\NLog\tests\NLog.UnitTests\NLogTestBase.cs:line 98
   at NLog.UnitTests.NLogTestBase.GetDebugLastMessage(String targetName) in C:\dev\NLog\tests\NLog.UnitTests\NLogTestBase.cs:line 93
   at NLog.UnitTests.LayoutRenderers.LongDateTests.LongDateWithPaddingPadLeftAlignRight() in C:\dev\NLog\tests\NLog.UnitTests\LayoutRenderers\LongDateTests.cs:line 112]]></stack-trace>
        </failure>
      </test>
      <test name="NLog.UnitTests.LayoutRenderers.LongDateTests.LongDateWithPaddingPadRightAlignRight" type="NLog.UnitTests.LayoutRenderers.LongDateTests" method="LongDateWithPaddingPadRightAlignRight" time="0.0005002" result="Fail">
        <failure exception-type="Xunit.Sdk.NotNullException">
          <message><![CDATA[Assert.NotNull() Failure]]></message>
          <stack-trace><![CDATA[   at NLog.UnitTests.NLogTestBase.GetDebugTarget(String targetName, LoggingConfiguration configuration) in C:\dev\NLog\tests\NLog.UnitTests\NLogTestBase.cs:line 109
   at NLog.UnitTests.NLogTestBase.GetDebugLastMessage(String targetName, LoggingConfiguration configuration) in C:\dev\NLog\tests\NLog.UnitTests\NLogTestBase.cs:line 98
   at NLog.UnitTests.NLogTestBase.GetDebugLastMessage(String targetName) in C:\dev\NLog\tests\NLog.UnitTests\NLogTestBase.cs:line 93
   at NLog.UnitTests.LayoutRenderers.LongDateTests.LongDateWithPaddingPadRightAlignRight() in C:\dev\NLog\tests\NLog.UnitTests\LayoutRenderers\LongDateTests.cs:line 146]]></stack-trace>
        </failure>
      </test>
      <test name="NLog.UnitTests.LayoutRenderers.LongDateTests.LongDateTest" type="NLog.UnitTests.LayoutRenderers.LongDateTests" method="LongDateTest" time="0.000567" result="Fail">
        <failure exception-type="Xunit.Sdk.NotNullException">
          <message><![CDATA[Assert.NotNull() Failure]]></message>
          <stack-trace><![CDATA[   at NLog.UnitTests.NLogTestBase.GetDebugTarget(String targetName, LoggingConfiguration configuration) in C:\dev\NLog\tests\NLog.UnitTests\NLogTestBase.cs:line 109
   at NLog.UnitTests.NLogTestBase.GetDebugLastMessage(String targetName, LoggingConfiguration configuration) in C:\dev\NLog\tests\NLog.UnitTests\NLogTestBase.cs:line 98
   at NLog.UnitTests.NLogTestBase.GetDebugLastMessage(String targetName) in C:\dev\NLog\tests\NLog.UnitTests\NLogTestBase.cs:line 93
   at NLog.UnitTests.LayoutRenderers.LongDateTests.LongDateTest() in C:\dev\NLog\tests\NLog.UnitTests\LayoutRenderers\LongDateTests.cs:line 53]]></stack-trace>
        </failure>
      </test>
      <test name="NLog.UnitTests.LayoutRenderers.MDCTests.MDCTest" type="NLog.UnitTests.LayoutRenderers.MDCTests" method="MDCTest" time="0.0017833" result="Fail">
        <failure exception-type="Xunit.Sdk.NotNullException">
          <message><![CDATA[Assert.NotNull() Failure]]></message>
          <stack-trace><![CDATA[   at NLog.UnitTests.NLogTestBase.GetDebugTarget(String targetName, LoggingConfiguration configuration) in C:\dev\NLog\tests\NLog.UnitTests\NLogTestBase.cs:line 109
   at NLog.UnitTests.NLogTestBase.GetDebugLastMessage(String targetName, LoggingConfiguration configuration) in C:\dev\NLog\tests\NLog.UnitTests\NLogTestBase.cs:line 98
   at NLog.UnitTests.NLogTestBase.GetDebugLastMessage(String targetName) in C:\dev\NLog\tests\NLog.UnitTests\NLogTestBase.cs:line 93
   at NLog.UnitTests.NLogTestBase.AssertDebugLastMessage(String targetName, String msg) in C:\dev\NLog\tests\NLog.UnitTests\NLogTestBase.cs:line 81
   at NLog.UnitTests.LayoutRenderers.MDCTests.MDCTest() in C:\dev\NLog\tests\NLog.UnitTests\LayoutRenderers\MDCTests.cs:line 53]]></stack-trace>
        </failure>
      </test>
      <test name="NLog.UnitTests.LayoutRenderers.MessageTests.MessageFixedLengthRightPaddingLeftAlignmentTest" type="NLog.UnitTests.LayoutRenderers.MessageTests" method="MessageFixedLengthRightPaddingLeftAlignmentTest" time="0.0008131" result="Fail">
        <failure exception-type="Xunit.Sdk.NotNullException">
          <message><![CDATA[Assert.NotNull() Failure]]></message>
          <stack-trace><![CDATA[   at NLog.UnitTests.NLogTestBase.GetDebugTarget(String targetName, LoggingConfiguration configuration) in C:\dev\NLog\tests\NLog.UnitTests\NLogTestBase.cs:line 109
   at NLog.UnitTests.NLogTestBase.GetDebugLastMessage(String targetName, LoggingConfiguration configuration) in C:\dev\NLog\tests\NLog.UnitTests\NLogTestBase.cs:line 98
   at NLog.UnitTests.NLogTestBase.GetDebugLastMessage(String targetName) in C:\dev\NLog\tests\NLog.UnitTests\NLogTestBase.cs:line 93
   at NLog.UnitTests.NLogTestBase.AssertDebugLastMessage(String targetName, String msg) in C:\dev\NLog\tests\NLog.UnitTests\NLogTestBase.cs:line 81
   at NLog.UnitTests.LayoutRenderers.MessageTests.MessageFixedLengthRightPaddingLeftAlignmentTest() in C:\dev\NLog\tests\NLog.UnitTests\LayoutRenderers\MessageTests.cs:line 100]]></stack-trace>
        </failure>
      </test>
      <test name="NLog.UnitTests.LayoutRenderers.MessageTests.MessageWithoutPaddingTest" type="NLog.UnitTests.LayoutRenderers.MessageTests" method="MessageWithoutPaddingTest" time="0.000635" result="Fail">
        <failure exception-type="Xunit.Sdk.NotNullException">
          <message><![CDATA[Assert.NotNull() Failure]]></message>
          <stack-trace><![CDATA[   at NLog.UnitTests.NLogTestBase.GetDebugTarget(String targetName, LoggingConfiguration configuration) in C:\dev\NLog\tests\NLog.UnitTests\NLogTestBase.cs:line 109
   at NLog.UnitTests.NLogTestBase.GetDebugLastMessage(String targetName, LoggingConfiguration configuration) in C:\dev\NLog\tests\NLog.UnitTests\NLogTestBase.cs:line 98
   at NLog.UnitTests.NLogTestBase.GetDebugLastMessage(String targetName) in C:\dev\NLog\tests\NLog.UnitTests\NLogTestBase.cs:line 93
   at NLog.UnitTests.NLogTestBase.AssertDebugLastMessage(String targetName, String msg) in C:\dev\NLog\tests\NLog.UnitTests\NLogTestBase.cs:line 81
   at NLog.UnitTests.LayoutRenderers.MessageTests.MessageWithoutPaddingTest() in C:\dev\NLog\tests\NLog.UnitTests\LayoutRenderers\MessageTests.cs:line 55]]></stack-trace>
        </failure>
      </test>
      <test name="NLog.UnitTests.LayoutRenderers.MessageTests.MessageWithExceptionAndCustomSeparatorTest" type="NLog.UnitTests.LayoutRenderers.MessageTests" method="MessageWithExceptionAndCustomSeparatorTest" time="0.0005743" result="Fail">
        <failure exception-type="Xunit.Sdk.NotNullException">
          <message><![CDATA[Assert.NotNull() Failure]]></message>
          <stack-trace><![CDATA[   at NLog.UnitTests.NLogTestBase.GetDebugTarget(String targetName, LoggingConfiguration configuration) in C:\dev\NLog\tests\NLog.UnitTests\NLogTestBase.cs:line 109
   at NLog.UnitTests.NLogTestBase.GetDebugLastMessage(String targetName, LoggingConfiguration configuration) in C:\dev\NLog\tests\NLog.UnitTests\NLogTestBase.cs:line 98
   at NLog.UnitTests.NLogTestBase.GetDebugLastMessage(String targetName) in C:\dev\NLog\tests\NLog.UnitTests\NLogTestBase.cs:line 93
   at NLog.UnitTests.NLogTestBase.AssertDebugLastMessage(String targetName, String msg) in C:\dev\NLog\tests\NLog.UnitTests\NLogTestBase.cs:line 81
   at NLog.UnitTests.LayoutRenderers.MessageTests.MessageWithExceptionAndCustomSeparatorTest() in C:\dev\NLog\tests\NLog.UnitTests\LayoutRenderers\MessageTests.cs:line 243]]></stack-trace>
        </failure>
      </test>
      <test name="NLog.UnitTests.LayoutRenderers.MessageTests.MessageWithExceptionTest" type="NLog.UnitTests.LayoutRenderers.MessageTests" method="MessageWithExceptionTest" time="0.0006871" result="Fail">
        <failure exception-type="Xunit.Sdk.NotNullException">
          <message><![CDATA[Assert.NotNull() Failure]]></message>
          <stack-trace><![CDATA[   at NLog.UnitTests.NLogTestBase.GetDebugTarget(String targetName, LoggingConfiguration configuration) in C:\dev\NLog\tests\NLog.UnitTests\NLogTestBase.cs:line 109
   at NLog.UnitTests.NLogTestBase.GetDebugLastMessage(String targetName, LoggingConfiguration configuration) in C:\dev\NLog\tests\NLog.UnitTests\NLogTestBase.cs:line 98
   at NLog.UnitTests.NLogTestBase.GetDebugLastMessage(String targetName) in C:\dev\NLog\tests\NLog.UnitTests\NLogTestBase.cs:line 93
   at NLog.UnitTests.NLogTestBase.AssertDebugLastMessage(String targetName, String msg) in C:\dev\NLog\tests\NLog.UnitTests\NLogTestBase.cs:line 81
   at NLog.UnitTests.LayoutRenderers.MessageTests.MessageWithExceptionTest() in C:\dev\NLog\tests\NLog.UnitTests\LayoutRenderers\MessageTests.cs:line 210]]></stack-trace>
        </failure>
      </test>
      <test name="NLog.UnitTests.LayoutRenderers.MessageTests.MessageFixedLengthLeftPaddingRightAlignmentTest" type="NLog.UnitTests.LayoutRenderers.MessageTests" method="MessageFixedLengthLeftPaddingRightAlignmentTest" time="0.0005622" result="Fail">
        <failure exception-type="Xunit.Sdk.NotNullException">
          <message><![CDATA[Assert.NotNull() Failure]]></message>
          <stack-trace><![CDATA[   at NLog.UnitTests.NLogTestBase.GetDebugTarget(String targetName, LoggingConfiguration configuration) in C:\dev\NLog\tests\NLog.UnitTests\NLogTestBase.cs:line 109
   at NLog.UnitTests.NLogTestBase.GetDebugLastMessage(String targetName, LoggingConfiguration configuration) in C:\dev\NLog\tests\NLog.UnitTests\NLogTestBase.cs:line 98
   at NLog.UnitTests.NLogTestBase.GetDebugLastMessage(String targetName) in C:\dev\NLog\tests\NLog.UnitTests\NLogTestBase.cs:line 93
   at NLog.UnitTests.NLogTestBase.AssertDebugLastMessage(String targetName, String msg) in C:\dev\NLog\tests\NLog.UnitTests\NLogTestBase.cs:line 81
   at NLog.UnitTests.LayoutRenderers.MessageTests.MessageFixedLengthLeftPaddingRightAlignmentTest() in C:\dev\NLog\tests\NLog.UnitTests\LayoutRenderers\MessageTests.cs:line 188]]></stack-trace>
        </failure>
      </test>
      <test name="NLog.UnitTests.LayoutRenderers.MessageTests.MessageFixedLengthLeftPaddingLeftAlignmentTest" type="NLog.UnitTests.LayoutRenderers.MessageTests" method="MessageFixedLengthLeftPaddingLeftAlignmentTest" time="0.0005497" result="Fail">
        <failure exception-type="Xunit.Sdk.NotNullException">
          <message><![CDATA[Assert.NotNull() Failure]]></message>
          <stack-trace><![CDATA[   at NLog.UnitTests.NLogTestBase.GetDebugTarget(String targetName, LoggingConfiguration configuration) in C:\dev\NLog\tests\NLog.UnitTests\NLogTestBase.cs:line 109
   at NLog.UnitTests.NLogTestBase.GetDebugLastMessage(String targetName, LoggingConfiguration configuration) in C:\dev\NLog\tests\NLog.UnitTests\NLogTestBase.cs:line 98
   at NLog.UnitTests.NLogTestBase.GetDebugLastMessage(String targetName) in C:\dev\NLog\tests\NLog.UnitTests\NLogTestBase.cs:line 93
   at NLog.UnitTests.NLogTestBase.AssertDebugLastMessage(String targetName, String msg) in C:\dev\NLog\tests\NLog.UnitTests\NLogTestBase.cs:line 81
   at NLog.UnitTests.LayoutRenderers.MessageTests.MessageFixedLengthLeftPaddingLeftAlignmentTest() in C:\dev\NLog\tests\NLog.UnitTests\LayoutRenderers\MessageTests.cs:line 166]]></stack-trace>
        </failure>
      </test>
      <test name="NLog.UnitTests.LayoutRenderers.MessageTests.MessageLeftPaddingTest" type="NLog.UnitTests.LayoutRenderers.MessageTests" method="MessageLeftPaddingTest" time="0.0007565" result="Fail">
        <failure exception-type="Xunit.Sdk.NotNullException">
          <message><![CDATA[Assert.NotNull() Failure]]></message>
          <stack-trace><![CDATA[   at NLog.UnitTests.NLogTestBase.GetDebugTarget(String targetName, LoggingConfiguration configuration) in C:\dev\NLog\tests\NLog.UnitTests\NLogTestBase.cs:line 109
   at NLog.UnitTests.NLogTestBase.GetDebugLastMessage(String targetName, LoggingConfiguration configuration) in C:\dev\NLog\tests\NLog.UnitTests\NLogTestBase.cs:line 98
   at NLog.UnitTests.NLogTestBase.GetDebugLastMessage(String targetName) in C:\dev\NLog\tests\NLog.UnitTests\NLogTestBase.cs:line 93
   at NLog.UnitTests.NLogTestBase.AssertDebugLastMessage(String targetName, String msg) in C:\dev\NLog\tests\NLog.UnitTests\NLogTestBase.cs:line 81
   at NLog.UnitTests.LayoutRenderers.MessageTests.MessageLeftPaddingTest() in C:\dev\NLog\tests\NLog.UnitTests\LayoutRenderers\MessageTests.cs:line 144]]></stack-trace>
        </failure>
      </test>
      <test name="NLog.UnitTests.LayoutRenderers.MessageTests.MessageFixedLengthRightPaddingRightAlignmentTest" type="NLog.UnitTests.LayoutRenderers.MessageTests" method="MessageFixedLengthRightPaddingRightAlignmentTest" time="0.0014494" result="Fail">
        <failure exception-type="Xunit.Sdk.NotNullException">
          <message><![CDATA[Assert.NotNull() Failure]]></message>
          <stack-trace><![CDATA[   at NLog.UnitTests.NLogTestBase.GetDebugTarget(String targetName, LoggingConfiguration configuration) in C:\dev\NLog\tests\NLog.UnitTests\NLogTestBase.cs:line 109
   at NLog.UnitTests.NLogTestBase.GetDebugLastMessage(String targetName, LoggingConfiguration configuration) in C:\dev\NLog\tests\NLog.UnitTests\NLogTestBase.cs:line 98
   at NLog.UnitTests.NLogTestBase.GetDebugLastMessage(String targetName) in C:\dev\NLog\tests\NLog.UnitTests\NLogTestBase.cs:line 93
   at NLog.UnitTests.NLogTestBase.AssertDebugLastMessage(String targetName, String msg) in C:\dev\NLog\tests\NLog.UnitTests\NLogTestBase.cs:line 81
   at NLog.UnitTests.LayoutRenderers.MessageTests.MessageFixedLengthRightPaddingRightAlignmentTest() in C:\dev\NLog\tests\NLog.UnitTests\LayoutRenderers\MessageTests.cs:line 122]]></stack-trace>
        </failure>
      </test>
      <test name="NLog.UnitTests.LayoutRenderers.MessageTests.MessageRightPaddingTest" type="NLog.UnitTests.LayoutRenderers.MessageTests" method="MessageRightPaddingTest" time="0.0012437" result="Fail">
        <failure exception-type="Xunit.Sdk.NotNullException">
          <message><![CDATA[Assert.NotNull() Failure]]></message>
          <stack-trace><![CDATA[   at NLog.UnitTests.NLogTestBase.GetDebugTarget(String targetName, LoggingConfiguration configuration) in C:\dev\NLog\tests\NLog.UnitTests\NLogTestBase.cs:line 109
   at NLog.UnitTests.NLogTestBase.GetDebugLastMessage(String targetName, LoggingConfiguration configuration) in C:\dev\NLog\tests\NLog.UnitTests\NLogTestBase.cs:line 98
   at NLog.UnitTests.NLogTestBase.GetDebugLastMessage(String targetName) in C:\dev\NLog\tests\NLog.UnitTests\NLogTestBase.cs:line 93
   at NLog.UnitTests.NLogTestBase.AssertDebugLastMessage(String targetName, String msg) in C:\dev\NLog\tests\NLog.UnitTests\NLogTestBase.cs:line 81
   at NLog.UnitTests.LayoutRenderers.MessageTests.MessageRightPaddingTest() in C:\dev\NLog\tests\NLog.UnitTests\LayoutRenderers\MessageTests.cs:line 77]]></stack-trace>
        </failure>
      </test>
      <test name="NLog.UnitTests.LayoutRenderers.NDCTests.NDCTopTestTest" type="NLog.UnitTests.LayoutRenderers.NDCTests" method="NDCTopTestTest" time="0.0022864" result="Fail">
        <failure exception-type="Xunit.Sdk.NotNullException">
          <message><![CDATA[Assert.NotNull() Failure]]></message>
          <stack-trace><![CDATA[   at NLog.UnitTests.NLogTestBase.GetDebugTarget(String targetName, LoggingConfiguration configuration) in C:\dev\NLog\tests\NLog.UnitTests\NLogTestBase.cs:line 109
   at NLog.UnitTests.NLogTestBase.GetDebugLastMessage(String targetName, LoggingConfiguration configuration) in C:\dev\NLog\tests\NLog.UnitTests\NLogTestBase.cs:line 98
   at NLog.UnitTests.NLogTestBase.GetDebugLastMessage(String targetName) in C:\dev\NLog\tests\NLog.UnitTests\NLogTestBase.cs:line 93
   at NLog.UnitTests.NLogTestBase.AssertDebugLastMessage(String targetName, String msg) in C:\dev\NLog\tests\NLog.UnitTests\NLogTestBase.cs:line 81
   at NLog.UnitTests.LayoutRenderers.NDCTests.NDCTopTestTest() in C:\dev\NLog\tests\NLog.UnitTests\LayoutRenderers\NDCTests.cs:line 96]]></stack-trace>
        </failure>
      </test>
      <test name="NLog.UnitTests.LayoutRenderers.NDCTests.NDCSeparatorTest" type="NLog.UnitTests.LayoutRenderers.NDCTests" method="NDCSeparatorTest" time="0.0010328" result="Fail">
        <failure exception-type="Xunit.Sdk.NotNullException">
          <message><![CDATA[Assert.NotNull() Failure]]></message>
          <stack-trace><![CDATA[   at NLog.UnitTests.NLogTestBase.GetDebugTarget(String targetName, LoggingConfiguration configuration) in C:\dev\NLog\tests\NLog.UnitTests\NLogTestBase.cs:line 109
   at NLog.UnitTests.NLogTestBase.GetDebugLastMessage(String targetName, LoggingConfiguration configuration) in C:\dev\NLog\tests\NLog.UnitTests\NLogTestBase.cs:line 98
   at NLog.UnitTests.NLogTestBase.GetDebugLastMessage(String targetName) in C:\dev\NLog\tests\NLog.UnitTests\NLogTestBase.cs:line 93
   at NLog.UnitTests.NLogTestBase.AssertDebugLastMessage(String targetName, String msg) in C:\dev\NLog\tests\NLog.UnitTests\NLogTestBase.cs:line 81
   at NLog.UnitTests.LayoutRenderers.NDCTests.NDCSeparatorTest() in C:\dev\NLog\tests\NLog.UnitTests\LayoutRenderers\NDCTests.cs:line 235]]></stack-trace>
        </failure>
      </test>
      <test name="NLog.UnitTests.LayoutRenderers.NDCTests.NDCTop1TestTest" type="NLog.UnitTests.LayoutRenderers.NDCTests" method="NDCTop1TestTest" time="0.0009489" result="Fail">
        <failure exception-type="Xunit.Sdk.NotNullException">
          <message><![CDATA[Assert.NotNull() Failure]]></message>
          <stack-trace><![CDATA[   at NLog.UnitTests.NLogTestBase.GetDebugTarget(String targetName, LoggingConfiguration configuration) in C:\dev\NLog\tests\NLog.UnitTests\NLogTestBase.cs:line 109
   at NLog.UnitTests.NLogTestBase.GetDebugLastMessage(String targetName, LoggingConfiguration configuration) in C:\dev\NLog\tests\NLog.UnitTests\NLogTestBase.cs:line 98
   at NLog.UnitTests.NLogTestBase.GetDebugLastMessage(String targetName) in C:\dev\NLog\tests\NLog.UnitTests\NLogTestBase.cs:line 93
   at NLog.UnitTests.NLogTestBase.AssertDebugLastMessage(String targetName, String msg) in C:\dev\NLog\tests\NLog.UnitTests\NLogTestBase.cs:line 81
   at NLog.UnitTests.LayoutRenderers.NDCTests.NDCTop1TestTest() in C:\dev\NLog\tests\NLog.UnitTests\LayoutRenderers\NDCTests.cs:line 141]]></stack-trace>
        </failure>
      </test>
      <test name="NLog.UnitTests.LayoutRenderers.NDCTests.NDCTest" type="NLog.UnitTests.LayoutRenderers.NDCTests" method="NDCTest" time="0.000844" result="Fail">
        <failure exception-type="Xunit.Sdk.NotNullException">
          <message><![CDATA[Assert.NotNull() Failure]]></message>
          <stack-trace><![CDATA[   at NLog.UnitTests.NLogTestBase.GetDebugTarget(String targetName, LoggingConfiguration configuration) in C:\dev\NLog\tests\NLog.UnitTests\NLogTestBase.cs:line 109
   at NLog.UnitTests.NLogTestBase.GetDebugLastMessage(String targetName, LoggingConfiguration configuration) in C:\dev\NLog\tests\NLog.UnitTests\NLogTestBase.cs:line 98
   at NLog.UnitTests.NLogTestBase.GetDebugLastMessage(String targetName) in C:\dev\NLog\tests\NLog.UnitTests\NLogTestBase.cs:line 93
   at NLog.UnitTests.NLogTestBase.AssertDebugLastMessage(String targetName, String msg) in C:\dev\NLog\tests\NLog.UnitTests\NLogTestBase.cs:line 81
   at NLog.UnitTests.LayoutRenderers.NDCTests.NDCTest() in C:\dev\NLog\tests\NLog.UnitTests\LayoutRenderers\NDCTests.cs:line 52]]></stack-trace>
        </failure>
      </test>
      <test name="NLog.UnitTests.LayoutRenderers.NDCTests.NDCBottomTest" type="NLog.UnitTests.LayoutRenderers.NDCTests" method="NDCBottomTest" time="0.0007777" result="Fail">
        <failure exception-type="Xunit.Sdk.NotNullException">
          <message><![CDATA[Assert.NotNull() Failure]]></message>
          <stack-trace><![CDATA[   at NLog.UnitTests.NLogTestBase.GetDebugTarget(String targetName, LoggingConfiguration configuration) in C:\dev\NLog\tests\NLog.UnitTests\NLogTestBase.cs:line 109
   at NLog.UnitTests.NLogTestBase.GetDebugLastMessage(String targetName, LoggingConfiguration configuration) in C:\dev\NLog\tests\NLog.UnitTests\NLogTestBase.cs:line 98
   at NLog.UnitTests.NLogTestBase.GetDebugLastMessage(String targetName) in C:\dev\NLog\tests\NLog.UnitTests\NLogTestBase.cs:line 93
   at NLog.UnitTests.NLogTestBase.AssertDebugLastMessage(String targetName, String msg) in C:\dev\NLog\tests\NLog.UnitTests\NLogTestBase.cs:line 81
   at NLog.UnitTests.LayoutRenderers.NDCTests.NDCBottomTest() in C:\dev\NLog\tests\NLog.UnitTests\LayoutRenderers\NDCTests.cs:line 191]]></stack-trace>
        </failure>
      </test>
      <test name="NLog.UnitTests.LayoutRenderers.Rot13Tests.Test2" type="NLog.UnitTests.LayoutRenderers.Rot13Tests" method="Test2" time="0.0003387" result="Fail">
        <failure exception-type="System.ArgumentException">
          <message><![CDATA[System.ArgumentException : LayoutRenderer cannot be found: 'rot13']]></message>
          <stack-trace><![CDATA[   at NLog.Config.Factory`2.CreateInstance(String name) in C:\dev\NLog\src\NLog\Config\Factory.cs:line 199
   at NLog.Layouts.LayoutParser.ParseLayoutRenderer(ConfigurationItemFactory configurationItemFactory, SimpleStringReader sr) in C:\dev\NLog\src\NLog\Layouts\LayoutParser.cs:line 345
   at NLog.Layouts.LayoutParser.CompileLayout(ConfigurationItemFactory configurationItemFactory, SimpleStringReader sr, Boolean isNested, String& text) in C:\dev\NLog\src\NLog\Layouts\LayoutParser.cs:line 108
   at NLog.Layouts.SimpleLayout.set_Text(String value) in C:\dev\NLog\src\NLog\Layouts\SimpleLayout.cs:line 119
   at NLog.Layouts.SimpleLayout..ctor(String txt, ConfigurationItemFactory configurationItemFactory) in C:\dev\NLog\src\NLog\Layouts\SimpleLayout.cs:line 88
   at NLog.Layouts.Layout.FromString(String layoutText, ConfigurationItemFactory configurationItemFactory) in C:\dev\NLog\src\NLog\Layouts\Layout.cs:line 104
   at NLog.Layouts.Layout.FromString(String layoutText) in C:\dev\NLog\src\NLog\Layouts\Layout.cs:line 93
   at NLog.Layouts.Layout.op_Implicit(String text) in C:\dev\NLog\src\NLog\Layouts\Layout.cs:line 83
   at NLog.UnitTests.LayoutRenderers.Rot13Tests.Test2() in C:\dev\NLog\tests\NLog.UnitTests\LayoutRenderers\Rot13Tests.cs:line 57]]></stack-trace>
        </failure>
      </test>
      <test name="NLog.UnitTests.LayoutRenderers.Rot13Tests.Test3" type="NLog.UnitTests.LayoutRenderers.Rot13Tests" method="Test3" time="0.0002533" result="Fail">
        <failure exception-type="System.ArgumentException">
          <message><![CDATA[System.ArgumentException : LayoutRenderer cannot be found: 'rot13']]></message>
          <stack-trace><![CDATA[   at NLog.Config.Factory`2.CreateInstance(String name) in C:\dev\NLog\src\NLog\Config\Factory.cs:line 199
   at NLog.Layouts.LayoutParser.ParseLayoutRenderer(ConfigurationItemFactory configurationItemFactory, SimpleStringReader sr) in C:\dev\NLog\src\NLog\Layouts\LayoutParser.cs:line 345
   at NLog.Layouts.LayoutParser.CompileLayout(ConfigurationItemFactory configurationItemFactory, SimpleStringReader sr, Boolean isNested, String& text) in C:\dev\NLog\src\NLog\Layouts\LayoutParser.cs:line 108
   at NLog.Layouts.SimpleLayout.set_Text(String value) in C:\dev\NLog\src\NLog\Layouts\SimpleLayout.cs:line 119
   at NLog.Layouts.SimpleLayout..ctor(String txt, ConfigurationItemFactory configurationItemFactory) in C:\dev\NLog\src\NLog\Layouts\SimpleLayout.cs:line 88
   at NLog.Layouts.Layout.FromString(String layoutText, ConfigurationItemFactory configurationItemFactory) in C:\dev\NLog\src\NLog\Layouts\Layout.cs:line 104
   at NLog.Layouts.Layout.FromString(String layoutText) in C:\dev\NLog\src\NLog\Layouts\Layout.cs:line 93
   at NLog.Layouts.Layout.op_Implicit(String text) in C:\dev\NLog\src\NLog\Layouts\Layout.cs:line 83
   at NLog.UnitTests.LayoutRenderers.Rot13Tests.Test3() in C:\dev\NLog\tests\NLog.UnitTests\LayoutRenderers\Rot13Tests.cs:line 65]]></stack-trace>
        </failure>
      </test>
      <test name="NLog.UnitTests.LayoutRenderers.Rot13Tests.Test4" type="NLog.UnitTests.LayoutRenderers.Rot13Tests" method="Test4" time="0.000263" result="Fail">
        <failure exception-type="System.ArgumentException">
          <message><![CDATA[System.ArgumentException : LayoutRenderer cannot be found: 'rot13']]></message>
          <stack-trace><![CDATA[   at NLog.Config.Factory`2.CreateInstance(String name) in C:\dev\NLog\src\NLog\Config\Factory.cs:line 199
   at NLog.Layouts.LayoutParser.ParseLayoutRenderer(ConfigurationItemFactory configurationItemFactory, SimpleStringReader sr) in C:\dev\NLog\src\NLog\Layouts\LayoutParser.cs:line 345
   at NLog.Layouts.LayoutParser.CompileLayout(ConfigurationItemFactory configurationItemFactory, SimpleStringReader sr, Boolean isNested, String& text) in C:\dev\NLog\src\NLog\Layouts\LayoutParser.cs:line 108
   at NLog.Layouts.SimpleLayout.set_Text(String value) in C:\dev\NLog\src\NLog\Layouts\SimpleLayout.cs:line 119
   at NLog.Layouts.SimpleLayout..ctor(String txt, ConfigurationItemFactory configurationItemFactory) in C:\dev\NLog\src\NLog\Layouts\SimpleLayout.cs:line 88
   at NLog.Layouts.Layout.FromString(String layoutText, ConfigurationItemFactory configurationItemFactory) in C:\dev\NLog\src\NLog\Layouts\Layout.cs:line 104
   at NLog.Layouts.Layout.FromString(String layoutText) in C:\dev\NLog\src\NLog\Layouts\Layout.cs:line 93
   at NLog.Layouts.Layout.op_Implicit(String text) in C:\dev\NLog\src\NLog\Layouts\Layout.cs:line 83
   at NLog.UnitTests.LayoutRenderers.Rot13Tests.Test4() in C:\dev\NLog\tests\NLog.UnitTests\LayoutRenderers\Rot13Tests.cs:line 73]]></stack-trace>
        </failure>
      </test>
      <test name="NLog.UnitTests.LayoutRenderers.Rot13Tests.Test1" type="NLog.UnitTests.LayoutRenderers.Rot13Tests" method="Test1" time="0.000499" result="Pass" />
      <test name="NLog.UnitTests.LayoutRenderers.ShortDateTests.TwoDigitDayTest" type="NLog.UnitTests.LayoutRenderers.ShortDateTests" method="TwoDigitDayTest" time="0.0008299" result="Pass" />
      <test name="NLog.UnitTests.LayoutRenderers.ShortDateTests.OneDigitDayTest" type="NLog.UnitTests.LayoutRenderers.ShortDateTests" method="OneDigitDayTest" time="0.000158" result="Pass" />
      <test name="NLog.UnitTests.LayoutRenderers.ShortDateTests.ShortDateTest" type="NLog.UnitTests.LayoutRenderers.ShortDateTests" method="ShortDateTest" time="0.0005951" result="Fail">
        <failure exception-type="Xunit.Sdk.NotNullException">
          <message><![CDATA[Assert.NotNull() Failure]]></message>
          <stack-trace><![CDATA[   at NLog.UnitTests.NLogTestBase.GetDebugTarget(String targetName, LoggingConfiguration configuration) in C:\dev\NLog\tests\NLog.UnitTests\NLogTestBase.cs:line 109
   at NLog.UnitTests.NLogTestBase.GetDebugLastMessage(String targetName, LoggingConfiguration configuration) in C:\dev\NLog\tests\NLog.UnitTests\NLogTestBase.cs:line 98
   at NLog.UnitTests.NLogTestBase.GetDebugLastMessage(String targetName) in C:\dev\NLog\tests\NLog.UnitTests\NLogTestBase.cs:line 93
   at NLog.UnitTests.NLogTestBase.AssertDebugLastMessage(String targetName, String msg) in C:\dev\NLog\tests\NLog.UnitTests\NLogTestBase.cs:line 81
   at NLog.UnitTests.LayoutRenderers.ShortDateTests.ShortDateTest() in C:\dev\NLog\tests\NLog.UnitTests\LayoutRenderers\ShortDateTests.cs:line 74]]></stack-trace>
        </failure>
      </test>
      <test name="NLog.UnitTests.LayoutRenderers.ShortDateTests.TwoDigitMonthTest" type="NLog.UnitTests.LayoutRenderers.ShortDateTests" method="TwoDigitMonthTest" time="0.000185" result="Pass" />
      <test name="NLog.UnitTests.LayoutRenderers.ShortDateTests.UniversalTimeTest" type="NLog.UnitTests.LayoutRenderers.ShortDateTests" method="UniversalTimeTest" time="0.0001337" result="Pass" />
      <test name="NLog.UnitTests.LayoutRenderers.ShortDateTests.LocalTimeTest" type="NLog.UnitTests.LayoutRenderers.ShortDateTests" method="LocalTimeTest" time="0.0001149" result="Pass" />
      <test name="NLog.UnitTests.LayoutRenderers.ShortDateTests.OneDigitMonthTest" type="NLog.UnitTests.LayoutRenderers.ShortDateTests" method="OneDigitMonthTest" time="0.0001278" result="Pass" />
      <test name="NLog.UnitTests.LayoutRenderers.TimeTests.LongDateWithPaddingPadLeftAlignRight" type="NLog.UnitTests.LayoutRenderers.TimeTests" method="LongDateWithPaddingPadLeftAlignRight" time="0.0006368" result="Fail">
        <failure exception-type="Xunit.Sdk.NotNullException">
          <message><![CDATA[Assert.NotNull() Failure]]></message>
          <stack-trace><![CDATA[   at NLog.UnitTests.NLogTestBase.GetDebugTarget(String targetName, LoggingConfiguration configuration) in C:\dev\NLog\tests\NLog.UnitTests\NLogTestBase.cs:line 109
   at NLog.UnitTests.NLogTestBase.GetDebugLastMessage(String targetName, LoggingConfiguration configuration) in C:\dev\NLog\tests\NLog.UnitTests\NLogTestBase.cs:line 98
   at NLog.UnitTests.NLogTestBase.GetDebugLastMessage(String targetName) in C:\dev\NLog\tests\NLog.UnitTests\NLogTestBase.cs:line 93
   at NLog.UnitTests.LayoutRenderers.TimeTests.LongDateWithPaddingPadLeftAlignRight() in C:\dev\NLog\tests\NLog.UnitTests\LayoutRenderers\TimeTests.cs:line 109]]></stack-trace>
        </failure>
      </test>
      <test name="NLog.UnitTests.LayoutRenderers.TimeTests.TimeTest" type="NLog.UnitTests.LayoutRenderers.TimeTests" method="TimeTest" time="0.0005745" result="Fail">
        <failure exception-type="Xunit.Sdk.NotNullException">
          <message><![CDATA[Assert.NotNull() Failure]]></message>
          <stack-trace><![CDATA[   at NLog.UnitTests.NLogTestBase.GetDebugTarget(String targetName, LoggingConfiguration configuration) in C:\dev\NLog\tests\NLog.UnitTests\NLogTestBase.cs:line 109
   at NLog.UnitTests.NLogTestBase.GetDebugLastMessage(String targetName, LoggingConfiguration configuration) in C:\dev\NLog\tests\NLog.UnitTests\NLogTestBase.cs:line 98
   at NLog.UnitTests.NLogTestBase.GetDebugLastMessage(String targetName) in C:\dev\NLog\tests\NLog.UnitTests\NLogTestBase.cs:line 93
   at NLog.UnitTests.LayoutRenderers.TimeTests.TimeTest() in C:\dev\NLog\tests\NLog.UnitTests\LayoutRenderers\TimeTests.cs:line 73]]></stack-trace>
        </failure>
      </test>
      <test name="NLog.UnitTests.LayoutRenderers.TimeTests.LongDateWithPaddingPadRightAlignRight" type="NLog.UnitTests.LayoutRenderers.TimeTests" method="LongDateWithPaddingPadRightAlignRight" time="0.0004686" result="Fail">
        <failure exception-type="Xunit.Sdk.NotNullException">
          <message><![CDATA[Assert.NotNull() Failure]]></message>
          <stack-trace><![CDATA[   at NLog.UnitTests.NLogTestBase.GetDebugTarget(String targetName, LoggingConfiguration configuration) in C:\dev\NLog\tests\NLog.UnitTests\NLogTestBase.cs:line 109
   at NLog.UnitTests.NLogTestBase.GetDebugLastMessage(String targetName, LoggingConfiguration configuration) in C:\dev\NLog\tests\NLog.UnitTests\NLogTestBase.cs:line 98
   at NLog.UnitTests.NLogTestBase.GetDebugLastMessage(String targetName) in C:\dev\NLog\tests\NLog.UnitTests\NLogTestBase.cs:line 93
   at NLog.UnitTests.LayoutRenderers.TimeTests.LongDateWithPaddingPadRightAlignRight() in C:\dev\NLog\tests\NLog.UnitTests\LayoutRenderers\TimeTests.cs:line 143]]></stack-trace>
        </failure>
      </test>
      <test name="NLog.UnitTests.LayoutRenderers.TimeTests.LongDateWithPaddingPadLeftAlignLeft" type="NLog.UnitTests.LayoutRenderers.TimeTests" method="LongDateWithPaddingPadLeftAlignLeft" time="0.0004553" result="Fail">
        <failure exception-type="Xunit.Sdk.NotNullException">
          <message><![CDATA[Assert.NotNull() Failure]]></message>
          <stack-trace><![CDATA[   at NLog.UnitTests.NLogTestBase.GetDebugTarget(String targetName, LoggingConfiguration configuration) in C:\dev\NLog\tests\NLog.UnitTests\NLogTestBase.cs:line 109
   at NLog.UnitTests.NLogTestBase.GetDebugLastMessage(String targetName, LoggingConfiguration configuration) in C:\dev\NLog\tests\NLog.UnitTests\NLogTestBase.cs:line 98
   at NLog.UnitTests.NLogTestBase.GetDebugLastMessage(String targetName) in C:\dev\NLog\tests\NLog.UnitTests\NLogTestBase.cs:line 93
   at NLog.UnitTests.LayoutRenderers.TimeTests.LongDateWithPaddingPadLeftAlignLeft() in C:\dev\NLog\tests\NLog.UnitTests\LayoutRenderers\TimeTests.cs:line 92]]></stack-trace>
        </failure>
      </test>
      <test name="NLog.UnitTests.LayoutRenderers.TimeTests.LongDateWithPaddingPadRightAlignLeft" type="NLog.UnitTests.LayoutRenderers.TimeTests" method="LongDateWithPaddingPadRightAlignLeft" time="0.0004575" result="Fail">
        <failure exception-type="Xunit.Sdk.NotNullException">
          <message><![CDATA[Assert.NotNull() Failure]]></message>
          <stack-trace><![CDATA[   at NLog.UnitTests.NLogTestBase.GetDebugTarget(String targetName, LoggingConfiguration configuration) in C:\dev\NLog\tests\NLog.UnitTests\NLogTestBase.cs:line 109
   at NLog.UnitTests.NLogTestBase.GetDebugLastMessage(String targetName, LoggingConfiguration configuration) in C:\dev\NLog\tests\NLog.UnitTests\NLogTestBase.cs:line 98
   at NLog.UnitTests.NLogTestBase.GetDebugLastMessage(String targetName) in C:\dev\NLog\tests\NLog.UnitTests\NLogTestBase.cs:line 93
   at NLog.UnitTests.LayoutRenderers.TimeTests.LongDateWithPaddingPadRightAlignLeft() in C:\dev\NLog\tests\NLog.UnitTests\LayoutRenderers\TimeTests.cs:line 126]]></stack-trace>
        </failure>
      </test>
      <test name="NLog.UnitTests.LayoutRenderers.TimeTests.UniversalTimeTest" type="NLog.UnitTests.LayoutRenderers.TimeTests" method="UniversalTimeTest" time="0.000648" result="Pass" />
      <test name="NLog.UnitTests.LayoutRenderers.TimeTests.LocalTimeTest" type="NLog.UnitTests.LayoutRenderers.TimeTests" method="LocalTimeTest" time="0.0001223" result="Pass" />
      <test name="NLog.UnitTests.LayoutRenderers.VariableLayoutRendererTests.null_should_not_use_default" type="NLog.UnitTests.LayoutRenderers.VariableLayoutRendererTests" method="null_should_not_use_default" time="0" result="Fail">
        <failure exception-type="System.TypeInitializationException">
          <message><![CDATA[System.TypeInitializationException : The type initializer for 'NLog.UnitTests.LayoutRenderers.VariableLayoutRendererTests' threw an exception.
---- System.ArgumentException : LayoutRenderer cannot be found: 'longdate']]></message>
          <stack-trace><![CDATA[   at NLog.UnitTests.LayoutRenderers.VariableLayoutRendererTests..ctor()
----- Inner Stack Trace -----
   at NLog.Config.Factory`2.CreateInstance(String name) in C:\dev\NLog\src\NLog\Config\Factory.cs:line 199
   at NLog.Layouts.LayoutParser.ParseLayoutRenderer(ConfigurationItemFactory configurationItemFactory, SimpleStringReader sr) in C:\dev\NLog\src\NLog\Layouts\LayoutParser.cs:line 345
   at NLog.Layouts.LayoutParser.CompileLayout(ConfigurationItemFactory configurationItemFactory, SimpleStringReader sr, Boolean isNested, String& text) in C:\dev\NLog\src\NLog\Layouts\LayoutParser.cs:line 108
   at NLog.Layouts.SimpleLayout.set_Text(String value) in C:\dev\NLog\src\NLog\Layouts\SimpleLayout.cs:line 119
   at NLog.Layouts.SimpleLayout..ctor(String txt, ConfigurationItemFactory configurationItemFactory) in C:\dev\NLog\src\NLog\Layouts\SimpleLayout.cs:line 88
   at NLog.Layouts.Layout.FromString(String layoutText, ConfigurationItemFactory configurationItemFactory) in C:\dev\NLog\src\NLog\Layouts\Layout.cs:line 104
   at NLog.Layouts.Layout.FromString(String layoutText) in C:\dev\NLog\src\NLog\Layouts\Layout.cs:line 93
   at NLog.Layouts.Layout.op_Implicit(String text) in C:\dev\NLog\src\NLog\Layouts\Layout.cs:line 83
   at NLog.Targets.TargetWithLayout..ctor() in C:\dev\NLog\src\NLog\Targets\TargetWithLayout.cs:line 54
   at NLog.Targets.DebugTarget..ctor() in C:\dev\NLog\src\NLog\Targets\DebugTarget.cs:line 66
   at NLog.UnitTests.LayoutRenderers.VariableLayoutRendererTests..cctor() in C:\dev\NLog\tests\NLog.UnitTests\LayoutRenderers\VariableLayoutRendererTests.cs:line 288]]></stack-trace>
        </failure>
      </test>
      <test name="NLog.UnitTests.LayoutRenderers.VariableLayoutRendererTests.Var_default" type="NLog.UnitTests.LayoutRenderers.VariableLayoutRendererTests" method="Var_default" time="0" result="Fail">
        <failure exception-type="System.TypeInitializationException">
          <message><![CDATA[System.TypeInitializationException : The type initializer for 'NLog.UnitTests.LayoutRenderers.VariableLayoutRendererTests' threw an exception.
---- System.ArgumentException : LayoutRenderer cannot be found: 'longdate']]></message>
          <stack-trace><![CDATA[   at NLog.UnitTests.LayoutRenderers.VariableLayoutRendererTests..ctor()
----- Inner Stack Trace -----
   at NLog.Config.Factory`2.CreateInstance(String name) in C:\dev\NLog\src\NLog\Config\Factory.cs:line 199
   at NLog.Layouts.LayoutParser.ParseLayoutRenderer(ConfigurationItemFactory configurationItemFactory, SimpleStringReader sr) in C:\dev\NLog\src\NLog\Layouts\LayoutParser.cs:line 345
   at NLog.Layouts.LayoutParser.CompileLayout(ConfigurationItemFactory configurationItemFactory, SimpleStringReader sr, Boolean isNested, String& text) in C:\dev\NLog\src\NLog\Layouts\LayoutParser.cs:line 108
   at NLog.Layouts.SimpleLayout.set_Text(String value) in C:\dev\NLog\src\NLog\Layouts\SimpleLayout.cs:line 119
   at NLog.Layouts.SimpleLayout..ctor(String txt, ConfigurationItemFactory configurationItemFactory) in C:\dev\NLog\src\NLog\Layouts\SimpleLayout.cs:line 88
   at NLog.Layouts.Layout.FromString(String layoutText, ConfigurationItemFactory configurationItemFactory) in C:\dev\NLog\src\NLog\Layouts\Layout.cs:line 104
   at NLog.Layouts.Layout.FromString(String layoutText) in C:\dev\NLog\src\NLog\Layouts\Layout.cs:line 93
   at NLog.Layouts.Layout.op_Implicit(String text) in C:\dev\NLog\src\NLog\Layouts\Layout.cs:line 83
   at NLog.Targets.TargetWithLayout..ctor() in C:\dev\NLog\src\NLog\Targets\TargetWithLayout.cs:line 54
   at NLog.Targets.DebugTarget..ctor() in C:\dev\NLog\src\NLog\Targets\DebugTarget.cs:line 66
   at NLog.UnitTests.LayoutRenderers.VariableLayoutRendererTests..cctor() in C:\dev\NLog\tests\NLog.UnitTests\LayoutRenderers\VariableLayoutRendererTests.cs:line 288]]></stack-trace>
        </failure>
      </test>
      <test name="NLog.UnitTests.LayoutRenderers.VariableLayoutRendererTests.Var_default_after_clear" type="NLog.UnitTests.LayoutRenderers.VariableLayoutRendererTests" method="Var_default_after_clear" time="0" result="Fail">
        <failure exception-type="System.TypeInitializationException">
          <message><![CDATA[System.TypeInitializationException : The type initializer for 'NLog.UnitTests.LayoutRenderers.VariableLayoutRendererTests' threw an exception.
---- System.ArgumentException : LayoutRenderer cannot be found: 'longdate']]></message>
          <stack-trace><![CDATA[   at NLog.UnitTests.LayoutRenderers.VariableLayoutRendererTests..ctor()
----- Inner Stack Trace -----
   at NLog.Config.Factory`2.CreateInstance(String name) in C:\dev\NLog\src\NLog\Config\Factory.cs:line 199
   at NLog.Layouts.LayoutParser.ParseLayoutRenderer(ConfigurationItemFactory configurationItemFactory, SimpleStringReader sr) in C:\dev\NLog\src\NLog\Layouts\LayoutParser.cs:line 345
   at NLog.Layouts.LayoutParser.CompileLayout(ConfigurationItemFactory configurationItemFactory, SimpleStringReader sr, Boolean isNested, String& text) in C:\dev\NLog\src\NLog\Layouts\LayoutParser.cs:line 108
   at NLog.Layouts.SimpleLayout.set_Text(String value) in C:\dev\NLog\src\NLog\Layouts\SimpleLayout.cs:line 119
   at NLog.Layouts.SimpleLayout..ctor(String txt, ConfigurationItemFactory configurationItemFactory) in C:\dev\NLog\src\NLog\Layouts\SimpleLayout.cs:line 88
   at NLog.Layouts.Layout.FromString(String layoutText, ConfigurationItemFactory configurationItemFactory) in C:\dev\NLog\src\NLog\Layouts\Layout.cs:line 104
   at NLog.Layouts.Layout.FromString(String layoutText) in C:\dev\NLog\src\NLog\Layouts\Layout.cs:line 93
   at NLog.Layouts.Layout.op_Implicit(String text) in C:\dev\NLog\src\NLog\Layouts\Layout.cs:line 83
   at NLog.Targets.TargetWithLayout..ctor() in C:\dev\NLog\src\NLog\Targets\TargetWithLayout.cs:line 54
   at NLog.Targets.DebugTarget..ctor() in C:\dev\NLog\src\NLog\Targets\DebugTarget.cs:line 66
   at NLog.UnitTests.LayoutRenderers.VariableLayoutRendererTests..cctor() in C:\dev\NLog\tests\NLog.UnitTests\LayoutRenderers\VariableLayoutRendererTests.cs:line 288]]></stack-trace>
        </failure>
      </test>
      <test name="NLog.UnitTests.LayoutRenderers.VariableLayoutRendererTests.Var_default_after_xml_emptyString" type="NLog.UnitTests.LayoutRenderers.VariableLayoutRendererTests" method="Var_default_after_xml_emptyString" time="0" result="Fail">
        <failure exception-type="System.TypeInitializationException">
          <message><![CDATA[System.TypeInitializationException : The type initializer for 'NLog.UnitTests.LayoutRenderers.VariableLayoutRendererTests' threw an exception.
---- System.ArgumentException : LayoutRenderer cannot be found: 'longdate']]></message>
          <stack-trace><![CDATA[   at NLog.UnitTests.LayoutRenderers.VariableLayoutRendererTests..ctor()
----- Inner Stack Trace -----
   at NLog.Config.Factory`2.CreateInstance(String name) in C:\dev\NLog\src\NLog\Config\Factory.cs:line 199
   at NLog.Layouts.LayoutParser.ParseLayoutRenderer(ConfigurationItemFactory configurationItemFactory, SimpleStringReader sr) in C:\dev\NLog\src\NLog\Layouts\LayoutParser.cs:line 345
   at NLog.Layouts.LayoutParser.CompileLayout(ConfigurationItemFactory configurationItemFactory, SimpleStringReader sr, Boolean isNested, String& text) in C:\dev\NLog\src\NLog\Layouts\LayoutParser.cs:line 108
   at NLog.Layouts.SimpleLayout.set_Text(String value) in C:\dev\NLog\src\NLog\Layouts\SimpleLayout.cs:line 119
   at NLog.Layouts.SimpleLayout..ctor(String txt, ConfigurationItemFactory configurationItemFactory) in C:\dev\NLog\src\NLog\Layouts\SimpleLayout.cs:line 88
   at NLog.Layouts.Layout.FromString(String layoutText, ConfigurationItemFactory configurationItemFactory) in C:\dev\NLog\src\NLog\Layouts\Layout.cs:line 104
   at NLog.Layouts.Layout.FromString(String layoutText) in C:\dev\NLog\src\NLog\Layouts\Layout.cs:line 93
   at NLog.Layouts.Layout.op_Implicit(String text) in C:\dev\NLog\src\NLog\Layouts\Layout.cs:line 83
   at NLog.Targets.TargetWithLayout..ctor() in C:\dev\NLog\src\NLog\Targets\TargetWithLayout.cs:line 54
   at NLog.Targets.DebugTarget..ctor() in C:\dev\NLog\src\NLog\Targets\DebugTarget.cs:line 66
   at NLog.UnitTests.LayoutRenderers.VariableLayoutRendererTests..cctor() in C:\dev\NLog\tests\NLog.UnitTests\LayoutRenderers\VariableLayoutRendererTests.cs:line 288]]></stack-trace>
        </failure>
      </test>
      <test name="NLog.UnitTests.LayoutRenderers.VariableLayoutRendererTests.Var_from_xml_and_edit" type="NLog.UnitTests.LayoutRenderers.VariableLayoutRendererTests" method="Var_from_xml_and_edit" time="0" result="Fail">
        <failure exception-type="System.TypeInitializationException">
          <message><![CDATA[System.TypeInitializationException : The type initializer for 'NLog.UnitTests.LayoutRenderers.VariableLayoutRendererTests' threw an exception.
---- System.ArgumentException : LayoutRenderer cannot be found: 'longdate']]></message>
          <stack-trace><![CDATA[   at NLog.UnitTests.LayoutRenderers.VariableLayoutRendererTests..ctor()
----- Inner Stack Trace -----
   at NLog.Config.Factory`2.CreateInstance(String name) in C:\dev\NLog\src\NLog\Config\Factory.cs:line 199
   at NLog.Layouts.LayoutParser.ParseLayoutRenderer(ConfigurationItemFactory configurationItemFactory, SimpleStringReader sr) in C:\dev\NLog\src\NLog\Layouts\LayoutParser.cs:line 345
   at NLog.Layouts.LayoutParser.CompileLayout(ConfigurationItemFactory configurationItemFactory, SimpleStringReader sr, Boolean isNested, String& text) in C:\dev\NLog\src\NLog\Layouts\LayoutParser.cs:line 108
   at NLog.Layouts.SimpleLayout.set_Text(String value) in C:\dev\NLog\src\NLog\Layouts\SimpleLayout.cs:line 119
   at NLog.Layouts.SimpleLayout..ctor(String txt, ConfigurationItemFactory configurationItemFactory) in C:\dev\NLog\src\NLog\Layouts\SimpleLayout.cs:line 88
   at NLog.Layouts.Layout.FromString(String layoutText, ConfigurationItemFactory configurationItemFactory) in C:\dev\NLog\src\NLog\Layouts\Layout.cs:line 104
   at NLog.Layouts.Layout.FromString(String layoutText) in C:\dev\NLog\src\NLog\Layouts\Layout.cs:line 93
   at NLog.Layouts.Layout.op_Implicit(String text) in C:\dev\NLog\src\NLog\Layouts\Layout.cs:line 83
   at NLog.Targets.TargetWithLayout..ctor() in C:\dev\NLog\src\NLog\Targets\TargetWithLayout.cs:line 54
   at NLog.Targets.DebugTarget..ctor() in C:\dev\NLog\src\NLog\Targets\DebugTarget.cs:line 66
   at NLog.UnitTests.LayoutRenderers.VariableLayoutRendererTests..cctor() in C:\dev\NLog\tests\NLog.UnitTests\LayoutRenderers\VariableLayoutRendererTests.cs:line 288]]></stack-trace>
        </failure>
      </test>
      <test name="NLog.UnitTests.LayoutRenderers.VariableLayoutRendererTests.Var_with_layout_renderers" type="NLog.UnitTests.LayoutRenderers.VariableLayoutRendererTests" method="Var_with_layout_renderers" time="0" result="Fail">
        <failure exception-type="System.TypeInitializationException">
          <message><![CDATA[System.TypeInitializationException : The type initializer for 'NLog.UnitTests.LayoutRenderers.VariableLayoutRendererTests' threw an exception.
---- System.ArgumentException : LayoutRenderer cannot be found: 'longdate']]></message>
          <stack-trace><![CDATA[   at NLog.UnitTests.LayoutRenderers.VariableLayoutRendererTests..ctor()
----- Inner Stack Trace -----
   at NLog.Config.Factory`2.CreateInstance(String name) in C:\dev\NLog\src\NLog\Config\Factory.cs:line 199
   at NLog.Layouts.LayoutParser.ParseLayoutRenderer(ConfigurationItemFactory configurationItemFactory, SimpleStringReader sr) in C:\dev\NLog\src\NLog\Layouts\LayoutParser.cs:line 345
   at NLog.Layouts.LayoutParser.CompileLayout(ConfigurationItemFactory configurationItemFactory, SimpleStringReader sr, Boolean isNested, String& text) in C:\dev\NLog\src\NLog\Layouts\LayoutParser.cs:line 108
   at NLog.Layouts.SimpleLayout.set_Text(String value) in C:\dev\NLog\src\NLog\Layouts\SimpleLayout.cs:line 119
   at NLog.Layouts.SimpleLayout..ctor(String txt, ConfigurationItemFactory configurationItemFactory) in C:\dev\NLog\src\NLog\Layouts\SimpleLayout.cs:line 88
   at NLog.Layouts.Layout.FromString(String layoutText, ConfigurationItemFactory configurationItemFactory) in C:\dev\NLog\src\NLog\Layouts\Layout.cs:line 104
   at NLog.Layouts.Layout.FromString(String layoutText) in C:\dev\NLog\src\NLog\Layouts\Layout.cs:line 93
   at NLog.Layouts.Layout.op_Implicit(String text) in C:\dev\NLog\src\NLog\Layouts\Layout.cs:line 83
   at NLog.Targets.TargetWithLayout..ctor() in C:\dev\NLog\src\NLog\Targets\TargetWithLayout.cs:line 54
   at NLog.Targets.DebugTarget..ctor() in C:\dev\NLog\src\NLog\Targets\DebugTarget.cs:line 66
   at NLog.UnitTests.LayoutRenderers.VariableLayoutRendererTests..cctor() in C:\dev\NLog\tests\NLog.UnitTests\LayoutRenderers\VariableLayoutRendererTests.cs:line 288]]></stack-trace>
        </failure>
      </test>
      <test name="NLog.UnitTests.LayoutRenderers.VariableLayoutRendererTests.Var_from_xml" type="NLog.UnitTests.LayoutRenderers.VariableLayoutRendererTests" method="Var_from_xml" time="0" result="Fail">
        <failure exception-type="System.TypeInitializationException">
          <message><![CDATA[System.TypeInitializationException : The type initializer for 'NLog.UnitTests.LayoutRenderers.VariableLayoutRendererTests' threw an exception.
---- System.ArgumentException : LayoutRenderer cannot be found: 'longdate']]></message>
          <stack-trace><![CDATA[   at NLog.UnitTests.LayoutRenderers.VariableLayoutRendererTests..ctor()
----- Inner Stack Trace -----
   at NLog.Config.Factory`2.CreateInstance(String name) in C:\dev\NLog\src\NLog\Config\Factory.cs:line 199
   at NLog.Layouts.LayoutParser.ParseLayoutRenderer(ConfigurationItemFactory configurationItemFactory, SimpleStringReader sr) in C:\dev\NLog\src\NLog\Layouts\LayoutParser.cs:line 345
   at NLog.Layouts.LayoutParser.CompileLayout(ConfigurationItemFactory configurationItemFactory, SimpleStringReader sr, Boolean isNested, String& text) in C:\dev\NLog\src\NLog\Layouts\LayoutParser.cs:line 108
   at NLog.Layouts.SimpleLayout.set_Text(String value) in C:\dev\NLog\src\NLog\Layouts\SimpleLayout.cs:line 119
   at NLog.Layouts.SimpleLayout..ctor(String txt, ConfigurationItemFactory configurationItemFactory) in C:\dev\NLog\src\NLog\Layouts\SimpleLayout.cs:line 88
   at NLog.Layouts.Layout.FromString(String layoutText, ConfigurationItemFactory configurationItemFactory) in C:\dev\NLog\src\NLog\Layouts\Layout.cs:line 104
   at NLog.Layouts.Layout.FromString(String layoutText) in C:\dev\NLog\src\NLog\Layouts\Layout.cs:line 93
   at NLog.Layouts.Layout.op_Implicit(String text) in C:\dev\NLog\src\NLog\Layouts\Layout.cs:line 83
   at NLog.Targets.TargetWithLayout..ctor() in C:\dev\NLog\src\NLog\Targets\TargetWithLayout.cs:line 54
   at NLog.Targets.DebugTarget..ctor() in C:\dev\NLog\src\NLog\Targets\DebugTarget.cs:line 66
   at NLog.UnitTests.LayoutRenderers.VariableLayoutRendererTests..cctor() in C:\dev\NLog\tests\NLog.UnitTests\LayoutRenderers\VariableLayoutRendererTests.cs:line 288]]></stack-trace>
        </failure>
      </test>
      <test name="NLog.UnitTests.LayoutRenderers.VariableLayoutRendererTests.notset_should_use_default" type="NLog.UnitTests.LayoutRenderers.VariableLayoutRendererTests" method="notset_should_use_default" time="0" result="Fail">
        <failure exception-type="System.TypeInitializationException">
          <message><![CDATA[System.TypeInitializationException : The type initializer for 'NLog.UnitTests.LayoutRenderers.VariableLayoutRendererTests' threw an exception.
---- System.ArgumentException : LayoutRenderer cannot be found: 'longdate']]></message>
          <stack-trace><![CDATA[   at NLog.UnitTests.LayoutRenderers.VariableLayoutRendererTests..ctor()
----- Inner Stack Trace -----
   at NLog.Config.Factory`2.CreateInstance(String name) in C:\dev\NLog\src\NLog\Config\Factory.cs:line 199
   at NLog.Layouts.LayoutParser.ParseLayoutRenderer(ConfigurationItemFactory configurationItemFactory, SimpleStringReader sr) in C:\dev\NLog\src\NLog\Layouts\LayoutParser.cs:line 345
   at NLog.Layouts.LayoutParser.CompileLayout(ConfigurationItemFactory configurationItemFactory, SimpleStringReader sr, Boolean isNested, String& text) in C:\dev\NLog\src\NLog\Layouts\LayoutParser.cs:line 108
   at NLog.Layouts.SimpleLayout.set_Text(String value) in C:\dev\NLog\src\NLog\Layouts\SimpleLayout.cs:line 119
   at NLog.Layouts.SimpleLayout..ctor(String txt, ConfigurationItemFactory configurationItemFactory) in C:\dev\NLog\src\NLog\Layouts\SimpleLayout.cs:line 88
   at NLog.Layouts.Layout.FromString(String layoutText, ConfigurationItemFactory configurationItemFactory) in C:\dev\NLog\src\NLog\Layouts\Layout.cs:line 104
   at NLog.Layouts.Layout.FromString(String layoutText) in C:\dev\NLog\src\NLog\Layouts\Layout.cs:line 93
   at NLog.Layouts.Layout.op_Implicit(String text) in C:\dev\NLog\src\NLog\Layouts\Layout.cs:line 83
   at NLog.Targets.TargetWithLayout..ctor() in C:\dev\NLog\src\NLog\Targets\TargetWithLayout.cs:line 54
   at NLog.Targets.DebugTarget..ctor() in C:\dev\NLog\src\NLog\Targets\DebugTarget.cs:line 66
   at NLog.UnitTests.LayoutRenderers.VariableLayoutRendererTests..cctor() in C:\dev\NLog\tests\NLog.UnitTests\LayoutRenderers\VariableLayoutRendererTests.cs:line 288]]></stack-trace>
        </failure>
      </test>
      <test name="NLog.UnitTests.LayoutRenderers.VariableLayoutRendererTests.Var_default_after_set_emptyString" type="NLog.UnitTests.LayoutRenderers.VariableLayoutRendererTests" method="Var_default_after_set_emptyString" time="0" result="Fail">
        <failure exception-type="System.TypeInitializationException">
          <message><![CDATA[System.TypeInitializationException : The type initializer for 'NLog.UnitTests.LayoutRenderers.VariableLayoutRendererTests' threw an exception.
---- System.ArgumentException : LayoutRenderer cannot be found: 'longdate']]></message>
          <stack-trace><![CDATA[   at NLog.UnitTests.LayoutRenderers.VariableLayoutRendererTests..ctor()
----- Inner Stack Trace -----
   at NLog.Config.Factory`2.CreateInstance(String name) in C:\dev\NLog\src\NLog\Config\Factory.cs:line 199
   at NLog.Layouts.LayoutParser.ParseLayoutRenderer(ConfigurationItemFactory configurationItemFactory, SimpleStringReader sr) in C:\dev\NLog\src\NLog\Layouts\LayoutParser.cs:line 345
   at NLog.Layouts.LayoutParser.CompileLayout(ConfigurationItemFactory configurationItemFactory, SimpleStringReader sr, Boolean isNested, String& text) in C:\dev\NLog\src\NLog\Layouts\LayoutParser.cs:line 108
   at NLog.Layouts.SimpleLayout.set_Text(String value) in C:\dev\NLog\src\NLog\Layouts\SimpleLayout.cs:line 119
   at NLog.Layouts.SimpleLayout..ctor(String txt, ConfigurationItemFactory configurationItemFactory) in C:\dev\NLog\src\NLog\Layouts\SimpleLayout.cs:line 88
   at NLog.Layouts.Layout.FromString(String layoutText, ConfigurationItemFactory configurationItemFactory) in C:\dev\NLog\src\NLog\Layouts\Layout.cs:line 104
   at NLog.Layouts.Layout.FromString(String layoutText) in C:\dev\NLog\src\NLog\Layouts\Layout.cs:line 93
   at NLog.Layouts.Layout.op_Implicit(String text) in C:\dev\NLog\src\NLog\Layouts\Layout.cs:line 83
   at NLog.Targets.TargetWithLayout..ctor() in C:\dev\NLog\src\NLog\Targets\TargetWithLayout.cs:line 54
   at NLog.Targets.DebugTarget..ctor() in C:\dev\NLog\src\NLog\Targets\DebugTarget.cs:line 66
   at NLog.UnitTests.LayoutRenderers.VariableLayoutRendererTests..cctor() in C:\dev\NLog\tests\NLog.UnitTests\LayoutRenderers\VariableLayoutRendererTests.cs:line 288]]></stack-trace>
        </failure>
      </test>
      <test name="NLog.UnitTests.LayoutRenderers.VariableLayoutRendererTests.Var_from_api" type="NLog.UnitTests.LayoutRenderers.VariableLayoutRendererTests" method="Var_from_api" time="0" result="Fail">
        <failure exception-type="System.TypeInitializationException">
          <message><![CDATA[System.TypeInitializationException : The type initializer for 'NLog.UnitTests.LayoutRenderers.VariableLayoutRendererTests' threw an exception.
---- System.ArgumentException : LayoutRenderer cannot be found: 'longdate']]></message>
          <stack-trace><![CDATA[   at NLog.UnitTests.LayoutRenderers.VariableLayoutRendererTests..ctor()
----- Inner Stack Trace -----
   at NLog.Config.Factory`2.CreateInstance(String name) in C:\dev\NLog\src\NLog\Config\Factory.cs:line 199
   at NLog.Layouts.LayoutParser.ParseLayoutRenderer(ConfigurationItemFactory configurationItemFactory, SimpleStringReader sr) in C:\dev\NLog\src\NLog\Layouts\LayoutParser.cs:line 345
   at NLog.Layouts.LayoutParser.CompileLayout(ConfigurationItemFactory configurationItemFactory, SimpleStringReader sr, Boolean isNested, String& text) in C:\dev\NLog\src\NLog\Layouts\LayoutParser.cs:line 108
   at NLog.Layouts.SimpleLayout.set_Text(String value) in C:\dev\NLog\src\NLog\Layouts\SimpleLayout.cs:line 119
   at NLog.Layouts.SimpleLayout..ctor(String txt, ConfigurationItemFactory configurationItemFactory) in C:\dev\NLog\src\NLog\Layouts\SimpleLayout.cs:line 88
   at NLog.Layouts.Layout.FromString(String layoutText, ConfigurationItemFactory configurationItemFactory) in C:\dev\NLog\src\NLog\Layouts\Layout.cs:line 104
   at NLog.Layouts.Layout.FromString(String layoutText) in C:\dev\NLog\src\NLog\Layouts\Layout.cs:line 93
   at NLog.Layouts.Layout.op_Implicit(String text) in C:\dev\NLog\src\NLog\Layouts\Layout.cs:line 83
   at NLog.Targets.TargetWithLayout..ctor() in C:\dev\NLog\src\NLog\Targets\TargetWithLayout.cs:line 54
   at NLog.Targets.DebugTarget..ctor() in C:\dev\NLog\src\NLog\Targets\DebugTarget.cs:line 66
   at NLog.UnitTests.LayoutRenderers.VariableLayoutRendererTests..cctor() in C:\dev\NLog\tests\NLog.UnitTests\LayoutRenderers\VariableLayoutRendererTests.cs:line 288]]></stack-trace>
        </failure>
      </test>
      <test name="NLog.UnitTests.LayoutRenderers.VariableLayoutRendererTests.Var_default_after_set_null" type="NLog.UnitTests.LayoutRenderers.VariableLayoutRendererTests" method="Var_default_after_set_null" time="0" result="Fail">
        <failure exception-type="System.TypeInitializationException">
          <message><![CDATA[System.TypeInitializationException : The type initializer for 'NLog.UnitTests.LayoutRenderers.VariableLayoutRendererTests' threw an exception.
---- System.ArgumentException : LayoutRenderer cannot be found: 'longdate']]></message>
          <stack-trace><![CDATA[   at NLog.UnitTests.LayoutRenderers.VariableLayoutRendererTests..ctor()
----- Inner Stack Trace -----
   at NLog.Config.Factory`2.CreateInstance(String name) in C:\dev\NLog\src\NLog\Config\Factory.cs:line 199
   at NLog.Layouts.LayoutParser.ParseLayoutRenderer(ConfigurationItemFactory configurationItemFactory, SimpleStringReader sr) in C:\dev\NLog\src\NLog\Layouts\LayoutParser.cs:line 345
   at NLog.Layouts.LayoutParser.CompileLayout(ConfigurationItemFactory configurationItemFactory, SimpleStringReader sr, Boolean isNested, String& text) in C:\dev\NLog\src\NLog\Layouts\LayoutParser.cs:line 108
   at NLog.Layouts.SimpleLayout.set_Text(String value) in C:\dev\NLog\src\NLog\Layouts\SimpleLayout.cs:line 119
   at NLog.Layouts.SimpleLayout..ctor(String txt, ConfigurationItemFactory configurationItemFactory) in C:\dev\NLog\src\NLog\Layouts\SimpleLayout.cs:line 88
   at NLog.Layouts.Layout.FromString(String layoutText, ConfigurationItemFactory configurationItemFactory) in C:\dev\NLog\src\NLog\Layouts\Layout.cs:line 104
   at NLog.Layouts.Layout.FromString(String layoutText) in C:\dev\NLog\src\NLog\Layouts\Layout.cs:line 93
   at NLog.Layouts.Layout.op_Implicit(String text) in C:\dev\NLog\src\NLog\Layouts\Layout.cs:line 83
   at NLog.Targets.TargetWithLayout..ctor() in C:\dev\NLog\src\NLog\Targets\TargetWithLayout.cs:line 54
   at NLog.Targets.DebugTarget..ctor() in C:\dev\NLog\src\NLog\Targets\DebugTarget.cs:line 66
   at NLog.UnitTests.LayoutRenderers.VariableLayoutRendererTests..cctor() in C:\dev\NLog\tests\NLog.UnitTests\LayoutRenderers\VariableLayoutRendererTests.cs:line 288]]></stack-trace>
        </failure>
      </test>
      <test name="NLog.UnitTests.LayoutRenderers.VariableLayoutRendererTests.null_should_be_ok" type="NLog.UnitTests.LayoutRenderers.VariableLayoutRendererTests" method="null_should_be_ok" time="0" result="Fail">
        <failure exception-type="System.TypeInitializationException">
          <message><![CDATA[System.TypeInitializationException : The type initializer for 'NLog.UnitTests.LayoutRenderers.VariableLayoutRendererTests' threw an exception.
---- System.ArgumentException : LayoutRenderer cannot be found: 'longdate']]></message>
          <stack-trace><![CDATA[   at NLog.UnitTests.LayoutRenderers.VariableLayoutRendererTests..ctor()
----- Inner Stack Trace -----
   at NLog.Config.Factory`2.CreateInstance(String name) in C:\dev\NLog\src\NLog\Config\Factory.cs:line 199
   at NLog.Layouts.LayoutParser.ParseLayoutRenderer(ConfigurationItemFactory configurationItemFactory, SimpleStringReader sr) in C:\dev\NLog\src\NLog\Layouts\LayoutParser.cs:line 345
   at NLog.Layouts.LayoutParser.CompileLayout(ConfigurationItemFactory configurationItemFactory, SimpleStringReader sr, Boolean isNested, String& text) in C:\dev\NLog\src\NLog\Layouts\LayoutParser.cs:line 108
   at NLog.Layouts.SimpleLayout.set_Text(String value) in C:\dev\NLog\src\NLog\Layouts\SimpleLayout.cs:line 119
   at NLog.Layouts.SimpleLayout..ctor(String txt, ConfigurationItemFactory configurationItemFactory) in C:\dev\NLog\src\NLog\Layouts\SimpleLayout.cs:line 88
   at NLog.Layouts.Layout.FromString(String layoutText, ConfigurationItemFactory configurationItemFactory) in C:\dev\NLog\src\NLog\Layouts\Layout.cs:line 104
   at NLog.Layouts.Layout.FromString(String layoutText) in C:\dev\NLog\src\NLog\Layouts\Layout.cs:line 93
   at NLog.Layouts.Layout.op_Implicit(String text) in C:\dev\NLog\src\NLog\Layouts\Layout.cs:line 83
   at NLog.Targets.TargetWithLayout..ctor() in C:\dev\NLog\src\NLog\Targets\TargetWithLayout.cs:line 54
   at NLog.Targets.DebugTarget..ctor() in C:\dev\NLog\src\NLog\Targets\DebugTarget.cs:line 66
   at NLog.UnitTests.LayoutRenderers.VariableLayoutRendererTests..cctor() in C:\dev\NLog\tests\NLog.UnitTests\LayoutRenderers\VariableLayoutRendererTests.cs:line 288]]></stack-trace>
        </failure>
      </test>
      <test name="NLog.UnitTests.LayoutRenderers.VariableLayoutRendererTests.Var_with_other_var" type="NLog.UnitTests.LayoutRenderers.VariableLayoutRendererTests" method="Var_with_other_var" time="0" result="Fail">
        <failure exception-type="System.TypeInitializationException">
          <message><![CDATA[System.TypeInitializationException : The type initializer for 'NLog.UnitTests.LayoutRenderers.VariableLayoutRendererTests' threw an exception.
---- System.ArgumentException : LayoutRenderer cannot be found: 'longdate']]></message>
          <stack-trace><![CDATA[   at NLog.UnitTests.LayoutRenderers.VariableLayoutRendererTests..ctor()
----- Inner Stack Trace -----
   at NLog.Config.Factory`2.CreateInstance(String name) in C:\dev\NLog\src\NLog\Config\Factory.cs:line 199
   at NLog.Layouts.LayoutParser.ParseLayoutRenderer(ConfigurationItemFactory configurationItemFactory, SimpleStringReader sr) in C:\dev\NLog\src\NLog\Layouts\LayoutParser.cs:line 345
   at NLog.Layouts.LayoutParser.CompileLayout(ConfigurationItemFactory configurationItemFactory, SimpleStringReader sr, Boolean isNested, String& text) in C:\dev\NLog\src\NLog\Layouts\LayoutParser.cs:line 108
   at NLog.Layouts.SimpleLayout.set_Text(String value) in C:\dev\NLog\src\NLog\Layouts\SimpleLayout.cs:line 119
   at NLog.Layouts.SimpleLayout..ctor(String txt, ConfigurationItemFactory configurationItemFactory) in C:\dev\NLog\src\NLog\Layouts\SimpleLayout.cs:line 88
   at NLog.Layouts.Layout.FromString(String layoutText, ConfigurationItemFactory configurationItemFactory) in C:\dev\NLog\src\NLog\Layouts\Layout.cs:line 104
   at NLog.Layouts.Layout.FromString(String layoutText) in C:\dev\NLog\src\NLog\Layouts\Layout.cs:line 93
   at NLog.Layouts.Layout.op_Implicit(String text) in C:\dev\NLog\src\NLog\Layouts\Layout.cs:line 83
   at NLog.Targets.TargetWithLayout..ctor() in C:\dev\NLog\src\NLog\Targets\TargetWithLayout.cs:line 54
   at NLog.Targets.DebugTarget..ctor() in C:\dev\NLog\src\NLog\Targets\DebugTarget.cs:line 66
   at NLog.UnitTests.LayoutRenderers.VariableLayoutRendererTests..cctor() in C:\dev\NLog\tests\NLog.UnitTests\LayoutRenderers\VariableLayoutRendererTests.cs:line 288]]></stack-trace>
        </failure>
      </test>
      <test name="NLog.UnitTests.LayoutRenderers.VariableLayoutRendererTests.test_with_mockLogManager" type="NLog.UnitTests.LayoutRenderers.VariableLayoutRendererTests" method="test_with_mockLogManager" time="0" result="Fail">
        <failure exception-type="System.TypeInitializationException">
          <message><![CDATA[System.TypeInitializationException : The type initializer for 'NLog.UnitTests.LayoutRenderers.VariableLayoutRendererTests' threw an exception.
---- System.ArgumentException : LayoutRenderer cannot be found: 'longdate']]></message>
          <stack-trace><![CDATA[   at NLog.UnitTests.LayoutRenderers.VariableLayoutRendererTests..ctor()
----- Inner Stack Trace -----
   at NLog.Config.Factory`2.CreateInstance(String name) in C:\dev\NLog\src\NLog\Config\Factory.cs:line 199
   at NLog.Layouts.LayoutParser.ParseLayoutRenderer(ConfigurationItemFactory configurationItemFactory, SimpleStringReader sr) in C:\dev\NLog\src\NLog\Layouts\LayoutParser.cs:line 345
   at NLog.Layouts.LayoutParser.CompileLayout(ConfigurationItemFactory configurationItemFactory, SimpleStringReader sr, Boolean isNested, String& text) in C:\dev\NLog\src\NLog\Layouts\LayoutParser.cs:line 108
   at NLog.Layouts.SimpleLayout.set_Text(String value) in C:\dev\NLog\src\NLog\Layouts\SimpleLayout.cs:line 119
   at NLog.Layouts.SimpleLayout..ctor(String txt, ConfigurationItemFactory configurationItemFactory) in C:\dev\NLog\src\NLog\Layouts\SimpleLayout.cs:line 88
   at NLog.Layouts.Layout.FromString(String layoutText, ConfigurationItemFactory configurationItemFactory) in C:\dev\NLog\src\NLog\Layouts\Layout.cs:line 104
   at NLog.Layouts.Layout.FromString(String layoutText) in C:\dev\NLog\src\NLog\Layouts\Layout.cs:line 93
   at NLog.Layouts.Layout.op_Implicit(String text) in C:\dev\NLog\src\NLog\Layouts\Layout.cs:line 83
   at NLog.Targets.TargetWithLayout..ctor() in C:\dev\NLog\src\NLog\Targets\TargetWithLayout.cs:line 54
   at NLog.Targets.DebugTarget..ctor() in C:\dev\NLog\src\NLog\Targets\DebugTarget.cs:line 66
   at NLog.UnitTests.LayoutRenderers.VariableLayoutRendererTests..cctor() in C:\dev\NLog\tests\NLog.UnitTests\LayoutRenderers\VariableLayoutRendererTests.cs:line 288]]></stack-trace>
        </failure>
      </test>
      <test name="NLog.UnitTests.LayoutRenderers.Wrappers.CachedTests.CachedLayoutRendererWrapper" type="NLog.UnitTests.LayoutRenderers.Wrappers.CachedTests" method="CachedLayoutRendererWrapper" time="0.0013241" result="Fail">
        <failure exception-type="System.ArgumentException">
          <message><![CDATA[System.ArgumentException : LayoutRenderer cannot be found: 'guid']]></message>
          <stack-trace><![CDATA[   at NLog.Config.Factory`2.CreateInstance(String name) in C:\dev\NLog\src\NLog\Config\Factory.cs:line 199
   at NLog.Layouts.LayoutParser.ParseLayoutRenderer(ConfigurationItemFactory configurationItemFactory, SimpleStringReader sr) in C:\dev\NLog\src\NLog\Layouts\LayoutParser.cs:line 345
   at NLog.Layouts.LayoutParser.CompileLayout(ConfigurationItemFactory configurationItemFactory, SimpleStringReader sr, Boolean isNested, String& text) in C:\dev\NLog\src\NLog\Layouts\LayoutParser.cs:line 108
   at NLog.Layouts.SimpleLayout.set_Text(String value) in C:\dev\NLog\src\NLog\Layouts\SimpleLayout.cs:line 119
   at NLog.Layouts.SimpleLayout..ctor(String txt, ConfigurationItemFactory configurationItemFactory) in C:\dev\NLog\src\NLog\Layouts\SimpleLayout.cs:line 88
   at NLog.Layouts.SimpleLayout..ctor(String txt) in C:\dev\NLog\src\NLog\Layouts\SimpleLayout.cs:line 76
   at NLog.Layouts.SimpleLayout.op_Implicit(String text) in C:\dev\NLog\src\NLog\Layouts\SimpleLayout.cs:line 156
   at NLog.UnitTests.LayoutRenderers.Wrappers.CachedTests.CachedLayoutRendererWrapper() in C:\dev\NLog\tests\NLog.UnitTests\LayoutRenderers\Wrappers\CachedTests.cs:line 45]]></stack-trace>
        </failure>
      </test>
      <test name="NLog.UnitTests.LayoutRenderers.Wrappers.OnExceptionTests.OnExceptionTest1" type="NLog.UnitTests.LayoutRenderers.Wrappers.OnExceptionTests" method="OnExceptionTest1" time="0.0005205" result="Fail">
        <failure exception-type="System.ArgumentException">
          <message><![CDATA[System.ArgumentException : LayoutRenderer cannot be found: 'message']]></message>
          <stack-trace><![CDATA[   at NLog.Config.Factory`2.CreateInstance(String name) in C:\dev\NLog\src\NLog\Config\Factory.cs:line 199
   at NLog.Layouts.LayoutParser.ParseLayoutRenderer(ConfigurationItemFactory configurationItemFactory, SimpleStringReader sr) in C:\dev\NLog\src\NLog\Layouts\LayoutParser.cs:line 345
   at NLog.Layouts.LayoutParser.CompileLayout(ConfigurationItemFactory configurationItemFactory, SimpleStringReader sr, Boolean isNested, String& text) in C:\dev\NLog\src\NLog\Layouts\LayoutParser.cs:line 108
   at NLog.Layouts.SimpleLayout.set_Text(String value) in C:\dev\NLog\src\NLog\Layouts\SimpleLayout.cs:line 119
   at NLog.Layouts.SimpleLayout..ctor(String txt, ConfigurationItemFactory configurationItemFactory) in C:\dev\NLog\src\NLog\Layouts\SimpleLayout.cs:line 88
   at NLog.Layouts.SimpleLayout..ctor(String txt) in C:\dev\NLog\src\NLog\Layouts\SimpleLayout.cs:line 76
   at NLog.Layouts.SimpleLayout.op_Implicit(String text) in C:\dev\NLog\src\NLog\Layouts\SimpleLayout.cs:line 156
   at NLog.UnitTests.LayoutRenderers.Wrappers.OnExceptionTests.OnExceptionTest1() in C:\dev\NLog\tests\NLog.UnitTests\LayoutRenderers\Wrappers\OnExceptionTests.cs:line 46]]></stack-trace>
        </failure>
      </test>
      <test name="NLog.UnitTests.LayoutRenderers.Wrappers.PaddingTests.PositivePaddingWithLeftAlign" type="NLog.UnitTests.LayoutRenderers.Wrappers.PaddingTests" method="PositivePaddingWithLeftAlign" time="0.0005306" result="Fail">
        <failure exception-type="System.ArgumentException">
          <message><![CDATA[System.ArgumentException : LayoutRenderer cannot be found: 'message']]></message>
          <stack-trace><![CDATA[   at NLog.Config.Factory`2.CreateInstance(String name) in C:\dev\NLog\src\NLog\Config\Factory.cs:line 199
   at NLog.Layouts.LayoutParser.ParseLayoutRenderer(ConfigurationItemFactory configurationItemFactory, SimpleStringReader sr) in C:\dev\NLog\src\NLog\Layouts\LayoutParser.cs:line 345
   at NLog.Layouts.LayoutParser.CompileLayout(ConfigurationItemFactory configurationItemFactory, SimpleStringReader sr, Boolean isNested, String& text) in C:\dev\NLog\src\NLog\Layouts\LayoutParser.cs:line 108
   at NLog.Layouts.SimpleLayout.set_Text(String value) in C:\dev\NLog\src\NLog\Layouts\SimpleLayout.cs:line 119
   at NLog.Layouts.SimpleLayout..ctor(String txt, ConfigurationItemFactory configurationItemFactory) in C:\dev\NLog\src\NLog\Layouts\SimpleLayout.cs:line 88
   at NLog.Layouts.SimpleLayout..ctor(String txt) in C:\dev\NLog\src\NLog\Layouts\SimpleLayout.cs:line 76
   at NLog.Layouts.SimpleLayout.op_Implicit(String text) in C:\dev\NLog\src\NLog\Layouts\SimpleLayout.cs:line 156
   at NLog.UnitTests.LayoutRenderers.Wrappers.PaddingTests.PositivePaddingWithLeftAlign() in C:\dev\NLog\tests\NLog.UnitTests\LayoutRenderers\Wrappers\PaddingTests.cs:line 49]]></stack-trace>
        </failure>
      </test>
      <test name="NLog.UnitTests.LayoutRenderers.Wrappers.PaddingTests.NegativePaddingWithRightAlign" type="NLog.UnitTests.LayoutRenderers.Wrappers.PaddingTests" method="NegativePaddingWithRightAlign" time="0.0004113" result="Fail">
        <failure exception-type="System.ArgumentException">
          <message><![CDATA[System.ArgumentException : LayoutRenderer cannot be found: 'message']]></message>
          <stack-trace><![CDATA[   at NLog.Config.Factory`2.CreateInstance(String name) in C:\dev\NLog\src\NLog\Config\Factory.cs:line 199
   at NLog.Layouts.LayoutParser.ParseLayoutRenderer(ConfigurationItemFactory configurationItemFactory, SimpleStringReader sr) in C:\dev\NLog\src\NLog\Layouts\LayoutParser.cs:line 345
   at NLog.Layouts.LayoutParser.CompileLayout(ConfigurationItemFactory configurationItemFactory, SimpleStringReader sr, Boolean isNested, String& text) in C:\dev\NLog\src\NLog\Layouts\LayoutParser.cs:line 108
   at NLog.Layouts.SimpleLayout.set_Text(String value) in C:\dev\NLog\src\NLog\Layouts\SimpleLayout.cs:line 119
   at NLog.Layouts.SimpleLayout..ctor(String txt, ConfigurationItemFactory configurationItemFactory) in C:\dev\NLog\src\NLog\Layouts\SimpleLayout.cs:line 88
   at NLog.Layouts.SimpleLayout..ctor(String txt) in C:\dev\NLog\src\NLog\Layouts\SimpleLayout.cs:line 76
   at NLog.Layouts.SimpleLayout.op_Implicit(String text) in C:\dev\NLog\src\NLog\Layouts\SimpleLayout.cs:line 156
   at NLog.UnitTests.LayoutRenderers.Wrappers.PaddingTests.NegativePaddingWithRightAlign() in C:\dev\NLog\tests\NLog.UnitTests\LayoutRenderers\Wrappers\PaddingTests.cs:line 136]]></stack-trace>
        </failure>
      </test>
      <test name="NLog.UnitTests.LayoutRenderers.Wrappers.PaddingTests.DefaultAlignmentIsLeft" type="NLog.UnitTests.LayoutRenderers.Wrappers.PaddingTests" method="DefaultAlignmentIsLeft" time="0.0003178" result="Fail">
        <failure exception-type="System.ArgumentException">
          <message><![CDATA[System.ArgumentException : LayoutRenderer cannot be found: 'message']]></message>
          <stack-trace><![CDATA[   at NLog.Config.Factory`2.CreateInstance(String name) in C:\dev\NLog\src\NLog\Config\Factory.cs:line 199
   at NLog.Layouts.LayoutParser.ParseLayoutRenderer(ConfigurationItemFactory configurationItemFactory, SimpleStringReader sr) in C:\dev\NLog\src\NLog\Layouts\LayoutParser.cs:line 345
   at NLog.Layouts.LayoutParser.CompileLayout(ConfigurationItemFactory configurationItemFactory, SimpleStringReader sr, Boolean isNested, String& text) in C:\dev\NLog\src\NLog\Layouts\LayoutParser.cs:line 108
   at NLog.Layouts.SimpleLayout.set_Text(String value) in C:\dev\NLog\src\NLog\Layouts\SimpleLayout.cs:line 119
   at NLog.Layouts.SimpleLayout..ctor(String txt, ConfigurationItemFactory configurationItemFactory) in C:\dev\NLog\src\NLog\Layouts\SimpleLayout.cs:line 88
   at NLog.Layouts.SimpleLayout..ctor(String txt) in C:\dev\NLog\src\NLog\Layouts\SimpleLayout.cs:line 76
   at NLog.Layouts.SimpleLayout.op_Implicit(String text) in C:\dev\NLog\src\NLog\Layouts\SimpleLayout.cs:line 156
   at NLog.UnitTests.LayoutRenderers.Wrappers.PaddingTests.DefaultAlignmentIsLeft() in C:\dev\NLog\tests\NLog.UnitTests\LayoutRenderers\Wrappers\PaddingTests.cs:line 165]]></stack-trace>
        </failure>
      </test>
      <test name="NLog.UnitTests.LayoutRenderers.Wrappers.PaddingTests.PositivePaddingWithRightAlign" type="NLog.UnitTests.LayoutRenderers.Wrappers.PaddingTests" method="PositivePaddingWithRightAlign" time="0.0003568" result="Fail">
        <failure exception-type="System.ArgumentException">
          <message><![CDATA[System.ArgumentException : LayoutRenderer cannot be found: 'message']]></message>
          <stack-trace><![CDATA[   at NLog.Config.Factory`2.CreateInstance(String name) in C:\dev\NLog\src\NLog\Config\Factory.cs:line 199
   at NLog.Layouts.LayoutParser.ParseLayoutRenderer(ConfigurationItemFactory configurationItemFactory, SimpleStringReader sr) in C:\dev\NLog\src\NLog\Layouts\LayoutParser.cs:line 345
   at NLog.Layouts.LayoutParser.CompileLayout(ConfigurationItemFactory configurationItemFactory, SimpleStringReader sr, Boolean isNested, String& text) in C:\dev\NLog\src\NLog\Layouts\LayoutParser.cs:line 108
   at NLog.Layouts.SimpleLayout.set_Text(String value) in C:\dev\NLog\src\NLog\Layouts\SimpleLayout.cs:line 119
   at NLog.Layouts.SimpleLayout..ctor(String txt, ConfigurationItemFactory configurationItemFactory) in C:\dev\NLog\src\NLog\Layouts\SimpleLayout.cs:line 88
   at NLog.Layouts.SimpleLayout..ctor(String txt) in C:\dev\NLog\src\NLog\Layouts\SimpleLayout.cs:line 76
   at NLog.Layouts.SimpleLayout.op_Implicit(String text) in C:\dev\NLog\src\NLog\Layouts\SimpleLayout.cs:line 156
   at NLog.UnitTests.LayoutRenderers.Wrappers.PaddingTests.PositivePaddingWithRightAlign() in C:\dev\NLog\tests\NLog.UnitTests\LayoutRenderers\Wrappers\PaddingTests.cs:line 78]]></stack-trace>
        </failure>
      </test>
      <test name="NLog.UnitTests.LayoutRenderers.Wrappers.PaddingTests.NegativePaddingWithLeftAlign" type="NLog.UnitTests.LayoutRenderers.Wrappers.PaddingTests" method="NegativePaddingWithLeftAlign" time="0.0003579" result="Fail">
        <failure exception-type="System.ArgumentException">
          <message><![CDATA[System.ArgumentException : LayoutRenderer cannot be found: 'message']]></message>
          <stack-trace><![CDATA[   at NLog.Config.Factory`2.CreateInstance(String name) in C:\dev\NLog\src\NLog\Config\Factory.cs:line 199
   at NLog.Layouts.LayoutParser.ParseLayoutRenderer(ConfigurationItemFactory configurationItemFactory, SimpleStringReader sr) in C:\dev\NLog\src\NLog\Layouts\LayoutParser.cs:line 345
   at NLog.Layouts.LayoutParser.CompileLayout(ConfigurationItemFactory configurationItemFactory, SimpleStringReader sr, Boolean isNested, String& text) in C:\dev\NLog\src\NLog\Layouts\LayoutParser.cs:line 108
   at NLog.Layouts.SimpleLayout.set_Text(String value) in C:\dev\NLog\src\NLog\Layouts\SimpleLayout.cs:line 119
   at NLog.Layouts.SimpleLayout..ctor(String txt, ConfigurationItemFactory configurationItemFactory) in C:\dev\NLog\src\NLog\Layouts\SimpleLayout.cs:line 88
   at NLog.Layouts.SimpleLayout..ctor(String txt) in C:\dev\NLog\src\NLog\Layouts\SimpleLayout.cs:line 76
   at NLog.Layouts.SimpleLayout.op_Implicit(String text) in C:\dev\NLog\src\NLog\Layouts\SimpleLayout.cs:line 156
   at NLog.UnitTests.LayoutRenderers.Wrappers.PaddingTests.NegativePaddingWithLeftAlign() in C:\dev\NLog\tests\NLog.UnitTests\LayoutRenderers\Wrappers\PaddingTests.cs:line 107]]></stack-trace>
        </failure>
      </test>
      <test name="NLog.UnitTests.LayoutRenderers.Wrappers.WhenEmptyTests.CoalesceWithANestedLayout" type="NLog.UnitTests.LayoutRenderers.Wrappers.WhenEmptyTests" method="CoalesceWithANestedLayout" time="0.0003694" result="Fail">
        <failure exception-type="System.ArgumentException">
          <message><![CDATA[System.ArgumentException : LayoutRenderer cannot be found: 'message']]></message>
          <stack-trace><![CDATA[   at NLog.Config.Factory`2.CreateInstance(String name) in C:\dev\NLog\src\NLog\Config\Factory.cs:line 199
   at NLog.Layouts.LayoutParser.ParseLayoutRenderer(ConfigurationItemFactory configurationItemFactory, SimpleStringReader sr) in C:\dev\NLog\src\NLog\Layouts\LayoutParser.cs:line 345
   at NLog.Layouts.LayoutParser.CompileLayout(ConfigurationItemFactory configurationItemFactory, SimpleStringReader sr, Boolean isNested, String& text) in C:\dev\NLog\src\NLog\Layouts\LayoutParser.cs:line 108
   at NLog.Layouts.SimpleLayout.set_Text(String value) in C:\dev\NLog\src\NLog\Layouts\SimpleLayout.cs:line 119
   at NLog.Layouts.SimpleLayout..ctor(String txt, ConfigurationItemFactory configurationItemFactory) in C:\dev\NLog\src\NLog\Layouts\SimpleLayout.cs:line 88
   at NLog.Layouts.SimpleLayout..ctor(String txt) in C:\dev\NLog\src\NLog\Layouts\SimpleLayout.cs:line 76
   at NLog.Layouts.SimpleLayout.op_Implicit(String text) in C:\dev\NLog\src\NLog\Layouts\SimpleLayout.cs:line 156
   at NLog.UnitTests.LayoutRenderers.Wrappers.WhenEmptyTests.CoalesceWithANestedLayout() in C:\dev\NLog\tests\NLog.UnitTests\LayoutRenderers\Wrappers\WhenEmptyTests.cs:line 58]]></stack-trace>
        </failure>
      </test>
      <test name="NLog.UnitTests.LayoutRenderers.Wrappers.WhenEmptyTests.CoalesceTest" type="NLog.UnitTests.LayoutRenderers.Wrappers.WhenEmptyTests" method="CoalesceTest" time="0.0003298" result="Fail">
        <failure exception-type="System.ArgumentException">
          <message><![CDATA[System.ArgumentException : LayoutRenderer cannot be found: 'message']]></message>
          <stack-trace><![CDATA[   at NLog.Config.Factory`2.CreateInstance(String name) in C:\dev\NLog\src\NLog\Config\Factory.cs:line 199
   at NLog.Layouts.LayoutParser.ParseLayoutRenderer(ConfigurationItemFactory configurationItemFactory, SimpleStringReader sr) in C:\dev\NLog\src\NLog\Layouts\LayoutParser.cs:line 345
   at NLog.Layouts.LayoutParser.CompileLayout(ConfigurationItemFactory configurationItemFactory, SimpleStringReader sr, Boolean isNested, String& text) in C:\dev\NLog\src\NLog\Layouts\LayoutParser.cs:line 108
   at NLog.Layouts.SimpleLayout.set_Text(String value) in C:\dev\NLog\src\NLog\Layouts\SimpleLayout.cs:line 119
   at NLog.Layouts.SimpleLayout..ctor(String txt, ConfigurationItemFactory configurationItemFactory) in C:\dev\NLog\src\NLog\Layouts\SimpleLayout.cs:line 88
   at NLog.Layouts.SimpleLayout..ctor(String txt) in C:\dev\NLog\src\NLog\Layouts\SimpleLayout.cs:line 76
   at NLog.Layouts.SimpleLayout.op_Implicit(String text) in C:\dev\NLog\src\NLog\Layouts\SimpleLayout.cs:line 156
   at NLog.UnitTests.LayoutRenderers.Wrappers.WhenEmptyTests.CoalesceTest() in C:\dev\NLog\tests\NLog.UnitTests\LayoutRenderers\Wrappers\WhenEmptyTests.cs:line 45]]></stack-trace>
        </failure>
      </test>
      <test name="NLog.UnitTests.LayoutRenderers.Wrappers.WhenTests.ComplexWhenTest" type="NLog.UnitTests.LayoutRenderers.Wrappers.WhenTests" method="ComplexWhenTest" time="0.0003291" result="Fail">
        <failure exception-type="System.ArgumentException">
          <message><![CDATA[System.ArgumentException : LayoutRenderer cannot be found: 'message']]></message>
          <stack-trace><![CDATA[   at NLog.Config.Factory`2.CreateInstance(String name) in C:\dev\NLog\src\NLog\Config\Factory.cs:line 199
   at NLog.Layouts.LayoutParser.ParseLayoutRenderer(ConfigurationItemFactory configurationItemFactory, SimpleStringReader sr) in C:\dev\NLog\src\NLog\Layouts\LayoutParser.cs:line 345
   at NLog.Layouts.LayoutParser.CompileLayout(ConfigurationItemFactory configurationItemFactory, SimpleStringReader sr, Boolean isNested, String& text) in C:\dev\NLog\src\NLog\Layouts\LayoutParser.cs:line 108
   at NLog.Layouts.SimpleLayout.set_Text(String value) in C:\dev\NLog\src\NLog\Layouts\SimpleLayout.cs:line 119
   at NLog.Layouts.SimpleLayout..ctor(String txt, ConfigurationItemFactory configurationItemFactory) in C:\dev\NLog\src\NLog\Layouts\SimpleLayout.cs:line 88
   at NLog.Layouts.SimpleLayout..ctor(String txt) in C:\dev\NLog\src\NLog\Layouts\SimpleLayout.cs:line 76
   at NLog.Layouts.SimpleLayout.op_Implicit(String text) in C:\dev\NLog\src\NLog\Layouts\SimpleLayout.cs:line 156
   at NLog.UnitTests.LayoutRenderers.Wrappers.WhenTests.ComplexWhenTest() in C:\dev\NLog\tests\NLog.UnitTests\LayoutRenderers\Wrappers\WhenTests.cs:line 65]]></stack-trace>
        </failure>
      </test>
      <test name="NLog.UnitTests.LayoutRenderers.Wrappers.WhenTests.PositiveWhenTest" type="NLog.UnitTests.LayoutRenderers.Wrappers.WhenTests" method="PositiveWhenTest" time="0.0002713" result="Fail">
        <failure exception-type="System.ArgumentException">
          <message><![CDATA[System.ArgumentException : LayoutRenderer cannot be found: 'message']]></message>
          <stack-trace><![CDATA[   at NLog.Config.Factory`2.CreateInstance(String name) in C:\dev\NLog\src\NLog\Config\Factory.cs:line 199
   at NLog.Layouts.LayoutParser.ParseLayoutRenderer(ConfigurationItemFactory configurationItemFactory, SimpleStringReader sr) in C:\dev\NLog\src\NLog\Layouts\LayoutParser.cs:line 345
   at NLog.Layouts.LayoutParser.CompileLayout(ConfigurationItemFactory configurationItemFactory, SimpleStringReader sr, Boolean isNested, String& text) in C:\dev\NLog\src\NLog\Layouts\LayoutParser.cs:line 108
   at NLog.Layouts.SimpleLayout.set_Text(String value) in C:\dev\NLog\src\NLog\Layouts\SimpleLayout.cs:line 119
   at NLog.Layouts.SimpleLayout..ctor(String txt, ConfigurationItemFactory configurationItemFactory) in C:\dev\NLog\src\NLog\Layouts\SimpleLayout.cs:line 88
   at NLog.Layouts.SimpleLayout..ctor(String txt) in C:\dev\NLog\src\NLog\Layouts\SimpleLayout.cs:line 76
   at NLog.Layouts.SimpleLayout.op_Implicit(String text) in C:\dev\NLog\src\NLog\Layouts\SimpleLayout.cs:line 156
   at NLog.UnitTests.LayoutRenderers.Wrappers.WhenTests.PositiveWhenTest() in C:\dev\NLog\tests\NLog.UnitTests\LayoutRenderers\Wrappers\WhenTests.cs:line 45]]></stack-trace>
        </failure>
      </test>
      <test name="NLog.UnitTests.LayoutRenderers.Wrappers.WhenTests.ComplexWhenTest2" type="NLog.UnitTests.LayoutRenderers.Wrappers.WhenTests" method="ComplexWhenTest2" time="0.0002395" result="Fail">
        <failure exception-type="System.ArgumentException">
          <message><![CDATA[System.ArgumentException : LayoutRenderer cannot be found: 'message']]></message>
          <stack-trace><![CDATA[   at NLog.Config.Factory`2.CreateInstance(String name) in C:\dev\NLog\src\NLog\Config\Factory.cs:line 199
   at NLog.Layouts.LayoutParser.ParseLayoutRenderer(ConfigurationItemFactory configurationItemFactory, SimpleStringReader sr) in C:\dev\NLog\src\NLog\Layouts\LayoutParser.cs:line 345
   at NLog.Layouts.LayoutParser.CompileLayout(ConfigurationItemFactory configurationItemFactory, SimpleStringReader sr, Boolean isNested, String& text) in C:\dev\NLog\src\NLog\Layouts\LayoutParser.cs:line 108
   at NLog.Layouts.SimpleLayout.set_Text(String value) in C:\dev\NLog\src\NLog\Layouts\SimpleLayout.cs:line 119
   at NLog.Layouts.SimpleLayout..ctor(String txt, ConfigurationItemFactory configurationItemFactory) in C:\dev\NLog\src\NLog\Layouts\SimpleLayout.cs:line 88
   at NLog.Layouts.SimpleLayout..ctor(String txt) in C:\dev\NLog\src\NLog\Layouts\SimpleLayout.cs:line 76
   at NLog.Layouts.SimpleLayout.op_Implicit(String text) in C:\dev\NLog\src\NLog\Layouts\SimpleLayout.cs:line 156
   at NLog.UnitTests.LayoutRenderers.Wrappers.WhenTests.ComplexWhenTest2() in C:\dev\NLog\tests\NLog.UnitTests\LayoutRenderers\Wrappers\WhenTests.cs:line 76]]></stack-trace>
        </failure>
      </test>
      <test name="NLog.UnitTests.LayoutRenderers.Wrappers.WhenTests.NegativeWhenTest" type="NLog.UnitTests.LayoutRenderers.Wrappers.WhenTests" method="NegativeWhenTest" time="0.0002327" result="Fail">
        <failure exception-type="System.ArgumentException">
          <message><![CDATA[System.ArgumentException : LayoutRenderer cannot be found: 'message']]></message>
          <stack-trace><![CDATA[   at NLog.Config.Factory`2.CreateInstance(String name) in C:\dev\NLog\src\NLog\Config\Factory.cs:line 199
   at NLog.Layouts.LayoutParser.ParseLayoutRenderer(ConfigurationItemFactory configurationItemFactory, SimpleStringReader sr) in C:\dev\NLog\src\NLog\Layouts\LayoutParser.cs:line 345
   at NLog.Layouts.LayoutParser.CompileLayout(ConfigurationItemFactory configurationItemFactory, SimpleStringReader sr, Boolean isNested, String& text) in C:\dev\NLog\src\NLog\Layouts\LayoutParser.cs:line 108
   at NLog.Layouts.SimpleLayout.set_Text(String value) in C:\dev\NLog\src\NLog\Layouts\SimpleLayout.cs:line 119
   at NLog.Layouts.SimpleLayout..ctor(String txt, ConfigurationItemFactory configurationItemFactory) in C:\dev\NLog\src\NLog\Layouts\SimpleLayout.cs:line 88
   at NLog.Layouts.SimpleLayout..ctor(String txt) in C:\dev\NLog\src\NLog\Layouts\SimpleLayout.cs:line 76
   at NLog.Layouts.SimpleLayout.op_Implicit(String text) in C:\dev\NLog\src\NLog\Layouts\SimpleLayout.cs:line 156
   at NLog.UnitTests.LayoutRenderers.Wrappers.WhenTests.NegativeWhenTest() in C:\dev\NLog\tests\NLog.UnitTests\LayoutRenderers\Wrappers\WhenTests.cs:line 54]]></stack-trace>
        </failure>
      </test>
      <test name="NLog.UnitTests.Internal.EnumHelpersTests.EnumParse_whitespace_ignoreCaseTrue" type="NLog.UnitTests.Internal.EnumHelpersTests" method="EnumParse_whitespace_ignoreCaseTrue" time="0.0019791" result="Pass" />
      <test name="NLog.UnitTests.Internal.EnumHelpersTests.EnumParseBar_ignoreCaseTrue" type="NLog.UnitTests.Internal.EnumHelpersTests" method="EnumParseBar_ignoreCaseTrue" time="0.0001269" result="Pass" />
      <test name="NLog.UnitTests.Internal.EnumHelpersTests.EnumParse2_ignoreCaseTrue" type="NLog.UnitTests.Internal.EnumHelpersTests" method="EnumParse2_ignoreCaseTrue" time="0.0000676" result="Pass" />
      <test name="NLog.UnitTests.Internal.EnumHelpersTests.EnumParseBar" type="NLog.UnitTests.Internal.EnumHelpersTests" method="EnumParseBar" time="0.0002658" result="Pass" />
      <test name="NLog.UnitTests.Internal.EnumHelpersTests.EnumParse_null_ignoreCaseTrue" type="NLog.UnitTests.Internal.EnumHelpersTests" method="EnumParse_null_ignoreCaseTrue" time="0.0000559" result="Pass" />
      <test name="NLog.UnitTests.Internal.EnumHelpersTests.EnumParseDefault_ignoreCaseTrue" type="NLog.UnitTests.Internal.EnumHelpersTests" method="EnumParseDefault_ignoreCaseTrue" time="0.0000567" result="Pass" />
      <test name="NLog.UnitTests.Internal.EnumHelpersTests.EnumParse_null_ArgumentException_ignoreCaseTrue" type="NLog.UnitTests.Internal.EnumHelpersTests" method="EnumParse_null_ArgumentException_ignoreCaseTrue" time="0.0006109" result="Pass" />
      <test name="NLog.UnitTests.Internal.EnumHelpersTests.EnumParseBar3_ignoreCaseTrue" type="NLog.UnitTests.Internal.EnumHelpersTests" method="EnumParseBar3_ignoreCaseTrue" time="0.0000715" result="Pass" />
      <test name="NLog.UnitTests.Internal.EnumHelpersTests.EnumParse1_ignoreCaseFalse" type="NLog.UnitTests.Internal.EnumHelpersTests" method="EnumParse1_ignoreCaseFalse" time="0.0000564" result="Pass" />
      <test name="NLog.UnitTests.Internal.EnumHelpersTests.EnumParse_ArgumentException_ignoreCaseTrue" type="NLog.UnitTests.Internal.EnumHelpersTests" method="EnumParse_ArgumentException_ignoreCaseTrue" time="0.0002759" result="Pass" />
      <test name="NLog.UnitTests.Internal.EnumHelpersTests.EnumParse_emptystring_ignoreCaseFalse" type="NLog.UnitTests.Internal.EnumHelpersTests" method="EnumParse_emptystring_ignoreCaseFalse" time="0.000063" result="Pass" />
      <test name="NLog.UnitTests.Internal.EnumHelpersTests.EnumParseBar_ignoreCaseFalse" type="NLog.UnitTests.Internal.EnumHelpersTests" method="EnumParseBar_ignoreCaseFalse" time="0.0000559" result="Pass" />
      <test name="NLog.UnitTests.Internal.EnumHelpersTests.EnumParse_null_ArgumentException" type="NLog.UnitTests.Internal.EnumHelpersTests" method="EnumParse_null_ArgumentException" time="0.0003462" result="Pass" />
      <test name="NLog.UnitTests.Internal.EnumHelpersTests.EnumParse2" type="NLog.UnitTests.Internal.EnumHelpersTests" method="EnumParse2" time="0.0000679" result="Pass" />
      <test name="NLog.UnitTests.Internal.EnumHelpersTests.EnumParseDefault2_ignoreCaseFalse" type="NLog.UnitTests.Internal.EnumHelpersTests" method="EnumParseDefault2_ignoreCaseFalse" time="0.000053" result="Pass" />
      <test name="NLog.UnitTests.Internal.EnumHelpersTests.EnumParseBar2_ignoreCaseTrue" type="NLog.UnitTests.Internal.EnumHelpersTests" method="EnumParseBar2_ignoreCaseTrue" time="0.0000519" result="Pass" />
      <test name="NLog.UnitTests.Internal.EnumHelpersTests.EnumParseDefault2" type="NLog.UnitTests.Internal.EnumHelpersTests" method="EnumParseDefault2" time="0.0000483" result="Pass" />
      <test name="NLog.UnitTests.Internal.EnumHelpersTests.EnumParseBar3" type="NLog.UnitTests.Internal.EnumHelpersTests" method="EnumParseBar3" time="0.0000501" result="Pass" />
      <test name="NLog.UnitTests.Internal.EnumHelpersTests.EnumParseBar3_ignoreCaseFalse" type="NLog.UnitTests.Internal.EnumHelpersTests" method="EnumParseBar3_ignoreCaseFalse" time="0.0000482" result="Pass" />
      <test name="NLog.UnitTests.Internal.EnumHelpersTests.EnumParse_ArgumentException" type="NLog.UnitTests.Internal.EnumHelpersTests" method="EnumParse_ArgumentException" time="0.0002602" result="Pass" />
      <test name="NLog.UnitTests.Internal.EnumHelpersTests.EnumParseBar2" type="NLog.UnitTests.Internal.EnumHelpersTests" method="EnumParseBar2" time="0.0000626" result="Pass" />
      <test name="NLog.UnitTests.Internal.EnumHelpersTests.EnumParse_ArgumentException_ignoreCaseFalse" type="NLog.UnitTests.Internal.EnumHelpersTests" method="EnumParse_ArgumentException_ignoreCaseFalse" time="0.0002622" result="Pass" />
      <test name="NLog.UnitTests.Internal.EnumHelpersTests.EnumParse_null_ignoreCaseFalse" type="NLog.UnitTests.Internal.EnumHelpersTests" method="EnumParse_null_ignoreCaseFalse" time="0.0000589" result="Pass" />
      <test name="NLog.UnitTests.Internal.EnumHelpersTests.EnumParseDefault_ignoreCaseFalse" type="NLog.UnitTests.Internal.EnumHelpersTests" method="EnumParseDefault_ignoreCaseFalse" time="0.0000523" result="Pass" />
      <test name="NLog.UnitTests.Internal.EnumHelpersTests.EnumParse2_ignoreCaseFalse" type="NLog.UnitTests.Internal.EnumHelpersTests" method="EnumParse2_ignoreCaseFalse" time="0.0000487" result="Pass" />
      <test name="NLog.UnitTests.Internal.EnumHelpersTests.EnumParse1_ignoreCaseTrue" type="NLog.UnitTests.Internal.EnumHelpersTests" method="EnumParse1_ignoreCaseTrue" time="0.0000488" result="Pass" />
      <test name="NLog.UnitTests.Internal.EnumHelpersTests.EnumParse_whitespace_ignoreCaseFalse" type="NLog.UnitTests.Internal.EnumHelpersTests" method="EnumParse_whitespace_ignoreCaseFalse" time="0.0000468" result="Pass" />
      <test name="NLog.UnitTests.Internal.EnumHelpersTests.EnumParse_emptystring_ignoreCaseTrue" type="NLog.UnitTests.Internal.EnumHelpersTests" method="EnumParse_emptystring_ignoreCaseTrue" time="0.0000483" result="Pass" />
      <test name="NLog.UnitTests.Internal.EnumHelpersTests.EnumParseDefault2_ignoreCaseTrue" type="NLog.UnitTests.Internal.EnumHelpersTests" method="EnumParseDefault2_ignoreCaseTrue" time="0.0000475" result="Pass" />
      <test name="NLog.UnitTests.Internal.EnumHelpersTests.EnumParseDefault" type="NLog.UnitTests.Internal.EnumHelpersTests" method="EnumParseDefault" time="0.0000461" result="Pass" />
      <test name="NLog.UnitTests.Internal.EnumHelpersTests.EnumParse_whitespace" type="NLog.UnitTests.Internal.EnumHelpersTests" method="EnumParse_whitespace" time="0.0000452" result="Pass" />
      <test name="NLog.UnitTests.Internal.EnumHelpersTests.EnumParse_emptystring" type="NLog.UnitTests.Internal.EnumHelpersTests" method="EnumParse_emptystring" time="0.0000462" result="Pass" />
      <test name="NLog.UnitTests.Internal.EnumHelpersTests.EnumParse_null" type="NLog.UnitTests.Internal.EnumHelpersTests" method="EnumParse_null" time="0.000046" result="Pass" />
      <test name="NLog.UnitTests.Internal.EnumHelpersTests.EnumParse1" type="NLog.UnitTests.Internal.EnumHelpersTests" method="EnumParse1" time="0.0000462" result="Pass" />
      <test name="NLog.UnitTests.Internal.EnumHelpersTests.EnumParseBar2_ignoreCaseFalse" type="NLog.UnitTests.Internal.EnumHelpersTests" method="EnumParseBar2_ignoreCaseFalse" time="0.0000472" result="Pass" />
      <test name="NLog.UnitTests.Internal.EnumHelpersTests.EnumParse_null_ArgumentException_ignoreCaseFalse" type="NLog.UnitTests.Internal.EnumHelpersTests" method="EnumParse_null_ArgumentException_ignoreCaseFalse" time="0.0002641" result="Pass" />
      <test name="NLog.UnitTests.Internal.ExceptionHelperTests.MustBeRethrown_ShouldLog_exception_and_only_once(text: &quot;Error has been raised.&quot;, exceptionType: typeof(System.ArgumentException), logFirst: False, levelText: &quot;Error&quot;)" type="NLog.UnitTests.Internal.ExceptionHelperTests" method="MustBeRethrown_ShouldLog_exception_and_only_once" time="0.0005101" result="Pass" />
      <test name="NLog.UnitTests.Internal.ExceptionHelperTests.MustBeRethrown_ShouldLog_exception_and_only_once(text: &quot;Error has been raised.&quot;, exceptionType: typeof(System.ArgumentException), logFirst: True, levelText: &quot;Warn&quot;)" type="NLog.UnitTests.Internal.ExceptionHelperTests" method="MustBeRethrown_ShouldLog_exception_and_only_once" time="0.0000478" result="Pass" />
      <test name="NLog.UnitTests.Internal.ExceptionHelperTests.MustBeRethrown_ShouldLog_exception_and_only_once(text: &quot;Error has been raised.&quot;, exceptionType: typeof(NLog.NLogConfigurationException), logFirst: False, levelText: &quot;Warn&quot;)" type="NLog.UnitTests.Internal.ExceptionHelperTests" method="MustBeRethrown_ShouldLog_exception_and_only_once" time="0.0000582" result="Pass" />
      <test name="NLog.UnitTests.Internal.ExceptionHelperTests.MustBeRethrown_ShouldLog_exception_and_only_once(text: &quot;Error has been raised.&quot;, exceptionType: typeof(NLog.NLogConfigurationException), logFirst: True, levelText: &quot;Warn&quot;)" type="NLog.UnitTests.Internal.ExceptionHelperTests" method="MustBeRethrown_ShouldLog_exception_and_only_once" time="0.0000301" result="Pass" />
      <test name="NLog.UnitTests.Internal.ExceptionHelperTests.MustBeRethrown_ShouldLog_exception_and_only_once(text: &quot;&quot;, exceptionType: typeof(System.ArgumentException), logFirst: True, levelText: &quot;Warn&quot;)" type="NLog.UnitTests.Internal.ExceptionHelperTests" method="MustBeRethrown_ShouldLog_exception_and_only_once" time="0.0000256" result="Pass" />
      <test name="NLog.UnitTests.Internal.ExceptionHelperTests.MustBeRethrown_ShouldLog_exception_and_only_once(text: &quot;&quot;, exceptionType: typeof(NLog.NLogConfigurationException), logFirst: True, levelText: &quot;Warn&quot;)" type="NLog.UnitTests.Internal.ExceptionHelperTests" method="MustBeRethrown_ShouldLog_exception_and_only_once" time="0.0000267" result="Pass" />
      <test name="NLog.UnitTests.Internal.ExceptionHelperTests.MustBeRethrown(exceptionType: typeof(NLog.NLogConfigurationException), result: True, throwExceptions: False)" type="NLog.UnitTests.Internal.ExceptionHelperTests" method="MustBeRethrown" time="0.0001644" result="Pass" />
      <test name="NLog.UnitTests.Internal.ExceptionHelperTests.MustBeRethrown(exceptionType: typeof(NLog.NLogConfigurationException), result: True, throwExceptions: True)" type="NLog.UnitTests.Internal.ExceptionHelperTests" method="MustBeRethrown" time="0.0000103" result="Pass" />
      <test name="NLog.UnitTests.Internal.ExceptionHelperTests.MustBeRethrown(exceptionType: typeof(System.Exception), result: False, throwExceptions: False)" type="NLog.UnitTests.Internal.ExceptionHelperTests" method="MustBeRethrown" time="0.0000331" result="Pass" />
      <test name="NLog.UnitTests.Internal.ExceptionHelperTests.MustBeRethrown(exceptionType: typeof(System.Exception), result: True, throwExceptions: True)" type="NLog.UnitTests.Internal.ExceptionHelperTests" method="MustBeRethrown" time="0.0000069" result="Pass" />
      <test name="NLog.UnitTests.Internal.ExceptionHelperTests.MustBeRethrown(exceptionType: typeof(System.ArgumentException), result: False, throwExceptions: False)" type="NLog.UnitTests.Internal.ExceptionHelperTests" method="MustBeRethrown" time="0.0000115" result="Pass" />
      <test name="NLog.UnitTests.Internal.ExceptionHelperTests.MustBeRethrown(exceptionType: typeof(System.ArgumentException), result: True, throwExceptions: True)" type="NLog.UnitTests.Internal.ExceptionHelperTests" method="MustBeRethrown" time="0.0000076" result="Pass" />
      <test name="NLog.UnitTests.Internal.ExceptionHelperTests.MustBeRethrown(exceptionType: typeof(System.NullReferenceException), result: False, throwExceptions: False)" type="NLog.UnitTests.Internal.ExceptionHelperTests" method="MustBeRethrown" time="0.0000254" result="Pass" />
      <test name="NLog.UnitTests.Internal.ExceptionHelperTests.MustBeRethrown(exceptionType: typeof(System.NullReferenceException), result: True, throwExceptions: True)" type="NLog.UnitTests.Internal.ExceptionHelperTests" method="MustBeRethrown" time="0.000009" result="Pass" />
      <test name="NLog.UnitTests.Internal.ExceptionHelperTests.MustBeRethrown(exceptionType: typeof(System.OutOfMemoryException), result: True, throwExceptions: False)" type="NLog.UnitTests.Internal.ExceptionHelperTests" method="MustBeRethrown" time="0.0000336" result="Pass" />
      <test name="NLog.UnitTests.Internal.ExceptionHelperTests.MustBeRethrown(exceptionType: typeof(System.OutOfMemoryException), result: True, throwExceptions: True)" type="NLog.UnitTests.Internal.ExceptionHelperTests" method="MustBeRethrown" time="0.0000089" result="Pass" />
      <test name="NLog.UnitTests.Internal.ExceptionHelperTests.TestMustBeRethrowImmediately(t: typeof(NLog.NLogConfigurationException), result: False)" type="NLog.UnitTests.Internal.ExceptionHelperTests" method="TestMustBeRethrowImmediately" time="0.0001212" result="Pass" />
      <test name="NLog.UnitTests.Internal.ExceptionHelperTests.TestMustBeRethrowImmediately(t: typeof(System.Exception), result: False)" type="NLog.UnitTests.Internal.ExceptionHelperTests" method="TestMustBeRethrowImmediately" time="0.0000088" result="Pass" />
      <test name="NLog.UnitTests.Internal.ExceptionHelperTests.TestMustBeRethrowImmediately(t: typeof(System.ArgumentException), result: False)" type="NLog.UnitTests.Internal.ExceptionHelperTests" method="TestMustBeRethrowImmediately" time="0.0000099" result="Pass" />
      <test name="NLog.UnitTests.Internal.ExceptionHelperTests.TestMustBeRethrowImmediately(t: typeof(System.NullReferenceException), result: False)" type="NLog.UnitTests.Internal.ExceptionHelperTests" method="TestMustBeRethrowImmediately" time="0.0000071" result="Pass" />
      <test name="NLog.UnitTests.Internal.ExceptionHelperTests.TestMustBeRethrowImmediately(t: typeof(System.OutOfMemoryException), result: True)" type="NLog.UnitTests.Internal.ExceptionHelperTests" method="TestMustBeRethrowImmediately" time="0.0000111" result="Pass" />
      <test name="NLog.UnitTests.Internal.FileAppenders.FileAppenderCacheTests.FileAppenderCache_InvalidateAppender" type="NLog.UnitTests.Internal.FileAppenders.FileAppenderCacheTests" method="FileAppenderCache_InvalidateAppender" time="0.0011732" result="Fail">
        <failure exception-type="System.ArgumentException">
          <message><![CDATA[System.ArgumentException : LayoutRenderer cannot be found: 'longdate']]></message>
          <stack-trace><![CDATA[   at NLog.Config.Factory`2.CreateInstance(String name) in C:\dev\NLog\src\NLog\Config\Factory.cs:line 199
   at NLog.Layouts.LayoutParser.ParseLayoutRenderer(ConfigurationItemFactory configurationItemFactory, SimpleStringReader sr) in C:\dev\NLog\src\NLog\Layouts\LayoutParser.cs:line 345
   at NLog.Layouts.LayoutParser.CompileLayout(ConfigurationItemFactory configurationItemFactory, SimpleStringReader sr, Boolean isNested, String& text) in C:\dev\NLog\src\NLog\Layouts\LayoutParser.cs:line 108
   at NLog.Layouts.SimpleLayout.set_Text(String value) in C:\dev\NLog\src\NLog\Layouts\SimpleLayout.cs:line 119
   at NLog.Layouts.SimpleLayout..ctor(String txt, ConfigurationItemFactory configurationItemFactory) in C:\dev\NLog\src\NLog\Layouts\SimpleLayout.cs:line 88
   at NLog.Layouts.Layout.FromString(String layoutText, ConfigurationItemFactory configurationItemFactory) in C:\dev\NLog\src\NLog\Layouts\Layout.cs:line 104
   at NLog.Layouts.Layout.FromString(String layoutText) in C:\dev\NLog\src\NLog\Layouts\Layout.cs:line 93
   at NLog.Layouts.Layout.op_Implicit(String text) in C:\dev\NLog\src\NLog\Layouts\Layout.cs:line 83
   at NLog.Targets.TargetWithLayout..ctor() in C:\dev\NLog\src\NLog\Targets\TargetWithLayout.cs:line 54
   at NLog.Targets.TargetWithLayoutHeaderAndFooter..ctor() in C:\dev\NLog\src\NLog\Targets\TargetWithLayoutHeaderAndFooter.cs:line 50
   at NLog.Targets.FileTarget..ctor() in C:\dev\NLog\src\NLog\Targets\FileTarget.cs:line 167
   at NLog.UnitTests.Internal.FileAppenders.FileAppenderCacheTests.FileAppenderCache_InvalidateAppender() in C:\dev\NLog\tests\NLog.UnitTests\Internal\FileAppenders\FileAppenderCacheTests.cs:line 113]]></stack-trace>
        </failure>
      </test>
      <test name="NLog.UnitTests.Internal.FileAppenders.FileAppenderCacheTests.FileAppenderCache_Construction" type="NLog.UnitTests.Internal.FileAppenders.FileAppenderCacheTests" method="FileAppenderCache_Construction" time="0.0003717" result="Fail">
        <failure exception-type="System.ArgumentException">
          <message><![CDATA[System.ArgumentException : LayoutRenderer cannot be found: 'longdate']]></message>
          <stack-trace><![CDATA[   at NLog.Config.Factory`2.CreateInstance(String name) in C:\dev\NLog\src\NLog\Config\Factory.cs:line 199
   at NLog.Layouts.LayoutParser.ParseLayoutRenderer(ConfigurationItemFactory configurationItemFactory, SimpleStringReader sr) in C:\dev\NLog\src\NLog\Layouts\LayoutParser.cs:line 345
   at NLog.Layouts.LayoutParser.CompileLayout(ConfigurationItemFactory configurationItemFactory, SimpleStringReader sr, Boolean isNested, String& text) in C:\dev\NLog\src\NLog\Layouts\LayoutParser.cs:line 108
   at NLog.Layouts.SimpleLayout.set_Text(String value) in C:\dev\NLog\src\NLog\Layouts\SimpleLayout.cs:line 119
   at NLog.Layouts.SimpleLayout..ctor(String txt, ConfigurationItemFactory configurationItemFactory) in C:\dev\NLog\src\NLog\Layouts\SimpleLayout.cs:line 88
   at NLog.Layouts.Layout.FromString(String layoutText, ConfigurationItemFactory configurationItemFactory) in C:\dev\NLog\src\NLog\Layouts\Layout.cs:line 104
   at NLog.Layouts.Layout.FromString(String layoutText) in C:\dev\NLog\src\NLog\Layouts\Layout.cs:line 93
   at NLog.Layouts.Layout.op_Implicit(String text) in C:\dev\NLog\src\NLog\Layouts\Layout.cs:line 83
   at NLog.Targets.TargetWithLayout..ctor() in C:\dev\NLog\src\NLog\Targets\TargetWithLayout.cs:line 54
   at NLog.Targets.TargetWithLayoutHeaderAndFooter..ctor() in C:\dev\NLog\src\NLog\Targets\TargetWithLayoutHeaderAndFooter.cs:line 50
   at NLog.Targets.FileTarget..ctor() in C:\dev\NLog\src\NLog\Targets\FileTarget.cs:line 167
   at NLog.UnitTests.Internal.FileAppenders.FileAppenderCacheTests.FileAppenderCache_Construction() in C:\dev\NLog\tests\NLog.UnitTests\Internal\FileAppenders\FileAppenderCacheTests.cs:line 63]]></stack-trace>
        </failure>
      </test>
      <test name="NLog.UnitTests.Internal.FileAppenders.FileAppenderCacheTests.FileAppenderCache_GetFileCharacteristics" type="NLog.UnitTests.Internal.FileAppenders.FileAppenderCacheTests" method="FileAppenderCache_GetFileCharacteristics" time="0.0007067" result="Fail">
        <failure exception-type="System.ArgumentException">
          <message><![CDATA[System.ArgumentException : LayoutRenderer cannot be found: 'longdate']]></message>
          <stack-trace><![CDATA[   at NLog.Config.Factory`2.CreateInstance(String name) in C:\dev\NLog\src\NLog\Config\Factory.cs:line 199
   at NLog.Layouts.LayoutParser.ParseLayoutRenderer(ConfigurationItemFactory configurationItemFactory, SimpleStringReader sr) in C:\dev\NLog\src\NLog\Layouts\LayoutParser.cs:line 345
   at NLog.Layouts.LayoutParser.CompileLayout(ConfigurationItemFactory configurationItemFactory, SimpleStringReader sr, Boolean isNested, String& text) in C:\dev\NLog\src\NLog\Layouts\LayoutParser.cs:line 108
   at NLog.Layouts.SimpleLayout.set_Text(String value) in C:\dev\NLog\src\NLog\Layouts\SimpleLayout.cs:line 119
   at NLog.Layouts.SimpleLayout..ctor(String txt, ConfigurationItemFactory configurationItemFactory) in C:\dev\NLog\src\NLog\Layouts\SimpleLayout.cs:line 88
   at NLog.Layouts.Layout.FromString(String layoutText, ConfigurationItemFactory configurationItemFactory) in C:\dev\NLog\src\NLog\Layouts\Layout.cs:line 104
   at NLog.Layouts.Layout.FromString(String layoutText) in C:\dev\NLog\src\NLog\Layouts\Layout.cs:line 93
   at NLog.Layouts.Layout.op_Implicit(String text) in C:\dev\NLog\src\NLog\Layouts\Layout.cs:line 83
   at NLog.Targets.TargetWithLayout..ctor() in C:\dev\NLog\src\NLog\Targets\TargetWithLayout.cs:line 54
   at NLog.Targets.TargetWithLayoutHeaderAndFooter..ctor() in C:\dev\NLog\src\NLog\Targets\TargetWithLayoutHeaderAndFooter.cs:line 50
   at NLog.Targets.FileTarget..ctor() in C:\dev\NLog\src\NLog\Targets\FileTarget.cs:line 167
   at NLog.UnitTests.Internal.FileAppenders.FileAppenderCacheTests.FileAppenderCache_GetFileCharacteristics() in C:\dev\NLog\tests\NLog.UnitTests\Internal\FileAppenders\FileAppenderCacheTests.cs:line 179]]></stack-trace>
        </failure>
      </test>
      <test name="NLog.UnitTests.Internal.FileAppenders.FileAppenderCacheTests.FileAppenderCache_CloseAppenders" type="NLog.UnitTests.Internal.FileAppenders.FileAppenderCacheTests" method="FileAppenderCache_CloseAppenders" time="0.0004622" result="Fail">
        <failure exception-type="System.ArgumentException">
          <message><![CDATA[System.ArgumentException : LayoutRenderer cannot be found: 'longdate']]></message>
          <stack-trace><![CDATA[   at NLog.Config.Factory`2.CreateInstance(String name) in C:\dev\NLog\src\NLog\Config\Factory.cs:line 199
   at NLog.Layouts.LayoutParser.ParseLayoutRenderer(ConfigurationItemFactory configurationItemFactory, SimpleStringReader sr) in C:\dev\NLog\src\NLog\Layouts\LayoutParser.cs:line 345
   at NLog.Layouts.LayoutParser.CompileLayout(ConfigurationItemFactory configurationItemFactory, SimpleStringReader sr, Boolean isNested, String& text) in C:\dev\NLog\src\NLog\Layouts\LayoutParser.cs:line 108
   at NLog.Layouts.SimpleLayout.set_Text(String value) in C:\dev\NLog\src\NLog\Layouts\SimpleLayout.cs:line 119
   at NLog.Layouts.SimpleLayout..ctor(String txt, ConfigurationItemFactory configurationItemFactory) in C:\dev\NLog\src\NLog\Layouts\SimpleLayout.cs:line 88
   at NLog.Layouts.Layout.FromString(String layoutText, ConfigurationItemFactory configurationItemFactory) in C:\dev\NLog\src\NLog\Layouts\Layout.cs:line 104
   at NLog.Layouts.Layout.FromString(String layoutText) in C:\dev\NLog\src\NLog\Layouts\Layout.cs:line 93
   at NLog.Layouts.Layout.op_Implicit(String text) in C:\dev\NLog\src\NLog\Layouts\Layout.cs:line 83
   at NLog.Targets.TargetWithLayout..ctor() in C:\dev\NLog\src\NLog\Targets\TargetWithLayout.cs:line 54
   at NLog.Targets.TargetWithLayoutHeaderAndFooter..ctor() in C:\dev\NLog\src\NLog\Targets\TargetWithLayoutHeaderAndFooter.cs:line 50
   at NLog.Targets.FileTarget..ctor() in C:\dev\NLog\src\NLog\Targets\FileTarget.cs:line 167
   at NLog.UnitTests.Internal.FileAppenders.FileAppenderCacheTests.FileAppenderCache_CloseAppenders() in C:\dev\NLog\tests\NLog.UnitTests\Internal\FileAppenders\FileAppenderCacheTests.cs:line 146]]></stack-trace>
        </failure>
      </test>
      <test name="NLog.UnitTests.Internal.FileAppenders.FileAppenderCacheTests.FileAppenderCache_Allocate" type="NLog.UnitTests.Internal.FileAppenders.FileAppenderCacheTests" method="FileAppenderCache_Allocate" time="0.0009338" result="Fail">
        <failure exception-type="System.ArgumentException">
          <message><![CDATA[System.ArgumentException : LayoutRenderer cannot be found: 'longdate']]></message>
          <stack-trace><![CDATA[   at NLog.Config.Factory`2.CreateInstance(String name) in C:\dev\NLog\src\NLog\Config\Factory.cs:line 199
   at NLog.Layouts.LayoutParser.ParseLayoutRenderer(ConfigurationItemFactory configurationItemFactory, SimpleStringReader sr) in C:\dev\NLog\src\NLog\Layouts\LayoutParser.cs:line 345
   at NLog.Layouts.LayoutParser.CompileLayout(ConfigurationItemFactory configurationItemFactory, SimpleStringReader sr, Boolean isNested, String& text) in C:\dev\NLog\src\NLog\Layouts\LayoutParser.cs:line 108
   at NLog.Layouts.SimpleLayout.set_Text(String value) in C:\dev\NLog\src\NLog\Layouts\SimpleLayout.cs:line 119
   at NLog.Layouts.SimpleLayout..ctor(String txt, ConfigurationItemFactory configurationItemFactory) in C:\dev\NLog\src\NLog\Layouts\SimpleLayout.cs:line 88
   at NLog.Layouts.Layout.FromString(String layoutText, ConfigurationItemFactory configurationItemFactory) in C:\dev\NLog\src\NLog\Layouts\Layout.cs:line 104
   at NLog.Layouts.Layout.FromString(String layoutText) in C:\dev\NLog\src\NLog\Layouts\Layout.cs:line 93
   at NLog.Layouts.Layout.op_Implicit(String text) in C:\dev\NLog\src\NLog\Layouts\Layout.cs:line 83
   at NLog.Targets.TargetWithLayout..ctor() in C:\dev\NLog\src\NLog\Targets\TargetWithLayout.cs:line 54
   at NLog.Targets.TargetWithLayoutHeaderAndFooter..ctor() in C:\dev\NLog\src\NLog\Targets\TargetWithLayoutHeaderAndFooter.cs:line 50
   at NLog.Targets.FileTarget..ctor() in C:\dev\NLog\src\NLog\Targets\FileTarget.cs:line 167
   at NLog.UnitTests.Internal.FileAppenders.FileAppenderCacheTests.FileAppenderCache_Allocate() in C:\dev\NLog\tests\NLog.UnitTests\Internal\FileAppenders\FileAppenderCacheTests.cs:line 80]]></stack-trace>
        </failure>
      </test>
      <test name="NLog.UnitTests.Internal.FileAppenders.FileAppenderCacheTests.FileAppenderCache_Empty" type="NLog.UnitTests.Internal.FileAppenders.FileAppenderCacheTests" method="FileAppenderCache_Empty" time="0.0001096" result="Pass" />
      <test name="NLog.UnitTests.Fluent.LogBuilderTests.ErrorWrite" type="NLog.UnitTests.Fluent.LogBuilderTests" method="ErrorWrite" time="0" result="Fail">
        <failure exception-type="System.ArgumentException">
          <message><![CDATA[System.ArgumentException : LayoutRenderer cannot be found: 'longdate']]></message>
          <stack-trace><![CDATA[   at NLog.Config.Factory`2.CreateInstance(String name) in C:\dev\NLog\src\NLog\Config\Factory.cs:line 199
   at NLog.Layouts.LayoutParser.ParseLayoutRenderer(ConfigurationItemFactory configurationItemFactory, SimpleStringReader sr) in C:\dev\NLog\src\NLog\Layouts\LayoutParser.cs:line 345
   at NLog.Layouts.LayoutParser.CompileLayout(ConfigurationItemFactory configurationItemFactory, SimpleStringReader sr, Boolean isNested, String& text) in C:\dev\NLog\src\NLog\Layouts\LayoutParser.cs:line 108
   at NLog.Layouts.SimpleLayout.set_Text(String value) in C:\dev\NLog\src\NLog\Layouts\SimpleLayout.cs:line 119
   at NLog.Layouts.SimpleLayout..ctor(String txt, ConfigurationItemFactory configurationItemFactory) in C:\dev\NLog\src\NLog\Layouts\SimpleLayout.cs:line 88
   at NLog.Layouts.Layout.FromString(String layoutText, ConfigurationItemFactory configurationItemFactory) in C:\dev\NLog\src\NLog\Layouts\Layout.cs:line 104
   at NLog.Layouts.Layout.FromString(String layoutText) in C:\dev\NLog\src\NLog\Layouts\Layout.cs:line 93
   at NLog.Layouts.Layout.op_Implicit(String text) in C:\dev\NLog\src\NLog\Layouts\Layout.cs:line 83
   at NLog.Targets.TargetWithLayout..ctor() in C:\dev\NLog\src\NLog\Targets\TargetWithLayout.cs:line 54
   at NLog.UnitTests.Common.LastLogEventListTarget..ctor()
   at NLog.UnitTests.Fluent.LogBuilderTests..ctor() in C:\dev\NLog\tests\NLog.UnitTests\Fluent\LogBuilderTests.cs:line 54]]></stack-trace>
        </failure>
      </test>
      <test name="NLog.UnitTests.Fluent.LogBuilderTests.DebugWrite_static_builder" type="NLog.UnitTests.Fluent.LogBuilderTests" method="DebugWrite_static_builder" time="0" result="Fail">
        <failure exception-type="System.ArgumentException">
          <message><![CDATA[System.ArgumentException : LayoutRenderer cannot be found: 'longdate']]></message>
          <stack-trace><![CDATA[   at NLog.Config.Factory`2.CreateInstance(String name) in C:\dev\NLog\src\NLog\Config\Factory.cs:line 199
   at NLog.Layouts.LayoutParser.ParseLayoutRenderer(ConfigurationItemFactory configurationItemFactory, SimpleStringReader sr) in C:\dev\NLog\src\NLog\Layouts\LayoutParser.cs:line 345
   at NLog.Layouts.LayoutParser.CompileLayout(ConfigurationItemFactory configurationItemFactory, SimpleStringReader sr, Boolean isNested, String& text) in C:\dev\NLog\src\NLog\Layouts\LayoutParser.cs:line 108
   at NLog.Layouts.SimpleLayout.set_Text(String value) in C:\dev\NLog\src\NLog\Layouts\SimpleLayout.cs:line 119
   at NLog.Layouts.SimpleLayout..ctor(String txt, ConfigurationItemFactory configurationItemFactory) in C:\dev\NLog\src\NLog\Layouts\SimpleLayout.cs:line 88
   at NLog.Layouts.Layout.FromString(String layoutText, ConfigurationItemFactory configurationItemFactory) in C:\dev\NLog\src\NLog\Layouts\Layout.cs:line 104
   at NLog.Layouts.Layout.FromString(String layoutText) in C:\dev\NLog\src\NLog\Layouts\Layout.cs:line 93
   at NLog.Layouts.Layout.op_Implicit(String text) in C:\dev\NLog\src\NLog\Layouts\Layout.cs:line 83
   at NLog.Targets.TargetWithLayout..ctor() in C:\dev\NLog\src\NLog\Targets\TargetWithLayout.cs:line 54
   at NLog.UnitTests.Common.LastLogEventListTarget..ctor()
   at NLog.UnitTests.Fluent.LogBuilderTests..ctor() in C:\dev\NLog\tests\NLog.UnitTests\Fluent\LogBuilderTests.cs:line 54]]></stack-trace>
        </failure>
      </test>
      <test name="NLog.UnitTests.Fluent.LogBuilderTests.InfoWrite_static_builder" type="NLog.UnitTests.Fluent.LogBuilderTests" method="InfoWrite_static_builder" time="0" result="Fail">
        <failure exception-type="System.ArgumentException">
          <message><![CDATA[System.ArgumentException : LayoutRenderer cannot be found: 'longdate']]></message>
          <stack-trace><![CDATA[   at NLog.Config.Factory`2.CreateInstance(String name) in C:\dev\NLog\src\NLog\Config\Factory.cs:line 199
   at NLog.Layouts.LayoutParser.ParseLayoutRenderer(ConfigurationItemFactory configurationItemFactory, SimpleStringReader sr) in C:\dev\NLog\src\NLog\Layouts\LayoutParser.cs:line 345
   at NLog.Layouts.LayoutParser.CompileLayout(ConfigurationItemFactory configurationItemFactory, SimpleStringReader sr, Boolean isNested, String& text) in C:\dev\NLog\src\NLog\Layouts\LayoutParser.cs:line 108
   at NLog.Layouts.SimpleLayout.set_Text(String value) in C:\dev\NLog\src\NLog\Layouts\SimpleLayout.cs:line 119
   at NLog.Layouts.SimpleLayout..ctor(String txt, ConfigurationItemFactory configurationItemFactory) in C:\dev\NLog\src\NLog\Layouts\SimpleLayout.cs:line 88
   at NLog.Layouts.Layout.FromString(String layoutText, ConfigurationItemFactory configurationItemFactory) in C:\dev\NLog\src\NLog\Layouts\Layout.cs:line 104
   at NLog.Layouts.Layout.FromString(String layoutText) in C:\dev\NLog\src\NLog\Layouts\Layout.cs:line 93
   at NLog.Layouts.Layout.op_Implicit(String text) in C:\dev\NLog\src\NLog\Layouts\Layout.cs:line 83
   at NLog.Targets.TargetWithLayout..ctor() in C:\dev\NLog\src\NLog\Targets\TargetWithLayout.cs:line 54
   at NLog.UnitTests.Common.LastLogEventListTarget..ctor()
   at NLog.UnitTests.Fluent.LogBuilderTests..ctor() in C:\dev\NLog\tests\NLog.UnitTests\Fluent\LogBuilderTests.cs:line 54]]></stack-trace>
        </failure>
      </test>
      <test name="NLog.UnitTests.Fluent.LogBuilderTests.WarnWriteProperties" type="NLog.UnitTests.Fluent.LogBuilderTests" method="WarnWriteProperties" time="0" result="Fail">
        <failure exception-type="System.ArgumentException">
          <message><![CDATA[System.ArgumentException : LayoutRenderer cannot be found: 'longdate']]></message>
          <stack-trace><![CDATA[   at NLog.Config.Factory`2.CreateInstance(String name) in C:\dev\NLog\src\NLog\Config\Factory.cs:line 199
   at NLog.Layouts.LayoutParser.ParseLayoutRenderer(ConfigurationItemFactory configurationItemFactory, SimpleStringReader sr) in C:\dev\NLog\src\NLog\Layouts\LayoutParser.cs:line 345
   at NLog.Layouts.LayoutParser.CompileLayout(ConfigurationItemFactory configurationItemFactory, SimpleStringReader sr, Boolean isNested, String& text) in C:\dev\NLog\src\NLog\Layouts\LayoutParser.cs:line 108
   at NLog.Layouts.SimpleLayout.set_Text(String value) in C:\dev\NLog\src\NLog\Layouts\SimpleLayout.cs:line 119
   at NLog.Layouts.SimpleLayout..ctor(String txt, ConfigurationItemFactory configurationItemFactory) in C:\dev\NLog\src\NLog\Layouts\SimpleLayout.cs:line 88
   at NLog.Layouts.Layout.FromString(String layoutText, ConfigurationItemFactory configurationItemFactory) in C:\dev\NLog\src\NLog\Layouts\Layout.cs:line 104
   at NLog.Layouts.Layout.FromString(String layoutText) in C:\dev\NLog\src\NLog\Layouts\Layout.cs:line 93
   at NLog.Layouts.Layout.op_Implicit(String text) in C:\dev\NLog\src\NLog\Layouts\Layout.cs:line 83
   at NLog.Targets.TargetWithLayout..ctor() in C:\dev\NLog\src\NLog\Targets\TargetWithLayout.cs:line 54
   at NLog.UnitTests.Common.LastLogEventListTarget..ctor()
   at NLog.UnitTests.Fluent.LogBuilderTests..ctor() in C:\dev\NLog\tests\NLog.UnitTests\Fluent\LogBuilderTests.cs:line 54]]></stack-trace>
        </failure>
      </test>
      <test name="NLog.UnitTests.Fluent.LogBuilderTests.TraceWrite_static_builder" type="NLog.UnitTests.Fluent.LogBuilderTests" method="TraceWrite_static_builder" time="0" result="Fail">
        <failure exception-type="System.ArgumentException">
          <message><![CDATA[System.ArgumentException : LayoutRenderer cannot be found: 'longdate']]></message>
          <stack-trace><![CDATA[   at NLog.Config.Factory`2.CreateInstance(String name) in C:\dev\NLog\src\NLog\Config\Factory.cs:line 199
   at NLog.Layouts.LayoutParser.ParseLayoutRenderer(ConfigurationItemFactory configurationItemFactory, SimpleStringReader sr) in C:\dev\NLog\src\NLog\Layouts\LayoutParser.cs:line 345
   at NLog.Layouts.LayoutParser.CompileLayout(ConfigurationItemFactory configurationItemFactory, SimpleStringReader sr, Boolean isNested, String& text) in C:\dev\NLog\src\NLog\Layouts\LayoutParser.cs:line 108
   at NLog.Layouts.SimpleLayout.set_Text(String value) in C:\dev\NLog\src\NLog\Layouts\SimpleLayout.cs:line 119
   at NLog.Layouts.SimpleLayout..ctor(String txt, ConfigurationItemFactory configurationItemFactory) in C:\dev\NLog\src\NLog\Layouts\SimpleLayout.cs:line 88
   at NLog.Layouts.Layout.FromString(String layoutText, ConfigurationItemFactory configurationItemFactory) in C:\dev\NLog\src\NLog\Layouts\Layout.cs:line 104
   at NLog.Layouts.Layout.FromString(String layoutText) in C:\dev\NLog\src\NLog\Layouts\Layout.cs:line 93
   at NLog.Layouts.Layout.op_Implicit(String text) in C:\dev\NLog\src\NLog\Layouts\Layout.cs:line 83
   at NLog.Targets.TargetWithLayout..ctor() in C:\dev\NLog\src\NLog\Targets\TargetWithLayout.cs:line 54
   at NLog.UnitTests.Common.LastLogEventListTarget..ctor()
   at NLog.UnitTests.Fluent.LogBuilderTests..ctor() in C:\dev\NLog\tests\NLog.UnitTests\Fluent\LogBuilderTests.cs:line 54]]></stack-trace>
        </failure>
      </test>
      <test name="NLog.UnitTests.Fluent.LogBuilderTests.LogBuilder_null_lead_to_ArgumentNullException" type="NLog.UnitTests.Fluent.LogBuilderTests" method="LogBuilder_null_lead_to_ArgumentNullException" time="0" result="Fail">
        <failure exception-type="System.ArgumentException">
          <message><![CDATA[System.ArgumentException : LayoutRenderer cannot be found: 'longdate']]></message>
          <stack-trace><![CDATA[   at NLog.Config.Factory`2.CreateInstance(String name) in C:\dev\NLog\src\NLog\Config\Factory.cs:line 199
   at NLog.Layouts.LayoutParser.ParseLayoutRenderer(ConfigurationItemFactory configurationItemFactory, SimpleStringReader sr) in C:\dev\NLog\src\NLog\Layouts\LayoutParser.cs:line 345
   at NLog.Layouts.LayoutParser.CompileLayout(ConfigurationItemFactory configurationItemFactory, SimpleStringReader sr, Boolean isNested, String& text) in C:\dev\NLog\src\NLog\Layouts\LayoutParser.cs:line 108
   at NLog.Layouts.SimpleLayout.set_Text(String value) in C:\dev\NLog\src\NLog\Layouts\SimpleLayout.cs:line 119
   at NLog.Layouts.SimpleLayout..ctor(String txt, ConfigurationItemFactory configurationItemFactory) in C:\dev\NLog\src\NLog\Layouts\SimpleLayout.cs:line 88
   at NLog.Layouts.Layout.FromString(String layoutText, ConfigurationItemFactory configurationItemFactory) in C:\dev\NLog\src\NLog\Layouts\Layout.cs:line 104
   at NLog.Layouts.Layout.FromString(String layoutText) in C:\dev\NLog\src\NLog\Layouts\Layout.cs:line 93
   at NLog.Layouts.Layout.op_Implicit(String text) in C:\dev\NLog\src\NLog\Layouts\Layout.cs:line 83
   at NLog.Targets.TargetWithLayout..ctor() in C:\dev\NLog\src\NLog\Targets\TargetWithLayout.cs:line 54
   at NLog.UnitTests.Common.LastLogEventListTarget..ctor()
   at NLog.UnitTests.Fluent.LogBuilderTests..ctor() in C:\dev\NLog\tests\NLog.UnitTests\Fluent\LogBuilderTests.cs:line 54]]></stack-trace>
        </failure>
      </test>
      <test name="NLog.UnitTests.Fluent.LogBuilderTests.FatalWrite" type="NLog.UnitTests.Fluent.LogBuilderTests" method="FatalWrite" time="0" result="Fail">
        <failure exception-type="System.ArgumentException">
          <message><![CDATA[System.ArgumentException : LayoutRenderer cannot be found: 'longdate']]></message>
          <stack-trace><![CDATA[   at NLog.Config.Factory`2.CreateInstance(String name) in C:\dev\NLog\src\NLog\Config\Factory.cs:line 199
   at NLog.Layouts.LayoutParser.ParseLayoutRenderer(ConfigurationItemFactory configurationItemFactory, SimpleStringReader sr) in C:\dev\NLog\src\NLog\Layouts\LayoutParser.cs:line 345
   at NLog.Layouts.LayoutParser.CompileLayout(ConfigurationItemFactory configurationItemFactory, SimpleStringReader sr, Boolean isNested, String& text) in C:\dev\NLog\src\NLog\Layouts\LayoutParser.cs:line 108
   at NLog.Layouts.SimpleLayout.set_Text(String value) in C:\dev\NLog\src\NLog\Layouts\SimpleLayout.cs:line 119
   at NLog.Layouts.SimpleLayout..ctor(String txt, ConfigurationItemFactory configurationItemFactory) in C:\dev\NLog\src\NLog\Layouts\SimpleLayout.cs:line 88
   at NLog.Layouts.Layout.FromString(String layoutText, ConfigurationItemFactory configurationItemFactory) in C:\dev\NLog\src\NLog\Layouts\Layout.cs:line 104
   at NLog.Layouts.Layout.FromString(String layoutText) in C:\dev\NLog\src\NLog\Layouts\Layout.cs:line 93
   at NLog.Layouts.Layout.op_Implicit(String text) in C:\dev\NLog\src\NLog\Layouts\Layout.cs:line 83
   at NLog.Targets.TargetWithLayout..ctor() in C:\dev\NLog\src\NLog\Targets\TargetWithLayout.cs:line 54
   at NLog.UnitTests.Common.LastLogEventListTarget..ctor()
   at NLog.UnitTests.Fluent.LogBuilderTests..ctor() in C:\dev\NLog\tests\NLog.UnitTests\Fluent\LogBuilderTests.cs:line 54]]></stack-trace>
        </failure>
      </test>
      <test name="NLog.UnitTests.Fluent.LogBuilderTests.FatalWrite_static_builder" type="NLog.UnitTests.Fluent.LogBuilderTests" method="FatalWrite_static_builder" time="0" result="Fail">
        <failure exception-type="System.ArgumentException">
          <message><![CDATA[System.ArgumentException : LayoutRenderer cannot be found: 'longdate']]></message>
          <stack-trace><![CDATA[   at NLog.Config.Factory`2.CreateInstance(String name) in C:\dev\NLog\src\NLog\Config\Factory.cs:line 199
   at NLog.Layouts.LayoutParser.ParseLayoutRenderer(ConfigurationItemFactory configurationItemFactory, SimpleStringReader sr) in C:\dev\NLog\src\NLog\Layouts\LayoutParser.cs:line 345
   at NLog.Layouts.LayoutParser.CompileLayout(ConfigurationItemFactory configurationItemFactory, SimpleStringReader sr, Boolean isNested, String& text) in C:\dev\NLog\src\NLog\Layouts\LayoutParser.cs:line 108
   at NLog.Layouts.SimpleLayout.set_Text(String value) in C:\dev\NLog\src\NLog\Layouts\SimpleLayout.cs:line 119
   at NLog.Layouts.SimpleLayout..ctor(String txt, ConfigurationItemFactory configurationItemFactory) in C:\dev\NLog\src\NLog\Layouts\SimpleLayout.cs:line 88
   at NLog.Layouts.Layout.FromString(String layoutText, ConfigurationItemFactory configurationItemFactory) in C:\dev\NLog\src\NLog\Layouts\Layout.cs:line 104
   at NLog.Layouts.Layout.FromString(String layoutText) in C:\dev\NLog\src\NLog\Layouts\Layout.cs:line 93
   at NLog.Layouts.Layout.op_Implicit(String text) in C:\dev\NLog\src\NLog\Layouts\Layout.cs:line 83
   at NLog.Targets.TargetWithLayout..ctor() in C:\dev\NLog\src\NLog\Targets\TargetWithLayout.cs:line 54
   at NLog.UnitTests.Common.LastLogEventListTarget..ctor()
   at NLog.UnitTests.Fluent.LogBuilderTests..ctor() in C:\dev\NLog\tests\NLog.UnitTests\Fluent\LogBuilderTests.cs:line 54]]></stack-trace>
        </failure>
      </test>
      <test name="NLog.UnitTests.Fluent.LogBuilderTests.TraceWrite" type="NLog.UnitTests.Fluent.LogBuilderTests" method="TraceWrite" time="0" result="Fail">
        <failure exception-type="System.ArgumentException">
          <message><![CDATA[System.ArgumentException : LayoutRenderer cannot be found: 'longdate']]></message>
          <stack-trace><![CDATA[   at NLog.Config.Factory`2.CreateInstance(String name) in C:\dev\NLog\src\NLog\Config\Factory.cs:line 199
   at NLog.Layouts.LayoutParser.ParseLayoutRenderer(ConfigurationItemFactory configurationItemFactory, SimpleStringReader sr) in C:\dev\NLog\src\NLog\Layouts\LayoutParser.cs:line 345
   at NLog.Layouts.LayoutParser.CompileLayout(ConfigurationItemFactory configurationItemFactory, SimpleStringReader sr, Boolean isNested, String& text) in C:\dev\NLog\src\NLog\Layouts\LayoutParser.cs:line 108
   at NLog.Layouts.SimpleLayout.set_Text(String value) in C:\dev\NLog\src\NLog\Layouts\SimpleLayout.cs:line 119
   at NLog.Layouts.SimpleLayout..ctor(String txt, ConfigurationItemFactory configurationItemFactory) in C:\dev\NLog\src\NLog\Layouts\SimpleLayout.cs:line 88
   at NLog.Layouts.Layout.FromString(String layoutText, ConfigurationItemFactory configurationItemFactory) in C:\dev\NLog\src\NLog\Layouts\Layout.cs:line 104
   at NLog.Layouts.Layout.FromString(String layoutText) in C:\dev\NLog\src\NLog\Layouts\Layout.cs:line 93
   at NLog.Layouts.Layout.op_Implicit(String text) in C:\dev\NLog\src\NLog\Layouts\Layout.cs:line 83
   at NLog.Targets.TargetWithLayout..ctor() in C:\dev\NLog\src\NLog\Targets\TargetWithLayout.cs:line 54
   at NLog.UnitTests.Common.LastLogEventListTarget..ctor()
   at NLog.UnitTests.Fluent.LogBuilderTests..ctor() in C:\dev\NLog\tests\NLog.UnitTests\Fluent\LogBuilderTests.cs:line 54]]></stack-trace>
        </failure>
      </test>
      <test name="NLog.UnitTests.Fluent.LogBuilderTests.TraceWriteProperties" type="NLog.UnitTests.Fluent.LogBuilderTests" method="TraceWriteProperties" time="0" result="Fail">
        <failure exception-type="System.ArgumentException">
          <message><![CDATA[System.ArgumentException : LayoutRenderer cannot be found: 'longdate']]></message>
          <stack-trace><![CDATA[   at NLog.Config.Factory`2.CreateInstance(String name) in C:\dev\NLog\src\NLog\Config\Factory.cs:line 199
   at NLog.Layouts.LayoutParser.ParseLayoutRenderer(ConfigurationItemFactory configurationItemFactory, SimpleStringReader sr) in C:\dev\NLog\src\NLog\Layouts\LayoutParser.cs:line 345
   at NLog.Layouts.LayoutParser.CompileLayout(ConfigurationItemFactory configurationItemFactory, SimpleStringReader sr, Boolean isNested, String& text) in C:\dev\NLog\src\NLog\Layouts\LayoutParser.cs:line 108
   at NLog.Layouts.SimpleLayout.set_Text(String value) in C:\dev\NLog\src\NLog\Layouts\SimpleLayout.cs:line 119
   at NLog.Layouts.SimpleLayout..ctor(String txt, ConfigurationItemFactory configurationItemFactory) in C:\dev\NLog\src\NLog\Layouts\SimpleLayout.cs:line 88
   at NLog.Layouts.Layout.FromString(String layoutText, ConfigurationItemFactory configurationItemFactory) in C:\dev\NLog\src\NLog\Layouts\Layout.cs:line 104
   at NLog.Layouts.Layout.FromString(String layoutText) in C:\dev\NLog\src\NLog\Layouts\Layout.cs:line 93
   at NLog.Layouts.Layout.op_Implicit(String text) in C:\dev\NLog\src\NLog\Layouts\Layout.cs:line 83
   at NLog.Targets.TargetWithLayout..ctor() in C:\dev\NLog\src\NLog\Targets\TargetWithLayout.cs:line 54
   at NLog.UnitTests.Common.LastLogEventListTarget..ctor()
   at NLog.UnitTests.Fluent.LogBuilderTests..ctor() in C:\dev\NLog\tests\NLog.UnitTests\Fluent\LogBuilderTests.cs:line 54]]></stack-trace>
        </failure>
      </test>
      <test name="NLog.UnitTests.Fluent.LogBuilderTests.LevelWriteProperties" type="NLog.UnitTests.Fluent.LogBuilderTests" method="LevelWriteProperties" time="0" result="Fail">
        <failure exception-type="System.ArgumentException">
          <message><![CDATA[System.ArgumentException : LayoutRenderer cannot be found: 'longdate']]></message>
          <stack-trace><![CDATA[   at NLog.Config.Factory`2.CreateInstance(String name) in C:\dev\NLog\src\NLog\Config\Factory.cs:line 199
   at NLog.Layouts.LayoutParser.ParseLayoutRenderer(ConfigurationItemFactory configurationItemFactory, SimpleStringReader sr) in C:\dev\NLog\src\NLog\Layouts\LayoutParser.cs:line 345
   at NLog.Layouts.LayoutParser.CompileLayout(ConfigurationItemFactory configurationItemFactory, SimpleStringReader sr, Boolean isNested, String& text) in C:\dev\NLog\src\NLog\Layouts\LayoutParser.cs:line 108
   at NLog.Layouts.SimpleLayout.set_Text(String value) in C:\dev\NLog\src\NLog\Layouts\SimpleLayout.cs:line 119
   at NLog.Layouts.SimpleLayout..ctor(String txt, ConfigurationItemFactory configurationItemFactory) in C:\dev\NLog\src\NLog\Layouts\SimpleLayout.cs:line 88
   at NLog.Layouts.Layout.FromString(String layoutText, ConfigurationItemFactory configurationItemFactory) in C:\dev\NLog\src\NLog\Layouts\Layout.cs:line 104
   at NLog.Layouts.Layout.FromString(String layoutText) in C:\dev\NLog\src\NLog\Layouts\Layout.cs:line 93
   at NLog.Layouts.Layout.op_Implicit(String text) in C:\dev\NLog\src\NLog\Layouts\Layout.cs:line 83
   at NLog.Targets.TargetWithLayout..ctor() in C:\dev\NLog\src\NLog\Targets\TargetWithLayout.cs:line 54
   at NLog.UnitTests.Common.LastLogEventListTarget..ctor()
   at NLog.UnitTests.Fluent.LogBuilderTests..ctor() in C:\dev\NLog\tests\NLog.UnitTests\Fluent\LogBuilderTests.cs:line 54]]></stack-trace>
        </failure>
      </test>
      <test name="NLog.UnitTests.Fluent.LogBuilderTests.TraceIfWrite" type="NLog.UnitTests.Fluent.LogBuilderTests" method="TraceIfWrite" time="0" result="Fail">
        <failure exception-type="System.ArgumentException">
          <message><![CDATA[System.ArgumentException : LayoutRenderer cannot be found: 'longdate']]></message>
          <stack-trace><![CDATA[   at NLog.Config.Factory`2.CreateInstance(String name) in C:\dev\NLog\src\NLog\Config\Factory.cs:line 199
   at NLog.Layouts.LayoutParser.ParseLayoutRenderer(ConfigurationItemFactory configurationItemFactory, SimpleStringReader sr) in C:\dev\NLog\src\NLog\Layouts\LayoutParser.cs:line 345
   at NLog.Layouts.LayoutParser.CompileLayout(ConfigurationItemFactory configurationItemFactory, SimpleStringReader sr, Boolean isNested, String& text) in C:\dev\NLog\src\NLog\Layouts\LayoutParser.cs:line 108
   at NLog.Layouts.SimpleLayout.set_Text(String value) in C:\dev\NLog\src\NLog\Layouts\SimpleLayout.cs:line 119
   at NLog.Layouts.SimpleLayout..ctor(String txt, ConfigurationItemFactory configurationItemFactory) in C:\dev\NLog\src\NLog\Layouts\SimpleLayout.cs:line 88
   at NLog.Layouts.Layout.FromString(String layoutText, ConfigurationItemFactory configurationItemFactory) in C:\dev\NLog\src\NLog\Layouts\Layout.cs:line 104
   at NLog.Layouts.Layout.FromString(String layoutText) in C:\dev\NLog\src\NLog\Layouts\Layout.cs:line 93
   at NLog.Layouts.Layout.op_Implicit(String text) in C:\dev\NLog\src\NLog\Layouts\Layout.cs:line 83
   at NLog.Targets.TargetWithLayout..ctor() in C:\dev\NLog\src\NLog\Targets\TargetWithLayout.cs:line 54
   at NLog.UnitTests.Common.LastLogEventListTarget..ctor()
   at NLog.UnitTests.Fluent.LogBuilderTests..ctor() in C:\dev\NLog\tests\NLog.UnitTests\Fluent\LogBuilderTests.cs:line 54]]></stack-trace>
        </failure>
      </test>
      <test name="NLog.UnitTests.Fluent.LogBuilderTests.InfoWrite" type="NLog.UnitTests.Fluent.LogBuilderTests" method="InfoWrite" time="0" result="Fail">
        <failure exception-type="System.ArgumentException">
          <message><![CDATA[System.ArgumentException : LayoutRenderer cannot be found: 'longdate']]></message>
          <stack-trace><![CDATA[   at NLog.Config.Factory`2.CreateInstance(String name) in C:\dev\NLog\src\NLog\Config\Factory.cs:line 199
   at NLog.Layouts.LayoutParser.ParseLayoutRenderer(ConfigurationItemFactory configurationItemFactory, SimpleStringReader sr) in C:\dev\NLog\src\NLog\Layouts\LayoutParser.cs:line 345
   at NLog.Layouts.LayoutParser.CompileLayout(ConfigurationItemFactory configurationItemFactory, SimpleStringReader sr, Boolean isNested, String& text) in C:\dev\NLog\src\NLog\Layouts\LayoutParser.cs:line 108
   at NLog.Layouts.SimpleLayout.set_Text(String value) in C:\dev\NLog\src\NLog\Layouts\SimpleLayout.cs:line 119
   at NLog.Layouts.SimpleLayout..ctor(String txt, ConfigurationItemFactory configurationItemFactory) in C:\dev\NLog\src\NLog\Layouts\SimpleLayout.cs:line 88
   at NLog.Layouts.Layout.FromString(String layoutText, ConfigurationItemFactory configurationItemFactory) in C:\dev\NLog\src\NLog\Layouts\Layout.cs:line 104
   at NLog.Layouts.Layout.FromString(String layoutText) in C:\dev\NLog\src\NLog\Layouts\Layout.cs:line 93
   at NLog.Layouts.Layout.op_Implicit(String text) in C:\dev\NLog\src\NLog\Layouts\Layout.cs:line 83
   at NLog.Targets.TargetWithLayout..ctor() in C:\dev\NLog\src\NLog\Targets\TargetWithLayout.cs:line 54
   at NLog.UnitTests.Common.LastLogEventListTarget..ctor()
   at NLog.UnitTests.Fluent.LogBuilderTests..ctor() in C:\dev\NLog\tests\NLog.UnitTests\Fluent\LogBuilderTests.cs:line 54]]></stack-trace>
        </failure>
      </test>
      <test name="NLog.UnitTests.Fluent.LogBuilderTests.LogOffWriteProperties" type="NLog.UnitTests.Fluent.LogBuilderTests" method="LogOffWriteProperties" time="0" result="Fail">
        <failure exception-type="System.ArgumentException">
          <message><![CDATA[System.ArgumentException : LayoutRenderer cannot be found: 'longdate']]></message>
          <stack-trace><![CDATA[   at NLog.Config.Factory`2.CreateInstance(String name) in C:\dev\NLog\src\NLog\Config\Factory.cs:line 199
   at NLog.Layouts.LayoutParser.ParseLayoutRenderer(ConfigurationItemFactory configurationItemFactory, SimpleStringReader sr) in C:\dev\NLog\src\NLog\Layouts\LayoutParser.cs:line 345
   at NLog.Layouts.LayoutParser.CompileLayout(ConfigurationItemFactory configurationItemFactory, SimpleStringReader sr, Boolean isNested, String& text) in C:\dev\NLog\src\NLog\Layouts\LayoutParser.cs:line 108
   at NLog.Layouts.SimpleLayout.set_Text(String value) in C:\dev\NLog\src\NLog\Layouts\SimpleLayout.cs:line 119
   at NLog.Layouts.SimpleLayout..ctor(String txt, ConfigurationItemFactory configurationItemFactory) in C:\dev\NLog\src\NLog\Layouts\SimpleLayout.cs:line 88
   at NLog.Layouts.Layout.FromString(String layoutText, ConfigurationItemFactory configurationItemFactory) in C:\dev\NLog\src\NLog\Layouts\Layout.cs:line 104
   at NLog.Layouts.Layout.FromString(String layoutText) in C:\dev\NLog\src\NLog\Layouts\Layout.cs:line 93
   at NLog.Layouts.Layout.op_Implicit(String text) in C:\dev\NLog\src\NLog\Layouts\Layout.cs:line 83
   at NLog.Targets.TargetWithLayout..ctor() in C:\dev\NLog\src\NLog\Targets\TargetWithLayout.cs:line 54
   at NLog.UnitTests.Common.LastLogEventListTarget..ctor()
   at NLog.UnitTests.Fluent.LogBuilderTests..ctor() in C:\dev\NLog\tests\NLog.UnitTests\Fluent\LogBuilderTests.cs:line 54]]></stack-trace>
        </failure>
      </test>
      <test name="NLog.UnitTests.Fluent.LogBuilderTests.DebugWrite" type="NLog.UnitTests.Fluent.LogBuilderTests" method="DebugWrite" time="0" result="Fail">
        <failure exception-type="System.ArgumentException">
          <message><![CDATA[System.ArgumentException : LayoutRenderer cannot be found: 'longdate']]></message>
          <stack-trace><![CDATA[   at NLog.Config.Factory`2.CreateInstance(String name) in C:\dev\NLog\src\NLog\Config\Factory.cs:line 199
   at NLog.Layouts.LayoutParser.ParseLayoutRenderer(ConfigurationItemFactory configurationItemFactory, SimpleStringReader sr) in C:\dev\NLog\src\NLog\Layouts\LayoutParser.cs:line 345
   at NLog.Layouts.LayoutParser.CompileLayout(ConfigurationItemFactory configurationItemFactory, SimpleStringReader sr, Boolean isNested, String& text) in C:\dev\NLog\src\NLog\Layouts\LayoutParser.cs:line 108
   at NLog.Layouts.SimpleLayout.set_Text(String value) in C:\dev\NLog\src\NLog\Layouts\SimpleLayout.cs:line 119
   at NLog.Layouts.SimpleLayout..ctor(String txt, ConfigurationItemFactory configurationItemFactory) in C:\dev\NLog\src\NLog\Layouts\SimpleLayout.cs:line 88
   at NLog.Layouts.Layout.FromString(String layoutText, ConfigurationItemFactory configurationItemFactory) in C:\dev\NLog\src\NLog\Layouts\Layout.cs:line 104
   at NLog.Layouts.Layout.FromString(String layoutText) in C:\dev\NLog\src\NLog\Layouts\Layout.cs:line 93
   at NLog.Layouts.Layout.op_Implicit(String text) in C:\dev\NLog\src\NLog\Layouts\Layout.cs:line 83
   at NLog.Targets.TargetWithLayout..ctor() in C:\dev\NLog\src\NLog\Targets\TargetWithLayout.cs:line 54
   at NLog.UnitTests.Common.LastLogEventListTarget..ctor()
   at NLog.UnitTests.Fluent.LogBuilderTests..ctor() in C:\dev\NLog\tests\NLog.UnitTests\Fluent\LogBuilderTests.cs:line 54]]></stack-trace>
        </failure>
      </test>
      <test name="NLog.UnitTests.Fluent.LogBuilderTests.LogBuilder_nLogEventInfo" type="NLog.UnitTests.Fluent.LogBuilderTests" method="LogBuilder_nLogEventInfo" time="0" result="Fail">
        <failure exception-type="System.ArgumentException">
          <message><![CDATA[System.ArgumentException : LayoutRenderer cannot be found: 'longdate']]></message>
          <stack-trace><![CDATA[   at NLog.Config.Factory`2.CreateInstance(String name) in C:\dev\NLog\src\NLog\Config\Factory.cs:line 199
   at NLog.Layouts.LayoutParser.ParseLayoutRenderer(ConfigurationItemFactory configurationItemFactory, SimpleStringReader sr) in C:\dev\NLog\src\NLog\Layouts\LayoutParser.cs:line 345
   at NLog.Layouts.LayoutParser.CompileLayout(ConfigurationItemFactory configurationItemFactory, SimpleStringReader sr, Boolean isNested, String& text) in C:\dev\NLog\src\NLog\Layouts\LayoutParser.cs:line 108
   at NLog.Layouts.SimpleLayout.set_Text(String value) in C:\dev\NLog\src\NLog\Layouts\SimpleLayout.cs:line 119
   at NLog.Layouts.SimpleLayout..ctor(String txt, ConfigurationItemFactory configurationItemFactory) in C:\dev\NLog\src\NLog\Layouts\SimpleLayout.cs:line 88
   at NLog.Layouts.Layout.FromString(String layoutText, ConfigurationItemFactory configurationItemFactory) in C:\dev\NLog\src\NLog\Layouts\Layout.cs:line 104
   at NLog.Layouts.Layout.FromString(String layoutText) in C:\dev\NLog\src\NLog\Layouts\Layout.cs:line 93
   at NLog.Layouts.Layout.op_Implicit(String text) in C:\dev\NLog\src\NLog\Layouts\Layout.cs:line 83
   at NLog.Targets.TargetWithLayout..ctor() in C:\dev\NLog\src\NLog\Targets\TargetWithLayout.cs:line 54
   at NLog.UnitTests.Common.LastLogEventListTarget..ctor()
   at NLog.UnitTests.Fluent.LogBuilderTests..ctor() in C:\dev\NLog\tests\NLog.UnitTests\Fluent\LogBuilderTests.cs:line 54]]></stack-trace>
        </failure>
      </test>
      <test name="NLog.UnitTests.Fluent.LogBuilderTests.ErrorWrite_static_builder" type="NLog.UnitTests.Fluent.LogBuilderTests" method="ErrorWrite_static_builder" time="0" result="Fail">
        <failure exception-type="System.ArgumentException">
          <message><![CDATA[System.ArgumentException : LayoutRenderer cannot be found: 'longdate']]></message>
          <stack-trace><![CDATA[   at NLog.Config.Factory`2.CreateInstance(String name) in C:\dev\NLog\src\NLog\Config\Factory.cs:line 199
   at NLog.Layouts.LayoutParser.ParseLayoutRenderer(ConfigurationItemFactory configurationItemFactory, SimpleStringReader sr) in C:\dev\NLog\src\NLog\Layouts\LayoutParser.cs:line 345
   at NLog.Layouts.LayoutParser.CompileLayout(ConfigurationItemFactory configurationItemFactory, SimpleStringReader sr, Boolean isNested, String& text) in C:\dev\NLog\src\NLog\Layouts\LayoutParser.cs:line 108
   at NLog.Layouts.SimpleLayout.set_Text(String value) in C:\dev\NLog\src\NLog\Layouts\SimpleLayout.cs:line 119
   at NLog.Layouts.SimpleLayout..ctor(String txt, ConfigurationItemFactory configurationItemFactory) in C:\dev\NLog\src\NLog\Layouts\SimpleLayout.cs:line 88
   at NLog.Layouts.Layout.FromString(String layoutText, ConfigurationItemFactory configurationItemFactory) in C:\dev\NLog\src\NLog\Layouts\Layout.cs:line 104
   at NLog.Layouts.Layout.FromString(String layoutText) in C:\dev\NLog\src\NLog\Layouts\Layout.cs:line 93
   at NLog.Layouts.Layout.op_Implicit(String text) in C:\dev\NLog\src\NLog\Layouts\Layout.cs:line 83
   at NLog.Targets.TargetWithLayout..ctor() in C:\dev\NLog\src\NLog\Targets\TargetWithLayout.cs:line 54
   at NLog.UnitTests.Common.LastLogEventListTarget..ctor()
   at NLog.UnitTests.Fluent.LogBuilderTests..ctor() in C:\dev\NLog\tests\NLog.UnitTests\Fluent\LogBuilderTests.cs:line 54]]></stack-trace>
        </failure>
      </test>
      <test name="NLog.UnitTests.Fluent.LogBuilderTests.LogWriteProperties" type="NLog.UnitTests.Fluent.LogBuilderTests" method="LogWriteProperties" time="0" result="Fail">
        <failure exception-type="System.ArgumentException">
          <message><![CDATA[System.ArgumentException : LayoutRenderer cannot be found: 'longdate']]></message>
          <stack-trace><![CDATA[   at NLog.Config.Factory`2.CreateInstance(String name) in C:\dev\NLog\src\NLog\Config\Factory.cs:line 199
   at NLog.Layouts.LayoutParser.ParseLayoutRenderer(ConfigurationItemFactory configurationItemFactory, SimpleStringReader sr) in C:\dev\NLog\src\NLog\Layouts\LayoutParser.cs:line 345
   at NLog.Layouts.LayoutParser.CompileLayout(ConfigurationItemFactory configurationItemFactory, SimpleStringReader sr, Boolean isNested, String& text) in C:\dev\NLog\src\NLog\Layouts\LayoutParser.cs:line 108
   at NLog.Layouts.SimpleLayout.set_Text(String value) in C:\dev\NLog\src\NLog\Layouts\SimpleLayout.cs:line 119
   at NLog.Layouts.SimpleLayout..ctor(String txt, ConfigurationItemFactory configurationItemFactory) in C:\dev\NLog\src\NLog\Layouts\SimpleLayout.cs:line 88
   at NLog.Layouts.Layout.FromString(String layoutText, ConfigurationItemFactory configurationItemFactory) in C:\dev\NLog\src\NLog\Layouts\Layout.cs:line 104
   at NLog.Layouts.Layout.FromString(String layoutText) in C:\dev\NLog\src\NLog\Layouts\Layout.cs:line 93
   at NLog.Layouts.Layout.op_Implicit(String text) in C:\dev\NLog\src\NLog\Layouts\Layout.cs:line 83
   at NLog.Targets.TargetWithLayout..ctor() in C:\dev\NLog\src\NLog\Targets\TargetWithLayout.cs:line 54
   at NLog.UnitTests.Common.LastLogEventListTarget..ctor()
   at NLog.UnitTests.Fluent.LogBuilderTests..ctor() in C:\dev\NLog\tests\NLog.UnitTests\Fluent\LogBuilderTests.cs:line 54]]></stack-trace>
        </failure>
      </test>
      <test name="NLog.UnitTests.Filters.APITests.APITest" type="NLog.UnitTests.Filters.APITests" method="APITest" time="0.0010056" result="Fail">
        <failure exception-type="System.ArgumentOutOfRangeException">
          <message><![CDATA[System.ArgumentOutOfRangeException : Index was out of range. Must be non-negative and less than the size of the collection.
Parameter name: index]]></message>
          <stack-trace><![CDATA[   at System.ThrowHelper.ThrowArgumentOutOfRangeException(ExceptionArgument argument, ExceptionResource resource)
   at System.Collections.Generic.List`1.get_Item(Int32 index)
   at NLog.UnitTests.Filters.APITests.APITest() in C:\dev\NLog\tests\NLog.UnitTests\Filters\APITests.cs:line 59]]></stack-trace>
        </failure>
      </test>
      <test name="NLog.UnitTests.Filters.ConditionBasedFilterTests.WhenTest" type="NLog.UnitTests.Filters.ConditionBasedFilterTests" method="WhenTest" time="0.0005994" result="Fail">
        <failure exception-type="Xunit.Sdk.NotNullException">
          <message><![CDATA[Assert.NotNull() Failure]]></message>
          <stack-trace><![CDATA[   at NLog.UnitTests.NLogTestBase.GetDebugTarget(String targetName, LoggingConfiguration configuration) in C:\dev\NLog\tests\NLog.UnitTests\NLogTestBase.cs:line 109
   at NLog.UnitTests.NLogTestBase.GetDebugTarget(String targetName) in C:\dev\NLog\tests\NLog.UnitTests\NLogTestBase.cs:line 103
   at NLog.UnitTests.NLogTestBase.AssertDebugCounter(String targetName, Int32 val) in C:\dev\NLog\tests\NLog.UnitTests\NLogTestBase.cs:line 76
   at NLog.UnitTests.Filters.ConditionBasedFilterTests.WhenTest() in C:\dev\NLog\tests\NLog.UnitTests\Filters\ConditionBasedFilterTests.cs:line 58]]></stack-trace>
        </failure>
      </test>
      <test name="NLog.UnitTests.Filters.WhenContainsTests.WhenContainsInsensitiveTest" type="NLog.UnitTests.Filters.WhenContainsTests" method="WhenContainsInsensitiveTest" time="0.0005757" result="Fail">
        <failure exception-type="Xunit.Sdk.NotNullException">
          <message><![CDATA[Assert.NotNull() Failure]]></message>
          <stack-trace><![CDATA[   at NLog.UnitTests.NLogTestBase.GetDebugTarget(String targetName, LoggingConfiguration configuration) in C:\dev\NLog\tests\NLog.UnitTests\NLogTestBase.cs:line 109
   at NLog.UnitTests.NLogTestBase.GetDebugTarget(String targetName) in C:\dev\NLog\tests\NLog.UnitTests\NLogTestBase.cs:line 103
   at NLog.UnitTests.NLogTestBase.AssertDebugCounter(String targetName, Int32 val) in C:\dev\NLog\tests\NLog.UnitTests\NLogTestBase.cs:line 76
   at NLog.UnitTests.Filters.WhenContainsTests.WhenContainsInsensitiveTest() in C:\dev\NLog\tests\NLog.UnitTests\Filters\WhenContainsTests.cs:line 81]]></stack-trace>
        </failure>
      </test>
      <test name="NLog.UnitTests.Filters.WhenContainsTests.WhenContainsTest" type="NLog.UnitTests.Filters.WhenContainsTests" method="WhenContainsTest" time="0.0004695" result="Fail">
        <failure exception-type="Xunit.Sdk.NotNullException">
          <message><![CDATA[Assert.NotNull() Failure]]></message>
          <stack-trace><![CDATA[   at NLog.UnitTests.NLogTestBase.GetDebugTarget(String targetName, LoggingConfiguration configuration) in C:\dev\NLog\tests\NLog.UnitTests\NLogTestBase.cs:line 109
   at NLog.UnitTests.NLogTestBase.GetDebugTarget(String targetName) in C:\dev\NLog\tests\NLog.UnitTests\NLogTestBase.cs:line 103
   at NLog.UnitTests.NLogTestBase.AssertDebugCounter(String targetName, Int32 val) in C:\dev\NLog\tests\NLog.UnitTests\NLogTestBase.cs:line 76
   at NLog.UnitTests.Filters.WhenContainsTests.WhenContainsTest() in C:\dev\NLog\tests\NLog.UnitTests\Filters\WhenContainsTests.cs:line 57]]></stack-trace>
        </failure>
      </test>
      <test name="NLog.UnitTests.Filters.WhenEqualTests.WhenEqualInsensitiveTest" type="NLog.UnitTests.Filters.WhenEqualTests" method="WhenEqualInsensitiveTest" time="0.0006674" result="Fail">
        <failure exception-type="Xunit.Sdk.NotNullException">
          <message><![CDATA[Assert.NotNull() Failure]]></message>
          <stack-trace><![CDATA[   at NLog.UnitTests.NLogTestBase.GetDebugTarget(String targetName, LoggingConfiguration configuration) in C:\dev\NLog\tests\NLog.UnitTests\NLogTestBase.cs:line 109
   at NLog.UnitTests.NLogTestBase.GetDebugTarget(String targetName) in C:\dev\NLog\tests\NLog.UnitTests\NLogTestBase.cs:line 103
   at NLog.UnitTests.NLogTestBase.AssertDebugCounter(String targetName, Int32 val) in C:\dev\NLog\tests\NLog.UnitTests\NLogTestBase.cs:line 76
   at NLog.UnitTests.Filters.WhenEqualTests.WhenEqualInsensitiveTest() in C:\dev\NLog\tests\NLog.UnitTests\Filters\WhenEqualTests.cs:line 81]]></stack-trace>
        </failure>
      </test>
      <test name="NLog.UnitTests.Filters.WhenEqualTests.WhenEqualTest" type="NLog.UnitTests.Filters.WhenEqualTests" method="WhenEqualTest" time="0.0005" result="Fail">
        <failure exception-type="Xunit.Sdk.NotNullException">
          <message><![CDATA[Assert.NotNull() Failure]]></message>
          <stack-trace><![CDATA[   at NLog.UnitTests.NLogTestBase.GetDebugTarget(String targetName, LoggingConfiguration configuration) in C:\dev\NLog\tests\NLog.UnitTests\NLogTestBase.cs:line 109
   at NLog.UnitTests.NLogTestBase.GetDebugTarget(String targetName) in C:\dev\NLog\tests\NLog.UnitTests\NLogTestBase.cs:line 103
   at NLog.UnitTests.NLogTestBase.AssertDebugCounter(String targetName, Int32 val) in C:\dev\NLog\tests\NLog.UnitTests\NLogTestBase.cs:line 76
   at NLog.UnitTests.Filters.WhenEqualTests.WhenEqualTest() in C:\dev\NLog\tests\NLog.UnitTests\Filters\WhenEqualTests.cs:line 57]]></stack-trace>
        </failure>
      </test>
      <test name="NLog.UnitTests.Filters.WhenNotContainsTests.WhenNotContainsInsensitiveTest" type="NLog.UnitTests.Filters.WhenNotContainsTests" method="WhenNotContainsInsensitiveTest" time="0.000552" result="Fail">
        <failure exception-type="Xunit.Sdk.NotNullException">
          <message><![CDATA[Assert.NotNull() Failure]]></message>
          <stack-trace><![CDATA[   at NLog.UnitTests.NLogTestBase.GetDebugTarget(String targetName, LoggingConfiguration configuration) in C:\dev\NLog\tests\NLog.UnitTests\NLogTestBase.cs:line 109
   at NLog.UnitTests.NLogTestBase.GetDebugTarget(String targetName) in C:\dev\NLog\tests\NLog.UnitTests\NLogTestBase.cs:line 103
   at NLog.UnitTests.NLogTestBase.AssertDebugCounter(String targetName, Int32 val) in C:\dev\NLog\tests\NLog.UnitTests\NLogTestBase.cs:line 76
   at NLog.UnitTests.Filters.WhenNotContainsTests.WhenNotContainsInsensitiveTest() in C:\dev\NLog\tests\NLog.UnitTests\Filters\WhenNotContainsTests.cs:line 81]]></stack-trace>
        </failure>
      </test>
      <test name="NLog.UnitTests.Filters.WhenNotContainsTests.WhenNotContainsTest" type="NLog.UnitTests.Filters.WhenNotContainsTests" method="WhenNotContainsTest" time="0.0004866" result="Fail">
        <failure exception-type="Xunit.Sdk.NotNullException">
          <message><![CDATA[Assert.NotNull() Failure]]></message>
          <stack-trace><![CDATA[   at NLog.UnitTests.NLogTestBase.GetDebugTarget(String targetName, LoggingConfiguration configuration) in C:\dev\NLog\tests\NLog.UnitTests\NLogTestBase.cs:line 109
   at NLog.UnitTests.NLogTestBase.GetDebugTarget(String targetName) in C:\dev\NLog\tests\NLog.UnitTests\NLogTestBase.cs:line 103
   at NLog.UnitTests.NLogTestBase.AssertDebugCounter(String targetName, Int32 val) in C:\dev\NLog\tests\NLog.UnitTests\NLogTestBase.cs:line 76
   at NLog.UnitTests.Filters.WhenNotContainsTests.WhenNotContainsTest() in C:\dev\NLog\tests\NLog.UnitTests\Filters\WhenNotContainsTests.cs:line 57]]></stack-trace>
        </failure>
      </test>
      <test name="NLog.UnitTests.Filters.WhenNotEqualTests.WhenNotEqualInsensitiveTest" type="NLog.UnitTests.Filters.WhenNotEqualTests" method="WhenNotEqualInsensitiveTest" time="0.0005872" result="Fail">
        <failure exception-type="Xunit.Sdk.NotNullException">
          <message><![CDATA[Assert.NotNull() Failure]]></message>
          <stack-trace><![CDATA[   at NLog.UnitTests.NLogTestBase.GetDebugTarget(String targetName, LoggingConfiguration configuration) in C:\dev\NLog\tests\NLog.UnitTests\NLogTestBase.cs:line 109
   at NLog.UnitTests.NLogTestBase.GetDebugTarget(String targetName) in C:\dev\NLog\tests\NLog.UnitTests\NLogTestBase.cs:line 103
   at NLog.UnitTests.NLogTestBase.AssertDebugCounter(String targetName, Int32 val) in C:\dev\NLog\tests\NLog.UnitTests\NLogTestBase.cs:line 76
   at NLog.UnitTests.Filters.WhenNotEqualTests.WhenNotEqualInsensitiveTest() in C:\dev\NLog\tests\NLog.UnitTests\Filters\WhenNotEqualTests.cs:line 81]]></stack-trace>
        </failure>
      </test>
      <test name="NLog.UnitTests.Filters.WhenNotEqualTests.WhenNotEqualTest" type="NLog.UnitTests.Filters.WhenNotEqualTests" method="WhenNotEqualTest" time="0.0004865" result="Fail">
        <failure exception-type="Xunit.Sdk.NotNullException">
          <message><![CDATA[Assert.NotNull() Failure]]></message>
          <stack-trace><![CDATA[   at NLog.UnitTests.NLogTestBase.GetDebugTarget(String targetName, LoggingConfiguration configuration) in C:\dev\NLog\tests\NLog.UnitTests\NLogTestBase.cs:line 109
   at NLog.UnitTests.NLogTestBase.GetDebugTarget(String targetName) in C:\dev\NLog\tests\NLog.UnitTests\NLogTestBase.cs:line 103
   at NLog.UnitTests.NLogTestBase.AssertDebugCounter(String targetName, Int32 val) in C:\dev\NLog\tests\NLog.UnitTests\NLogTestBase.cs:line 76
   at NLog.UnitTests.Filters.WhenNotEqualTests.WhenNotEqualTest() in C:\dev\NLog\tests\NLog.UnitTests\Filters\WhenNotEqualTests.cs:line 57]]></stack-trace>
        </failure>
      </test>
      <test name="NLog.UnitTests.Config.CaseSensitivityTests.LowerCaseTest" type="NLog.UnitTests.Config.CaseSensitivityTests" method="LowerCaseTest" time="0.0006581" result="Fail">
        <failure exception-type="Xunit.Sdk.NotNullException">
          <message><![CDATA[Assert.NotNull() Failure]]></message>
          <stack-trace><![CDATA[   at NLog.UnitTests.NLogTestBase.GetDebugTarget(String targetName, LoggingConfiguration configuration) in C:\dev\NLog\tests\NLog.UnitTests\NLogTestBase.cs:line 109
   at NLog.UnitTests.NLogTestBase.GetDebugTarget(String targetName) in C:\dev\NLog\tests\NLog.UnitTests\NLogTestBase.cs:line 103
   at NLog.UnitTests.NLogTestBase.AssertDebugCounter(String targetName, Int32 val) in C:\dev\NLog\tests\NLog.UnitTests\NLogTestBase.cs:line 76
   at NLog.UnitTests.Config.CaseSensitivityTests.LowerCaseTest() in C:\dev\NLog\tests\NLog.UnitTests\Config\CaseSensitivityTests.cs:line 62]]></stack-trace>
        </failure>
      </test>
      <test name="NLog.UnitTests.Config.CaseSensitivityTests.UpperCaseTest" type="NLog.UnitTests.Config.CaseSensitivityTests" method="UpperCaseTest" time="0.0003967" result="Fail">
        <failure exception-type="NLog.NLogConfigurationException">
          <message><![CDATA[NLog.NLogConfigurationException : Exception occurred when loading configuration from 
---- System.ArgumentException : Target cannot be found: 'DEBUG']]></message>
          <stack-trace><![CDATA[   at NLog.Config.XmlLoggingConfiguration.Initialize(XmlReader reader, String fileName, Boolean ignoreErrors) in C:\dev\NLog\src\NLog\Config\XmlLoggingConfiguration.cs:line 361
   at NLog.Config.XmlLoggingConfiguration..ctor(XmlReader reader, String fileName) in C:\dev\NLog\src\NLog\Config\XmlLoggingConfiguration.cs:line 138
   at NLog.UnitTests.NLogTestBase.CreateConfigurationFromString(String configXml) in C:\dev\NLog\tests\NLog.UnitTests\NLogTestBase.cs:line 254
   at NLog.UnitTests.Config.CaseSensitivityTests.UpperCaseTest() in C:\dev\NLog\tests\NLog.UnitTests\Config\CaseSensitivityTests.cs:line 80
----- Inner Stack Trace -----
   at NLog.Config.Factory`2.CreateInstance(String name) in C:\dev\NLog\src\NLog\Config\Factory.cs:line 199
   at NLog.Config.XmlLoggingConfiguration.ParseTargetsElement(NLogXmlElement targetsElement) in C:\dev\NLog\src\NLog\Config\XmlLoggingConfiguration.cs:line 723
   at NLog.Config.XmlLoggingConfiguration.ParseNLogElement(NLogXmlElement nlogElement, String filePath, Boolean autoReloadDefault) in C:\dev\NLog\src\NLog\Config\XmlLoggingConfiguration.cs:line 513
   at NLog.Config.XmlLoggingConfiguration.ParseTopLevel(NLogXmlElement content, String filePath, Boolean autoReloadDefault) in C:\dev\NLog\src\NLog\Config\XmlLoggingConfiguration.cs:line 428
   at NLog.Config.XmlLoggingConfiguration.Initialize(XmlReader reader, String fileName, Boolean ignoreErrors) in C:\dev\NLog\src\NLog\Config\XmlLoggingConfiguration.cs:line 339]]></stack-trace>
        </failure>
      </test>
      <test name="NLog.UnitTests.Config.ConfigurationItemFactoryTests.ConfigurationItemFactoryUsesSuppliedDelegateToResolveObject" type="NLog.UnitTests.Config.ConfigurationItemFactoryTests" method="ConfigurationItemFactoryUsesSuppliedDelegateToResolveObject" time="0.0008322" result="Fail">
        <failure exception-type="NLog.NLogConfigurationException">
          <message><![CDATA[NLog.NLogConfigurationException : Cannot access the constructor of type: NLog.Targets.DebugTarget. Is the required permission granted?]]></message>
          <stack-trace><![CDATA[   at NLog.Internal.FactoryHelper.CreateInstance(Type t) in C:\dev\NLog\src\NLog\Internal\FactoryHelper.cs:line 61
   at NLog.UnitTests.Config.ConfigurationItemFactoryTests.<>c__DisplayClass2_0.<ConfigurationItemFactoryUsesSuppliedDelegateToResolveObject>b__0(Type t) in C:\dev\NLog\tests\NLog.UnitTests\Config\ConfigurationItemFactoryTests.cs:line 67
   at NLog.Config.Factory`2.TryCreateInstance(String itemName, TBaseType& result) in C:\dev\NLog\src\NLog\Config\Factory.cs:line 181
   at NLog.Config.Factory`2.CreateInstance(String name) in C:\dev\NLog\src\NLog\Config\Factory.cs:line 194
   at NLog.UnitTests.Config.ConfigurationItemFactoryTests.ConfigurationItemFactoryUsesSuppliedDelegateToResolveObject() in C:\dev\NLog\tests\NLog.UnitTests\Config\ConfigurationItemFactoryTests.cs:line 68]]></stack-trace>
        </failure>
      </test>
      <test name="NLog.UnitTests.Config.ConfigurationItemFactoryTests.ConfigurationItemFactoryDefaultTest" type="NLog.UnitTests.Config.ConfigurationItemFactoryTests" method="ConfigurationItemFactoryDefaultTest" time="0.0003682" result="Fail">
        <failure exception-type="NLog.NLogConfigurationException">
          <message><![CDATA[NLog.NLogConfigurationException : Cannot access the constructor of type: NLog.Targets.DebugTarget. Is the required permission granted?]]></message>
          <stack-trace><![CDATA[   at NLog.Internal.FactoryHelper.CreateInstance(Type t) in C:\dev\NLog\src\NLog\Internal\FactoryHelper.cs:line 61
   at NLog.UnitTests.Config.ConfigurationItemFactoryTests.ConfigurationItemFactoryDefaultTest() in C:\dev\NLog\tests\NLog.UnitTests\Config\ConfigurationItemFactoryTests.cs:line 49]]></stack-trace>
        </failure>
      </test>
      <test name="NLog.UnitTests.Config.ConfigurationItemFactoryTests.ConfigurationItemFactorySimpleTest" type="NLog.UnitTests.Config.ConfigurationItemFactoryTests" method="ConfigurationItemFactorySimpleTest" time="0.000371" result="Fail">
        <failure exception-type="NLog.NLogConfigurationException">
          <message><![CDATA[NLog.NLogConfigurationException : Cannot access the constructor of type: NLog.Targets.DebugTarget. Is the required permission granted?]]></message>
          <stack-trace><![CDATA[   at NLog.Internal.FactoryHelper.CreateInstance(Type t) in C:\dev\NLog\src\NLog\Internal\FactoryHelper.cs:line 61
   at NLog.Config.Factory`2.TryCreateInstance(String itemName, TBaseType& result) in C:\dev\NLog\src\NLog\Config\Factory.cs:line 181
   at NLog.Config.Factory`2.CreateInstance(String name) in C:\dev\NLog\src\NLog\Config\Factory.cs:line 194
   at NLog.UnitTests.Config.ConfigurationItemFactoryTests.ConfigurationItemFactorySimpleTest() in C:\dev\NLog\tests\NLog.UnitTests\Config\ConfigurationItemFactoryTests.cs:line 57]]></stack-trace>
        </failure>
      </test>
      <test name="NLog.UnitTests.Config.CultureInfoTests.WhenInvariantCultureDefinedThenDefaultCultureIsInvariantCulture" type="NLog.UnitTests.Config.CultureInfoTests" method="WhenInvariantCultureDefinedThenDefaultCultureIsInvariantCulture" time="0.0024601" result="Pass" />
      <test name="NLog.UnitTests.Config.IncludeTests.IncludeNotExistingTest" type="NLog.UnitTests.Config.IncludeTests" method="IncludeNotExistingTest" time="0.0064282" result="Pass" />
      <test name="NLog.UnitTests.Config.IncludeTests.IncludeNotExistingIgnoredTest" type="NLog.UnitTests.Config.IncludeTests" method="IncludeNotExistingIgnoredTest" time="0.0038866" result="Fail">
        <failure exception-type="Xunit.Sdk.NotNullException">
          <message><![CDATA[Assert.NotNull() Failure]]></message>
          <stack-trace><![CDATA[   at NLog.UnitTests.NLogTestBase.GetDebugTarget(String targetName, LoggingConfiguration configuration) in C:\dev\NLog\tests\NLog.UnitTests\NLogTestBase.cs:line 109
   at NLog.UnitTests.NLogTestBase.GetDebugLastMessage(String targetName, LoggingConfiguration configuration) in C:\dev\NLog\tests\NLog.UnitTests\NLogTestBase.cs:line 98
   at NLog.UnitTests.NLogTestBase.GetDebugLastMessage(String targetName) in C:\dev\NLog\tests\NLog.UnitTests\NLogTestBase.cs:line 93
   at NLog.UnitTests.NLogTestBase.AssertDebugLastMessage(String targetName, String msg) in C:\dev\NLog\tests\NLog.UnitTests\NLogTestBase.cs:line 81
   at NLog.UnitTests.Config.IncludeTests.IncludeNotExistingIgnoredTest() in C:\dev\NLog\tests\NLog.UnitTests\Config\IncludeTests.cs:line 152]]></stack-trace>
        </failure>
      </test>
      <test name="NLog.UnitTests.Config.IncludeTests.IncludeTest" type="NLog.UnitTests.Config.IncludeTests" method="IncludeTest" time="0.0072898" result="Fail">
        <failure exception-type="NLog.NLogConfigurationException">
          <message><![CDATA[NLog.NLogConfigurationException : Exception occurred when loading configuration from C:\Users\vlaine\AppData\Local\Temp\75a144fd-fa2b-4fba-9b10-3f5778413b9a\main.nlog
---- NLog.NLogConfigurationException : Error when including: C:\Users\vlaine\AppData\Local\Temp\75a144fd-fa2b-4fba-9b10-3f5778413b9a\included.nlog
-------- System.ArgumentException : Target cannot be found: 'Debug']]></message>
          <stack-trace><![CDATA[   at NLog.Config.XmlLoggingConfiguration.Initialize(XmlReader reader, String fileName, Boolean ignoreErrors) in C:\dev\NLog\src\NLog\Config\XmlLoggingConfiguration.cs:line 361
   at NLog.Config.XmlLoggingConfiguration..ctor(String fileName) in C:\dev\NLog\src\NLog\Config\XmlLoggingConfiguration.cs:line 88
   at NLog.UnitTests.Config.IncludeTests.IncludeTest() in C:\dev\NLog\tests\NLog.UnitTests\Config\IncludeTests.cs:line 80
----- Inner Stack Trace -----
   at NLog.Config.XmlLoggingConfiguration.ParseIncludeElement(NLogXmlElement includeElement, String baseDirectory, Boolean autoReloadDefault) in C:\dev\NLog\src\NLog\Config\XmlLoggingConfiguration.cs:line 964
   at NLog.Config.XmlLoggingConfiguration.ParseNLogElement(NLogXmlElement nlogElement, String filePath, Boolean autoReloadDefault) in C:\dev\NLog\src\NLog\Config\XmlLoggingConfiguration.cs:line 508
   at NLog.Config.XmlLoggingConfiguration.ParseTopLevel(NLogXmlElement content, String filePath, Boolean autoReloadDefault) in C:\dev\NLog\src\NLog\Config\XmlLoggingConfiguration.cs:line 428
   at NLog.Config.XmlLoggingConfiguration.Initialize(XmlReader reader, String fileName, Boolean ignoreErrors) in C:\dev\NLog\src\NLog\Config\XmlLoggingConfiguration.cs:line 333
----- Inner Stack Trace -----
   at NLog.Config.Factory`2.CreateInstance(String name) in C:\dev\NLog\src\NLog\Config\Factory.cs:line 199
   at NLog.Config.XmlLoggingConfiguration.ParseTargetsElement(NLogXmlElement targetsElement) in C:\dev\NLog\src\NLog\Config\XmlLoggingConfiguration.cs:line 723
   at NLog.Config.XmlLoggingConfiguration.ParseNLogElement(NLogXmlElement nlogElement, String filePath, Boolean autoReloadDefault) in C:\dev\NLog\src\NLog\Config\XmlLoggingConfiguration.cs:line 513
   at NLog.Config.XmlLoggingConfiguration.ParseTopLevel(NLogXmlElement content, String filePath, Boolean autoReloadDefault) in C:\dev\NLog\src\NLog\Config\XmlLoggingConfiguration.cs:line 428
   at NLog.Config.XmlLoggingConfiguration.ConfigureFromFile(String fileName, Boolean autoReloadDefault) in C:\dev\NLog\src\NLog\Config\XmlLoggingConfiguration.cs:line 406
   at NLog.Config.XmlLoggingConfiguration.ParseIncludeElement(NLogXmlElement includeElement, String baseDirectory, Boolean autoReloadDefault) in C:\dev\NLog\src\NLog\Config\XmlLoggingConfiguration.cs:line 943]]></stack-trace>
        </failure>
      </test>
      <test name="NLog.UnitTests.Config.InternalLoggingTests.InternalLoggingConfigTest2" type="NLog.UnitTests.Config.InternalLoggingTests" method="InternalLoggingConfigTest2" time="0.0003868" result="Pass" />
      <test name="NLog.UnitTests.Config.InternalLoggingTests.InternalLoggingConfigTest1" type="NLog.UnitTests.Config.InternalLoggingTests" method="InternalLoggingConfigTest1" time="0.0070338" result="Pass" />
      <test name="NLog.UnitTests.Config.ReloadTests.TestMainConfigReloadIncludedConfigNoReload" type="NLog.UnitTests.Config.ReloadTests" method="TestMainConfigReloadIncludedConfigNoReload" time="0.0111623" result="Fail">
        <failure exception-type="NLog.NLogConfigurationException">
          <message><![CDATA[NLog.NLogConfigurationException : Exception occurred when loading configuration from C:\Users\vlaine\AppData\Local\Temp\fe492c21-3d5c-46c0-b6d4-42f0a6dc72f2\main.nlog
---- NLog.NLogConfigurationException : Error when including: C:\Users\vlaine\AppData\Local\Temp\fe492c21-3d5c-46c0-b6d4-42f0a6dc72f2\included.nlog
-------- System.ArgumentException : Target cannot be found: 'Debug']]></message>
          <stack-trace><![CDATA[   at NLog.Config.XmlLoggingConfiguration.Initialize(XmlReader reader, String fileName, Boolean ignoreErrors) in C:\dev\NLog\src\NLog\Config\XmlLoggingConfiguration.cs:line 361
   at NLog.Config.XmlLoggingConfiguration..ctor(String fileName) in C:\dev\NLog\src\NLog\Config\XmlLoggingConfiguration.cs:line 88
   at NLog.UnitTests.Config.ReloadTests.TestMainConfigReloadIncludedConfigNoReload() in C:\dev\NLog\tests\NLog.UnitTests\Config\ReloadTests.cs:line 456
----- Inner Stack Trace -----
   at NLog.Config.XmlLoggingConfiguration.ParseIncludeElement(NLogXmlElement includeElement, String baseDirectory, Boolean autoReloadDefault) in C:\dev\NLog\src\NLog\Config\XmlLoggingConfiguration.cs:line 964
   at NLog.Config.XmlLoggingConfiguration.ParseNLogElement(NLogXmlElement nlogElement, String filePath, Boolean autoReloadDefault) in C:\dev\NLog\src\NLog\Config\XmlLoggingConfiguration.cs:line 508
   at NLog.Config.XmlLoggingConfiguration.ParseTopLevel(NLogXmlElement content, String filePath, Boolean autoReloadDefault) in C:\dev\NLog\src\NLog\Config\XmlLoggingConfiguration.cs:line 428
   at NLog.Config.XmlLoggingConfiguration.Initialize(XmlReader reader, String fileName, Boolean ignoreErrors) in C:\dev\NLog\src\NLog\Config\XmlLoggingConfiguration.cs:line 333
----- Inner Stack Trace -----
   at NLog.Config.Factory`2.CreateInstance(String name) in C:\dev\NLog\src\NLog\Config\Factory.cs:line 199
   at NLog.Config.XmlLoggingConfiguration.ParseTargetsElement(NLogXmlElement targetsElement) in C:\dev\NLog\src\NLog\Config\XmlLoggingConfiguration.cs:line 723
   at NLog.Config.XmlLoggingConfiguration.ParseNLogElement(NLogXmlElement nlogElement, String filePath, Boolean autoReloadDefault) in C:\dev\NLog\src\NLog\Config\XmlLoggingConfiguration.cs:line 513
   at NLog.Config.XmlLoggingConfiguration.ParseTopLevel(NLogXmlElement content, String filePath, Boolean autoReloadDefault) in C:\dev\NLog\src\NLog\Config\XmlLoggingConfiguration.cs:line 428
   at NLog.Config.XmlLoggingConfiguration.ConfigureFromFile(String fileName, Boolean autoReloadDefault) in C:\dev\NLog\src\NLog\Config\XmlLoggingConfiguration.cs:line 406
   at NLog.Config.XmlLoggingConfiguration.ParseIncludeElement(NLogXmlElement includeElement, String baseDirectory, Boolean autoReloadDefault) in C:\dev\NLog\src\NLog\Config\XmlLoggingConfiguration.cs:line 943]]></stack-trace>
        </failure>
      </test>
      <test name="NLog.UnitTests.Config.ReloadTests.TestAutoReloadOnFileCopy" type="NLog.UnitTests.Config.ReloadTests" method="TestAutoReloadOnFileCopy" time="0.0047748" result="Fail">
        <failure exception-type="Xunit.Sdk.NotNullException">
          <message><![CDATA[Assert.NotNull() Failure]]></message>
          <stack-trace><![CDATA[   at NLog.UnitTests.NLogTestBase.GetDebugTarget(String targetName, LoggingConfiguration configuration) in C:\dev\NLog\tests\NLog.UnitTests\NLogTestBase.cs:line 109
   at NLog.UnitTests.NLogTestBase.GetDebugLastMessage(String targetName, LoggingConfiguration configuration) in C:\dev\NLog\tests\NLog.UnitTests\NLogTestBase.cs:line 98
   at NLog.UnitTests.NLogTestBase.GetDebugLastMessage(String targetName) in C:\dev\NLog\tests\NLog.UnitTests\NLogTestBase.cs:line 93
   at NLog.UnitTests.NLogTestBase.AssertDebugLastMessage(String targetName, String msg) in C:\dev\NLog\tests\NLog.UnitTests\NLogTestBase.cs:line 81
   at NLog.UnitTests.Config.ReloadTests.TestAutoReloadOnFileCopy() in C:\dev\NLog\tests\NLog.UnitTests\Config\ReloadTests.cs:line 218]]></stack-trace>
        </failure>
      </test>
      <test name="NLog.UnitTests.Config.ReloadTests.TestNoAutoReload" type="NLog.UnitTests.Config.ReloadTests" method="TestNoAutoReload" time="0.0054923" result="Fail">
        <failure exception-type="Xunit.Sdk.NotNullException">
          <message><![CDATA[Assert.NotNull() Failure]]></message>
          <stack-trace><![CDATA[   at NLog.UnitTests.NLogTestBase.GetDebugTarget(String targetName, LoggingConfiguration configuration) in C:\dev\NLog\tests\NLog.UnitTests\NLogTestBase.cs:line 109
   at NLog.UnitTests.NLogTestBase.GetDebugLastMessage(String targetName, LoggingConfiguration configuration) in C:\dev\NLog\tests\NLog.UnitTests\NLogTestBase.cs:line 98
   at NLog.UnitTests.NLogTestBase.GetDebugLastMessage(String targetName) in C:\dev\NLog\tests\NLog.UnitTests\NLogTestBase.cs:line 93
   at NLog.UnitTests.NLogTestBase.AssertDebugLastMessage(String targetName, String msg) in C:\dev\NLog\tests\NLog.UnitTests\NLogTestBase.cs:line 81
   at NLog.UnitTests.Config.ReloadTests.TestNoAutoReload() in C:\dev\NLog\tests\NLog.UnitTests\Config\ReloadTests.cs:line 71]]></stack-trace>
        </failure>
      </test>
      <test name="NLog.UnitTests.Config.ReloadTests.TestMainConfigReload" type="NLog.UnitTests.Config.ReloadTests" method="TestMainConfigReload" time="0.0078025" result="Fail">
        <failure exception-type="NLog.NLogConfigurationException">
          <message><![CDATA[NLog.NLogConfigurationException : Exception occurred when loading configuration from C:\Users\vlaine\AppData\Local\Temp\03517c2c-0781-48dd-95cf-ab1b19ece7c0\main.nlog
---- NLog.NLogConfigurationException : Error when including: C:\Users\vlaine\AppData\Local\Temp\03517c2c-0781-48dd-95cf-ab1b19ece7c0\included.nlog
-------- System.ArgumentException : Target cannot be found: 'Debug']]></message>
          <stack-trace><![CDATA[   at NLog.Config.XmlLoggingConfiguration.Initialize(XmlReader reader, String fileName, Boolean ignoreErrors) in C:\dev\NLog\src\NLog\Config\XmlLoggingConfiguration.cs:line 361
   at NLog.Config.XmlLoggingConfiguration..ctor(String fileName) in C:\dev\NLog\src\NLog\Config\XmlLoggingConfiguration.cs:line 88
   at NLog.UnitTests.Config.ReloadTests.TestMainConfigReload() in C:\dev\NLog\tests\NLog.UnitTests\Config\ReloadTests.cs:line 396
----- Inner Stack Trace -----
   at NLog.Config.XmlLoggingConfiguration.ParseIncludeElement(NLogXmlElement includeElement, String baseDirectory, Boolean autoReloadDefault) in C:\dev\NLog\src\NLog\Config\XmlLoggingConfiguration.cs:line 964
   at NLog.Config.XmlLoggingConfiguration.ParseNLogElement(NLogXmlElement nlogElement, String filePath, Boolean autoReloadDefault) in C:\dev\NLog\src\NLog\Config\XmlLoggingConfiguration.cs:line 508
   at NLog.Config.XmlLoggingConfiguration.ParseTopLevel(NLogXmlElement content, String filePath, Boolean autoReloadDefault) in C:\dev\NLog\src\NLog\Config\XmlLoggingConfiguration.cs:line 428
   at NLog.Config.XmlLoggingConfiguration.Initialize(XmlReader reader, String fileName, Boolean ignoreErrors) in C:\dev\NLog\src\NLog\Config\XmlLoggingConfiguration.cs:line 333
----- Inner Stack Trace -----
   at NLog.Config.Factory`2.CreateInstance(String name) in C:\dev\NLog\src\NLog\Config\Factory.cs:line 199
   at NLog.Config.XmlLoggingConfiguration.ParseTargetsElement(NLogXmlElement targetsElement) in C:\dev\NLog\src\NLog\Config\XmlLoggingConfiguration.cs:line 723
   at NLog.Config.XmlLoggingConfiguration.ParseNLogElement(NLogXmlElement nlogElement, String filePath, Boolean autoReloadDefault) in C:\dev\NLog\src\NLog\Config\XmlLoggingConfiguration.cs:line 513
   at NLog.Config.XmlLoggingConfiguration.ParseTopLevel(NLogXmlElement content, String filePath, Boolean autoReloadDefault) in C:\dev\NLog\src\NLog\Config\XmlLoggingConfiguration.cs:line 428
   at NLog.Config.XmlLoggingConfiguration.ConfigureFromFile(String fileName, Boolean autoReloadDefault) in C:\dev\NLog\src\NLog\Config\XmlLoggingConfiguration.cs:line 406
   at NLog.Config.XmlLoggingConfiguration.ParseIncludeElement(NLogXmlElement includeElement, String baseDirectory, Boolean autoReloadDefault) in C:\dev\NLog\src\NLog\Config\XmlLoggingConfiguration.cs:line 943]]></stack-trace>
        </failure>
      </test>
      <test name="NLog.UnitTests.Config.ReloadTests.TestIncludedConfigReload" type="NLog.UnitTests.Config.ReloadTests" method="TestIncludedConfigReload" time="0.0094236" result="Fail">
        <failure exception-type="NLog.NLogConfigurationException">
          <message><![CDATA[NLog.NLogConfigurationException : Exception occurred when loading configuration from C:\Users\vlaine\AppData\Local\Temp\4140809f-9ae4-4d02-96b0-ad1dece512eb\main.nlog
---- NLog.NLogConfigurationException : Error when including: C:\Users\vlaine\AppData\Local\Temp\4140809f-9ae4-4d02-96b0-ad1dece512eb\included.nlog
-------- System.ArgumentException : Target cannot be found: 'Debug']]></message>
          <stack-trace><![CDATA[   at NLog.Config.XmlLoggingConfiguration.Initialize(XmlReader reader, String fileName, Boolean ignoreErrors) in C:\dev\NLog\src\NLog\Config\XmlLoggingConfiguration.cs:line 361
   at NLog.Config.XmlLoggingConfiguration..ctor(String fileName) in C:\dev\NLog\src\NLog\Config\XmlLoggingConfiguration.cs:line 88
   at NLog.UnitTests.Config.ReloadTests.TestIncludedConfigReload() in C:\dev\NLog\tests\NLog.UnitTests\Config\ReloadTests.cs:line 335
----- Inner Stack Trace -----
   at NLog.Config.XmlLoggingConfiguration.ParseIncludeElement(NLogXmlElement includeElement, String baseDirectory, Boolean autoReloadDefault) in C:\dev\NLog\src\NLog\Config\XmlLoggingConfiguration.cs:line 964
   at NLog.Config.XmlLoggingConfiguration.ParseNLogElement(NLogXmlElement nlogElement, String filePath, Boolean autoReloadDefault) in C:\dev\NLog\src\NLog\Config\XmlLoggingConfiguration.cs:line 508
   at NLog.Config.XmlLoggingConfiguration.ParseTopLevel(NLogXmlElement content, String filePath, Boolean autoReloadDefault) in C:\dev\NLog\src\NLog\Config\XmlLoggingConfiguration.cs:line 428
   at NLog.Config.XmlLoggingConfiguration.Initialize(XmlReader reader, String fileName, Boolean ignoreErrors) in C:\dev\NLog\src\NLog\Config\XmlLoggingConfiguration.cs:line 333
----- Inner Stack Trace -----
   at NLog.Config.Factory`2.CreateInstance(String name) in C:\dev\NLog\src\NLog\Config\Factory.cs:line 199
   at NLog.Config.XmlLoggingConfiguration.ParseTargetsElement(NLogXmlElement targetsElement) in C:\dev\NLog\src\NLog\Config\XmlLoggingConfiguration.cs:line 723
   at NLog.Config.XmlLoggingConfiguration.ParseNLogElement(NLogXmlElement nlogElement, String filePath, Boolean autoReloadDefault) in C:\dev\NLog\src\NLog\Config\XmlLoggingConfiguration.cs:line 513
   at NLog.Config.XmlLoggingConfiguration.ParseTopLevel(NLogXmlElement content, String filePath, Boolean autoReloadDefault) in C:\dev\NLog\src\NLog\Config\XmlLoggingConfiguration.cs:line 428
   at NLog.Config.XmlLoggingConfiguration.ConfigureFromFile(String fileName, Boolean autoReloadDefault) in C:\dev\NLog\src\NLog\Config\XmlLoggingConfiguration.cs:line 406
   at NLog.Config.XmlLoggingConfiguration.ParseIncludeElement(NLogXmlElement includeElement, String baseDirectory, Boolean autoReloadDefault) in C:\dev\NLog\src\NLog\Config\XmlLoggingConfiguration.cs:line 943]]></stack-trace>
        </failure>
      </test>
      <test name="NLog.UnitTests.Config.ReloadTests.TestIncludedConfigNoReload" type="NLog.UnitTests.Config.ReloadTests" method="TestIncludedConfigNoReload" time="0.0042572" result="Fail">
        <failure exception-type="NLog.NLogConfigurationException">
          <message><![CDATA[NLog.NLogConfigurationException : Exception occurred when loading configuration from C:\Users\vlaine\AppData\Local\Temp\ae2bd003-aa5f-4034-9366-d040d65b9af9\main.nlog
---- NLog.NLogConfigurationException : Error when including: C:\Users\vlaine\AppData\Local\Temp\ae2bd003-aa5f-4034-9366-d040d65b9af9\included.nlog
-------- System.ArgumentException : Target cannot be found: 'Debug']]></message>
          <stack-trace><![CDATA[   at NLog.Config.XmlLoggingConfiguration.Initialize(XmlReader reader, String fileName, Boolean ignoreErrors) in C:\dev\NLog\src\NLog\Config\XmlLoggingConfiguration.cs:line 361
   at NLog.Config.XmlLoggingConfiguration..ctor(String fileName) in C:\dev\NLog\src\NLog\Config\XmlLoggingConfiguration.cs:line 88
   at NLog.UnitTests.Config.ReloadTests.TestIncludedConfigNoReload() in C:\dev\NLog\tests\NLog.UnitTests\Config\ReloadTests.cs:line 280
----- Inner Stack Trace -----
   at NLog.Config.XmlLoggingConfiguration.ParseIncludeElement(NLogXmlElement includeElement, String baseDirectory, Boolean autoReloadDefault) in C:\dev\NLog\src\NLog\Config\XmlLoggingConfiguration.cs:line 964
   at NLog.Config.XmlLoggingConfiguration.ParseNLogElement(NLogXmlElement nlogElement, String filePath, Boolean autoReloadDefault) in C:\dev\NLog\src\NLog\Config\XmlLoggingConfiguration.cs:line 508
   at NLog.Config.XmlLoggingConfiguration.ParseTopLevel(NLogXmlElement content, String filePath, Boolean autoReloadDefault) in C:\dev\NLog\src\NLog\Config\XmlLoggingConfiguration.cs:line 428
   at NLog.Config.XmlLoggingConfiguration.Initialize(XmlReader reader, String fileName, Boolean ignoreErrors) in C:\dev\NLog\src\NLog\Config\XmlLoggingConfiguration.cs:line 333
----- Inner Stack Trace -----
   at NLog.Config.Factory`2.CreateInstance(String name) in C:\dev\NLog\src\NLog\Config\Factory.cs:line 199
   at NLog.Config.XmlLoggingConfiguration.ParseTargetsElement(NLogXmlElement targetsElement) in C:\dev\NLog\src\NLog\Config\XmlLoggingConfiguration.cs:line 723
   at NLog.Config.XmlLoggingConfiguration.ParseNLogElement(NLogXmlElement nlogElement, String filePath, Boolean autoReloadDefault) in C:\dev\NLog\src\NLog\Config\XmlLoggingConfiguration.cs:line 513
   at NLog.Config.XmlLoggingConfiguration.ParseTopLevel(NLogXmlElement content, String filePath, Boolean autoReloadDefault) in C:\dev\NLog\src\NLog\Config\XmlLoggingConfiguration.cs:line 428
   at NLog.Config.XmlLoggingConfiguration.ConfigureFromFile(String fileName, Boolean autoReloadDefault) in C:\dev\NLog\src\NLog\Config\XmlLoggingConfiguration.cs:line 406
   at NLog.Config.XmlLoggingConfiguration.ParseIncludeElement(NLogXmlElement includeElement, String baseDirectory, Boolean autoReloadDefault) in C:\dev\NLog\src\NLog\Config\XmlLoggingConfiguration.cs:line 943]]></stack-trace>
        </failure>
      </test>
      <test name="NLog.UnitTests.Config.ReloadTests.TestAutoReloadOnFileMove" type="NLog.UnitTests.Config.ReloadTests" method="TestAutoReloadOnFileMove" time="0.0031826" result="Fail">
        <failure exception-type="Xunit.Sdk.NotNullException">
          <message><![CDATA[Assert.NotNull() Failure]]></message>
          <stack-trace><![CDATA[   at NLog.UnitTests.NLogTestBase.GetDebugTarget(String targetName, LoggingConfiguration configuration) in C:\dev\NLog\tests\NLog.UnitTests\NLogTestBase.cs:line 109
   at NLog.UnitTests.NLogTestBase.GetDebugLastMessage(String targetName, LoggingConfiguration configuration) in C:\dev\NLog\tests\NLog.UnitTests\NLogTestBase.cs:line 98
   at NLog.UnitTests.NLogTestBase.GetDebugLastMessage(String targetName) in C:\dev\NLog\tests\NLog.UnitTests\NLogTestBase.cs:line 93
   at NLog.UnitTests.NLogTestBase.AssertDebugLastMessage(String targetName, String msg) in C:\dev\NLog\tests\NLog.UnitTests\NLogTestBase.cs:line 81
   at NLog.UnitTests.Config.ReloadTests.TestAutoReloadOnFileMove() in C:\dev\NLog\tests\NLog.UnitTests\Config\ReloadTests.cs:line 161]]></stack-trace>
        </failure>
      </test>
      <test name="NLog.UnitTests.Config.ReloadTests.TestAutoReloadOnFileChange" type="NLog.UnitTests.Config.ReloadTests" method="TestAutoReloadOnFileChange" time="0.0030582" result="Fail">
        <failure exception-type="Xunit.Sdk.NotNullException">
          <message><![CDATA[Assert.NotNull() Failure]]></message>
          <stack-trace><![CDATA[   at NLog.UnitTests.NLogTestBase.GetDebugTarget(String targetName, LoggingConfiguration configuration) in C:\dev\NLog\tests\NLog.UnitTests\NLogTestBase.cs:line 109
   at NLog.UnitTests.NLogTestBase.GetDebugLastMessage(String targetName, LoggingConfiguration configuration) in C:\dev\NLog\tests\NLog.UnitTests\NLogTestBase.cs:line 98
   at NLog.UnitTests.NLogTestBase.GetDebugLastMessage(String targetName) in C:\dev\NLog\tests\NLog.UnitTests\NLogTestBase.cs:line 93
   at NLog.UnitTests.NLogTestBase.AssertDebugLastMessage(String targetName, String msg) in C:\dev\NLog\tests\NLog.UnitTests\NLogTestBase.cs:line 81
   at NLog.UnitTests.Config.ReloadTests.TestAutoReloadOnFileChange() in C:\dev\NLog\tests\NLog.UnitTests\Config\ReloadTests.cs:line 115]]></stack-trace>
        </failure>
      </test>
      <test name="NLog.UnitTests.Config.RuleConfigurationTests.LoggingRule_Final_SuppressesOnlyMatchingLevels" type="NLog.UnitTests.Config.RuleConfigurationTests" method="LoggingRule_Final_SuppressesOnlyMatchingLevels" time="0.0009717" result="Fail">
        <failure exception-type="Xunit.Sdk.TrueException">
          <message><![CDATA[Assert.True() Failure
Expected: True
Actual:   False]]></message>
          <stack-trace><![CDATA[   at NLog.UnitTests.Config.RuleConfigurationTests.LoggingRule_Final_SuppressesOnlyMatchingLevels() in C:\dev\NLog\tests\NLog.UnitTests\Config\RuleConfigurationTests.cs:line 421]]></stack-trace>
        </failure>
      </test>
      <test name="NLog.UnitTests.Config.RuleConfigurationTests.FiltersTest_logFinal" type="NLog.UnitTests.Config.RuleConfigurationTests" method="FiltersTest_logFinal" time="0.0005822" result="Fail">
        <failure exception-type="Xunit.Sdk.NotNullException">
          <message><![CDATA[Assert.NotNull() Failure]]></message>
          <stack-trace><![CDATA[   at NLog.UnitTests.NLogTestBase.GetDebugTarget(String targetName, LoggingConfiguration configuration) in C:\dev\NLog\tests\NLog.UnitTests\NLogTestBase.cs:line 109
   at NLog.UnitTests.NLogTestBase.GetDebugLastMessage(String targetName, LoggingConfiguration configuration) in C:\dev\NLog\tests\NLog.UnitTests\NLogTestBase.cs:line 98
   at NLog.UnitTests.NLogTestBase.GetDebugLastMessage(String targetName) in C:\dev\NLog\tests\NLog.UnitTests\NLogTestBase.cs:line 93
   at NLog.UnitTests.NLogTestBase.AssertDebugLastMessage(String targetName, String msg) in C:\dev\NLog\tests\NLog.UnitTests\NLogTestBase.cs:line 81
   at NLog.UnitTests.Config.RuleConfigurationTests.FiltersTest_logFinal() in C:\dev\NLog\tests\NLog.UnitTests\Config\RuleConfigurationTests.cs:line 360]]></stack-trace>
        </failure>
      </test>
      <test name="NLog.UnitTests.Config.RuleConfigurationTests.SimpleRuleTest" type="NLog.UnitTests.Config.RuleConfigurationTests" method="SimpleRuleTest" time="0.0009629" result="Fail">
        <failure exception-type="Xunit.Sdk.EqualException">
          <message><![CDATA[Assert.Equal() Failure
Expected: 1
Actual:   0]]></message>
          <stack-trace><![CDATA[   at NLog.UnitTests.Config.RuleConfigurationTests.SimpleRuleTest() in C:\dev\NLog\tests\NLog.UnitTests\Config\RuleConfigurationTests.cs:line 74]]></stack-trace>
        </failure>
      </test>
      <test name="NLog.UnitTests.Config.RuleConfigurationTests.NoLevelsTest" type="NLog.UnitTests.Config.RuleConfigurationTests" method="NoLevelsTest" time="0.0006147" result="Fail">
        <failure exception-type="Xunit.Sdk.EqualException">
          <message><![CDATA[Assert.Equal() Failure
Expected: 1
Actual:   0]]></message>
          <stack-trace><![CDATA[   at NLog.UnitTests.Config.RuleConfigurationTests.NoLevelsTest() in C:\dev\NLog\tests\NLog.UnitTests\Config\RuleConfigurationTests.cs:line 143]]></stack-trace>
        </failure>
      </test>
      <test name="NLog.UnitTests.Config.RuleConfigurationTests.SingleLevelTest" type="NLog.UnitTests.Config.RuleConfigurationTests" method="SingleLevelTest" time="0.0005301" result="Fail">
        <failure exception-type="Xunit.Sdk.EqualException">
          <message><![CDATA[Assert.Equal() Failure
Expected: 1
Actual:   0]]></message>
          <stack-trace><![CDATA[   at NLog.UnitTests.Config.RuleConfigurationTests.SingleLevelTest() in C:\dev\NLog\tests\NLog.UnitTests\Config\RuleConfigurationTests.cs:line 102]]></stack-trace>
        </failure>
      </test>
      <test name="NLog.UnitTests.Config.RuleConfigurationTests.ChildRulesTest" type="NLog.UnitTests.Config.RuleConfigurationTests" method="ChildRulesTest" time="0.0005563" result="Fail">
        <failure exception-type="Xunit.Sdk.EqualException">
          <message><![CDATA[Assert.Equal() Failure
Expected: 1
Actual:   0]]></message>
          <stack-trace><![CDATA[   at NLog.UnitTests.Config.RuleConfigurationTests.ChildRulesTest() in C:\dev\NLog\tests\NLog.UnitTests\Config\RuleConfigurationTests.cs:line 259]]></stack-trace>
        </failure>
      </test>
      <test name="NLog.UnitTests.Config.RuleConfigurationTests.FiltersTest_ignore" type="NLog.UnitTests.Config.RuleConfigurationTests" method="FiltersTest_ignore" time="0.0004968" result="Fail">
        <failure exception-type="Xunit.Sdk.NotNullException">
          <message><![CDATA[Assert.NotNull() Failure]]></message>
          <stack-trace><![CDATA[   at NLog.UnitTests.NLogTestBase.GetDebugTarget(String targetName, LoggingConfiguration configuration) in C:\dev\NLog\tests\NLog.UnitTests\NLogTestBase.cs:line 109
   at NLog.UnitTests.NLogTestBase.GetDebugLastMessage(String targetName, LoggingConfiguration configuration) in C:\dev\NLog\tests\NLog.UnitTests\NLogTestBase.cs:line 98
   at NLog.UnitTests.NLogTestBase.GetDebugLastMessage(String targetName) in C:\dev\NLog\tests\NLog.UnitTests\NLogTestBase.cs:line 93
   at NLog.UnitTests.NLogTestBase.AssertDebugLastMessage(String targetName, String msg) in C:\dev\NLog\tests\NLog.UnitTests\NLogTestBase.cs:line 81
   at NLog.UnitTests.Config.RuleConfigurationTests.FiltersTest_ignore() in C:\dev\NLog\tests\NLog.UnitTests\Config\RuleConfigurationTests.cs:line 394]]></stack-trace>
        </failure>
      </test>
      <test name="NLog.UnitTests.Config.RuleConfigurationTests.UnusedTargetsShouldBeLoggedToInternalLogger" type="NLog.UnitTests.Config.RuleConfigurationTests" method="UnusedTargetsShouldBeLoggedToInternalLogger" time="0.0128875" result="Fail">
        <failure exception-type="Xunit.Sdk.TrueException">
          <message><![CDATA[File doesn't contains 'Unused target detected. Add a rule for this target to the configuration. TargetName: d4'
Expected: True
Actual:   False]]></message>
          <stack-trace><![CDATA[   at NLog.UnitTests.NLogTestBase.AssertFileContains(String fileName, String contentToCheck, Encoding encoding) in C:\dev\NLog\tests\NLog.UnitTests\NLogTestBase.cs:line 211
   at NLog.UnitTests.Config.RuleConfigurationTests.UnusedTargetsShouldBeLoggedToInternalLogger() in C:\dev\NLog\tests\NLog.UnitTests\Config\RuleConfigurationTests.cs:line 454]]></stack-trace>
        </failure>
      </test>
      <test name="NLog.UnitTests.Config.RuleConfigurationTests.MultipleRulesSameTargetTest" type="NLog.UnitTests.Config.RuleConfigurationTests" method="MultipleRulesSameTargetTest" time="0.0008425" result="Fail">
        <failure exception-type="System.NullReferenceException">
          <message><![CDATA[System.NullReferenceException : Object reference not set to an instance of an object.]]></message>
          <stack-trace><![CDATA[   at NLog.UnitTests.Config.RuleConfigurationTests.MultipleRulesSameTargetTest() in C:\dev\NLog\tests\NLog.UnitTests\Config\RuleConfigurationTests.cs:line 223]]></stack-trace>
        </failure>
      </test>
      <test name="NLog.UnitTests.Config.RuleConfigurationTests.MinMaxLevelTest" type="NLog.UnitTests.Config.RuleConfigurationTests" method="MinMaxLevelTest" time="0.0007262" result="Fail">
        <failure exception-type="Xunit.Sdk.EqualException">
          <message><![CDATA[Assert.Equal() Failure
Expected: 1
Actual:   0]]></message>
          <stack-trace><![CDATA[   at NLog.UnitTests.Config.RuleConfigurationTests.MinMaxLevelTest() in C:\dev\NLog\tests\NLog.UnitTests\Config\RuleConfigurationTests.cs:line 122]]></stack-trace>
        </failure>
      </test>
      <test name="NLog.UnitTests.Config.RuleConfigurationTests.ExplicitLevelsTest" type="NLog.UnitTests.Config.RuleConfigurationTests" method="ExplicitLevelsTest" time="0.0006306" result="Fail">
        <failure exception-type="Xunit.Sdk.EqualException">
          <message><![CDATA[Assert.Equal() Failure
Expected: 1
Actual:   0]]></message>
          <stack-trace><![CDATA[   at NLog.UnitTests.Config.RuleConfigurationTests.ExplicitLevelsTest() in C:\dev\NLog\tests\NLog.UnitTests\Config\RuleConfigurationTests.cs:line 168]]></stack-trace>
        </failure>
      </test>
      <test name="NLog.UnitTests.Config.RuleConfigurationTests.FiltersTest_ignoreFinal" type="NLog.UnitTests.Config.RuleConfigurationTests" method="FiltersTest_ignoreFinal" time="0.000475" result="Fail">
        <failure exception-type="Xunit.Sdk.NotNullException">
          <message><![CDATA[Assert.NotNull() Failure]]></message>
          <stack-trace><![CDATA[   at NLog.UnitTests.NLogTestBase.GetDebugTarget(String targetName, LoggingConfiguration configuration) in C:\dev\NLog\tests\NLog.UnitTests\NLogTestBase.cs:line 109
   at NLog.UnitTests.NLogTestBase.GetDebugLastMessage(String targetName, LoggingConfiguration configuration) in C:\dev\NLog\tests\NLog.UnitTests\NLogTestBase.cs:line 98
   at NLog.UnitTests.NLogTestBase.GetDebugLastMessage(String targetName) in C:\dev\NLog\tests\NLog.UnitTests\NLogTestBase.cs:line 93
   at NLog.UnitTests.NLogTestBase.AssertDebugLastMessage(String targetName, String msg) in C:\dev\NLog\tests\NLog.UnitTests\NLogTestBase.cs:line 81
   at NLog.UnitTests.Config.RuleConfigurationTests.FiltersTest_ignoreFinal() in C:\dev\NLog\tests\NLog.UnitTests\Config\RuleConfigurationTests.cs:line 327]]></stack-trace>
        </failure>
      </test>
      <test name="NLog.UnitTests.Config.RuleConfigurationTests.MultipleTargetsTest" type="NLog.UnitTests.Config.RuleConfigurationTests" method="MultipleTargetsTest" time="0.0005317" result="Fail">
        <failure exception-type="Xunit.Sdk.EqualException">
          <message><![CDATA[Assert.Equal() Failure
Expected: 1
Actual:   0]]></message>
          <stack-trace><![CDATA[   at NLog.UnitTests.Config.RuleConfigurationTests.MultipleTargetsTest() in C:\dev\NLog\tests\NLog.UnitTests\Config\RuleConfigurationTests.cs:line 193]]></stack-trace>
        </failure>
      </test>
      <test name="NLog.UnitTests.Config.RuleConfigurationTests.FiltersTest" type="NLog.UnitTests.Config.RuleConfigurationTests" method="FiltersTest" time="0.0006675" result="Fail">
        <failure exception-type="Xunit.Sdk.EqualException">
          <message><![CDATA[Assert.Equal() Failure
Expected: 1
Actual:   0]]></message>
          <stack-trace><![CDATA[   at NLog.UnitTests.Config.RuleConfigurationTests.FiltersTest() in C:\dev\NLog\tests\NLog.UnitTests\Config\RuleConfigurationTests.cs:line 288]]></stack-trace>
        </failure>
      </test>
      <test name="NLog.UnitTests.Config.RuleConfigurationTests.NoRulesTest" type="NLog.UnitTests.Config.RuleConfigurationTests" method="NoRulesTest" time="0.0002295" result="Pass" />
      <test name="NLog.UnitTests.Config.TargetConfigurationTests.DefaultWrapperTest" type="NLog.UnitTests.Config.TargetConfigurationTests" method="DefaultWrapperTest" time="0.000645" result="Fail">
        <failure exception-type="Xunit.Sdk.NotNullException">
          <message><![CDATA[Assert.NotNull() Failure]]></message>
          <stack-trace><![CDATA[   at NLog.UnitTests.Config.TargetConfigurationTests.DefaultWrapperTest() in C:\dev\NLog\tests\NLog.UnitTests\Config\TargetConfigurationTests.cs:line 410]]></stack-trace>
        </failure>
      </test>
      <test name="NLog.UnitTests.Config.TargetConfigurationTests.CompoundRefTest" type="NLog.UnitTests.Config.TargetConfigurationTests" method="CompoundRefTest" time="0.0010372" result="Fail">
        <failure exception-type="Xunit.Sdk.NotNullException">
          <message><![CDATA[Assert.NotNull() Failure]]></message>
          <stack-trace><![CDATA[   at NLog.UnitTests.Config.TargetConfigurationTests.CompoundRefTest() in C:\dev\NLog\tests\NLog.UnitTests\Config\TargetConfigurationTests.cs:line 316]]></stack-trace>
        </failure>
      </test>
      <test name="NLog.UnitTests.Config.TargetConfigurationTests.WrapperRefTest" type="NLog.UnitTests.Config.TargetConfigurationTests" method="WrapperRefTest" time="0.000599" result="Fail">
        <failure exception-type="Xunit.Sdk.NotNullException">
          <message><![CDATA[Assert.NotNull() Failure]]></message>
          <stack-trace><![CDATA[   at NLog.UnitTests.Config.TargetConfigurationTests.WrapperRefTest() in C:\dev\NLog\tests\NLog.UnitTests\Config\TargetConfigurationTests.cs:line 234]]></stack-trace>
        </failure>
      </test>
      <test name="NLog.UnitTests.Config.TargetConfigurationTests.SimpleTest" type="NLog.UnitTests.Config.TargetConfigurationTests" method="SimpleTest" time="0.000505" result="Fail">
        <failure exception-type="Xunit.Sdk.NotNullException">
          <message><![CDATA[Assert.NotNull() Failure]]></message>
          <stack-trace><![CDATA[   at NLog.UnitTests.Config.TargetConfigurationTests.SimpleTest() in C:\dev\NLog\tests\NLog.UnitTests\Config\TargetConfigurationTests.cs:line 60]]></stack-trace>
        </failure>
      </test>
      <test name="NLog.UnitTests.Config.TargetConfigurationTests.SimpleElementSyntaxTest" type="NLog.UnitTests.Config.TargetConfigurationTests" method="SimpleElementSyntaxTest" time="0.0006399" result="Fail">
        <failure exception-type="Xunit.Sdk.NotNullException">
          <message><![CDATA[Assert.NotNull() Failure]]></message>
          <stack-trace><![CDATA[   at NLog.UnitTests.Config.TargetConfigurationTests.SimpleElementSyntaxTest() in C:\dev\NLog\tests\NLog.UnitTests\Config\TargetConfigurationTests.cs:line 83]]></stack-trace>
        </failure>
      </test>
      <test name="NLog.UnitTests.Config.TargetConfigurationTests.ArrayElementParameterTest" type="NLog.UnitTests.Config.TargetConfigurationTests" method="ArrayElementParameterTest" time="0.0007969" result="Fail">
        <failure exception-type="Xunit.Sdk.NotNullException">
          <message><![CDATA[Assert.NotNull() Failure]]></message>
          <stack-trace><![CDATA[   at NLog.UnitTests.Config.TargetConfigurationTests.ArrayElementParameterTest() in C:\dev\NLog\tests\NLog.UnitTests\Config\TargetConfigurationTests.cs:line 146]]></stack-trace>
        </failure>
      </test>
      <test name="NLog.UnitTests.Config.TargetConfigurationTests.ArrayParameterTest" type="NLog.UnitTests.Config.TargetConfigurationTests" method="ArrayParameterTest" time="0.0005939" result="Fail">
        <failure exception-type="Xunit.Sdk.NotNullException">
          <message><![CDATA[Assert.NotNull() Failure]]></message>
          <stack-trace><![CDATA[   at NLog.UnitTests.Config.TargetConfigurationTests.ArrayParameterTest() in C:\dev\NLog\tests\NLog.UnitTests\Config\TargetConfigurationTests.cs:line 107]]></stack-trace>
        </failure>
      </test>
      <test name="NLog.UnitTests.Config.TargetConfigurationTests.SimpleTest2" type="NLog.UnitTests.Config.TargetConfigurationTests" method="SimpleTest2" time="0.0006565" result="Fail">
        <failure exception-type="Xunit.Sdk.NotNullException">
          <message><![CDATA[Assert.NotNull() Failure]]></message>
          <stack-trace><![CDATA[   at NLog.UnitTests.Config.TargetConfigurationTests.SimpleTest2() in C:\dev\NLog\tests\NLog.UnitTests\Config\TargetConfigurationTests.cs:line 173]]></stack-trace>
        </failure>
      </test>
      <test name="NLog.UnitTests.Config.TargetConfigurationTests.NullableDataTypesTest" type="NLog.UnitTests.Config.TargetConfigurationTests" method="NullableDataTypesTest" time="0.0052357" result="Fail">
        <failure exception-type="NLog.NLogConfigurationException">
          <message><![CDATA[NLog.NLogConfigurationException : Exception occurred when loading configuration from 
---- NLog.NLogConfigurationException : Error when setting property 'LayoutProperty' on MyNullableTarget Target[myTarget]
-------- System.ArgumentException : LayoutRenderer cannot be found: 'level']]></message>
          <stack-trace><![CDATA[   at NLog.Config.XmlLoggingConfiguration.Initialize(XmlReader reader, String fileName, Boolean ignoreErrors) in C:\dev\NLog\src\NLog\Config\XmlLoggingConfiguration.cs:line 361
   at NLog.Config.XmlLoggingConfiguration..ctor(XmlReader reader, String fileName) in C:\dev\NLog\src\NLog\Config\XmlLoggingConfiguration.cs:line 138
   at NLog.UnitTests.NLogTestBase.CreateConfigurationFromString(String configXml) in C:\dev\NLog\tests\NLog.UnitTests\NLogTestBase.cs:line 254
   at NLog.UnitTests.Config.TargetConfigurationTests.NullableDataTypesTest() in C:\dev\NLog\tests\NLog.UnitTests\Config\TargetConfigurationTests.cs:line 478
----- Inner Stack Trace -----
   at NLog.Internal.PropertyHelper.SetPropertyFromString(Object obj, String propertyName, String value, ConfigurationItemFactory configurationItemFactory) in C:\dev\NLog\src\NLog\Internal\PropertyHelper.cs:line 108
   at NLog.Config.XmlLoggingConfiguration.ConfigureObjectFromAttributes(Object targetObject, NLogXmlElement element, Boolean ignoreType) in C:\dev\NLog\src\NLog\Config\XmlLoggingConfiguration.cs:line 1047
   at NLog.Config.XmlLoggingConfiguration.ParseTargetElement(Target target, NLogXmlElement targetElement) in C:\dev\NLog\src\NLog\Config\XmlLoggingConfiguration.cs:line 755
   at NLog.Config.XmlLoggingConfiguration.ParseTargetsElement(NLogXmlElement targetsElement) in C:\dev\NLog\src\NLog\Config\XmlLoggingConfiguration.cs:line 731
   at NLog.Config.XmlLoggingConfiguration.ParseNLogElement(NLogXmlElement nlogElement, String filePath, Boolean autoReloadDefault) in C:\dev\NLog\src\NLog\Config\XmlLoggingConfiguration.cs:line 513
   at NLog.Config.XmlLoggingConfiguration.ParseTopLevel(NLogXmlElement content, String filePath, Boolean autoReloadDefault) in C:\dev\NLog\src\NLog\Config\XmlLoggingConfiguration.cs:line 428
   at NLog.Config.XmlLoggingConfiguration.Initialize(XmlReader reader, String fileName, Boolean ignoreErrors) in C:\dev\NLog\src\NLog\Config\XmlLoggingConfiguration.cs:line 339
----- Inner Stack Trace -----
   at NLog.Config.Factory`2.CreateInstance(String name) in C:\dev\NLog\src\NLog\Config\Factory.cs:line 199
   at NLog.Layouts.LayoutParser.ParseLayoutRenderer(ConfigurationItemFactory configurationItemFactory, SimpleStringReader sr) in C:\dev\NLog\src\NLog\Layouts\LayoutParser.cs:line 345
   at NLog.Layouts.LayoutParser.CompileLayout(ConfigurationItemFactory configurationItemFactory, SimpleStringReader sr, Boolean isNested, String& text) in C:\dev\NLog\src\NLog\Layouts\LayoutParser.cs:line 108
   at NLog.Layouts.SimpleLayout.set_Text(String value) in C:\dev\NLog\src\NLog\Layouts\SimpleLayout.cs:line 119
   at NLog.Layouts.SimpleLayout..ctor(String txt, ConfigurationItemFactory configurationItemFactory) in C:\dev\NLog\src\NLog\Layouts\SimpleLayout.cs:line 88
   at NLog.Internal.PropertyHelper.TryNLogSpecificConversion(Type propertyType, String value, Object& newValue, ConfigurationItemFactory configurationItemFactory) in C:\dev\NLog\src\NLog\Internal\PropertyHelper.cs:line 227
   at NLog.Internal.PropertyHelper.SetPropertyFromString(Object obj, String propertyName, String value, ConfigurationItemFactory configurationItemFactory) in C:\dev\NLog\src\NLog\Internal\PropertyHelper.cs:line 86]]></stack-trace>
        </failure>
      </test>
      <test name="NLog.UnitTests.Config.TargetConfigurationTests.WrapperTest" type="NLog.UnitTests.Config.TargetConfigurationTests" method="WrapperTest" time="0.0007137" result="Fail">
        <failure exception-type="Xunit.Sdk.NotNullException">
          <message><![CDATA[Assert.NotNull() Failure]]></message>
          <stack-trace><![CDATA[   at NLog.UnitTests.Config.TargetConfigurationTests.WrapperTest() in C:\dev\NLog\tests\NLog.UnitTests\Config\TargetConfigurationTests.cs:line 199]]></stack-trace>
        </failure>
      </test>
      <test name="NLog.UnitTests.Config.TargetConfigurationTests.DefaultTargetParametersTest" type="NLog.UnitTests.Config.TargetConfigurationTests" method="DefaultTargetParametersTest" time="0.00051" result="Fail">
        <failure exception-type="Xunit.Sdk.NotNullException">
          <message><![CDATA[Assert.NotNull() Failure]]></message>
          <stack-trace><![CDATA[   at NLog.UnitTests.Config.TargetConfigurationTests.DefaultTargetParametersTest() in C:\dev\NLog\tests\NLog.UnitTests\Config\TargetConfigurationTests.cs:line 387]]></stack-trace>
        </failure>
      </test>
      <test name="NLog.UnitTests.Config.TargetConfigurationTests.DataTypesTest" type="NLog.UnitTests.Config.TargetConfigurationTests" method="DataTypesTest" time="0.0023988" result="Fail">
        <failure exception-type="NLog.NLogConfigurationException">
          <message><![CDATA[NLog.NLogConfigurationException : Exception occurred when loading configuration from 
---- NLog.NLogConfigurationException : Error when setting property 'LayoutProperty' on MyTarget Target[myTarget]
-------- System.ArgumentException : LayoutRenderer cannot be found: 'level']]></message>
          <stack-trace><![CDATA[   at NLog.Config.XmlLoggingConfiguration.Initialize(XmlReader reader, String fileName, Boolean ignoreErrors) in C:\dev\NLog\src\NLog\Config\XmlLoggingConfiguration.cs:line 361
   at NLog.Config.XmlLoggingConfiguration..ctor(XmlReader reader, String fileName) in C:\dev\NLog\src\NLog\Config\XmlLoggingConfiguration.cs:line 138
   at NLog.UnitTests.NLogTestBase.CreateConfigurationFromString(String configXml) in C:\dev\NLog\tests\NLog.UnitTests\NLogTestBase.cs:line 254
   at NLog.UnitTests.Config.TargetConfigurationTests.DataTypesTest() in C:\dev\NLog\tests\NLog.UnitTests\Config\TargetConfigurationTests.cs:line 425
----- Inner Stack Trace -----
   at NLog.Internal.PropertyHelper.SetPropertyFromString(Object obj, String propertyName, String value, ConfigurationItemFactory configurationItemFactory) in C:\dev\NLog\src\NLog\Internal\PropertyHelper.cs:line 108
   at NLog.Config.XmlLoggingConfiguration.ConfigureObjectFromAttributes(Object targetObject, NLogXmlElement element, Boolean ignoreType) in C:\dev\NLog\src\NLog\Config\XmlLoggingConfiguration.cs:line 1047
   at NLog.Config.XmlLoggingConfiguration.ParseTargetElement(Target target, NLogXmlElement targetElement) in C:\dev\NLog\src\NLog\Config\XmlLoggingConfiguration.cs:line 755
   at NLog.Config.XmlLoggingConfiguration.ParseTargetsElement(NLogXmlElement targetsElement) in C:\dev\NLog\src\NLog\Config\XmlLoggingConfiguration.cs:line 731
   at NLog.Config.XmlLoggingConfiguration.ParseNLogElement(NLogXmlElement nlogElement, String filePath, Boolean autoReloadDefault) in C:\dev\NLog\src\NLog\Config\XmlLoggingConfiguration.cs:line 513
   at NLog.Config.XmlLoggingConfiguration.ParseTopLevel(NLogXmlElement content, String filePath, Boolean autoReloadDefault) in C:\dev\NLog\src\NLog\Config\XmlLoggingConfiguration.cs:line 428
   at NLog.Config.XmlLoggingConfiguration.Initialize(XmlReader reader, String fileName, Boolean ignoreErrors) in C:\dev\NLog\src\NLog\Config\XmlLoggingConfiguration.cs:line 339
----- Inner Stack Trace -----
   at NLog.Config.Factory`2.CreateInstance(String name) in C:\dev\NLog\src\NLog\Config\Factory.cs:line 199
   at NLog.Layouts.LayoutParser.ParseLayoutRenderer(ConfigurationItemFactory configurationItemFactory, SimpleStringReader sr) in C:\dev\NLog\src\NLog\Layouts\LayoutParser.cs:line 345
   at NLog.Layouts.LayoutParser.CompileLayout(ConfigurationItemFactory configurationItemFactory, SimpleStringReader sr, Boolean isNested, String& text) in C:\dev\NLog\src\NLog\Layouts\LayoutParser.cs:line 108
   at NLog.Layouts.SimpleLayout.set_Text(String value) in C:\dev\NLog\src\NLog\Layouts\SimpleLayout.cs:line 119
   at NLog.Layouts.SimpleLayout..ctor(String txt, ConfigurationItemFactory configurationItemFactory) in C:\dev\NLog\src\NLog\Layouts\SimpleLayout.cs:line 88
   at NLog.Internal.PropertyHelper.TryNLogSpecificConversion(Type propertyType, String value, Object& newValue, ConfigurationItemFactory configurationItemFactory) in C:\dev\NLog\src\NLog\Internal\PropertyHelper.cs:line 227
   at NLog.Internal.PropertyHelper.SetPropertyFromString(Object obj, String propertyName, String value, ConfigurationItemFactory configurationItemFactory) in C:\dev\NLog\src\NLog\Internal\PropertyHelper.cs:line 86]]></stack-trace>
        </failure>
      </test>
      <test name="NLog.UnitTests.Config.TargetConfigurationTests.AsyncWrappersTest" type="NLog.UnitTests.Config.TargetConfigurationTests" method="AsyncWrappersTest" time="0.0005463" result="Fail">
        <failure exception-type="Xunit.Sdk.NotNullException">
          <message><![CDATA[Assert.NotNull() Failure]]></message>
          <stack-trace><![CDATA[   at NLog.UnitTests.Config.TargetConfigurationTests.AsyncWrappersTest() in C:\dev\NLog\tests\NLog.UnitTests\Config\TargetConfigurationTests.cs:line 358]]></stack-trace>
        </failure>
      </test>
      <test name="NLog.UnitTests.Config.TargetConfigurationTests.CompoundTest" type="NLog.UnitTests.Config.TargetConfigurationTests" method="CompoundTest" time="0.0010667" result="Fail">
        <failure exception-type="Xunit.Sdk.NotNullException">
          <message><![CDATA[Assert.NotNull() Failure]]></message>
          <stack-trace><![CDATA[   at NLog.UnitTests.Config.TargetConfigurationTests.CompoundTest() in C:\dev\NLog\tests\NLog.UnitTests\Config\TargetConfigurationTests.cs:line 266]]></stack-trace>
        </failure>
      </test>
      <test name="NLog.UnitTests.Config.TimeConfigurationTests.DefaultTimeSourceTest" type="NLog.UnitTests.Config.TimeConfigurationTests" method="DefaultTimeSourceTest" time="0.0003138" result="Pass" />
      <test name="NLog.UnitTests.Config.TimeConfigurationTests.AccurateUtcTest" type="NLog.UnitTests.Config.TimeConfigurationTests" method="AccurateUtcTest" time="0.0008292" result="Fail">
        <failure exception-type="Xunit.Sdk.IsTypeException">
          <message><![CDATA[Assert.IsType() Failure
Expected: NLog.Time.AccurateUtcTimeSource
Actual:   NLog.Time.FastLocalTimeSource]]></message>
          <stack-trace><![CDATA[   at NLog.UnitTests.Config.TimeConfigurationTests.TestTimeSourceConfiguration[T](String type) in C:\dev\NLog\tests\NLog.UnitTests\Config\TimeConfigurationTests.cs:line 87
   at NLog.UnitTests.Config.TimeConfigurationTests.AccurateUtcTest() in C:\dev\NLog\tests\NLog.UnitTests\Config\TimeConfigurationTests.cs:line 64]]></stack-trace>
        </failure>
      </test>
      <test name="NLog.UnitTests.Config.TimeConfigurationTests.FastLocalTest" type="NLog.UnitTests.Config.TimeConfigurationTests" method="FastLocalTest" time="0.0002251" result="Pass" />
      <test name="NLog.UnitTests.Config.TimeConfigurationTests.FastUtcTest" type="NLog.UnitTests.Config.TimeConfigurationTests" method="FastUtcTest" time="0.00038" result="Fail">
        <failure exception-type="Xunit.Sdk.IsTypeException">
          <message><![CDATA[Assert.IsType() Failure
Expected: NLog.Time.FastUtcTimeSource
Actual:   NLog.Time.FastLocalTimeSource]]></message>
          <stack-trace><![CDATA[   at NLog.UnitTests.Config.TimeConfigurationTests.TestTimeSourceConfiguration[T](String type) in C:\dev\NLog\tests\NLog.UnitTests\Config\TimeConfigurationTests.cs:line 87
   at NLog.UnitTests.Config.TimeConfigurationTests.FastUtcTest() in C:\dev\NLog\tests\NLog.UnitTests\Config\TimeConfigurationTests.cs:line 76]]></stack-trace>
        </failure>
      </test>
      <test name="NLog.UnitTests.Config.TimeConfigurationTests.AccurateLocalTest" type="NLog.UnitTests.Config.TimeConfigurationTests" method="AccurateLocalTest" time="0.0004009" result="Fail">
        <failure exception-type="Xunit.Sdk.IsTypeException">
          <message><![CDATA[Assert.IsType() Failure
Expected: NLog.Time.AccurateLocalTimeSource
Actual:   NLog.Time.FastLocalTimeSource]]></message>
          <stack-trace><![CDATA[   at NLog.UnitTests.Config.TimeConfigurationTests.TestTimeSourceConfiguration[T](String type) in C:\dev\NLog\tests\NLog.UnitTests\Config\TimeConfigurationTests.cs:line 87
   at NLog.UnitTests.Config.TimeConfigurationTests.AccurateLocalTest() in C:\dev\NLog\tests\NLog.UnitTests\Config\TimeConfigurationTests.cs:line 58]]></stack-trace>
        </failure>
      </test>
      <test name="NLog.UnitTests.Config.VariableTests.NLogConfigurationExceptionShouldThrown_WhenVariableNodeIsWrittenToWrongPlace" type="NLog.UnitTests.Config.VariableTests" method="NLogConfigurationExceptionShouldThrown_WhenVariableNodeIsWrittenToWrongPlace" time="0.0007025" result="Fail">
        <failure exception-type="Xunit.Sdk.ThrowsException">
          <message><![CDATA[Assert.Throws() Failure
Expected: typeof(NLog.NLogConfigurationException)
Actual:   (No exception was thrown)]]></message>
          <stack-trace><![CDATA[   at NLog.UnitTests.Config.VariableTests.NLogConfigurationExceptionShouldThrown_WhenVariableNodeIsWrittenToWrongPlace() in C:\dev\NLog\tests\NLog.UnitTests\Config\VariableTests.cs:line 144]]></stack-trace>
        </failure>
      </test>
      <test name="NLog.UnitTests.Config.VariableTests.VariablesTest1" type="NLog.UnitTests.Config.VariableTests" method="VariablesTest1" time="0.0006683" result="Fail">
        <failure exception-type="NLog.NLogConfigurationException">
          <message><![CDATA[NLog.NLogConfigurationException : Exception occurred when loading configuration from 
---- System.ArgumentException : Target cannot be found: 'Debug']]></message>
          <stack-trace><![CDATA[   at NLog.Config.XmlLoggingConfiguration.Initialize(XmlReader reader, String fileName, Boolean ignoreErrors) in C:\dev\NLog\src\NLog\Config\XmlLoggingConfiguration.cs:line 361
   at NLog.Config.XmlLoggingConfiguration..ctor(XmlReader reader, String fileName) in C:\dev\NLog\src\NLog\Config\XmlLoggingConfiguration.cs:line 138
   at NLog.UnitTests.NLogTestBase.CreateConfigurationFromString(String configXml) in C:\dev\NLog\tests\NLog.UnitTests\NLogTestBase.cs:line 254
   at NLog.UnitTests.Config.VariableTests.VariablesTest1() in C:\dev\NLog\tests\NLog.UnitTests\Config\VariableTests.cs:line 48
----- Inner Stack Trace -----
   at NLog.Config.Factory`2.CreateInstance(String name) in C:\dev\NLog\src\NLog\Config\Factory.cs:line 199
   at NLog.Config.XmlLoggingConfiguration.ParseTargetsElement(NLogXmlElement targetsElement) in C:\dev\NLog\src\NLog\Config\XmlLoggingConfiguration.cs:line 723
   at NLog.Config.XmlLoggingConfiguration.ParseNLogElement(NLogXmlElement nlogElement, String filePath, Boolean autoReloadDefault) in C:\dev\NLog\src\NLog\Config\XmlLoggingConfiguration.cs:line 513
   at NLog.Config.XmlLoggingConfiguration.ParseTopLevel(NLogXmlElement content, String filePath, Boolean autoReloadDefault) in C:\dev\NLog\src\NLog\Config\XmlLoggingConfiguration.cs:line 428
   at NLog.Config.XmlLoggingConfiguration.Initialize(XmlReader reader, String fileName, Boolean ignoreErrors) in C:\dev\NLog\src\NLog\Config\XmlLoggingConfiguration.cs:line 339]]></stack-trace>
        </failure>
      </test>
      <test name="NLog.UnitTests.Config.VariableTests.Xml_configuration_returns_defined_variables" type="NLog.UnitTests.Config.VariableTests" method="Xml_configuration_returns_defined_variables" time="0.0004668" result="Fail">
        <failure exception-type="NLog.NLogConfigurationException">
          <message><![CDATA[NLog.NLogConfigurationException : Exception occurred when loading configuration from 
---- System.ArgumentException : Target cannot be found: 'Debug']]></message>
          <stack-trace><![CDATA[   at NLog.Config.XmlLoggingConfiguration.Initialize(XmlReader reader, String fileName, Boolean ignoreErrors) in C:\dev\NLog\src\NLog\Config\XmlLoggingConfiguration.cs:line 361
   at NLog.Config.XmlLoggingConfiguration..ctor(XmlReader reader, String fileName) in C:\dev\NLog\src\NLog\Config\XmlLoggingConfiguration.cs:line 138
   at NLog.UnitTests.NLogTestBase.CreateConfigurationFromString(String configXml) in C:\dev\NLog\tests\NLog.UnitTests\NLogTestBase.cs:line 254
   at NLog.UnitTests.Config.VariableTests.Xml_configuration_returns_defined_variables() in C:\dev\NLog\tests\NLog.UnitTests\Config\VariableTests.cs:line 102
----- Inner Stack Trace -----
   at NLog.Config.Factory`2.CreateInstance(String name) in C:\dev\NLog\src\NLog\Config\Factory.cs:line 199
   at NLog.Config.XmlLoggingConfiguration.ParseTargetsElement(NLogXmlElement targetsElement) in C:\dev\NLog\src\NLog\Config\XmlLoggingConfiguration.cs:line 723
   at NLog.Config.XmlLoggingConfiguration.ParseNLogElement(NLogXmlElement nlogElement, String filePath, Boolean autoReloadDefault) in C:\dev\NLog\src\NLog\Config\XmlLoggingConfiguration.cs:line 513
   at NLog.Config.XmlLoggingConfiguration.ParseTopLevel(NLogXmlElement content, String filePath, Boolean autoReloadDefault) in C:\dev\NLog\src\NLog\Config\XmlLoggingConfiguration.cs:line 428
   at NLog.Config.XmlLoggingConfiguration.Initialize(XmlReader reader, String fileName, Boolean ignoreErrors) in C:\dev\NLog\src\NLog\Config\XmlLoggingConfiguration.cs:line 339]]></stack-trace>
        </failure>
      </test>
      <test name="NLog.UnitTests.Conditions.ConditionEvaluatorTests.RelationalOperatorTest" type="NLog.UnitTests.Conditions.ConditionEvaluatorTests" method="RelationalOperatorTest" time="0.0010282" result="Pass" />
      <test name="NLog.UnitTests.Conditions.ConditionEvaluatorTests.LiteralTest" type="NLog.UnitTests.Conditions.ConditionEvaluatorTests" method="LiteralTest" time="0.0007134" result="Pass" />
      <test name="NLog.UnitTests.Conditions.ConditionEvaluatorTests.ConditionMethodNegativeTest1" type="NLog.UnitTests.Conditions.ConditionEvaluatorTests" method="ConditionMethodNegativeTest1" time="0.0013118" result="Fail">
        <failure exception-type="Xunit.Sdk.EqualException">
          <message><![CDATA[Assert.Equal() Failure
          ↓ (pos 0)
Expected: Condition method 'starts-with' requires b···
Actual:   Unknown function: 'starts-with'
          ↑ (pos 0)]]></message>
          <stack-trace><![CDATA[   at NLog.UnitTests.Conditions.ConditionEvaluatorTests.ConditionMethodNegativeTest1() in C:\dev\NLog\tests\NLog.UnitTests\Conditions\ConditionEvaluatorTests.cs:line 97]]></stack-trace>
        </failure>
      </test>
      <test name="NLog.UnitTests.Conditions.ConditionEvaluatorTests.MethodWithLogEventInfoTest" type="NLog.UnitTests.Conditions.ConditionEvaluatorTests" method="MethodWithLogEventInfoTest" time="0.001841" result="Pass" />
      <test name="NLog.UnitTests.Conditions.ConditionEvaluatorTests.ExceptionTest11" type="NLog.UnitTests.Conditions.ConditionEvaluatorTests" method="ExceptionTest11" time="0.0001364" result="Pass" />
      <test name="NLog.UnitTests.Conditions.ConditionEvaluatorTests.ExceptionTest3" type="NLog.UnitTests.Conditions.ConditionEvaluatorTests" method="ExceptionTest3" time="0.0001554" result="Pass" />
      <test name="NLog.UnitTests.Conditions.ConditionEvaluatorTests.ExceptionTest1" type="NLog.UnitTests.Conditions.ConditionEvaluatorTests" method="ExceptionTest1" time="0.0001147" result="Pass" />
      <test name="NLog.UnitTests.Conditions.ConditionEvaluatorTests.UnsupportedRelationalOperatorTest2" type="NLog.UnitTests.Conditions.ConditionEvaluatorTests" method="UnsupportedRelationalOperatorTest2" time="0.0003666" result="Pass" />
      <test name="NLog.UnitTests.Conditions.ConditionEvaluatorTests.LogEventInfoPropertiesTest" type="NLog.UnitTests.Conditions.ConditionEvaluatorTests" method="LogEventInfoPropertiesTest" time="0.0005871" result="Pass" />
      <test name="NLog.UnitTests.Conditions.ConditionEvaluatorTests.TypePromotionNegativeTest2" type="NLog.UnitTests.Conditions.ConditionEvaluatorTests" method="TypePromotionNegativeTest2" time="0.0005806" result="Pass" />
      <test name="NLog.UnitTests.Conditions.ConditionEvaluatorTests.BooleanOperatorTest" type="NLog.UnitTests.Conditions.ConditionEvaluatorTests" method="BooleanOperatorTest" time="0.0010694" result="Pass" />
      <test name="NLog.UnitTests.Conditions.ConditionEvaluatorTests.TypePromotionTest" type="NLog.UnitTests.Conditions.ConditionEvaluatorTests" method="TypePromotionTest" time="0.0020172" result="Pass" />
      <test name="NLog.UnitTests.Conditions.ConditionEvaluatorTests.ExceptionTest2" type="NLog.UnitTests.Conditions.ConditionEvaluatorTests" method="ExceptionTest2" time="0.000101" result="Pass" />
      <test name="NLog.UnitTests.Conditions.ConditionEvaluatorTests.TypePromotionNegativeTest1" type="NLog.UnitTests.Conditions.ConditionEvaluatorTests" method="TypePromotionNegativeTest1" time="0.0004004" result="Pass" />
      <test name="NLog.UnitTests.Conditions.ConditionEvaluatorTests.ExceptionTest12" type="NLog.UnitTests.Conditions.ConditionEvaluatorTests" method="ExceptionTest12" time="0.0001312" result="Pass" />
      <test name="NLog.UnitTests.Conditions.ConditionEvaluatorTests.ExceptionTest13" type="NLog.UnitTests.Conditions.ConditionEvaluatorTests" method="ExceptionTest13" time="0.0001181" result="Pass" />
      <test name="NLog.UnitTests.Conditions.ConditionEvaluatorTests.ConditionMethodsTest" type="NLog.UnitTests.Conditions.ConditionEvaluatorTests" method="ConditionMethodsTest" time="0.0003589" result="Fail">
        <failure exception-type="NLog.Conditions.ConditionParseException">
          <message><![CDATA[NLog.Conditions.ConditionParseException : Cannot resolve function 'starts-with'
---- NLog.NLogConfigurationException : Unknown function: 'starts-with']]></message>
          <stack-trace><![CDATA[   at NLog.Conditions.ConditionParser.ParsePredicate(String functionName) in C:\dev\NLog\src\NLog\Conditions\ConditionParser.cs:line 148
   at NLog.Conditions.ConditionParser.ParseLiteralExpression() in C:\dev\NLog\src\NLog\Conditions\ConditionParser.cs:line 243
   at NLog.Conditions.ConditionParser.ParseBooleanRelation() in C:\dev\NLog\src\NLog\Conditions\ConditionParser.cs:line 253
   at NLog.Conditions.ConditionParser.ParseBooleanPredicate() in C:\dev\NLog\src\NLog\Conditions\ConditionParser.cs:line 302
   at NLog.Conditions.ConditionParser.ParseBooleanAnd() in C:\dev\NLog\src\NLog\Conditions\ConditionParser.cs:line 307
   at NLog.Conditions.ConditionParser.ParseBooleanOr() in C:\dev\NLog\src\NLog\Conditions\ConditionParser.cs:line 320
   at NLog.Conditions.ConditionParser.ParseBooleanExpression() in C:\dev\NLog\src\NLog\Conditions\ConditionParser.cs:line 333
   at NLog.Conditions.ConditionParser.ParseExpression() in C:\dev\NLog\src\NLog\Conditions\ConditionParser.cs:line 338
   at NLog.Conditions.ConditionParser.ParseExpression(String expressionText, ConfigurationItemFactory configurationItemFactories) in C:\dev\NLog\src\NLog\Conditions\ConditionParser.cs:line 91
   at NLog.Conditions.ConditionParser.ParseExpression(String expressionText) in C:\dev\NLog\src\NLog\Conditions\ConditionParser.cs:line 73
   at NLog.UnitTests.Conditions.ConditionEvaluatorTests.AssertEvaluationResult(Object expectedResult, String conditionText) in C:\dev\NLog\tests\NLog.UnitTests\Conditions\ConditionEvaluatorTests.cs:line 348
   at NLog.UnitTests.Conditions.ConditionEvaluatorTests.ConditionMethodsTest() in C:\dev\NLog\tests\NLog.UnitTests\Conditions\ConditionEvaluatorTests.cs:line 71
----- Inner Stack Trace -----
   at NLog.Config.MethodFactory`2.CreateInstance(String name) in C:\dev\NLog\src\NLog\Config\MethodFactory.cs:line 158
   at NLog.Conditions.ConditionParser.ParsePredicate(String functionName) in C:\dev\NLog\src\NLog\Conditions\ConditionParser.cs:line 136]]></stack-trace>
        </failure>
      </test>
      <test name="NLog.UnitTests.Conditions.ConditionEvaluatorTests.ConditionMethodNegativeTest2" type="NLog.UnitTests.Conditions.ConditionEvaluatorTests" method="ConditionMethodNegativeTest2" time="0.000511" result="Fail">
        <failure exception-type="Xunit.Sdk.EqualException">
          <message><![CDATA[Assert.Equal() Failure
          ↓ (pos 0)
Expected: Condition method 'starts-with' requires b···
Actual:   Unknown function: 'starts-with'
          ↑ (pos 0)]]></message>
          <stack-trace><![CDATA[   at NLog.UnitTests.Conditions.ConditionEvaluatorTests.ConditionMethodNegativeTest2() in C:\dev\NLog\tests\NLog.UnitTests\Conditions\ConditionEvaluatorTests.cs:line 113]]></stack-trace>
        </failure>
      </test>
      <test name="NLog.UnitTests.Conditions.ConditionEvaluatorTests.UnsupportedRelationalOperatorTest" type="NLog.UnitTests.Conditions.ConditionEvaluatorTests" method="UnsupportedRelationalOperatorTest" time="0.000362" result="Pass" />
      <test name="NLog.UnitTests.Conditions.ConditionParserTests.LevelTest" type="NLog.UnitTests.Conditions.ConditionParserTests" method="LevelTest" time="0.0003575" result="Pass" />
      <test name="NLog.UnitTests.Conditions.ConditionParserTests.OrTest" type="NLog.UnitTests.Conditions.ConditionParserTests" method="OrTest" time="0.0002892" result="Pass" />
      <test name="NLog.UnitTests.Conditions.ConditionParserTests.UnbalancedParenthesis3Test" type="NLog.UnitTests.Conditions.ConditionParserTests" method="UnbalancedParenthesis3Test" time="0.0003715" result="Pass" />
      <test name="NLog.UnitTests.Conditions.ConditionParserTests.CustomNLogFactoriesTest" type="NLog.UnitTests.Conditions.ConditionParserTests" method="CustomNLogFactoriesTest" time="0.0003111" result="Pass" />
      <test name="NLog.UnitTests.Conditions.ConditionParserTests.LogLevelWithoutAName" type="NLog.UnitTests.Conditions.ConditionParserTests" method="LogLevelWithoutAName" time="0.0002119" result="Pass" />
      <test name="NLog.UnitTests.Conditions.ConditionParserTests.ImplicitOperatorTest" type="NLog.UnitTests.Conditions.ConditionParserTests" method="ImplicitOperatorTest" time="0.0001269" result="Pass" />
      <test name="NLog.UnitTests.Conditions.ConditionParserTests.NotTest" type="NLog.UnitTests.Conditions.ConditionParserTests" method="NotTest" time="0.000179" result="Pass" />
      <test name="NLog.UnitTests.Conditions.ConditionParserTests.StringTest" type="NLog.UnitTests.Conditions.ConditionParserTests" method="StringTest" time="0.0006819" result="Fail">
        <failure exception-type="System.ArgumentException">
          <message><![CDATA[System.ArgumentException : LayoutRenderer cannot be found: 'message']]></message>
          <stack-trace><![CDATA[   at NLog.Config.Factory`2.CreateInstance(String name) in C:\dev\NLog\src\NLog\Config\Factory.cs:line 199
   at NLog.Layouts.LayoutParser.ParseLayoutRenderer(ConfigurationItemFactory configurationItemFactory, SimpleStringReader sr) in C:\dev\NLog\src\NLog\Layouts\LayoutParser.cs:line 345
   at NLog.Layouts.LayoutParser.CompileLayout(ConfigurationItemFactory configurationItemFactory, SimpleStringReader sr, Boolean isNested, String& text) in C:\dev\NLog\src\NLog\Layouts\LayoutParser.cs:line 108
   at NLog.Layouts.SimpleLayout.set_Text(String value) in C:\dev\NLog\src\NLog\Layouts\SimpleLayout.cs:line 119
   at NLog.Layouts.SimpleLayout..ctor(String txt, ConfigurationItemFactory configurationItemFactory) in C:\dev\NLog\src\NLog\Layouts\SimpleLayout.cs:line 88
   at NLog.Layouts.Layout.FromString(String layoutText, ConfigurationItemFactory configurationItemFactory) in C:\dev\NLog\src\NLog\Layouts\Layout.cs:line 104
   at NLog.Conditions.ConditionParser.ParseLiteralExpression() in C:\dev\NLog\src\NLog\Conditions\ConditionParser.cs:line 194
   at NLog.Conditions.ConditionParser.ParseBooleanRelation() in C:\dev\NLog\src\NLog\Conditions\ConditionParser.cs:line 253
   at NLog.Conditions.ConditionParser.ParseBooleanPredicate() in C:\dev\NLog\src\NLog\Conditions\ConditionParser.cs:line 302
   at NLog.Conditions.ConditionParser.ParseBooleanAnd() in C:\dev\NLog\src\NLog\Conditions\ConditionParser.cs:line 307
   at NLog.Conditions.ConditionParser.ParseBooleanOr() in C:\dev\NLog\src\NLog\Conditions\ConditionParser.cs:line 320
   at NLog.Conditions.ConditionParser.ParseBooleanExpression() in C:\dev\NLog\src\NLog\Conditions\ConditionParser.cs:line 333
   at NLog.Conditions.ConditionParser.ParseExpression() in C:\dev\NLog\src\NLog\Conditions\ConditionParser.cs:line 338
   at NLog.Conditions.ConditionParser.ParseExpression(String expressionText, ConfigurationItemFactory configurationItemFactories) in C:\dev\NLog\src\NLog\Conditions\ConditionParser.cs:line 91
   at NLog.Conditions.ConditionParser.ParseExpression(String expressionText) in C:\dev\NLog\src\NLog\Conditions\ConditionParser.cs:line 73
   at NLog.UnitTests.Conditions.ConditionParserTests.StringTest() in C:\dev\NLog\tests\NLog.UnitTests\Conditions\ConditionParserTests.cs:line 124]]></stack-trace>
        </failure>
      </test>
      <test name="NLog.UnitTests.Conditions.ConditionParserTests.UnrecognizedPunctuation" type="NLog.UnitTests.Conditions.ConditionParserTests" method="UnrecognizedPunctuation" time="0.0002384" result="Pass" />
      <test name="NLog.UnitTests.Conditions.ConditionParserTests.RelationalOperatorTest" type="NLog.UnitTests.Conditions.ConditionParserTests" method="RelationalOperatorTest" time="0.0002479" result="Pass" />
      <test name="NLog.UnitTests.Conditions.ConditionParserTests.MessageTest" type="NLog.UnitTests.Conditions.ConditionParserTests" method="MessageTest" time="0.0001988" result="Pass" />
      <test name="NLog.UnitTests.Conditions.ConditionParserTests.ConditionFunctionTests" type="NLog.UnitTests.Conditions.ConditionParserTests" method="ConditionFunctionTests" time="0.00041" result="Fail">
        <failure exception-type="System.ArgumentException">
          <message><![CDATA[System.ArgumentException : LayoutRenderer cannot be found: 'message']]></message>
          <stack-trace><![CDATA[   at NLog.Config.Factory`2.CreateInstance(String name) in C:\dev\NLog\src\NLog\Config\Factory.cs:line 199
   at NLog.Layouts.LayoutParser.ParseLayoutRenderer(ConfigurationItemFactory configurationItemFactory, SimpleStringReader sr) in C:\dev\NLog\src\NLog\Layouts\LayoutParser.cs:line 345
   at NLog.Layouts.LayoutParser.CompileLayout(ConfigurationItemFactory configurationItemFactory, SimpleStringReader sr, Boolean isNested, String& text) in C:\dev\NLog\src\NLog\Layouts\LayoutParser.cs:line 108
   at NLog.Layouts.SimpleLayout.set_Text(String value) in C:\dev\NLog\src\NLog\Layouts\SimpleLayout.cs:line 119
   at NLog.Layouts.SimpleLayout..ctor(String txt, ConfigurationItemFactory configurationItemFactory) in C:\dev\NLog\src\NLog\Layouts\SimpleLayout.cs:line 88
   at NLog.Layouts.Layout.FromString(String layoutText, ConfigurationItemFactory configurationItemFactory) in C:\dev\NLog\src\NLog\Layouts\Layout.cs:line 104
   at NLog.Conditions.ConditionParser.ParseLiteralExpression() in C:\dev\NLog\src\NLog\Conditions\ConditionParser.cs:line 194
   at NLog.Conditions.ConditionParser.ParseBooleanRelation() in C:\dev\NLog\src\NLog\Conditions\ConditionParser.cs:line 253
   at NLog.Conditions.ConditionParser.ParseBooleanPredicate() in C:\dev\NLog\src\NLog\Conditions\ConditionParser.cs:line 302
   at NLog.Conditions.ConditionParser.ParseBooleanAnd() in C:\dev\NLog\src\NLog\Conditions\ConditionParser.cs:line 307
   at NLog.Conditions.ConditionParser.ParseBooleanOr() in C:\dev\NLog\src\NLog\Conditions\ConditionParser.cs:line 320
   at NLog.Conditions.ConditionParser.ParseBooleanExpression() in C:\dev\NLog\src\NLog\Conditions\ConditionParser.cs:line 333
   at NLog.Conditions.ConditionParser.ParseExpression() in C:\dev\NLog\src\NLog\Conditions\ConditionParser.cs:line 338
   at NLog.Conditions.ConditionParser.ParsePredicate(String functionName) in C:\dev\NLog\src\NLog\Conditions\ConditionParser.cs:line 123
   at NLog.Conditions.ConditionParser.ParseLiteralExpression() in C:\dev\NLog\src\NLog\Conditions\ConditionParser.cs:line 243
   at NLog.Conditions.ConditionParser.ParseBooleanRelation() in C:\dev\NLog\src\NLog\Conditions\ConditionParser.cs:line 253
   at NLog.Conditions.ConditionParser.ParseBooleanPredicate() in C:\dev\NLog\src\NLog\Conditions\ConditionParser.cs:line 302
   at NLog.Conditions.ConditionParser.ParseBooleanAnd() in C:\dev\NLog\src\NLog\Conditions\ConditionParser.cs:line 307
   at NLog.Conditions.ConditionParser.ParseBooleanOr() in C:\dev\NLog\src\NLog\Conditions\ConditionParser.cs:line 320
   at NLog.Conditions.ConditionParser.ParseBooleanExpression() in C:\dev\NLog\src\NLog\Conditions\ConditionParser.cs:line 333
   at NLog.Conditions.ConditionParser.ParseExpression() in C:\dev\NLog\src\NLog\Conditions\ConditionParser.cs:line 338
   at NLog.Conditions.ConditionParser.ParseExpression(String expressionText, ConfigurationItemFactory configurationItemFactories) in C:\dev\NLog\src\NLog\Conditions\ConditionParser.cs:line 91
   at NLog.Conditions.ConditionParser.ParseExpression(String expressionText) in C:\dev\NLog\src\NLog\Conditions\ConditionParser.cs:line 73
   at NLog.UnitTests.Conditions.ConditionParserTests.ConditionFunctionTests() in C:\dev\NLog\tests\NLog.UnitTests\Conditions\ConditionParserTests.cs:line 202]]></stack-trace>
        </failure>
      </test>
      <test name="NLog.UnitTests.Conditions.ConditionParserTests.UnrecognizedMethod" type="NLog.UnitTests.Conditions.ConditionParserTests" method="UnrecognizedMethod" time="0.0002638" result="Pass" />
      <test name="NLog.UnitTests.Conditions.ConditionParserTests.NullLiteralTest" type="NLog.UnitTests.Conditions.ConditionParserTests" method="NullLiteralTest" time="0.0000804" result="Pass" />
      <test name="NLog.UnitTests.Conditions.ConditionParserTests.TokenizerEOFTest" type="NLog.UnitTests.Conditions.ConditionParserTests" method="TokenizerEOFTest" time="0.0003074" result="Pass" />
      <test name="NLog.UnitTests.Conditions.ConditionParserTests.MethodNameWithUnderscores" type="NLog.UnitTests.Conditions.ConditionParserTests" method="MethodNameWithUnderscores" time="0.000235" result="Pass" />
      <test name="NLog.UnitTests.Conditions.ConditionParserTests.UnrecognizedUnicodeChar2" type="NLog.UnitTests.Conditions.ConditionParserTests" method="UnrecognizedUnicodeChar2" time="0.0002051" result="Pass" />
      <test name="NLog.UnitTests.Conditions.ConditionParserTests.AndTest" type="NLog.UnitTests.Conditions.ConditionParserTests" method="AndTest" time="0.0002746" result="Pass" />
      <test name="NLog.UnitTests.Conditions.ConditionParserTests.InvalidNumberWithUnaryMinusTest" type="NLog.UnitTests.Conditions.ConditionParserTests" method="InvalidNumberWithUnaryMinusTest" time="0.0002333" result="Pass" />
      <test name="NLog.UnitTests.Conditions.ConditionParserTests.UnrecognizedToken" type="NLog.UnitTests.Conditions.ConditionParserTests" method="UnrecognizedToken" time="0.0001923" result="Pass" />
      <test name="NLog.UnitTests.Conditions.ConditionParserTests.UnbalancedParenthesis1Test" type="NLog.UnitTests.Conditions.ConditionParserTests" method="UnbalancedParenthesis1Test" time="0.0002046" result="Pass" />
      <test name="NLog.UnitTests.Conditions.ConditionParserTests.BooleanLiteralTest" type="NLog.UnitTests.Conditions.ConditionParserTests" method="BooleanLiteralTest" time="0.0001208" result="Pass" />
      <test name="NLog.UnitTests.Conditions.ConditionParserTests.UnbalancedParenthesis2Test" type="NLog.UnitTests.Conditions.ConditionParserTests" method="UnbalancedParenthesis2Test" time="0.0001984" result="Pass" />
      <test name="NLog.UnitTests.Conditions.ConditionParserTests.LogLevelTest" type="NLog.UnitTests.Conditions.ConditionParserTests" method="LogLevelTest" time="0.0002154" result="Pass" />
      <test name="NLog.UnitTests.Conditions.ConditionParserTests.ExtraParenthesisTest" type="NLog.UnitTests.Conditions.ConditionParserTests" method="ExtraParenthesisTest" time="0.0001127" result="Pass" />
      <test name="NLog.UnitTests.Conditions.ConditionParserTests.LoggerTest" type="NLog.UnitTests.Conditions.ConditionParserTests" method="LoggerTest" time="0.0002276" result="Pass" />
      <test name="NLog.UnitTests.Conditions.ConditionParserTests.InvalidNumberTest" type="NLog.UnitTests.Conditions.ConditionParserTests" method="InvalidNumberTest" time="0.0002423" result="Pass" />
      <test name="NLog.UnitTests.Conditions.ConditionParserTests.ParseEmptyText" type="NLog.UnitTests.Conditions.ConditionParserTests" method="ParseEmptyText" time="0.0002054" result="Pass" />
      <test name="NLog.UnitTests.Conditions.ConditionParserTests.UnclosedString" type="NLog.UnitTests.Conditions.ConditionParserTests" method="UnclosedString" time="0.0001949" result="Pass" />
      <test name="NLog.UnitTests.Conditions.ConditionParserTests.ParseNullText" type="NLog.UnitTests.Conditions.ConditionParserTests" method="ParseNullText" time="0.0000601" result="Pass" />
      <test name="NLog.UnitTests.Conditions.ConditionParserTests.UnrecognizedUnicodeChar" type="NLog.UnitTests.Conditions.ConditionParserTests" method="UnrecognizedUnicodeChar" time="0.000195" result="Pass" />
      <test name="NLog.UnitTests.Conditions.ConditionParserTests.NumberTest" type="NLog.UnitTests.Conditions.ConditionParserTests" method="NumberTest" time="0.0001385" result="Pass" />
      <test name="NLog.UnitTests.Common.InternalLoggerTests.WriteToStringWriterTests" type="NLog.UnitTests.Common.InternalLoggerTests" method="WriteToStringWriterTests" time="0.0003777" result="Pass" />
      <test name="NLog.UnitTests.Common.InternalLoggerTests.WriteToStringWriterWithArgsTests" type="NLog.UnitTests.Common.InternalLoggerTests" method="WriteToStringWriterWithArgsTests" time="0.0010744" result="Pass" />
      <test name="NLog.UnitTests.Common.InternalLoggerTests.IsEnabledTests" type="NLog.UnitTests.Common.InternalLoggerTests" method="IsEnabledTests" time="0.000819" result="Pass" />
    </collection>
    <collection total="1" passed="1" failed="0" skipped="0" name="Test collection for NLog.UnitTests.Internal.PlatformDetectorTests" time="0.007">
      <test name="NLog.UnitTests.Internal.PlatformDetectorTests.GetCurrentOSTest" type="NLog.UnitTests.Internal.PlatformDetectorTests" method="GetCurrentOSTest" time="0.0067714" result="Pass" />
    </collection>
  </assembly>
</assemblies>